# compile-train-graphs exp_atai-100F-mod/triphones/tree exp_atai-100F-mod/triphones/1.mdl data_atai-100F-mod/lang/L.fst "ark:utils/sym2int.pl --map-oov 2 -f 2- data_atai-100F-mod/lang/words.txt < data_atai-100F-mod/train/split4/2/text |" "ark:|gzip -c >exp_atai-100F-mod/triphones/fsts.2.gz" 
# Started at Tue Jul 24 16:37:38 UTC 2018
#
compile-train-graphs exp_atai-100F-mod/triphones/tree exp_atai-100F-mod/triphones/1.mdl data_atai-100F-mod/lang/L.fst 'ark:utils/sym2int.pl --map-oov 2 -f 2- data_atai-100F-mod/lang/words.txt < data_atai-100F-mod/train/split4/2/text |' 'ark:|gzip -c >exp_atai-100F-mod/triphones/fsts.2.gz' 
sym2int.pl: replacing балааңдан with 2
sym2int.pl: replacing жалчылары with 2
sym2int.pl: replacing күбүрөшөт with 2
sym2int.pl: replacing абдыракмандан with 2
sym2int.pl: replacing керкимдин with 2
sym2int.pl: replacing кетилди with 2
sym2int.pl: replacing өпсөм with 2
sym2int.pl: replacing кебөзден with 2
sym2int.pl: replacing миндиң with 2
sym2int.pl: replacing көркөмгө with 2
sym2int.pl: replacing миндиң with 2
sym2int.pl: replacing күнүм with 2
sym2int.pl: replacing көңүлдөш with 2
sym2int.pl: replacing зыйнатты with 2
sym2int.pl: replacing кожокенин with 2
sym2int.pl: replacing зыйнатка with 2
sym2int.pl: replacing жигитердин with 2
sym2int.pl: replacing абдыракманды with 2
sym2int.pl: replacing сүйө with 2
sym2int.pl: replacing субандын with 2
sym2int.pl: not warning for OOVs any more times
** Replaced 91 instances of OOVs with 2
LOG (compile-train-graphs[5.4.217~1-8ae5]:main():compile-train-graphs.cc:147) compile-train-graphs: succeeded for 25 graphs, failed for 0
# Accounting: time=4 threads=1
# Ended (code 0) at Tue Jul 24 16:37:42 UTC 2018, elapsed time 4 seconds
