# compile-train-graphs exp_atai-100F-mod/triphones/tree exp_atai-100F-mod/triphones/1.mdl data_atai-100F-mod/lang/L.fst "ark:utils/sym2int.pl --map-oov 2 -f 2- data_atai-100F-mod/lang/words.txt < data_atai-100F-mod/train/split4/1/text |" "ark:|gzip -c >exp_atai-100F-mod/triphones/fsts.1.gz" 
# Started at Tue Jul 24 16:37:38 UTC 2018
#
compile-train-graphs exp_atai-100F-mod/triphones/tree exp_atai-100F-mod/triphones/1.mdl data_atai-100F-mod/lang/L.fst 'ark:utils/sym2int.pl --map-oov 2 -f 2- data_atai-100F-mod/lang/words.txt < data_atai-100F-mod/train/split4/1/text |' 'ark:|gzip -c >exp_atai-100F-mod/triphones/fsts.1.gz' 
sym2int.pl: replacing күңгөйтескей with 2
sym2int.pl: replacing азуусундай with 2
sym2int.pl: replacing тасырайып with 2
sym2int.pl: replacing апамды with 2
sym2int.pl: replacing урганы with 2
sym2int.pl: replacing алагыр with 2
sym2int.pl: replacing далдаланып with 2
sym2int.pl: replacing ийинден with 2
sym2int.pl: replacing башбактаган with 2
sym2int.pl: replacing чычканча with 2
sym2int.pl: replacing кылтыйтып with 2
sym2int.pl: replacing жалдын with 2
sym2int.pl: replacing үйүрү with 2
sym2int.pl: replacing согулганын with 2
sym2int.pl: replacing байга with 2
sym2int.pl: replacing туштушта with 2
sym2int.pl: replacing ууруларды with 2
sym2int.pl: replacing кечпес with 2
sym2int.pl: replacing мыкачылыкка with 2
sym2int.pl: replacing божомолдоду with 2
sym2int.pl: not warning for OOVs any more times
** Replaced 80 instances of OOVs with 2
LOG (compile-train-graphs[5.4.217~1-8ae5]:main():compile-train-graphs.cc:147) compile-train-graphs: succeeded for 25 graphs, failed for 0
# Accounting: time=4 threads=1
# Ended (code 0) at Tue Jul 24 16:37:42 UTC 2018, elapsed time 4 seconds
