# compile-train-graphs exp_atai-100B-org/monophones_aligned/tree exp_atai-100B-org/monophones_aligned/final.mdl data_atai-100B-org/lang/L.fst "ark:utils/sym2int.pl --map-oov 2 -f 2- data_atai-100B-org/lang/words.txt data_atai-100B-org/train/split4/3/text|" ark:- | gmm-align-compiled --transition-scale=1.0 --acoustic-scale=0.1 --self-loop-scale=0.1 --beam=10 --retry-beam=40 --careful=false "gmm-boost-silence --boost=1.25 1 exp_atai-100B-org/monophones_aligned/final.mdl - |" ark:- "ark,s,cs:apply-cmvn --norm-vars=true --utt2spk=ark:data_atai-100B-org/train/split4/3/utt2spk scp:data_atai-100B-org/train/split4/3/cmvn.scp scp:data_atai-100B-org/train/split4/3/feats.scp ark:- | add-deltas  ark:- ark:- |" "ark,t:|gzip -c >exp_atai-100B-org/monophones_aligned/ali.3.gz" 
# Started at Tue Jul 24 16:48:22 UTC 2018
#
compile-train-graphs exp_atai-100B-org/monophones_aligned/tree exp_atai-100B-org/monophones_aligned/final.mdl data_atai-100B-org/lang/L.fst 'ark:utils/sym2int.pl --map-oov 2 -f 2- data_atai-100B-org/lang/words.txt data_atai-100B-org/train/split4/3/text|' ark:- 
gmm-align-compiled --transition-scale=1.0 --acoustic-scale=0.1 --self-loop-scale=0.1 --beam=10 --retry-beam=40 --careful=false 'gmm-boost-silence --boost=1.25 1 exp_atai-100B-org/monophones_aligned/final.mdl - |' ark:- 'ark,s,cs:apply-cmvn --norm-vars=true --utt2spk=ark:data_atai-100B-org/train/split4/3/utt2spk scp:data_atai-100B-org/train/split4/3/cmvn.scp scp:data_atai-100B-org/train/split4/3/feats.scp ark:- | add-deltas  ark:- ark:- |' 'ark,t:|gzip -c >exp_atai-100B-org/monophones_aligned/ali.3.gz' 
gmm-boost-silence --boost=1.25 1 exp_atai-100B-org/monophones_aligned/final.mdl - 
LOG (gmm-boost-silence[5.4.217~1-8ae5]:main():gmm-boost-silence.cc:93) Boosted weights for 5 pdfs, by factor of 1.25
LOG (gmm-boost-silence[5.4.217~1-8ae5]:main():gmm-boost-silence.cc:103) Wrote model to -
sym2int.pl: replacing шашылбай with 2
sym2int.pl: replacing толгоду with 2
sym2int.pl: replacing отурушту with 2
sym2int.pl: replacing абдыракманды with 2
sym2int.pl: replacing ичтеринен with 2
sym2int.pl: replacing кайгырышты with 2
sym2int.pl: replacing султаналынын with 2
sym2int.pl: replacing таштады with 2
sym2int.pl: replacing султаналы with 2
sym2int.pl: replacing тиктеди with 2
sym2int.pl: replacing султаналынын with 2
sym2int.pl: replacing секиниң with 2
sym2int.pl: replacing булдуруктаганына with 2
sym2int.pl: replacing насаа with 2
sym2int.pl: replacing билишсин with 2
sym2int.pl: replacing коркушпайт with 2
sym2int.pl: replacing кошчулардын with 2
sym2int.pl: replacing ахаалап with 2
sym2int.pl: replacing шапалакты with 2
sym2int.pl: replacing жаңсап with 2
sym2int.pl: not warning for OOVs any more times
** Replaced 74 instances of OOVs with 2
apply-cmvn --norm-vars=true --utt2spk=ark:data_atai-100B-org/train/split4/3/utt2spk scp:data_atai-100B-org/train/split4/3/cmvn.scp scp:data_atai-100B-org/train/split4/3/feats.scp ark:- 
add-deltas ark:- ark:- 
LOG (gmm-align-compiled[5.4.217~1-8ae5]:main():gmm-align-compiled.cc:127) atai-100B-org_atai_377
LOG (gmm-align-compiled[5.4.217~1-8ae5]:main():gmm-align-compiled.cc:127) atai-100B-org_atai_379
LOG (gmm-align-compiled[5.4.217~1-8ae5]:main():gmm-align-compiled.cc:127) atai-100B-org_atai_386
LOG (gmm-align-compiled[5.4.217~1-8ae5]:main():gmm-align-compiled.cc:127) atai-100B-org_atai_390
LOG (gmm-align-compiled[5.4.217~1-8ae5]:main():gmm-align-compiled.cc:127) atai-100B-org_atai_403
LOG (gmm-align-compiled[5.4.217~1-8ae5]:main():gmm-align-compiled.cc:127) atai-100B-org_atai_407
LOG (gmm-align-compiled[5.4.217~1-8ae5]:main():gmm-align-compiled.cc:127) atai-100B-org_atai_408
LOG (gmm-align-compiled[5.4.217~1-8ae5]:main():gmm-align-compiled.cc:127) atai-100B-org_atai_416
LOG (gmm-align-compiled[5.4.217~1-8ae5]:main():gmm-align-compiled.cc:127) atai-100B-org_atai_420
LOG (gmm-align-compiled[5.4.217~1-8ae5]:main():gmm-align-compiled.cc:127) atai-100B-org_atai_425
LOG (gmm-align-compiled[5.4.217~1-8ae5]:main():gmm-align-compiled.cc:127) atai-100B-org_atai_43
WARNING (gmm-align-compiled[5.4.217~1-8ae5]:AlignUtteranceWrapper():decoder-wrappers.cc:466) Retrying utterance atai-100B-org_atai_43 with beam 40
LOG (gmm-align-compiled[5.4.217~1-8ae5]:main():gmm-align-compiled.cc:127) atai-100B-org_atai_436
LOG (gmm-align-compiled[5.4.217~1-8ae5]:main():gmm-align-compiled.cc:127) atai-100B-org_atai_439
LOG (gmm-align-compiled[5.4.217~1-8ae5]:main():gmm-align-compiled.cc:127) atai-100B-org_atai_449
LOG (gmm-align-compiled[5.4.217~1-8ae5]:main():gmm-align-compiled.cc:127) atai-100B-org_atai_464
LOG (gmm-align-compiled[5.4.217~1-8ae5]:main():gmm-align-compiled.cc:127) atai-100B-org_atai_465
LOG (gmm-align-compiled[5.4.217~1-8ae5]:main():gmm-align-compiled.cc:127) atai-100B-org_atai_469
LOG (gmm-align-compiled[5.4.217~1-8ae5]:main():gmm-align-compiled.cc:127) atai-100B-org_atai_472
LOG (gmm-align-compiled[5.4.217~1-8ae5]:main():gmm-align-compiled.cc:127) atai-100B-org_atai_475
LOG (gmm-align-compiled[5.4.217~1-8ae5]:main():gmm-align-compiled.cc:127) atai-100B-org_atai_478
LOG (gmm-align-compiled[5.4.217~1-8ae5]:main():gmm-align-compiled.cc:127) atai-100B-org_atai_48
WARNING (gmm-align-compiled[5.4.217~1-8ae5]:AlignUtteranceWrapper():decoder-wrappers.cc:466) Retrying utterance atai-100B-org_atai_48 with beam 40
LOG (gmm-align-compiled[5.4.217~1-8ae5]:main():gmm-align-compiled.cc:127) atai-100B-org_atai_486
LOG (apply-cmvn[5.4.217~1-8ae5]:main():apply-cmvn.cc:159) Applied cepstral mean and variance normalization to 25 utterances, errors on 0
LOG (gmm-align-compiled[5.4.217~1-8ae5]:main():gmm-align-compiled.cc:127) atai-100B-org_atai_490
LOG (compile-train-graphs[5.4.217~1-8ae5]:main():compile-train-graphs.cc:147) compile-train-graphs: succeeded for 25 graphs, failed for 0
LOG (gmm-align-compiled[5.4.217~1-8ae5]:main():gmm-align-compiled.cc:127) atai-100B-org_atai_491
LOG (gmm-align-compiled[5.4.217~1-8ae5]:main():gmm-align-compiled.cc:127) atai-100B-org_atai_501
LOG (gmm-align-compiled[5.4.217~1-8ae5]:main():gmm-align-compiled.cc:135) Overall log-likelihood per frame is 1.2086 over 21943 frames.
LOG (gmm-align-compiled[5.4.217~1-8ae5]:main():gmm-align-compiled.cc:137) Retried 2 out of 25 utterances.
LOG (gmm-align-compiled[5.4.217~1-8ae5]:main():gmm-align-compiled.cc:139) Done 25, errors on 0
# Accounting: time=5 threads=1
# Ended (code 0) at Tue Jul 24 16:48:27 UTC 2018, elapsed time 5 seconds
