# compile-train-graphs exp_atai-100B-org/monophones_aligned/tree exp_atai-100B-org/monophones_aligned/final.mdl data_atai-100B-org/lang/L.fst "ark:utils/sym2int.pl --map-oov 2 -f 2- data_atai-100B-org/lang/words.txt data_atai-100B-org/train/split4/2/text|" ark:- | gmm-align-compiled --transition-scale=1.0 --acoustic-scale=0.1 --self-loop-scale=0.1 --beam=10 --retry-beam=40 --careful=false "gmm-boost-silence --boost=1.25 1 exp_atai-100B-org/monophones_aligned/final.mdl - |" ark:- "ark,s,cs:apply-cmvn --norm-vars=true --utt2spk=ark:data_atai-100B-org/train/split4/2/utt2spk scp:data_atai-100B-org/train/split4/2/cmvn.scp scp:data_atai-100B-org/train/split4/2/feats.scp ark:- | add-deltas  ark:- ark:- |" "ark,t:|gzip -c >exp_atai-100B-org/monophones_aligned/ali.2.gz" 
# Started at Tue Jul 24 16:48:22 UTC 2018
#
compile-train-graphs exp_atai-100B-org/monophones_aligned/tree exp_atai-100B-org/monophones_aligned/final.mdl data_atai-100B-org/lang/L.fst 'ark:utils/sym2int.pl --map-oov 2 -f 2- data_atai-100B-org/lang/words.txt data_atai-100B-org/train/split4/2/text|' ark:- 
gmm-align-compiled --transition-scale=1.0 --acoustic-scale=0.1 --self-loop-scale=0.1 --beam=10 --retry-beam=40 --careful=false 'gmm-boost-silence --boost=1.25 1 exp_atai-100B-org/monophones_aligned/final.mdl - |' ark:- 'ark,s,cs:apply-cmvn --norm-vars=true --utt2spk=ark:data_atai-100B-org/train/split4/2/utt2spk scp:data_atai-100B-org/train/split4/2/cmvn.scp scp:data_atai-100B-org/train/split4/2/feats.scp ark:- | add-deltas  ark:- ark:- |' 'ark,t:|gzip -c >exp_atai-100B-org/monophones_aligned/ali.2.gz' 
gmm-boost-silence --boost=1.25 1 exp_atai-100B-org/monophones_aligned/final.mdl - 
LOG (gmm-boost-silence[5.4.217~1-8ae5]:main():gmm-boost-silence.cc:93) Boosted weights for 5 pdfs, by factor of 1.25
LOG (gmm-boost-silence[5.4.217~1-8ae5]:main():gmm-boost-silence.cc:103) Wrote model to -
sym2int.pl: replacing дирилдей with 2
sym2int.pl: replacing биринсериндеп with 2
sym2int.pl: replacing таңшытса with 2
sym2int.pl: replacing айбыгып with 2
sym2int.pl: replacing кусалыгын with 2
sym2int.pl: replacing созолонтчу with 2
sym2int.pl: replacing токолунун with 2
sym2int.pl: replacing төшөгүндө with 2
sym2int.pl: replacing ортончу with 2
sym2int.pl: replacing кылбас with 2
sym2int.pl: replacing абдыракмандын with 2
sym2int.pl: replacing кожокенин with 2
sym2int.pl: replacing балаага with 2
sym2int.pl: replacing аманэсен with 2
sym2int.pl: replacing кожокени with 2
sym2int.pl: replacing эмки with 2
sym2int.pl: replacing субанда with 2
sym2int.pl: replacing сүйүндүрөт with 2
sym2int.pl: replacing күйүндүрөт with 2
sym2int.pl: replacing сүйүнгөнү with 2
sym2int.pl: not warning for OOVs any more times
** Replaced 81 instances of OOVs with 2
apply-cmvn --norm-vars=true --utt2spk=ark:data_atai-100B-org/train/split4/2/utt2spk scp:data_atai-100B-org/train/split4/2/cmvn.scp scp:data_atai-100B-org/train/split4/2/feats.scp ark:- 
add-deltas ark:- ark:- 
LOG (gmm-align-compiled[5.4.217~1-8ae5]:main():gmm-align-compiled.cc:127) atai-100B-org_atai_252
LOG (gmm-align-compiled[5.4.217~1-8ae5]:main():gmm-align-compiled.cc:127) atai-100B-org_atai_259
LOG (gmm-align-compiled[5.4.217~1-8ae5]:main():gmm-align-compiled.cc:127) atai-100B-org_atai_26
LOG (gmm-align-compiled[5.4.217~1-8ae5]:main():gmm-align-compiled.cc:127) atai-100B-org_atai_262
LOG (gmm-align-compiled[5.4.217~1-8ae5]:main():gmm-align-compiled.cc:127) atai-100B-org_atai_264
LOG (gmm-align-compiled[5.4.217~1-8ae5]:main():gmm-align-compiled.cc:127) atai-100B-org_atai_268
LOG (gmm-align-compiled[5.4.217~1-8ae5]:main():gmm-align-compiled.cc:127) atai-100B-org_atai_272
LOG (gmm-align-compiled[5.4.217~1-8ae5]:main():gmm-align-compiled.cc:127) atai-100B-org_atai_275
LOG (gmm-align-compiled[5.4.217~1-8ae5]:main():gmm-align-compiled.cc:127) atai-100B-org_atai_280
LOG (gmm-align-compiled[5.4.217~1-8ae5]:main():gmm-align-compiled.cc:127) atai-100B-org_atai_282
LOG (gmm-align-compiled[5.4.217~1-8ae5]:main():gmm-align-compiled.cc:127) atai-100B-org_atai_286
LOG (gmm-align-compiled[5.4.217~1-8ae5]:main():gmm-align-compiled.cc:127) atai-100B-org_atai_290
LOG (gmm-align-compiled[5.4.217~1-8ae5]:main():gmm-align-compiled.cc:127) atai-100B-org_atai_292
LOG (gmm-align-compiled[5.4.217~1-8ae5]:main():gmm-align-compiled.cc:127) atai-100B-org_atai_297
LOG (gmm-align-compiled[5.4.217~1-8ae5]:main():gmm-align-compiled.cc:127) atai-100B-org_atai_298
LOG (gmm-align-compiled[5.4.217~1-8ae5]:main():gmm-align-compiled.cc:127) atai-100B-org_atai_303
LOG (gmm-align-compiled[5.4.217~1-8ae5]:main():gmm-align-compiled.cc:127) atai-100B-org_atai_305
LOG (gmm-align-compiled[5.4.217~1-8ae5]:main():gmm-align-compiled.cc:127) atai-100B-org_atai_314
LOG (gmm-align-compiled[5.4.217~1-8ae5]:main():gmm-align-compiled.cc:127) atai-100B-org_atai_317
LOG (gmm-align-compiled[5.4.217~1-8ae5]:main():gmm-align-compiled.cc:127) atai-100B-org_atai_333
LOG (compile-train-graphs[5.4.217~1-8ae5]:main():compile-train-graphs.cc:147) compile-train-graphs: succeeded for 25 graphs, failed for 0
LOG (gmm-align-compiled[5.4.217~1-8ae5]:main():gmm-align-compiled.cc:127) atai-100B-org_atai_339
LOG (apply-cmvn[5.4.217~1-8ae5]:main():apply-cmvn.cc:159) Applied cepstral mean and variance normalization to 25 utterances, errors on 0
LOG (gmm-align-compiled[5.4.217~1-8ae5]:main():gmm-align-compiled.cc:127) atai-100B-org_atai_340
LOG (gmm-align-compiled[5.4.217~1-8ae5]:main():gmm-align-compiled.cc:127) atai-100B-org_atai_354
LOG (gmm-align-compiled[5.4.217~1-8ae5]:main():gmm-align-compiled.cc:127) atai-100B-org_atai_357
LOG (gmm-align-compiled[5.4.217~1-8ae5]:main():gmm-align-compiled.cc:127) atai-100B-org_atai_365
LOG (gmm-align-compiled[5.4.217~1-8ae5]:main():gmm-align-compiled.cc:135) Overall log-likelihood per frame is 1.58397 over 20102 frames.
LOG (gmm-align-compiled[5.4.217~1-8ae5]:main():gmm-align-compiled.cc:137) Retried 0 out of 25 utterances.
LOG (gmm-align-compiled[5.4.217~1-8ae5]:main():gmm-align-compiled.cc:139) Done 25, errors on 0
# Accounting: time=5 threads=1
# Ended (code 0) at Tue Jul 24 16:48:27 UTC 2018, elapsed time 5 seconds
