# gmm-align-compiled --transition-scale=1.0 --acoustic-scale=0.1 --self-loop-scale=0.1 --beam=6 --retry-beam=24 --careful=false "gmm-boost-silence --boost=1.0 1 exp_atai-100B-mod/monophones/4.mdl - |" "ark:gunzip -c exp_atai-100B-mod/monophones/fsts.4.gz|" "ark,s,cs:apply-cmvn --norm-vars=true  --utt2spk=ark:data_atai-100B-mod/train/split4/4/utt2spk scp:data_atai-100B-mod/train/split4/4/cmvn.scp scp:data_atai-100B-mod/train/split4/4/feats.scp ark:- | add-deltas ark:- ark:- |" "ark,t:|gzip -c >exp_atai-100B-mod/monophones/ali.4.gz" 
# Started at Tue Jul 24 16:15:03 UTC 2018
#
gmm-align-compiled --transition-scale=1.0 --acoustic-scale=0.1 --self-loop-scale=0.1 --beam=6 --retry-beam=24 --careful=false 'gmm-boost-silence --boost=1.0 1 exp_atai-100B-mod/monophones/4.mdl - |' 'ark:gunzip -c exp_atai-100B-mod/monophones/fsts.4.gz|' 'ark,s,cs:apply-cmvn --norm-vars=true  --utt2spk=ark:data_atai-100B-mod/train/split4/4/utt2spk scp:data_atai-100B-mod/train/split4/4/cmvn.scp scp:data_atai-100B-mod/train/split4/4/feats.scp ark:- | add-deltas ark:- ark:- |' 'ark,t:|gzip -c >exp_atai-100B-mod/monophones/ali.4.gz' 
gmm-boost-silence --boost=1.0 1 exp_atai-100B-mod/monophones/4.mdl - 
LOG (gmm-boost-silence[5.4.217~1-8ae5]:main():gmm-boost-silence.cc:93) Boosted weights for 5 pdfs, by factor of 1
LOG (gmm-boost-silence[5.4.217~1-8ae5]:main():gmm-boost-silence.cc:103) Wrote model to -
add-deltas ark:- ark:- 
apply-cmvn --norm-vars=true --utt2spk=ark:data_atai-100B-mod/train/split4/4/utt2spk scp:data_atai-100B-mod/train/split4/4/cmvn.scp scp:data_atai-100B-mod/train/split4/4/feats.scp ark:- 
LOG (gmm-align-compiled[5.4.217~1-8ae5]:main():gmm-align-compiled.cc:127) atai-100B-mod_atai_507
WARNING (gmm-align-compiled[5.4.217~1-8ae5]:AlignUtteranceWrapper():decoder-wrappers.cc:466) Retrying utterance atai-100B-mod_atai_507 with beam 24
LOG (gmm-align-compiled[5.4.217~1-8ae5]:main():gmm-align-compiled.cc:127) atai-100B-mod_atai_512
LOG (gmm-align-compiled[5.4.217~1-8ae5]:main():gmm-align-compiled.cc:127) atai-100B-mod_atai_516
WARNING (gmm-align-compiled[5.4.217~1-8ae5]:AlignUtteranceWrapper():decoder-wrappers.cc:466) Retrying utterance atai-100B-mod_atai_516 with beam 24
LOG (gmm-align-compiled[5.4.217~1-8ae5]:main():gmm-align-compiled.cc:127) atai-100B-mod_atai_52
LOG (gmm-align-compiled[5.4.217~1-8ae5]:main():gmm-align-compiled.cc:127) atai-100B-mod_atai_534
LOG (gmm-align-compiled[5.4.217~1-8ae5]:main():gmm-align-compiled.cc:127) atai-100B-mod_atai_538
LOG (gmm-align-compiled[5.4.217~1-8ae5]:main():gmm-align-compiled.cc:127) atai-100B-mod_atai_541
LOG (gmm-align-compiled[5.4.217~1-8ae5]:main():gmm-align-compiled.cc:127) atai-100B-mod_atai_545
LOG (gmm-align-compiled[5.4.217~1-8ae5]:main():gmm-align-compiled.cc:127) atai-100B-mod_atai_547
WARNING (gmm-align-compiled[5.4.217~1-8ae5]:AlignUtteranceWrapper():decoder-wrappers.cc:466) Retrying utterance atai-100B-mod_atai_547 with beam 24
LOG (gmm-align-compiled[5.4.217~1-8ae5]:main():gmm-align-compiled.cc:127) atai-100B-mod_atai_55
LOG (gmm-align-compiled[5.4.217~1-8ae5]:main():gmm-align-compiled.cc:127) atai-100B-mod_atai_552
LOG (gmm-align-compiled[5.4.217~1-8ae5]:main():gmm-align-compiled.cc:127) atai-100B-mod_atai_554
LOG (gmm-align-compiled[5.4.217~1-8ae5]:main():gmm-align-compiled.cc:127) atai-100B-mod_atai_563
LOG (gmm-align-compiled[5.4.217~1-8ae5]:main():gmm-align-compiled.cc:127) atai-100B-mod_atai_575
LOG (gmm-align-compiled[5.4.217~1-8ae5]:main():gmm-align-compiled.cc:127) atai-100B-mod_atai_58
LOG (gmm-align-compiled[5.4.217~1-8ae5]:main():gmm-align-compiled.cc:127) atai-100B-mod_atai_591
WARNING (gmm-align-compiled[5.4.217~1-8ae5]:AlignUtteranceWrapper():decoder-wrappers.cc:466) Retrying utterance atai-100B-mod_atai_591 with beam 24
LOG (gmm-align-compiled[5.4.217~1-8ae5]:main():gmm-align-compiled.cc:127) atai-100B-mod_atai_601
WARNING (gmm-align-compiled[5.4.217~1-8ae5]:AlignUtteranceWrapper():decoder-wrappers.cc:466) Retrying utterance atai-100B-mod_atai_601 with beam 24
LOG (gmm-align-compiled[5.4.217~1-8ae5]:main():gmm-align-compiled.cc:127) atai-100B-mod_atai_606
LOG (gmm-align-compiled[5.4.217~1-8ae5]:main():gmm-align-compiled.cc:127) atai-100B-mod_atai_607
LOG (gmm-align-compiled[5.4.217~1-8ae5]:main():gmm-align-compiled.cc:127) atai-100B-mod_atai_66
LOG (gmm-align-compiled[5.4.217~1-8ae5]:main():gmm-align-compiled.cc:127) atai-100B-mod_atai_72
WARNING (gmm-align-compiled[5.4.217~1-8ae5]:AlignUtteranceWrapper():decoder-wrappers.cc:466) Retrying utterance atai-100B-mod_atai_72 with beam 24
LOG (apply-cmvn[5.4.217~1-8ae5]:main():apply-cmvn.cc:159) Applied cepstral mean and variance normalization to 25 utterances, errors on 0
LOG (gmm-align-compiled[5.4.217~1-8ae5]:main():gmm-align-compiled.cc:127) atai-100B-mod_atai_77
LOG (gmm-align-compiled[5.4.217~1-8ae5]:main():gmm-align-compiled.cc:127) atai-100B-mod_atai_81
LOG (gmm-align-compiled[5.4.217~1-8ae5]:main():gmm-align-compiled.cc:127) atai-100B-mod_atai_88
LOG (gmm-align-compiled[5.4.217~1-8ae5]:main():gmm-align-compiled.cc:127) atai-100B-mod_atai_95
LOG (gmm-align-compiled[5.4.217~1-8ae5]:main():gmm-align-compiled.cc:135) Overall log-likelihood per frame is -4.38619 over 24312 frames.
LOG (gmm-align-compiled[5.4.217~1-8ae5]:main():gmm-align-compiled.cc:137) Retried 6 out of 25 utterances.
LOG (gmm-align-compiled[5.4.217~1-8ae5]:main():gmm-align-compiled.cc:139) Done 25, errors on 0
# Accounting: time=2 threads=1
# Ended (code 0) at Tue Jul 24 16:15:05 UTC 2018, elapsed time 2 seconds
