# compile-train-graphs exp_atai-100B-mod/monophones/tree exp_atai-100B-mod/monophones/0.mdl data_atai-100B-mod/lang/L.fst "ark:sym2int.pl --map-oov 2 -f 2- data_atai-100B-mod/lang/words.txt < data_atai-100B-mod/train/split4/1/text|" "ark:|gzip -c >exp_atai-100B-mod/monophones/fsts.1.gz" 
# Started at Tue Jul 24 16:14:30 UTC 2018
#
compile-train-graphs exp_atai-100B-mod/monophones/tree exp_atai-100B-mod/monophones/0.mdl data_atai-100B-mod/lang/L.fst 'ark:sym2int.pl --map-oov 2 -f 2- data_atai-100B-mod/lang/words.txt < data_atai-100B-mod/train/split4/1/text|' 'ark:|gzip -c >exp_atai-100B-mod/monophones/fsts.1.gz' 
sym2int.pl: replacing билишпес with 2
sym2int.pl: replacing жаздымында with 2
sym2int.pl: replacing маңдайлаш with 2
sym2int.pl: replacing кеңколдун with 2
sym2int.pl: replacing дарбазадай with 2
sym2int.pl: replacing күбөсүнө with 2
sym2int.pl: replacing алабармандап with 2
sym2int.pl: replacing агышына with 2
sym2int.pl: replacing салгылачы with 2
sym2int.pl: replacing чокчо with 2
sym2int.pl: replacing аптадай with 2
sym2int.pl: replacing башаягында with 2
sym2int.pl: replacing изделбеген with 2
sym2int.pl: replacing калбады with 2
sym2int.pl: replacing чыкпады with 2
sym2int.pl: replacing эстешти with 2
sym2int.pl: replacing сурайсурай with 2
sym2int.pl: replacing абдыракмандын with 2
sym2int.pl: replacing угушту with 2
sym2int.pl: replacing жумадан with 2
sym2int.pl: not warning for OOVs any more times
** Replaced 66 instances of OOVs with 2
LOG (compile-train-graphs[5.4.217~1-8ae5]:main():compile-train-graphs.cc:147) compile-train-graphs: succeeded for 25 graphs, failed for 0
# Accounting: time=3 threads=1
# Ended (code 0) at Tue Jul 24 16:14:33 UTC 2018, elapsed time 3 seconds
