# compile-train-graphs exp_atai-100D-org/monophones/tree exp_atai-100D-org/monophones/0.mdl data_atai-100D-org/lang/L.fst "ark:sym2int.pl --map-oov 2 -f 2- data_atai-100D-org/lang/words.txt < data_atai-100D-org/train/split4/3/text|" "ark:|gzip -c >exp_atai-100D-org/monophones/fsts.3.gz" 
# Started at Tue Jul 24 16:57:47 UTC 2018
#
compile-train-graphs exp_atai-100D-org/monophones/tree exp_atai-100D-org/monophones/0.mdl data_atai-100D-org/lang/L.fst 'ark:sym2int.pl --map-oov 2 -f 2- data_atai-100D-org/lang/words.txt < data_atai-100D-org/train/split4/3/text|' 'ark:|gzip -c >exp_atai-100D-org/monophones/fsts.3.gz' 
sym2int.pl: replacing тууганбайдын with 2
sym2int.pl: replacing бакырая with 2
sym2int.pl: replacing никелейден with 2
sym2int.pl: replacing султаналынын with 2
sym2int.pl: replacing чыртыйган with 2
sym2int.pl: replacing муруттары with 2
sym2int.pl: replacing николайдан with 2
sym2int.pl: replacing николайды with 2
sym2int.pl: replacing капшытта with 2
sym2int.pl: replacing каткат with 2
sym2int.pl: replacing бурулчанын with 2
sym2int.pl: replacing сурданган with 2
sym2int.pl: replacing иреңинде with 2
sym2int.pl: replacing каптай with 2
sym2int.pl: replacing итирейген with 2
sym2int.pl: replacing токолуң with 2
sym2int.pl: replacing моюндашып with 2
sym2int.pl: replacing жаткандырсың with 2
sym2int.pl: replacing аккыз with 2
sym2int.pl: replacing жашыган with 2
sym2int.pl: not warning for OOVs any more times
** Replaced 121 instances of OOVs with 2
LOG (compile-train-graphs[5.4.217~1-8ae5]:main():compile-train-graphs.cc:147) compile-train-graphs: succeeded for 25 graphs, failed for 0
# Accounting: time=3 threads=1
# Ended (code 0) at Tue Jul 24 16:57:50 UTC 2018, elapsed time 3 seconds
