# gmm-est --write-occs=exp_atai-100D-org/monophones/24.occs --mix-up=749 --power=0.25 exp_atai-100D-org/monophones/23.mdl "gmm-sum-accs - exp_atai-100D-org/monophones/23.*.acc|" exp_atai-100D-org/monophones/24.mdl 
# Started at Tue Jul 24 16:59:01 UTC 2018
#
gmm-est --write-occs=exp_atai-100D-org/monophones/24.occs --mix-up=749 --power=0.25 exp_atai-100D-org/monophones/23.mdl 'gmm-sum-accs - exp_atai-100D-org/monophones/23.*.acc|' exp_atai-100D-org/monophones/24.mdl 
gmm-sum-accs - exp_atai-100D-org/monophones/23.1.acc exp_atai-100D-org/monophones/23.2.acc exp_atai-100D-org/monophones/23.3.acc exp_atai-100D-org/monophones/23.4.acc 
LOG (gmm-sum-accs[5.4.217~1-8ae5]:main():gmm-sum-accs.cc:63) Summed 4 stats, total count 91404, avg like/frame 1.59907
LOG (gmm-sum-accs[5.4.217~1-8ae5]:main():gmm-sum-accs.cc:66) Total count of stats is 91404
LOG (gmm-sum-accs[5.4.217~1-8ae5]:main():gmm-sum-accs.cc:67) Written stats to -
LOG (gmm-est[5.4.217~1-8ae5]:MleUpdate():transition-model.cc:517) TransitionModel::Update, objf change is 9.98148e-05 per frame over 91404 frames. 
LOG (gmm-est[5.4.217~1-8ae5]:MleUpdate():transition-model.cc:520) 8 probabilities floored, 6 out of 89 transition-states skipped due to insuffient data (it is normal to have some skipped.)
LOG (gmm-est[5.4.217~1-8ae5]:main():gmm-est.cc:102) Transition model update: Overall 9.98148e-05 log-like improvement per frame over 91404 frames.
WARNING (gmm-est[5.4.217~1-8ae5]:MleDiagGmmUpdate():mle-diag-gmm.cc:365) Gaussian has too little data but not removing it because it is the last Gaussian: i = 0, occ = 0, weight = 1
WARNING (gmm-est[5.4.217~1-8ae5]:MleDiagGmmUpdate():mle-diag-gmm.cc:365) Gaussian has too little data but not removing it because it is the last Gaussian: i = 0, occ = 0, weight = 1
WARNING (gmm-est[5.4.217~1-8ae5]:MleDiagGmmUpdate():mle-diag-gmm.cc:365) Gaussian has too little data but not removing it because it is the last Gaussian: i = 0, occ = 0, weight = 1
WARNING (gmm-est[5.4.217~1-8ae5]:MleDiagGmmUpdate():mle-diag-gmm.cc:359) Too little data - removing Gaussian (weight 0.113401, occupation count 4.989651, vector size 39)
WARNING (gmm-est[5.4.217~1-8ae5]:MleDiagGmmUpdate():mle-diag-gmm.cc:365) Gaussian has too little data but not removing it because it is the last Gaussian: i = 0, occ = 0, weight = 1
WARNING (gmm-est[5.4.217~1-8ae5]:MleDiagGmmUpdate():mle-diag-gmm.cc:365) Gaussian has too little data but not removing it because it is the last Gaussian: i = 0, occ = 0, weight = 1
WARNING (gmm-est[5.4.217~1-8ae5]:MleDiagGmmUpdate():mle-diag-gmm.cc:365) Gaussian has too little data but not removing it because it is the last Gaussian: i = 0, occ = 0, weight = 1
LOG (gmm-est[5.4.217~1-8ae5]:MleAmDiagGmmUpdate():mle-am-diag-gmm.cc:225) 572 variance elements floored in 344 Gaussians, out of 719
LOG (gmm-est[5.4.217~1-8ae5]:MleAmDiagGmmUpdate():mle-am-diag-gmm.cc:229) Removed 1 Gaussians due to counts < --min-gaussian-occupancy=10 and --remove-low-count-gaussians=true
LOG (gmm-est[5.4.217~1-8ae5]:main():gmm-est.cc:113) GMM update: Overall 0.0814437 objective function improvement per frame over 91404 frames
LOG (gmm-est[5.4.217~1-8ae5]:main():gmm-est.cc:116) GMM update: Overall avg like per frame = 1.59907 over 91404 frames.
LOG (gmm-est[5.4.217~1-8ae5]:SplitByCount():am-diag-gmm.cc:116) Split 89 states with target = 749, power = 0.25, perturb_factor = 0.01 and min_count = 20, split #Gauss from 719 to 749
LOG (gmm-est[5.4.217~1-8ae5]:main():gmm-est.cc:146) Written model to exp_atai-100D-org/monophones/24.mdl
# Accounting: time=0 threads=1
# Ended (code 0) at Tue Jul 24 16:59:01 UTC 2018, elapsed time 0 seconds
