# compile-train-graphs exp_atai-100F-org/monophones_aligned/tree exp_atai-100F-org/monophones_aligned/final.mdl data_atai-100F-org/lang/L.fst "ark:utils/sym2int.pl --map-oov 2 -f 2- data_atai-100F-org/lang/words.txt data_atai-100F-org/train/split4/2/text|" ark:- | gmm-align-compiled --transition-scale=1.0 --acoustic-scale=0.1 --self-loop-scale=0.1 --beam=10 --retry-beam=40 --careful=false "gmm-boost-silence --boost=1.25 1 exp_atai-100F-org/monophones_aligned/final.mdl - |" ark:- "ark,s,cs:apply-cmvn --norm-vars=true --utt2spk=ark:data_atai-100F-org/train/split4/2/utt2spk scp:data_atai-100F-org/train/split4/2/cmvn.scp scp:data_atai-100F-org/train/split4/2/feats.scp ark:- | add-deltas  ark:- ark:- |" "ark,t:|gzip -c >exp_atai-100F-org/monophones_aligned/ali.2.gz" 
# Started at Tue Jul 24 17:09:43 UTC 2018
#
gmm-align-compiled --transition-scale=1.0 --acoustic-scale=0.1 --self-loop-scale=0.1 --beam=10 --retry-beam=40 --careful=false 'gmm-boost-silence --boost=1.25 1 exp_atai-100F-org/monophones_aligned/final.mdl - |' ark:- 'ark,s,cs:apply-cmvn --norm-vars=true --utt2spk=ark:data_atai-100F-org/train/split4/2/utt2spk scp:data_atai-100F-org/train/split4/2/cmvn.scp scp:data_atai-100F-org/train/split4/2/feats.scp ark:- | add-deltas  ark:- ark:- |' 'ark,t:|gzip -c >exp_atai-100F-org/monophones_aligned/ali.2.gz' 
gmm-boost-silence --boost=1.25 1 exp_atai-100F-org/monophones_aligned/final.mdl - 
LOG (gmm-boost-silence[5.4.217~1-8ae5]:main():gmm-boost-silence.cc:93) Boosted weights for 5 pdfs, by factor of 1.25
LOG (gmm-boost-silence[5.4.217~1-8ae5]:main():gmm-boost-silence.cc:103) Wrote model to -
compile-train-graphs exp_atai-100F-org/monophones_aligned/tree exp_atai-100F-org/monophones_aligned/final.mdl data_atai-100F-org/lang/L.fst 'ark:utils/sym2int.pl --map-oov 2 -f 2- data_atai-100F-org/lang/words.txt data_atai-100F-org/train/split4/2/text|' ark:- 
sym2int.pl: replacing балааңдан with 2
sym2int.pl: replacing жалчылары with 2
sym2int.pl: replacing күбүрөшөт with 2
sym2int.pl: replacing абдыракмандан with 2
sym2int.pl: replacing керкимдин with 2
sym2int.pl: replacing кетилди with 2
sym2int.pl: replacing өпсөм with 2
sym2int.pl: replacing кебөзден with 2
sym2int.pl: replacing миндиң with 2
sym2int.pl: replacing көркөмгө with 2
sym2int.pl: replacing миндиң with 2
sym2int.pl: replacing күнүм with 2
sym2int.pl: replacing көңүлдөш with 2
sym2int.pl: replacing зыйнатты with 2
sym2int.pl: replacing кожокенин with 2
sym2int.pl: replacing зыйнатка with 2
sym2int.pl: replacing жигитердин with 2
sym2int.pl: replacing абдыракманды with 2
sym2int.pl: replacing сүйө with 2
sym2int.pl: replacing субандын with 2
sym2int.pl: not warning for OOVs any more times
** Replaced 91 instances of OOVs with 2
add-deltas ark:- ark:- 
apply-cmvn --norm-vars=true --utt2spk=ark:data_atai-100F-org/train/split4/2/utt2spk scp:data_atai-100F-org/train/split4/2/cmvn.scp scp:data_atai-100F-org/train/split4/2/feats.scp ark:- 
LOG (gmm-align-compiled[5.4.217~1-8ae5]:main():gmm-align-compiled.cc:127) atai-100F-org_atai_245
LOG (gmm-align-compiled[5.4.217~1-8ae5]:main():gmm-align-compiled.cc:127) atai-100F-org_atai_25
LOG (gmm-align-compiled[5.4.217~1-8ae5]:main():gmm-align-compiled.cc:127) atai-100F-org_atai_250
LOG (gmm-align-compiled[5.4.217~1-8ae5]:main():gmm-align-compiled.cc:127) atai-100F-org_atai_254
LOG (gmm-align-compiled[5.4.217~1-8ae5]:main():gmm-align-compiled.cc:127) atai-100F-org_atai_261
LOG (gmm-align-compiled[5.4.217~1-8ae5]:main():gmm-align-compiled.cc:127) atai-100F-org_atai_279
LOG (gmm-align-compiled[5.4.217~1-8ae5]:main():gmm-align-compiled.cc:127) atai-100F-org_atai_285
LOG (gmm-align-compiled[5.4.217~1-8ae5]:main():gmm-align-compiled.cc:127) atai-100F-org_atai_29
LOG (gmm-align-compiled[5.4.217~1-8ae5]:main():gmm-align-compiled.cc:127) atai-100F-org_atai_291
LOG (gmm-align-compiled[5.4.217~1-8ae5]:main():gmm-align-compiled.cc:127) atai-100F-org_atai_294
LOG (gmm-align-compiled[5.4.217~1-8ae5]:main():gmm-align-compiled.cc:127) atai-100F-org_atai_308
LOG (gmm-align-compiled[5.4.217~1-8ae5]:main():gmm-align-compiled.cc:127) atai-100F-org_atai_322
LOG (gmm-align-compiled[5.4.217~1-8ae5]:main():gmm-align-compiled.cc:127) atai-100F-org_atai_324
LOG (gmm-align-compiled[5.4.217~1-8ae5]:main():gmm-align-compiled.cc:127) atai-100F-org_atai_325
LOG (gmm-align-compiled[5.4.217~1-8ae5]:main():gmm-align-compiled.cc:127) atai-100F-org_atai_344
LOG (gmm-align-compiled[5.4.217~1-8ae5]:main():gmm-align-compiled.cc:127) atai-100F-org_atai_345
LOG (gmm-align-compiled[5.4.217~1-8ae5]:main():gmm-align-compiled.cc:127) atai-100F-org_atai_349
LOG (gmm-align-compiled[5.4.217~1-8ae5]:main():gmm-align-compiled.cc:127) atai-100F-org_atai_353
LOG (gmm-align-compiled[5.4.217~1-8ae5]:main():gmm-align-compiled.cc:127) atai-100F-org_atai_355
LOG (gmm-align-compiled[5.4.217~1-8ae5]:main():gmm-align-compiled.cc:127) atai-100F-org_atai_36
LOG (gmm-align-compiled[5.4.217~1-8ae5]:main():gmm-align-compiled.cc:127) atai-100F-org_atai_373
LOG (gmm-align-compiled[5.4.217~1-8ae5]:main():gmm-align-compiled.cc:127) atai-100F-org_atai_383
LOG (compile-train-graphs[5.4.217~1-8ae5]:main():compile-train-graphs.cc:147) compile-train-graphs: succeeded for 25 graphs, failed for 0
LOG (apply-cmvn[5.4.217~1-8ae5]:main():apply-cmvn.cc:159) Applied cepstral mean and variance normalization to 25 utterances, errors on 0
LOG (gmm-align-compiled[5.4.217~1-8ae5]:main():gmm-align-compiled.cc:127) atai-100F-org_atai_384
LOG (gmm-align-compiled[5.4.217~1-8ae5]:main():gmm-align-compiled.cc:127) atai-100F-org_atai_387
LOG (gmm-align-compiled[5.4.217~1-8ae5]:main():gmm-align-compiled.cc:127) atai-100F-org_atai_399
LOG (gmm-align-compiled[5.4.217~1-8ae5]:main():gmm-align-compiled.cc:135) Overall log-likelihood per frame is 0.626947 over 22291 frames.
LOG (gmm-align-compiled[5.4.217~1-8ae5]:main():gmm-align-compiled.cc:137) Retried 0 out of 25 utterances.
LOG (gmm-align-compiled[5.4.217~1-8ae5]:main():gmm-align-compiled.cc:139) Done 25, errors on 0
# Accounting: time=5 threads=1
# Ended (code 0) at Tue Jul 24 17:09:48 UTC 2018, elapsed time 5 seconds
