# build-tree --verbose=1 --max-leaves=1000 --cluster-thresh=-1 exp_atai-100E-org/triphones/treeacc data_atai-100E-org/lang/phones/roots.int exp_atai-100E-org/triphones/questions.qst data_atai-100E-org/lang/topo exp_atai-100E-org/triphones/tree 
# Started at Tue Jul 24 17:04:20 UTC 2018
#
build-tree --verbose=1 --max-leaves=1000 --cluster-thresh=-1 exp_atai-100E-org/triphones/treeacc data_atai-100E-org/lang/phones/roots.int exp_atai-100E-org/triphones/questions.qst data_atai-100E-org/lang/topo exp_atai-100E-org/triphones/tree 
LOG (build-tree[5.4.217~1-8ae5]:main():build-tree.cc:104) Number of separate statistics is 7052
LOG (build-tree[5.4.217~1-8ae5]:BuildTree():build-tree.cc:161) BuildTree: before building trees, map has 29 leaves.
LOG (build-tree[5.4.217~1-8ae5]:SplitDecisionTree():build-tree-utils.cc:577) DoDecisionTreeSplit: split 179 times, #leaves now 208
LOG (build-tree[5.4.217~1-8ae5]:BuildTree():build-tree.cc:187) Setting clustering threshold to smallest split 300.029
VLOG[1] (build-tree[5.4.217~1-8ae5]:BuildTree():build-tree.cc:196) After decision tree split, num-leaves = 208, like-impr = 2.74953 per frame over 84762 frames.
VLOG[1] (build-tree[5.4.217~1-8ae5]:BuildTree():build-tree.cc:200) Including just phones that were split, improvement is 2.74953 per frame over 84762 frames.
LOG (build-tree[5.4.217~1-8ae5]:BuildTree():build-tree.cc:215) BuildTree: removed 17 leaves.
VLOG[1] (build-tree[5.4.217~1-8ae5]:ClusterEventMapToNClustersRestrictedByMap():build-tree-utils.cc:916) Number of non-empty clusters in map = 28
VLOG[1] (build-tree[5.4.217~1-8ae5]:ClusterEventMapToNClustersRestrictedByMap():build-tree-utils.cc:917) Number of non-empty clusters = 190
LOG (build-tree[5.4.217~1-8ae5]:BuildTree():build-tree.cc:231) BuildTree: Rounded num leaves to multiple of 8 by removing 7 leaves.
VLOG[1] (build-tree[5.4.217~1-8ae5]:BuildTree():build-tree.cc:256) Objf change due to clustering -0.0724145 per frame.
VLOG[1] (build-tree[5.4.217~1-8ae5]:BuildTree():build-tree.cc:259) Normalizing over only split phones, this is: -0.0724145 per frame.
VLOG[1] (build-tree[5.4.217~1-8ae5]:BuildTree():build-tree.cc:262) Num-leaves is now 184
VLOG[1] (build-tree[5.4.217~1-8ae5]:main():build-tree.cc:143) For pdf-id 8, low count 0
VLOG[1] (build-tree[5.4.217~1-8ae5]:main():build-tree.cc:143) For pdf-id 11, low count 58
VLOG[1] (build-tree[5.4.217~1-8ae5]:main():build-tree.cc:143) For pdf-id 23, low count 95
VLOG[1] (build-tree[5.4.217~1-8ae5]:main():build-tree.cc:143) For pdf-id 25, low count 24
VLOG[1] (build-tree[5.4.217~1-8ae5]:main():build-tree.cc:143) For pdf-id 61, low count 89
VLOG[1] (build-tree[5.4.217~1-8ae5]:main():build-tree.cc:143) For pdf-id 69, low count 78
VLOG[1] (build-tree[5.4.217~1-8ae5]:main():build-tree.cc:143) For pdf-id 73, low count 61
VLOG[1] (build-tree[5.4.217~1-8ae5]:main():build-tree.cc:143) For pdf-id 76, low count 93
VLOG[1] (build-tree[5.4.217~1-8ae5]:main():build-tree.cc:143) For pdf-id 96, low count 90
VLOG[1] (build-tree[5.4.217~1-8ae5]:main():build-tree.cc:143) For pdf-id 102, low count 39
VLOG[1] (build-tree[5.4.217~1-8ae5]:main():build-tree.cc:143) For pdf-id 117, low count 97
VLOG[1] (build-tree[5.4.217~1-8ae5]:main():build-tree.cc:143) For pdf-id 120, low count 74
VLOG[1] (build-tree[5.4.217~1-8ae5]:main():build-tree.cc:143) For pdf-id 129, low count 33
VLOG[1] (build-tree[5.4.217~1-8ae5]:main():build-tree.cc:143) For pdf-id 139, low count 86
VLOG[1] (build-tree[5.4.217~1-8ae5]:main():build-tree.cc:143) For pdf-id 151, low count 96
WARNING (build-tree[5.4.217~1-8ae5]:main():build-tree.cc:185) Saw no stats for following phones: 9 
LOG (build-tree[5.4.217~1-8ae5]:main():build-tree.cc:189) Wrote tree
# Accounting: time=1 threads=1
# Ended (code 0) at Tue Jul 24 17:04:21 UTC 2018, elapsed time 1 seconds
