# gmm-init-model --write-occs=exp_atai-100E-org/triphones/1.occs exp_atai-100E-org/triphones/tree exp_atai-100E-org/triphones/treeacc data_atai-100E-org/lang/topo exp_atai-100E-org/triphones/1.mdl 
# Started at Tue Jul 24 17:04:21 UTC 2018
#
gmm-init-model --write-occs=exp_atai-100E-org/triphones/1.occs exp_atai-100E-org/triphones/tree exp_atai-100E-org/triphones/treeacc data_atai-100E-org/lang/topo exp_atai-100E-org/triphones/1.mdl 
LOG (gmm-init-model[5.4.217~1-8ae5]:main():gmm-init-model.cc:271) Number of separate statistics is 7052
WARNING (gmm-init-model[5.4.217~1-8ae5]:InitAmGmm():gmm-init-model.cc:55) Tree has pdf-id 8 with no stats; corresponding phone list: 9 
WARNING (gmm-init-model[5.4.217~1-8ae5]:InitAmGmm():gmm-init-model.cc:83) Very small count for state 11: 58; corresponding phone list: 12 
WARNING (gmm-init-model[5.4.217~1-8ae5]:InitAmGmm():gmm-init-model.cc:83) Very small count for state 23: 95; corresponding phone list: 24 
WARNING (gmm-init-model[5.4.217~1-8ae5]:InitAmGmm():gmm-init-model.cc:83) Very small count for state 25: 24; corresponding phone list: 26 
WARNING (gmm-init-model[5.4.217~1-8ae5]:InitAmGmm():gmm-init-model.cc:83) Very small count for state 61: 89; corresponding phone list: 15 
WARNING (gmm-init-model[5.4.217~1-8ae5]:InitAmGmm():gmm-init-model.cc:83) Very small count for state 69: 78; corresponding phone list: 3 
WARNING (gmm-init-model[5.4.217~1-8ae5]:InitAmGmm():gmm-init-model.cc:83) Very small count for state 73: 61; corresponding phone list: 18 
WARNING (gmm-init-model[5.4.217~1-8ae5]:InitAmGmm():gmm-init-model.cc:83) Very small count for state 76: 93; corresponding phone list: 18 
WARNING (gmm-init-model[5.4.217~1-8ae5]:InitAmGmm():gmm-init-model.cc:83) Very small count for state 96: 90; corresponding phone list: 21 
WARNING (gmm-init-model[5.4.217~1-8ae5]:InitAmGmm():gmm-init-model.cc:83) Very small count for state 102: 39; corresponding phone list: 18 
WARNING (gmm-init-model[5.4.217~1-8ae5]:InitAmGmm():gmm-init-model.cc:83) Very small count for state 117: 97; corresponding phone list: 11 
WARNING (gmm-init-model[5.4.217~1-8ae5]:InitAmGmm():gmm-init-model.cc:83) Very small count for state 120: 74; corresponding phone list: 18 
WARNING (gmm-init-model[5.4.217~1-8ae5]:InitAmGmm():gmm-init-model.cc:83) Very small count for state 129: 33; corresponding phone list: 7 
WARNING (gmm-init-model[5.4.217~1-8ae5]:InitAmGmm():gmm-init-model.cc:83) Very small count for state 139: 86; corresponding phone list: 24 
WARNING (gmm-init-model[5.4.217~1-8ae5]:InitAmGmm():gmm-init-model.cc:83) Very small count for state 151: 96; corresponding phone list: 7 
LOG (gmm-init-model[5.4.217~1-8ae5]:main():gmm-init-model.cc:306) Wrote model.
# Accounting: time=0 threads=1
# Ended (code 0) at Tue Jul 24 17:04:21 UTC 2018, elapsed time 0 seconds
