# gmm-est --mix-up=1560 --power=0.25 --write-occs=exp_atai-100E-org/triphones/16.occs exp_atai-100E-org/triphones/15.mdl "gmm-sum-accs - exp_atai-100E-org/triphones/15.*.acc |" exp_atai-100E-org/triphones/16.mdl 
# Started at Tue Jul 24 17:04:32 UTC 2018
#
gmm-est --mix-up=1560 --power=0.25 --write-occs=exp_atai-100E-org/triphones/16.occs exp_atai-100E-org/triphones/15.mdl 'gmm-sum-accs - exp_atai-100E-org/triphones/15.*.acc |' exp_atai-100E-org/triphones/16.mdl 
gmm-sum-accs - exp_atai-100E-org/triphones/15.1.acc exp_atai-100E-org/triphones/15.2.acc exp_atai-100E-org/triphones/15.3.acc exp_atai-100E-org/triphones/15.4.acc 
LOG (gmm-sum-accs[5.4.217~1-8ae5]:main():gmm-sum-accs.cc:63) Summed 4 stats, total count 84762, avg like/frame 17.0858
LOG (gmm-sum-accs[5.4.217~1-8ae5]:main():gmm-sum-accs.cc:66) Total count of stats is 84762
LOG (gmm-sum-accs[5.4.217~1-8ae5]:main():gmm-sum-accs.cc:67) Written stats to -
LOG (gmm-est[5.4.217~1-8ae5]:MleUpdate():transition-model.cc:517) TransitionModel::Update, objf change is 0 per frame over 84762 frames. 
LOG (gmm-est[5.4.217~1-8ae5]:MleUpdate():transition-model.cc:520) 12 probabilities floored, 6 out of 198 transition-states skipped due to insuffient data (it is normal to have some skipped.)
LOG (gmm-est[5.4.217~1-8ae5]:main():gmm-est.cc:102) Transition model update: Overall 0 log-like improvement per frame over 84762 frames.
WARNING (gmm-est[5.4.217~1-8ae5]:MleDiagGmmUpdate():mle-diag-gmm.cc:365) Gaussian has too little data but not removing it because it is the last Gaussian: i = 0, occ = 0, weight = 1
LOG (gmm-est[5.4.217~1-8ae5]:MleAmDiagGmmUpdate():mle-am-diag-gmm.cc:225) 1501 variance elements floored in 514 Gaussians, out of 1521
LOG (gmm-est[5.4.217~1-8ae5]:MleAmDiagGmmUpdate():mle-am-diag-gmm.cc:229) Removed 0 Gaussians due to counts < --min-gaussian-occupancy=10 and --remove-low-count-gaussians=true
LOG (gmm-est[5.4.217~1-8ae5]:main():gmm-est.cc:113) GMM update: Overall 0.0466948 objective function improvement per frame over 84762 frames
LOG (gmm-est[5.4.217~1-8ae5]:main():gmm-est.cc:116) GMM update: Overall avg like per frame = 17.0858 over 84762 frames.
LOG (gmm-est[5.4.217~1-8ae5]:SplitByCount():am-diag-gmm.cc:116) Split 184 states with target = 1560, power = 0.25, perturb_factor = 0.01 and min_count = 20, split #Gauss from 1521 to 1561
LOG (gmm-est[5.4.217~1-8ae5]:main():gmm-est.cc:146) Written model to exp_atai-100E-org/triphones/16.mdl
# Accounting: time=1 threads=1
# Ended (code 0) at Tue Jul 24 17:04:33 UTC 2018, elapsed time 1 seconds
