# gmm-est --mix-up=1920 --power=0.25 --write-occs=exp_atai-100E-org/triphones/25.occs exp_atai-100E-org/triphones/24.mdl "gmm-sum-accs - exp_atai-100E-org/triphones/24.*.acc |" exp_atai-100E-org/triphones/25.mdl 
# Started at Tue Jul 24 17:04:38 UTC 2018
#
gmm-est --mix-up=1920 --power=0.25 --write-occs=exp_atai-100E-org/triphones/25.occs exp_atai-100E-org/triphones/24.mdl 'gmm-sum-accs - exp_atai-100E-org/triphones/24.*.acc |' exp_atai-100E-org/triphones/25.mdl 
gmm-sum-accs - exp_atai-100E-org/triphones/24.1.acc exp_atai-100E-org/triphones/24.2.acc exp_atai-100E-org/triphones/24.3.acc exp_atai-100E-org/triphones/24.4.acc 
LOG (gmm-sum-accs[5.4.217~1-8ae5]:main():gmm-sum-accs.cc:63) Summed 4 stats, total count 84762, avg like/frame 17.8565
LOG (gmm-sum-accs[5.4.217~1-8ae5]:main():gmm-sum-accs.cc:66) Total count of stats is 84762
LOG (gmm-sum-accs[5.4.217~1-8ae5]:main():gmm-sum-accs.cc:67) Written stats to -
LOG (gmm-est[5.4.217~1-8ae5]:MleUpdate():transition-model.cc:517) TransitionModel::Update, objf change is 0 per frame over 84762 frames. 
LOG (gmm-est[5.4.217~1-8ae5]:MleUpdate():transition-model.cc:520) 12 probabilities floored, 5 out of 198 transition-states skipped due to insuffient data (it is normal to have some skipped.)
LOG (gmm-est[5.4.217~1-8ae5]:main():gmm-est.cc:102) Transition model update: Overall 0 log-like improvement per frame over 84762 frames.
WARNING (gmm-est[5.4.217~1-8ae5]:MleDiagGmmUpdate():mle-diag-gmm.cc:365) Gaussian has too little data but not removing it because it is the last Gaussian: i = 0, occ = 0, weight = 1
WARNING (gmm-est[5.4.217~1-8ae5]:MleDiagGmmUpdate():mle-diag-gmm.cc:359) Too little data - removing Gaussian (weight 0.033086, occupation count 8.933350, vector size 39)
WARNING (gmm-est[5.4.217~1-8ae5]:MleDiagGmmUpdate():mle-diag-gmm.cc:359) Too little data - removing Gaussian (weight 0.045074, occupation count 9.826172, vector size 39)
LOG (gmm-est[5.4.217~1-8ae5]:MleAmDiagGmmUpdate():mle-am-diag-gmm.cc:225) 2222 variance elements floored in 743 Gaussians, out of 1880
LOG (gmm-est[5.4.217~1-8ae5]:MleAmDiagGmmUpdate():mle-am-diag-gmm.cc:229) Removed 2 Gaussians due to counts < --min-gaussian-occupancy=10 and --remove-low-count-gaussians=true
LOG (gmm-est[5.4.217~1-8ae5]:main():gmm-est.cc:113) GMM update: Overall 0.0407858 objective function improvement per frame over 84762 frames
LOG (gmm-est[5.4.217~1-8ae5]:main():gmm-est.cc:116) GMM update: Overall avg like per frame = 17.8565 over 84762 frames.
LOG (gmm-est[5.4.217~1-8ae5]:SplitByCount():am-diag-gmm.cc:116) Split 184 states with target = 1920, power = 0.25, perturb_factor = 0.01 and min_count = 20, split #Gauss from 1880 to 1922
LOG (gmm-est[5.4.217~1-8ae5]:main():gmm-est.cc:146) Written model to exp_atai-100E-org/triphones/25.mdl
# Accounting: time=0 threads=1
# Ended (code 0) at Tue Jul 24 17:04:38 UTC 2018, elapsed time 0 seconds
