# compile-train-graphs exp_atai-100E-org/monophones_aligned/tree exp_atai-100E-org/monophones_aligned/final.mdl data_atai-100E-org/lang/L.fst "ark:utils/sym2int.pl --map-oov 2 -f 2- data_atai-100E-org/lang/words.txt data_atai-100E-org/train/split4/1/text|" ark:- | gmm-align-compiled --transition-scale=1.0 --acoustic-scale=0.1 --self-loop-scale=0.1 --beam=10 --retry-beam=40 --careful=false "gmm-boost-silence --boost=1.25 1 exp_atai-100E-org/monophones_aligned/final.mdl - |" ark:- "ark,s,cs:apply-cmvn --norm-vars=true --utt2spk=ark:data_atai-100E-org/train/split4/1/utt2spk scp:data_atai-100E-org/train/split4/1/cmvn.scp scp:data_atai-100E-org/train/split4/1/feats.scp ark:- | add-deltas  ark:- ark:- |" "ark,t:|gzip -c >exp_atai-100E-org/monophones_aligned/ali.1.gz" 
# Started at Tue Jul 24 17:04:13 UTC 2018
#
compile-train-graphs exp_atai-100E-org/monophones_aligned/tree exp_atai-100E-org/monophones_aligned/final.mdl data_atai-100E-org/lang/L.fst 'ark:utils/sym2int.pl --map-oov 2 -f 2- data_atai-100E-org/lang/words.txt data_atai-100E-org/train/split4/1/text|' ark:- 
gmm-align-compiled --transition-scale=1.0 --acoustic-scale=0.1 --self-loop-scale=0.1 --beam=10 --retry-beam=40 --careful=false 'gmm-boost-silence --boost=1.25 1 exp_atai-100E-org/monophones_aligned/final.mdl - |' ark:- 'ark,s,cs:apply-cmvn --norm-vars=true --utt2spk=ark:data_atai-100E-org/train/split4/1/utt2spk scp:data_atai-100E-org/train/split4/1/cmvn.scp scp:data_atai-100E-org/train/split4/1/feats.scp ark:- | add-deltas  ark:- ark:- |' 'ark,t:|gzip -c >exp_atai-100E-org/monophones_aligned/ali.1.gz' 
gmm-boost-silence --boost=1.25 1 exp_atai-100E-org/monophones_aligned/final.mdl - 
LOG (gmm-boost-silence[5.4.217~1-8ae5]:main():gmm-boost-silence.cc:93) Boosted weights for 5 pdfs, by factor of 1.25
LOG (gmm-boost-silence[5.4.217~1-8ae5]:main():gmm-boost-silence.cc:103) Wrote model to -
sym2int.pl: replacing зарыктырган with 2
sym2int.pl: replacing жомокко with 2
sym2int.pl: replacing тепкедей with 2
sym2int.pl: replacing кашаттын with 2
sym2int.pl: replacing шектенет with 2
sym2int.pl: replacing арыктын with 2
sym2int.pl: replacing ыргыштаткан with 2
sym2int.pl: replacing ойтоонун with 2
sym2int.pl: replacing каптагандай with 2
sym2int.pl: replacing көлбүп with 2
sym2int.pl: replacing какшып with 2
sym2int.pl: replacing какырчикир with 2
sym2int.pl: replacing агындыларга with 2
sym2int.pl: replacing майдамайда with 2
sym2int.pl: replacing көлчүктөргө with 2
sym2int.pl: replacing айланганына with 2
sym2int.pl: replacing жылкылуу with 2
sym2int.pl: replacing үйүрү with 2
sym2int.pl: replacing жоголгонго with 2
sym2int.pl: replacing итетайы with 2
sym2int.pl: not warning for OOVs any more times
** Replaced 98 instances of OOVs with 2
add-deltas ark:- ark:- 
apply-cmvn --norm-vars=true --utt2spk=ark:data_atai-100E-org/train/split4/1/utt2spk scp:data_atai-100E-org/train/split4/1/cmvn.scp scp:data_atai-100E-org/train/split4/1/feats.scp ark:- 
LOG (gmm-align-compiled[5.4.217~1-8ae5]:main():gmm-align-compiled.cc:127) atai-100E-org_atai_01
LOG (gmm-align-compiled[5.4.217~1-8ae5]:main():gmm-align-compiled.cc:127) atai-100E-org_atai_06
LOG (gmm-align-compiled[5.4.217~1-8ae5]:main():gmm-align-compiled.cc:127) atai-100E-org_atai_09
LOG (gmm-align-compiled[5.4.217~1-8ae5]:main():gmm-align-compiled.cc:127) atai-100E-org_atai_107
LOG (gmm-align-compiled[5.4.217~1-8ae5]:main():gmm-align-compiled.cc:127) atai-100E-org_atai_11
LOG (gmm-align-compiled[5.4.217~1-8ae5]:main():gmm-align-compiled.cc:127) atai-100E-org_atai_110
LOG (gmm-align-compiled[5.4.217~1-8ae5]:main():gmm-align-compiled.cc:127) atai-100E-org_atai_111
LOG (gmm-align-compiled[5.4.217~1-8ae5]:main():gmm-align-compiled.cc:127) atai-100E-org_atai_118
LOG (gmm-align-compiled[5.4.217~1-8ae5]:main():gmm-align-compiled.cc:127) atai-100E-org_atai_12
LOG (gmm-align-compiled[5.4.217~1-8ae5]:main():gmm-align-compiled.cc:127) atai-100E-org_atai_121
LOG (gmm-align-compiled[5.4.217~1-8ae5]:main():gmm-align-compiled.cc:127) atai-100E-org_atai_125
LOG (gmm-align-compiled[5.4.217~1-8ae5]:main():gmm-align-compiled.cc:127) atai-100E-org_atai_127
LOG (gmm-align-compiled[5.4.217~1-8ae5]:main():gmm-align-compiled.cc:127) atai-100E-org_atai_129
LOG (gmm-align-compiled[5.4.217~1-8ae5]:main():gmm-align-compiled.cc:127) atai-100E-org_atai_131
LOG (gmm-align-compiled[5.4.217~1-8ae5]:main():gmm-align-compiled.cc:127) atai-100E-org_atai_136
LOG (gmm-align-compiled[5.4.217~1-8ae5]:main():gmm-align-compiled.cc:127) atai-100E-org_atai_137
LOG (gmm-align-compiled[5.4.217~1-8ae5]:main():gmm-align-compiled.cc:127) atai-100E-org_atai_138
LOG (gmm-align-compiled[5.4.217~1-8ae5]:main():gmm-align-compiled.cc:127) atai-100E-org_atai_140
LOG (gmm-align-compiled[5.4.217~1-8ae5]:main():gmm-align-compiled.cc:127) atai-100E-org_atai_143
LOG (apply-cmvn[5.4.217~1-8ae5]:main():apply-cmvn.cc:159) Applied cepstral mean and variance normalization to 25 utterances, errors on 0
LOG (compile-train-graphs[5.4.217~1-8ae5]:main():compile-train-graphs.cc:147) compile-train-graphs: succeeded for 25 graphs, failed for 0
LOG (gmm-align-compiled[5.4.217~1-8ae5]:main():gmm-align-compiled.cc:127) atai-100E-org_atai_146
LOG (gmm-align-compiled[5.4.217~1-8ae5]:main():gmm-align-compiled.cc:127) atai-100E-org_atai_148
LOG (gmm-align-compiled[5.4.217~1-8ae5]:main():gmm-align-compiled.cc:127) atai-100E-org_atai_149
LOG (gmm-align-compiled[5.4.217~1-8ae5]:main():gmm-align-compiled.cc:127) atai-100E-org_atai_154
LOG (gmm-align-compiled[5.4.217~1-8ae5]:main():gmm-align-compiled.cc:127) atai-100E-org_atai_155
LOG (gmm-align-compiled[5.4.217~1-8ae5]:main():gmm-align-compiled.cc:127) atai-100E-org_atai_156
LOG (gmm-align-compiled[5.4.217~1-8ae5]:main():gmm-align-compiled.cc:135) Overall log-likelihood per frame is 0.771738 over 23492 frames.
LOG (gmm-align-compiled[5.4.217~1-8ae5]:main():gmm-align-compiled.cc:137) Retried 0 out of 25 utterances.
LOG (gmm-align-compiled[5.4.217~1-8ae5]:main():gmm-align-compiled.cc:139) Done 25, errors on 0
# Accounting: time=5 threads=1
# Ended (code 0) at Tue Jul 24 17:04:18 UTC 2018, elapsed time 5 seconds
