# compile-train-graphs exp_atai-100D-mod/monophones/tree exp_atai-100D-mod/monophones/0.mdl data_atai-100D-mod/lang/L.fst "ark:sym2int.pl --map-oov 2 -f 2- data_atai-100D-mod/lang/words.txt < data_atai-100D-mod/train/split4/1/text|" "ark:|gzip -c >exp_atai-100D-mod/monophones/fsts.1.gz" 
# Started at Tue Jul 24 16:25:19 UTC 2018
#
compile-train-graphs exp_atai-100D-mod/monophones/tree exp_atai-100D-mod/monophones/0.mdl data_atai-100D-mod/lang/L.fst 'ark:sym2int.pl --map-oov 2 -f 2- data_atai-100D-mod/lang/words.txt < data_atai-100D-mod/train/split4/1/text|' 'ark:|gzip -c >exp_atai-100D-mod/monophones/fsts.1.gz' 
sym2int.pl: replacing жылаңаяктыгына with 2
sym2int.pl: replacing ыңгайланганда with 2
sym2int.pl: replacing өкүмдүү with 2
sym2int.pl: replacing дабышы with 2
sym2int.pl: replacing селейтти with 2
sym2int.pl: replacing чимириктей with 2
sym2int.pl: replacing чепкендин with 2
sym2int.pl: replacing желге with 2
sym2int.pl: replacing далбалактап with 2
sym2int.pl: replacing дамбалы with 2
sym2int.pl: replacing булактап with 2
sym2int.pl: replacing дөңдөгү with 2
sym2int.pl: replacing айылдагыларга with 2
sym2int.pl: replacing жылмайышып with 2
sym2int.pl: replacing бейм with 2
sym2int.pl: replacing дегенсишип with 2
sym2int.pl: replacing бирибирин with 2
sym2int.pl: replacing тиктешип with 2
sym2int.pl: replacing борош with 2
sym2int.pl: replacing сураганын with 2
sym2int.pl: not warning for OOVs any more times
** Replaced 55 instances of OOVs with 2
LOG (compile-train-graphs[5.4.217~1-8ae5]:main():compile-train-graphs.cc:147) compile-train-graphs: succeeded for 25 graphs, failed for 0
# Accounting: time=3 threads=1
# Ended (code 0) at Tue Jul 24 16:25:22 UTC 2018, elapsed time 3 seconds
