# compile-train-graphs exp_atai-100D-mod/monophones/tree exp_atai-100D-mod/monophones/0.mdl data_atai-100D-mod/lang/L.fst "ark:sym2int.pl --map-oov 2 -f 2- data_atai-100D-mod/lang/words.txt < data_atai-100D-mod/train/split4/4/text|" "ark:|gzip -c >exp_atai-100D-mod/monophones/fsts.4.gz" 
# Started at Tue Jul 24 16:25:19 UTC 2018
#
compile-train-graphs exp_atai-100D-mod/monophones/tree exp_atai-100D-mod/monophones/0.mdl data_atai-100D-mod/lang/L.fst 'ark:sym2int.pl --map-oov 2 -f 2- data_atai-100D-mod/lang/words.txt < data_atai-100D-mod/train/split4/4/text|' 'ark:|gzip -c >exp_atai-100D-mod/monophones/fsts.4.gz' 
sym2int.pl: replacing сындырбайт with 2
sym2int.pl: replacing жомокко with 2
sym2int.pl: replacing ишенчү with 2
sym2int.pl: replacing көздешпегени with 2
sym2int.pl: replacing каратөлөк with 2
sym2int.pl: replacing карманганы with 2
sym2int.pl: replacing күмбөзүнүн with 2
sym2int.pl: replacing түшүштү with 2
sym2int.pl: replacing аккыз with 2
sym2int.pl: replacing токолунан with 2
sym2int.pl: replacing дабышы with 2
sym2int.pl: replacing басылды with 2
sym2int.pl: replacing тосушуп with 2
sym2int.pl: replacing киргизишти with 2
sym2int.pl: replacing султаналынын with 2
sym2int.pl: replacing алжайын with 2
sym2int.pl: replacing түгөлүн with 2
sym2int.pl: replacing сурашты with 2
sym2int.pl: replacing угарын with 2
sym2int.pl: replacing билерин with 2
sym2int.pl: not warning for OOVs any more times
** Replaced 71 instances of OOVs with 2
LOG (compile-train-graphs[5.4.217~1-8ae5]:main():compile-train-graphs.cc:147) compile-train-graphs: succeeded for 25 graphs, failed for 0
# Accounting: time=3 threads=1
# Ended (code 0) at Tue Jul 24 16:25:22 UTC 2018, elapsed time 3 seconds
