# compile-train-graphs exp_atai-100E-mod/monophones/tree exp_atai-100E-mod/monophones/0.mdl data_atai-100E-mod/lang/L.fst "ark:sym2int.pl --map-oov 2 -f 2- data_atai-100E-mod/lang/words.txt < data_atai-100E-mod/train/split4/1/text|" "ark:|gzip -c >exp_atai-100E-mod/monophones/fsts.1.gz" 
# Started at Tue Jul 24 16:30:55 UTC 2018
#
compile-train-graphs exp_atai-100E-mod/monophones/tree exp_atai-100E-mod/monophones/0.mdl data_atai-100E-mod/lang/L.fst 'ark:sym2int.pl --map-oov 2 -f 2- data_atai-100E-mod/lang/words.txt < data_atai-100E-mod/train/split4/1/text|' 'ark:|gzip -c >exp_atai-100E-mod/monophones/fsts.1.gz' 
sym2int.pl: replacing зарыктырган with 2
sym2int.pl: replacing жомокко with 2
sym2int.pl: replacing тепкедей with 2
sym2int.pl: replacing кашаттын with 2
sym2int.pl: replacing шектенет with 2
sym2int.pl: replacing арыктын with 2
sym2int.pl: replacing ыргыштаткан with 2
sym2int.pl: replacing ойтоонун with 2
sym2int.pl: replacing каптагандай with 2
sym2int.pl: replacing көлбүп with 2
sym2int.pl: replacing какшып with 2
sym2int.pl: replacing какырчикир with 2
sym2int.pl: replacing агындыларга with 2
sym2int.pl: replacing майдамайда with 2
sym2int.pl: replacing көлчүктөргө with 2
sym2int.pl: replacing айланганына with 2
sym2int.pl: replacing жылкылуу with 2
sym2int.pl: replacing үйүрү with 2
sym2int.pl: replacing жоголгонго with 2
sym2int.pl: replacing итетайы with 2
sym2int.pl: not warning for OOVs any more times
** Replaced 98 instances of OOVs with 2
LOG (compile-train-graphs[5.4.217~1-8ae5]:main():compile-train-graphs.cc:147) compile-train-graphs: succeeded for 25 graphs, failed for 0
# Accounting: time=3 threads=1
# Ended (code 0) at Tue Jul 24 16:30:58 UTC 2018, elapsed time 3 seconds
