# gmm-est --write-occs=exp_atai-100E-mod/monophones/23.occs --mix-up=719 --power=0.25 exp_atai-100E-mod/monophones/22.mdl "gmm-sum-accs - exp_atai-100E-mod/monophones/22.*.acc|" exp_atai-100E-mod/monophones/23.mdl 
# Started at Tue Jul 24 16:32:02 UTC 2018
#
gmm-est --write-occs=exp_atai-100E-mod/monophones/23.occs --mix-up=719 --power=0.25 exp_atai-100E-mod/monophones/22.mdl 'gmm-sum-accs - exp_atai-100E-mod/monophones/22.*.acc|' exp_atai-100E-mod/monophones/23.mdl 
gmm-sum-accs - exp_atai-100E-mod/monophones/22.1.acc exp_atai-100E-mod/monophones/22.2.acc exp_atai-100E-mod/monophones/22.3.acc exp_atai-100E-mod/monophones/22.4.acc 
LOG (gmm-sum-accs[5.4.217~1-8ae5]:main():gmm-sum-accs.cc:63) Summed 4 stats, total count 84762, avg like/frame 1.23558
LOG (gmm-sum-accs[5.4.217~1-8ae5]:main():gmm-sum-accs.cc:66) Total count of stats is 84762
LOG (gmm-sum-accs[5.4.217~1-8ae5]:main():gmm-sum-accs.cc:67) Written stats to -
LOG (gmm-est[5.4.217~1-8ae5]:MleUpdate():transition-model.cc:517) TransitionModel::Update, objf change is 0 per frame over 84762 frames. 
LOG (gmm-est[5.4.217~1-8ae5]:MleUpdate():transition-model.cc:520) 7 probabilities floored, 5 out of 89 transition-states skipped due to insuffient data (it is normal to have some skipped.)
LOG (gmm-est[5.4.217~1-8ae5]:main():gmm-est.cc:102) Transition model update: Overall 0 log-like improvement per frame over 84762 frames.
WARNING (gmm-est[5.4.217~1-8ae5]:MleDiagGmmUpdate():mle-diag-gmm.cc:365) Gaussian has too little data but not removing it because it is the last Gaussian: i = 0, occ = 0, weight = 1
WARNING (gmm-est[5.4.217~1-8ae5]:MleDiagGmmUpdate():mle-diag-gmm.cc:365) Gaussian has too little data but not removing it because it is the last Gaussian: i = 0, occ = 0, weight = 1
WARNING (gmm-est[5.4.217~1-8ae5]:MleDiagGmmUpdate():mle-diag-gmm.cc:365) Gaussian has too little data but not removing it because it is the last Gaussian: i = 0, occ = 0, weight = 1
WARNING (gmm-est[5.4.217~1-8ae5]:MleDiagGmmUpdate():mle-diag-gmm.cc:365) Gaussian has too little data but not removing it because it is the last Gaussian: i = 0, occ = 1, weight = 1
WARNING (gmm-est[5.4.217~1-8ae5]:MleDiagGmmUpdate():mle-diag-gmm.cc:365) Gaussian has too little data but not removing it because it is the last Gaussian: i = 0, occ = 5, weight = 1
WARNING (gmm-est[5.4.217~1-8ae5]:MleDiagGmmUpdate():mle-diag-gmm.cc:365) Gaussian has too little data but not removing it because it is the last Gaussian: i = 0, occ = 1, weight = 1
LOG (gmm-est[5.4.217~1-8ae5]:MleAmDiagGmmUpdate():mle-am-diag-gmm.cc:225) 535 variance elements floored in 327 Gaussians, out of 689
LOG (gmm-est[5.4.217~1-8ae5]:MleAmDiagGmmUpdate():mle-am-diag-gmm.cc:229) Removed 0 Gaussians due to counts < --min-gaussian-occupancy=10 and --remove-low-count-gaussians=true
LOG (gmm-est[5.4.217~1-8ae5]:main():gmm-est.cc:113) GMM update: Overall 0.0504112 objective function improvement per frame over 84762 frames
LOG (gmm-est[5.4.217~1-8ae5]:main():gmm-est.cc:116) GMM update: Overall avg like per frame = 1.23558 over 84762 frames.
LOG (gmm-est[5.4.217~1-8ae5]:SplitByCount():am-diag-gmm.cc:116) Split 89 states with target = 719, power = 0.25, perturb_factor = 0.01 and min_count = 20, split #Gauss from 689 to 719
LOG (gmm-est[5.4.217~1-8ae5]:main():gmm-est.cc:146) Written model to exp_atai-100E-mod/monophones/23.mdl
# Accounting: time=0 threads=1
# Ended (code 0) at Tue Jul 24 16:32:02 UTC 2018, elapsed time 0 seconds
