# compute-plp-feats --verbose=2 --config=config/plp.conf scp,p:plp_atai-100E-org/make_plp_log/wav_train.4.scp ark:- | copy-feats --compress=true ark:- ark,scp:/home/ubuntu/kaldi/egs/multi-task-kaldi/mtk/plp_atai-100E-org/raw_plp_train.4.ark,/home/ubuntu/kaldi/egs/multi-task-kaldi/mtk/plp_atai-100E-org/raw_plp_train.4.scp 
# Started at Tue Jul 24 17:02:20 UTC 2018
#
copy-feats --compress=true ark:- ark,scp:/home/ubuntu/kaldi/egs/multi-task-kaldi/mtk/plp_atai-100E-org/raw_plp_train.4.ark,/home/ubuntu/kaldi/egs/multi-task-kaldi/mtk/plp_atai-100E-org/raw_plp_train.4.scp 
compute-plp-feats --verbose=2 --config=config/plp.conf scp,p:plp_atai-100E-org/make_plp_log/wav_train.4.scp ark:- 
VLOG[2] (compute-plp-feats[5.4.217~1-8ae5]:main():compute-plp-feats.cc:173) Processed features for key atai-100E-org_atai_50
VLOG[2] (compute-plp-feats[5.4.217~1-8ae5]:main():compute-plp-feats.cc:173) Processed features for key atai-100E-org_atai_504
VLOG[2] (compute-plp-feats[5.4.217~1-8ae5]:main():compute-plp-feats.cc:173) Processed features for key atai-100E-org_atai_506
VLOG[2] (compute-plp-feats[5.4.217~1-8ae5]:main():compute-plp-feats.cc:173) Processed features for key atai-100E-org_atai_520
VLOG[2] (compute-plp-feats[5.4.217~1-8ae5]:main():compute-plp-feats.cc:173) Processed features for key atai-100E-org_atai_523
VLOG[2] (compute-plp-feats[5.4.217~1-8ae5]:main():compute-plp-feats.cc:173) Processed features for key atai-100E-org_atai_526
VLOG[2] (compute-plp-feats[5.4.217~1-8ae5]:main():compute-plp-feats.cc:173) Processed features for key atai-100E-org_atai_528
VLOG[2] (compute-plp-feats[5.4.217~1-8ae5]:main():compute-plp-feats.cc:173) Processed features for key atai-100E-org_atai_530
VLOG[2] (compute-plp-feats[5.4.217~1-8ae5]:main():compute-plp-feats.cc:173) Processed features for key atai-100E-org_atai_533
LOG (compute-plp-feats[5.4.217~1-8ae5]:main():compute-plp-feats.cc:172) Processed 10 utterances
VLOG[2] (compute-plp-feats[5.4.217~1-8ae5]:main():compute-plp-feats.cc:173) Processed features for key atai-100E-org_atai_537
VLOG[2] (compute-plp-feats[5.4.217~1-8ae5]:main():compute-plp-feats.cc:173) Processed features for key atai-100E-org_atai_54
VLOG[2] (compute-plp-feats[5.4.217~1-8ae5]:main():compute-plp-feats.cc:173) Processed features for key atai-100E-org_atai_564
VLOG[2] (compute-plp-feats[5.4.217~1-8ae5]:main():compute-plp-feats.cc:173) Processed features for key atai-100E-org_atai_567
VLOG[2] (compute-plp-feats[5.4.217~1-8ae5]:main():compute-plp-feats.cc:173) Processed features for key atai-100E-org_atai_568
VLOG[2] (compute-plp-feats[5.4.217~1-8ae5]:main():compute-plp-feats.cc:173) Processed features for key atai-100E-org_atai_580
VLOG[2] (compute-plp-feats[5.4.217~1-8ae5]:main():compute-plp-feats.cc:173) Processed features for key atai-100E-org_atai_582
VLOG[2] (compute-plp-feats[5.4.217~1-8ae5]:main():compute-plp-feats.cc:173) Processed features for key atai-100E-org_atai_604
VLOG[2] (compute-plp-feats[5.4.217~1-8ae5]:main():compute-plp-feats.cc:173) Processed features for key atai-100E-org_atai_63
VLOG[2] (compute-plp-feats[5.4.217~1-8ae5]:main():compute-plp-feats.cc:173) Processed features for key atai-100E-org_atai_70
LOG (compute-plp-feats[5.4.217~1-8ae5]:main():compute-plp-feats.cc:172) Processed 20 utterances
VLOG[2] (compute-plp-feats[5.4.217~1-8ae5]:main():compute-plp-feats.cc:173) Processed features for key atai-100E-org_atai_71
VLOG[2] (compute-plp-feats[5.4.217~1-8ae5]:main():compute-plp-feats.cc:173) Processed features for key atai-100E-org_atai_74
VLOG[2] (compute-plp-feats[5.4.217~1-8ae5]:main():compute-plp-feats.cc:173) Processed features for key atai-100E-org_atai_78
VLOG[2] (compute-plp-feats[5.4.217~1-8ae5]:main():compute-plp-feats.cc:173) Processed features for key atai-100E-org_atai_82
VLOG[2] (compute-plp-feats[5.4.217~1-8ae5]:main():compute-plp-feats.cc:173) Processed features for key atai-100E-org_atai_92
VLOG[2] (compute-plp-feats[5.4.217~1-8ae5]:main():compute-plp-feats.cc:173) Processed features for key atai-100E-org_atai_97
LOG (compute-plp-feats[5.4.217~1-8ae5]:main():compute-plp-feats.cc:176)  Done 25 out of 25 utterances.
LOG (copy-feats[5.4.217~1-8ae5]:main():copy-feats.cc:143) Copied 25 feature matrices.
# Accounting: time=1 threads=1
# Ended (code 0) at Tue Jul 24 17:02:21 UTC 2018, elapsed time 1 seconds
