# compute-plp-feats --verbose=2 --config=config/plp.conf scp,p:plp_atai-100E-org/make_plp_log/wav_train.3.scp ark:- | copy-feats --compress=true ark:- ark,scp:/home/ubuntu/kaldi/egs/multi-task-kaldi/mtk/plp_atai-100E-org/raw_plp_train.3.ark,/home/ubuntu/kaldi/egs/multi-task-kaldi/mtk/plp_atai-100E-org/raw_plp_train.3.scp 
# Started at Tue Jul 24 17:02:20 UTC 2018
#
compute-plp-feats --verbose=2 --config=config/plp.conf scp,p:plp_atai-100E-org/make_plp_log/wav_train.3.scp ark:- 
copy-feats --compress=true ark:- ark,scp:/home/ubuntu/kaldi/egs/multi-task-kaldi/mtk/plp_atai-100E-org/raw_plp_train.3.ark,/home/ubuntu/kaldi/egs/multi-task-kaldi/mtk/plp_atai-100E-org/raw_plp_train.3.scp 
VLOG[2] (compute-plp-feats[5.4.217~1-8ae5]:main():compute-plp-feats.cc:173) Processed features for key atai-100E-org_atai_334
VLOG[2] (compute-plp-feats[5.4.217~1-8ae5]:main():compute-plp-feats.cc:173) Processed features for key atai-100E-org_atai_338
VLOG[2] (compute-plp-feats[5.4.217~1-8ae5]:main():compute-plp-feats.cc:173) Processed features for key atai-100E-org_atai_346
VLOG[2] (compute-plp-feats[5.4.217~1-8ae5]:main():compute-plp-feats.cc:173) Processed features for key atai-100E-org_atai_360
VLOG[2] (compute-plp-feats[5.4.217~1-8ae5]:main():compute-plp-feats.cc:173) Processed features for key atai-100E-org_atai_382
VLOG[2] (compute-plp-feats[5.4.217~1-8ae5]:main():compute-plp-feats.cc:173) Processed features for key atai-100E-org_atai_396
VLOG[2] (compute-plp-feats[5.4.217~1-8ae5]:main():compute-plp-feats.cc:173) Processed features for key atai-100E-org_atai_406
VLOG[2] (compute-plp-feats[5.4.217~1-8ae5]:main():compute-plp-feats.cc:173) Processed features for key atai-100E-org_atai_426
VLOG[2] (compute-plp-feats[5.4.217~1-8ae5]:main():compute-plp-feats.cc:173) Processed features for key atai-100E-org_atai_429
LOG (compute-plp-feats[5.4.217~1-8ae5]:main():compute-plp-feats.cc:172) Processed 10 utterances
VLOG[2] (compute-plp-feats[5.4.217~1-8ae5]:main():compute-plp-feats.cc:173) Processed features for key atai-100E-org_atai_430
VLOG[2] (compute-plp-feats[5.4.217~1-8ae5]:main():compute-plp-feats.cc:173) Processed features for key atai-100E-org_atai_434
VLOG[2] (compute-plp-feats[5.4.217~1-8ae5]:main():compute-plp-feats.cc:173) Processed features for key atai-100E-org_atai_437
VLOG[2] (compute-plp-feats[5.4.217~1-8ae5]:main():compute-plp-feats.cc:173) Processed features for key atai-100E-org_atai_44
VLOG[2] (compute-plp-feats[5.4.217~1-8ae5]:main():compute-plp-feats.cc:173) Processed features for key atai-100E-org_atai_445
VLOG[2] (compute-plp-feats[5.4.217~1-8ae5]:main():compute-plp-feats.cc:173) Processed features for key atai-100E-org_atai_447
VLOG[2] (compute-plp-feats[5.4.217~1-8ae5]:main():compute-plp-feats.cc:173) Processed features for key atai-100E-org_atai_451
VLOG[2] (compute-plp-feats[5.4.217~1-8ae5]:main():compute-plp-feats.cc:173) Processed features for key atai-100E-org_atai_455
VLOG[2] (compute-plp-feats[5.4.217~1-8ae5]:main():compute-plp-feats.cc:173) Processed features for key atai-100E-org_atai_46
VLOG[2] (compute-plp-feats[5.4.217~1-8ae5]:main():compute-plp-feats.cc:173) Processed features for key atai-100E-org_atai_460
LOG (compute-plp-feats[5.4.217~1-8ae5]:main():compute-plp-feats.cc:172) Processed 20 utterances
VLOG[2] (compute-plp-feats[5.4.217~1-8ae5]:main():compute-plp-feats.cc:173) Processed features for key atai-100E-org_atai_461
VLOG[2] (compute-plp-feats[5.4.217~1-8ae5]:main():compute-plp-feats.cc:173) Processed features for key atai-100E-org_atai_462
VLOG[2] (compute-plp-feats[5.4.217~1-8ae5]:main():compute-plp-feats.cc:173) Processed features for key atai-100E-org_atai_474
VLOG[2] (compute-plp-feats[5.4.217~1-8ae5]:main():compute-plp-feats.cc:173) Processed features for key atai-100E-org_atai_485
VLOG[2] (compute-plp-feats[5.4.217~1-8ae5]:main():compute-plp-feats.cc:173) Processed features for key atai-100E-org_atai_494
VLOG[2] (compute-plp-feats[5.4.217~1-8ae5]:main():compute-plp-feats.cc:173) Processed features for key atai-100E-org_atai_495
LOG (compute-plp-feats[5.4.217~1-8ae5]:main():compute-plp-feats.cc:176)  Done 25 out of 25 utterances.
LOG (copy-feats[5.4.217~1-8ae5]:main():copy-feats.cc:143) Copied 25 feature matrices.
# Accounting: time=1 threads=1
# Ended (code 0) at Tue Jul 24 17:02:21 UTC 2018, elapsed time 1 seconds
