# steps/nnet3/multilingual/allocate_multilingual_examples.py --lang2weight '0.8,0.2' --egs-prefix combine. MTL/exp/atai-100A-org/nnet3/egs/combine.scp MTL/exp/atai-100A-mod/nnet3/egs/combine.scp MTL/exp/nnet3/multitask/egs 
# Started at Fri Jul 27 00:57:46 UTC 2018
#
2018-07-27 00:57:46,165 [steps/nnet3/multilingual/allocate_multilingual_examples.py:81 - <module> - INFO ] Start generating multilingual examples
['steps/nnet3/multilingual/allocate_multilingual_examples.py', '--lang2weight', '0.8,0.2', '--egs-prefix', 'combine.', 'MTL/exp/atai-100A-org/nnet3/egs/combine.scp', 'MTL/exp/atai-100A-mod/nnet3/egs/combine.scp', 'MTL/exp/nnet3/multitask/egs']
['steps/nnet3/multilingual/allocate_multilingual_examples.py', '--lang2weight', '0.8,0.2', '--egs-prefix', 'combine.', 'MTL/exp/atai-100A-org/nnet3/egs/combine.scp', 'MTL/exp/atai-100A-mod/nnet3/egs/combine.scp', 'MTL/exp/nnet3/multitask/egs']
2018-07-27 00:57:46,167 [steps/nnet3/multilingual/allocate_multilingual_examples.py:181 - process_multilingual_egs - INFO ] Number of examples for language 0 is 2062.
2018-07-27 00:57:46,168 [steps/nnet3/multilingual/allocate_multilingual_examples.py:181 - process_multilingual_egs - INFO ] Number of examples for language 1 is 2062.
2018-07-27 00:57:46,168 [steps/nnet3/multilingual/allocate_multilingual_examples.py:212 - process_multilingual_egs - INFO ] Generating combine.scp.<job>.<archive_index> temporary files used to generate combine.<archive_index>.scp.
2018-07-27 00:57:46,175 [steps/nnet3/multilingual/allocate_multilingual_examples.py:241 - process_multilingual_egs - INFO ] Done processing data for language 1
2018-07-27 00:57:46,176 [steps/nnet3/multilingual/allocate_multilingual_examples.py:241 - process_multilingual_egs - INFO ] Done processing data for language 0
2018-07-27 00:57:46,176 [steps/nnet3/multilingual/allocate_multilingual_examples.py:243 - process_multilingual_egs - INFO ] Done processing data for all languages.
2018-07-27 00:57:46,176 [steps/nnet3/multilingual/allocate_multilingual_examples.py:243 - process_multilingual_egs - INFO ] Done processing data for all languages.
2018-07-27 00:57:46,176 [steps/nnet3/multilingual/allocate_multilingual_examples.py:243 - process_multilingual_egs - INFO ] Done processing data for all languages.
2018-07-27 00:57:46,176 [steps/nnet3/multilingual/allocate_multilingual_examples.py:243 - process_multilingual_egs - INFO ] Done processing data for all languages.
2018-07-27 00:57:46,176 [steps/nnet3/multilingual/allocate_multilingual_examples.py:243 - process_multilingual_egs - INFO ] Done processing data for all languages.
2018-07-27 00:57:46,176 [steps/nnet3/multilingual/allocate_multilingual_examples.py:243 - process_multilingual_egs - INFO ] Done processing data for all languages.
2018-07-27 00:57:46,177 [steps/nnet3/multilingual/allocate_multilingual_examples.py:243 - process_multilingual_egs - INFO ] Done processing data for all languages.
2018-07-27 00:57:46,177 [steps/nnet3/multilingual/allocate_multilingual_examples.py:243 - process_multilingual_egs - INFO ] Done processing data for all languages.
2018-07-27 00:57:46,177 [steps/nnet3/multilingual/allocate_multilingual_examples.py:243 - process_multilingual_egs - INFO ] Done processing data for all languages.
2018-07-27 00:57:46,177 [steps/nnet3/multilingual/allocate_multilingual_examples.py:243 - process_multilingual_egs - INFO ] Done processing data for all languages.
2018-07-27 00:57:46,177 [steps/nnet3/multilingual/allocate_multilingual_examples.py:243 - process_multilingual_egs - INFO ] Done processing data for all languages.
2018-07-27 00:57:46,177 [steps/nnet3/multilingual/allocate_multilingual_examples.py:243 - process_multilingual_egs - INFO ] Done processing data for all languages.
2018-07-27 00:57:46,177 [steps/nnet3/multilingual/allocate_multilingual_examples.py:248 - process_multilingual_egs - INFO ] combining egs.<job>.*.scp across all jobs into egs.*.scp file.
2018-07-27 00:57:46,177 [steps/nnet3/multilingual/allocate_multilingual_examples.py:251 - process_multilingual_egs - INFO ] Combine combine.job.0.scp across all jobs into combine.0.scp.
2018-07-27 00:57:46,198 [steps/nnet3/multilingual/allocate_multilingual_examples.py:305 - process_multilingual_egs - INFO ] finished generating combine.*.scp, combine.output.*.ark and combine.weight.*.ark files.
# Accounting: time=0 threads=1
# Ended (code 0) at Fri Jul 27 00:57:46 UTC 2018, elapsed time 0 seconds
