# steps/nnet3/multilingual/allocate_multilingual_examples.py --lang2weight '0.8,0.2' --egs-prefix train_diagnostic. MTL/exp/atai-100A-org/nnet3/egs/train_diagnostic.scp MTL/exp/atai-100A-mod/nnet3/egs/train_diagnostic.scp MTL/exp/nnet3/multitask/egs 
# Started at Fri Jul 27 00:57:46 UTC 2018
#
2018-07-27 00:57:46,305 [steps/nnet3/multilingual/allocate_multilingual_examples.py:81 - <module> - INFO ] Start generating multilingual examples
['steps/nnet3/multilingual/allocate_multilingual_examples.py', '--lang2weight', '0.8,0.2', '--egs-prefix', 'train_diagnostic.', 'MTL/exp/atai-100A-org/nnet3/egs/train_diagnostic.scp', 'MTL/exp/atai-100A-mod/nnet3/egs/train_diagnostic.scp', 'MTL/exp/nnet3/multitask/egs']
['steps/nnet3/multilingual/allocate_multilingual_examples.py', '--lang2weight', '0.8,0.2', '--egs-prefix', 'train_diagnostic.', 'MTL/exp/atai-100A-org/nnet3/egs/train_diagnostic.scp', 'MTL/exp/atai-100A-mod/nnet3/egs/train_diagnostic.scp', 'MTL/exp/nnet3/multitask/egs']
2018-07-27 00:57:46,307 [steps/nnet3/multilingual/allocate_multilingual_examples.py:181 - process_multilingual_egs - INFO ] Number of examples for language 0 is 1250.
2018-07-27 00:57:46,307 [steps/nnet3/multilingual/allocate_multilingual_examples.py:181 - process_multilingual_egs - INFO ] Number of examples for language 1 is 1250.
2018-07-27 00:57:46,307 [steps/nnet3/multilingual/allocate_multilingual_examples.py:212 - process_multilingual_egs - INFO ] Generating train_diagnostic.scp.<job>.<archive_index> temporary files used to generate train_diagnostic.<archive_index>.scp.
2018-07-27 00:57:46,311 [steps/nnet3/multilingual/allocate_multilingual_examples.py:241 - process_multilingual_egs - INFO ] Done processing data for language 0
2018-07-27 00:57:46,312 [steps/nnet3/multilingual/allocate_multilingual_examples.py:241 - process_multilingual_egs - INFO ] Done processing data for language 1
2018-07-27 00:57:46,312 [steps/nnet3/multilingual/allocate_multilingual_examples.py:243 - process_multilingual_egs - INFO ] Done processing data for all languages.
2018-07-27 00:57:46,312 [steps/nnet3/multilingual/allocate_multilingual_examples.py:243 - process_multilingual_egs - INFO ] Done processing data for all languages.
2018-07-27 00:57:46,312 [steps/nnet3/multilingual/allocate_multilingual_examples.py:243 - process_multilingual_egs - INFO ] Done processing data for all languages.
2018-07-27 00:57:46,312 [steps/nnet3/multilingual/allocate_multilingual_examples.py:243 - process_multilingual_egs - INFO ] Done processing data for all languages.
2018-07-27 00:57:46,312 [steps/nnet3/multilingual/allocate_multilingual_examples.py:243 - process_multilingual_egs - INFO ] Done processing data for all languages.
2018-07-27 00:57:46,312 [steps/nnet3/multilingual/allocate_multilingual_examples.py:243 - process_multilingual_egs - INFO ] Done processing data for all languages.
2018-07-27 00:57:46,312 [steps/nnet3/multilingual/allocate_multilingual_examples.py:243 - process_multilingual_egs - INFO ] Done processing data for all languages.
2018-07-27 00:57:46,312 [steps/nnet3/multilingual/allocate_multilingual_examples.py:243 - process_multilingual_egs - INFO ] Done processing data for all languages.
2018-07-27 00:57:46,313 [steps/nnet3/multilingual/allocate_multilingual_examples.py:243 - process_multilingual_egs - INFO ] Done processing data for all languages.
2018-07-27 00:57:46,313 [steps/nnet3/multilingual/allocate_multilingual_examples.py:243 - process_multilingual_egs - INFO ] Done processing data for all languages.
2018-07-27 00:57:46,313 [steps/nnet3/multilingual/allocate_multilingual_examples.py:243 - process_multilingual_egs - INFO ] Done processing data for all languages.
2018-07-27 00:57:46,313 [steps/nnet3/multilingual/allocate_multilingual_examples.py:243 - process_multilingual_egs - INFO ] Done processing data for all languages.
2018-07-27 00:57:46,313 [steps/nnet3/multilingual/allocate_multilingual_examples.py:243 - process_multilingual_egs - INFO ] Done processing data for all languages.
2018-07-27 00:57:46,313 [steps/nnet3/multilingual/allocate_multilingual_examples.py:243 - process_multilingual_egs - INFO ] Done processing data for all languages.
2018-07-27 00:57:46,313 [steps/nnet3/multilingual/allocate_multilingual_examples.py:243 - process_multilingual_egs - INFO ] Done processing data for all languages.
2018-07-27 00:57:46,313 [steps/nnet3/multilingual/allocate_multilingual_examples.py:243 - process_multilingual_egs - INFO ] Done processing data for all languages.
2018-07-27 00:57:46,313 [steps/nnet3/multilingual/allocate_multilingual_examples.py:248 - process_multilingual_egs - INFO ] combining egs.<job>.*.scp across all jobs into egs.*.scp file.
2018-07-27 00:57:46,313 [steps/nnet3/multilingual/allocate_multilingual_examples.py:251 - process_multilingual_egs - INFO ] Combine train_diagnostic.job.0.scp across all jobs into train_diagnostic.0.scp.
2018-07-27 00:57:46,325 [steps/nnet3/multilingual/allocate_multilingual_examples.py:305 - process_multilingual_egs - INFO ] finished generating train_diagnostic.*.scp, train_diagnostic.output.*.ark and train_diagnostic.weight.*.ark files.
# Accounting: time=0 threads=1
# Ended (code 0) at Fri Jul 27 00:57:46 UTC 2018, elapsed time 0 seconds
