# compute-plp-feats --verbose=2 --config=config/plp.conf scp,p:plp_atai-100A-org/make_plp_log/wav_train.1.scp ark:- | copy-feats --compress=true ark:- ark,scp:/home/ubuntu/kaldi/egs/multi-task-kaldi/mtk/plp_atai-100A-org/raw_plp_train.1.ark,/home/ubuntu/kaldi/egs/multi-task-kaldi/mtk/plp_atai-100A-org/raw_plp_train.1.scp 
# Started at Tue Jul 24 16:40:52 UTC 2018
#
copy-feats --compress=true ark:- ark,scp:/home/ubuntu/kaldi/egs/multi-task-kaldi/mtk/plp_atai-100A-org/raw_plp_train.1.ark,/home/ubuntu/kaldi/egs/multi-task-kaldi/mtk/plp_atai-100A-org/raw_plp_train.1.scp 
compute-plp-feats --verbose=2 --config=config/plp.conf scp,p:plp_atai-100A-org/make_plp_log/wav_train.1.scp ark:- 
VLOG[2] (compute-plp-feats[5.4.217~1-8ae5]:main():compute-plp-feats.cc:173) Processed features for key atai-100A-org_atai_02
VLOG[2] (compute-plp-feats[5.4.217~1-8ae5]:main():compute-plp-feats.cc:173) Processed features for key atai-100A-org_atai_04
VLOG[2] (compute-plp-feats[5.4.217~1-8ae5]:main():compute-plp-feats.cc:173) Processed features for key atai-100A-org_atai_08
VLOG[2] (compute-plp-feats[5.4.217~1-8ae5]:main():compute-plp-feats.cc:173) Processed features for key atai-100A-org_atai_10
VLOG[2] (compute-plp-feats[5.4.217~1-8ae5]:main():compute-plp-feats.cc:173) Processed features for key atai-100A-org_atai_100
VLOG[2] (compute-plp-feats[5.4.217~1-8ae5]:main():compute-plp-feats.cc:173) Processed features for key atai-100A-org_atai_104
VLOG[2] (compute-plp-feats[5.4.217~1-8ae5]:main():compute-plp-feats.cc:173) Processed features for key atai-100A-org_atai_106
VLOG[2] (compute-plp-feats[5.4.217~1-8ae5]:main():compute-plp-feats.cc:173) Processed features for key atai-100A-org_atai_114
VLOG[2] (compute-plp-feats[5.4.217~1-8ae5]:main():compute-plp-feats.cc:173) Processed features for key atai-100A-org_atai_123
LOG (compute-plp-feats[5.4.217~1-8ae5]:main():compute-plp-feats.cc:172) Processed 10 utterances
VLOG[2] (compute-plp-feats[5.4.217~1-8ae5]:main():compute-plp-feats.cc:173) Processed features for key atai-100A-org_atai_13
VLOG[2] (compute-plp-feats[5.4.217~1-8ae5]:main():compute-plp-feats.cc:173) Processed features for key atai-100A-org_atai_157
VLOG[2] (compute-plp-feats[5.4.217~1-8ae5]:main():compute-plp-feats.cc:173) Processed features for key atai-100A-org_atai_175
VLOG[2] (compute-plp-feats[5.4.217~1-8ae5]:main():compute-plp-feats.cc:173) Processed features for key atai-100A-org_atai_183
VLOG[2] (compute-plp-feats[5.4.217~1-8ae5]:main():compute-plp-feats.cc:173) Processed features for key atai-100A-org_atai_184
VLOG[2] (compute-plp-feats[5.4.217~1-8ae5]:main():compute-plp-feats.cc:173) Processed features for key atai-100A-org_atai_186
VLOG[2] (compute-plp-feats[5.4.217~1-8ae5]:main():compute-plp-feats.cc:173) Processed features for key atai-100A-org_atai_190
VLOG[2] (compute-plp-feats[5.4.217~1-8ae5]:main():compute-plp-feats.cc:173) Processed features for key atai-100A-org_atai_200
VLOG[2] (compute-plp-feats[5.4.217~1-8ae5]:main():compute-plp-feats.cc:173) Processed features for key atai-100A-org_atai_203
VLOG[2] (compute-plp-feats[5.4.217~1-8ae5]:main():compute-plp-feats.cc:173) Processed features for key atai-100A-org_atai_211
LOG (compute-plp-feats[5.4.217~1-8ae5]:main():compute-plp-feats.cc:172) Processed 20 utterances
VLOG[2] (compute-plp-feats[5.4.217~1-8ae5]:main():compute-plp-feats.cc:173) Processed features for key atai-100A-org_atai_219
VLOG[2] (compute-plp-feats[5.4.217~1-8ae5]:main():compute-plp-feats.cc:173) Processed features for key atai-100A-org_atai_228
VLOG[2] (compute-plp-feats[5.4.217~1-8ae5]:main():compute-plp-feats.cc:173) Processed features for key atai-100A-org_atai_23
VLOG[2] (compute-plp-feats[5.4.217~1-8ae5]:main():compute-plp-feats.cc:173) Processed features for key atai-100A-org_atai_230
VLOG[2] (compute-plp-feats[5.4.217~1-8ae5]:main():compute-plp-feats.cc:173) Processed features for key atai-100A-org_atai_258
VLOG[2] (compute-plp-feats[5.4.217~1-8ae5]:main():compute-plp-feats.cc:173) Processed features for key atai-100A-org_atai_260
LOG (compute-plp-feats[5.4.217~1-8ae5]:main():compute-plp-feats.cc:176)  Done 25 out of 25 utterances.
LOG (copy-feats[5.4.217~1-8ae5]:main():copy-feats.cc:143) Copied 25 feature matrices.
# Accounting: time=1 threads=1
# Ended (code 0) at Tue Jul 24 16:40:53 UTC 2018, elapsed time 1 seconds
