# gmm-align-compiled --transition-scale=1.0 --acoustic-scale=0.1 --self-loop-scale=0.1 --beam=6 --retry-beam=24 --careful=false "gmm-boost-silence --boost=1.0 1 exp_atai-100C-org/monophones/1.mdl - |" "ark:gunzip -c exp_atai-100C-org/monophones/fsts.2.gz|" "ark,s,cs:apply-cmvn --norm-vars=true  --utt2spk=ark:data_atai-100C-org/train/split4/2/utt2spk scp:data_atai-100C-org/train/split4/2/cmvn.scp scp:data_atai-100C-org/train/split4/2/feats.scp ark:- | add-deltas ark:- ark:- |" "ark,t:|gzip -c >exp_atai-100C-org/monophones/ali.2.gz" 
# Started at Tue Jul 24 16:52:36 UTC 2018
#
gmm-align-compiled --transition-scale=1.0 --acoustic-scale=0.1 --self-loop-scale=0.1 --beam=6 --retry-beam=24 --careful=false 'gmm-boost-silence --boost=1.0 1 exp_atai-100C-org/monophones/1.mdl - |' 'ark:gunzip -c exp_atai-100C-org/monophones/fsts.2.gz|' 'ark,s,cs:apply-cmvn --norm-vars=true  --utt2spk=ark:data_atai-100C-org/train/split4/2/utt2spk scp:data_atai-100C-org/train/split4/2/cmvn.scp scp:data_atai-100C-org/train/split4/2/feats.scp ark:- | add-deltas ark:- ark:- |' 'ark,t:|gzip -c >exp_atai-100C-org/monophones/ali.2.gz' 
gmm-boost-silence --boost=1.0 1 exp_atai-100C-org/monophones/1.mdl - 
LOG (gmm-boost-silence[5.4.217~1-8ae5]:main():gmm-boost-silence.cc:93) Boosted weights for 5 pdfs, by factor of 1
LOG (gmm-boost-silence[5.4.217~1-8ae5]:main():gmm-boost-silence.cc:103) Wrote model to -
add-deltas ark:- ark:- 
apply-cmvn --norm-vars=true --utt2spk=ark:data_atai-100C-org/train/split4/2/utt2spk scp:data_atai-100C-org/train/split4/2/cmvn.scp scp:data_atai-100C-org/train/split4/2/feats.scp ark:- 
LOG (gmm-align-compiled[5.4.217~1-8ae5]:main():gmm-align-compiled.cc:127) atai-100C-org_atai_248
LOG (gmm-align-compiled[5.4.217~1-8ae5]:main():gmm-align-compiled.cc:127) atai-100C-org_atai_255
LOG (gmm-align-compiled[5.4.217~1-8ae5]:main():gmm-align-compiled.cc:127) atai-100C-org_atai_256
LOG (gmm-align-compiled[5.4.217~1-8ae5]:main():gmm-align-compiled.cc:127) atai-100C-org_atai_257
LOG (gmm-align-compiled[5.4.217~1-8ae5]:main():gmm-align-compiled.cc:127) atai-100C-org_atai_265
LOG (gmm-align-compiled[5.4.217~1-8ae5]:main():gmm-align-compiled.cc:127) atai-100C-org_atai_281
WARNING (gmm-align-compiled[5.4.217~1-8ae5]:AlignUtteranceWrapper():decoder-wrappers.cc:466) Retrying utterance atai-100C-org_atai_281 with beam 24
LOG (gmm-align-compiled[5.4.217~1-8ae5]:main():gmm-align-compiled.cc:127) atai-100C-org_atai_284
LOG (gmm-align-compiled[5.4.217~1-8ae5]:main():gmm-align-compiled.cc:127) atai-100C-org_atai_293
LOG (gmm-align-compiled[5.4.217~1-8ae5]:main():gmm-align-compiled.cc:127) atai-100C-org_atai_296
LOG (gmm-align-compiled[5.4.217~1-8ae5]:main():gmm-align-compiled.cc:127) atai-100C-org_atai_30
LOG (gmm-align-compiled[5.4.217~1-8ae5]:main():gmm-align-compiled.cc:127) atai-100C-org_atai_306
LOG (gmm-align-compiled[5.4.217~1-8ae5]:main():gmm-align-compiled.cc:127) atai-100C-org_atai_307
LOG (gmm-align-compiled[5.4.217~1-8ae5]:main():gmm-align-compiled.cc:127) atai-100C-org_atai_309
WARNING (gmm-align-compiled[5.4.217~1-8ae5]:AlignUtteranceWrapper():decoder-wrappers.cc:466) Retrying utterance atai-100C-org_atai_309 with beam 24
LOG (gmm-align-compiled[5.4.217~1-8ae5]:main():gmm-align-compiled.cc:127) atai-100C-org_atai_32
WARNING (gmm-align-compiled[5.4.217~1-8ae5]:AlignUtteranceWrapper():decoder-wrappers.cc:466) Retrying utterance atai-100C-org_atai_32 with beam 24
LOG (gmm-align-compiled[5.4.217~1-8ae5]:main():gmm-align-compiled.cc:127) atai-100C-org_atai_332
LOG (gmm-align-compiled[5.4.217~1-8ae5]:main():gmm-align-compiled.cc:127) atai-100C-org_atai_336
WARNING (gmm-align-compiled[5.4.217~1-8ae5]:AlignUtteranceWrapper():decoder-wrappers.cc:466) Retrying utterance atai-100C-org_atai_336 with beam 24
LOG (gmm-align-compiled[5.4.217~1-8ae5]:main():gmm-align-compiled.cc:127) atai-100C-org_atai_343
WARNING (gmm-align-compiled[5.4.217~1-8ae5]:AlignUtteranceWrapper():decoder-wrappers.cc:466) Retrying utterance atai-100C-org_atai_343 with beam 24
LOG (gmm-align-compiled[5.4.217~1-8ae5]:main():gmm-align-compiled.cc:127) atai-100C-org_atai_359
WARNING (gmm-align-compiled[5.4.217~1-8ae5]:AlignUtteranceWrapper():decoder-wrappers.cc:466) Retrying utterance atai-100C-org_atai_359 with beam 24
LOG (gmm-align-compiled[5.4.217~1-8ae5]:main():gmm-align-compiled.cc:127) atai-100C-org_atai_361
LOG (gmm-align-compiled[5.4.217~1-8ae5]:main():gmm-align-compiled.cc:127) atai-100C-org_atai_364
LOG (gmm-align-compiled[5.4.217~1-8ae5]:main():gmm-align-compiled.cc:127) atai-100C-org_atai_368
LOG (gmm-align-compiled[5.4.217~1-8ae5]:main():gmm-align-compiled.cc:127) atai-100C-org_atai_371
LOG (gmm-align-compiled[5.4.217~1-8ae5]:main():gmm-align-compiled.cc:127) atai-100C-org_atai_376
LOG (gmm-align-compiled[5.4.217~1-8ae5]:main():gmm-align-compiled.cc:127) atai-100C-org_atai_378
LOG (apply-cmvn[5.4.217~1-8ae5]:main():apply-cmvn.cc:159) Applied cepstral mean and variance normalization to 25 utterances, errors on 0
LOG (gmm-align-compiled[5.4.217~1-8ae5]:main():gmm-align-compiled.cc:127) atai-100C-org_atai_391
WARNING (gmm-align-compiled[5.4.217~1-8ae5]:AlignUtteranceWrapper():decoder-wrappers.cc:466) Retrying utterance atai-100C-org_atai_391 with beam 24
LOG (gmm-align-compiled[5.4.217~1-8ae5]:main():gmm-align-compiled.cc:135) Overall log-likelihood per frame is -8.44284 over 28493 frames.
LOG (gmm-align-compiled[5.4.217~1-8ae5]:main():gmm-align-compiled.cc:137) Retried 7 out of 25 utterances.
LOG (gmm-align-compiled[5.4.217~1-8ae5]:main():gmm-align-compiled.cc:139) Done 25, errors on 0
# Accounting: time=18 threads=1
# Ended (code 0) at Tue Jul 24 16:52:54 UTC 2018, elapsed time 18 seconds
