# gmm-align-compiled --transition-scale=1.0 --acoustic-scale=0.1 --self-loop-scale=0.1 --beam=6 --retry-beam=24 --careful=false "gmm-boost-silence --boost=1.0 1 exp_atai-100C-org/monophones/10.mdl - |" "ark:gunzip -c exp_atai-100C-org/monophones/fsts.4.gz|" "ark,s,cs:apply-cmvn --norm-vars=true  --utt2spk=ark:data_atai-100C-org/train/split4/4/utt2spk scp:data_atai-100C-org/train/split4/4/cmvn.scp scp:data_atai-100C-org/train/split4/4/feats.scp ark:- | add-deltas ark:- ark:- |" "ark,t:|gzip -c >exp_atai-100C-org/monophones/ali.4.gz" 
# Started at Tue Jul 24 16:53:15 UTC 2018
#
gmm-align-compiled --transition-scale=1.0 --acoustic-scale=0.1 --self-loop-scale=0.1 --beam=6 --retry-beam=24 --careful=false 'gmm-boost-silence --boost=1.0 1 exp_atai-100C-org/monophones/10.mdl - |' 'ark:gunzip -c exp_atai-100C-org/monophones/fsts.4.gz|' 'ark,s,cs:apply-cmvn --norm-vars=true  --utt2spk=ark:data_atai-100C-org/train/split4/4/utt2spk scp:data_atai-100C-org/train/split4/4/cmvn.scp scp:data_atai-100C-org/train/split4/4/feats.scp ark:- | add-deltas ark:- ark:- |' 'ark,t:|gzip -c >exp_atai-100C-org/monophones/ali.4.gz' 
gmm-boost-silence --boost=1.0 1 exp_atai-100C-org/monophones/10.mdl - 
LOG (gmm-boost-silence[5.4.217~1-8ae5]:main():gmm-boost-silence.cc:93) Boosted weights for 5 pdfs, by factor of 1
LOG (gmm-boost-silence[5.4.217~1-8ae5]:main():gmm-boost-silence.cc:103) Wrote model to -
apply-cmvn --norm-vars=true --utt2spk=ark:data_atai-100C-org/train/split4/4/utt2spk scp:data_atai-100C-org/train/split4/4/cmvn.scp scp:data_atai-100C-org/train/split4/4/feats.scp ark:- 
add-deltas ark:- ark:- 
LOG (gmm-align-compiled[5.4.217~1-8ae5]:main():gmm-align-compiled.cc:127) atai-100C-org_atai_514
LOG (gmm-align-compiled[5.4.217~1-8ae5]:main():gmm-align-compiled.cc:127) atai-100C-org_atai_522
LOG (gmm-align-compiled[5.4.217~1-8ae5]:main():gmm-align-compiled.cc:127) atai-100C-org_atai_525
LOG (gmm-align-compiled[5.4.217~1-8ae5]:main():gmm-align-compiled.cc:127) atai-100C-org_atai_532
LOG (gmm-align-compiled[5.4.217~1-8ae5]:main():gmm-align-compiled.cc:127) atai-100C-org_atai_535
WARNING (gmm-align-compiled[5.4.217~1-8ae5]:AlignUtteranceWrapper():decoder-wrappers.cc:466) Retrying utterance atai-100C-org_atai_535 with beam 24
LOG (gmm-align-compiled[5.4.217~1-8ae5]:main():gmm-align-compiled.cc:127) atai-100C-org_atai_539
LOG (gmm-align-compiled[5.4.217~1-8ae5]:main():gmm-align-compiled.cc:127) atai-100C-org_atai_546
LOG (gmm-align-compiled[5.4.217~1-8ae5]:main():gmm-align-compiled.cc:127) atai-100C-org_atai_548
LOG (gmm-align-compiled[5.4.217~1-8ae5]:main():gmm-align-compiled.cc:127) atai-100C-org_atai_566
LOG (gmm-align-compiled[5.4.217~1-8ae5]:main():gmm-align-compiled.cc:127) atai-100C-org_atai_57
LOG (gmm-align-compiled[5.4.217~1-8ae5]:main():gmm-align-compiled.cc:127) atai-100C-org_atai_571
LOG (gmm-align-compiled[5.4.217~1-8ae5]:main():gmm-align-compiled.cc:127) atai-100C-org_atai_578
LOG (gmm-align-compiled[5.4.217~1-8ae5]:main():gmm-align-compiled.cc:127) atai-100C-org_atai_583
LOG (gmm-align-compiled[5.4.217~1-8ae5]:main():gmm-align-compiled.cc:127) atai-100C-org_atai_590
LOG (gmm-align-compiled[5.4.217~1-8ae5]:main():gmm-align-compiled.cc:127) atai-100C-org_atai_593
LOG (gmm-align-compiled[5.4.217~1-8ae5]:main():gmm-align-compiled.cc:127) atai-100C-org_atai_594
LOG (gmm-align-compiled[5.4.217~1-8ae5]:main():gmm-align-compiled.cc:127) atai-100C-org_atai_595
LOG (gmm-align-compiled[5.4.217~1-8ae5]:main():gmm-align-compiled.cc:127) atai-100C-org_atai_596
LOG (gmm-align-compiled[5.4.217~1-8ae5]:main():gmm-align-compiled.cc:127) atai-100C-org_atai_599
LOG (gmm-align-compiled[5.4.217~1-8ae5]:main():gmm-align-compiled.cc:127) atai-100C-org_atai_603
LOG (gmm-align-compiled[5.4.217~1-8ae5]:main():gmm-align-compiled.cc:127) atai-100C-org_atai_73
LOG (gmm-align-compiled[5.4.217~1-8ae5]:main():gmm-align-compiled.cc:127) atai-100C-org_atai_85
LOG (apply-cmvn[5.4.217~1-8ae5]:main():apply-cmvn.cc:159) Applied cepstral mean and variance normalization to 25 utterances, errors on 0
LOG (gmm-align-compiled[5.4.217~1-8ae5]:main():gmm-align-compiled.cc:127) atai-100C-org_atai_89
LOG (gmm-align-compiled[5.4.217~1-8ae5]:main():gmm-align-compiled.cc:127) atai-100C-org_atai_96
LOG (gmm-align-compiled[5.4.217~1-8ae5]:main():gmm-align-compiled.cc:127) atai-100C-org_atai_98
LOG (gmm-align-compiled[5.4.217~1-8ae5]:main():gmm-align-compiled.cc:135) Overall log-likelihood per frame is -1.17764 over 18225 frames.
LOG (gmm-align-compiled[5.4.217~1-8ae5]:main():gmm-align-compiled.cc:137) Retried 1 out of 25 utterances.
LOG (gmm-align-compiled[5.4.217~1-8ae5]:main():gmm-align-compiled.cc:139) Done 25, errors on 0
# Accounting: time=1 threads=1
# Ended (code 0) at Tue Jul 24 16:53:16 UTC 2018, elapsed time 1 seconds
