# compile-train-graphs exp_atai-100C-org/monophones/tree exp_atai-100C-org/monophones/0.mdl data_atai-100C-org/lang/L.fst "ark:sym2int.pl --map-oov 2 -f 2- data_atai-100C-org/lang/words.txt < data_atai-100C-org/train/split4/3/text|" "ark:|gzip -c >exp_atai-100C-org/monophones/fsts.3.gz" 
# Started at Tue Jul 24 16:52:32 UTC 2018
#
compile-train-graphs exp_atai-100C-org/monophones/tree exp_atai-100C-org/monophones/0.mdl data_atai-100C-org/lang/L.fst 'ark:sym2int.pl --map-oov 2 -f 2- data_atai-100C-org/lang/words.txt < data_atai-100C-org/train/split4/3/text|' 'ark:|gzip -c >exp_atai-100C-org/monophones/fsts.3.gz' 
sym2int.pl: replacing салпактаган with 2
sym2int.pl: replacing кулалылар with 2
sym2int.pl: replacing болушкансып with 2
sym2int.pl: replacing кыймылдаганын with 2
sym2int.pl: replacing алыстабай with 2
sym2int.pl: replacing ойкупкайкып with 2
sym2int.pl: replacing көзде with 2
sym2int.pl: replacing аңдыганы with 2
sym2int.pl: replacing аңдыган with 2
sym2int.pl: replacing мейкининен with 2
sym2int.pl: replacing күкүктүн with 2
sym2int.pl: replacing дабышы with 2
sym2int.pl: replacing угулбайт with 2
sym2int.pl: replacing каеринде with 2
sym2int.pl: replacing көзигет with 2
sym2int.pl: replacing куурайдын with 2
sym2int.pl: replacing чыйтчыйт with 2
sym2int.pl: replacing чирилийлешип with 2
sym2int.pl: replacing итирейген with 2
sym2int.pl: replacing өлүгүңдү with 2
sym2int.pl: not warning for OOVs any more times
** Replaced 79 instances of OOVs with 2
LOG (compile-train-graphs[5.4.217~1-8ae5]:main():compile-train-graphs.cc:147) compile-train-graphs: succeeded for 25 graphs, failed for 0
# Accounting: time=3 threads=1
# Ended (code 0) at Tue Jul 24 16:52:35 UTC 2018, elapsed time 3 seconds
