# compute-plp-feats --verbose=2 --config=config/plp.conf scp,p:plp_atai-100F-org/make_plp_log/wav_train.3.scp ark:- | copy-feats --compress=true ark:- ark,scp:/home/ubuntu/kaldi/egs/multi-task-kaldi/mtk/plp_atai-100F-org/raw_plp_train.3.ark,/home/ubuntu/kaldi/egs/multi-task-kaldi/mtk/plp_atai-100F-org/raw_plp_train.3.scp 
# Started at Tue Jul 24 17:07:38 UTC 2018
#
copy-feats --compress=true ark:- ark,scp:/home/ubuntu/kaldi/egs/multi-task-kaldi/mtk/plp_atai-100F-org/raw_plp_train.3.ark,/home/ubuntu/kaldi/egs/multi-task-kaldi/mtk/plp_atai-100F-org/raw_plp_train.3.scp 
compute-plp-feats --verbose=2 --config=config/plp.conf scp,p:plp_atai-100F-org/make_plp_log/wav_train.3.scp ark:- 
VLOG[2] (compute-plp-feats[5.4.217~1-8ae5]:main():compute-plp-feats.cc:173) Processed features for key atai-100F-org_atai_400
VLOG[2] (compute-plp-feats[5.4.217~1-8ae5]:main():compute-plp-feats.cc:173) Processed features for key atai-100F-org_atai_401
VLOG[2] (compute-plp-feats[5.4.217~1-8ae5]:main():compute-plp-feats.cc:173) Processed features for key atai-100F-org_atai_409
VLOG[2] (compute-plp-feats[5.4.217~1-8ae5]:main():compute-plp-feats.cc:173) Processed features for key atai-100F-org_atai_41
VLOG[2] (compute-plp-feats[5.4.217~1-8ae5]:main():compute-plp-feats.cc:173) Processed features for key atai-100F-org_atai_412
VLOG[2] (compute-plp-feats[5.4.217~1-8ae5]:main():compute-plp-feats.cc:173) Processed features for key atai-100F-org_atai_414
VLOG[2] (compute-plp-feats[5.4.217~1-8ae5]:main():compute-plp-feats.cc:173) Processed features for key atai-100F-org_atai_419
VLOG[2] (compute-plp-feats[5.4.217~1-8ae5]:main():compute-plp-feats.cc:173) Processed features for key atai-100F-org_atai_421
VLOG[2] (compute-plp-feats[5.4.217~1-8ae5]:main():compute-plp-feats.cc:173) Processed features for key atai-100F-org_atai_433
LOG (compute-plp-feats[5.4.217~1-8ae5]:main():compute-plp-feats.cc:172) Processed 10 utterances
VLOG[2] (compute-plp-feats[5.4.217~1-8ae5]:main():compute-plp-feats.cc:173) Processed features for key atai-100F-org_atai_441
VLOG[2] (compute-plp-feats[5.4.217~1-8ae5]:main():compute-plp-feats.cc:173) Processed features for key atai-100F-org_atai_446
VLOG[2] (compute-plp-feats[5.4.217~1-8ae5]:main():compute-plp-feats.cc:173) Processed features for key atai-100F-org_atai_448
VLOG[2] (compute-plp-feats[5.4.217~1-8ae5]:main():compute-plp-feats.cc:173) Processed features for key atai-100F-org_atai_456
VLOG[2] (compute-plp-feats[5.4.217~1-8ae5]:main():compute-plp-feats.cc:173) Processed features for key atai-100F-org_atai_480
VLOG[2] (compute-plp-feats[5.4.217~1-8ae5]:main():compute-plp-feats.cc:173) Processed features for key atai-100F-org_atai_482
VLOG[2] (compute-plp-feats[5.4.217~1-8ae5]:main():compute-plp-feats.cc:173) Processed features for key atai-100F-org_atai_487
VLOG[2] (compute-plp-feats[5.4.217~1-8ae5]:main():compute-plp-feats.cc:173) Processed features for key atai-100F-org_atai_49
VLOG[2] (compute-plp-feats[5.4.217~1-8ae5]:main():compute-plp-feats.cc:173) Processed features for key atai-100F-org_atai_497
VLOG[2] (compute-plp-feats[5.4.217~1-8ae5]:main():compute-plp-feats.cc:173) Processed features for key atai-100F-org_atai_498
LOG (compute-plp-feats[5.4.217~1-8ae5]:main():compute-plp-feats.cc:172) Processed 20 utterances
VLOG[2] (compute-plp-feats[5.4.217~1-8ae5]:main():compute-plp-feats.cc:173) Processed features for key atai-100F-org_atai_500
VLOG[2] (compute-plp-feats[5.4.217~1-8ae5]:main():compute-plp-feats.cc:173) Processed features for key atai-100F-org_atai_51
VLOG[2] (compute-plp-feats[5.4.217~1-8ae5]:main():compute-plp-feats.cc:173) Processed features for key atai-100F-org_atai_517
VLOG[2] (compute-plp-feats[5.4.217~1-8ae5]:main():compute-plp-feats.cc:173) Processed features for key atai-100F-org_atai_518
VLOG[2] (compute-plp-feats[5.4.217~1-8ae5]:main():compute-plp-feats.cc:173) Processed features for key atai-100F-org_atai_519
VLOG[2] (compute-plp-feats[5.4.217~1-8ae5]:main():compute-plp-feats.cc:173) Processed features for key atai-100F-org_atai_521
LOG (compute-plp-feats[5.4.217~1-8ae5]:main():compute-plp-feats.cc:176)  Done 25 out of 25 utterances.
LOG (copy-feats[5.4.217~1-8ae5]:main():copy-feats.cc:143) Copied 25 feature matrices.
# Accounting: time=1 threads=1
# Ended (code 0) at Tue Jul 24 17:07:39 UTC 2018, elapsed time 1 seconds
