# gmm-align-compiled --transition-scale=1.0 --acoustic-scale=0.1 --self-loop-scale=0.1 --beam=10 --retry-beam=40 --careful=false "gmm-boost-silence --boost=1.0 1 exp_atai-100C-org/triphones/10.mdl - |" "ark:gunzip -c exp_atai-100C-org/triphones/fsts.3.gz|" "ark,s,cs:apply-cmvn  --utt2spk=ark:data_atai-100C-org/train/split4/3/utt2spk scp:data_atai-100C-org/train/split4/3/cmvn.scp scp:data_atai-100C-org/train/split4/3/feats.scp ark:- | add-deltas ark:- ark:- |" "ark:|gzip -c >exp_atai-100C-org/triphones/ali.3.gz" 
# Started at Tue Jul 24 16:53:47 UTC 2018
#
gmm-align-compiled --transition-scale=1.0 --acoustic-scale=0.1 --self-loop-scale=0.1 --beam=10 --retry-beam=40 --careful=false 'gmm-boost-silence --boost=1.0 1 exp_atai-100C-org/triphones/10.mdl - |' 'ark:gunzip -c exp_atai-100C-org/triphones/fsts.3.gz|' 'ark,s,cs:apply-cmvn  --utt2spk=ark:data_atai-100C-org/train/split4/3/utt2spk scp:data_atai-100C-org/train/split4/3/cmvn.scp scp:data_atai-100C-org/train/split4/3/feats.scp ark:- | add-deltas ark:- ark:- |' 'ark:|gzip -c >exp_atai-100C-org/triphones/ali.3.gz' 
gmm-boost-silence --boost=1.0 1 exp_atai-100C-org/triphones/10.mdl - 
LOG (gmm-boost-silence[5.4.217~1-8ae5]:main():gmm-boost-silence.cc:93) Boosted weights for 5 pdfs, by factor of 1
LOG (gmm-boost-silence[5.4.217~1-8ae5]:main():gmm-boost-silence.cc:103) Wrote model to -
add-deltas ark:- ark:- 
apply-cmvn --utt2spk=ark:data_atai-100C-org/train/split4/3/utt2spk scp:data_atai-100C-org/train/split4/3/cmvn.scp scp:data_atai-100C-org/train/split4/3/feats.scp ark:- 
LOG (gmm-align-compiled[5.4.217~1-8ae5]:main():gmm-align-compiled.cc:127) atai-100C-org_atai_393
LOG (gmm-align-compiled[5.4.217~1-8ae5]:main():gmm-align-compiled.cc:127) atai-100C-org_atai_394
LOG (gmm-align-compiled[5.4.217~1-8ae5]:main():gmm-align-compiled.cc:127) atai-100C-org_atai_40
LOG (gmm-align-compiled[5.4.217~1-8ae5]:main():gmm-align-compiled.cc:127) atai-100C-org_atai_402
LOG (gmm-align-compiled[5.4.217~1-8ae5]:main():gmm-align-compiled.cc:127) atai-100C-org_atai_404
LOG (gmm-align-compiled[5.4.217~1-8ae5]:main():gmm-align-compiled.cc:127) atai-100C-org_atai_405
LOG (gmm-align-compiled[5.4.217~1-8ae5]:main():gmm-align-compiled.cc:127) atai-100C-org_atai_410
LOG (gmm-align-compiled[5.4.217~1-8ae5]:main():gmm-align-compiled.cc:127) atai-100C-org_atai_413
LOG (gmm-align-compiled[5.4.217~1-8ae5]:main():gmm-align-compiled.cc:127) atai-100C-org_atai_417
LOG (gmm-align-compiled[5.4.217~1-8ae5]:main():gmm-align-compiled.cc:127) atai-100C-org_atai_422
LOG (gmm-align-compiled[5.4.217~1-8ae5]:main():gmm-align-compiled.cc:127) atai-100C-org_atai_432
LOG (gmm-align-compiled[5.4.217~1-8ae5]:main():gmm-align-compiled.cc:127) atai-100C-org_atai_440
LOG (gmm-align-compiled[5.4.217~1-8ae5]:main():gmm-align-compiled.cc:127) atai-100C-org_atai_444
LOG (gmm-align-compiled[5.4.217~1-8ae5]:main():gmm-align-compiled.cc:127) atai-100C-org_atai_453
LOG (gmm-align-compiled[5.4.217~1-8ae5]:main():gmm-align-compiled.cc:127) atai-100C-org_atai_454
LOG (gmm-align-compiled[5.4.217~1-8ae5]:main():gmm-align-compiled.cc:127) atai-100C-org_atai_466
LOG (gmm-align-compiled[5.4.217~1-8ae5]:main():gmm-align-compiled.cc:127) atai-100C-org_atai_467
LOG (gmm-align-compiled[5.4.217~1-8ae5]:main():gmm-align-compiled.cc:127) atai-100C-org_atai_477
LOG (gmm-align-compiled[5.4.217~1-8ae5]:main():gmm-align-compiled.cc:127) atai-100C-org_atai_481
LOG (gmm-align-compiled[5.4.217~1-8ae5]:main():gmm-align-compiled.cc:127) atai-100C-org_atai_484
LOG (gmm-align-compiled[5.4.217~1-8ae5]:main():gmm-align-compiled.cc:127) atai-100C-org_atai_489
LOG (gmm-align-compiled[5.4.217~1-8ae5]:main():gmm-align-compiled.cc:127) atai-100C-org_atai_493
LOG (gmm-align-compiled[5.4.217~1-8ae5]:main():gmm-align-compiled.cc:127) atai-100C-org_atai_499
LOG (apply-cmvn[5.4.217~1-8ae5]:main():apply-cmvn.cc:162) Applied cepstral mean normalization to 25 utterances, errors on 0
LOG (gmm-align-compiled[5.4.217~1-8ae5]:main():gmm-align-compiled.cc:127) atai-100C-org_atai_509
LOG (gmm-align-compiled[5.4.217~1-8ae5]:main():gmm-align-compiled.cc:127) atai-100C-org_atai_511
LOG (gmm-align-compiled[5.4.217~1-8ae5]:main():gmm-align-compiled.cc:135) Overall log-likelihood per frame is 14.9282 over 22179 frames.
LOG (gmm-align-compiled[5.4.217~1-8ae5]:main():gmm-align-compiled.cc:137) Retried 0 out of 25 utterances.
LOG (gmm-align-compiled[5.4.217~1-8ae5]:main():gmm-align-compiled.cc:139) Done 25, errors on 0
# Accounting: time=2 threads=1
# Ended (code 0) at Tue Jul 24 16:53:49 UTC 2018, elapsed time 2 seconds
