# compile-train-graphs exp_atai-100C-org/triphones/tree exp_atai-100C-org/triphones/1.mdl data_atai-100C-org/lang/L.fst "ark:utils/sym2int.pl --map-oov 2 -f 2- data_atai-100C-org/lang/words.txt < data_atai-100C-org/train/split4/1/text |" "ark:|gzip -c >exp_atai-100C-org/triphones/fsts.1.gz" 
# Started at Tue Jul 24 16:53:40 UTC 2018
#
compile-train-graphs exp_atai-100C-org/triphones/tree exp_atai-100C-org/triphones/1.mdl data_atai-100C-org/lang/L.fst 'ark:utils/sym2int.pl --map-oov 2 -f 2- data_atai-100C-org/lang/words.txt < data_atai-100C-org/train/split4/1/text |' 'ark:|gzip -c >exp_atai-100C-org/triphones/fsts.1.gz' 
sym2int.pl: replacing жубарымбек with 2
sym2int.pl: replacing көрсөтчү with 2
sym2int.pl: replacing абдыракманды with 2
sym2int.pl: replacing субандын with 2
sym2int.pl: replacing жалгызын with 2
sym2int.pl: replacing коюпшады with 2
sym2int.pl: replacing табыптарды with 2
sym2int.pl: replacing чакырды with 2
sym2int.pl: replacing жибердиби with 2
sym2int.pl: replacing жалдырады with 2
sym2int.pl: replacing тымпыйышат with 2
sym2int.pl: replacing кулагың with 2
sym2int.pl: replacing жуурканды with 2
sym2int.pl: replacing камчысынын with 2
sym2int.pl: replacing кайрыды with 2
sym2int.pl: replacing такалды with 2
sym2int.pl: replacing кылгансыбай with 2
sym2int.pl: replacing ачканга with 2
sym2int.pl: replacing жетине with 2
sym2int.pl: replacing акжолтойлорум with 2
sym2int.pl: not warning for OOVs any more times
** Replaced 57 instances of OOVs with 2
LOG (compile-train-graphs[5.4.217~1-8ae5]:main():compile-train-graphs.cc:147) compile-train-graphs: succeeded for 25 graphs, failed for 0
# Accounting: time=3 threads=1
# Ended (code 0) at Tue Jul 24 16:53:43 UTC 2018, elapsed time 3 seconds
