# compile-train-graphs exp_atai-100B-org/monophones/tree exp_atai-100B-org/monophones/0.mdl data_atai-100B-org/lang/L.fst "ark:sym2int.pl --map-oov 2 -f 2- data_atai-100B-org/lang/words.txt < data_atai-100B-org/train/split4/2/text|" "ark:|gzip -c >exp_atai-100B-org/monophones/fsts.2.gz" 
# Started at Tue Jul 24 16:47:06 UTC 2018
#
compile-train-graphs exp_atai-100B-org/monophones/tree exp_atai-100B-org/monophones/0.mdl data_atai-100B-org/lang/L.fst 'ark:sym2int.pl --map-oov 2 -f 2- data_atai-100B-org/lang/words.txt < data_atai-100B-org/train/split4/2/text|' 'ark:|gzip -c >exp_atai-100B-org/monophones/fsts.2.gz' 
sym2int.pl: replacing дирилдей with 2
sym2int.pl: replacing биринсериндеп with 2
sym2int.pl: replacing таңшытса with 2
sym2int.pl: replacing айбыгып with 2
sym2int.pl: replacing кусалыгын with 2
sym2int.pl: replacing созолонтчу with 2
sym2int.pl: replacing токолунун with 2
sym2int.pl: replacing төшөгүндө with 2
sym2int.pl: replacing ортончу with 2
sym2int.pl: replacing кылбас with 2
sym2int.pl: replacing абдыракмандын with 2
sym2int.pl: replacing кожокенин with 2
sym2int.pl: replacing балаага with 2
sym2int.pl: replacing аманэсен with 2
sym2int.pl: replacing кожокени with 2
sym2int.pl: replacing эмки with 2
sym2int.pl: replacing субанда with 2
sym2int.pl: replacing сүйүндүрөт with 2
sym2int.pl: replacing күйүндүрөт with 2
sym2int.pl: replacing сүйүнгөнү with 2
sym2int.pl: not warning for OOVs any more times
** Replaced 81 instances of OOVs with 2
LOG (compile-train-graphs[5.4.217~1-8ae5]:main():compile-train-graphs.cc:147) compile-train-graphs: succeeded for 25 graphs, failed for 0
# Accounting: time=3 threads=1
# Ended (code 0) at Tue Jul 24 16:47:09 UTC 2018, elapsed time 3 seconds
