# compile-train-graphs exp_atai-100D-org/triphones_aligned/tree exp_atai-100D-org/triphones_aligned/final.mdl data_atai-100D-org/lang/L.fst "ark:utils/sym2int.pl --map-oov 2 -f 2- data_atai-100D-org/lang/words.txt data_atai-100D-org/train/split4/4/text|" ark:- | gmm-align-compiled --transition-scale=1.0 --acoustic-scale=0.1 --self-loop-scale=0.1 --beam=10 --retry-beam=40 --careful=false "gmm-boost-silence --boost=1.25 1 exp_atai-100D-org/triphones_aligned/final.mdl - |" ark:- "ark,s,cs:apply-cmvn  --utt2spk=ark:data_atai-100D-org/train/split4/4/utt2spk scp:data_atai-100D-org/train/split4/4/cmvn.scp scp:data_atai-100D-org/train/split4/4/feats.scp ark:- | add-deltas  ark:- ark:- |" "ark,t:|gzip -c >exp_atai-100D-org/triphones_aligned/ali.4.gz" 
# Started at Tue Jul 24 16:59:27 UTC 2018
#
gmm-align-compiled --transition-scale=1.0 --acoustic-scale=0.1 --self-loop-scale=0.1 --beam=10 --retry-beam=40 --careful=false 'gmm-boost-silence --boost=1.25 1 exp_atai-100D-org/triphones_aligned/final.mdl - |' ark:- 'ark,s,cs:apply-cmvn  --utt2spk=ark:data_atai-100D-org/train/split4/4/utt2spk scp:data_atai-100D-org/train/split4/4/cmvn.scp scp:data_atai-100D-org/train/split4/4/feats.scp ark:- | add-deltas  ark:- ark:- |' 'ark,t:|gzip -c >exp_atai-100D-org/triphones_aligned/ali.4.gz' 
compile-train-graphs exp_atai-100D-org/triphones_aligned/tree exp_atai-100D-org/triphones_aligned/final.mdl data_atai-100D-org/lang/L.fst 'ark:utils/sym2int.pl --map-oov 2 -f 2- data_atai-100D-org/lang/words.txt data_atai-100D-org/train/split4/4/text|' ark:- 
gmm-boost-silence --boost=1.25 1 exp_atai-100D-org/triphones_aligned/final.mdl - 
LOG (gmm-boost-silence[5.4.217~1-8ae5]:main():gmm-boost-silence.cc:93) Boosted weights for 5 pdfs, by factor of 1.25
LOG (gmm-boost-silence[5.4.217~1-8ae5]:main():gmm-boost-silence.cc:103) Wrote model to -
sym2int.pl: replacing сындырбайт with 2
sym2int.pl: replacing жомокко with 2
sym2int.pl: replacing ишенчү with 2
sym2int.pl: replacing көздешпегени with 2
sym2int.pl: replacing каратөлөк with 2
sym2int.pl: replacing карманганы with 2
sym2int.pl: replacing күмбөзүнүн with 2
sym2int.pl: replacing түшүштү with 2
sym2int.pl: replacing аккыз with 2
sym2int.pl: replacing токолунан with 2
sym2int.pl: replacing дабышы with 2
sym2int.pl: replacing басылды with 2
sym2int.pl: replacing тосушуп with 2
sym2int.pl: replacing киргизишти with 2
sym2int.pl: replacing султаналынын with 2
sym2int.pl: replacing алжайын with 2
sym2int.pl: replacing түгөлүн with 2
sym2int.pl: replacing сурашты with 2
sym2int.pl: replacing угарын with 2
sym2int.pl: replacing билерин with 2
sym2int.pl: not warning for OOVs any more times
** Replaced 71 instances of OOVs with 2
apply-cmvn --utt2spk=ark:data_atai-100D-org/train/split4/4/utt2spk scp:data_atai-100D-org/train/split4/4/cmvn.scp scp:data_atai-100D-org/train/split4/4/feats.scp ark:- 
add-deltas ark:- ark:- 
LOG (gmm-align-compiled[5.4.217~1-8ae5]:main():gmm-align-compiled.cc:127) atai-100D-org_atai_473
LOG (gmm-align-compiled[5.4.217~1-8ae5]:main():gmm-align-compiled.cc:127) atai-100D-org_atai_492
LOG (gmm-align-compiled[5.4.217~1-8ae5]:main():gmm-align-compiled.cc:127) atai-100D-org_atai_502
LOG (gmm-align-compiled[5.4.217~1-8ae5]:main():gmm-align-compiled.cc:127) atai-100D-org_atai_503
LOG (gmm-align-compiled[5.4.217~1-8ae5]:main():gmm-align-compiled.cc:127) atai-100D-org_atai_505
LOG (gmm-align-compiled[5.4.217~1-8ae5]:main():gmm-align-compiled.cc:127) atai-100D-org_atai_508
LOG (gmm-align-compiled[5.4.217~1-8ae5]:main():gmm-align-compiled.cc:127) atai-100D-org_atai_53
LOG (gmm-align-compiled[5.4.217~1-8ae5]:main():gmm-align-compiled.cc:127) atai-100D-org_atai_560
LOG (gmm-align-compiled[5.4.217~1-8ae5]:main():gmm-align-compiled.cc:127) atai-100D-org_atai_565
LOG (gmm-align-compiled[5.4.217~1-8ae5]:main():gmm-align-compiled.cc:127) atai-100D-org_atai_569
LOG (gmm-align-compiled[5.4.217~1-8ae5]:main():gmm-align-compiled.cc:127) atai-100D-org_atai_574
LOG (gmm-align-compiled[5.4.217~1-8ae5]:main():gmm-align-compiled.cc:127) atai-100D-org_atai_577
LOG (gmm-align-compiled[5.4.217~1-8ae5]:main():gmm-align-compiled.cc:127) atai-100D-org_atai_579
LOG (gmm-align-compiled[5.4.217~1-8ae5]:main():gmm-align-compiled.cc:127) atai-100D-org_atai_581
LOG (gmm-align-compiled[5.4.217~1-8ae5]:main():gmm-align-compiled.cc:127) atai-100D-org_atai_585
LOG (gmm-align-compiled[5.4.217~1-8ae5]:main():gmm-align-compiled.cc:127) atai-100D-org_atai_597
LOG (gmm-align-compiled[5.4.217~1-8ae5]:main():gmm-align-compiled.cc:127) atai-100D-org_atai_600
LOG (gmm-align-compiled[5.4.217~1-8ae5]:main():gmm-align-compiled.cc:127) atai-100D-org_atai_602
LOG (gmm-align-compiled[5.4.217~1-8ae5]:main():gmm-align-compiled.cc:127) atai-100D-org_atai_610
LOG (gmm-align-compiled[5.4.217~1-8ae5]:main():gmm-align-compiled.cc:127) atai-100D-org_atai_75
LOG (gmm-align-compiled[5.4.217~1-8ae5]:main():gmm-align-compiled.cc:127) atai-100D-org_atai_80
LOG (gmm-align-compiled[5.4.217~1-8ae5]:main():gmm-align-compiled.cc:127) atai-100D-org_atai_87
LOG (gmm-align-compiled[5.4.217~1-8ae5]:main():gmm-align-compiled.cc:127) atai-100D-org_atai_91
LOG (apply-cmvn[5.4.217~1-8ae5]:main():apply-cmvn.cc:162) Applied cepstral mean normalization to 25 utterances, errors on 0
LOG (gmm-align-compiled[5.4.217~1-8ae5]:main():gmm-align-compiled.cc:127) atai-100D-org_atai_93
LOG (compile-train-graphs[5.4.217~1-8ae5]:main():compile-train-graphs.cc:147) compile-train-graphs: succeeded for 25 graphs, failed for 0
LOG (gmm-align-compiled[5.4.217~1-8ae5]:main():gmm-align-compiled.cc:127) atai-100D-org_atai_94
LOG (gmm-align-compiled[5.4.217~1-8ae5]:main():gmm-align-compiled.cc:135) Overall log-likelihood per frame is 16.5319 over 23275 frames.
LOG (gmm-align-compiled[5.4.217~1-8ae5]:main():gmm-align-compiled.cc:137) Retried 0 out of 25 utterances.
LOG (gmm-align-compiled[5.4.217~1-8ae5]:main():gmm-align-compiled.cc:139) Done 25, errors on 0
# Accounting: time=5 threads=1
# Ended (code 0) at Tue Jul 24 16:59:32 UTC 2018, elapsed time 5 seconds
