# gmm-align-compiled --transition-scale=1.0 --acoustic-scale=0.1 --self-loop-scale=0.1 --beam=10 --retry-beam=40 --careful=false "gmm-boost-silence --boost=1.0 1 exp_atai-100A-mod/triphones/10.mdl - |" "ark:gunzip -c exp_atai-100A-mod/triphones/fsts.7.gz|" "ark,s,cs:apply-cmvn  --utt2spk=ark:data_atai-100A-mod/train/split32/7/utt2spk scp:data_atai-100A-mod/train/split32/7/cmvn.scp scp:data_atai-100A-mod/train/split32/7/feats.scp ark:- | add-deltas ark:- ark:- |" "ark:|gzip -c >exp_atai-100A-mod/triphones/ali.7.gz" 
# Started at Thu Aug  2 13:27:34 UTC 2018
#
gmm-align-compiled --transition-scale=1.0 --acoustic-scale=0.1 --self-loop-scale=0.1 --beam=10 --retry-beam=40 --careful=false 'gmm-boost-silence --boost=1.0 1 exp_atai-100A-mod/triphones/10.mdl - |' 'ark:gunzip -c exp_atai-100A-mod/triphones/fsts.7.gz|' 'ark,s,cs:apply-cmvn  --utt2spk=ark:data_atai-100A-mod/train/split32/7/utt2spk scp:data_atai-100A-mod/train/split32/7/cmvn.scp scp:data_atai-100A-mod/train/split32/7/feats.scp ark:- | add-deltas ark:- ark:- |' 'ark:|gzip -c >exp_atai-100A-mod/triphones/ali.7.gz' 
gmm-boost-silence --boost=1.0 1 exp_atai-100A-mod/triphones/10.mdl - 
LOG (gmm-boost-silence[5.4.224~1-d4d9]:main():gmm-boost-silence.cc:93) Boosted weights for 5 pdfs, by factor of 1
LOG (gmm-boost-silence[5.4.224~1-d4d9]:main():gmm-boost-silence.cc:103) Wrote model to -
add-deltas ark:- ark:- 
apply-cmvn --utt2spk=ark:data_atai-100A-mod/train/split32/7/utt2spk scp:data_atai-100A-mod/train/split32/7/cmvn.scp scp:data_atai-100A-mod/train/split32/7/feats.scp ark:- 
LOG (gmm-align-compiled[5.4.224~1-d4d9]:main():gmm-align-compiled.cc:127) atai-100A-mod_atai_193
LOG (gmm-align-compiled[5.4.224~1-d4d9]:main():gmm-align-compiled.cc:127) atai-100A-mod_atai_194
LOG (gmm-align-compiled[5.4.224~1-d4d9]:main():gmm-align-compiled.cc:127) atai-100A-mod_atai_195
LOG (gmm-align-compiled[5.4.224~1-d4d9]:main():gmm-align-compiled.cc:127) atai-100A-mod_atai_196
WARNING (gmm-align-compiled[5.4.224~1-d4d9]:AlignUtteranceWrapper():decoder-wrappers.cc:466) Retrying utterance atai-100A-mod_atai_196 with beam 40
LOG (gmm-align-compiled[5.4.224~1-d4d9]:main():gmm-align-compiled.cc:127) atai-100A-mod_atai_197
LOG (gmm-align-compiled[5.4.224~1-d4d9]:main():gmm-align-compiled.cc:127) atai-100A-mod_atai_198
LOG (gmm-align-compiled[5.4.224~1-d4d9]:main():gmm-align-compiled.cc:127) atai-100A-mod_atai_199
LOG (gmm-align-compiled[5.4.224~1-d4d9]:main():gmm-align-compiled.cc:127) atai-100A-mod_atai_20
LOG (gmm-align-compiled[5.4.224~1-d4d9]:main():gmm-align-compiled.cc:127) atai-100A-mod_atai_201
LOG (gmm-align-compiled[5.4.224~1-d4d9]:main():gmm-align-compiled.cc:127) atai-100A-mod_atai_202
LOG (gmm-align-compiled[5.4.224~1-d4d9]:main():gmm-align-compiled.cc:127) atai-100A-mod_atai_204
LOG (gmm-align-compiled[5.4.224~1-d4d9]:main():gmm-align-compiled.cc:127) atai-100A-mod_atai_205
LOG (gmm-align-compiled[5.4.224~1-d4d9]:main():gmm-align-compiled.cc:127) atai-100A-mod_atai_206
LOG (apply-cmvn[5.4.224~1-d4d9]:main():apply-cmvn.cc:162) Applied cepstral mean normalization to 16 utterances, errors on 0
LOG (gmm-align-compiled[5.4.224~1-d4d9]:main():gmm-align-compiled.cc:127) atai-100A-mod_atai_207
LOG (gmm-align-compiled[5.4.224~1-d4d9]:main():gmm-align-compiled.cc:127) atai-100A-mod_atai_208
LOG (gmm-align-compiled[5.4.224~1-d4d9]:main():gmm-align-compiled.cc:127) atai-100A-mod_atai_209
LOG (gmm-align-compiled[5.4.224~1-d4d9]:main():gmm-align-compiled.cc:135) Overall log-likelihood per frame is 14.9603 over 10205 frames.
LOG (gmm-align-compiled[5.4.224~1-d4d9]:main():gmm-align-compiled.cc:137) Retried 1 out of 16 utterances.
LOG (gmm-align-compiled[5.4.224~1-d4d9]:main():gmm-align-compiled.cc:139) Done 16, errors on 0
# Accounting: time=1 threads=1
# Ended (code 0) at Thu Aug  2 13:27:35 UTC 2018, elapsed time 1 seconds
