# compile-train-graphs exp_atai-100A-mod/triphones/tree exp_atai-100A-mod/triphones/1.mdl data_atai-100A-mod/lang/L.fst "ark:utils/sym2int.pl --map-oov 2 -f 2- data_atai-100A-mod/lang/words.txt < data_atai-100A-mod/train/split32/21/text |" "ark:|gzip -c >exp_atai-100A-mod/triphones/fsts.21.gz" 
# Started at Thu Aug  2 13:27:25 UTC 2018
#
compile-train-graphs exp_atai-100A-mod/triphones/tree exp_atai-100A-mod/triphones/1.mdl data_atai-100A-mod/lang/L.fst 'ark:utils/sym2int.pl --map-oov 2 -f 2- data_atai-100A-mod/lang/words.txt < data_atai-100A-mod/train/split32/21/text |' 'ark:|gzip -c >exp_atai-100A-mod/triphones/fsts.21.gz' 
sym2int.pl: replacing ташын with 2
sym2int.pl: replacing бүтүшкөндөн with 2
sym2int.pl: replacing борозду with 2
sym2int.pl: replacing өнөт with 2
sym2int.pl: replacing шумдугуң with 2
sym2int.pl: replacing султаналы with 2
sym2int.pl: replacing кылыша with 2
sym2int.pl: replacing ысыды with 2
sym2int.pl: replacing тепселип with 2
sym2int.pl: replacing чымынчиркей with 2
sym2int.pl: replacing ылаага with 2
sym2int.pl: replacing тескейлери with 2
sym2int.pl: replacing ыктаса with 2
sym2int.pl: replacing кантсин with 2
sym2int.pl: replacing өтпөөчүдөй with 2
sym2int.pl: replacing суусамырга with 2
sym2int.pl: replacing көчүшүп with 2
sym2int.pl: replacing байлары with 2
sym2int.pl: replacing жайлоосун with 2
sym2int.pl: replacing өрдөшкөн with 2
sym2int.pl: not warning for OOVs any more times
** Replaced 87 instances of OOVs with 2
LOG (compile-train-graphs[5.4.224~1-d4d9]:main():compile-train-graphs.cc:147) compile-train-graphs: succeeded for 16 graphs, failed for 0
# Accounting: time=4 threads=1
# Ended (code 0) at Thu Aug  2 13:27:29 UTC 2018, elapsed time 4 seconds
