# compile-train-graphs exp_atai-100A-mod/triphones/tree exp_atai-100A-mod/triphones/1.mdl data_atai-100A-mod/lang/L.fst "ark:utils/sym2int.pl --map-oov 2 -f 2- data_atai-100A-mod/lang/words.txt < data_atai-100A-mod/train/split32/27/text |" "ark:|gzip -c >exp_atai-100A-mod/triphones/fsts.27.gz" 
# Started at Thu Aug  2 13:27:25 UTC 2018
#
compile-train-graphs exp_atai-100A-mod/triphones/tree exp_atai-100A-mod/triphones/1.mdl data_atai-100A-mod/lang/L.fst 'ark:utils/sym2int.pl --map-oov 2 -f 2- data_atai-100A-mod/lang/words.txt < data_atai-100A-mod/train/split32/27/text |' 'ark:|gzip -c >exp_atai-100A-mod/triphones/fsts.27.gz' 
sym2int.pl: replacing билчү with 2
sym2int.pl: replacing уйлуу with 2
sym2int.pl: replacing көзи with 2
sym2int.pl: replacing уурулар with 2
sym2int.pl: replacing жетсин with 2
sym2int.pl: replacing жаңтакпай with 2
sym2int.pl: replacing кайрый with 2
sym2int.pl: replacing уурулардын with 2
sym2int.pl: replacing шаштырат with 2
sym2int.pl: replacing уюңду with 2
sym2int.pl: replacing уурулар with 2
sym2int.pl: replacing жантакпайдын with 2
sym2int.pl: replacing кумарпосторду with 2
sym2int.pl: replacing ышкысына with 2
sym2int.pl: replacing короосуна with 2
sym2int.pl: replacing далдаланып with 2
sym2int.pl: replacing тыңшашканын with 2
sym2int.pl: replacing жантакпайдын with 2
sym2int.pl: replacing мойнокту with 2
sym2int.pl: replacing аккыз with 2
sym2int.pl: not warning for OOVs any more times
** Replaced 31 instances of OOVs with 2
LOG (compile-train-graphs[5.4.224~1-d4d9]:main():compile-train-graphs.cc:147) compile-train-graphs: succeeded for 16 graphs, failed for 0
# Accounting: time=3 threads=1
# Ended (code 0) at Thu Aug  2 13:27:28 UTC 2018, elapsed time 3 seconds
