# compile-train-graphs exp_atai-100A-mod/triphones/tree exp_atai-100A-mod/triphones/1.mdl data_atai-100A-mod/lang/L.fst "ark:utils/sym2int.pl --map-oov 2 -f 2- data_atai-100A-mod/lang/words.txt < data_atai-100A-mod/train/split32/15/text |" "ark:|gzip -c >exp_atai-100A-mod/triphones/fsts.15.gz" 
# Started at Thu Aug  2 13:27:25 UTC 2018
#
compile-train-graphs exp_atai-100A-mod/triphones/tree exp_atai-100A-mod/triphones/1.mdl data_atai-100A-mod/lang/L.fst 'ark:utils/sym2int.pl --map-oov 2 -f 2- data_atai-100A-mod/lang/words.txt < data_atai-100A-mod/train/split32/15/text |' 'ark:|gzip -c >exp_atai-100A-mod/triphones/fsts.15.gz' 
sym2int.pl: replacing коштошту with 2
sym2int.pl: replacing чертпейт with 2
sym2int.pl: replacing атайга with 2
sym2int.pl: replacing үйрөтөр with 2
sym2int.pl: replacing үчүндүр with 2
sym2int.pl: replacing кежигесинен with 2
sym2int.pl: replacing баскансыган with 2
sym2int.pl: replacing уңулдап with 2
sym2int.pl: replacing аккыз with 2
sym2int.pl: replacing барча with 2
sym2int.pl: replacing жабыла with 2
sym2int.pl: replacing аккыз with 2
sym2int.pl: replacing жалыныпжалбарып with 2
sym2int.pl: replacing соорото with 2
sym2int.pl: replacing сооронбоду with 2
sym2int.pl: replacing шыңгыраганы with 2
sym2int.pl: replacing кыйчылдаганы with 2
sym2int.pl: replacing угулду with 2
sym2int.pl: replacing тарбалаңдап with 2
sym2int.pl: replacing кыйкырды with 2
sym2int.pl: not warning for OOVs any more times
** Replaced 78 instances of OOVs with 2
LOG (compile-train-graphs[5.4.224~1-d4d9]:main():compile-train-graphs.cc:147) compile-train-graphs: succeeded for 16 graphs, failed for 0
# Accounting: time=4 threads=1
# Ended (code 0) at Thu Aug  2 13:27:29 UTC 2018, elapsed time 4 seconds
