# compile-train-graphs exp_atai-100A-mod/triphones/tree exp_atai-100A-mod/triphones/1.mdl data_atai-100A-mod/lang/L.fst "ark:utils/sym2int.pl --map-oov 2 -f 2- data_atai-100A-mod/lang/words.txt < data_atai-100A-mod/train/split32/3/text |" "ark:|gzip -c >exp_atai-100A-mod/triphones/fsts.3.gz" 
# Started at Thu Aug  2 13:27:25 UTC 2018
#
compile-train-graphs exp_atai-100A-mod/triphones/tree exp_atai-100A-mod/triphones/1.mdl data_atai-100A-mod/lang/L.fst 'ark:utils/sym2int.pl --map-oov 2 -f 2- data_atai-100A-mod/lang/words.txt < data_atai-100A-mod/train/split32/3/text |' 'ark:|gzip -c >exp_atai-100A-mod/triphones/fsts.3.gz' 
sym2int.pl: replacing байа with 2
sym2int.pl: replacing сурамжылашат with 2
sym2int.pl: replacing зуурага with 2
sym2int.pl: replacing кыжырланып with 2
sym2int.pl: replacing эмиштер with 2
sym2int.pl: replacing ушакайыңдар with 2
sym2int.pl: replacing байга with 2
sym2int.pl: replacing эрегиши with 2
sym2int.pl: replacing унчукпайт with 2
sym2int.pl: replacing алыптырбы with 2
sym2int.pl: replacing байга with 2
sym2int.pl: replacing жалдын with 2
sym2int.pl: replacing күйүтүнө with 2
sym2int.pl: replacing долуланып with 2
sym2int.pl: replacing тарабай with 2
sym2int.pl: replacing оозмооз with 2
sym2int.pl: replacing сүйлөшкүсү with 2
sym2int.pl: replacing түңүлгөндөн with 2
sym2int.pl: replacing ысыксуугуна with 2
sym2int.pl: replacing азаптозогуна with 2
sym2int.pl: not warning for OOVs any more times
** Replaced 67 instances of OOVs with 2
LOG (compile-train-graphs[5.4.224~1-d4d9]:main():compile-train-graphs.cc:147) compile-train-graphs: succeeded for 16 graphs, failed for 0
# Accounting: time=4 threads=1
# Ended (code 0) at Thu Aug  2 13:27:29 UTC 2018, elapsed time 4 seconds
