# compile-train-graphs exp_atai-100A-mod/triphones/tree exp_atai-100A-mod/triphones/1.mdl data_atai-100A-mod/lang/L.fst "ark:utils/sym2int.pl --map-oov 2 -f 2- data_atai-100A-mod/lang/words.txt < data_atai-100A-mod/train/split4/1/text |" "ark:|gzip -c >exp_atai-100A-mod/triphones/fsts.1.gz" 
# Started at Tue Jul 24 16:10:25 UTC 2018
#
compile-train-graphs exp_atai-100A-mod/triphones/tree exp_atai-100A-mod/triphones/1.mdl data_atai-100A-mod/lang/L.fst 'ark:utils/sym2int.pl --map-oov 2 -f 2- data_atai-100A-mod/lang/words.txt < data_atai-100A-mod/train/split4/1/text |' 'ark:|gzip -c >exp_atai-100A-mod/triphones/fsts.1.gz' 
sym2int.pl: replacing мобу with 2
sym2int.pl: replacing тактайдай with 2
sym2int.pl: replacing тептегиз with 2
sym2int.pl: replacing жепирекей with 2
sym2int.pl: replacing дөңсөөнүн with 2
sym2int.pl: replacing көккашат with 2
sym2int.pl: replacing күкүктөп with 2
sym2int.pl: replacing жалына with 2
sym2int.pl: replacing дүпүйүп with 2
sym2int.pl: replacing кыялды with 2
sym2int.pl: replacing окторулган with 2
sym2int.pl: replacing арыктын with 2
sym2int.pl: replacing күрмөсүнүн with 2
sym2int.pl: replacing түрүнүп with 2
sym2int.pl: replacing жылаңаяк with 2
sym2int.pl: replacing түндөгү with 2
sym2int.pl: replacing тоюнуп with 2
sym2int.pl: replacing шашпагыла with 2
sym2int.pl: replacing көзүңөрдү with 2
sym2int.pl: replacing ачармын with 2
sym2int.pl: not warning for OOVs any more times
** Replaced 73 instances of OOVs with 2
LOG (compile-train-graphs[5.4.217~1-8ae5]:main():compile-train-graphs.cc:147) compile-train-graphs: succeeded for 25 graphs, failed for 0
# Accounting: time=3 threads=1
# Ended (code 0) at Tue Jul 24 16:10:28 UTC 2018, elapsed time 3 seconds
