# compile-train-graphs exp_atai-100A-mod/triphones/tree exp_atai-100A-mod/triphones/1.mdl data_atai-100A-mod/lang/L.fst "ark:utils/sym2int.pl --map-oov 2 -f 2- data_atai-100A-mod/lang/words.txt < data_atai-100A-mod/train/split32/8/text |" "ark:|gzip -c >exp_atai-100A-mod/triphones/fsts.8.gz" 
# Started at Thu Aug  2 13:27:25 UTC 2018
#
compile-train-graphs exp_atai-100A-mod/triphones/tree exp_atai-100A-mod/triphones/1.mdl data_atai-100A-mod/lang/L.fst 'ark:utils/sym2int.pl --map-oov 2 -f 2- data_atai-100A-mod/lang/words.txt < data_atai-100A-mod/train/split32/8/text |' 'ark:|gzip -c >exp_atai-100A-mod/triphones/fsts.8.gz' 
sym2int.pl: replacing нарыбери with 2
sym2int.pl: replacing тиктешип with 2
sym2int.pl: replacing эместей with 2
sym2int.pl: replacing эстегендей with 2
sym2int.pl: replacing иреңинде with 2
sym2int.pl: replacing куубайт with 2
sym2int.pl: replacing абдыракмандын with 2
sym2int.pl: replacing түрчү with 2
sym2int.pl: replacing улагада with 2
sym2int.pl: replacing желдин with 2
sym2int.pl: replacing субандын with 2
sym2int.pl: replacing тектирчеде with 2
sym2int.pl: replacing көрөркөзү with 2
sym2int.pl: replacing токолдун with 2
sym2int.pl: replacing өргөөсүнө with 2
sym2int.pl: replacing уйкуда with 2
sym2int.pl: replacing кийимкече with 2
sym2int.pl: replacing казанаяк with 2
sym2int.pl: replacing абдыракмандын with 2
sym2int.pl: replacing чертилбей with 2
sym2int.pl: not warning for OOVs any more times
** Replaced 25 instances of OOVs with 2
LOG (compile-train-graphs[5.4.224~1-d4d9]:main():compile-train-graphs.cc:147) compile-train-graphs: succeeded for 16 graphs, failed for 0
# Accounting: time=3 threads=1
# Ended (code 0) at Thu Aug  2 13:27:28 UTC 2018, elapsed time 3 seconds
