# compile-train-graphs exp_atai-100A-mod/triphones/tree exp_atai-100A-mod/triphones/1.mdl data_atai-100A-mod/lang/L.fst "ark:utils/sym2int.pl --map-oov 2 -f 2- data_atai-100A-mod/lang/words.txt < data_atai-100A-mod/train/split4/4/text |" "ark:|gzip -c >exp_atai-100A-mod/triphones/fsts.4.gz" 
# Started at Tue Jul 24 16:10:25 UTC 2018
#
compile-train-graphs exp_atai-100A-mod/triphones/tree exp_atai-100A-mod/triphones/1.mdl data_atai-100A-mod/lang/L.fst 'ark:utils/sym2int.pl --map-oov 2 -f 2- data_atai-100A-mod/lang/words.txt < data_atai-100A-mod/train/split4/4/text |' 'ark:|gzip -c >exp_atai-100A-mod/triphones/fsts.4.gz' 
sym2int.pl: replacing коркпойбу with 2
sym2int.pl: replacing аккыз with 2
sym2int.pl: replacing жантакпайды with 2
sym2int.pl: replacing комузчулугун with 2
sym2int.pl: replacing андаң with 2
sym2int.pl: replacing обочолонгондон with 2
sym2int.pl: replacing өнөрүңө with 2
sym2int.pl: replacing адетин with 2
sym2int.pl: replacing бузбайт with 2
sym2int.pl: replacing дабышы with 2
sym2int.pl: replacing аккыз with 2
sym2int.pl: replacing тосту with 2
sym2int.pl: replacing кыбыңдатып with 2
sym2int.pl: replacing рахаттын with 2
sym2int.pl: replacing бешигине with 2
sym2int.pl: replacing термеле with 2
sym2int.pl: replacing шумдук with 2
sym2int.pl: replacing чертилбей with 2
sym2int.pl: replacing торгойдон with 2
sym2int.pl: replacing бөзенип with 2
sym2int.pl: not warning for OOVs any more times
** Replaced 73 instances of OOVs with 2
LOG (compile-train-graphs[5.4.217~1-8ae5]:main():compile-train-graphs.cc:147) compile-train-graphs: succeeded for 25 graphs, failed for 0
# Accounting: time=3 threads=1
# Ended (code 0) at Tue Jul 24 16:10:28 UTC 2018, elapsed time 3 seconds
