# compile-train-graphs exp_atai-100A-mod/triphones/tree exp_atai-100A-mod/triphones/1.mdl data_atai-100A-mod/lang/L.fst "ark:utils/sym2int.pl --map-oov 2 -f 2- data_atai-100A-mod/lang/words.txt < data_atai-100A-mod/train/split32/30/text |" "ark:|gzip -c >exp_atai-100A-mod/triphones/fsts.30.gz" 
# Started at Thu Aug  2 13:27:25 UTC 2018
#
compile-train-graphs exp_atai-100A-mod/triphones/tree exp_atai-100A-mod/triphones/1.mdl data_atai-100A-mod/lang/L.fst 'ark:utils/sym2int.pl --map-oov 2 -f 2- data_atai-100A-mod/lang/words.txt < data_atai-100A-mod/train/split32/30/text |' 'ark:|gzip -c >exp_atai-100A-mod/triphones/fsts.30.gz' 
sym2int.pl: replacing толголуу with 2
sym2int.pl: replacing кылдар with 2
sym2int.pl: replacing каратөлөк with 2
sym2int.pl: replacing саятчынын with 2
sym2int.pl: replacing буудайыгына with 2
sym2int.pl: replacing көнбөдү with 2
sym2int.pl: replacing убараланса with 2
sym2int.pl: replacing таппады with 2
sym2int.pl: replacing таянеси with 2
sym2int.pl: replacing буйдала with 2
sym2int.pl: replacing жаңылса with 2
sym2int.pl: replacing жантакпайдын with 2
sym2int.pl: replacing беймаза with 2
sym2int.pl: replacing көтөргөнсүп with 2
sym2int.pl: replacing шалдайып with 2
sym2int.pl: replacing жүрмөк with 2
sym2int.pl: replacing карбаластап with 2
sym2int.pl: replacing жантакпайдын with 2
sym2int.pl: replacing табышмагы with 2
sym2int.pl: replacing жолоочудай with 2
sym2int.pl: not warning for OOVs any more times
** Replaced 86 instances of OOVs with 2
LOG (compile-train-graphs[5.4.224~1-d4d9]:main():compile-train-graphs.cc:147) compile-train-graphs: succeeded for 16 graphs, failed for 0
# Accounting: time=4 threads=1
# Ended (code 0) at Thu Aug  2 13:27:29 UTC 2018, elapsed time 4 seconds
