# compile-train-graphs exp_atai-100A-mod/triphones/tree exp_atai-100A-mod/triphones/1.mdl data_atai-100A-mod/lang/L.fst "ark:utils/sym2int.pl --map-oov 2 -f 2- data_atai-100A-mod/lang/words.txt < data_atai-100A-mod/train/split32/20/text |" "ark:|gzip -c >exp_atai-100A-mod/triphones/fsts.20.gz" 
# Started at Thu Aug  2 13:27:25 UTC 2018
#
compile-train-graphs exp_atai-100A-mod/triphones/tree exp_atai-100A-mod/triphones/1.mdl data_atai-100A-mod/lang/L.fst 'ark:utils/sym2int.pl --map-oov 2 -f 2- data_atai-100A-mod/lang/words.txt < data_atai-100A-mod/train/split32/20/text |' 'ark:|gzip -c >exp_atai-100A-mod/triphones/fsts.20.gz' 
sym2int.pl: replacing буурсундар with 2
sym2int.pl: replacing жалпылдатып with 2
sym2int.pl: replacing айдаса with 2
sym2int.pl: replacing төз with 2
sym2int.pl: replacing үйүндөгүлөргө with 2
sym2int.pl: replacing өгүзүңдүн with 2
sym2int.pl: replacing султаналы with 2
sym2int.pl: replacing ныктай with 2
sym2int.pl: replacing жалпжалп with 2
sym2int.pl: replacing каңтарылып with 2
sym2int.pl: replacing буруксуйт with 2
sym2int.pl: replacing соймоңдогон with 2
sym2int.pl: replacing сөөлжандар with 2
sym2int.pl: replacing коштон with 2
sym2int.pl: replacing кынуу with 2
sym2int.pl: replacing айдоолордун with 2
sym2int.pl: replacing учупконушуп with 2
sym2int.pl: replacing жемдерин with 2
sym2int.pl: replacing жешип with 2
sym2int.pl: replacing каккак with 2
sym2int.pl: not warning for OOVs any more times
** Replaced 44 instances of OOVs with 2
LOG (compile-train-graphs[5.4.224~1-d4d9]:main():compile-train-graphs.cc:147) compile-train-graphs: succeeded for 16 graphs, failed for 0
# Accounting: time=3 threads=1
# Ended (code 0) at Thu Aug  2 13:27:29 UTC 2018, elapsed time 3 seconds
