# compile-train-graphs exp_atai-100A-mod/triphones/tree exp_atai-100A-mod/triphones/1.mdl data_atai-100A-mod/lang/L.fst "ark:utils/sym2int.pl --map-oov 2 -f 2- data_atai-100A-mod/lang/words.txt < data_atai-100A-mod/train/split32/12/text |" "ark:|gzip -c >exp_atai-100A-mod/triphones/fsts.12.gz" 
# Started at Thu Aug  2 13:27:25 UTC 2018
#
compile-train-graphs exp_atai-100A-mod/triphones/tree exp_atai-100A-mod/triphones/1.mdl data_atai-100A-mod/lang/L.fst 'ark:utils/sym2int.pl --map-oov 2 -f 2- data_atai-100A-mod/lang/words.txt < data_atai-100A-mod/train/split32/12/text |' 'ark:|gzip -c >exp_atai-100A-mod/triphones/fsts.12.gz' 
sym2int.pl: replacing субандан with 2
sym2int.pl: replacing бүркөлүп with 2
sym2int.pl: replacing жайыттын with 2
sym2int.pl: replacing албеттүү with 2
sym2int.pl: replacing бирөөң with 2
sym2int.pl: replacing келтектерге with 2
sym2int.pl: replacing жанчылат with 2
sym2int.pl: replacing зарымды with 2
sym2int.pl: replacing уктуңар with 2
sym2int.pl: replacing уккансыңар with 2
sym2int.pl: replacing болсоңор with 2
sym2int.pl: replacing арманда with 2
sym2int.pl: replacing тагдырыма with 2
sym2int.pl: replacing таалайы with 2
sym2int.pl: replacing тагдырыма with 2
sym2int.pl: replacing армандамын with 2
sym2int.pl: replacing армандамын with 2
sym2int.pl: replacing колунанкелбесе with 2
sym2int.pl: replacing аттиң with 2
sym2int.pl: replacing ачуулу with 2
sym2int.pl: not warning for OOVs any more times
** Replaced 37 instances of OOVs with 2
LOG (compile-train-graphs[5.4.224~1-d4d9]:main():compile-train-graphs.cc:147) compile-train-graphs: succeeded for 16 graphs, failed for 0
# Accounting: time=4 threads=1
# Ended (code 0) at Thu Aug  2 13:27:29 UTC 2018, elapsed time 4 seconds
