# compile-train-graphs exp_atai-100A-mod/triphones/tree exp_atai-100A-mod/triphones/1.mdl data_atai-100A-mod/lang/L.fst "ark:utils/sym2int.pl --map-oov 2 -f 2- data_atai-100A-mod/lang/words.txt < data_atai-100A-mod/train/split32/26/text |" "ark:|gzip -c >exp_atai-100A-mod/triphones/fsts.26.gz" 
# Started at Thu Aug  2 13:27:25 UTC 2018
#
compile-train-graphs exp_atai-100A-mod/triphones/tree exp_atai-100A-mod/triphones/1.mdl data_atai-100A-mod/lang/L.fst 'ark:utils/sym2int.pl --map-oov 2 -f 2- data_atai-100A-mod/lang/words.txt < data_atai-100A-mod/train/split32/26/text |' 'ark:|gzip -c >exp_atai-100A-mod/triphones/fsts.26.gz' 
sym2int.pl: replacing хээ with 2
sym2int.pl: replacing сурайсың with 2
sym2int.pl: replacing аккыз with 2
sym2int.pl: replacing токолунан with 2
sym2int.pl: replacing өтүшкен with 2
sym2int.pl: replacing бирибирине with 2
sym2int.pl: replacing отурушту with 2
sym2int.pl: replacing чилденин with 2
sym2int.pl: replacing чыйылдаган with 2
sym2int.pl: replacing алкашалка with 2
sym2int.pl: replacing аяңдап with 2
sym2int.pl: replacing келатты with 2
sym2int.pl: replacing колотко with 2
sym2int.pl: replacing урчугундагы with 2
sym2int.pl: replacing аккыздын with 2
sym2int.pl: replacing жантакпайдын with 2
sym2int.pl: replacing отурчу with 2
sym2int.pl: replacing тегизделгенсип with 2
sym2int.pl: replacing такырайып with 2
sym2int.pl: replacing жампаларды with 2
sym2int.pl: not warning for OOVs any more times
** Replaced 35 instances of OOVs with 2
LOG (compile-train-graphs[5.4.224~1-d4d9]:main():compile-train-graphs.cc:147) compile-train-graphs: succeeded for 16 graphs, failed for 0
# Accounting: time=3 threads=1
# Ended (code 0) at Thu Aug  2 13:27:28 UTC 2018, elapsed time 3 seconds
