# compile-train-graphs exp_atai-100A-mod/triphones/tree exp_atai-100A-mod/triphones/1.mdl data_atai-100A-mod/lang/L.fst "ark:utils/sym2int.pl --map-oov 2 -f 2- data_atai-100A-mod/lang/words.txt < data_atai-100A-mod/train/split32/29/text |" "ark:|gzip -c >exp_atai-100A-mod/triphones/fsts.29.gz" 
# Started at Thu Aug  2 13:27:25 UTC 2018
#
compile-train-graphs exp_atai-100A-mod/triphones/tree exp_atai-100A-mod/triphones/1.mdl data_atai-100A-mod/lang/L.fst 'ark:utils/sym2int.pl --map-oov 2 -f 2- data_atai-100A-mod/lang/words.txt < data_atai-100A-mod/train/split32/29/text |' 'ark:|gzip -c >exp_atai-100A-mod/triphones/fsts.29.gz' 
sym2int.pl: replacing айбыгуу with 2
sym2int.pl: replacing жалооруу with 2
sym2int.pl: replacing өкүнүчтүн with 2
sym2int.pl: replacing кээри with 2
sym2int.pl: replacing эрине with 2
sym2int.pl: replacing бурулчанын with 2
sym2int.pl: replacing таңкалтты with 2
sym2int.pl: replacing таянеси with 2
sym2int.pl: replacing отурушкан with 2
sym2int.pl: replacing умтулганда with 2
sym2int.pl: replacing кызыгарлык with 2
sym2int.pl: replacing чегелери with 2
sym2int.pl: replacing эюм with 2
sym2int.pl: replacing чийими with 2
sym2int.pl: replacing кызыгы with 2
sym2int.pl: replacing есин with 2
sym2int.pl: replacing жашырат with 2
sym2int.pl: replacing кылдарын with 2
sym2int.pl: replacing гыратып with 2
sym2int.pl: replacing жанбаган with 2
sym2int.pl: not warning for OOVs any more times
** Replaced 35 instances of OOVs with 2
LOG (compile-train-graphs[5.4.224~1-d4d9]:main():compile-train-graphs.cc:147) compile-train-graphs: succeeded for 16 graphs, failed for 0
# Accounting: time=3 threads=1
# Ended (code 0) at Thu Aug  2 13:27:28 UTC 2018, elapsed time 3 seconds
