# compile-train-graphs exp_atai-100A-mod/triphones/tree exp_atai-100A-mod/triphones/1.mdl data_atai-100A-mod/lang/L.fst "ark:utils/sym2int.pl --map-oov 2 -f 2- data_atai-100A-mod/lang/words.txt < data_atai-100A-mod/train/split32/19/text |" "ark:|gzip -c >exp_atai-100A-mod/triphones/fsts.19.gz" 
# Started at Thu Aug  2 13:27:25 UTC 2018
#
compile-train-graphs exp_atai-100A-mod/triphones/tree exp_atai-100A-mod/triphones/1.mdl data_atai-100A-mod/lang/L.fst 'ark:utils/sym2int.pl --map-oov 2 -f 2- data_atai-100A-mod/lang/words.txt < data_atai-100A-mod/train/split32/19/text |' 'ark:|gzip -c >exp_atai-100A-mod/triphones/fsts.19.gz' 
sym2int.pl: replacing буурусун with 2
sym2int.pl: replacing кебелбеген with 2
sym2int.pl: replacing чурулдаган with 2
sym2int.pl: replacing кошчулардын with 2
sym2int.pl: replacing кошчулардын with 2
sym2int.pl: replacing ахаалап with 2
sym2int.pl: replacing шапалакты with 2
sym2int.pl: replacing жаңсап with 2
sym2int.pl: replacing көлүктү with 2
sym2int.pl: replacing ныктай with 2
sym2int.pl: replacing өбөктөй with 2
sym2int.pl: replacing коштун with 2
sym2int.pl: replacing шыңгырап with 2
sym2int.pl: replacing кимдики with 2
sym2int.pl: replacing сурады with 2
sym2int.pl: replacing биздики with 2
sym2int.pl: replacing байкем with 2
sym2int.pl: replacing үүй with 2
sym2int.pl: replacing ызалыктын with 2
sym2int.pl: replacing өкүнүчтүн with 2
sym2int.pl: not warning for OOVs any more times
** Replaced 58 instances of OOVs with 2
LOG (compile-train-graphs[5.4.224~1-d4d9]:main():compile-train-graphs.cc:147) compile-train-graphs: succeeded for 16 graphs, failed for 0
# Accounting: time=3 threads=1
# Ended (code 0) at Thu Aug  2 13:27:28 UTC 2018, elapsed time 3 seconds
