# compile-train-graphs exp_atai-100A-mod/triphones/tree exp_atai-100A-mod/triphones/1.mdl data_atai-100A-mod/lang/L.fst "ark:utils/sym2int.pl --map-oov 2 -f 2- data_atai-100A-mod/lang/words.txt < data_atai-100A-mod/train/split32/25/text |" "ark:|gzip -c >exp_atai-100A-mod/triphones/fsts.25.gz" 
# Started at Thu Aug  2 13:27:25 UTC 2018
#
compile-train-graphs exp_atai-100A-mod/triphones/tree exp_atai-100A-mod/triphones/1.mdl data_atai-100A-mod/lang/L.fst 'ark:utils/sym2int.pl --map-oov 2 -f 2- data_atai-100A-mod/lang/words.txt < data_atai-100A-mod/train/split32/25/text |' 'ark:|gzip -c >exp_atai-100A-mod/triphones/fsts.25.gz' 
sym2int.pl: replacing күмбөзүнүн with 2
sym2int.pl: replacing түшүштү with 2
sym2int.pl: replacing аккыз with 2
sym2int.pl: replacing аккыз with 2
sym2int.pl: replacing күмбөзге with 2
sym2int.pl: replacing жүрбөсүн with 2
sym2int.pl: replacing сыйынышчу with 2
sym2int.pl: replacing кыпчыкейди with 2
sym2int.pl: replacing салмакчы with 2
sym2int.pl: replacing жаздыктан with 2
sym2int.pl: replacing көтөрдү with 2
sym2int.pl: replacing кеңколдун with 2
sym2int.pl: replacing өрдөгөн with 2
sym2int.pl: replacing жогбрулай with 2
sym2int.pl: replacing терсколдун with 2
sym2int.pl: replacing оозуңа with 2
sym2int.pl: replacing арыктын with 2
sym2int.pl: replacing табылбаган with 2
sym2int.pl: replacing бөлүндү with 2
sym2int.pl: replacing салаалап with 2
sym2int.pl: not warning for OOVs any more times
** Replaced 29 instances of OOVs with 2
LOG (compile-train-graphs[5.4.224~1-d4d9]:main():compile-train-graphs.cc:147) compile-train-graphs: succeeded for 16 graphs, failed for 0
# Accounting: time=4 threads=1
# Ended (code 0) at Thu Aug  2 13:27:29 UTC 2018, elapsed time 4 seconds
