# compile-train-graphs exp_atai-100A-mod/triphones/tree exp_atai-100A-mod/triphones/1.mdl data_atai-100A-mod/lang/L.fst "ark:utils/sym2int.pl --map-oov 2 -f 2- data_atai-100A-mod/lang/words.txt < data_atai-100A-mod/train/split32/6/text |" "ark:|gzip -c >exp_atai-100A-mod/triphones/fsts.6.gz" 
# Started at Thu Aug  2 13:27:25 UTC 2018
#
compile-train-graphs exp_atai-100A-mod/triphones/tree exp_atai-100A-mod/triphones/1.mdl data_atai-100A-mod/lang/L.fst 'ark:utils/sym2int.pl --map-oov 2 -f 2- data_atai-100A-mod/lang/words.txt < data_atai-100A-mod/train/split32/6/text |' 'ark:|gzip -c >exp_atai-100A-mod/triphones/fsts.6.gz' 
sym2int.pl: replacing калганбы with 2
sym2int.pl: replacing күпүлдөгөн with 2
sym2int.pl: replacing туйганда with 2
sym2int.pl: replacing чытылып with 2
sym2int.pl: replacing жумулду with 2
sym2int.pl: replacing кыйкырыктары with 2
sym2int.pl: replacing түрткүлөгөнү with 2
sym2int.pl: replacing чөгөлөй with 2
sym2int.pl: replacing жулкулаганы with 2
sym2int.pl: replacing аттуулардын with 2
sym2int.pl: replacing малдарын with 2
sym2int.pl: replacing түгөлдөшүп with 2
sym2int.pl: replacing жөөлүй with 2
sym2int.pl: replacing томаяк with 2
sym2int.pl: replacing кески with 2
sym2int.pl: replacing кокуй with 2
sym2int.pl: replacing оорутасың with 2
sym2int.pl: replacing баратпаймынбы with 2
sym2int.pl: replacing жалым with 2
sym2int.pl: replacing асылым with 2
sym2int.pl: not warning for OOVs any more times
** Replaced 23 instances of OOVs with 2
LOG (compile-train-graphs[5.4.224~1-d4d9]:main():compile-train-graphs.cc:147) compile-train-graphs: succeeded for 16 graphs, failed for 0
# Accounting: time=3 threads=1
# Ended (code 0) at Thu Aug  2 13:27:28 UTC 2018, elapsed time 3 seconds
