# gmm-est --mix-up=1880 --power=0.25 --write-occs=exp_atai-100A-mod/triphones/24.occs exp_atai-100A-mod/triphones/23.mdl "gmm-sum-accs - exp_atai-100A-mod/triphones/23.*.acc |" exp_atai-100A-mod/triphones/24.mdl 
# Started at Thu Aug  2 13:27:47 UTC 2018
#
gmm-est --mix-up=1880 --power=0.25 --write-occs=exp_atai-100A-mod/triphones/24.occs exp_atai-100A-mod/triphones/23.mdl 'gmm-sum-accs - exp_atai-100A-mod/triphones/23.*.acc |' exp_atai-100A-mod/triphones/24.mdl 
gmm-sum-accs - exp_atai-100A-mod/triphones/23.1.acc exp_atai-100A-mod/triphones/23.10.acc exp_atai-100A-mod/triphones/23.11.acc exp_atai-100A-mod/triphones/23.12.acc exp_atai-100A-mod/triphones/23.13.acc exp_atai-100A-mod/triphones/23.14.acc exp_atai-100A-mod/triphones/23.15.acc exp_atai-100A-mod/triphones/23.16.acc exp_atai-100A-mod/triphones/23.17.acc exp_atai-100A-mod/triphones/23.18.acc exp_atai-100A-mod/triphones/23.19.acc exp_atai-100A-mod/triphones/23.2.acc exp_atai-100A-mod/triphones/23.20.acc exp_atai-100A-mod/triphones/23.21.acc exp_atai-100A-mod/triphones/23.22.acc exp_atai-100A-mod/triphones/23.23.acc exp_atai-100A-mod/triphones/23.24.acc exp_atai-100A-mod/triphones/23.25.acc exp_atai-100A-mod/triphones/23.26.acc exp_atai-100A-mod/triphones/23.27.acc exp_atai-100A-mod/triphones/23.28.acc exp_atai-100A-mod/triphones/23.29.acc exp_atai-100A-mod/triphones/23.3.acc exp_atai-100A-mod/triphones/23.30.acc exp_atai-100A-mod/triphones/23.31.acc exp_atai-100A-mod/triphones/23.32.acc exp_atai-100A-mod/triphones/23.4.acc exp_atai-100A-mod/triphones/23.5.acc exp_atai-100A-mod/triphones/23.6.acc exp_atai-100A-mod/triphones/23.7.acc exp_atai-100A-mod/triphones/23.8.acc exp_atai-100A-mod/triphones/23.9.acc 
LOG (gmm-sum-accs[5.4.224~1-d4d9]:main():gmm-sum-accs.cc:63) Summed 32 stats, total count 446150, avg like/frame 16.3081
LOG (gmm-sum-accs[5.4.224~1-d4d9]:main():gmm-sum-accs.cc:66) Total count of stats is 446150
LOG (gmm-sum-accs[5.4.224~1-d4d9]:main():gmm-sum-accs.cc:67) Written stats to -
LOG (gmm-est[5.4.224~1-d4d9]:MleUpdate():transition-model.cc:517) TransitionModel::Update, objf change is 0 per frame over 446150 frames. 
LOG (gmm-est[5.4.224~1-d4d9]:MleUpdate():transition-model.cc:520) 33 probabilities floored, 6 out of 715 transition-states skipped due to insuffient data (it is normal to have some skipped.)
LOG (gmm-est[5.4.224~1-d4d9]:main():gmm-est.cc:102) Transition model update: Overall 0 log-like improvement per frame over 446150 frames.
WARNING (gmm-est[5.4.224~1-d4d9]:MleDiagGmmUpdate():mle-diag-gmm.cc:365) Gaussian has too little data but not removing it because it is the last Gaussian: i = 0, occ = 6, weight = 1
WARNING (gmm-est[5.4.224~1-d4d9]:MleDiagGmmUpdate():mle-diag-gmm.cc:365) Gaussian has too little data but not removing it because it is the last Gaussian: i = 0, occ = 3, weight = 1
LOG (gmm-est[5.4.224~1-d4d9]:MleAmDiagGmmUpdate():mle-am-diag-gmm.cc:225) 1023 variance elements floored in 430 Gaussians, out of 1840
LOG (gmm-est[5.4.224~1-d4d9]:MleAmDiagGmmUpdate():mle-am-diag-gmm.cc:229) Removed 0 Gaussians due to counts < --min-gaussian-occupancy=10 and --remove-low-count-gaussians=true
LOG (gmm-est[5.4.224~1-d4d9]:main():gmm-est.cc:113) GMM update: Overall 0.0232221 objective function improvement per frame over 446150 frames
LOG (gmm-est[5.4.224~1-d4d9]:main():gmm-est.cc:116) GMM update: Overall avg like per frame = 16.3081 over 446150 frames.
LOG (gmm-est[5.4.224~1-d4d9]:SplitByCount():am-diag-gmm.cc:116) Split 672 states with target = 1880, power = 0.25, perturb_factor = 0.01 and min_count = 20, split #Gauss from 1840 to 1880
LOG (gmm-est[5.4.224~1-d4d9]:main():gmm-est.cc:146) Written model to exp_atai-100A-mod/triphones/24.mdl
# Accounting: time=0 threads=1
# Ended (code 0) at Thu Aug  2 13:27:47 UTC 2018, elapsed time 0 seconds
