# gmm-est --mix-up=1760 --power=0.25 --write-occs=exp_atai-100A-mod/triphones/21.occs exp_atai-100A-mod/triphones/20.mdl "gmm-sum-accs - exp_atai-100A-mod/triphones/20.*.acc |" exp_atai-100A-mod/triphones/21.mdl 
# Started at Thu Aug  2 13:27:45 UTC 2018
#
gmm-est --mix-up=1760 --power=0.25 --write-occs=exp_atai-100A-mod/triphones/21.occs exp_atai-100A-mod/triphones/20.mdl 'gmm-sum-accs - exp_atai-100A-mod/triphones/20.*.acc |' exp_atai-100A-mod/triphones/21.mdl 
gmm-sum-accs - exp_atai-100A-mod/triphones/20.1.acc exp_atai-100A-mod/triphones/20.10.acc exp_atai-100A-mod/triphones/20.11.acc exp_atai-100A-mod/triphones/20.12.acc exp_atai-100A-mod/triphones/20.13.acc exp_atai-100A-mod/triphones/20.14.acc exp_atai-100A-mod/triphones/20.15.acc exp_atai-100A-mod/triphones/20.16.acc exp_atai-100A-mod/triphones/20.17.acc exp_atai-100A-mod/triphones/20.18.acc exp_atai-100A-mod/triphones/20.19.acc exp_atai-100A-mod/triphones/20.2.acc exp_atai-100A-mod/triphones/20.20.acc exp_atai-100A-mod/triphones/20.21.acc exp_atai-100A-mod/triphones/20.22.acc exp_atai-100A-mod/triphones/20.23.acc exp_atai-100A-mod/triphones/20.24.acc exp_atai-100A-mod/triphones/20.25.acc exp_atai-100A-mod/triphones/20.26.acc exp_atai-100A-mod/triphones/20.27.acc exp_atai-100A-mod/triphones/20.28.acc exp_atai-100A-mod/triphones/20.29.acc exp_atai-100A-mod/triphones/20.3.acc exp_atai-100A-mod/triphones/20.30.acc exp_atai-100A-mod/triphones/20.31.acc exp_atai-100A-mod/triphones/20.32.acc exp_atai-100A-mod/triphones/20.4.acc exp_atai-100A-mod/triphones/20.5.acc exp_atai-100A-mod/triphones/20.6.acc exp_atai-100A-mod/triphones/20.7.acc exp_atai-100A-mod/triphones/20.8.acc exp_atai-100A-mod/triphones/20.9.acc 
LOG (gmm-sum-accs[5.4.224~1-d4d9]:main():gmm-sum-accs.cc:63) Summed 32 stats, total count 446150, avg like/frame 16.0854
LOG (gmm-sum-accs[5.4.224~1-d4d9]:main():gmm-sum-accs.cc:66) Total count of stats is 446150
LOG (gmm-sum-accs[5.4.224~1-d4d9]:main():gmm-sum-accs.cc:67) Written stats to -
LOG (gmm-est[5.4.224~1-d4d9]:MleUpdate():transition-model.cc:517) TransitionModel::Update, objf change is 0.00116104 per frame over 446150 frames. 
LOG (gmm-est[5.4.224~1-d4d9]:MleUpdate():transition-model.cc:520) 33 probabilities floored, 6 out of 715 transition-states skipped due to insuffient data (it is normal to have some skipped.)
LOG (gmm-est[5.4.224~1-d4d9]:main():gmm-est.cc:102) Transition model update: Overall 0.00116104 log-like improvement per frame over 446150 frames.
WARNING (gmm-est[5.4.224~1-d4d9]:MleDiagGmmUpdate():mle-diag-gmm.cc:365) Gaussian has too little data but not removing it because it is the last Gaussian: i = 0, occ = 6, weight = 1
WARNING (gmm-est[5.4.224~1-d4d9]:MleDiagGmmUpdate():mle-diag-gmm.cc:359) Too little data - removing Gaussian (weight 0.000001, occupation count 0.000101, vector size 39)
WARNING (gmm-est[5.4.224~1-d4d9]:MleDiagGmmUpdate():mle-diag-gmm.cc:365) Gaussian has too little data but not removing it because it is the last Gaussian: i = 0, occ = 3, weight = 1
LOG (gmm-est[5.4.224~1-d4d9]:MleAmDiagGmmUpdate():mle-am-diag-gmm.cc:225) 898 variance elements floored in 389 Gaussians, out of 1719
LOG (gmm-est[5.4.224~1-d4d9]:MleAmDiagGmmUpdate():mle-am-diag-gmm.cc:229) Removed 1 Gaussians due to counts < --min-gaussian-occupancy=10 and --remove-low-count-gaussians=true
LOG (gmm-est[5.4.224~1-d4d9]:main():gmm-est.cc:113) GMM update: Overall 0.099631 objective function improvement per frame over 446150 frames
LOG (gmm-est[5.4.224~1-d4d9]:main():gmm-est.cc:116) GMM update: Overall avg like per frame = 16.0854 over 446150 frames.
LOG (gmm-est[5.4.224~1-d4d9]:SplitByCount():am-diag-gmm.cc:116) Split 672 states with target = 1760, power = 0.25, perturb_factor = 0.01 and min_count = 20, split #Gauss from 1719 to 1761
LOG (gmm-est[5.4.224~1-d4d9]:main():gmm-est.cc:146) Written model to exp_atai-100A-mod/triphones/21.mdl
# Accounting: time=1 threads=1
# Ended (code 0) at Thu Aug  2 13:27:46 UTC 2018, elapsed time 1 seconds
