# gmm-est --mix-up=1480 --power=0.25 --write-occs=exp_atai-100A-mod/triphones/14.occs exp_atai-100A-mod/triphones/13.mdl "gmm-sum-accs - exp_atai-100A-mod/triphones/13.*.acc |" exp_atai-100A-mod/triphones/14.mdl 
# Started at Thu Aug  2 13:27:39 UTC 2018
#
gmm-est --mix-up=1480 --power=0.25 --write-occs=exp_atai-100A-mod/triphones/14.occs exp_atai-100A-mod/triphones/13.mdl 'gmm-sum-accs - exp_atai-100A-mod/triphones/13.*.acc |' exp_atai-100A-mod/triphones/14.mdl 
gmm-sum-accs - exp_atai-100A-mod/triphones/13.1.acc exp_atai-100A-mod/triphones/13.10.acc exp_atai-100A-mod/triphones/13.11.acc exp_atai-100A-mod/triphones/13.12.acc exp_atai-100A-mod/triphones/13.13.acc exp_atai-100A-mod/triphones/13.14.acc exp_atai-100A-mod/triphones/13.15.acc exp_atai-100A-mod/triphones/13.16.acc exp_atai-100A-mod/triphones/13.17.acc exp_atai-100A-mod/triphones/13.18.acc exp_atai-100A-mod/triphones/13.19.acc exp_atai-100A-mod/triphones/13.2.acc exp_atai-100A-mod/triphones/13.20.acc exp_atai-100A-mod/triphones/13.21.acc exp_atai-100A-mod/triphones/13.22.acc exp_atai-100A-mod/triphones/13.23.acc exp_atai-100A-mod/triphones/13.24.acc exp_atai-100A-mod/triphones/13.25.acc exp_atai-100A-mod/triphones/13.26.acc exp_atai-100A-mod/triphones/13.27.acc exp_atai-100A-mod/triphones/13.28.acc exp_atai-100A-mod/triphones/13.29.acc exp_atai-100A-mod/triphones/13.3.acc exp_atai-100A-mod/triphones/13.30.acc exp_atai-100A-mod/triphones/13.31.acc exp_atai-100A-mod/triphones/13.32.acc exp_atai-100A-mod/triphones/13.4.acc exp_atai-100A-mod/triphones/13.5.acc exp_atai-100A-mod/triphones/13.6.acc exp_atai-100A-mod/triphones/13.7.acc exp_atai-100A-mod/triphones/13.8.acc exp_atai-100A-mod/triphones/13.9.acc 
LOG (gmm-sum-accs[5.4.224~1-d4d9]:main():gmm-sum-accs.cc:63) Summed 32 stats, total count 446150, avg like/frame 15.4727
LOG (gmm-sum-accs[5.4.224~1-d4d9]:main():gmm-sum-accs.cc:66) Total count of stats is 446150
LOG (gmm-sum-accs[5.4.224~1-d4d9]:main():gmm-sum-accs.cc:67) Written stats to -
LOG (gmm-est[5.4.224~1-d4d9]:MleUpdate():transition-model.cc:517) TransitionModel::Update, objf change is 0 per frame over 446150 frames. 
LOG (gmm-est[5.4.224~1-d4d9]:MleUpdate():transition-model.cc:520) 32 probabilities floored, 6 out of 715 transition-states skipped due to insuffient data (it is normal to have some skipped.)
LOG (gmm-est[5.4.224~1-d4d9]:main():gmm-est.cc:102) Transition model update: Overall 0 log-like improvement per frame over 446150 frames.
WARNING (gmm-est[5.4.224~1-d4d9]:MleDiagGmmUpdate():mle-diag-gmm.cc:365) Gaussian has too little data but not removing it because it is the last Gaussian: i = 0, occ = 6, weight = 1
WARNING (gmm-est[5.4.224~1-d4d9]:MleDiagGmmUpdate():mle-diag-gmm.cc:365) Gaussian has too little data but not removing it because it is the last Gaussian: i = 0, occ = 3, weight = 1
LOG (gmm-est[5.4.224~1-d4d9]:MleAmDiagGmmUpdate():mle-am-diag-gmm.cc:225) 594 variance elements floored in 281 Gaussians, out of 1440
LOG (gmm-est[5.4.224~1-d4d9]:MleAmDiagGmmUpdate():mle-am-diag-gmm.cc:229) Removed 0 Gaussians due to counts < --min-gaussian-occupancy=10 and --remove-low-count-gaussians=true
LOG (gmm-est[5.4.224~1-d4d9]:main():gmm-est.cc:113) GMM update: Overall 0.0247206 objective function improvement per frame over 446150 frames
LOG (gmm-est[5.4.224~1-d4d9]:main():gmm-est.cc:116) GMM update: Overall avg like per frame = 15.4727 over 446150 frames.
LOG (gmm-est[5.4.224~1-d4d9]:SplitByCount():am-diag-gmm.cc:116) Split 672 states with target = 1480, power = 0.25, perturb_factor = 0.01 and min_count = 20, split #Gauss from 1440 to 1480
LOG (gmm-est[5.4.224~1-d4d9]:main():gmm-est.cc:146) Written model to exp_atai-100A-mod/triphones/14.mdl
# Accounting: time=0 threads=1
# Ended (code 0) at Thu Aug  2 13:27:39 UTC 2018, elapsed time 0 seconds
