# gmm-est --mix-up=1720 --power=0.25 --write-occs=exp_atai-100A-mod/triphones/20.occs exp_atai-100A-mod/triphones/19.mdl "gmm-sum-accs - exp_atai-100A-mod/triphones/19.*.acc |" exp_atai-100A-mod/triphones/20.mdl 
# Started at Thu Aug  2 13:27:42 UTC 2018
#
gmm-est --mix-up=1720 --power=0.25 --write-occs=exp_atai-100A-mod/triphones/20.occs exp_atai-100A-mod/triphones/19.mdl 'gmm-sum-accs - exp_atai-100A-mod/triphones/19.*.acc |' exp_atai-100A-mod/triphones/20.mdl 
gmm-sum-accs - exp_atai-100A-mod/triphones/19.1.acc exp_atai-100A-mod/triphones/19.10.acc exp_atai-100A-mod/triphones/19.11.acc exp_atai-100A-mod/triphones/19.12.acc exp_atai-100A-mod/triphones/19.13.acc exp_atai-100A-mod/triphones/19.14.acc exp_atai-100A-mod/triphones/19.15.acc exp_atai-100A-mod/triphones/19.16.acc exp_atai-100A-mod/triphones/19.17.acc exp_atai-100A-mod/triphones/19.18.acc exp_atai-100A-mod/triphones/19.19.acc exp_atai-100A-mod/triphones/19.2.acc exp_atai-100A-mod/triphones/19.20.acc exp_atai-100A-mod/triphones/19.21.acc exp_atai-100A-mod/triphones/19.22.acc exp_atai-100A-mod/triphones/19.23.acc exp_atai-100A-mod/triphones/19.24.acc exp_atai-100A-mod/triphones/19.25.acc exp_atai-100A-mod/triphones/19.26.acc exp_atai-100A-mod/triphones/19.27.acc exp_atai-100A-mod/triphones/19.28.acc exp_atai-100A-mod/triphones/19.29.acc exp_atai-100A-mod/triphones/19.3.acc exp_atai-100A-mod/triphones/19.30.acc exp_atai-100A-mod/triphones/19.31.acc exp_atai-100A-mod/triphones/19.32.acc exp_atai-100A-mod/triphones/19.4.acc exp_atai-100A-mod/triphones/19.5.acc exp_atai-100A-mod/triphones/19.6.acc exp_atai-100A-mod/triphones/19.7.acc exp_atai-100A-mod/triphones/19.8.acc exp_atai-100A-mod/triphones/19.9.acc 
LOG (gmm-sum-accs[5.4.224~1-d4d9]:main():gmm-sum-accs.cc:63) Summed 32 stats, total count 446150, avg like/frame 15.8772
LOG (gmm-sum-accs[5.4.224~1-d4d9]:main():gmm-sum-accs.cc:66) Total count of stats is 446150
LOG (gmm-sum-accs[5.4.224~1-d4d9]:main():gmm-sum-accs.cc:67) Written stats to -
LOG (gmm-est[5.4.224~1-d4d9]:MleUpdate():transition-model.cc:517) TransitionModel::Update, objf change is 0 per frame over 446150 frames. 
LOG (gmm-est[5.4.224~1-d4d9]:MleUpdate():transition-model.cc:520) 32 probabilities floored, 6 out of 715 transition-states skipped due to insuffient data (it is normal to have some skipped.)
LOG (gmm-est[5.4.224~1-d4d9]:main():gmm-est.cc:102) Transition model update: Overall 0 log-like improvement per frame over 446150 frames.
WARNING (gmm-est[5.4.224~1-d4d9]:MleDiagGmmUpdate():mle-diag-gmm.cc:365) Gaussian has too little data but not removing it because it is the last Gaussian: i = 0, occ = 6, weight = 1
WARNING (gmm-est[5.4.224~1-d4d9]:MleDiagGmmUpdate():mle-diag-gmm.cc:365) Gaussian has too little data but not removing it because it is the last Gaussian: i = 0, occ = 3, weight = 1
LOG (gmm-est[5.4.224~1-d4d9]:MleAmDiagGmmUpdate():mle-am-diag-gmm.cc:225) 821 variance elements floored in 368 Gaussians, out of 1680
LOG (gmm-est[5.4.224~1-d4d9]:MleAmDiagGmmUpdate():mle-am-diag-gmm.cc:229) Removed 0 Gaussians due to counts < --min-gaussian-occupancy=10 and --remove-low-count-gaussians=true
LOG (gmm-est[5.4.224~1-d4d9]:main():gmm-est.cc:113) GMM update: Overall 0.0316639 objective function improvement per frame over 446150 frames
LOG (gmm-est[5.4.224~1-d4d9]:main():gmm-est.cc:116) GMM update: Overall avg like per frame = 15.8772 over 446150 frames.
LOG (gmm-est[5.4.224~1-d4d9]:SplitByCount():am-diag-gmm.cc:116) Split 672 states with target = 1720, power = 0.25, perturb_factor = 0.01 and min_count = 20, split #Gauss from 1680 to 1720
LOG (gmm-est[5.4.224~1-d4d9]:main():gmm-est.cc:146) Written model to exp_atai-100A-mod/triphones/20.mdl
# Accounting: time=1 threads=1
# Ended (code 0) at Thu Aug  2 13:27:43 UTC 2018, elapsed time 1 seconds
