# gmm-est --mix-up=1280 --power=0.25 --write-occs=exp_atai-100A-mod/triphones/9.occs exp_atai-100A-mod/triphones/8.mdl "gmm-sum-accs - exp_atai-100A-mod/triphones/8.*.acc |" exp_atai-100A-mod/triphones/9.mdl 
# Started at Thu Aug  2 13:27:33 UTC 2018
#
gmm-est --mix-up=1280 --power=0.25 --write-occs=exp_atai-100A-mod/triphones/9.occs exp_atai-100A-mod/triphones/8.mdl 'gmm-sum-accs - exp_atai-100A-mod/triphones/8.*.acc |' exp_atai-100A-mod/triphones/9.mdl 
gmm-sum-accs - exp_atai-100A-mod/triphones/8.1.acc exp_atai-100A-mod/triphones/8.10.acc exp_atai-100A-mod/triphones/8.11.acc exp_atai-100A-mod/triphones/8.12.acc exp_atai-100A-mod/triphones/8.13.acc exp_atai-100A-mod/triphones/8.14.acc exp_atai-100A-mod/triphones/8.15.acc exp_atai-100A-mod/triphones/8.16.acc exp_atai-100A-mod/triphones/8.17.acc exp_atai-100A-mod/triphones/8.18.acc exp_atai-100A-mod/triphones/8.19.acc exp_atai-100A-mod/triphones/8.2.acc exp_atai-100A-mod/triphones/8.20.acc exp_atai-100A-mod/triphones/8.21.acc exp_atai-100A-mod/triphones/8.22.acc exp_atai-100A-mod/triphones/8.23.acc exp_atai-100A-mod/triphones/8.24.acc exp_atai-100A-mod/triphones/8.25.acc exp_atai-100A-mod/triphones/8.26.acc exp_atai-100A-mod/triphones/8.27.acc exp_atai-100A-mod/triphones/8.28.acc exp_atai-100A-mod/triphones/8.29.acc exp_atai-100A-mod/triphones/8.3.acc exp_atai-100A-mod/triphones/8.30.acc exp_atai-100A-mod/triphones/8.31.acc exp_atai-100A-mod/triphones/8.32.acc exp_atai-100A-mod/triphones/8.4.acc exp_atai-100A-mod/triphones/8.5.acc exp_atai-100A-mod/triphones/8.6.acc exp_atai-100A-mod/triphones/8.7.acc exp_atai-100A-mod/triphones/8.8.acc exp_atai-100A-mod/triphones/8.9.acc 
LOG (gmm-sum-accs[5.4.224~1-d4d9]:main():gmm-sum-accs.cc:63) Summed 32 stats, total count 446150, avg like/frame 14.4363
LOG (gmm-sum-accs[5.4.224~1-d4d9]:main():gmm-sum-accs.cc:66) Total count of stats is 446150
LOG (gmm-sum-accs[5.4.224~1-d4d9]:main():gmm-sum-accs.cc:67) Written stats to -
LOG (gmm-est[5.4.224~1-d4d9]:MleUpdate():transition-model.cc:517) TransitionModel::Update, objf change is 0 per frame over 446150 frames. 
LOG (gmm-est[5.4.224~1-d4d9]:MleUpdate():transition-model.cc:520) 7 probabilities floored, 3 out of 715 transition-states skipped due to insuffient data (it is normal to have some skipped.)
LOG (gmm-est[5.4.224~1-d4d9]:main():gmm-est.cc:102) Transition model update: Overall 0 log-like improvement per frame over 446150 frames.
WARNING (gmm-est[5.4.224~1-d4d9]:MleDiagGmmUpdate():mle-diag-gmm.cc:365) Gaussian has too little data but not removing it because it is the last Gaussian: i = 0, occ = 6, weight = 1
LOG (gmm-est[5.4.224~1-d4d9]:MleAmDiagGmmUpdate():mle-am-diag-gmm.cc:225) 326 variance elements floored in 170 Gaussians, out of 1240
LOG (gmm-est[5.4.224~1-d4d9]:MleAmDiagGmmUpdate():mle-am-diag-gmm.cc:229) Removed 0 Gaussians due to counts < --min-gaussian-occupancy=10 and --remove-low-count-gaussians=true
LOG (gmm-est[5.4.224~1-d4d9]:main():gmm-est.cc:113) GMM update: Overall 0.0563494 objective function improvement per frame over 446150 frames
LOG (gmm-est[5.4.224~1-d4d9]:main():gmm-est.cc:116) GMM update: Overall avg like per frame = 14.4363 over 446150 frames.
LOG (gmm-est[5.4.224~1-d4d9]:SplitByCount():am-diag-gmm.cc:116) Split 672 states with target = 1280, power = 0.25, perturb_factor = 0.01 and min_count = 20, split #Gauss from 1240 to 1280
LOG (gmm-est[5.4.224~1-d4d9]:main():gmm-est.cc:146) Written model to exp_atai-100A-mod/triphones/9.mdl
# Accounting: time=1 threads=1
# Ended (code 0) at Thu Aug  2 13:27:34 UTC 2018, elapsed time 1 seconds
