# compile-train-graphs exp_atai-100D-mod/triphones_aligned/tree exp_atai-100D-mod/triphones_aligned/final.mdl data_atai-100D-mod/lang/L.fst "ark:utils/sym2int.pl --map-oov 2 -f 2- data_atai-100D-mod/lang/words.txt data_atai-100D-mod/train/split4/3/text|" ark:- | gmm-align-compiled --transition-scale=1.0 --acoustic-scale=0.1 --self-loop-scale=0.1 --beam=10 --retry-beam=40 --careful=false "gmm-boost-silence --boost=1.25 1 exp_atai-100D-mod/triphones_aligned/final.mdl - |" ark:- "ark,s,cs:apply-cmvn  --utt2spk=ark:data_atai-100D-mod/train/split4/3/utt2spk scp:data_atai-100D-mod/train/split4/3/cmvn.scp scp:data_atai-100D-mod/train/split4/3/feats.scp ark:- | add-deltas  ark:- ark:- |" "ark,t:|gzip -c >exp_atai-100D-mod/triphones_aligned/ali.3.gz" 
# Started at Tue Jul 24 16:27:12 UTC 2018
#
compile-train-graphs exp_atai-100D-mod/triphones_aligned/tree exp_atai-100D-mod/triphones_aligned/final.mdl data_atai-100D-mod/lang/L.fst 'ark:utils/sym2int.pl --map-oov 2 -f 2- data_atai-100D-mod/lang/words.txt data_atai-100D-mod/train/split4/3/text|' ark:- 
gmm-align-compiled --transition-scale=1.0 --acoustic-scale=0.1 --self-loop-scale=0.1 --beam=10 --retry-beam=40 --careful=false 'gmm-boost-silence --boost=1.25 1 exp_atai-100D-mod/triphones_aligned/final.mdl - |' ark:- 'ark,s,cs:apply-cmvn  --utt2spk=ark:data_atai-100D-mod/train/split4/3/utt2spk scp:data_atai-100D-mod/train/split4/3/cmvn.scp scp:data_atai-100D-mod/train/split4/3/feats.scp ark:- | add-deltas  ark:- ark:- |' 'ark,t:|gzip -c >exp_atai-100D-mod/triphones_aligned/ali.3.gz' 
gmm-boost-silence --boost=1.25 1 exp_atai-100D-mod/triphones_aligned/final.mdl - 
LOG (gmm-boost-silence[5.4.217~1-8ae5]:main():gmm-boost-silence.cc:93) Boosted weights for 5 pdfs, by factor of 1.25
LOG (gmm-boost-silence[5.4.217~1-8ae5]:main():gmm-boost-silence.cc:103) Wrote model to -
sym2int.pl: replacing тууганбайдын with 2
sym2int.pl: replacing бакырая with 2
sym2int.pl: replacing никелейден with 2
sym2int.pl: replacing султаналынын with 2
sym2int.pl: replacing чыртыйган with 2
sym2int.pl: replacing муруттары with 2
sym2int.pl: replacing николайдан with 2
sym2int.pl: replacing николайды with 2
sym2int.pl: replacing капшытта with 2
sym2int.pl: replacing каткат with 2
sym2int.pl: replacing бурулчанын with 2
sym2int.pl: replacing сурданган with 2
sym2int.pl: replacing иреңинде with 2
sym2int.pl: replacing каптай with 2
sym2int.pl: replacing итирейген with 2
sym2int.pl: replacing токолуң with 2
sym2int.pl: replacing моюндашып with 2
sym2int.pl: replacing жаткандырсың with 2
sym2int.pl: replacing аккыз with 2
sym2int.pl: replacing жашыган with 2
sym2int.pl: not warning for OOVs any more times
** Replaced 121 instances of OOVs with 2
add-deltas ark:- ark:- 
apply-cmvn --utt2spk=ark:data_atai-100D-mod/train/split4/3/utt2spk scp:data_atai-100D-mod/train/split4/3/cmvn.scp scp:data_atai-100D-mod/train/split4/3/feats.scp ark:- 
LOG (gmm-align-compiled[5.4.217~1-8ae5]:main():gmm-align-compiled.cc:127) atai-100D-mod_atai_366
LOG (gmm-align-compiled[5.4.217~1-8ae5]:main():gmm-align-compiled.cc:127) atai-100D-mod_atai_367
LOG (gmm-align-compiled[5.4.217~1-8ae5]:main():gmm-align-compiled.cc:127) atai-100D-mod_atai_369
LOG (gmm-align-compiled[5.4.217~1-8ae5]:main():gmm-align-compiled.cc:127) atai-100D-mod_atai_37
LOG (gmm-align-compiled[5.4.217~1-8ae5]:main():gmm-align-compiled.cc:127) atai-100D-mod_atai_374
LOG (gmm-align-compiled[5.4.217~1-8ae5]:main():gmm-align-compiled.cc:127) atai-100D-mod_atai_38
LOG (gmm-align-compiled[5.4.217~1-8ae5]:main():gmm-align-compiled.cc:127) atai-100D-mod_atai_380
LOG (gmm-align-compiled[5.4.217~1-8ae5]:main():gmm-align-compiled.cc:127) atai-100D-mod_atai_381
LOG (gmm-align-compiled[5.4.217~1-8ae5]:main():gmm-align-compiled.cc:127) atai-100D-mod_atai_385
LOG (gmm-align-compiled[5.4.217~1-8ae5]:main():gmm-align-compiled.cc:127) atai-100D-mod_atai_389
LOG (gmm-align-compiled[5.4.217~1-8ae5]:main():gmm-align-compiled.cc:127) atai-100D-mod_atai_39
LOG (gmm-align-compiled[5.4.217~1-8ae5]:main():gmm-align-compiled.cc:127) atai-100D-mod_atai_395
LOG (gmm-align-compiled[5.4.217~1-8ae5]:main():gmm-align-compiled.cc:127) atai-100D-mod_atai_397
LOG (gmm-align-compiled[5.4.217~1-8ae5]:main():gmm-align-compiled.cc:127) atai-100D-mod_atai_398
LOG (gmm-align-compiled[5.4.217~1-8ae5]:main():gmm-align-compiled.cc:127) atai-100D-mod_atai_411
LOG (gmm-align-compiled[5.4.217~1-8ae5]:main():gmm-align-compiled.cc:127) atai-100D-mod_atai_415
LOG (gmm-align-compiled[5.4.217~1-8ae5]:main():gmm-align-compiled.cc:127) atai-100D-mod_atai_418
LOG (gmm-align-compiled[5.4.217~1-8ae5]:main():gmm-align-compiled.cc:127) atai-100D-mod_atai_423
LOG (gmm-align-compiled[5.4.217~1-8ae5]:main():gmm-align-compiled.cc:127) atai-100D-mod_atai_431
LOG (gmm-align-compiled[5.4.217~1-8ae5]:main():gmm-align-compiled.cc:127) atai-100D-mod_atai_435
LOG (gmm-align-compiled[5.4.217~1-8ae5]:main():gmm-align-compiled.cc:127) atai-100D-mod_atai_443
LOG (gmm-align-compiled[5.4.217~1-8ae5]:main():gmm-align-compiled.cc:127) atai-100D-mod_atai_45
LOG (apply-cmvn[5.4.217~1-8ae5]:main():apply-cmvn.cc:162) Applied cepstral mean normalization to 25 utterances, errors on 0
LOG (gmm-align-compiled[5.4.217~1-8ae5]:main():gmm-align-compiled.cc:127) atai-100D-mod_atai_450
LOG (gmm-align-compiled[5.4.217~1-8ae5]:main():gmm-align-compiled.cc:127) atai-100D-mod_atai_458
LOG (compile-train-graphs[5.4.217~1-8ae5]:main():compile-train-graphs.cc:147) compile-train-graphs: succeeded for 25 graphs, failed for 0
LOG (gmm-align-compiled[5.4.217~1-8ae5]:main():gmm-align-compiled.cc:127) atai-100D-mod_atai_468
LOG (gmm-align-compiled[5.4.217~1-8ae5]:main():gmm-align-compiled.cc:135) Overall log-likelihood per frame is 16.5157 over 30898 frames.
LOG (gmm-align-compiled[5.4.217~1-8ae5]:main():gmm-align-compiled.cc:137) Retried 0 out of 25 utterances.
LOG (gmm-align-compiled[5.4.217~1-8ae5]:main():gmm-align-compiled.cc:139) Done 25, errors on 0
# Accounting: time=6 threads=1
# Ended (code 0) at Tue Jul 24 16:27:18 UTC 2018, elapsed time 6 seconds
