# compile-train-graphs exp_atai-100D-mod/triphones_aligned/tree exp_atai-100D-mod/triphones_aligned/final.mdl data_atai-100D-mod/lang/L.fst "ark:utils/sym2int.pl --map-oov 2 -f 2- data_atai-100D-mod/lang/words.txt data_atai-100D-mod/train/split4/1/text|" ark:- | gmm-align-compiled --transition-scale=1.0 --acoustic-scale=0.1 --self-loop-scale=0.1 --beam=10 --retry-beam=40 --careful=false "gmm-boost-silence --boost=1.25 1 exp_atai-100D-mod/triphones_aligned/final.mdl - |" ark:- "ark,s,cs:apply-cmvn  --utt2spk=ark:data_atai-100D-mod/train/split4/1/utt2spk scp:data_atai-100D-mod/train/split4/1/cmvn.scp scp:data_atai-100D-mod/train/split4/1/feats.scp ark:- | add-deltas  ark:- ark:- |" "ark,t:|gzip -c >exp_atai-100D-mod/triphones_aligned/ali.1.gz" 
# Started at Tue Jul 24 16:27:12 UTC 2018
#
gmm-align-compiled --transition-scale=1.0 --acoustic-scale=0.1 --self-loop-scale=0.1 --beam=10 --retry-beam=40 --careful=false 'gmm-boost-silence --boost=1.25 1 exp_atai-100D-mod/triphones_aligned/final.mdl - |' ark:- 'ark,s,cs:apply-cmvn  --utt2spk=ark:data_atai-100D-mod/train/split4/1/utt2spk scp:data_atai-100D-mod/train/split4/1/cmvn.scp scp:data_atai-100D-mod/train/split4/1/feats.scp ark:- | add-deltas  ark:- ark:- |' 'ark,t:|gzip -c >exp_atai-100D-mod/triphones_aligned/ali.1.gz' 
compile-train-graphs exp_atai-100D-mod/triphones_aligned/tree exp_atai-100D-mod/triphones_aligned/final.mdl data_atai-100D-mod/lang/L.fst 'ark:utils/sym2int.pl --map-oov 2 -f 2- data_atai-100D-mod/lang/words.txt data_atai-100D-mod/train/split4/1/text|' ark:- 
gmm-boost-silence --boost=1.25 1 exp_atai-100D-mod/triphones_aligned/final.mdl - 
LOG (gmm-boost-silence[5.4.217~1-8ae5]:main():gmm-boost-silence.cc:93) Boosted weights for 5 pdfs, by factor of 1.25
LOG (gmm-boost-silence[5.4.217~1-8ae5]:main():gmm-boost-silence.cc:103) Wrote model to -
sym2int.pl: replacing жылаңаяктыгына with 2
sym2int.pl: replacing ыңгайланганда with 2
sym2int.pl: replacing өкүмдүү with 2
sym2int.pl: replacing дабышы with 2
sym2int.pl: replacing селейтти with 2
sym2int.pl: replacing чимириктей with 2
sym2int.pl: replacing чепкендин with 2
sym2int.pl: replacing желге with 2
sym2int.pl: replacing далбалактап with 2
sym2int.pl: replacing дамбалы with 2
sym2int.pl: replacing булактап with 2
sym2int.pl: replacing дөңдөгү with 2
sym2int.pl: replacing айылдагыларга with 2
sym2int.pl: replacing жылмайышып with 2
sym2int.pl: replacing бейм with 2
sym2int.pl: replacing дегенсишип with 2
sym2int.pl: replacing бирибирин with 2
sym2int.pl: replacing тиктешип with 2
sym2int.pl: replacing борош with 2
sym2int.pl: replacing сураганын with 2
sym2int.pl: not warning for OOVs any more times
** Replaced 55 instances of OOVs with 2
add-deltas ark:- ark:- 
apply-cmvn --utt2spk=ark:data_atai-100D-mod/train/split4/1/utt2spk scp:data_atai-100D-mod/train/split4/1/cmvn.scp scp:data_atai-100D-mod/train/split4/1/feats.scp ark:- 
LOG (gmm-align-compiled[5.4.217~1-8ae5]:main():gmm-align-compiled.cc:127) atai-100D-mod_atai_102
LOG (gmm-align-compiled[5.4.217~1-8ae5]:main():gmm-align-compiled.cc:127) atai-100D-mod_atai_109
LOG (gmm-align-compiled[5.4.217~1-8ae5]:main():gmm-align-compiled.cc:127) atai-100D-mod_atai_113
LOG (gmm-align-compiled[5.4.217~1-8ae5]:main():gmm-align-compiled.cc:127) atai-100D-mod_atai_115
LOG (gmm-align-compiled[5.4.217~1-8ae5]:main():gmm-align-compiled.cc:127) atai-100D-mod_atai_116
LOG (gmm-align-compiled[5.4.217~1-8ae5]:main():gmm-align-compiled.cc:127) atai-100D-mod_atai_122
LOG (gmm-align-compiled[5.4.217~1-8ae5]:main():gmm-align-compiled.cc:127) atai-100D-mod_atai_132
LOG (gmm-align-compiled[5.4.217~1-8ae5]:main():gmm-align-compiled.cc:127) atai-100D-mod_atai_133
LOG (gmm-align-compiled[5.4.217~1-8ae5]:main():gmm-align-compiled.cc:127) atai-100D-mod_atai_134
LOG (gmm-align-compiled[5.4.217~1-8ae5]:main():gmm-align-compiled.cc:127) atai-100D-mod_atai_142
LOG (gmm-align-compiled[5.4.217~1-8ae5]:main():gmm-align-compiled.cc:127) atai-100D-mod_atai_15
LOG (gmm-align-compiled[5.4.217~1-8ae5]:main():gmm-align-compiled.cc:127) atai-100D-mod_atai_152
LOG (gmm-align-compiled[5.4.217~1-8ae5]:main():gmm-align-compiled.cc:127) atai-100D-mod_atai_159
LOG (gmm-align-compiled[5.4.217~1-8ae5]:main():gmm-align-compiled.cc:127) atai-100D-mod_atai_16
LOG (gmm-align-compiled[5.4.217~1-8ae5]:main():gmm-align-compiled.cc:127) atai-100D-mod_atai_162
LOG (gmm-align-compiled[5.4.217~1-8ae5]:main():gmm-align-compiled.cc:127) atai-100D-mod_atai_177
LOG (gmm-align-compiled[5.4.217~1-8ae5]:main():gmm-align-compiled.cc:127) atai-100D-mod_atai_185
LOG (gmm-align-compiled[5.4.217~1-8ae5]:main():gmm-align-compiled.cc:127) atai-100D-mod_atai_187
LOG (gmm-align-compiled[5.4.217~1-8ae5]:main():gmm-align-compiled.cc:127) atai-100D-mod_atai_192
LOG (gmm-align-compiled[5.4.217~1-8ae5]:main():gmm-align-compiled.cc:127) atai-100D-mod_atai_205
LOG (gmm-align-compiled[5.4.217~1-8ae5]:main():gmm-align-compiled.cc:127) atai-100D-mod_atai_207
LOG (compile-train-graphs[5.4.217~1-8ae5]:main():compile-train-graphs.cc:147) compile-train-graphs: succeeded for 25 graphs, failed for 0
LOG (apply-cmvn[5.4.217~1-8ae5]:main():apply-cmvn.cc:162) Applied cepstral mean normalization to 25 utterances, errors on 0
LOG (gmm-align-compiled[5.4.217~1-8ae5]:main():gmm-align-compiled.cc:127) atai-100D-mod_atai_215
LOG (gmm-align-compiled[5.4.217~1-8ae5]:main():gmm-align-compiled.cc:127) atai-100D-mod_atai_216
LOG (gmm-align-compiled[5.4.217~1-8ae5]:main():gmm-align-compiled.cc:127) atai-100D-mod_atai_220
LOG (gmm-align-compiled[5.4.217~1-8ae5]:main():gmm-align-compiled.cc:127) atai-100D-mod_atai_221
LOG (gmm-align-compiled[5.4.217~1-8ae5]:main():gmm-align-compiled.cc:135) Overall log-likelihood per frame is 17.7621 over 19222 frames.
LOG (gmm-align-compiled[5.4.217~1-8ae5]:main():gmm-align-compiled.cc:137) Retried 0 out of 25 utterances.
LOG (gmm-align-compiled[5.4.217~1-8ae5]:main():gmm-align-compiled.cc:139) Done 25, errors on 0
# Accounting: time=5 threads=1
# Ended (code 0) at Tue Jul 24 16:27:17 UTC 2018, elapsed time 5 seconds
