# compile-train-graphs exp_atai-100E-mod/monophones_aligned/tree exp_atai-100E-mod/monophones_aligned/final.mdl data_atai-100E-mod/lang/L.fst "ark:utils/sym2int.pl --map-oov 2 -f 2- data_atai-100E-mod/lang/words.txt data_atai-100E-mod/train/split4/4/text|" ark:- | gmm-align-compiled --transition-scale=1.0 --acoustic-scale=0.1 --self-loop-scale=0.1 --beam=10 --retry-beam=40 --careful=false "gmm-boost-silence --boost=1.25 1 exp_atai-100E-mod/monophones_aligned/final.mdl - |" ark:- "ark,s,cs:apply-cmvn --norm-vars=true --utt2spk=ark:data_atai-100E-mod/train/split4/4/utt2spk scp:data_atai-100E-mod/train/split4/4/cmvn.scp scp:data_atai-100E-mod/train/split4/4/feats.scp ark:- | add-deltas  ark:- ark:- |" "ark,t:|gzip -c >exp_atai-100E-mod/monophones_aligned/ali.4.gz" 
# Started at Tue Jul 24 16:32:05 UTC 2018
#
gmm-align-compiled --transition-scale=1.0 --acoustic-scale=0.1 --self-loop-scale=0.1 --beam=10 --retry-beam=40 --careful=false 'gmm-boost-silence --boost=1.25 1 exp_atai-100E-mod/monophones_aligned/final.mdl - |' ark:- 'ark,s,cs:apply-cmvn --norm-vars=true --utt2spk=ark:data_atai-100E-mod/train/split4/4/utt2spk scp:data_atai-100E-mod/train/split4/4/cmvn.scp scp:data_atai-100E-mod/train/split4/4/feats.scp ark:- | add-deltas  ark:- ark:- |' 'ark,t:|gzip -c >exp_atai-100E-mod/monophones_aligned/ali.4.gz' 
compile-train-graphs exp_atai-100E-mod/monophones_aligned/tree exp_atai-100E-mod/monophones_aligned/final.mdl data_atai-100E-mod/lang/L.fst 'ark:utils/sym2int.pl --map-oov 2 -f 2- data_atai-100E-mod/lang/words.txt data_atai-100E-mod/train/split4/4/text|' ark:- 
gmm-boost-silence --boost=1.25 1 exp_atai-100E-mod/monophones_aligned/final.mdl - 
LOG (gmm-boost-silence[5.4.217~1-8ae5]:main():gmm-boost-silence.cc:93) Boosted weights for 5 pdfs, by factor of 1.25
LOG (gmm-boost-silence[5.4.217~1-8ae5]:main():gmm-boost-silence.cc:103) Wrote model to -
sym2int.pl: replacing йсалкын with 2
sym2int.pl: replacing шыңк with 2
sym2int.pl: replacing серке with 2
sym2int.pl: replacing аккууну with 2
sym2int.pl: replacing аттиң with 2
sym2int.pl: replacing абдыракмандын with 2
sym2int.pl: replacing чочой with 2
sym2int.pl: replacing аккыз with 2
sym2int.pl: replacing өтүшкен with 2
sym2int.pl: replacing колотко with 2
sym2int.pl: replacing урчугундагы with 2
sym2int.pl: replacing аккыздын with 2
sym2int.pl: replacing жантакпайдын with 2
sym2int.pl: replacing отурчу with 2
sym2int.pl: replacing жантакпайдын with 2
sym2int.pl: replacing жаңжалды with 2
sym2int.pl: replacing баштабагансып with 2
sym2int.pl: replacing тымпыйышып with 2
sym2int.pl: replacing шымаланганына with 2
sym2int.pl: replacing ыкласы with 2
sym2int.pl: not warning for OOVs any more times
** Replaced 51 instances of OOVs with 2
apply-cmvn --norm-vars=true --utt2spk=ark:data_atai-100E-mod/train/split4/4/utt2spk scp:data_atai-100E-mod/train/split4/4/cmvn.scp scp:data_atai-100E-mod/train/split4/4/feats.scp ark:- 
add-deltas ark:- ark:- 
LOG (gmm-align-compiled[5.4.217~1-8ae5]:main():gmm-align-compiled.cc:127) atai-100E-mod_atai_50
LOG (gmm-align-compiled[5.4.217~1-8ae5]:main():gmm-align-compiled.cc:127) atai-100E-mod_atai_504
LOG (gmm-align-compiled[5.4.217~1-8ae5]:main():gmm-align-compiled.cc:127) atai-100E-mod_atai_506
LOG (gmm-align-compiled[5.4.217~1-8ae5]:main():gmm-align-compiled.cc:127) atai-100E-mod_atai_520
LOG (gmm-align-compiled[5.4.217~1-8ae5]:main():gmm-align-compiled.cc:127) atai-100E-mod_atai_523
LOG (gmm-align-compiled[5.4.217~1-8ae5]:main():gmm-align-compiled.cc:127) atai-100E-mod_atai_526
LOG (gmm-align-compiled[5.4.217~1-8ae5]:main():gmm-align-compiled.cc:127) atai-100E-mod_atai_528
LOG (gmm-align-compiled[5.4.217~1-8ae5]:main():gmm-align-compiled.cc:127) atai-100E-mod_atai_530
LOG (gmm-align-compiled[5.4.217~1-8ae5]:main():gmm-align-compiled.cc:127) atai-100E-mod_atai_533
LOG (gmm-align-compiled[5.4.217~1-8ae5]:main():gmm-align-compiled.cc:127) atai-100E-mod_atai_537
LOG (gmm-align-compiled[5.4.217~1-8ae5]:main():gmm-align-compiled.cc:127) atai-100E-mod_atai_54
LOG (gmm-align-compiled[5.4.217~1-8ae5]:main():gmm-align-compiled.cc:127) atai-100E-mod_atai_564
LOG (gmm-align-compiled[5.4.217~1-8ae5]:main():gmm-align-compiled.cc:127) atai-100E-mod_atai_567
LOG (gmm-align-compiled[5.4.217~1-8ae5]:main():gmm-align-compiled.cc:127) atai-100E-mod_atai_568
LOG (gmm-align-compiled[5.4.217~1-8ae5]:main():gmm-align-compiled.cc:127) atai-100E-mod_atai_580
LOG (gmm-align-compiled[5.4.217~1-8ae5]:main():gmm-align-compiled.cc:127) atai-100E-mod_atai_582
LOG (gmm-align-compiled[5.4.217~1-8ae5]:main():gmm-align-compiled.cc:127) atai-100E-mod_atai_604
LOG (gmm-align-compiled[5.4.217~1-8ae5]:main():gmm-align-compiled.cc:127) atai-100E-mod_atai_63
LOG (gmm-align-compiled[5.4.217~1-8ae5]:main():gmm-align-compiled.cc:127) atai-100E-mod_atai_70
LOG (gmm-align-compiled[5.4.217~1-8ae5]:main():gmm-align-compiled.cc:127) atai-100E-mod_atai_71
LOG (apply-cmvn[5.4.217~1-8ae5]:main():apply-cmvn.cc:159) Applied cepstral mean and variance normalization to 25 utterances, errors on 0
LOG (gmm-align-compiled[5.4.217~1-8ae5]:main():gmm-align-compiled.cc:127) atai-100E-mod_atai_74
LOG (gmm-align-compiled[5.4.217~1-8ae5]:main():gmm-align-compiled.cc:127) atai-100E-mod_atai_78
LOG (gmm-align-compiled[5.4.217~1-8ae5]:main():gmm-align-compiled.cc:127) atai-100E-mod_atai_82
LOG (compile-train-graphs[5.4.217~1-8ae5]:main():compile-train-graphs.cc:147) compile-train-graphs: succeeded for 25 graphs, failed for 0
LOG (gmm-align-compiled[5.4.217~1-8ae5]:main():gmm-align-compiled.cc:127) atai-100E-mod_atai_92
LOG (gmm-align-compiled[5.4.217~1-8ae5]:main():gmm-align-compiled.cc:127) atai-100E-mod_atai_97
LOG (gmm-align-compiled[5.4.217~1-8ae5]:main():gmm-align-compiled.cc:135) Overall log-likelihood per frame is 1.12868 over 18410 frames.
LOG (gmm-align-compiled[5.4.217~1-8ae5]:main():gmm-align-compiled.cc:137) Retried 0 out of 25 utterances.
LOG (gmm-align-compiled[5.4.217~1-8ae5]:main():gmm-align-compiled.cc:139) Done 25, errors on 0
# Accounting: time=4 threads=1
# Ended (code 0) at Tue Jul 24 16:32:09 UTC 2018, elapsed time 4 seconds
