# gmm-init-model --write-occs=exp_atai-100F-org/triphones/1.occs exp_atai-100F-org/triphones/tree exp_atai-100F-org/triphones/treeacc data_atai-100F-org/lang/topo exp_atai-100F-org/triphones/1.mdl 
# Started at Tue Jul 24 17:09:50 UTC 2018
#
gmm-init-model --write-occs=exp_atai-100F-org/triphones/1.occs exp_atai-100F-org/triphones/tree exp_atai-100F-org/triphones/treeacc data_atai-100F-org/lang/topo exp_atai-100F-org/triphones/1.mdl 
LOG (gmm-init-model[5.4.217~1-8ae5]:main():gmm-init-model.cc:271) Number of separate statistics is 7223
WARNING (gmm-init-model[5.4.217~1-8ae5]:InitAmGmm():gmm-init-model.cc:55) Tree has pdf-id 8 with no stats; corresponding phone list: 9 
WARNING (gmm-init-model[5.4.217~1-8ae5]:InitAmGmm():gmm-init-model.cc:55) Tree has pdf-id 25 with no stats; corresponding phone list: 26 
WARNING (gmm-init-model[5.4.217~1-8ae5]:InitAmGmm():gmm-init-model.cc:83) Very small count for state 18: 36; corresponding phone list: 19 
WARNING (gmm-init-model[5.4.217~1-8ae5]:InitAmGmm():gmm-init-model.cc:83) Very small count for state 24: 67; corresponding phone list: 25 
WARNING (gmm-init-model[5.4.217~1-8ae5]:InitAmGmm():gmm-init-model.cc:83) Very small count for state 39: 87; corresponding phone list: 10 
WARNING (gmm-init-model[5.4.217~1-8ae5]:InitAmGmm():gmm-init-model.cc:83) Very small count for state 53: 54; corresponding phone list: 18 
WARNING (gmm-init-model[5.4.217~1-8ae5]:InitAmGmm():gmm-init-model.cc:83) Very small count for state 62: 95; corresponding phone list: 18 
WARNING (gmm-init-model[5.4.217~1-8ae5]:InitAmGmm():gmm-init-model.cc:83) Very small count for state 64: 15; corresponding phone list: 19 
WARNING (gmm-init-model[5.4.217~1-8ae5]:InitAmGmm():gmm-init-model.cc:83) Very small count for state 87: 55; corresponding phone list: 18 
WARNING (gmm-init-model[5.4.217~1-8ae5]:InitAmGmm():gmm-init-model.cc:83) Very small count for state 93: 69; corresponding phone list: 8 
WARNING (gmm-init-model[5.4.217~1-8ae5]:InitAmGmm():gmm-init-model.cc:83) Very small count for state 104: 89; corresponding phone list: 18 
WARNING (gmm-init-model[5.4.217~1-8ae5]:InitAmGmm():gmm-init-model.cc:83) Very small count for state 108: 99; corresponding phone list: 15 
WARNING (gmm-init-model[5.4.217~1-8ae5]:InitAmGmm():gmm-init-model.cc:83) Very small count for state 157: 86; corresponding phone list: 4 
LOG (gmm-init-model[5.4.217~1-8ae5]:main():gmm-init-model.cc:306) Wrote model.
# Accounting: time=1 threads=1
# Ended (code 0) at Tue Jul 24 17:09:51 UTC 2018, elapsed time 1 seconds
