# gmm-est --mix-up=1200 --power=0.25 --write-occs=exp_atai-100F-org/triphones/7.occs exp_atai-100F-org/triphones/6.mdl "gmm-sum-accs - exp_atai-100F-org/triphones/6.*.acc |" exp_atai-100F-org/triphones/7.mdl 
# Started at Tue Jul 24 17:09:57 UTC 2018
#
gmm-est --mix-up=1200 --power=0.25 --write-occs=exp_atai-100F-org/triphones/7.occs exp_atai-100F-org/triphones/6.mdl 'gmm-sum-accs - exp_atai-100F-org/triphones/6.*.acc |' exp_atai-100F-org/triphones/7.mdl 
gmm-sum-accs - exp_atai-100F-org/triphones/6.1.acc exp_atai-100F-org/triphones/6.2.acc exp_atai-100F-org/triphones/6.3.acc exp_atai-100F-org/triphones/6.4.acc 
LOG (gmm-sum-accs[5.4.217~1-8ae5]:main():gmm-sum-accs.cc:63) Summed 4 stats, total count 86722, avg like/frame 15.0287
LOG (gmm-sum-accs[5.4.217~1-8ae5]:main():gmm-sum-accs.cc:66) Total count of stats is 86722
LOG (gmm-sum-accs[5.4.217~1-8ae5]:main():gmm-sum-accs.cc:67) Written stats to -
LOG (gmm-est[5.4.217~1-8ae5]:MleUpdate():transition-model.cc:517) TransitionModel::Update, objf change is 0 per frame over 86722 frames. 
LOG (gmm-est[5.4.217~1-8ae5]:MleUpdate():transition-model.cc:520) 6 probabilities floored, 6 out of 181 transition-states skipped due to insuffient data (it is normal to have some skipped.)
LOG (gmm-est[5.4.217~1-8ae5]:main():gmm-est.cc:102) Transition model update: Overall 0 log-like improvement per frame over 86722 frames.
WARNING (gmm-est[5.4.217~1-8ae5]:MleDiagGmmUpdate():mle-diag-gmm.cc:365) Gaussian has too little data but not removing it because it is the last Gaussian: i = 0, occ = 0, weight = 1
WARNING (gmm-est[5.4.217~1-8ae5]:MleDiagGmmUpdate():mle-diag-gmm.cc:365) Gaussian has too little data but not removing it because it is the last Gaussian: i = 0, occ = 0, weight = 1
WARNING (gmm-est[5.4.217~1-8ae5]:MleDiagGmmUpdate():mle-diag-gmm.cc:359) Too little data - removing Gaussian (weight 0.082495, occupation count 9.074396, vector size 39)
LOG (gmm-est[5.4.217~1-8ae5]:MleAmDiagGmmUpdate():mle-am-diag-gmm.cc:225) 575 variance elements floored in 254 Gaussians, out of 1159
LOG (gmm-est[5.4.217~1-8ae5]:MleAmDiagGmmUpdate():mle-am-diag-gmm.cc:229) Removed 1 Gaussians due to counts < --min-gaussian-occupancy=10 and --remove-low-count-gaussians=true
LOG (gmm-est[5.4.217~1-8ae5]:main():gmm-est.cc:113) GMM update: Overall 0.186692 objective function improvement per frame over 86722 frames
LOG (gmm-est[5.4.217~1-8ae5]:main():gmm-est.cc:116) GMM update: Overall avg like per frame = 15.0287 over 86722 frames.
LOG (gmm-est[5.4.217~1-8ae5]:SplitByCount():am-diag-gmm.cc:116) Split 168 states with target = 1200, power = 0.25, perturb_factor = 0.01 and min_count = 20, split #Gauss from 1159 to 1200
LOG (gmm-est[5.4.217~1-8ae5]:main():gmm-est.cc:146) Written model to exp_atai-100F-org/triphones/7.mdl
# Accounting: time=0 threads=1
# Ended (code 0) at Tue Jul 24 17:09:57 UTC 2018, elapsed time 0 seconds
