# gmm-est --mix-up=1360 --power=0.25 --write-occs=exp_atai-100F-org/triphones/11.occs exp_atai-100F-org/triphones/10.mdl "gmm-sum-accs - exp_atai-100F-org/triphones/10.*.acc |" exp_atai-100F-org/triphones/11.mdl 
# Started at Tue Jul 24 17:10:00 UTC 2018
#
gmm-est --mix-up=1360 --power=0.25 --write-occs=exp_atai-100F-org/triphones/11.occs exp_atai-100F-org/triphones/10.mdl 'gmm-sum-accs - exp_atai-100F-org/triphones/10.*.acc |' exp_atai-100F-org/triphones/11.mdl 
gmm-sum-accs - exp_atai-100F-org/triphones/10.1.acc exp_atai-100F-org/triphones/10.2.acc exp_atai-100F-org/triphones/10.3.acc exp_atai-100F-org/triphones/10.4.acc 
LOG (gmm-sum-accs[5.4.217~1-8ae5]:main():gmm-sum-accs.cc:63) Summed 4 stats, total count 86722, avg like/frame 15.9457
LOG (gmm-sum-accs[5.4.217~1-8ae5]:main():gmm-sum-accs.cc:66) Total count of stats is 86722
LOG (gmm-sum-accs[5.4.217~1-8ae5]:main():gmm-sum-accs.cc:67) Written stats to -
LOG (gmm-est[5.4.217~1-8ae5]:MleUpdate():transition-model.cc:517) TransitionModel::Update, objf change is 0.00333993 per frame over 86722 frames. 
LOG (gmm-est[5.4.217~1-8ae5]:MleUpdate():transition-model.cc:520) 13 probabilities floored, 6 out of 181 transition-states skipped due to insuffient data (it is normal to have some skipped.)
LOG (gmm-est[5.4.217~1-8ae5]:main():gmm-est.cc:102) Transition model update: Overall 0.00333993 log-like improvement per frame over 86722 frames.
WARNING (gmm-est[5.4.217~1-8ae5]:MleDiagGmmUpdate():mle-diag-gmm.cc:359) Too little data - removing Gaussian (weight 0.064760, occupation count 8.936926, vector size 39)
WARNING (gmm-est[5.4.217~1-8ae5]:MleDiagGmmUpdate():mle-diag-gmm.cc:365) Gaussian has too little data but not removing it because it is the last Gaussian: i = 0, occ = 0, weight = 1
WARNING (gmm-est[5.4.217~1-8ae5]:MleDiagGmmUpdate():mle-diag-gmm.cc:365) Gaussian has too little data but not removing it because it is the last Gaussian: i = 0, occ = 0, weight = 1
WARNING (gmm-est[5.4.217~1-8ae5]:MleDiagGmmUpdate():mle-diag-gmm.cc:359) Too little data - removing Gaussian (weight 0.125054, occupation count 6.002593, vector size 39)
WARNING (gmm-est[5.4.217~1-8ae5]:MleDiagGmmUpdate():mle-diag-gmm.cc:359) Too little data - removing Gaussian (weight 0.052621, occupation count 8.998244, vector size 39)
LOG (gmm-est[5.4.217~1-8ae5]:MleAmDiagGmmUpdate():mle-am-diag-gmm.cc:225) 963 variance elements floored in 373 Gaussians, out of 1317
LOG (gmm-est[5.4.217~1-8ae5]:MleAmDiagGmmUpdate():mle-am-diag-gmm.cc:229) Removed 3 Gaussians due to counts < --min-gaussian-occupancy=10 and --remove-low-count-gaussians=true
LOG (gmm-est[5.4.217~1-8ae5]:main():gmm-est.cc:113) GMM update: Overall 0.190476 objective function improvement per frame over 86722 frames
LOG (gmm-est[5.4.217~1-8ae5]:main():gmm-est.cc:116) GMM update: Overall avg like per frame = 15.9457 over 86722 frames.
LOG (gmm-est[5.4.217~1-8ae5]:SplitByCount():am-diag-gmm.cc:116) Split 168 states with target = 1360, power = 0.25, perturb_factor = 0.01 and min_count = 20, split #Gauss from 1317 to 1362
LOG (gmm-est[5.4.217~1-8ae5]:main():gmm-est.cc:146) Written model to exp_atai-100F-org/triphones/11.mdl
# Accounting: time=0 threads=1
# Ended (code 0) at Tue Jul 24 17:10:00 UTC 2018, elapsed time 0 seconds
