# compile-train-graphs exp_atai-100E-org/monophones/tree exp_atai-100E-org/monophones/0.mdl data_atai-100E-org/lang/L.fst "ark:sym2int.pl --map-oov 2 -f 2- data_atai-100E-org/lang/words.txt < data_atai-100E-org/train/split4/4/text|" "ark:|gzip -c >exp_atai-100E-org/monophones/fsts.4.gz" 
# Started at Tue Jul 24 17:03:10 UTC 2018
#
compile-train-graphs exp_atai-100E-org/monophones/tree exp_atai-100E-org/monophones/0.mdl data_atai-100E-org/lang/L.fst 'ark:sym2int.pl --map-oov 2 -f 2- data_atai-100E-org/lang/words.txt < data_atai-100E-org/train/split4/4/text|' 'ark:|gzip -c >exp_atai-100E-org/monophones/fsts.4.gz' 
sym2int.pl: replacing йсалкын with 2
sym2int.pl: replacing шыңк with 2
sym2int.pl: replacing серке with 2
sym2int.pl: replacing аккууну with 2
sym2int.pl: replacing аттиң with 2
sym2int.pl: replacing абдыракмандын with 2
sym2int.pl: replacing чочой with 2
sym2int.pl: replacing аккыз with 2
sym2int.pl: replacing өтүшкен with 2
sym2int.pl: replacing колотко with 2
sym2int.pl: replacing урчугундагы with 2
sym2int.pl: replacing аккыздын with 2
sym2int.pl: replacing жантакпайдын with 2
sym2int.pl: replacing отурчу with 2
sym2int.pl: replacing жантакпайдын with 2
sym2int.pl: replacing жаңжалды with 2
sym2int.pl: replacing баштабагансып with 2
sym2int.pl: replacing тымпыйышып with 2
sym2int.pl: replacing шымаланганына with 2
sym2int.pl: replacing ыкласы with 2
sym2int.pl: not warning for OOVs any more times
** Replaced 51 instances of OOVs with 2
LOG (compile-train-graphs[5.4.217~1-8ae5]:main():compile-train-graphs.cc:147) compile-train-graphs: succeeded for 25 graphs, failed for 0
# Accounting: time=3 threads=1
# Ended (code 0) at Tue Jul 24 17:03:13 UTC 2018, elapsed time 3 seconds
