# compute-plp-feats --verbose=2 --config=config/plp.conf scp,p:plp_atai-100C-mod/make_plp_log/wav_train.2.scp ark:- | copy-feats --compress=true ark:- ark,scp:/home/ubuntu/kaldi/egs/multi-task-kaldi/mtk/plp_atai-100C-mod/raw_plp_train.2.ark,/home/ubuntu/kaldi/egs/multi-task-kaldi/mtk/plp_atai-100C-mod/raw_plp_train.2.scp 
# Started at Tue Jul 24 16:19:03 UTC 2018
#
copy-feats --compress=true ark:- ark,scp:/home/ubuntu/kaldi/egs/multi-task-kaldi/mtk/plp_atai-100C-mod/raw_plp_train.2.ark,/home/ubuntu/kaldi/egs/multi-task-kaldi/mtk/plp_atai-100C-mod/raw_plp_train.2.scp 
compute-plp-feats --verbose=2 --config=config/plp.conf scp,p:plp_atai-100C-mod/make_plp_log/wav_train.2.scp ark:- 
VLOG[2] (compute-plp-feats[5.4.217~1-8ae5]:main():compute-plp-feats.cc:173) Processed features for key atai-100C-mod_atai_248
VLOG[2] (compute-plp-feats[5.4.217~1-8ae5]:main():compute-plp-feats.cc:173) Processed features for key atai-100C-mod_atai_255
VLOG[2] (compute-plp-feats[5.4.217~1-8ae5]:main():compute-plp-feats.cc:173) Processed features for key atai-100C-mod_atai_256
VLOG[2] (compute-plp-feats[5.4.217~1-8ae5]:main():compute-plp-feats.cc:173) Processed features for key atai-100C-mod_atai_257
VLOG[2] (compute-plp-feats[5.4.217~1-8ae5]:main():compute-plp-feats.cc:173) Processed features for key atai-100C-mod_atai_265
VLOG[2] (compute-plp-feats[5.4.217~1-8ae5]:main():compute-plp-feats.cc:173) Processed features for key atai-100C-mod_atai_281
VLOG[2] (compute-plp-feats[5.4.217~1-8ae5]:main():compute-plp-feats.cc:173) Processed features for key atai-100C-mod_atai_284
VLOG[2] (compute-plp-feats[5.4.217~1-8ae5]:main():compute-plp-feats.cc:173) Processed features for key atai-100C-mod_atai_293
VLOG[2] (compute-plp-feats[5.4.217~1-8ae5]:main():compute-plp-feats.cc:173) Processed features for key atai-100C-mod_atai_296
LOG (compute-plp-feats[5.4.217~1-8ae5]:main():compute-plp-feats.cc:172) Processed 10 utterances
VLOG[2] (compute-plp-feats[5.4.217~1-8ae5]:main():compute-plp-feats.cc:173) Processed features for key atai-100C-mod_atai_30
VLOG[2] (compute-plp-feats[5.4.217~1-8ae5]:main():compute-plp-feats.cc:173) Processed features for key atai-100C-mod_atai_306
VLOG[2] (compute-plp-feats[5.4.217~1-8ae5]:main():compute-plp-feats.cc:173) Processed features for key atai-100C-mod_atai_307
VLOG[2] (compute-plp-feats[5.4.217~1-8ae5]:main():compute-plp-feats.cc:173) Processed features for key atai-100C-mod_atai_309
VLOG[2] (compute-plp-feats[5.4.217~1-8ae5]:main():compute-plp-feats.cc:173) Processed features for key atai-100C-mod_atai_32
VLOG[2] (compute-plp-feats[5.4.217~1-8ae5]:main():compute-plp-feats.cc:173) Processed features for key atai-100C-mod_atai_332
VLOG[2] (compute-plp-feats[5.4.217~1-8ae5]:main():compute-plp-feats.cc:173) Processed features for key atai-100C-mod_atai_336
VLOG[2] (compute-plp-feats[5.4.217~1-8ae5]:main():compute-plp-feats.cc:173) Processed features for key atai-100C-mod_atai_343
VLOG[2] (compute-plp-feats[5.4.217~1-8ae5]:main():compute-plp-feats.cc:173) Processed features for key atai-100C-mod_atai_359
VLOG[2] (compute-plp-feats[5.4.217~1-8ae5]:main():compute-plp-feats.cc:173) Processed features for key atai-100C-mod_atai_361
LOG (compute-plp-feats[5.4.217~1-8ae5]:main():compute-plp-feats.cc:172) Processed 20 utterances
VLOG[2] (compute-plp-feats[5.4.217~1-8ae5]:main():compute-plp-feats.cc:173) Processed features for key atai-100C-mod_atai_364
VLOG[2] (compute-plp-feats[5.4.217~1-8ae5]:main():compute-plp-feats.cc:173) Processed features for key atai-100C-mod_atai_368
VLOG[2] (compute-plp-feats[5.4.217~1-8ae5]:main():compute-plp-feats.cc:173) Processed features for key atai-100C-mod_atai_371
VLOG[2] (compute-plp-feats[5.4.217~1-8ae5]:main():compute-plp-feats.cc:173) Processed features for key atai-100C-mod_atai_376
VLOG[2] (compute-plp-feats[5.4.217~1-8ae5]:main():compute-plp-feats.cc:173) Processed features for key atai-100C-mod_atai_378
VLOG[2] (compute-plp-feats[5.4.217~1-8ae5]:main():compute-plp-feats.cc:173) Processed features for key atai-100C-mod_atai_391
LOG (compute-plp-feats[5.4.217~1-8ae5]:main():compute-plp-feats.cc:176)  Done 25 out of 25 utterances.
LOG (copy-feats[5.4.217~1-8ae5]:main():copy-feats.cc:143) Copied 25 feature matrices.
# Accounting: time=1 threads=1
# Ended (code 0) at Tue Jul 24 16:19:05 UTC 2018, elapsed time 1 seconds
