# nnet3-combine --max-objective-evaluations=30 --verbose=3 MTL/exp/nnet3/multitask/40.raw MTL/exp/nnet3/multitask/39.raw MTL/exp/nnet3/multitask/38.raw MTL/exp/nnet3/multitask/37.raw MTL/exp/nnet3/multitask/36.raw MTL/exp/nnet3/multitask/35.raw MTL/exp/nnet3/multitask/34.raw MTL/exp/nnet3/multitask/33.raw MTL/exp/nnet3/multitask/32.raw MTL/exp/nnet3/multitask/31.raw MTL/exp/nnet3/multitask/30.raw MTL/exp/nnet3/multitask/29.raw MTL/exp/nnet3/multitask/28.raw MTL/exp/nnet3/multitask/27.raw MTL/exp/nnet3/multitask/26.raw MTL/exp/nnet3/multitask/25.raw MTL/exp/nnet3/multitask/24.raw MTL/exp/nnet3/multitask/23.raw MTL/exp/nnet3/multitask/22.raw MTL/exp/nnet3/multitask/21.raw "ark,bg:nnet3-copy-egs --outputs=ark:MTL/exp/nnet3/multitask/egs/combine.output.ark --weights=ark:MTL/exp/nnet3/multitask/egs/combine.weight.ark                     scp:MTL/exp/nnet3/multitask/egs/combine.scp ark:- |                       nnet3-merge-egs --minibatch-size=1:256,128 ark:- ark:- |" MTL/exp/nnet3/multitask/final.raw 
# Started at Tue Jul 24 11:19:19 UTC 2018
#
nnet3-combine --max-objective-evaluations=30 --verbose=3 MTL/exp/nnet3/multitask/40.raw MTL/exp/nnet3/multitask/39.raw MTL/exp/nnet3/multitask/38.raw MTL/exp/nnet3/multitask/37.raw MTL/exp/nnet3/multitask/36.raw MTL/exp/nnet3/multitask/35.raw MTL/exp/nnet3/multitask/34.raw MTL/exp/nnet3/multitask/33.raw MTL/exp/nnet3/multitask/32.raw MTL/exp/nnet3/multitask/31.raw MTL/exp/nnet3/multitask/30.raw MTL/exp/nnet3/multitask/29.raw MTL/exp/nnet3/multitask/28.raw MTL/exp/nnet3/multitask/27.raw MTL/exp/nnet3/multitask/26.raw MTL/exp/nnet3/multitask/25.raw MTL/exp/nnet3/multitask/24.raw MTL/exp/nnet3/multitask/23.raw MTL/exp/nnet3/multitask/22.raw MTL/exp/nnet3/multitask/21.raw 'ark,bg:nnet3-copy-egs --outputs=ark:MTL/exp/nnet3/multitask/egs/combine.output.ark --weights=ark:MTL/exp/nnet3/multitask/egs/combine.weight.ark                     scp:MTL/exp/nnet3/multitask/egs/combine.scp ark:- |                       nnet3-merge-egs --minibatch-size=1:256,128 ark:- ark:- |' MTL/exp/nnet3/multitask/final.raw 
WARNING (nnet3-combine[5.4.217~1-8ae5]:SelectGpuId():cu-device.cc:196) Not in compute-exclusive mode.  Suggestion: use 'nvidia-smi -c 3' to set compute exclusive mode
LOG (nnet3-combine[5.4.217~1-8ae5]:SelectGpuIdAuto():cu-device.cc:315) Selecting from 1 GPUs
LOG (nnet3-combine[5.4.217~1-8ae5]:SelectGpuIdAuto():cu-device.cc:330) cudaSetDevice(0): Tesla K80	free:11367M, used:72M, total:11439M, free/total:0.993684
LOG (nnet3-combine[5.4.217~1-8ae5]:SelectGpuIdAuto():cu-device.cc:379) Trying to select device: 0 (automatically), mem_ratio: 0.993684
LOG (nnet3-combine[5.4.217~1-8ae5]:SelectGpuIdAuto():cu-device.cc:398) Success selecting device 0 free mem ratio: 0.993684
LOG (nnet3-combine[5.4.217~1-8ae5]:FinalizeActiveGpu():cu-device.cc:247) The active GPU is [0]: Tesla K80	free:11321M, used:118M, total:11439M, free/total:0.989663 version 3.7
nnet3-merge-egs --minibatch-size=1:256,128 ark:- ark:- 
nnet3-copy-egs --outputs=ark:MTL/exp/nnet3/multitask/egs/combine.output.ark --weights=ark:MTL/exp/nnet3/multitask/egs/combine.weight.ark scp:MTL/exp/nnet3/multitask/egs/combine.scp ark:- 
LOG (nnet3-copy-egs[5.4.217~1-8ae5]:main():nnet3-copy-egs.cc:431) Read 2048 neural-network training examples, wrote 2048, 0 examples had errors.
LOG (nnet3-merge-egs[5.4.217~1-8ae5]:PrintSpecificStats():nnet-example-utils.cc:1143) Merged specific eg types as follows [format: <eg-size1>={<mb-size1>-><num-minibatches1>,<mbsize2>-><num-minibatches2>.../d=<num-discarded>},<egs-size2>={...},... (note,egs-size == number of input frames including context).
LOG (nnet3-merge-egs[5.4.217~1-8ae5]:PrintSpecificStats():nnet-example-utils.cc:1173) 69={256->8,d=0}
LOG (nnet3-merge-egs[5.4.217~1-8ae5]:PrintAggregateStats():nnet-example-utils.cc:1139) Processed 2048 egs of avg. size 69 into 8 minibatches, discarding 0% of egs.  Avg minibatch size was 256, #distinct types of egs/minibatches was 1/1
LOG (nnet3-combine[5.4.217~1-8ae5]:main():nnet3-combine.cc:148) Read 8 examples.
LOG (nnet3-combine[5.4.217~1-8ae5]:Optimize():nnet-optimize.cc:507) Before optimization, max memory use (bytes) = 6662160
LOG (nnet3-combine[5.4.217~1-8ae5]:Optimize():nnet-optimize.cc:629) After optimization, max memory use (bytes) = 520192
LOG (nnet3-combine[5.4.217~1-8ae5]:~CachingOptimizingCompiler():nnet-optimize.cc:710) 0.275 seconds taken in nnet3 compilation total (breakdown: 0.169 compilation, 0.0727 optimization, 0.00863 shortcut expansion, 0.0061 checking, 0.00134 computing indexes, 0.0171 misc.) + 0 I/O.
LOG (nnet3-combine[5.4.217~1-8ae5]:main():nnet3-combine.cc:158) objective function using the last model is -1.72391
LOG (nnet3-combine[5.4.217~1-8ae5]:Optimize():nnet-optimize.cc:507) Before optimization, max memory use (bytes) = 6662160
LOG (nnet3-combine[5.4.217~1-8ae5]:Optimize():nnet-optimize.cc:629) After optimization, max memory use (bytes) = 520192
LOG (nnet3-combine[5.4.217~1-8ae5]:~CachingOptimizingCompiler():nnet-optimize.cc:710) 0.162 seconds taken in nnet3 compilation total (breakdown: 0.108 compilation, 0.0342 optimization, 0.00532 shortcut expansion, 0.00316 checking, 0.000492 computing indexes, 0.011 misc.) + 0 I/O.
LOG (nnet3-combine[5.4.217~1-8ae5]:main():nnet3-combine.cc:174) Combining last 2 models, objective function is -1.69119
LOG (nnet3-combine[5.4.217~1-8ae5]:Optimize():nnet-optimize.cc:507) Before optimization, max memory use (bytes) = 6662160
LOG (nnet3-combine[5.4.217~1-8ae5]:Optimize():nnet-optimize.cc:629) After optimization, max memory use (bytes) = 520192
LOG (nnet3-combine[5.4.217~1-8ae5]:~CachingOptimizingCompiler():nnet-optimize.cc:710) 0.294 seconds taken in nnet3 compilation total (breakdown: 0.198 compilation, 0.0635 optimization, 0.00785 shortcut expansion, 0.00591 checking, 0.000595 computing indexes, 0.0181 misc.) + 0 I/O.
LOG (nnet3-combine[5.4.217~1-8ae5]:main():nnet3-combine.cc:174) Combining last 3 models, objective function is -1.68707
LOG (nnet3-combine[5.4.217~1-8ae5]:Optimize():nnet-optimize.cc:507) Before optimization, max memory use (bytes) = 6662160
LOG (nnet3-combine[5.4.217~1-8ae5]:Optimize():nnet-optimize.cc:629) After optimization, max memory use (bytes) = 520192
LOG (nnet3-combine[5.4.217~1-8ae5]:~CachingOptimizingCompiler():nnet-optimize.cc:710) 0.285 seconds taken in nnet3 compilation total (breakdown: 0.199 compilation, 0.0583 optimization, 0.00557 shortcut expansion, 0.00516 checking, 0.000519 computing indexes, 0.0166 misc.) + 0 I/O.
LOG (nnet3-combine[5.4.217~1-8ae5]:main():nnet3-combine.cc:174) Combining last 4 models, objective function is -1.69472
LOG (nnet3-combine[5.4.217~1-8ae5]:Optimize():nnet-optimize.cc:507) Before optimization, max memory use (bytes) = 6662160
LOG (nnet3-combine[5.4.217~1-8ae5]:Optimize():nnet-optimize.cc:629) After optimization, max memory use (bytes) = 520192
LOG (nnet3-combine[5.4.217~1-8ae5]:~CachingOptimizingCompiler():nnet-optimize.cc:710) 0.294 seconds taken in nnet3 compilation total (breakdown: 0.199 compilation, 0.0635 optimization, 0.00765 shortcut expansion, 0.00599 checking, 0.000582 computing indexes, 0.0175 misc.) + 0 I/O.
LOG (nnet3-combine[5.4.217~1-8ae5]:main():nnet3-combine.cc:174) Combining last 5 models, objective function is -1.71088
LOG (nnet3-combine[5.4.217~1-8ae5]:Optimize():nnet-optimize.cc:507) Before optimization, max memory use (bytes) = 6662160
LOG (nnet3-combine[5.4.217~1-8ae5]:Optimize():nnet-optimize.cc:629) After optimization, max memory use (bytes) = 520192
LOG (nnet3-combine[5.4.217~1-8ae5]:~CachingOptimizingCompiler():nnet-optimize.cc:710) 0.294 seconds taken in nnet3 compilation total (breakdown: 0.199 compilation, 0.0637 optimization, 0.00768 shortcut expansion, 0.00591 checking, 0.000625 computing indexes, 0.0175 misc.) + 0 I/O.
LOG (nnet3-combine[5.4.217~1-8ae5]:main():nnet3-combine.cc:174) Combining last 6 models, objective function is -1.72412
LOG (nnet3-combine[5.4.217~1-8ae5]:Optimize():nnet-optimize.cc:507) Before optimization, max memory use (bytes) = 6662160
LOG (nnet3-combine[5.4.217~1-8ae5]:Optimize():nnet-optimize.cc:629) After optimization, max memory use (bytes) = 520192
LOG (nnet3-combine[5.4.217~1-8ae5]:~CachingOptimizingCompiler():nnet-optimize.cc:710) 0.265 seconds taken in nnet3 compilation total (breakdown: 0.199 compilation, 0.043 optimization, 0.00537 shortcut expansion, 0.00516 checking, 0.000474 computing indexes, 0.0115 misc.) + 0 I/O.
LOG (nnet3-combine[5.4.217~1-8ae5]:main():nnet3-combine.cc:174) Combining last 7 models, objective function is -1.74019
LOG (nnet3-combine[5.4.217~1-8ae5]:Optimize():nnet-optimize.cc:507) Before optimization, max memory use (bytes) = 6662160
LOG (nnet3-combine[5.4.217~1-8ae5]:Optimize():nnet-optimize.cc:629) After optimization, max memory use (bytes) = 520192
LOG (nnet3-combine[5.4.217~1-8ae5]:~CachingOptimizingCompiler():nnet-optimize.cc:710) 0.161 seconds taken in nnet3 compilation total (breakdown: 0.107 compilation, 0.0343 optimization, 0.00532 shortcut expansion, 0.00318 checking, 0.000494 computing indexes, 0.0108 misc.) + 0 I/O.
LOG (nnet3-combine[5.4.217~1-8ae5]:main():nnet3-combine.cc:174) Combining last 8 models, objective function is -1.75801
LOG (nnet3-combine[5.4.217~1-8ae5]:Optimize():nnet-optimize.cc:507) Before optimization, max memory use (bytes) = 6662160
LOG (nnet3-combine[5.4.217~1-8ae5]:Optimize():nnet-optimize.cc:629) After optimization, max memory use (bytes) = 520192
LOG (nnet3-combine[5.4.217~1-8ae5]:~CachingOptimizingCompiler():nnet-optimize.cc:710) 0.16 seconds taken in nnet3 compilation total (breakdown: 0.107 compilation, 0.0341 optimization, 0.00532 shortcut expansion, 0.00316 checking, 0.000476 computing indexes, 0.0107 misc.) + 0 I/O.
LOG (nnet3-combine[5.4.217~1-8ae5]:main():nnet3-combine.cc:174) Combining last 9 models, objective function is -1.77737
LOG (nnet3-combine[5.4.217~1-8ae5]:Optimize():nnet-optimize.cc:507) Before optimization, max memory use (bytes) = 6662160
LOG (nnet3-combine[5.4.217~1-8ae5]:Optimize():nnet-optimize.cc:629) After optimization, max memory use (bytes) = 520192
LOG (nnet3-combine[5.4.217~1-8ae5]:~CachingOptimizingCompiler():nnet-optimize.cc:710) 0.161 seconds taken in nnet3 compilation total (breakdown: 0.107 compilation, 0.0343 optimization, 0.00536 shortcut expansion, 0.00314 checking, 0.000478 computing indexes, 0.0108 misc.) + 0 I/O.
LOG (nnet3-combine[5.4.217~1-8ae5]:main():nnet3-combine.cc:174) Combining last 10 models, objective function is -1.79847
LOG (nnet3-combine[5.4.217~1-8ae5]:Optimize():nnet-optimize.cc:507) Before optimization, max memory use (bytes) = 6662160
LOG (nnet3-combine[5.4.217~1-8ae5]:Optimize():nnet-optimize.cc:629) After optimization, max memory use (bytes) = 520192
LOG (nnet3-combine[5.4.217~1-8ae5]:~CachingOptimizingCompiler():nnet-optimize.cc:710) 0.161 seconds taken in nnet3 compilation total (breakdown: 0.107 compilation, 0.0342 optimization, 0.00536 shortcut expansion, 0.00317 checking, 0.000493 computing indexes, 0.0107 misc.) + 0 I/O.
LOG (nnet3-combine[5.4.217~1-8ae5]:main():nnet3-combine.cc:174) Combining last 11 models, objective function is -1.82043
LOG (nnet3-combine[5.4.217~1-8ae5]:Optimize():nnet-optimize.cc:507) Before optimization, max memory use (bytes) = 6662160
LOG (nnet3-combine[5.4.217~1-8ae5]:Optimize():nnet-optimize.cc:629) After optimization, max memory use (bytes) = 520192
LOG (nnet3-combine[5.4.217~1-8ae5]:~CachingOptimizingCompiler():nnet-optimize.cc:710) 0.161 seconds taken in nnet3 compilation total (breakdown: 0.107 compilation, 0.0342 optimization, 0.00531 shortcut expansion, 0.00321 checking, 0.000509 computing indexes, 0.0107 misc.) + 0 I/O.
LOG (nnet3-combine[5.4.217~1-8ae5]:main():nnet3-combine.cc:174) Combining last 12 models, objective function is -1.84177
LOG (nnet3-combine[5.4.217~1-8ae5]:Optimize():nnet-optimize.cc:507) Before optimization, max memory use (bytes) = 6662160
LOG (nnet3-combine[5.4.217~1-8ae5]:Optimize():nnet-optimize.cc:629) After optimization, max memory use (bytes) = 520192
LOG (nnet3-combine[5.4.217~1-8ae5]:~CachingOptimizingCompiler():nnet-optimize.cc:710) 0.16 seconds taken in nnet3 compilation total (breakdown: 0.106 compilation, 0.0343 optimization, 0.00538 shortcut expansion, 0.00317 checking, 0.000486 computing indexes, 0.0107 misc.) + 0 I/O.
LOG (nnet3-combine[5.4.217~1-8ae5]:main():nnet3-combine.cc:174) Combining last 13 models, objective function is -1.86325
LOG (nnet3-combine[5.4.217~1-8ae5]:Optimize():nnet-optimize.cc:507) Before optimization, max memory use (bytes) = 6662160
LOG (nnet3-combine[5.4.217~1-8ae5]:Optimize():nnet-optimize.cc:629) After optimization, max memory use (bytes) = 520192
LOG (nnet3-combine[5.4.217~1-8ae5]:~CachingOptimizingCompiler():nnet-optimize.cc:710) 0.161 seconds taken in nnet3 compilation total (breakdown: 0.107 compilation, 0.0341 optimization, 0.00544 shortcut expansion, 0.00314 checking, 0.000466 computing indexes, 0.0107 misc.) + 0 I/O.
LOG (nnet3-combine[5.4.217~1-8ae5]:main():nnet3-combine.cc:174) Combining last 14 models, objective function is -1.8833
LOG (nnet3-combine[5.4.217~1-8ae5]:Optimize():nnet-optimize.cc:507) Before optimization, max memory use (bytes) = 6662160
LOG (nnet3-combine[5.4.217~1-8ae5]:Optimize():nnet-optimize.cc:629) After optimization, max memory use (bytes) = 520192
LOG (nnet3-combine[5.4.217~1-8ae5]:~CachingOptimizingCompiler():nnet-optimize.cc:710) 0.161 seconds taken in nnet3 compilation total (breakdown: 0.107 compilation, 0.0343 optimization, 0.0053 shortcut expansion, 0.00319 checking, 0.000478 computing indexes, 0.0107 misc.) + 0 I/O.
LOG (nnet3-combine[5.4.217~1-8ae5]:main():nnet3-combine.cc:174) Combining last 15 models, objective function is -1.90361
LOG (nnet3-combine[5.4.217~1-8ae5]:Optimize():nnet-optimize.cc:507) Before optimization, max memory use (bytes) = 6662160
LOG (nnet3-combine[5.4.217~1-8ae5]:Optimize():nnet-optimize.cc:629) After optimization, max memory use (bytes) = 520192
LOG (nnet3-combine[5.4.217~1-8ae5]:~CachingOptimizingCompiler():nnet-optimize.cc:710) 0.161 seconds taken in nnet3 compilation total (breakdown: 0.107 compilation, 0.0342 optimization, 0.00536 shortcut expansion, 0.00317 checking, 0.000479 computing indexes, 0.0108 misc.) + 0 I/O.
LOG (nnet3-combine[5.4.217~1-8ae5]:main():nnet3-combine.cc:174) Combining last 16 models, objective function is -1.92469
LOG (nnet3-combine[5.4.217~1-8ae5]:Optimize():nnet-optimize.cc:507) Before optimization, max memory use (bytes) = 6662160
LOG (nnet3-combine[5.4.217~1-8ae5]:Optimize():nnet-optimize.cc:629) After optimization, max memory use (bytes) = 520192
LOG (nnet3-combine[5.4.217~1-8ae5]:~CachingOptimizingCompiler():nnet-optimize.cc:710) 0.16 seconds taken in nnet3 compilation total (breakdown: 0.107 compilation, 0.0341 optimization, 0.00523 shortcut expansion, 0.00313 checking, 0.000453 computing indexes, 0.0107 misc.) + 0 I/O.
LOG (nnet3-combine[5.4.217~1-8ae5]:main():nnet3-combine.cc:174) Combining last 17 models, objective function is -1.94587
LOG (nnet3-combine[5.4.217~1-8ae5]:Optimize():nnet-optimize.cc:507) Before optimization, max memory use (bytes) = 6662160
LOG (nnet3-combine[5.4.217~1-8ae5]:Optimize():nnet-optimize.cc:629) After optimization, max memory use (bytes) = 520192
LOG (nnet3-combine[5.4.217~1-8ae5]:~CachingOptimizingCompiler():nnet-optimize.cc:710) 0.161 seconds taken in nnet3 compilation total (breakdown: 0.107 compilation, 0.0342 optimization, 0.00535 shortcut expansion, 0.00317 checking, 0.000466 computing indexes, 0.0106 misc.) + 0 I/O.
LOG (nnet3-combine[5.4.217~1-8ae5]:main():nnet3-combine.cc:174) Combining last 18 models, objective function is -1.96766
LOG (nnet3-combine[5.4.217~1-8ae5]:Optimize():nnet-optimize.cc:507) Before optimization, max memory use (bytes) = 6662160
LOG (nnet3-combine[5.4.217~1-8ae5]:Optimize():nnet-optimize.cc:629) After optimization, max memory use (bytes) = 520192
LOG (nnet3-combine[5.4.217~1-8ae5]:~CachingOptimizingCompiler():nnet-optimize.cc:710) 0.161 seconds taken in nnet3 compilation total (breakdown: 0.107 compilation, 0.0344 optimization, 0.00537 shortcut expansion, 0.00316 checking, 0.000467 computing indexes, 0.0107 misc.) + 0 I/O.
LOG (nnet3-combine[5.4.217~1-8ae5]:main():nnet3-combine.cc:174) Combining last 19 models, objective function is -1.98936
LOG (nnet3-combine[5.4.217~1-8ae5]:Optimize():nnet-optimize.cc:507) Before optimization, max memory use (bytes) = 6662160
LOG (nnet3-combine[5.4.217~1-8ae5]:Optimize():nnet-optimize.cc:629) After optimization, max memory use (bytes) = 520192
LOG (nnet3-combine[5.4.217~1-8ae5]:~CachingOptimizingCompiler():nnet-optimize.cc:710) 0.161 seconds taken in nnet3 compilation total (breakdown: 0.107 compilation, 0.0342 optimization, 0.00538 shortcut expansion, 0.00316 checking, 0.000464 computing indexes, 0.0108 misc.) + 0 I/O.
LOG (nnet3-combine[5.4.217~1-8ae5]:main():nnet3-combine.cc:174) Combining last 20 models, objective function is -2.01085
LOG (nnet3-combine[5.4.217~1-8ae5]:main():nnet3-combine.cc:183) Combining 3 nnets, objective function changed from -1.72391 to -1.68707
LOG (nnet3-combine[5.4.217~1-8ae5]:PrintProfile():cu-device.cc:449) -----
[cudevice profile]
AddVec	0.0152149s
CuVector::CopyFromVecH2D	0.0187979s
ApplyLogSoftMaxPerRow	0.0199375s
CuVector::Resize	0.023762s
Scale	0.0315154s
CopyFromVec	0.0337877s
Destroy	0.0440295s
CopyRows	0.0480123s
CuMatrixBase::CopyFromMat(from CPU)	0.105374s
CopyRowsFromVec	0.196653s
CuMatrixBase::CopyFromMat(from other CuMatrixBase)	0.26496s
ApplyFloor	0.302453s
NormalizePerRow	0.771186s
AddMatMat	2.12796s
CuMatrix::Resize	3.8559s
Total GPU time:	7.94273s (may involve some double-counting)
-----
LOG (nnet3-combine[5.4.217~1-8ae5]:PrintMemoryUsage():cu-allocator.cc:127) Memory usage: 105616492 bytes currently allocated (max: 117807212); 18079104 currently in use by user (max: 91033704); 3028/7072 calls to Malloc* resulted in CUDA calls.
LOG (nnet3-combine[5.4.217~1-8ae5]:PrintMemoryUsage():cu-allocator.cc:136) Time taken in cudaMallocPitch=2.67576, in cudaMalloc=0.00293446, in cudaFree=1.12425, in this->MallocPitch()=3.84332
LOG (nnet3-combine[5.4.217~1-8ae5]:PrintMemoryUsage():cu-device.cc:422) Memory used (according to the device): 117047296 bytes.
LOG (nnet3-combine[5.4.217~1-8ae5]:main():nnet3-combine.cc:195) Finished combining neural nets, wrote model to MTL/exp/nnet3/multitask/final.raw
# Accounting: time=13 threads=1
# Ended (code 0) at Tue Jul 24 11:19:32 UTC 2018, elapsed time 13 seconds
