# nnet3-info MTL/exp/nnet3/multitask/51.raw && nnet3-show-progress --use-gpu=no MTL/exp/nnet3/multitask/50.raw MTL/exp/nnet3/multitask/51.raw 
# Started at Fri Jul 27 02:18:36 UTC 2018
#
nnet3-info MTL/exp/nnet3/multitask/51.raw 
num-parameters: 13891160
modulus: 1
input-node name=input dim=13
component-node name=tdnn1.affine component=tdnn1.affine input=Append(Offset(input, -2), Offset(input, -1), input, Offset(input, 1), Offset(input, 2)) input-dim=65 output-dim=768
component-node name=tdnn1.relu component=tdnn1.relu input=tdnn1.affine input-dim=768 output-dim=768
component-node name=tdnn1.renorm component=tdnn1.renorm input=tdnn1.relu input-dim=768 output-dim=768
component-node name=tdnn2.affine component=tdnn2.affine input=tdnn1.renorm input-dim=768 output-dim=768
component-node name=tdnn2.relu component=tdnn2.relu input=tdnn2.affine input-dim=768 output-dim=768
component-node name=tdnn2.renorm component=tdnn2.renorm input=tdnn2.relu input-dim=768 output-dim=768
component-node name=tdnn3.affine component=tdnn3.affine input=Append(Offset(tdnn2.renorm, -1), Offset(tdnn2.renorm, 2)) input-dim=1536 output-dim=768
component-node name=tdnn3.relu component=tdnn3.relu input=tdnn3.affine input-dim=768 output-dim=768
component-node name=tdnn3.renorm component=tdnn3.renorm input=tdnn3.relu input-dim=768 output-dim=768
component-node name=tdnn4.affine component=tdnn4.affine input=Append(Offset(tdnn3.renorm, -3), Offset(tdnn3.renorm, 3)) input-dim=1536 output-dim=768
component-node name=tdnn4.relu component=tdnn4.relu input=tdnn4.affine input-dim=768 output-dim=768
component-node name=tdnn4.renorm component=tdnn4.renorm input=tdnn4.relu input-dim=768 output-dim=768
component-node name=tdnn5.affine component=tdnn5.affine input=Append(Offset(tdnn4.renorm, -3), Offset(tdnn4.renorm, 3)) input-dim=1536 output-dim=768
component-node name=tdnn5.relu component=tdnn5.relu input=tdnn5.affine input-dim=768 output-dim=768
component-node name=tdnn5.renorm component=tdnn5.renorm input=tdnn5.relu input-dim=768 output-dim=768
component-node name=tdnn6.affine component=tdnn6.affine input=Append(Offset(tdnn5.renorm, -3), Offset(tdnn5.renorm, 3)) input-dim=1536 output-dim=768
component-node name=tdnn6.relu component=tdnn6.relu input=tdnn6.affine input-dim=768 output-dim=768
component-node name=tdnn6.renorm component=tdnn6.renorm input=tdnn6.relu input-dim=768 output-dim=768
component-node name=tdnn7.affine component=tdnn7.affine input=Append(Offset(tdnn6.renorm, -3), Offset(tdnn6.renorm, 3)) input-dim=1536 output-dim=768
component-node name=tdnn7.relu component=tdnn7.relu input=tdnn7.affine input-dim=768 output-dim=768
component-node name=tdnn7.renorm component=tdnn7.renorm input=tdnn7.relu input-dim=768 output-dim=768
component-node name=tdnn8.affine component=tdnn8.affine input=Append(Offset(tdnn7.renorm, -3), Offset(tdnn7.renorm, 3)) input-dim=1536 output-dim=768
component-node name=tdnn8.relu component=tdnn8.relu input=tdnn8.affine input-dim=768 output-dim=768
component-node name=tdnn8.renorm component=tdnn8.renorm input=tdnn8.relu input-dim=768 output-dim=768
component-node name=tdnn9.affine component=tdnn9.affine input=Append(Offset(tdnn8.renorm, -3), Offset(tdnn8.renorm, 3)) input-dim=1536 output-dim=768
component-node name=tdnn9.relu component=tdnn9.relu input=tdnn9.affine input-dim=768 output-dim=768
component-node name=tdnn9.renorm component=tdnn9.renorm input=tdnn9.relu input-dim=768 output-dim=768
component-node name=tdnn10.affine component=tdnn10.affine input=Append(Offset(tdnn9.renorm, -3), Offset(tdnn9.renorm, 3)) input-dim=1536 output-dim=768
component-node name=tdnn10.relu component=tdnn10.relu input=tdnn10.affine input-dim=768 output-dim=768
component-node name=tdnn10.renorm component=tdnn10.renorm input=tdnn10.relu input-dim=768 output-dim=768
component-node name=tdnn11.affine component=tdnn11.affine input=Append(Offset(tdnn10.renorm, -3), Offset(tdnn10.renorm, 3)) input-dim=1536 output-dim=768
component-node name=tdnn11.relu component=tdnn11.relu input=tdnn11.affine input-dim=768 output-dim=768
component-node name=tdnn11.renorm component=tdnn11.renorm input=tdnn11.relu input-dim=768 output-dim=768
component-node name=tdnnFINAL.affine component=tdnnFINAL.affine input=Append(Offset(tdnn11.renorm, -3), Offset(tdnn11.renorm, 3)) input-dim=1536 output-dim=768
component-node name=tdnnFINAL.relu component=tdnnFINAL.relu input=tdnnFINAL.affine input-dim=768 output-dim=768
component-node name=tdnnFINAL.renorm component=tdnnFINAL.renorm input=tdnnFINAL.relu input-dim=768 output-dim=768
component-node name=prefinal-affine-task-0.affine component=prefinal-affine-task-0.affine input=tdnnFINAL.renorm input-dim=768 output-dim=768
component-node name=prefinal-affine-task-0.relu component=prefinal-affine-task-0.relu input=prefinal-affine-task-0.affine input-dim=768 output-dim=768
component-node name=prefinal-affine-task-0.renorm component=prefinal-affine-task-0.renorm input=prefinal-affine-task-0.relu input-dim=768 output-dim=768
component-node name=output-0.affine component=output-0.affine input=prefinal-affine-task-0.renorm input-dim=768 output-dim=152
component-node name=output-0.log-softmax component=output-0.log-softmax input=output-0.affine input-dim=152 output-dim=152
output-node name=output-0 input=output-0.log-softmax dim=152 objective=linear
component-node name=prefinal-affine-task-1.affine component=prefinal-affine-task-1.affine input=tdnnFINAL.renorm input-dim=768 output-dim=768
component-node name=prefinal-affine-task-1.relu component=prefinal-affine-task-1.relu input=prefinal-affine-task-1.affine input-dim=768 output-dim=768
component-node name=prefinal-affine-task-1.renorm component=prefinal-affine-task-1.renorm input=prefinal-affine-task-1.relu input-dim=768 output-dim=768
component-node name=output-1.affine component=output-1.affine input=prefinal-affine-task-1.renorm input-dim=768 output-dim=192
component-node name=output-1.log-softmax component=output-1.log-softmax input=output-1.affine input-dim=192 output-dim=192
output-node name=output-1 input=output-1.log-softmax dim=192 objective=linear
component name=tdnn1.affine type=NaturalGradientAffineComponent, input-dim=65, output-dim=768, learning-rate=0.000355706, max-change=0.75, linear-params-rms=0.1411, linear-params-row-norms=[percentiles(0,1,2,5 10,20,50,80,90 95,98,99,100)=(0.76,0.82,0.85,0.90 0.94,0.99,1.1,1.3,1.3 1.4,1.5,1.5,1.6), mean=1.13, stddev=0.156], linear-params-col-norms=[percentiles(0,1,2,5 10,20,50,80,90 95,98,99,100)=(3.3,3.3,3.5,3.6 3.7,3.7,3.9,4.1,4.2 4.2,4.4,4.4,4.6), mean=3.9, stddev=0.222], bias-{mean,stddev}=0.03012,1.031, rank-in=20, rank-out=80, num-samples-history=2000, update-period=4, alpha=4
component name=tdnn1.relu type=RectifiedLinearComponent, dim=768, self-repair-scale=1e-05, count=2.15e+05, self-repaired-proportion=0.0015811, value-avg=[percentiles(0,1,2,5 10,20,50,80,90 95,98,99,100)=(0.01,0.02,0.02,0.03 0.04,0.06,0.26,1.3,1.8 2.1,2.5,2.8,5.2), mean=0.648, stddev=0.759], deriv-avg=[percentiles(0,1,2,5 10,20,50,80,90 95,98,99,100)=(0.05,0.07,0.07,0.08 0.09,0.12,0.37,0.86,0.91 0.92,0.94,0.94,0.95), mean=0.461, stddev=0.323], oderiv-rms=[percentiles(0,1,2,5 10,20,50,80,90 95,98,99,100)=(0.0005,0.0006,0.0006,0.0006 0.0006,0.0007,0.0008,0.001,0.001 0.001,0.002,0.002,0.002), mean=0.000911, stddev=0.000263], oderiv-count=302080
component name=tdnn1.renorm type=NormalizeComponent, input-dim=768, output-dim=768, target-rms=1, add-log-stddev=false
component name=tdnn2.affine type=NaturalGradientAffineComponent, input-dim=768, output-dim=768, learning-rate=0.000355706, max-change=0.75, linear-params-rms=0.03763, linear-params-row-norms=[percentiles(0,1,2,5 10,20,50,80,90 95,98,99,100)=(0.95,0.96,0.97,0.98 1.0,1.0,1.0,1.1,1.1 1.1,1.1,1.1,1.2), mean=1.04, stddev=0.0384], linear-params-col-norms=[percentiles(0,1,2,5 10,20,50,80,90 95,98,99,100)=(0.92,0.96,0.96,0.98 0.99,1.0,1.0,1.1,1.1 1.1,1.1,1.2,1.2), mean=1.04, stddev=0.0454], bias-{mean,stddev}=0.01178,1.051, rank-in=20, rank-out=80, num-samples-history=2000, update-period=4, alpha=4
component name=tdnn2.relu type=RectifiedLinearComponent, dim=768, self-repair-scale=1e-05, count=1.95e+05, self-repaired-proportion=0.000266335, value-avg=[percentiles(0,1,2,5 10,20,50,80,90 95,98,99,100)=(0.01,0.02,0.03,0.04 0.05,0.08,0.34,0.94,1.3 1.5,1.8,2.1,2.5), mean=0.518, stddev=0.504], deriv-avg=[percentiles(0,1,2,5 10,20,50,80,90 95,98,99,100)=(0.06,0.07,0.09,0.11 0.14,0.19,0.46,0.77,0.86 0.89,0.92,0.93,0.95), mean=0.475, stddev=0.266], oderiv-rms=[percentiles(0,1,2,5 10,20,50,80,90 95,98,99,100)=(0.0007,0.0007,0.0007,0.0008 0.0008,0.0008,0.001,0.001,0.001 0.001,0.002,0.002,0.002), mean=0.00101, stddev=0.000222], oderiv-count=302080
component name=tdnn2.renorm type=NormalizeComponent, input-dim=768, output-dim=768, target-rms=1, add-log-stddev=false
component name=tdnn3.affine type=NaturalGradientAffineComponent, input-dim=1536, output-dim=768, learning-rate=0.000355706, max-change=0.75, linear-params-rms=0.02712, linear-params-row-norms=[percentiles(0,1,2,5 10,20,50,80,90 95,98,99,100)=(0.96,0.98,0.99,1.0 1.0,1.0,1.1,1.1,1.1 1.1,1.1,1.2,1.2), mean=1.06, stddev=0.0405], linear-params-col-norms=[percentiles(0,1,2,5 10,20,50,80,90 95,98,99,100)=(0.65,0.68,0.69,0.70 0.70,0.72,0.75,0.78,0.80 0.82,0.84,0.85,0.91), mean=0.75, stddev=0.0391], bias-{mean,stddev}=0.01778,1.008, rank-in=20, rank-out=80, num-samples-history=2000, update-period=4, alpha=4
component name=tdnn3.relu type=RectifiedLinearComponent, dim=768, self-repair-scale=1e-05, count=1.1e+05, self-repaired-proportion=3.82966e-05, value-avg=[percentiles(0,1,2,5 10,20,50,80,90 95,98,99,100)=(0.02,0.02,0.03,0.04 0.06,0.11,0.38,1.0,1.4 1.7,2.0,2.1,2.6), mean=0.572, stddev=0.545], deriv-avg=[percentiles(0,1,2,5 10,20,50,80,90 95,98,99,100)=(0.07,0.08,0.09,0.11 0.14,0.21,0.42,0.68,0.80 0.86,0.91,0.91,0.94), mean=0.445, stddev=0.237], oderiv-rms=[percentiles(0,1,2,5 10,20,50,80,90 95,98,99,100)=(0.001,0.001,0.001,0.001 0.001,0.001,0.001,0.002,0.002 0.002,0.002,0.002,0.003), mean=0.00148, stddev=0.000345], oderiv-count=156160
component name=tdnn3.renorm type=NormalizeComponent, input-dim=768, output-dim=768, target-rms=1, add-log-stddev=false
component name=tdnn4.affine type=NaturalGradientAffineComponent, input-dim=1536, output-dim=768, learning-rate=0.000355706, max-change=0.75, linear-params-rms=0.02726, linear-params-row-norms=[percentiles(0,1,2,5 10,20,50,80,90 95,98,99,100)=(0.96,0.98,0.99,1.0 1.0,1.0,1.1,1.1,1.1 1.1,1.2,1.2,1.2), mean=1.07, stddev=0.0432], linear-params-col-norms=[percentiles(0,1,2,5 10,20,50,80,90 95,98,99,100)=(0.64,0.67,0.69,0.70 0.71,0.72,0.75,0.79,0.81 0.83,0.85,0.86,0.91), mean=0.754, stddev=0.0425], bias-{mean,stddev}=0.007426,1.004, rank-in=20, rank-out=80, num-samples-history=2000, update-period=4, alpha=4
component name=tdnn4.relu type=RectifiedLinearComponent, dim=768, self-repair-scale=1e-05, count=9.45e+04, self-repaired-proportion=0.00100446, value-avg=[percentiles(0,1,2,5 10,20,50,80,90 95,98,99,100)=(0.01,0.02,0.03,0.04 0.07,0.11,0.32,0.89,1.3 1.6,1.9,2.1,2.6), mean=0.513, stddev=0.501], deriv-avg=[percentiles(0,1,2,5 10,20,50,80,90 95,98,99,100)=(0.05,0.08,0.09,0.11 0.13,0.20,0.38,0.64,0.76 0.82,0.88,0.92,0.95), mean=0.417, stddev=0.225], oderiv-rms=[percentiles(0,1,2,5 10,20,50,80,90 95,98,99,100)=(0.001,0.001,0.001,0.001 0.001,0.001,0.002,0.002,0.002 0.002,0.003,0.003,0.003), mean=0.00174, stddev=0.000365], oderiv-count=140544
component name=tdnn4.renorm type=NormalizeComponent, input-dim=768, output-dim=768, target-rms=1, add-log-stddev=false
component name=tdnn5.affine type=NaturalGradientAffineComponent, input-dim=1536, output-dim=768, learning-rate=0.000355706, max-change=0.75, linear-params-rms=0.02748, linear-params-row-norms=[percentiles(0,1,2,5 10,20,50,80,90 95,98,99,100)=(0.97,0.98,0.99,1.0 1.0,1.0,1.1,1.1,1.1 1.1,1.2,1.2,1.2), mean=1.08, stddev=0.0446], linear-params-col-norms=[percentiles(0,1,2,5 10,20,50,80,90 95,98,99,100)=(0.66,0.68,0.69,0.70 0.71,0.72,0.75,0.80,0.82 0.84,0.87,0.88,0.93), mean=0.76, stddev=0.0451], bias-{mean,stddev}=0.022,1.015, rank-in=20, rank-out=80, num-samples-history=2000, update-period=4, alpha=4
component name=tdnn5.relu type=RectifiedLinearComponent, dim=768, self-repair-scale=1e-05, count=8.4e+04, self-repaired-proportion=0, value-avg=[percentiles(0,1,2,5 10,20,50,80,90 95,98,99,100)=(0.01,0.02,0.03,0.05 0.08,0.15,0.38,0.85,1.2 1.5,1.7,1.9,2.2), mean=0.524, stddev=0.452], deriv-avg=[percentiles(0,1,2,5 10,20,50,80,90 95,98,99,100)=(0.05,0.07,0.08,0.12 0.16,0.23,0.42,0.64,0.74 0.81,0.88,0.90,0.94), mean=0.436, stddev=0.213], oderiv-rms=[percentiles(0,1,2,5 10,20,50,80,90 95,98,99,100)=(0.001,0.001,0.001,0.002 0.002,0.002,0.002,0.002,0.003 0.003,0.003,0.003,0.003), mean=0.00202, stddev=0.000349], oderiv-count=126976
component name=tdnn5.renorm type=NormalizeComponent, input-dim=768, output-dim=768, target-rms=1, add-log-stddev=false
component name=tdnn6.affine type=NaturalGradientAffineComponent, input-dim=1536, output-dim=768, learning-rate=0.000355706, max-change=0.75, linear-params-rms=0.02769, linear-params-row-norms=[percentiles(0,1,2,5 10,20,50,80,90 95,98,99,100)=(0.98,0.99,1.0,1.0 1.0,1.0,1.1,1.1,1.1 1.2,1.2,1.2,1.2), mean=1.08, stddev=0.047], linear-params-col-norms=[percentiles(0,1,2,5 10,20,50,80,90 95,98,99,100)=(0.64,0.68,0.69,0.70 0.71,0.73,0.76,0.80,0.82 0.84,0.86,0.87,0.92), mean=0.766, stddev=0.0431], bias-{mean,stddev}=0.04583,1.007, rank-in=20, rank-out=80, num-samples-history=2000, update-period=4, alpha=4
component name=tdnn6.relu type=RectifiedLinearComponent, dim=768, self-repair-scale=1e-05, count=6.63e+04, self-repaired-proportion=0.00535974, value-avg=[percentiles(0,1,2,5 10,20,50,80,90 95,98,99,100)=(0.008,0.02,0.03,0.04 0.07,0.14,0.41,0.86,1.2 1.5,1.7,1.9,2.3), mean=0.529, stddev=0.457], deriv-avg=[percentiles(0,1,2,5 10,20,50,80,90 95,98,99,100)=(0.03,0.07,0.09,0.11 0.15,0.22,0.44,0.64,0.76 0.82,0.90,0.92,0.99), mean=0.441, stddev=0.223], oderiv-rms=[percentiles(0,1,2,5 10,20,50,80,90 95,98,99,100)=(0.002,0.002,0.002,0.002 0.002,0.002,0.002,0.003,0.003 0.003,0.003,0.003,0.003), mean=0.00235, stddev=0.000379], oderiv-count=94976
component name=tdnn6.renorm type=NormalizeComponent, input-dim=768, output-dim=768, target-rms=1, add-log-stddev=false
component name=tdnn7.affine type=NaturalGradientAffineComponent, input-dim=1536, output-dim=768, learning-rate=0.000355706, max-change=0.75, linear-params-rms=0.02799, linear-params-row-norms=[percentiles(0,1,2,5 10,20,50,80,90 95,98,99,100)=(0.98,0.99,1.0,1.0 1.0,1.0,1.1,1.1,1.2 1.2,1.2,1.2,1.2), mean=1.1, stddev=0.0514], linear-params-col-norms=[percentiles(0,1,2,5 10,20,50,80,90 95,98,99,100)=(0.63,0.68,0.69,0.70 0.71,0.73,0.77,0.82,0.84 0.85,0.87,0.88,0.94), mean=0.774, stddev=0.0476], bias-{mean,stddev}=0.01651,0.9738, rank-in=20, rank-out=80, num-samples-history=2000, update-period=4, alpha=4
component name=tdnn7.relu type=RectifiedLinearComponent, dim=768, self-repair-scale=1e-05, count=6.6e+04, self-repaired-proportion=0.00729167, value-avg=[percentiles(0,1,2,5 10,20,50,80,90 95,98,99,100)=(0,0.02,0.03,0.05 0.08,0.14,0.36,0.79,1.0 1.4,1.8,2.0,3.7), mean=0.502, stddev=0.454], deriv-avg=[percentiles(0,1,2,5 10,20,50,80,90 95,98,99,100)=(0,0.06,0.08,0.12 0.16,0.23,0.41,0.62,0.72 0.82,0.91,0.93,0.97), mean=0.431, stddev=0.213], oderiv-rms=[percentiles(0,1,2,5 10,20,50,80,90 95,98,99,100)=(0.002,0.002,0.002,0.002 0.002,0.002,0.003,0.003,0.003 0.003,0.004,0.004,0.004), mean=0.00279, stddev=0.000429], oderiv-count=84480
component name=tdnn7.renorm type=NormalizeComponent, input-dim=768, output-dim=768, target-rms=1, add-log-stddev=false
component name=tdnn8.affine type=NaturalGradientAffineComponent, input-dim=1536, output-dim=768, learning-rate=0.000355706, max-change=0.75, linear-params-rms=0.02818, linear-params-row-norms=[percentiles(0,1,2,5 10,20,50,80,90 95,98,99,100)=(0.97,0.99,0.99,1.0 1.0,1.0,1.1,1.2,1.2 1.2,1.2,1.2,1.2), mean=1.1, stddev=0.0569], linear-params-col-norms=[percentiles(0,1,2,5 10,20,50,80,90 95,98,99,100)=(0.67,0.69,0.70,0.71 0.72,0.73,0.78,0.82,0.84 0.86,0.88,0.89,0.93), mean=0.779, stddev=0.0485], bias-{mean,stddev}=-0.05807,1.063, rank-in=20, rank-out=80, num-samples-history=2000, update-period=4, alpha=4
component name=tdnn8.relu type=RectifiedLinearComponent, dim=768, self-repair-scale=1e-05, count=5.5e+04, self-repaired-proportion=0.0260074, value-avg=[percentiles(0,1,2,5 10,20,50,80,90 95,98,99,100)=(0,0.001,0.01,0.03 0.05,0.11,0.37,0.81,1.2 1.4,1.7,2.0,2.6), mean=0.502, stddev=0.455], deriv-avg=[percentiles(0,1,2,5 10,20,50,80,90 95,98,99,100)=(0,0.007,0.04,0.08 0.12,0.20,0.41,0.64,0.76 0.82,0.90,0.91,0.97), mean=0.427, stddev=0.233], oderiv-rms=[percentiles(0,1,2,5 10,20,50,80,90 95,98,99,100)=(0.002,0.002,0.002,0.002 0.002,0.003,0.003,0.004,0.004 0.004,0.004,0.004,0.005), mean=0.00306, stddev=0.000488], oderiv-count=75520
component name=tdnn8.renorm type=NormalizeComponent, input-dim=768, output-dim=768, target-rms=1, add-log-stddev=false
component name=tdnn9.affine type=NaturalGradientAffineComponent, input-dim=1536, output-dim=768, learning-rate=0.000355706, max-change=0.75, linear-params-rms=0.02832, linear-params-row-norms=[percentiles(0,1,2,5 10,20,50,80,90 95,98,99,100)=(0.96,0.98,0.99,1.0 1.0,1.0,1.1,1.2,1.2 1.2,1.2,1.2,1.2), mean=1.11, stddev=0.0609], linear-params-col-norms=[percentiles(0,1,2,5 10,20,50,80,90 95,98,99,100)=(0.65,0.69,0.69,0.70 0.71,0.73,0.78,0.83,0.85 0.87,0.88,0.89,0.92), mean=0.783, stddev=0.0525], bias-{mean,stddev}=-0.05938,0.998, rank-in=20, rank-out=80, num-samples-history=2000, update-period=4, alpha=4
component name=tdnn9.relu type=RectifiedLinearComponent, dim=768, self-repair-scale=1e-05, count=3.38e+04, self-repaired-proportion=0.0379364, value-avg=[percentiles(0,1,2,5 10,20,50,80,90 95,98,99,100)=(0,0.0007,0.004,0.02 0.06,0.12,0.36,0.80,1.1 1.4,1.6,1.9,2.3), mean=0.487, stddev=0.433], deriv-avg=[percentiles(0,1,2,5 10,20,50,80,90 95,98,99,100)=(0,0.004,0.02,0.06 0.12,0.21,0.41,0.64,0.74 0.84,0.89,0.93,0.98), mean=0.423, stddev=0.231], oderiv-rms=[percentiles(0,1,2,5 10,20,50,80,90 95,98,99,100)=(0.002,0.003,0.003,0.003 0.003,0.003,0.004,0.004,0.004 0.004,0.005,0.005,0.005), mean=0.00355, stddev=0.000578], oderiv-count=60416
component name=tdnn9.renorm type=NormalizeComponent, input-dim=768, output-dim=768, target-rms=1, add-log-stddev=false
component name=tdnn10.affine type=NaturalGradientAffineComponent, input-dim=1536, output-dim=768, learning-rate=0.000355706, max-change=0.75, linear-params-rms=0.02829, linear-params-row-norms=[percentiles(0,1,2,5 10,20,50,80,90 95,98,99,100)=(0.97,0.98,0.99,1.0 1.0,1.0,1.1,1.2,1.2 1.2,1.2,1.2,1.3), mean=1.11, stddev=0.0607], linear-params-col-norms=[percentiles(0,1,2,5 10,20,50,80,90 95,98,99,100)=(0.63,0.68,0.69,0.70 0.72,0.73,0.78,0.83,0.85 0.86,0.88,0.89,0.92), mean=0.782, stddev=0.0508], bias-{mean,stddev}=0.02918,1.027, rank-in=20, rank-out=80, num-samples-history=2000, update-period=4, alpha=4
component name=tdnn10.relu type=RectifiedLinearComponent, dim=768, self-repair-scale=1e-05, count=3.07e+04, self-repaired-proportion=0.0577009, value-avg=[percentiles(0,1,2,5 10,20,50,80,90 95,98,99,100)=(0,0.0001,0.002,0.02 0.05,0.11,0.37,0.86,1.2 1.4,1.7,2.0,2.3), mean=0.504, stddev=0.457], deriv-avg=[percentiles(0,1,2,5 10,20,50,80,90 95,98,99,100)=(0,0.0005,0.01,0.05 0.11,0.20,0.42,0.66,0.77 0.84,0.92,0.95,0.98), mean=0.432, stddev=0.244], oderiv-rms=[percentiles(0,1,2,5 10,20,50,80,90 95,98,99,100)=(0.003,0.003,0.003,0.003 0.003,0.003,0.004,0.005,0.005 0.005,0.005,0.005,0.006), mean=0.00406, stddev=0.000703], oderiv-count=39168
component name=tdnn10.renorm type=NormalizeComponent, input-dim=768, output-dim=768, target-rms=1, add-log-stddev=false
component name=tdnn11.affine type=NaturalGradientAffineComponent, input-dim=1536, output-dim=768, learning-rate=0.000355706, max-change=0.75, linear-params-rms=0.02823, linear-params-row-norms=[percentiles(0,1,2,5 10,20,50,80,90 95,98,99,100)=(0.96,0.97,0.98,1.0 1.0,1.0,1.1,1.2,1.2 1.2,1.2,1.2,1.2), mean=1.1, stddev=0.0643], linear-params-col-norms=[percentiles(0,1,2,5 10,20,50,80,90 95,98,99,100)=(0.65,0.69,0.69,0.70 0.71,0.73,0.78,0.83,0.85 0.86,0.88,0.89,0.93), mean=0.781, stddev=0.0502], bias-{mean,stddev}=0.03174,1.019, rank-in=20, rank-out=80, num-samples-history=2000, update-period=4, alpha=4
component name=tdnn11.relu type=RectifiedLinearComponent, dim=768, self-repair-scale=1e-05, count=1.54e+04, self-repaired-proportion=0.106771, value-avg=[percentiles(0,1,2,5 10,20,50,80,90 95,98,99,100)=(0,0.0001,0.0003,0.006 0.02,0.09,0.34,0.82,1.2 1.6,2.0,2.1,2.6), mean=0.502, stddev=0.503], deriv-avg=[percentiles(0,1,2,5 10,20,50,80,90 95,98,99,100)=(0,0.0007,0.002,0.02 0.06,0.18,0.41,0.66,0.80 0.89,0.95,0.97,1.0), mean=0.422, stddev=0.262], oderiv-rms=[percentiles(0,1,2,5 10,20,50,80,90 95,98,99,100)=(0.003,0.003,0.003,0.004 0.004,0.004,0.005,0.006,0.006 0.006,0.006,0.007,0.007), mean=0.00475, stddev=0.000846], oderiv-count=28160
component name=tdnn11.renorm type=NormalizeComponent, input-dim=768, output-dim=768, target-rms=1, add-log-stddev=false
component name=tdnnFINAL.affine type=NaturalGradientAffineComponent, input-dim=1536, output-dim=768, learning-rate=0.000355706, max-change=0.75, linear-params-rms=0.02829, linear-params-row-norms=[percentiles(0,1,2,5 10,20,50,80,90 95,98,99,100)=(0.97,0.98,0.99,1.0 1.0,1.0,1.1,1.2,1.2 1.2,1.2,1.2,1.3), mean=1.11, stddev=0.0699], linear-params-col-norms=[percentiles(0,1,2,5 10,20,50,80,90 95,98,99,100)=(0.65,0.68,0.69,0.70 0.71,0.72,0.78,0.83,0.86 0.87,0.90,0.91,0.95), mean=0.782, stddev=0.0565], bias-{mean,stddev}=-0.06729,0.9591, rank-in=20, rank-out=80, num-samples-history=2000, update-period=4, alpha=4
component name=tdnnFINAL.relu type=RectifiedLinearComponent, dim=768, self-repair-scale=1e-05, count=1.1e+04, self-repaired-proportion=0.11849, value-avg=[percentiles(0,1,2,5 10,20,50,80,90 95,98,99,100)=(0,3e-05,0.0001,0.002 0.01,0.06,0.31,0.69,0.97 1.2,1.6,1.7,2.4), mean=0.416, stddev=0.406], deriv-avg=[percentiles(0,1,2,5 10,20,50,80,90 95,98,99,100)=(0,9e-05,0.0007,0.007 0.04,0.14,0.36,0.59,0.70 0.79,0.89,0.92,1.0), mean=0.377, stddev=0.24], oderiv-rms=[percentiles(0,1,2,5 10,20,50,80,90 95,98,99,100)=(0.004,0.005,0.005,0.005 0.005,0.006,0.007,0.009,0.009 0.009,0.01,0.01,0.01), mean=0.00721, stddev=0.00142], oderiv-count=15872
component name=tdnnFINAL.renorm type=NormalizeComponent, input-dim=768, output-dim=768, target-rms=1, add-log-stddev=false
component name=prefinal-affine-task-0.affine type=NaturalGradientAffineComponent, input-dim=768, output-dim=768, learning-rate=0.000355706, max-change=0.75, linear-params-rms=0.03808, linear-params-row-norms=[percentiles(0,1,2,5 10,20,50,80,90 95,98,99,100)=(0.92,0.95,0.96,0.97 0.98,1.0,1.1,1.1,1.1 1.1,1.2,1.2,1.2), mean=1.05, stddev=0.0546], linear-params-col-norms=[percentiles(0,1,2,5 10,20,50,80,90 95,98,99,100)=(0.94,0.96,0.97,0.98 0.99,1.0,1.1,1.1,1.1 1.1,1.2,1.2,1.2), mean=1.05, stddev=0.0487], bias-{mean,stddev}=0.0007672,1.006, rank-in=20, rank-out=80, num-samples-history=2000, update-period=4, alpha=4
component name=prefinal-affine-task-0.relu type=RectifiedLinearComponent, dim=768, self-repair-scale=1e-05, count=4.86e+03, self-repaired-proportion=0.135344, value-avg=[percentiles(0,1,2,5 10,20,50,80,90 95,98,99,100)=(0,0,3e-05,0.0006 0.006,0.04,0.28,0.63,0.77 0.89,1.0,1.1,1.3), mean=0.349, stddev=0.303], deriv-avg=[percentiles(0,1,2,5 10,20,50,80,90 95,98,99,100)=(0,0,0.0002,0.003 0.02,0.10,0.38,0.61,0.67 0.72,0.76,0.77,0.79), mean=0.367, stddev=0.236], oderiv-rms=[percentiles(0,1,2,5 10,20,50,80,90 95,98,99,100)=(8e-09,7e-06,2e-05,0.0002 0.0005,0.002,0.007,0.009,0.01 0.01,0.01,0.01,0.01), mean=0.00599, stddev=0.00357], oderiv-count=7936
component name=prefinal-affine-task-0.renorm type=NormalizeComponent, input-dim=768, output-dim=768, target-rms=1, add-log-stddev=false
component name=output-0.affine type=NaturalGradientAffineComponent, input-dim=768, output-dim=152, learning-rate=0.000355706, max-change=1.5, linear-params-rms=0.04603, linear-params-row-norms=[percentiles(0,1,2,5 10,20,50,80,90 95,98,99,100)=(0.13,0.51,0.87,0.93 1.0,1.1,1.3,1.4,1.5 1.5,1.6,1.6,1.7), mean=1.26, stddev=0.205], linear-params-col-norms=[percentiles(0,1,2,5 10,20,50,80,90 95,98,99,100)=(6e-07,0.0005,0.002,0.009 0.03,0.11,0.56,0.76,0.82 0.87,0.92,0.94,1.1), mean=0.48, stddev=0.303], bias-{mean,stddev}=-4.587e-08,0.003282, rank-in=20, rank-out=76, num-samples-history=2000, update-period=4, alpha=4
component name=output-0.log-softmax type=LogSoftmaxComponent, dim=152, oderiv-rms=[percentiles(0,1,2,5 10,20,50,80,90 95,98,99,100)=(0,0.01,0.02,0.02 0.03,0.04,0.05,0.07,0.08 0.10,0.14,0.18,0.25), mean=0.0569, stddev=0.0312], oderiv-count=6400
component name=prefinal-affine-task-1.affine type=NaturalGradientAffineComponent, input-dim=768, output-dim=768, learning-rate=0.000355706, max-change=0.75, linear-params-rms=0.03616, linear-params-row-norms=[percentiles(0,1,2,5 10,20,50,80,90 95,98,99,100)=(0.91,0.94,0.95,0.96 0.97,0.98,1.0,1.0,1.0 1.0,1.1,1.1,1.1), mean=1, stddev=0.0269], linear-params-col-norms=[percentiles(0,1,2,5 10,20,50,80,90 95,98,99,100)=(0.92,0.94,0.95,0.96 0.97,0.98,1.0,1.0,1.0 1.0,1.1,1.1,1.1), mean=1, stddev=0.0261], bias-{mean,stddev}=-0.07014,1.031, rank-in=20, rank-out=80, num-samples-history=2000, update-period=4, alpha=4
component name=prefinal-affine-task-1.relu type=RectifiedLinearComponent, dim=768, self-repair-scale=1e-05, count=6.14e+03, self-repaired-proportion=0.159455, value-avg=[percentiles(0,1,2,5 10,20,50,80,90 95,98,99,100)=(0,0,2e-05,0.0007 0.004,0.02,0.27,0.59,0.77 0.87,0.98,1.1,1.4), mean=0.326, stddev=0.297], deriv-avg=[percentiles(0,1,2,5 10,20,50,80,90 95,98,99,100)=(0,0,0.0002,0.003 0.02,0.08,0.44,0.70,0.79 0.83,0.87,0.90,0.95), mean=0.41, stddev=0.284], oderiv-rms=[percentiles(0,1,2,5 10,20,50,80,90 95,98,99,100)=(4e-09,2e-06,1e-05,7e-05 0.0002,0.0009,0.005,0.006,0.007 0.007,0.008,0.008,0.01), mean=0.00392, stddev=0.00251], oderiv-count=8192
component name=prefinal-affine-task-1.renorm type=NormalizeComponent, input-dim=768, output-dim=768, target-rms=1, add-log-stddev=false
component name=output-1.affine type=NaturalGradientAffineComponent, input-dim=768, output-dim=192, learning-rate=0.000355706, max-change=1.5, linear-params-rms=0.02394, linear-params-row-norms=[percentiles(0,1,2,5 10,20,50,80,90 95,98,99,100)=(0.07,0.07,0.07,0.07 0.07,0.07,0.07,1.0,1.1 1.1,1.2,1.2,1.3), mean=0.481, stddev=0.457], linear-params-col-norms=[percentiles(0,1,2,5 10,20,50,80,90 95,98,99,100)=(3e-07,9e-05,0.0009,0.004 0.02,0.06,0.33,0.45,0.49 0.52,0.54,0.56,0.60), mean=0.279, stddev=0.179], bias-{mean,stddev}=2.675e-08,0.002037, rank-in=20, rank-out=80, num-samples-history=2000, update-period=4, alpha=4
component name=output-1.log-softmax type=LogSoftmaxComponent, dim=192, oderiv-rms=[percentiles(0,1,2,5 10,20,50,80,90 95,98,99,100)=(0,0,0,0 0,0,0,0.02,0.02 0.03,0.05,0.05,0.07), mean=0.00808, stddev=0.012], oderiv-count=7168
nnet3-show-progress --use-gpu=no MTL/exp/nnet3/multitask/50.raw MTL/exp/nnet3/multitask/51.raw 
LOG (nnet3-show-progress[5.4.217~1-8ae5]:SelectGpuId():cu-device.cc:123) Manually selected to compute on CPU.
LOG (nnet3-show-progress[5.4.217~1-8ae5]:main():nnet3-show-progress.cc:143) Parameter differences per layer are [ tdnn1.affine:0.221564 tdnn2.affine:0.138568 tdnn3.affine:0.189236 tdnn4.affine:0.210333 tdnn5.affine:0.228318 tdnn6.affine:0.246716 tdnn7.affine:0.268504 tdnn8.affine:0.282713 tdnn9.affine:0.29083 tdnn10.affine:0.286149 tdnn11.affine:0.27783 tdnnFINAL.affine:0.278042 prefinal-affine-task-0.affine:0.152597 output-0.affine:0.133278 prefinal-affine-task-1.affine:0.106342 output-1.affine:0.0884777 ]
LOG (nnet3-show-progress[5.4.217~1-8ae5]:main():nnet3-show-progress.cc:153) Norms of parameter matrices from <new-nnet-in> are [ tdnn1.affine:42.5506 tdnn2.affine:41.034 tdnn3.affine:40.5997 tdnn4.affine:40.6275 tdnn5.affine:41.0054 tdnn6.affine:41.0575 tdnn7.affine:40.653 tdnn8.affine:42.5116 tdnn9.affine:41.4014 tdnn10.affine:41.8966 tdnn11.affine:41.6955 tdnnFINAL.affine:40.6675 prefinal-affine-task-0.affine:40.4063 output-0.affine:15.7285 prefinal-affine-task-1.affine:39.8935 output-1.affine:9.19315 ]
LOG (nnet3-show-progress[5.4.217~1-8ae5]:main():nnet3-show-progress.cc:157) Relative parameter differences per layer are [ tdnn1.affine:0.00520735 tdnn2.affine:0.00337703 tdnn3.affine:0.00466129 tdnn4.affine:0.00517742 tdnn5.affine:0.00556831 tdnn6.affine:0.00600943 tdnn7.affine:0.00660531 tdnn8.affine:0.00665081 tdnn9.affine:0.00702529 tdnn10.affine:0.00683047 tdnn11.affine:0.00666376 tdnnFINAL.affine:0.00683729 prefinal-affine-task-0.affine:0.00377651 output-0.affine:0.00848929 prefinal-affine-task-1.affine:0.00266562 output-1.affine:0.00966051 ]
# Accounting: time=3 threads=1
# Ended (code 0) at Fri Jul 27 02:18:39 UTC 2018, elapsed time 3 seconds
