# nnet3-info MTL/exp/nnet3/multitask/67.raw && nnet3-show-progress --use-gpu=no MTL/exp/nnet3/multitask/66.raw MTL/exp/nnet3/multitask/67.raw 
# Started at Sat Jul 28 03:18:28 UTC 2018
#
nnet3-info MTL/exp/nnet3/multitask/67.raw 
num-parameters: 13897312
modulus: 1
input-node name=input dim=13
component-node name=tdnn1.affine component=tdnn1.affine input=Append(Offset(input, -2), Offset(input, -1), input, Offset(input, 1), Offset(input, 2)) input-dim=65 output-dim=768
component-node name=tdnn1.relu component=tdnn1.relu input=tdnn1.affine input-dim=768 output-dim=768
component-node name=tdnn1.renorm component=tdnn1.renorm input=tdnn1.relu input-dim=768 output-dim=768
component-node name=tdnn2.affine component=tdnn2.affine input=tdnn1.renorm input-dim=768 output-dim=768
component-node name=tdnn2.relu component=tdnn2.relu input=tdnn2.affine input-dim=768 output-dim=768
component-node name=tdnn2.renorm component=tdnn2.renorm input=tdnn2.relu input-dim=768 output-dim=768
component-node name=tdnn3.affine component=tdnn3.affine input=Append(Offset(tdnn2.renorm, -1), Offset(tdnn2.renorm, 2)) input-dim=1536 output-dim=768
component-node name=tdnn3.relu component=tdnn3.relu input=tdnn3.affine input-dim=768 output-dim=768
component-node name=tdnn3.renorm component=tdnn3.renorm input=tdnn3.relu input-dim=768 output-dim=768
component-node name=tdnn4.affine component=tdnn4.affine input=Append(Offset(tdnn3.renorm, -3), Offset(tdnn3.renorm, 3)) input-dim=1536 output-dim=768
component-node name=tdnn4.relu component=tdnn4.relu input=tdnn4.affine input-dim=768 output-dim=768
component-node name=tdnn4.renorm component=tdnn4.renorm input=tdnn4.relu input-dim=768 output-dim=768
component-node name=tdnn5.affine component=tdnn5.affine input=Append(Offset(tdnn4.renorm, -3), Offset(tdnn4.renorm, 3)) input-dim=1536 output-dim=768
component-node name=tdnn5.relu component=tdnn5.relu input=tdnn5.affine input-dim=768 output-dim=768
component-node name=tdnn5.renorm component=tdnn5.renorm input=tdnn5.relu input-dim=768 output-dim=768
component-node name=tdnn6.affine component=tdnn6.affine input=Append(Offset(tdnn5.renorm, -3), Offset(tdnn5.renorm, 3)) input-dim=1536 output-dim=768
component-node name=tdnn6.relu component=tdnn6.relu input=tdnn6.affine input-dim=768 output-dim=768
component-node name=tdnn6.renorm component=tdnn6.renorm input=tdnn6.relu input-dim=768 output-dim=768
component-node name=tdnn7.affine component=tdnn7.affine input=Append(Offset(tdnn6.renorm, -3), Offset(tdnn6.renorm, 3)) input-dim=1536 output-dim=768
component-node name=tdnn7.relu component=tdnn7.relu input=tdnn7.affine input-dim=768 output-dim=768
component-node name=tdnn7.renorm component=tdnn7.renorm input=tdnn7.relu input-dim=768 output-dim=768
component-node name=tdnn8.affine component=tdnn8.affine input=Append(Offset(tdnn7.renorm, -3), Offset(tdnn7.renorm, 3)) input-dim=1536 output-dim=768
component-node name=tdnn8.relu component=tdnn8.relu input=tdnn8.affine input-dim=768 output-dim=768
component-node name=tdnn8.renorm component=tdnn8.renorm input=tdnn8.relu input-dim=768 output-dim=768
component-node name=tdnn9.affine component=tdnn9.affine input=Append(Offset(tdnn8.renorm, -3), Offset(tdnn8.renorm, 3)) input-dim=1536 output-dim=768
component-node name=tdnn9.relu component=tdnn9.relu input=tdnn9.affine input-dim=768 output-dim=768
component-node name=tdnn9.renorm component=tdnn9.renorm input=tdnn9.relu input-dim=768 output-dim=768
component-node name=tdnn10.affine component=tdnn10.affine input=Append(Offset(tdnn9.renorm, -3), Offset(tdnn9.renorm, 3)) input-dim=1536 output-dim=768
component-node name=tdnn10.relu component=tdnn10.relu input=tdnn10.affine input-dim=768 output-dim=768
component-node name=tdnn10.renorm component=tdnn10.renorm input=tdnn10.relu input-dim=768 output-dim=768
component-node name=tdnn11.affine component=tdnn11.affine input=Append(Offset(tdnn10.renorm, -3), Offset(tdnn10.renorm, 3)) input-dim=1536 output-dim=768
component-node name=tdnn11.relu component=tdnn11.relu input=tdnn11.affine input-dim=768 output-dim=768
component-node name=tdnn11.renorm component=tdnn11.renorm input=tdnn11.relu input-dim=768 output-dim=768
component-node name=tdnnFINAL.affine component=tdnnFINAL.affine input=Append(Offset(tdnn11.renorm, -3), Offset(tdnn11.renorm, 3)) input-dim=1536 output-dim=768
component-node name=tdnnFINAL.relu component=tdnnFINAL.relu input=tdnnFINAL.affine input-dim=768 output-dim=768
component-node name=tdnnFINAL.renorm component=tdnnFINAL.renorm input=tdnnFINAL.relu input-dim=768 output-dim=768
component-node name=prefinal-affine-task-0.affine component=prefinal-affine-task-0.affine input=tdnnFINAL.renorm input-dim=768 output-dim=768
component-node name=prefinal-affine-task-0.relu component=prefinal-affine-task-0.relu input=prefinal-affine-task-0.affine input-dim=768 output-dim=768
component-node name=prefinal-affine-task-0.renorm component=prefinal-affine-task-0.renorm input=prefinal-affine-task-0.relu input-dim=768 output-dim=768
component-node name=output-0.affine component=output-0.affine input=prefinal-affine-task-0.renorm input-dim=768 output-dim=168
component-node name=output-0.log-softmax component=output-0.log-softmax input=output-0.affine input-dim=168 output-dim=168
output-node name=output-0 input=output-0.log-softmax dim=168 objective=linear
component-node name=prefinal-affine-task-1.affine component=prefinal-affine-task-1.affine input=tdnnFINAL.renorm input-dim=768 output-dim=768
component-node name=prefinal-affine-task-1.relu component=prefinal-affine-task-1.relu input=prefinal-affine-task-1.affine input-dim=768 output-dim=768
component-node name=prefinal-affine-task-1.renorm component=prefinal-affine-task-1.renorm input=prefinal-affine-task-1.relu input-dim=768 output-dim=768
component-node name=output-1.affine component=output-1.affine input=prefinal-affine-task-1.renorm input-dim=768 output-dim=184
component-node name=output-1.log-softmax component=output-1.log-softmax input=output-1.affine input-dim=184 output-dim=184
output-node name=output-1 input=output-1.log-softmax dim=184 objective=linear
component name=tdnn1.affine type=NaturalGradientAffineComponent, input-dim=65, output-dim=768, learning-rate=0.000580218, max-change=0.75, linear-params-rms=0.147, linear-params-row-norms=[percentiles(0,1,2,5 10,20,50,80,90 95,98,99,100)=(0.75,0.83,0.88,0.92 0.96,1.0,1.1,1.3,1.4 1.5,1.6,1.7,1.9), mean=1.17, stddev=0.182], linear-params-col-norms=[percentiles(0,1,2,5 10,20,50,80,90 95,98,99,100)=(3.6,3.6,3.7,3.7 3.8,3.9,4.0,4.2,4.3 4.4,4.6,4.6,4.7), mean=4.07, stddev=0.219], bias-{mean,stddev}=0.02843,1.034, rank-in=20, rank-out=80, num-samples-history=2000, update-period=4, alpha=4
component name=tdnn1.relu type=RectifiedLinearComponent, dim=768, self-repair-scale=1e-05, count=1.33e+05, self-repaired-proportion=0.00136719, value-avg=[percentiles(0,1,2,5 10,20,50,80,90 95,98,99,100)=(0.01,0.02,0.03,0.03 0.04,0.06,0.31,1.3,1.8 2.2,2.8,3.1,5.8), mean=0.688, stddev=0.791], deriv-avg=[percentiles(0,1,2,5 10,20,50,80,90 95,98,99,100)=(0.06,0.07,0.07,0.08 0.09,0.13,0.41,0.85,0.90 0.92,0.93,0.94,0.95), mean=0.473, stddev=0.321], oderiv-rms=[percentiles(0,1,2,5 10,20,50,80,90 95,98,99,100)=(0.0004,0.0004,0.0004,0.0004 0.0005,0.0005,0.0006,0.0008,0.001 0.001,0.001,0.001,0.001), mean=0.000672, stddev=0.000202], oderiv-count=291840
component name=tdnn1.renorm type=NormalizeComponent, input-dim=768, output-dim=768, target-rms=1, add-log-stddev=false
component name=tdnn2.affine type=NaturalGradientAffineComponent, input-dim=768, output-dim=768, learning-rate=0.000580218, max-change=0.75, linear-params-rms=0.03809, linear-params-row-norms=[percentiles(0,1,2,5 10,20,50,80,90 95,98,99,100)=(0.94,0.96,0.97,0.99 1.0,1.0,1.1,1.1,1.1 1.1,1.1,1.2,1.2), mean=1.05, stddev=0.0431], linear-params-col-norms=[percentiles(0,1,2,5 10,20,50,80,90 95,98,99,100)=(0.92,0.96,0.97,0.98 0.99,1.0,1.0,1.1,1.1 1.2,1.2,1.2,1.3), mean=1.05, stddev=0.0535], bias-{mean,stddev}=0.01179,1.051, rank-in=20, rank-out=80, num-samples-history=2000, update-period=4, alpha=4
component name=tdnn2.relu type=RectifiedLinearComponent, dim=768, self-repair-scale=1e-05, count=1.79e+05, self-repaired-proportion=0.000714046, value-avg=[percentiles(0,1,2,5 10,20,50,80,90 95,98,99,100)=(0.01,0.02,0.03,0.04 0.06,0.10,0.33,0.94,1.3 1.5,1.8,2.1,3.0), mean=0.525, stddev=0.514], deriv-avg=[percentiles(0,1,2,5 10,20,50,80,90 95,98,99,100)=(0.05,0.08,0.10,0.13 0.15,0.21,0.42,0.73,0.83 0.87,0.90,0.91,0.94), mean=0.461, stddev=0.246], oderiv-rms=[percentiles(0,1,2,5 10,20,50,80,90 95,98,99,100)=(0.0006,0.0006,0.0006,0.0006 0.0006,0.0007,0.0008,0.001,0.001 0.001,0.001,0.001,0.002), mean=0.000844, stddev=0.0002], oderiv-count=266240
component name=tdnn2.renorm type=NormalizeComponent, input-dim=768, output-dim=768, target-rms=1, add-log-stddev=false
component name=tdnn3.affine type=NaturalGradientAffineComponent, input-dim=1536, output-dim=768, learning-rate=0.000580218, max-change=0.75, linear-params-rms=0.02759, linear-params-row-norms=[percentiles(0,1,2,5 10,20,50,80,90 95,98,99,100)=(0.98,1.0,1.0,1.0 1.0,1.0,1.1,1.1,1.1 1.2,1.2,1.2,1.2), mean=1.08, stddev=0.0452], linear-params-col-norms=[percentiles(0,1,2,5 10,20,50,80,90 95,98,99,100)=(0.66,0.68,0.69,0.70 0.71,0.72,0.76,0.80,0.83 0.85,0.87,0.88,0.92), mean=0.763, stddev=0.0461], bias-{mean,stddev}=0.01776,1.008, rank-in=20, rank-out=80, num-samples-history=2000, update-period=4, alpha=4
component name=tdnn3.relu type=RectifiedLinearComponent, dim=768, self-repair-scale=1e-05, count=7.17e+04, self-repaired-proportion=0, value-avg=[percentiles(0,1,2,5 10,20,50,80,90 95,98,99,100)=(0.02,0.03,0.04,0.05 0.08,0.14,0.42,1.0,1.3 1.6,2.1,2.2,3.0), mean=0.583, stddev=0.519], deriv-avg=[percentiles(0,1,2,5 10,20,50,80,90 95,98,99,100)=(0.07,0.09,0.10,0.13 0.16,0.23,0.41,0.65,0.75 0.82,0.87,0.90,0.93), mean=0.442, stddev=0.215], oderiv-rms=[percentiles(0,1,2,5 10,20,50,80,90 95,98,99,100)=(0.0007,0.0007,0.0008,0.0008 0.0008,0.0009,0.001,0.001,0.002 0.002,0.002,0.002,0.002), mean=0.00113, stddev=0.000279], oderiv-count=138240
component name=tdnn3.renorm type=NormalizeComponent, input-dim=768, output-dim=768, target-rms=1, add-log-stddev=false
component name=tdnn4.affine type=NaturalGradientAffineComponent, input-dim=1536, output-dim=768, learning-rate=0.000580218, max-change=0.75, linear-params-rms=0.02771, linear-params-row-norms=[percentiles(0,1,2,5 10,20,50,80,90 95,98,99,100)=(0.96,0.99,1.0,1.0 1.0,1.0,1.1,1.1,1.2 1.2,1.2,1.2,1.2), mean=1.09, stddev=0.0499], linear-params-col-norms=[percentiles(0,1,2,5 10,20,50,80,90 95,98,99,100)=(0.65,0.68,0.69,0.70 0.71,0.73,0.76,0.81,0.83 0.85,0.87,0.89,0.94), mean=0.767, stddev=0.0472], bias-{mean,stddev}=0.007471,1.004, rank-in=20, rank-out=80, num-samples-history=2000, update-period=4, alpha=4
component name=tdnn4.relu type=RectifiedLinearComponent, dim=768, self-repair-scale=1e-05, count=8.29e+04, self-repaired-proportion=3.17581e-05, value-avg=[percentiles(0,1,2,5 10,20,50,80,90 95,98,99,100)=(0.02,0.03,0.04,0.05 0.08,0.13,0.41,0.87,1.3 1.5,1.9,2.0,2.5), mean=0.553, stddev=0.486], deriv-avg=[percentiles(0,1,2,5 10,20,50,80,90 95,98,99,100)=(0.06,0.08,0.09,0.12 0.15,0.22,0.42,0.63,0.73 0.80,0.86,0.89,0.92), mean=0.431, stddev=0.212], oderiv-rms=[percentiles(0,1,2,5 10,20,50,80,90 95,98,99,100)=(0.0009,0.0009,0.001,0.001 0.001,0.001,0.001,0.002,0.002 0.002,0.002,0.002,0.003), mean=0.00138, stddev=0.000318], oderiv-count=110592
component name=tdnn4.renorm type=NormalizeComponent, input-dim=768, output-dim=768, target-rms=1, add-log-stddev=false
component name=tdnn5.affine type=NaturalGradientAffineComponent, input-dim=1536, output-dim=768, learning-rate=0.000580218, max-change=0.75, linear-params-rms=0.0279, linear-params-row-norms=[percentiles(0,1,2,5 10,20,50,80,90 95,98,99,100)=(0.98,1.0,1.0,1.0 1.0,1.0,1.1,1.1,1.2 1.2,1.2,1.2,1.2), mean=1.09, stddev=0.0501], linear-params-col-norms=[percentiles(0,1,2,5 10,20,50,80,90 95,98,99,100)=(0.65,0.69,0.70,0.71 0.71,0.73,0.77,0.82,0.84 0.86,0.88,0.89,0.98), mean=0.772, stddev=0.0484], bias-{mean,stddev}=0.02203,1.014, rank-in=20, rank-out=80, num-samples-history=2000, update-period=4, alpha=4
component name=tdnn5.relu type=RectifiedLinearComponent, dim=768, self-repair-scale=1e-05, count=7.99e+04, self-repaired-proportion=0, value-avg=[percentiles(0,1,2,5 10,20,50,80,90 95,98,99,100)=(0.02,0.03,0.04,0.07 0.09,0.17,0.41,0.95,1.2 1.5,1.8,2.0,2.7), mean=0.56, stddev=0.466], deriv-avg=[percentiles(0,1,2,5 10,20,50,80,90 95,98,99,100)=(0.07,0.08,0.10,0.13 0.17,0.25,0.43,0.64,0.73 0.79,0.85,0.89,0.95), mean=0.445, stddev=0.207], oderiv-rms=[percentiles(0,1,2,5 10,20,50,80,90 95,98,99,100)=(0.001,0.001,0.001,0.001 0.001,0.001,0.001,0.002,0.002 0.002,0.002,0.002,0.003), mean=0.00151, stddev=0.000299], oderiv-count=106496
component name=tdnn5.renorm type=NormalizeComponent, input-dim=768, output-dim=768, target-rms=1, add-log-stddev=false
component name=tdnn6.affine type=NaturalGradientAffineComponent, input-dim=1536, output-dim=768, learning-rate=0.000580218, max-change=0.75, linear-params-rms=0.02814, linear-params-row-norms=[percentiles(0,1,2,5 10,20,50,80,90 95,98,99,100)=(0.98,1.0,1.0,1.0 1.0,1.1,1.1,1.1,1.2 1.2,1.2,1.2,1.2), mean=1.1, stddev=0.0489], linear-params-col-norms=[percentiles(0,1,2,5 10,20,50,80,90 95,98,99,100)=(0.66,0.69,0.70,0.71 0.72,0.73,0.78,0.82,0.84 0.86,0.88,0.88,0.93), mean=0.778, stddev=0.0474], bias-{mean,stddev}=0.0458,1.007, rank-in=20, rank-out=80, num-samples-history=2000, update-period=4, alpha=4
component name=tdnn6.relu type=RectifiedLinearComponent, dim=768, self-repair-scale=1e-05, count=5.56e+04, self-repaired-proportion=0.00014881, value-avg=[percentiles(0,1,2,5 10,20,50,80,90 95,98,99,100)=(0.02,0.04,0.05,0.07 0.11,0.18,0.41,0.86,1.2 1.5,1.9,2.1,2.7), mean=0.548, stddev=0.458], deriv-avg=[percentiles(0,1,2,5 10,20,50,80,90 95,98,99,100)=(0.06,0.08,0.10,0.15 0.19,0.25,0.42,0.63,0.73 0.80,0.86,0.88,0.92), mean=0.443, stddev=0.2], oderiv-rms=[percentiles(0,1,2,5 10,20,50,80,90 95,98,99,100)=(0.001,0.001,0.001,0.001 0.001,0.001,0.002,0.002,0.002 0.002,0.002,0.003,0.003), mean=0.00175, stddev=0.000301], oderiv-count=96768
component name=tdnn6.renorm type=NormalizeComponent, input-dim=768, output-dim=768, target-rms=1, add-log-stddev=false
component name=tdnn7.affine type=NaturalGradientAffineComponent, input-dim=1536, output-dim=768, learning-rate=0.000580218, max-change=0.75, linear-params-rms=0.02838, linear-params-row-norms=[percentiles(0,1,2,5 10,20,50,80,90 95,98,99,100)=(0.98,1.0,1.0,1.0 1.0,1.1,1.1,1.2,1.2 1.2,1.2,1.2,1.3), mean=1.11, stddev=0.0513], linear-params-col-norms=[percentiles(0,1,2,5 10,20,50,80,90 95,98,99,100)=(0.63,0.69,0.70,0.71 0.72,0.74,0.78,0.83,0.85 0.87,0.88,0.90,0.98), mean=0.785, stddev=0.048], bias-{mean,stddev}=0.01654,0.9737, rank-in=20, rank-out=80, num-samples-history=2000, update-period=4, alpha=4
component name=tdnn7.relu type=RectifiedLinearComponent, dim=768, self-repair-scale=1e-05, count=4.61e+04, self-repaired-proportion=0.00284831, value-avg=[percentiles(0,1,2,5 10,20,50,80,90 95,98,99,100)=(0.0006,0.04,0.06,0.09 0.12,0.18,0.41,0.85,1.2 1.5,1.9,2.1,3.7), mean=0.548, stddev=0.462], deriv-avg=[percentiles(0,1,2,5 10,20,50,80,90 95,98,99,100)=(0.003,0.09,0.12,0.17 0.21,0.27,0.42,0.62,0.73 0.80,0.86,0.90,1.0), mean=0.447, stddev=0.196], oderiv-rms=[percentiles(0,1,2,5 10,20,50,80,90 95,98,99,100)=(0.001,0.001,0.001,0.002 0.002,0.002,0.002,0.002,0.002 0.003,0.003,0.003,0.003), mean=0.00201, stddev=0.000335], oderiv-count=76800
component name=tdnn7.renorm type=NormalizeComponent, input-dim=768, output-dim=768, target-rms=1, add-log-stddev=false
component name=tdnn8.affine type=NaturalGradientAffineComponent, input-dim=1536, output-dim=768, learning-rate=0.000580218, max-change=0.75, linear-params-rms=0.02858, linear-params-row-norms=[percentiles(0,1,2,5 10,20,50,80,90 95,98,99,100)=(0.97,1.0,1.0,1.0 1.0,1.1,1.1,1.2,1.2 1.2,1.2,1.2,1.3), mean=1.12, stddev=0.0601], linear-params-col-norms=[percentiles(0,1,2,5 10,20,50,80,90 95,98,99,100)=(0.67,0.70,0.71,0.72 0.73,0.74,0.79,0.84,0.86 0.87,0.89,0.90,0.95), mean=0.79, stddev=0.049], bias-{mean,stddev}=-0.05804,1.063, rank-in=20, rank-out=80, num-samples-history=2000, update-period=4, alpha=4
component name=tdnn8.relu type=RectifiedLinearComponent, dim=768, self-repair-scale=1e-05, count=4.48e+04, self-repaired-proportion=0.00403646, value-avg=[percentiles(0,1,2,5 10,20,50,80,90 95,98,99,100)=(0.0005,0.02,0.03,0.05 0.08,0.15,0.38,0.90,1.2 1.6,2.0,2.2,2.7), mean=0.544, stddev=0.501], deriv-avg=[percentiles(0,1,2,5 10,20,50,80,90 95,98,99,100)=(0.003,0.06,0.07,0.11 0.15,0.23,0.41,0.63,0.74 0.84,0.89,0.92,0.97), mean=0.432, stddev=0.22], oderiv-rms=[percentiles(0,1,2,5 10,20,50,80,90 95,98,99,100)=(0.001,0.002,0.002,0.002 0.002,0.002,0.002,0.003,0.003 0.003,0.003,0.003,0.004), mean=0.00225, stddev=0.00041], oderiv-count=57600
component name=tdnn8.renorm type=NormalizeComponent, input-dim=768, output-dim=768, target-rms=1, add-log-stddev=false
component name=tdnn9.affine type=NaturalGradientAffineComponent, input-dim=1536, output-dim=768, learning-rate=0.000580218, max-change=0.75, linear-params-rms=0.0288, linear-params-row-norms=[percentiles(0,1,2,5 10,20,50,80,90 95,98,99,100)=(0.96,0.99,1.0,1.0 1.0,1.1,1.1,1.2,1.2 1.2,1.2,1.2,1.3), mean=1.13, stddev=0.0646], linear-params-col-norms=[percentiles(0,1,2,5 10,20,50,80,90 95,98,99,100)=(0.66,0.69,0.70,0.71 0.72,0.74,0.79,0.85,0.87 0.89,0.91,0.92,0.97), mean=0.796, stddev=0.0568], bias-{mean,stddev}=-0.05935,0.998, rank-in=20, rank-out=80, num-samples-history=2000, update-period=4, alpha=4
component name=tdnn9.relu type=RectifiedLinearComponent, dim=768, self-repair-scale=1e-05, count=3.48e+04, self-repaired-proportion=0.0161529, value-avg=[percentiles(0,1,2,5 10,20,50,80,90 95,98,99,100)=(0,0.004,0.02,0.05 0.08,0.15,0.40,0.84,1.2 1.4,1.8,1.9,2.4), mean=0.522, stddev=0.445], deriv-avg=[percentiles(0,1,2,5 10,20,50,80,90 95,98,99,100)=(0,0.02,0.06,0.11 0.16,0.24,0.43,0.62,0.73 0.81,0.87,0.90,0.98), mean=0.433, stddev=0.212], oderiv-rms=[percentiles(0,1,2,5 10,20,50,80,90 95,98,99,100)=(0.002,0.002,0.002,0.002 0.002,0.002,0.003,0.003,0.003 0.003,0.003,0.004,0.004), mean=0.00256, stddev=0.000457], oderiv-count=49152
component name=tdnn9.renorm type=NormalizeComponent, input-dim=768, output-dim=768, target-rms=1, add-log-stddev=false
component name=tdnn10.affine type=NaturalGradientAffineComponent, input-dim=1536, output-dim=768, learning-rate=0.000580218, max-change=0.75, linear-params-rms=0.02877, linear-params-row-norms=[percentiles(0,1,2,5 10,20,50,80,90 95,98,99,100)=(0.97,0.99,1.0,1.0 1.0,1.1,1.1,1.2,1.2 1.2,1.2,1.3,1.3), mean=1.13, stddev=0.0654], linear-params-col-norms=[percentiles(0,1,2,5 10,20,50,80,90 95,98,99,100)=(0.67,0.69,0.70,0.71 0.72,0.74,0.80,0.85,0.87 0.88,0.90,0.91,0.95), mean=0.795, stddev=0.0549], bias-{mean,stddev}=0.02918,1.027, rank-in=20, rank-out=80, num-samples-history=2000, update-period=4, alpha=4
component name=tdnn10.relu type=RectifiedLinearComponent, dim=768, self-repair-scale=1e-05, count=3.15e+04, self-repaired-proportion=0.02169, value-avg=[percentiles(0,1,2,5 10,20,50,80,90 95,98,99,100)=(0,0.003,0.01,0.04 0.07,0.16,0.39,0.87,1.2 1.5,1.9,2.1,2.7), mean=0.539, stddev=0.483], deriv-avg=[percentiles(0,1,2,5 10,20,50,80,90 95,98,99,100)=(0,0.02,0.05,0.08 0.14,0.23,0.43,0.64,0.76 0.83,0.90,0.92,0.99), mean=0.438, stddev=0.225], oderiv-rms=[percentiles(0,1,2,5 10,20,50,80,90 95,98,99,100)=(0.002,0.002,0.002,0.002 0.002,0.002,0.003,0.003,0.004 0.004,0.004,0.004,0.004), mean=0.00293, stddev=0.000529], oderiv-count=39936
component name=tdnn10.renorm type=NormalizeComponent, input-dim=768, output-dim=768, target-rms=1, add-log-stddev=false
component name=tdnn11.affine type=NaturalGradientAffineComponent, input-dim=1536, output-dim=768, learning-rate=0.000580218, max-change=0.75, linear-params-rms=0.02885, linear-params-row-norms=[percentiles(0,1,2,5 10,20,50,80,90 95,98,99,100)=(0.97,0.97,0.98,1.0 1.0,1.0,1.1,1.2,1.2 1.2,1.3,1.3,1.3), mean=1.13, stddev=0.0766], linear-params-col-norms=[percentiles(0,1,2,5 10,20,50,80,90 95,98,99,100)=(0.66,0.69,0.70,0.71 0.72,0.74,0.80,0.85,0.87 0.89,0.90,0.92,0.96), mean=0.798, stddev=0.0558], bias-{mean,stddev}=0.03175,1.019, rank-in=20, rank-out=80, num-samples-history=2000, update-period=4, alpha=4
component name=tdnn11.relu type=RectifiedLinearComponent, dim=768, self-repair-scale=1e-05, count=1.54e+04, self-repaired-proportion=0.0727111, value-avg=[percentiles(0,1,2,5 10,20,50,80,90 95,98,99,100)=(0,7e-05,0.0009,0.01 0.04,0.10,0.38,0.89,1.3 1.7,2.0,2.4,3.4), mean=0.543, stddev=0.54], deriv-avg=[percentiles(0,1,2,5 10,20,50,80,90 95,98,99,100)=(0,0.0007,0.004,0.04 0.09,0.19,0.42,0.65,0.79 0.87,0.94,0.96,1.0), mean=0.428, stddev=0.25], oderiv-rms=[percentiles(0,1,2,5 10,20,50,80,90 95,98,99,100)=(0.002,0.002,0.002,0.002 0.003,0.003,0.004,0.004,0.004 0.005,0.005,0.005,0.005), mean=0.00352, stddev=0.000703], oderiv-count=28160
component name=tdnn11.renorm type=NormalizeComponent, input-dim=768, output-dim=768, target-rms=1, add-log-stddev=false
component name=tdnnFINAL.affine type=NaturalGradientAffineComponent, input-dim=1536, output-dim=768, learning-rate=0.000580218, max-change=0.75, linear-params-rms=0.02911, linear-params-row-norms=[percentiles(0,1,2,5 10,20,50,80,90 95,98,99,100)=(0.96,0.97,0.98,1.0 1.0,1.0,1.1,1.2,1.2 1.3,1.3,1.3,1.3), mean=1.14, stddev=0.0879], linear-params-col-norms=[percentiles(0,1,2,5 10,20,50,80,90 95,98,99,100)=(0.64,0.68,0.69,0.70 0.71,0.73,0.81,0.87,0.89 0.91,0.93,0.94,0.99), mean=0.804, stddev=0.0682], bias-{mean,stddev}=-0.0673,0.9591, rank-in=20, rank-out=80, num-samples-history=2000, update-period=4, alpha=4
component name=tdnnFINAL.relu type=RectifiedLinearComponent, dim=768, self-repair-scale=1e-05, count=8.45e+03, self-repaired-proportion=0.0996419, value-avg=[percentiles(0,1,2,5 10,20,50,80,90 95,98,99,100)=(0,0,0.0001,0.002 0.02,0.08,0.33,0.74,1.0 1.3,1.7,1.9,2.6), mean=0.446, stddev=0.436], deriv-avg=[percentiles(0,1,2,5 10,20,50,80,90 95,98,99,100)=(0,0,0.0007,0.009 0.05,0.15,0.37,0.59,0.68 0.76,0.86,0.91,0.99), mean=0.376, stddev=0.231], oderiv-rms=[percentiles(0,1,2,5 10,20,50,80,90 95,98,99,100)=(0.003,0.003,0.004,0.004 0.004,0.004,0.005,0.006,0.007 0.007,0.007,0.008,0.009), mean=0.00525, stddev=0.00107], oderiv-count=13056
component name=tdnnFINAL.renorm type=NormalizeComponent, input-dim=768, output-dim=768, target-rms=1, add-log-stddev=false
component name=prefinal-affine-task-0.affine type=NaturalGradientAffineComponent, input-dim=768, output-dim=768, learning-rate=0.000580218, max-change=0.75, linear-params-rms=0.03886, linear-params-row-norms=[percentiles(0,1,2,5 10,20,50,80,90 95,98,99,100)=(0.92,0.95,0.96,0.97 0.99,1.0,1.1,1.1,1.2 1.2,1.2,1.2,1.3), mean=1.07, stddev=0.0708], linear-params-col-norms=[percentiles(0,1,2,5 10,20,50,80,90 95,98,99,100)=(0.95,0.96,0.97,0.98 0.99,1.0,1.1,1.1,1.2 1.2,1.2,1.2,1.3), mean=1.08, stddev=0.0621], bias-{mean,stddev}=0.0007439,1.006, rank-in=20, rank-out=80, num-samples-history=2000, update-period=4, alpha=4
component name=prefinal-affine-task-0.relu type=RectifiedLinearComponent, dim=768, self-repair-scale=1e-05, count=4.1e+03, self-repaired-proportion=0.130744, value-avg=[percentiles(0,1,2,5 10,20,50,80,90 95,98,99,100)=(0,0,5e-05,0.001 0.006,0.05,0.34,0.70,0.87 1.0,1.1,1.2,1.5), mean=0.392, stddev=0.336], deriv-avg=[percentiles(0,1,2,5 10,20,50,80,90 95,98,99,100)=(0,0,0.0005,0.005 0.02,0.11,0.39,0.62,0.70 0.75,0.78,0.80,0.85), mean=0.381, stddev=0.24], oderiv-rms=[percentiles(0,1,2,5 10,20,50,80,90 95,98,99,100)=(5e-09,4e-06,2e-05,9e-05 0.0003,0.001,0.005,0.006,0.007 0.008,0.008,0.009,0.01), mean=0.00415, stddev=0.00252], oderiv-count=6144
component name=prefinal-affine-task-0.renorm type=NormalizeComponent, input-dim=768, output-dim=768, target-rms=1, add-log-stddev=false
component name=output-0.affine type=NaturalGradientAffineComponent, input-dim=768, output-dim=168, learning-rate=0.000580218, max-change=1.5, linear-params-rms=0.05003, linear-params-row-norms=[percentiles(0,1,2,5 10,20,50,80,90 95,98,99,100)=(0.14,0.14,0.89,1.1 1.1,1.2,1.4,1.5,1.6 1.7,1.7,1.8,2.0), mean=1.37, stddev=0.237], linear-params-col-norms=[percentiles(0,1,2,5 10,20,50,80,90 95,98,99,100)=(7e-07,0.0005,0.002,0.008 0.03,0.14,0.65,0.87,0.94 1.0,1.1,1.1,1.3), mean=0.548, stddev=0.346], bias-{mean,stddev}=2.167e-07,0.003943, rank-in=20, rank-out=80, num-samples-history=2000, update-period=4, alpha=4
component name=output-0.log-softmax type=LogSoftmaxComponent, dim=168, oderiv-rms=[percentiles(0,1,2,5 10,20,50,80,90 95,98,99,100)=(0,0,0.01,0.02 0.03,0.03,0.05,0.07,0.08 0.10,0.13,0.15,0.27), mean=0.0531, stddev=0.0314], oderiv-count=6400
component name=prefinal-affine-task-1.affine type=NaturalGradientAffineComponent, input-dim=768, output-dim=768, learning-rate=0.000580218, max-change=0.75, linear-params-rms=0.03658, linear-params-row-norms=[percentiles(0,1,2,5 10,20,50,80,90 95,98,99,100)=(0.91,0.95,0.95,0.96 0.98,0.99,1.0,1.0,1.1 1.1,1.1,1.1,1.2), mean=1.01, stddev=0.0314], linear-params-col-norms=[percentiles(0,1,2,5 10,20,50,80,90 95,98,99,100)=(0.94,0.95,0.95,0.97 0.98,0.99,1.0,1.0,1.1 1.1,1.1,1.1,1.1), mean=1.01, stddev=0.0289], bias-{mean,stddev}=-0.07023,1.031, rank-in=20, rank-out=80, num-samples-history=2000, update-period=4, alpha=4
component name=prefinal-affine-task-1.relu type=RectifiedLinearComponent, dim=768, self-repair-scale=1e-05, count=3.58e+03, self-repaired-proportion=0.157465, value-avg=[percentiles(0,1,2,5 10,20,50,80,90 95,98,99,100)=(0,0,1e-05,0.0005 0.007,0.03,0.27,0.57,0.72 0.83,0.96,1.1,1.3), mean=0.315, stddev=0.281], deriv-avg=[percentiles(0,1,2,5 10,20,50,80,90 95,98,99,100)=(0,0,0.0003,0.003 0.03,0.08,0.43,0.68,0.76 0.83,0.87,0.89,0.96), mean=0.405, stddev=0.277], oderiv-rms=[percentiles(0,1,2,5 10,20,50,80,90 95,98,99,100)=(3e-09,3e-08,1e-05,7e-05 0.0003,0.0009,0.004,0.006,0.007 0.007,0.008,0.008,0.009), mean=0.00383, stddev=0.00238], oderiv-count=6656
component name=prefinal-affine-task-1.renorm type=NormalizeComponent, input-dim=768, output-dim=768, target-rms=1, add-log-stddev=false
component name=output-1.affine type=NaturalGradientAffineComponent, input-dim=768, output-dim=184, learning-rate=0.000580218, max-change=1.5, linear-params-rms=0.02786, linear-params-row-norms=[percentiles(0,1,2,5 10,20,50,80,90 95,98,99,100)=(0.07,0.07,0.07,0.07 0.07,0.07,0.07,1.2,1.3 1.4,1.5,1.5,1.6), mean=0.533, stddev=0.559], linear-params-col-norms=[percentiles(0,1,2,5 10,20,50,80,90 95,98,99,100)=(3e-07,2e-06,0.0009,0.006 0.02,0.07,0.36,0.51,0.55 0.59,0.62,0.64,0.73), mean=0.32, stddev=0.202], bias-{mean,stddev}=-5.416e-07,0.002184, rank-in=20, rank-out=80, num-samples-history=2000, update-period=4, alpha=4
component name=output-1.log-softmax type=LogSoftmaxComponent, dim=184, oderiv-rms=[percentiles(0,1,2,5 10,20,50,80,90 95,98,99,100)=(0,0,0,0 0,0,0,0.02,0.03 0.03,0.04,0.05,0.06), mean=0.00809, stddev=0.0123], oderiv-count=7424
nnet3-show-progress --use-gpu=no MTL/exp/nnet3/multitask/66.raw MTL/exp/nnet3/multitask/67.raw 
LOG (nnet3-show-progress[5.4.224~1-d4d9]:SelectGpuId():cu-device.cc:123) Manually selected to compute on CPU.
LOG (nnet3-show-progress[5.4.224~1-d4d9]:main():nnet3-show-progress.cc:143) Parameter differences per layer are [ tdnn1.affine:0.254281 tdnn2.affine:0.15966 tdnn3.affine:0.220219 tdnn4.affine:0.240023 tdnn5.affine:0.258196 tdnn6.affine:0.27745 tdnn7.affine:0.295479 tdnn8.affine:0.307889 tdnn9.affine:0.322532 tdnn10.affine:0.323229 tdnn11.affine:0.324692 tdnnFINAL.affine:0.332258 prefinal-affine-task-0.affine:0.1624 output-0.affine:0.133993 prefinal-affine-task-1.affine:0.155812 output-1.affine:0.103408 ]
LOG (nnet3-show-progress[5.4.224~1-d4d9]:main():nnet3-show-progress.cc:153) Norms of parameter matrices from <new-nnet-in> are [ tdnn1.affine:43.5805 tdnn2.affine:41.279 tdnn3.affine:40.9716 tdnn4.affine:40.9856 tdnn5.affine:41.3427 tdnn6.affine:41.4127 tdnn7.affine:40.9707 tdnn8.affine:42.8201 tdnn9.affine:41.7837 tdnn10.affine:42.2815 tdnn11.affine:42.1908 tdnnFINAL.affine:41.3462 prefinal-affine-task-0.affine:40.837 output-0.affine:17.9693 prefinal-affine-task-1.affine:40.1206 output-1.affine:10.4748 ]
LOG (nnet3-show-progress[5.4.224~1-d4d9]:main():nnet3-show-progress.cc:157) Relative parameter differences per layer are [ tdnn1.affine:0.00583529 tdnn2.affine:0.00386801 tdnn3.affine:0.00537523 tdnn4.affine:0.00585664 tdnn5.affine:0.00624565 tdnn6.affine:0.00669999 tdnn7.affine:0.00721233 tdnn8.affine:0.00719065 tdnn9.affine:0.00771961 tdnn10.affine:0.00764544 tdnn11.affine:0.00769652 tdnnFINAL.affine:0.00803647 prefinal-affine-task-0.affine:0.00397679 output-0.affine:0.00746568 prefinal-affine-task-1.affine:0.00388358 output-1.affine:0.00990289 ]
# Accounting: time=0 threads=1
# Ended (code 0) at Sat Jul 28 03:18:28 UTC 2018, elapsed time 0 seconds
