# nnet3-info MTL/exp/nnet3/multitask/61.raw && nnet3-show-progress --use-gpu=no MTL/exp/nnet3/multitask/60.raw MTL/exp/nnet3/multitask/61.raw 
# Started at Sat Jul 28 03:17:26 UTC 2018
#
nnet3-info MTL/exp/nnet3/multitask/61.raw 
num-parameters: 13897312
modulus: 1
input-node name=input dim=13
component-node name=tdnn1.affine component=tdnn1.affine input=Append(Offset(input, -2), Offset(input, -1), input, Offset(input, 1), Offset(input, 2)) input-dim=65 output-dim=768
component-node name=tdnn1.relu component=tdnn1.relu input=tdnn1.affine input-dim=768 output-dim=768
component-node name=tdnn1.renorm component=tdnn1.renorm input=tdnn1.relu input-dim=768 output-dim=768
component-node name=tdnn2.affine component=tdnn2.affine input=tdnn1.renorm input-dim=768 output-dim=768
component-node name=tdnn2.relu component=tdnn2.relu input=tdnn2.affine input-dim=768 output-dim=768
component-node name=tdnn2.renorm component=tdnn2.renorm input=tdnn2.relu input-dim=768 output-dim=768
component-node name=tdnn3.affine component=tdnn3.affine input=Append(Offset(tdnn2.renorm, -1), Offset(tdnn2.renorm, 2)) input-dim=1536 output-dim=768
component-node name=tdnn3.relu component=tdnn3.relu input=tdnn3.affine input-dim=768 output-dim=768
component-node name=tdnn3.renorm component=tdnn3.renorm input=tdnn3.relu input-dim=768 output-dim=768
component-node name=tdnn4.affine component=tdnn4.affine input=Append(Offset(tdnn3.renorm, -3), Offset(tdnn3.renorm, 3)) input-dim=1536 output-dim=768
component-node name=tdnn4.relu component=tdnn4.relu input=tdnn4.affine input-dim=768 output-dim=768
component-node name=tdnn4.renorm component=tdnn4.renorm input=tdnn4.relu input-dim=768 output-dim=768
component-node name=tdnn5.affine component=tdnn5.affine input=Append(Offset(tdnn4.renorm, -3), Offset(tdnn4.renorm, 3)) input-dim=1536 output-dim=768
component-node name=tdnn5.relu component=tdnn5.relu input=tdnn5.affine input-dim=768 output-dim=768
component-node name=tdnn5.renorm component=tdnn5.renorm input=tdnn5.relu input-dim=768 output-dim=768
component-node name=tdnn6.affine component=tdnn6.affine input=Append(Offset(tdnn5.renorm, -3), Offset(tdnn5.renorm, 3)) input-dim=1536 output-dim=768
component-node name=tdnn6.relu component=tdnn6.relu input=tdnn6.affine input-dim=768 output-dim=768
component-node name=tdnn6.renorm component=tdnn6.renorm input=tdnn6.relu input-dim=768 output-dim=768
component-node name=tdnn7.affine component=tdnn7.affine input=Append(Offset(tdnn6.renorm, -3), Offset(tdnn6.renorm, 3)) input-dim=1536 output-dim=768
component-node name=tdnn7.relu component=tdnn7.relu input=tdnn7.affine input-dim=768 output-dim=768
component-node name=tdnn7.renorm component=tdnn7.renorm input=tdnn7.relu input-dim=768 output-dim=768
component-node name=tdnn8.affine component=tdnn8.affine input=Append(Offset(tdnn7.renorm, -3), Offset(tdnn7.renorm, 3)) input-dim=1536 output-dim=768
component-node name=tdnn8.relu component=tdnn8.relu input=tdnn8.affine input-dim=768 output-dim=768
component-node name=tdnn8.renorm component=tdnn8.renorm input=tdnn8.relu input-dim=768 output-dim=768
component-node name=tdnn9.affine component=tdnn9.affine input=Append(Offset(tdnn8.renorm, -3), Offset(tdnn8.renorm, 3)) input-dim=1536 output-dim=768
component-node name=tdnn9.relu component=tdnn9.relu input=tdnn9.affine input-dim=768 output-dim=768
component-node name=tdnn9.renorm component=tdnn9.renorm input=tdnn9.relu input-dim=768 output-dim=768
component-node name=tdnn10.affine component=tdnn10.affine input=Append(Offset(tdnn9.renorm, -3), Offset(tdnn9.renorm, 3)) input-dim=1536 output-dim=768
component-node name=tdnn10.relu component=tdnn10.relu input=tdnn10.affine input-dim=768 output-dim=768
component-node name=tdnn10.renorm component=tdnn10.renorm input=tdnn10.relu input-dim=768 output-dim=768
component-node name=tdnn11.affine component=tdnn11.affine input=Append(Offset(tdnn10.renorm, -3), Offset(tdnn10.renorm, 3)) input-dim=1536 output-dim=768
component-node name=tdnn11.relu component=tdnn11.relu input=tdnn11.affine input-dim=768 output-dim=768
component-node name=tdnn11.renorm component=tdnn11.renorm input=tdnn11.relu input-dim=768 output-dim=768
component-node name=tdnnFINAL.affine component=tdnnFINAL.affine input=Append(Offset(tdnn11.renorm, -3), Offset(tdnn11.renorm, 3)) input-dim=1536 output-dim=768
component-node name=tdnnFINAL.relu component=tdnnFINAL.relu input=tdnnFINAL.affine input-dim=768 output-dim=768
component-node name=tdnnFINAL.renorm component=tdnnFINAL.renorm input=tdnnFINAL.relu input-dim=768 output-dim=768
component-node name=prefinal-affine-task-0.affine component=prefinal-affine-task-0.affine input=tdnnFINAL.renorm input-dim=768 output-dim=768
component-node name=prefinal-affine-task-0.relu component=prefinal-affine-task-0.relu input=prefinal-affine-task-0.affine input-dim=768 output-dim=768
component-node name=prefinal-affine-task-0.renorm component=prefinal-affine-task-0.renorm input=prefinal-affine-task-0.relu input-dim=768 output-dim=768
component-node name=output-0.affine component=output-0.affine input=prefinal-affine-task-0.renorm input-dim=768 output-dim=168
component-node name=output-0.log-softmax component=output-0.log-softmax input=output-0.affine input-dim=168 output-dim=168
output-node name=output-0 input=output-0.log-softmax dim=168 objective=linear
component-node name=prefinal-affine-task-1.affine component=prefinal-affine-task-1.affine input=tdnnFINAL.renorm input-dim=768 output-dim=768
component-node name=prefinal-affine-task-1.relu component=prefinal-affine-task-1.relu input=prefinal-affine-task-1.affine input-dim=768 output-dim=768
component-node name=prefinal-affine-task-1.renorm component=prefinal-affine-task-1.renorm input=prefinal-affine-task-1.relu input-dim=768 output-dim=768
component-node name=output-1.affine component=output-1.affine input=prefinal-affine-task-1.renorm input-dim=768 output-dim=184
component-node name=output-1.log-softmax component=output-1.log-softmax input=output-1.affine input-dim=184 output-dim=184
output-node name=output-1 input=output-1.log-softmax dim=184 objective=linear
component name=tdnn1.affine type=NaturalGradientAffineComponent, input-dim=65, output-dim=768, learning-rate=0.000632545, max-change=0.75, linear-params-rms=0.1468, linear-params-row-norms=[percentiles(0,1,2,5 10,20,50,80,90 95,98,99,100)=(0.75,0.83,0.87,0.91 0.96,1.0,1.1,1.3,1.4 1.5,1.6,1.7,1.9), mean=1.17, stddev=0.181], linear-params-col-norms=[percentiles(0,1,2,5 10,20,50,80,90 95,98,99,100)=(3.6,3.6,3.7,3.7 3.8,3.9,4.0,4.2,4.3 4.4,4.5,4.6,4.7), mean=4.06, stddev=0.22], bias-{mean,stddev}=0.02846,1.034, rank-in=20, rank-out=80, num-samples-history=2000, update-period=4, alpha=4
component name=tdnn1.relu type=RectifiedLinearComponent, dim=768, self-repair-scale=1e-05, count=1.69e+05, self-repaired-proportion=0.00284091, value-avg=[percentiles(0,1,2,5 10,20,50,80,90 95,98,99,100)=(0.01,0.02,0.02,0.03 0.04,0.06,0.31,1.3,1.8 2.2,2.9,3.2,6.4), mean=0.686, stddev=0.8], deriv-avg=[percentiles(0,1,2,5 10,20,50,80,90 95,98,99,100)=(0.05,0.06,0.07,0.08 0.09,0.13,0.39,0.85,0.91 0.92,0.94,0.95,0.95), mean=0.47, stddev=0.32], oderiv-rms=[percentiles(0,1,2,5 10,20,50,80,90 95,98,99,100)=(0.0005,0.0005,0.0005,0.0006 0.0006,0.0006,0.0008,0.001,0.001 0.001,0.002,0.002,0.002), mean=0.000862, stddev=0.000266], oderiv-count=245760
component name=tdnn1.renorm type=NormalizeComponent, input-dim=768, output-dim=768, target-rms=1, add-log-stddev=false
component name=tdnn2.affine type=NaturalGradientAffineComponent, input-dim=768, output-dim=768, learning-rate=0.000632545, max-change=0.75, linear-params-rms=0.03806, linear-params-row-norms=[percentiles(0,1,2,5 10,20,50,80,90 95,98,99,100)=(0.94,0.96,0.97,0.99 1.0,1.0,1.1,1.1,1.1 1.1,1.1,1.2,1.2), mean=1.05, stddev=0.0428], linear-params-col-norms=[percentiles(0,1,2,5 10,20,50,80,90 95,98,99,100)=(0.92,0.96,0.97,0.98 0.99,1.0,1.0,1.1,1.1 1.1,1.2,1.2,1.3), mean=1.05, stddev=0.053], bias-{mean,stddev}=0.01179,1.051, rank-in=20, rank-out=80, num-samples-history=2000, update-period=4, alpha=4
component name=tdnn2.relu type=RectifiedLinearComponent, dim=768, self-repair-scale=1e-05, count=2e+05, self-repaired-proportion=0.000493894, value-avg=[percentiles(0,1,2,5 10,20,50,80,90 95,98,99,100)=(0.01,0.02,0.02,0.04 0.06,0.10,0.33,0.95,1.3 1.5,1.8,2.2,2.8), mean=0.526, stddev=0.522], deriv-avg=[percentiles(0,1,2,5 10,20,50,80,90 95,98,99,100)=(0.05,0.07,0.09,0.12 0.15,0.22,0.43,0.73,0.83 0.89,0.91,0.92,0.94), mean=0.462, stddev=0.249], oderiv-rms=[percentiles(0,1,2,5 10,20,50,80,90 95,98,99,100)=(0.0006,0.0007,0.0007,0.0007 0.0007,0.0008,0.0009,0.001,0.001 0.001,0.002,0.002,0.002), mean=0.000968, stddev=0.000235], oderiv-count=281600
component name=tdnn2.renorm type=NormalizeComponent, input-dim=768, output-dim=768, target-rms=1, add-log-stddev=false
component name=tdnn3.affine type=NaturalGradientAffineComponent, input-dim=1536, output-dim=768, learning-rate=0.000632545, max-change=0.75, linear-params-rms=0.02757, linear-params-row-norms=[percentiles(0,1,2,5 10,20,50,80,90 95,98,99,100)=(0.98,1.0,1.0,1.0 1.0,1.0,1.1,1.1,1.1 1.2,1.2,1.2,1.2), mean=1.08, stddev=0.0449], linear-params-col-norms=[percentiles(0,1,2,5 10,20,50,80,90 95,98,99,100)=(0.66,0.68,0.69,0.70 0.71,0.72,0.76,0.80,0.82 0.85,0.87,0.88,0.92), mean=0.763, stddev=0.0457], bias-{mean,stddev}=0.01776,1.008, rank-in=20, rank-out=80, num-samples-history=2000, update-period=4, alpha=4
component name=tdnn3.relu type=RectifiedLinearComponent, dim=768, self-repair-scale=1e-05, count=9.98e+04, self-repaired-proportion=0.000171327, value-avg=[percentiles(0,1,2,5 10,20,50,80,90 95,98,99,100)=(0.01,0.03,0.04,0.06 0.07,0.14,0.41,0.98,1.3 1.6,2.0,2.2,3.0), mean=0.574, stddev=0.513], deriv-avg=[percentiles(0,1,2,5 10,20,50,80,90 95,98,99,100)=(0.07,0.09,0.10,0.13 0.15,0.22,0.42,0.65,0.74 0.82,0.87,0.89,0.94), mean=0.44, stddev=0.217], oderiv-rms=[percentiles(0,1,2,5 10,20,50,80,90 95,98,99,100)=(0.0009,0.0009,0.0009,0.001 0.001,0.001,0.001,0.002,0.002 0.002,0.002,0.002,0.003), mean=0.00138, stddev=0.000349], oderiv-count=135680
component name=tdnn3.renorm type=NormalizeComponent, input-dim=768, output-dim=768, target-rms=1, add-log-stddev=false
component name=tdnn4.affine type=NaturalGradientAffineComponent, input-dim=1536, output-dim=768, learning-rate=0.000632545, max-change=0.75, linear-params-rms=0.02769, linear-params-row-norms=[percentiles(0,1,2,5 10,20,50,80,90 95,98,99,100)=(0.96,0.99,1.0,1.0 1.0,1.0,1.1,1.1,1.1 1.2,1.2,1.2,1.2), mean=1.08, stddev=0.0495], linear-params-col-norms=[percentiles(0,1,2,5 10,20,50,80,90 95,98,99,100)=(0.64,0.68,0.69,0.70 0.71,0.72,0.76,0.81,0.83 0.85,0.87,0.89,0.94), mean=0.766, stddev=0.0469], bias-{mean,stddev}=0.007472,1.004, rank-in=20, rank-out=80, num-samples-history=2000, update-period=4, alpha=4
component name=tdnn4.relu type=RectifiedLinearComponent, dim=768, self-repair-scale=1e-05, count=8.29e+04, self-repaired-proportion=0, value-avg=[percentiles(0,1,2,5 10,20,50,80,90 95,98,99,100)=(0.01,0.03,0.03,0.05 0.08,0.13,0.41,0.88,1.3 1.6,1.9,2.0,2.5), mean=0.551, stddev=0.49], deriv-avg=[percentiles(0,1,2,5 10,20,50,80,90 95,98,99,100)=(0.06,0.07,0.08,0.12 0.15,0.22,0.41,0.63,0.73 0.80,0.85,0.89,0.93), mean=0.429, stddev=0.215], oderiv-rms=[percentiles(0,1,2,5 10,20,50,80,90 95,98,99,100)=(0.001,0.001,0.001,0.001 0.001,0.001,0.001,0.002,0.002 0.002,0.003,0.003,0.004), mean=0.00157, stddev=0.000376], oderiv-count=124416
component name=tdnn4.renorm type=NormalizeComponent, input-dim=768, output-dim=768, target-rms=1, add-log-stddev=false
component name=tdnn5.affine type=NaturalGradientAffineComponent, input-dim=1536, output-dim=768, learning-rate=0.000632545, max-change=0.75, linear-params-rms=0.02788, linear-params-row-norms=[percentiles(0,1,2,5 10,20,50,80,90 95,98,99,100)=(0.98,1.0,1.0,1.0 1.0,1.0,1.1,1.1,1.2 1.2,1.2,1.2,1.2), mean=1.09, stddev=0.0497], linear-params-col-norms=[percentiles(0,1,2,5 10,20,50,80,90 95,98,99,100)=(0.65,0.69,0.70,0.71 0.71,0.73,0.77,0.81,0.84 0.86,0.88,0.89,0.98), mean=0.771, stddev=0.0481], bias-{mean,stddev}=0.02203,1.014, rank-in=20, rank-out=80, num-samples-history=2000, update-period=4, alpha=4
component name=tdnn5.relu type=RectifiedLinearComponent, dim=768, self-repair-scale=1e-05, count=7.99e+04, self-repaired-proportion=0, value-avg=[percentiles(0,1,2,5 10,20,50,80,90 95,98,99,100)=(0.02,0.03,0.04,0.06 0.09,0.16,0.41,0.94,1.2 1.5,1.8,2.0,2.7), mean=0.56, stddev=0.468], deriv-avg=[percentiles(0,1,2,5 10,20,50,80,90 95,98,99,100)=(0.06,0.08,0.10,0.12 0.17,0.24,0.43,0.64,0.74 0.80,0.85,0.89,0.95), mean=0.445, stddev=0.208], oderiv-rms=[percentiles(0,1,2,5 10,20,50,80,90 95,98,99,100)=(0.001,0.001,0.001,0.001 0.001,0.002,0.002,0.002,0.002 0.003,0.003,0.003,0.003), mean=0.00189, stddev=0.000387], oderiv-count=100352
component name=tdnn5.renorm type=NormalizeComponent, input-dim=768, output-dim=768, target-rms=1, add-log-stddev=false
component name=tdnn6.affine type=NaturalGradientAffineComponent, input-dim=1536, output-dim=768, learning-rate=0.000632545, max-change=0.75, linear-params-rms=0.02811, linear-params-row-norms=[percentiles(0,1,2,5 10,20,50,80,90 95,98,99,100)=(0.98,1.0,1.0,1.0 1.0,1.1,1.1,1.1,1.2 1.2,1.2,1.2,1.2), mean=1.1, stddev=0.0485], linear-params-col-norms=[percentiles(0,1,2,5 10,20,50,80,90 95,98,99,100)=(0.66,0.69,0.70,0.71 0.72,0.73,0.78,0.82,0.84 0.86,0.87,0.88,0.93), mean=0.778, stddev=0.0471], bias-{mean,stddev}=0.0458,1.007, rank-in=20, rank-out=80, num-samples-history=2000, update-period=4, alpha=4
component name=tdnn6.relu type=RectifiedLinearComponent, dim=768, self-repair-scale=1e-05, count=5.73e+04, self-repaired-proportion=0, value-avg=[percentiles(0,1,2,5 10,20,50,80,90 95,98,99,100)=(0.02,0.04,0.05,0.07 0.11,0.17,0.41,0.86,1.2 1.5,1.9,2.1,2.7), mean=0.549, stddev=0.46], deriv-avg=[percentiles(0,1,2,5 10,20,50,80,90 95,98,99,100)=(0.06,0.08,0.11,0.15 0.19,0.26,0.43,0.63,0.73 0.80,0.86,0.89,0.92), mean=0.443, stddev=0.2], oderiv-rms=[percentiles(0,1,2,5 10,20,50,80,90 95,98,99,100)=(0.001,0.001,0.002,0.002 0.002,0.002,0.002,0.002,0.003 0.003,0.003,0.003,0.004), mean=0.00211, stddev=0.000383], oderiv-count=96768
component name=tdnn6.renorm type=NormalizeComponent, input-dim=768, output-dim=768, target-rms=1, add-log-stddev=false
component name=tdnn7.affine type=NaturalGradientAffineComponent, input-dim=1536, output-dim=768, learning-rate=0.000632545, max-change=0.75, linear-params-rms=0.02835, linear-params-row-norms=[percentiles(0,1,2,5 10,20,50,80,90 95,98,99,100)=(0.98,1.0,1.0,1.0 1.0,1.1,1.1,1.2,1.2 1.2,1.2,1.2,1.3), mean=1.11, stddev=0.051], linear-params-col-norms=[percentiles(0,1,2,5 10,20,50,80,90 95,98,99,100)=(0.63,0.69,0.70,0.71 0.72,0.74,0.78,0.83,0.85 0.86,0.88,0.89,0.98), mean=0.784, stddev=0.0477], bias-{mean,stddev}=0.01654,0.9737, rank-in=20, rank-out=80, num-samples-history=2000, update-period=4, alpha=4
component name=tdnn7.relu type=RectifiedLinearComponent, dim=768, self-repair-scale=1e-05, count=4.76e+04, self-repaired-proportion=0.00281418, value-avg=[percentiles(0,1,2,5 10,20,50,80,90 95,98,99,100)=(0.0004,0.04,0.06,0.09 0.12,0.18,0.41,0.86,1.2 1.5,1.9,2.1,3.7), mean=0.549, stddev=0.462], deriv-avg=[percentiles(0,1,2,5 10,20,50,80,90 95,98,99,100)=(0.002,0.09,0.12,0.17 0.20,0.27,0.42,0.62,0.73 0.80,0.86,0.89,1.0), mean=0.447, stddev=0.195], oderiv-rms=[percentiles(0,1,2,5 10,20,50,80,90 95,98,99,100)=(0.002,0.002,0.002,0.002 0.002,0.002,0.002,0.003,0.003 0.003,0.003,0.003,0.003), mean=0.0022, stddev=0.000367], oderiv-count=82944
component name=tdnn7.renorm type=NormalizeComponent, input-dim=768, output-dim=768, target-rms=1, add-log-stddev=false
component name=tdnn8.affine type=NaturalGradientAffineComponent, input-dim=1536, output-dim=768, learning-rate=0.000632545, max-change=0.75, linear-params-rms=0.02855, linear-params-row-norms=[percentiles(0,1,2,5 10,20,50,80,90 95,98,99,100)=(0.97,1.0,1.0,1.0 1.0,1.1,1.1,1.2,1.2 1.2,1.2,1.2,1.3), mean=1.12, stddev=0.0597], linear-params-col-norms=[percentiles(0,1,2,5 10,20,50,80,90 95,98,99,100)=(0.67,0.70,0.71,0.72 0.73,0.74,0.79,0.83,0.86 0.87,0.89,0.90,0.95), mean=0.79, stddev=0.0488], bias-{mean,stddev}=-0.05804,1.063, rank-in=20, rank-out=80, num-samples-history=2000, update-period=4, alpha=4
component name=tdnn8.relu type=RectifiedLinearComponent, dim=768, self-repair-scale=1e-05, count=4.61e+04, self-repaired-proportion=0.00512942, value-avg=[percentiles(0,1,2,5 10,20,50,80,90 95,98,99,100)=(0.0004,0.02,0.03,0.05 0.08,0.15,0.38,0.90,1.3 1.6,2.0,2.2,2.8), mean=0.546, stddev=0.502], deriv-avg=[percentiles(0,1,2,5 10,20,50,80,90 95,98,99,100)=(0.002,0.06,0.07,0.11 0.15,0.23,0.41,0.63,0.74 0.83,0.89,0.92,0.97), mean=0.432, stddev=0.22], oderiv-rms=[percentiles(0,1,2,5 10,20,50,80,90 95,98,99,100)=(0.002,0.002,0.002,0.002 0.002,0.002,0.003,0.003,0.003 0.004,0.004,0.004,0.004), mean=0.00268, stddev=0.000483], oderiv-count=65280
component name=tdnn8.renorm type=NormalizeComponent, input-dim=768, output-dim=768, target-rms=1, add-log-stddev=false
component name=tdnn9.affine type=NaturalGradientAffineComponent, input-dim=1536, output-dim=768, learning-rate=0.000632545, max-change=0.75, linear-params-rms=0.02876, linear-params-row-norms=[percentiles(0,1,2,5 10,20,50,80,90 95,98,99,100)=(0.96,0.99,1.0,1.0 1.0,1.1,1.1,1.2,1.2 1.2,1.2,1.2,1.3), mean=1.13, stddev=0.0641], linear-params-col-norms=[percentiles(0,1,2,5 10,20,50,80,90 95,98,99,100)=(0.66,0.69,0.70,0.71 0.72,0.74,0.79,0.85,0.87 0.89,0.91,0.92,0.97), mean=0.795, stddev=0.0565], bias-{mean,stddev}=-0.05934,0.998, rank-in=20, rank-out=80, num-samples-history=2000, update-period=4, alpha=4
component name=tdnn9.relu type=RectifiedLinearComponent, dim=768, self-repair-scale=1e-05, count=3.58e+04, self-repaired-proportion=0.0177152, value-avg=[percentiles(0,1,2,5 10,20,50,80,90 95,98,99,100)=(0,0.003,0.02,0.05 0.08,0.15,0.41,0.84,1.1 1.5,1.8,1.9,2.4), mean=0.525, stddev=0.447], deriv-avg=[percentiles(0,1,2,5 10,20,50,80,90 95,98,99,100)=(0,0.01,0.06,0.10 0.15,0.24,0.43,0.62,0.73 0.80,0.87,0.90,0.98), mean=0.433, stddev=0.212], oderiv-rms=[percentiles(0,1,2,5 10,20,50,80,90 95,98,99,100)=(0.002,0.002,0.002,0.002 0.002,0.003,0.003,0.004,0.004 0.004,0.004,0.004,0.005), mean=0.00309, stddev=0.000553], oderiv-count=56320
component name=tdnn9.renorm type=NormalizeComponent, input-dim=768, output-dim=768, target-rms=1, add-log-stddev=false
component name=tdnn10.affine type=NaturalGradientAffineComponent, input-dim=1536, output-dim=768, learning-rate=0.000632545, max-change=0.75, linear-params-rms=0.02873, linear-params-row-norms=[percentiles(0,1,2,5 10,20,50,80,90 95,98,99,100)=(0.97,0.99,1.0,1.0 1.0,1.1,1.1,1.2,1.2 1.2,1.2,1.3,1.3), mean=1.12, stddev=0.0649], linear-params-col-norms=[percentiles(0,1,2,5 10,20,50,80,90 95,98,99,100)=(0.67,0.69,0.70,0.71 0.72,0.74,0.79,0.85,0.87 0.88,0.90,0.91,0.94), mean=0.794, stddev=0.0545], bias-{mean,stddev}=0.02918,1.027, rank-in=20, rank-out=80, num-samples-history=2000, update-period=4, alpha=4
component name=tdnn10.relu type=RectifiedLinearComponent, dim=768, self-repair-scale=1e-05, count=1.92e+04, self-repaired-proportion=0.0247396, value-avg=[percentiles(0,1,2,5 10,20,50,80,90 95,98,99,100)=(6e-06,0.003,0.01,0.04 0.07,0.15,0.39,0.87,1.2 1.5,1.8,2.2,2.7), mean=0.543, stddev=0.487], deriv-avg=[percentiles(0,1,2,5 10,20,50,80,90 95,98,99,100)=(0.0001,0.02,0.05,0.09 0.14,0.23,0.43,0.64,0.76 0.83,0.91,0.93,0.99), mean=0.439, stddev=0.225], oderiv-rms=[percentiles(0,1,2,5 10,20,50,80,90 95,98,99,100)=(0.002,0.002,0.002,0.002 0.003,0.003,0.003,0.004,0.004 0.004,0.005,0.005,0.005), mean=0.00343, stddev=0.000628], oderiv-count=39936
component name=tdnn10.renorm type=NormalizeComponent, input-dim=768, output-dim=768, target-rms=1, add-log-stddev=false
component name=tdnn11.affine type=NaturalGradientAffineComponent, input-dim=1536, output-dim=768, learning-rate=0.000632545, max-change=0.75, linear-params-rms=0.02881, linear-params-row-norms=[percentiles(0,1,2,5 10,20,50,80,90 95,98,99,100)=(0.97,0.97,0.98,1.0 1.0,1.0,1.1,1.2,1.2 1.2,1.2,1.3,1.3), mean=1.13, stddev=0.076], linear-params-col-norms=[percentiles(0,1,2,5 10,20,50,80,90 95,98,99,100)=(0.66,0.69,0.70,0.71 0.72,0.74,0.80,0.85,0.87 0.89,0.90,0.91,0.96), mean=0.797, stddev=0.0554], bias-{mean,stddev}=0.03176,1.019, rank-in=20, rank-out=80, num-samples-history=2000, update-period=4, alpha=4
component name=tdnn11.relu type=RectifiedLinearComponent, dim=768, self-repair-scale=1e-05, count=1.95e+04, self-repaired-proportion=0.0737712, value-avg=[percentiles(0,1,2,5 10,20,50,80,90 95,98,99,100)=(0,0.0001,0.0009,0.01 0.04,0.10,0.38,0.90,1.3 1.7,1.9,2.4,3.4), mean=0.546, stddev=0.543], deriv-avg=[percentiles(0,1,2,5 10,20,50,80,90 95,98,99,100)=(0,0.0008,0.004,0.04 0.08,0.18,0.42,0.65,0.79 0.87,0.94,0.95,1.0), mean=0.427, stddev=0.251], oderiv-rms=[percentiles(0,1,2,5 10,20,50,80,90 95,98,99,100)=(0.003,0.003,0.003,0.003 0.003,0.003,0.004,0.005,0.005 0.006,0.006,0.006,0.007), mean=0.00426, stddev=0.000848], oderiv-count=27648
component name=tdnn11.renorm type=NormalizeComponent, input-dim=768, output-dim=768, target-rms=1, add-log-stddev=false
component name=tdnnFINAL.affine type=NaturalGradientAffineComponent, input-dim=1536, output-dim=768, learning-rate=0.000632545, max-change=0.75, linear-params-rms=0.02908, linear-params-row-norms=[percentiles(0,1,2,5 10,20,50,80,90 95,98,99,100)=(0.96,0.97,0.98,1.0 1.0,1.0,1.1,1.2,1.2 1.3,1.3,1.3,1.3), mean=1.14, stddev=0.0873], linear-params-col-norms=[percentiles(0,1,2,5 10,20,50,80,90 95,98,99,100)=(0.64,0.68,0.69,0.70 0.71,0.73,0.80,0.87,0.89 0.91,0.93,0.94,0.99), mean=0.803, stddev=0.0679], bias-{mean,stddev}=-0.06729,0.9591, rank-in=20, rank-out=80, num-samples-history=2000, update-period=4, alpha=4
component name=tdnnFINAL.relu type=RectifiedLinearComponent, dim=768, self-repair-scale=1e-05, count=8.19e+03, self-repaired-proportion=0.0991982, value-avg=[percentiles(0,1,2,5 10,20,50,80,90 95,98,99,100)=(0,0,0.0002,0.002 0.02,0.09,0.33,0.76,1.0 1.3,1.7,1.9,2.6), mean=0.45, stddev=0.438], deriv-avg=[percentiles(0,1,2,5 10,20,50,80,90 95,98,99,100)=(0,0,0.001,0.008 0.06,0.15,0.37,0.59,0.68 0.76,0.86,0.90,0.98), mean=0.377, stddev=0.231], oderiv-rms=[percentiles(0,1,2,5 10,20,50,80,90 95,98,99,100)=(0.004,0.004,0.004,0.005 0.005,0.005,0.007,0.008,0.009 0.009,0.009,0.01,0.01), mean=0.0066, stddev=0.00141], oderiv-count=13824
component name=tdnnFINAL.renorm type=NormalizeComponent, input-dim=768, output-dim=768, target-rms=1, add-log-stddev=false
component name=prefinal-affine-task-0.affine type=NaturalGradientAffineComponent, input-dim=768, output-dim=768, learning-rate=0.000632545, max-change=0.75, linear-params-rms=0.03885, linear-params-row-norms=[percentiles(0,1,2,5 10,20,50,80,90 95,98,99,100)=(0.92,0.96,0.96,0.97 0.99,1.0,1.1,1.1,1.2 1.2,1.2,1.2,1.3), mean=1.07, stddev=0.0705], linear-params-col-norms=[percentiles(0,1,2,5 10,20,50,80,90 95,98,99,100)=(0.95,0.96,0.97,0.98 0.99,1.0,1.1,1.1,1.2 1.2,1.2,1.2,1.3), mean=1.07, stddev=0.062], bias-{mean,stddev}=0.0007618,1.006, rank-in=20, rank-out=80, num-samples-history=2000, update-period=4, alpha=4
component name=prefinal-affine-task-0.relu type=RectifiedLinearComponent, dim=768, self-repair-scale=1e-05, count=5.38e+03, self-repaired-proportion=0.129774, value-avg=[percentiles(0,1,2,5 10,20,50,80,90 95,98,99,100)=(0,5e-07,0.0001,0.0009 0.006,0.05,0.34,0.72,0.88 1.0,1.1,1.2,1.5), mean=0.398, stddev=0.34], deriv-avg=[percentiles(0,1,2,5 10,20,50,80,90 95,98,99,100)=(0,0.0002,0.0007,0.005 0.02,0.12,0.39,0.62,0.71 0.76,0.79,0.80,0.86), mean=0.383, stddev=0.242], oderiv-rms=[percentiles(0,1,2,5 10,20,50,80,90 95,98,99,100)=(8e-09,4e-06,2e-05,0.0001 0.0004,0.002,0.006,0.008,0.009 0.01,0.01,0.01,0.02), mean=0.00527, stddev=0.00318], oderiv-count=5888
component name=prefinal-affine-task-0.renorm type=NormalizeComponent, input-dim=768, output-dim=768, target-rms=1, add-log-stddev=false
component name=output-0.affine type=NaturalGradientAffineComponent, input-dim=768, output-dim=168, learning-rate=0.000632545, max-change=1.5, linear-params-rms=0.04958, linear-params-row-norms=[percentiles(0,1,2,5 10,20,50,80,90 95,98,99,100)=(0.14,0.14,0.89,1.1 1.1,1.2,1.4,1.5,1.6 1.7,1.7,1.8,2.0), mean=1.35, stddev=0.234], linear-params-col-norms=[percentiles(0,1,2,5 10,20,50,80,90 95,98,99,100)=(7e-07,0.0005,0.002,0.008 0.03,0.14,0.64,0.86,0.93 1.0,1.1,1.1,1.3), mean=0.543, stddev=0.343], bias-{mean,stddev}=2.16e-07,0.003934, rank-in=20, rank-out=80, num-samples-history=2000, update-period=4, alpha=4
component name=output-0.log-softmax type=LogSoftmaxComponent, dim=168, oderiv-rms=[percentiles(0,1,2,5 10,20,50,80,90 95,98,99,100)=(0,0,0.01,0.02 0.03,0.03,0.05,0.07,0.08 0.10,0.13,0.15,0.27), mean=0.0533, stddev=0.0311], oderiv-count=6656
component name=prefinal-affine-task-1.affine type=NaturalGradientAffineComponent, input-dim=768, output-dim=768, learning-rate=0.000632545, max-change=0.75, linear-params-rms=0.03658, linear-params-row-norms=[percentiles(0,1,2,5 10,20,50,80,90 95,98,99,100)=(0.91,0.95,0.95,0.96 0.98,0.99,1.0,1.0,1.1 1.1,1.1,1.1,1.2), mean=1.01, stddev=0.0311], linear-params-col-norms=[percentiles(0,1,2,5 10,20,50,80,90 95,98,99,100)=(0.94,0.95,0.96,0.97 0.98,0.99,1.0,1.0,1.1 1.1,1.1,1.1,1.1), mean=1.01, stddev=0.0289], bias-{mean,stddev}=-0.07021,1.031, rank-in=20, rank-out=80, num-samples-history=2000, update-period=4, alpha=4
component name=prefinal-affine-task-1.relu type=RectifiedLinearComponent, dim=768, self-repair-scale=1e-05, count=4.61e+03, self-repaired-proportion=0.15844, value-avg=[percentiles(0,1,2,5 10,20,50,80,90 95,98,99,100)=(0,0,5e-06,0.0006 0.007,0.03,0.28,0.59,0.75 0.85,1.0,1.1,1.3), mean=0.325, stddev=0.292], deriv-avg=[percentiles(0,1,2,5 10,20,50,80,90 95,98,99,100)=(0,0,0.0002,0.003 0.03,0.08,0.43,0.69,0.77 0.84,0.88,0.90,0.97), mean=0.409, stddev=0.281], oderiv-rms=[percentiles(0,1,2,5 10,20,50,80,90 95,98,99,100)=(3e-09,7e-08,1e-05,9e-05 0.0003,0.001,0.005,0.007,0.007 0.008,0.008,0.009,0.01), mean=0.0042, stddev=0.00261], oderiv-count=6912
component name=prefinal-affine-task-1.renorm type=NormalizeComponent, input-dim=768, output-dim=768, target-rms=1, add-log-stddev=false
component name=output-1.affine type=NaturalGradientAffineComponent, input-dim=768, output-dim=184, learning-rate=0.000632545, max-change=1.5, linear-params-rms=0.0273, linear-params-row-norms=[percentiles(0,1,2,5 10,20,50,80,90 95,98,99,100)=(0.07,0.07,0.07,0.07 0.07,0.07,0.07,1.2,1.3 1.4,1.5,1.5,1.6), mean=0.523, stddev=0.547], linear-params-col-norms=[percentiles(0,1,2,5 10,20,50,80,90 95,98,99,100)=(3e-07,2e-06,0.0008,0.006 0.02,0.06,0.35,0.50,0.54 0.57,0.61,0.63,0.71), mean=0.313, stddev=0.198], bias-{mean,stddev}=-5.413e-07,0.00218, rank-in=20, rank-out=80, num-samples-history=2000, update-period=4, alpha=4
component name=output-1.log-softmax type=LogSoftmaxComponent, dim=184, oderiv-rms=[percentiles(0,1,2,5 10,20,50,80,90 95,98,99,100)=(0,0,0,0 0,0,0,0.02,0.03 0.03,0.04,0.05,0.06), mean=0.00809, stddev=0.0123], oderiv-count=6912
nnet3-show-progress --use-gpu=no MTL/exp/nnet3/multitask/60.raw MTL/exp/nnet3/multitask/61.raw 
LOG (nnet3-show-progress[5.4.224~1-d4d9]:SelectGpuId():cu-device.cc:123) Manually selected to compute on CPU.
LOG (nnet3-show-progress[5.4.224~1-d4d9]:main():nnet3-show-progress.cc:143) Parameter differences per layer are [ tdnn1.affine:0.327511 tdnn2.affine:0.216433 tdnn3.affine:0.299119 tdnn4.affine:0.322437 tdnn5.affine:0.342414 tdnn6.affine:0.364591 tdnn7.affine:0.384163 tdnn8.affine:0.401626 tdnn9.affine:0.42398 tdnn10.affine:0.423234 tdnn11.affine:0.426065 tdnnFINAL.affine:0.435454 prefinal-affine-task-0.affine:0.228922 output-0.affine:0.197826 prefinal-affine-task-1.affine:0.185845 output-1.affine:0.123496 ]
LOG (nnet3-show-progress[5.4.224~1-d4d9]:main():nnet3-show-progress.cc:153) Norms of parameter matrices from <new-nnet-in> are [ tdnn1.affine:43.5503 tdnn2.affine:41.2655 tdnn3.affine:40.9545 tdnn4.affine:40.9666 tdnn5.affine:41.3224 tdnn6.affine:41.3907 tdnn7.affine:40.9467 tdnn8.affine:42.7952 tdnn9.affine:41.7544 tdnn10.affine:42.2496 tdnn11.affine:42.1595 tdnnFINAL.affine:41.321 prefinal-affine-task-0.affine:40.8335 output-0.affine:17.8098 prefinal-affine-task-1.affine:40.1195 output-1.affine:10.2625 ]
LOG (nnet3-show-progress[5.4.224~1-d4d9]:main():nnet3-show-progress.cc:157) Relative parameter differences per layer are [ tdnn1.affine:0.0075206 tdnn2.affine:0.00524506 tdnn3.affine:0.00730412 tdnn4.affine:0.00787114 tdnn5.affine:0.00828696 tdnn6.affine:0.00880947 tdnn7.affine:0.00938335 tdnn8.affine:0.00938626 tdnn9.affine:0.0101559 tdnn10.affine:0.010019 tdnn11.affine:0.0101076 tdnnFINAL.affine:0.01054 prefinal-affine-task-0.affine:0.00560646 output-0.affine:0.0111283 prefinal-affine-task-1.affine:0.00463238 output-1.affine:0.0120786 ]
# Accounting: time=1 threads=1
# Ended (code 0) at Sat Jul 28 03:17:27 UTC 2018, elapsed time 1 seconds
