# nnet3-info MTL/exp/nnet3/multitask/70.raw && nnet3-show-progress --use-gpu=no MTL/exp/nnet3/multitask/69.raw MTL/exp/nnet3/multitask/70.raw 
# Started at Sat Jul 28 03:18:58 UTC 2018
#
nnet3-info MTL/exp/nnet3/multitask/70.raw 
num-parameters: 13897312
modulus: 1
input-node name=input dim=13
component-node name=tdnn1.affine component=tdnn1.affine input=Append(Offset(input, -2), Offset(input, -1), input, Offset(input, 1), Offset(input, 2)) input-dim=65 output-dim=768
component-node name=tdnn1.relu component=tdnn1.relu input=tdnn1.affine input-dim=768 output-dim=768
component-node name=tdnn1.renorm component=tdnn1.renorm input=tdnn1.relu input-dim=768 output-dim=768
component-node name=tdnn2.affine component=tdnn2.affine input=tdnn1.renorm input-dim=768 output-dim=768
component-node name=tdnn2.relu component=tdnn2.relu input=tdnn2.affine input-dim=768 output-dim=768
component-node name=tdnn2.renorm component=tdnn2.renorm input=tdnn2.relu input-dim=768 output-dim=768
component-node name=tdnn3.affine component=tdnn3.affine input=Append(Offset(tdnn2.renorm, -1), Offset(tdnn2.renorm, 2)) input-dim=1536 output-dim=768
component-node name=tdnn3.relu component=tdnn3.relu input=tdnn3.affine input-dim=768 output-dim=768
component-node name=tdnn3.renorm component=tdnn3.renorm input=tdnn3.relu input-dim=768 output-dim=768
component-node name=tdnn4.affine component=tdnn4.affine input=Append(Offset(tdnn3.renorm, -3), Offset(tdnn3.renorm, 3)) input-dim=1536 output-dim=768
component-node name=tdnn4.relu component=tdnn4.relu input=tdnn4.affine input-dim=768 output-dim=768
component-node name=tdnn4.renorm component=tdnn4.renorm input=tdnn4.relu input-dim=768 output-dim=768
component-node name=tdnn5.affine component=tdnn5.affine input=Append(Offset(tdnn4.renorm, -3), Offset(tdnn4.renorm, 3)) input-dim=1536 output-dim=768
component-node name=tdnn5.relu component=tdnn5.relu input=tdnn5.affine input-dim=768 output-dim=768
component-node name=tdnn5.renorm component=tdnn5.renorm input=tdnn5.relu input-dim=768 output-dim=768
component-node name=tdnn6.affine component=tdnn6.affine input=Append(Offset(tdnn5.renorm, -3), Offset(tdnn5.renorm, 3)) input-dim=1536 output-dim=768
component-node name=tdnn6.relu component=tdnn6.relu input=tdnn6.affine input-dim=768 output-dim=768
component-node name=tdnn6.renorm component=tdnn6.renorm input=tdnn6.relu input-dim=768 output-dim=768
component-node name=tdnn7.affine component=tdnn7.affine input=Append(Offset(tdnn6.renorm, -3), Offset(tdnn6.renorm, 3)) input-dim=1536 output-dim=768
component-node name=tdnn7.relu component=tdnn7.relu input=tdnn7.affine input-dim=768 output-dim=768
component-node name=tdnn7.renorm component=tdnn7.renorm input=tdnn7.relu input-dim=768 output-dim=768
component-node name=tdnn8.affine component=tdnn8.affine input=Append(Offset(tdnn7.renorm, -3), Offset(tdnn7.renorm, 3)) input-dim=1536 output-dim=768
component-node name=tdnn8.relu component=tdnn8.relu input=tdnn8.affine input-dim=768 output-dim=768
component-node name=tdnn8.renorm component=tdnn8.renorm input=tdnn8.relu input-dim=768 output-dim=768
component-node name=tdnn9.affine component=tdnn9.affine input=Append(Offset(tdnn8.renorm, -3), Offset(tdnn8.renorm, 3)) input-dim=1536 output-dim=768
component-node name=tdnn9.relu component=tdnn9.relu input=tdnn9.affine input-dim=768 output-dim=768
component-node name=tdnn9.renorm component=tdnn9.renorm input=tdnn9.relu input-dim=768 output-dim=768
component-node name=tdnn10.affine component=tdnn10.affine input=Append(Offset(tdnn9.renorm, -3), Offset(tdnn9.renorm, 3)) input-dim=1536 output-dim=768
component-node name=tdnn10.relu component=tdnn10.relu input=tdnn10.affine input-dim=768 output-dim=768
component-node name=tdnn10.renorm component=tdnn10.renorm input=tdnn10.relu input-dim=768 output-dim=768
component-node name=tdnn11.affine component=tdnn11.affine input=Append(Offset(tdnn10.renorm, -3), Offset(tdnn10.renorm, 3)) input-dim=1536 output-dim=768
component-node name=tdnn11.relu component=tdnn11.relu input=tdnn11.affine input-dim=768 output-dim=768
component-node name=tdnn11.renorm component=tdnn11.renorm input=tdnn11.relu input-dim=768 output-dim=768
component-node name=tdnnFINAL.affine component=tdnnFINAL.affine input=Append(Offset(tdnn11.renorm, -3), Offset(tdnn11.renorm, 3)) input-dim=1536 output-dim=768
component-node name=tdnnFINAL.relu component=tdnnFINAL.relu input=tdnnFINAL.affine input-dim=768 output-dim=768
component-node name=tdnnFINAL.renorm component=tdnnFINAL.renorm input=tdnnFINAL.relu input-dim=768 output-dim=768
component-node name=prefinal-affine-task-0.affine component=prefinal-affine-task-0.affine input=tdnnFINAL.renorm input-dim=768 output-dim=768
component-node name=prefinal-affine-task-0.relu component=prefinal-affine-task-0.relu input=prefinal-affine-task-0.affine input-dim=768 output-dim=768
component-node name=prefinal-affine-task-0.renorm component=prefinal-affine-task-0.renorm input=prefinal-affine-task-0.relu input-dim=768 output-dim=768
component-node name=output-0.affine component=output-0.affine input=prefinal-affine-task-0.renorm input-dim=768 output-dim=168
component-node name=output-0.log-softmax component=output-0.log-softmax input=output-0.affine input-dim=168 output-dim=168
output-node name=output-0 input=output-0.log-softmax dim=168 objective=linear
component-node name=prefinal-affine-task-1.affine component=prefinal-affine-task-1.affine input=tdnnFINAL.renorm input-dim=768 output-dim=768
component-node name=prefinal-affine-task-1.relu component=prefinal-affine-task-1.relu input=prefinal-affine-task-1.affine input-dim=768 output-dim=768
component-node name=prefinal-affine-task-1.renorm component=prefinal-affine-task-1.renorm input=prefinal-affine-task-1.relu input-dim=768 output-dim=768
component-node name=output-1.affine component=output-1.affine input=prefinal-affine-task-1.renorm input-dim=768 output-dim=184
component-node name=output-1.log-softmax component=output-1.log-softmax input=output-1.affine input-dim=184 output-dim=184
output-node name=output-1 input=output-1.log-softmax dim=184 objective=linear
component name=tdnn1.affine type=NaturalGradientAffineComponent, input-dim=65, output-dim=768, learning-rate=0.000555701, max-change=0.75, linear-params-rms=0.147, linear-params-row-norms=[percentiles(0,1,2,5 10,20,50,80,90 95,98,99,100)=(0.75,0.83,0.88,0.92 0.96,1.0,1.1,1.3,1.4 1.5,1.6,1.7,1.9), mean=1.17, stddev=0.182], linear-params-col-norms=[percentiles(0,1,2,5 10,20,50,80,90 95,98,99,100)=(3.6,3.6,3.7,3.7 3.8,3.9,4.0,4.2,4.3 4.4,4.5,4.6,4.7), mean=4.07, stddev=0.219], bias-{mean,stddev}=0.02842,1.034, rank-in=20, rank-out=80, num-samples-history=2000, update-period=4, alpha=4
component name=tdnn1.relu type=RectifiedLinearComponent, dim=768, self-repair-scale=1e-05, count=1.89e+05, self-repaired-proportion=0.000992063, value-avg=[percentiles(0,1,2,5 10,20,50,80,90 95,98,99,100)=(0.01,0.02,0.03,0.03 0.04,0.07,0.31,1.3,1.8 2.2,2.9,3.2,6.0), mean=0.694, stddev=0.794], deriv-avg=[percentiles(0,1,2,5 10,20,50,80,90 95,98,99,100)=(0.05,0.06,0.07,0.08 0.09,0.13,0.38,0.86,0.90 0.92,0.93,0.94,0.95), mean=0.476, stddev=0.322], oderiv-rms=[percentiles(0,1,2,5 10,20,50,80,90 95,98,99,100)=(0.0004,0.0004,0.0004,0.0005 0.0005,0.0005,0.0006,0.0009,0.001 0.001,0.001,0.001,0.001), mean=0.000693, stddev=0.000206], oderiv-count=276480
component name=tdnn1.renorm type=NormalizeComponent, input-dim=768, output-dim=768, target-rms=1, add-log-stddev=false
component name=tdnn2.affine type=NaturalGradientAffineComponent, input-dim=768, output-dim=768, learning-rate=0.000555701, max-change=0.75, linear-params-rms=0.03809, linear-params-row-norms=[percentiles(0,1,2,5 10,20,50,80,90 95,98,99,100)=(0.94,0.96,0.97,0.99 1.0,1.0,1.1,1.1,1.1 1.1,1.1,1.2,1.2), mean=1.05, stddev=0.0432], linear-params-col-norms=[percentiles(0,1,2,5 10,20,50,80,90 95,98,99,100)=(0.92,0.96,0.97,0.98 0.99,1.0,1.0,1.1,1.1 1.2,1.2,1.2,1.3), mean=1.05, stddev=0.0536], bias-{mean,stddev}=0.01179,1.051, rank-in=20, rank-out=80, num-samples-history=2000, update-period=4, alpha=4
component name=tdnn2.relu type=RectifiedLinearComponent, dim=768, self-repair-scale=1e-05, count=1.54e+05, self-repaired-proportion=0, value-avg=[percentiles(0,1,2,5 10,20,50,80,90 95,98,99,100)=(0.01,0.02,0.02,0.04 0.06,0.10,0.33,0.96,1.3 1.6,1.9,2.1,2.9), mean=0.526, stddev=0.521], deriv-avg=[percentiles(0,1,2,5 10,20,50,80,90 95,98,99,100)=(0.05,0.08,0.09,0.12 0.15,0.21,0.43,0.73,0.84 0.88,0.91,0.92,0.94), mean=0.461, stddev=0.249], oderiv-rms=[percentiles(0,1,2,5 10,20,50,80,90 95,98,99,100)=(0.0005,0.0006,0.0006,0.0006 0.0006,0.0006,0.0008,0.001,0.001 0.001,0.001,0.001,0.001), mean=0.000807, stddev=0.000187], oderiv-count=281600
component name=tdnn2.renorm type=NormalizeComponent, input-dim=768, output-dim=768, target-rms=1, add-log-stddev=false
component name=tdnn3.affine type=NaturalGradientAffineComponent, input-dim=1536, output-dim=768, learning-rate=0.000555701, max-change=0.75, linear-params-rms=0.02759, linear-params-row-norms=[percentiles(0,1,2,5 10,20,50,80,90 95,98,99,100)=(0.98,1.0,1.0,1.0 1.0,1.0,1.1,1.1,1.1 1.2,1.2,1.2,1.2), mean=1.08, stddev=0.0453], linear-params-col-norms=[percentiles(0,1,2,5 10,20,50,80,90 95,98,99,100)=(0.66,0.68,0.69,0.70 0.71,0.72,0.76,0.80,0.83 0.85,0.87,0.88,0.92), mean=0.763, stddev=0.0462], bias-{mean,stddev}=0.01776,1.008, rank-in=20, rank-out=80, num-samples-history=2000, update-period=4, alpha=4
component name=tdnn3.relu type=RectifiedLinearComponent, dim=768, self-repair-scale=1e-05, count=7.42e+04, self-repaired-proportion=0, value-avg=[percentiles(0,1,2,5 10,20,50,80,90 95,98,99,100)=(0.02,0.03,0.04,0.05 0.08,0.14,0.41,0.98,1.3 1.6,2.0,2.2,3.1), mean=0.577, stddev=0.515], deriv-avg=[percentiles(0,1,2,5 10,20,50,80,90 95,98,99,100)=(0.07,0.09,0.10,0.12 0.16,0.23,0.42,0.65,0.74 0.82,0.86,0.89,0.94), mean=0.44, stddev=0.217], oderiv-rms=[percentiles(0,1,2,5 10,20,50,80,90 95,98,99,100)=(0.0007,0.0007,0.0007,0.0007 0.0008,0.0008,0.001,0.001,0.001 0.002,0.002,0.002,0.002), mean=0.00105, stddev=0.000258], oderiv-count=130560
component name=tdnn3.renorm type=NormalizeComponent, input-dim=768, output-dim=768, target-rms=1, add-log-stddev=false
component name=tdnn4.affine type=NaturalGradientAffineComponent, input-dim=1536, output-dim=768, learning-rate=0.000555701, max-change=0.75, linear-params-rms=0.02772, linear-params-row-norms=[percentiles(0,1,2,5 10,20,50,80,90 95,98,99,100)=(0.96,0.99,1.0,1.0 1.0,1.0,1.1,1.1,1.2 1.2,1.2,1.2,1.2), mean=1.09, stddev=0.05], linear-params-col-norms=[percentiles(0,1,2,5 10,20,50,80,90 95,98,99,100)=(0.65,0.68,0.69,0.70 0.71,0.73,0.76,0.81,0.83 0.85,0.87,0.89,0.94), mean=0.767, stddev=0.0473], bias-{mean,stddev}=0.007471,1.004, rank-in=20, rank-out=80, num-samples-history=2000, update-period=4, alpha=4
component name=tdnn4.relu type=RectifiedLinearComponent, dim=768, self-repair-scale=1e-05, count=7.37e+04, self-repaired-proportion=0, value-avg=[percentiles(0,1,2,5 10,20,50,80,90 95,98,99,100)=(0.02,0.03,0.04,0.06 0.08,0.13,0.41,0.88,1.3 1.5,1.9,2.0,2.5), mean=0.55, stddev=0.484], deriv-avg=[percentiles(0,1,2,5 10,20,50,80,90 95,98,99,100)=(0.06,0.08,0.09,0.12 0.15,0.22,0.41,0.63,0.73 0.80,0.86,0.89,0.92), mean=0.43, stddev=0.213], oderiv-rms=[percentiles(0,1,2,5 10,20,50,80,90 95,98,99,100)=(0.0008,0.0009,0.0009,0.0009 0.001,0.001,0.001,0.002,0.002 0.002,0.002,0.002,0.003), mean=0.00129, stddev=0.0003], oderiv-count=117504
component name=tdnn4.renorm type=NormalizeComponent, input-dim=768, output-dim=768, target-rms=1, add-log-stddev=false
component name=tdnn5.affine type=NaturalGradientAffineComponent, input-dim=1536, output-dim=768, learning-rate=0.000555701, max-change=0.75, linear-params-rms=0.02791, linear-params-row-norms=[percentiles(0,1,2,5 10,20,50,80,90 95,98,99,100)=(0.98,1.0,1.0,1.0 1.0,1.0,1.1,1.1,1.2 1.2,1.2,1.2,1.2), mean=1.09, stddev=0.0502], linear-params-col-norms=[percentiles(0,1,2,5 10,20,50,80,90 95,98,99,100)=(0.65,0.69,0.70,0.71 0.71,0.73,0.77,0.82,0.84 0.86,0.88,0.89,0.98), mean=0.772, stddev=0.0485], bias-{mean,stddev}=0.02203,1.014, rank-in=20, rank-out=80, num-samples-history=2000, update-period=4, alpha=4
component name=tdnn5.relu type=RectifiedLinearComponent, dim=768, self-repair-scale=1e-05, count=6.96e+04, self-repaired-proportion=0.000651042, value-avg=[percentiles(0,1,2,5 10,20,50,80,90 95,98,99,100)=(0.02,0.03,0.04,0.07 0.09,0.17,0.41,0.94,1.2 1.5,1.8,2.0,2.7), mean=0.559, stddev=0.464], deriv-avg=[percentiles(0,1,2,5 10,20,50,80,90 95,98,99,100)=(0.06,0.08,0.10,0.13 0.17,0.25,0.43,0.64,0.74 0.80,0.86,0.89,0.95), mean=0.445, stddev=0.206], oderiv-rms=[percentiles(0,1,2,5 10,20,50,80,90 95,98,99,100)=(0.001,0.001,0.001,0.001 0.001,0.001,0.001,0.002,0.002 0.002,0.002,0.002,0.003), mean=0.00151, stddev=0.000306], oderiv-count=98304
component name=tdnn5.renorm type=NormalizeComponent, input-dim=768, output-dim=768, target-rms=1, add-log-stddev=false
component name=tdnn6.affine type=NaturalGradientAffineComponent, input-dim=1536, output-dim=768, learning-rate=0.000555701, max-change=0.75, linear-params-rms=0.02815, linear-params-row-norms=[percentiles(0,1,2,5 10,20,50,80,90 95,98,99,100)=(0.98,1.0,1.0,1.0 1.0,1.1,1.1,1.1,1.2 1.2,1.2,1.2,1.2), mean=1.1, stddev=0.049], linear-params-col-norms=[percentiles(0,1,2,5 10,20,50,80,90 95,98,99,100)=(0.66,0.69,0.70,0.71 0.72,0.73,0.78,0.82,0.84 0.86,0.88,0.88,0.93), mean=0.779, stddev=0.0475], bias-{mean,stddev}=0.0458,1.007, rank-in=20, rank-out=80, num-samples-history=2000, update-period=4, alpha=4
component name=tdnn6.relu type=RectifiedLinearComponent, dim=768, self-repair-scale=1e-05, count=6.09e+04, self-repaired-proportion=0, value-avg=[percentiles(0,1,2,5 10,20,50,80,90 95,98,99,100)=(0.02,0.04,0.05,0.08 0.11,0.17,0.41,0.88,1.2 1.5,1.9,2.1,2.7), mean=0.547, stddev=0.455], deriv-avg=[percentiles(0,1,2,5 10,20,50,80,90 95,98,99,100)=(0.05,0.08,0.11,0.15 0.19,0.26,0.42,0.63,0.73 0.80,0.85,0.88,0.92), mean=0.443, stddev=0.199], oderiv-rms=[percentiles(0,1,2,5 10,20,50,80,90 95,98,99,100)=(0.001,0.001,0.001,0.001 0.001,0.001,0.002,0.002,0.002 0.002,0.002,0.002,0.003), mean=0.00164, stddev=0.00029], oderiv-count=94976
component name=tdnn6.renorm type=NormalizeComponent, input-dim=768, output-dim=768, target-rms=1, add-log-stddev=false
component name=tdnn7.affine type=NaturalGradientAffineComponent, input-dim=1536, output-dim=768, learning-rate=0.000555701, max-change=0.75, linear-params-rms=0.02839, linear-params-row-norms=[percentiles(0,1,2,5 10,20,50,80,90 95,98,99,100)=(0.98,1.0,1.0,1.0 1.0,1.1,1.1,1.2,1.2 1.2,1.2,1.2,1.3), mean=1.11, stddev=0.0514], linear-params-col-norms=[percentiles(0,1,2,5 10,20,50,80,90 95,98,99,100)=(0.63,0.69,0.70,0.71 0.72,0.74,0.78,0.83,0.85 0.87,0.88,0.90,0.98), mean=0.785, stddev=0.0481], bias-{mean,stddev}=0.01654,0.9737, rank-in=20, rank-out=80, num-samples-history=2000, update-period=4, alpha=4
component name=tdnn7.relu type=RectifiedLinearComponent, dim=768, self-repair-scale=1e-05, count=5.68e+04, self-repaired-proportion=0.00274493, value-avg=[percentiles(0,1,2,5 10,20,50,80,90 95,98,99,100)=(0.0005,0.04,0.06,0.09 0.12,0.18,0.41,0.86,1.1 1.5,1.8,2.0,3.7), mean=0.547, stddev=0.458], deriv-avg=[percentiles(0,1,2,5 10,20,50,80,90 95,98,99,100)=(0.002,0.09,0.12,0.17 0.20,0.27,0.42,0.62,0.73 0.80,0.87,0.90,1.0), mean=0.447, stddev=0.195], oderiv-rms=[percentiles(0,1,2,5 10,20,50,80,90 95,98,99,100)=(0.001,0.001,0.001,0.001 0.001,0.002,0.002,0.002,0.002 0.002,0.002,0.003,0.003), mean=0.00178, stddev=0.000294], oderiv-count=76800
component name=tdnn7.renorm type=NormalizeComponent, input-dim=768, output-dim=768, target-rms=1, add-log-stddev=false
component name=tdnn8.affine type=NaturalGradientAffineComponent, input-dim=1536, output-dim=768, learning-rate=0.000555701, max-change=0.75, linear-params-rms=0.02859, linear-params-row-norms=[percentiles(0,1,2,5 10,20,50,80,90 95,98,99,100)=(0.97,1.0,1.0,1.0 1.0,1.1,1.1,1.2,1.2 1.2,1.2,1.2,1.3), mean=1.12, stddev=0.0602], linear-params-col-norms=[percentiles(0,1,2,5 10,20,50,80,90 95,98,99,100)=(0.67,0.70,0.71,0.72 0.73,0.74,0.79,0.84,0.86 0.87,0.89,0.90,0.95), mean=0.791, stddev=0.0491], bias-{mean,stddev}=-0.05804,1.063, rank-in=20, rank-out=80, num-samples-history=2000, update-period=4, alpha=4
component name=tdnn8.relu type=RectifiedLinearComponent, dim=768, self-repair-scale=1e-05, count=4.22e+04, self-repaired-proportion=0.00455729, value-avg=[percentiles(0,1,2,5 10,20,50,80,90 95,98,99,100)=(0.0006,0.02,0.03,0.05 0.08,0.15,0.37,0.89,1.2 1.6,1.9,2.2,2.7), mean=0.543, stddev=0.499], deriv-avg=[percentiles(0,1,2,5 10,20,50,80,90 95,98,99,100)=(0.004,0.06,0.07,0.11 0.15,0.23,0.41,0.63,0.74 0.83,0.89,0.92,0.96), mean=0.432, stddev=0.22], oderiv-rms=[percentiles(0,1,2,5 10,20,50,80,90 95,98,99,100)=(0.001,0.001,0.002,0.002 0.002,0.002,0.002,0.002,0.003 0.003,0.003,0.003,0.004), mean=0.00215, stddev=0.000398], oderiv-count=56320
component name=tdnn8.renorm type=NormalizeComponent, input-dim=768, output-dim=768, target-rms=1, add-log-stddev=false
component name=tdnn9.affine type=NaturalGradientAffineComponent, input-dim=1536, output-dim=768, learning-rate=0.000555701, max-change=0.75, linear-params-rms=0.02881, linear-params-row-norms=[percentiles(0,1,2,5 10,20,50,80,90 95,98,99,100)=(0.96,0.99,1.0,1.0 1.0,1.1,1.1,1.2,1.2 1.2,1.2,1.2,1.3), mean=1.13, stddev=0.0648], linear-params-col-norms=[percentiles(0,1,2,5 10,20,50,80,90 95,98,99,100)=(0.66,0.69,0.70,0.71 0.72,0.74,0.79,0.85,0.87 0.89,0.91,0.92,0.97), mean=0.796, stddev=0.0569], bias-{mean,stddev}=-0.05935,0.998, rank-in=20, rank-out=80, num-samples-history=2000, update-period=4, alpha=4
component name=tdnn9.relu type=RectifiedLinearComponent, dim=768, self-repair-scale=1e-05, count=3.79e+04, self-repaired-proportion=0.0164063, value-avg=[percentiles(0,1,2,5 10,20,50,80,90 95,98,99,100)=(6e-06,0.004,0.02,0.05 0.08,0.15,0.40,0.83,1.1 1.4,1.8,1.9,2.4), mean=0.521, stddev=0.444], deriv-avg=[percentiles(0,1,2,5 10,20,50,80,90 95,98,99,100)=(5e-05,0.02,0.06,0.11 0.16,0.24,0.43,0.62,0.73 0.81,0.87,0.91,0.98), mean=0.433, stddev=0.211], oderiv-rms=[percentiles(0,1,2,5 10,20,50,80,90 95,98,99,100)=(0.002,0.002,0.002,0.002 0.002,0.002,0.003,0.003,0.003 0.003,0.004,0.004,0.004), mean=0.00256, stddev=0.000468], oderiv-count=50176
component name=tdnn9.renorm type=NormalizeComponent, input-dim=768, output-dim=768, target-rms=1, add-log-stddev=false
component name=tdnn10.affine type=NaturalGradientAffineComponent, input-dim=1536, output-dim=768, learning-rate=0.000555701, max-change=0.75, linear-params-rms=0.02878, linear-params-row-norms=[percentiles(0,1,2,5 10,20,50,80,90 95,98,99,100)=(0.97,0.99,1.0,1.0 1.0,1.1,1.1,1.2,1.2 1.2,1.2,1.3,1.3), mean=1.13, stddev=0.0655], linear-params-col-norms=[percentiles(0,1,2,5 10,20,50,80,90 95,98,99,100)=(0.67,0.69,0.70,0.71 0.72,0.74,0.80,0.85,0.87 0.88,0.90,0.91,0.95), mean=0.796, stddev=0.055], bias-{mean,stddev}=0.02918,1.027, rank-in=20, rank-out=80, num-samples-history=2000, update-period=4, alpha=4
component name=tdnn10.relu type=RectifiedLinearComponent, dim=768, self-repair-scale=1e-05, count=2.38e+04, self-repaired-proportion=0.0246875, value-avg=[percentiles(0,1,2,5 10,20,50,80,90 95,98,99,100)=(1e-05,0.004,0.02,0.04 0.07,0.15,0.38,0.86,1.2 1.5,1.8,2.2,2.7), mean=0.537, stddev=0.482], deriv-avg=[percentiles(0,1,2,5 10,20,50,80,90 95,98,99,100)=(8e-05,0.02,0.05,0.09 0.14,0.23,0.43,0.63,0.75 0.83,0.91,0.93,0.99), mean=0.439, stddev=0.225], oderiv-rms=[percentiles(0,1,2,5 10,20,50,80,90 95,98,99,100)=(0.002,0.002,0.002,0.002 0.002,0.002,0.003,0.003,0.004 0.004,0.004,0.004,0.005), mean=0.00295, stddev=0.000539], oderiv-count=39168
component name=tdnn10.renorm type=NormalizeComponent, input-dim=768, output-dim=768, target-rms=1, add-log-stddev=false
component name=tdnn11.affine type=NaturalGradientAffineComponent, input-dim=1536, output-dim=768, learning-rate=0.000555701, max-change=0.75, linear-params-rms=0.02886, linear-params-row-norms=[percentiles(0,1,2,5 10,20,50,80,90 95,98,99,100)=(0.97,0.97,0.98,1.0 1.0,1.0,1.1,1.2,1.2 1.2,1.3,1.3,1.3), mean=1.13, stddev=0.0767], linear-params-col-norms=[percentiles(0,1,2,5 10,20,50,80,90 95,98,99,100)=(0.66,0.69,0.70,0.71 0.72,0.74,0.80,0.85,0.87 0.89,0.90,0.92,0.96), mean=0.798, stddev=0.0559], bias-{mean,stddev}=0.03175,1.019, rank-in=20, rank-out=80, num-samples-history=2000, update-period=4, alpha=4
component name=tdnn11.relu type=RectifiedLinearComponent, dim=768, self-repair-scale=1e-05, count=1.59e+04, self-repaired-proportion=0.0728772, value-avg=[percentiles(0,1,2,5 10,20,50,80,90 95,98,99,100)=(0,0.0002,0.001,0.01 0.04,0.10,0.38,0.87,1.3 1.7,1.9,2.4,3.4), mean=0.539, stddev=0.536], deriv-avg=[percentiles(0,1,2,5 10,20,50,80,90 95,98,99,100)=(0,0.0008,0.006,0.03 0.09,0.19,0.42,0.65,0.79 0.87,0.94,0.96,1.0), mean=0.427, stddev=0.25], oderiv-rms=[percentiles(0,1,2,5 10,20,50,80,90 95,98,99,100)=(0.002,0.002,0.002,0.002 0.003,0.003,0.003,0.004,0.004 0.005,0.005,0.005,0.006), mean=0.00346, stddev=0.000686], oderiv-count=26112
component name=tdnn11.renorm type=NormalizeComponent, input-dim=768, output-dim=768, target-rms=1, add-log-stddev=false
component name=tdnnFINAL.affine type=NaturalGradientAffineComponent, input-dim=1536, output-dim=768, learning-rate=0.000555701, max-change=0.75, linear-params-rms=0.02912, linear-params-row-norms=[percentiles(0,1,2,5 10,20,50,80,90 95,98,99,100)=(0.96,0.97,0.98,1.0 1.0,1.0,1.1,1.2,1.2 1.3,1.3,1.3,1.3), mean=1.14, stddev=0.088], linear-params-col-norms=[percentiles(0,1,2,5 10,20,50,80,90 95,98,99,100)=(0.64,0.68,0.69,0.70 0.71,0.73,0.81,0.87,0.89 0.91,0.93,0.94,0.99), mean=0.804, stddev=0.0683], bias-{mean,stddev}=-0.0673,0.9591, rank-in=20, rank-out=80, num-samples-history=2000, update-period=4, alpha=4
component name=tdnnFINAL.relu type=RectifiedLinearComponent, dim=768, self-repair-scale=1e-05, count=7.94e+03, self-repaired-proportion=0.0969645, value-avg=[percentiles(0,1,2,5 10,20,50,80,90 95,98,99,100)=(0,0,0.0002,0.002 0.02,0.08,0.33,0.74,1.0 1.3,1.7,1.9,2.6), mean=0.443, stddev=0.434], deriv-avg=[percentiles(0,1,2,5 10,20,50,80,90 95,98,99,100)=(0,0,0.0009,0.009 0.05,0.15,0.37,0.59,0.67 0.76,0.86,0.92,0.99), mean=0.376, stddev=0.231], oderiv-rms=[percentiles(0,1,2,5 10,20,50,80,90 95,98,99,100)=(0.003,0.003,0.003,0.004 0.004,0.004,0.005,0.006,0.007 0.007,0.007,0.008,0.009), mean=0.00514, stddev=0.00109], oderiv-count=13824
component name=tdnnFINAL.renorm type=NormalizeComponent, input-dim=768, output-dim=768, target-rms=1, add-log-stddev=false
component name=prefinal-affine-task-0.affine type=NaturalGradientAffineComponent, input-dim=768, output-dim=768, learning-rate=0.000555701, max-change=0.75, linear-params-rms=0.03886, linear-params-row-norms=[percentiles(0,1,2,5 10,20,50,80,90 95,98,99,100)=(0.92,0.95,0.96,0.97 0.99,1.0,1.1,1.1,1.2 1.2,1.2,1.2,1.3), mean=1.07, stddev=0.071], linear-params-col-norms=[percentiles(0,1,2,5 10,20,50,80,90 95,98,99,100)=(0.95,0.96,0.97,0.98 0.99,1.0,1.1,1.1,1.2 1.2,1.2,1.2,1.3), mean=1.08, stddev=0.0621], bias-{mean,stddev}=0.0007367,1.006, rank-in=20, rank-out=80, num-samples-history=2000, update-period=4, alpha=4
component name=prefinal-affine-task-0.relu type=RectifiedLinearComponent, dim=768, self-repair-scale=1e-05, count=5.12e+03, self-repaired-proportion=0.131611, value-avg=[percentiles(0,1,2,5 10,20,50,80,90 95,98,99,100)=(0,1e-05,0.0002,0.001 0.006,0.05,0.34,0.69,0.86 0.99,1.1,1.2,1.4), mean=0.388, stddev=0.331], deriv-avg=[percentiles(0,1,2,5 10,20,50,80,90 95,98,99,100)=(0,0.0002,0.0006,0.005 0.02,0.11,0.39,0.62,0.70 0.74,0.77,0.79,0.84), mean=0.379, stddev=0.239], oderiv-rms=[percentiles(0,1,2,5 10,20,50,80,90 95,98,99,100)=(5e-09,2e-06,2e-05,7e-05 0.0003,0.001,0.004,0.006,0.007 0.007,0.008,0.009,0.01), mean=0.00387, stddev=0.00237], oderiv-count=6400
component name=prefinal-affine-task-0.renorm type=NormalizeComponent, input-dim=768, output-dim=768, target-rms=1, add-log-stddev=false
component name=output-0.affine type=NaturalGradientAffineComponent, input-dim=768, output-dim=168, learning-rate=0.000555701, max-change=1.5, linear-params-rms=0.0502, linear-params-row-norms=[percentiles(0,1,2,5 10,20,50,80,90 95,98,99,100)=(0.14,0.14,0.90,1.1 1.1,1.2,1.4,1.5,1.6 1.7,1.7,1.8,2.0), mean=1.37, stddev=0.238], linear-params-col-norms=[percentiles(0,1,2,5 10,20,50,80,90 95,98,99,100)=(7e-07,0.0005,0.002,0.008 0.03,0.14,0.65,0.87,0.94 1.0,1.1,1.1,1.3), mean=0.55, stddev=0.347], bias-{mean,stddev}=2.165e-07,0.003946, rank-in=20, rank-out=80, num-samples-history=2000, update-period=4, alpha=4
component name=output-0.log-softmax type=LogSoftmaxComponent, dim=168, oderiv-rms=[percentiles(0,1,2,5 10,20,50,80,90 95,98,99,100)=(0,0,0.01,0.02 0.03,0.03,0.05,0.07,0.08 0.10,0.14,0.15,0.28), mean=0.0531, stddev=0.0315], oderiv-count=5888
component name=prefinal-affine-task-1.affine type=NaturalGradientAffineComponent, input-dim=768, output-dim=768, learning-rate=0.000555701, max-change=0.75, linear-params-rms=0.03658, linear-params-row-norms=[percentiles(0,1,2,5 10,20,50,80,90 95,98,99,100)=(0.91,0.95,0.95,0.96 0.98,0.99,1.0,1.0,1.1 1.1,1.1,1.1,1.2), mean=1.01, stddev=0.0315], linear-params-col-norms=[percentiles(0,1,2,5 10,20,50,80,90 95,98,99,100)=(0.94,0.95,0.95,0.97 0.98,0.99,1.0,1.0,1.1 1.1,1.1,1.1,1.1), mean=1.01, stddev=0.0289], bias-{mean,stddev}=-0.07025,1.031, rank-in=20, rank-out=80, num-samples-history=2000, update-period=4, alpha=4
component name=prefinal-affine-task-1.relu type=RectifiedLinearComponent, dim=768, self-repair-scale=1e-05, count=5.12e+03, self-repaired-proportion=0.156829, value-avg=[percentiles(0,1,2,5 10,20,50,80,90 95,98,99,100)=(0,0,3e-05,0.0007 0.007,0.03,0.27,0.57,0.71 0.81,0.95,1.0,1.2), mean=0.31, stddev=0.275], deriv-avg=[percentiles(0,1,2,5 10,20,50,80,90 95,98,99,100)=(0,0,0.0002,0.003 0.03,0.08,0.43,0.68,0.76 0.83,0.86,0.88,0.95), mean=0.402, stddev=0.275], oderiv-rms=[percentiles(0,1,2,5 10,20,50,80,90 95,98,99,100)=(2e-09,6e-08,1e-05,7e-05 0.0003,0.0008,0.004,0.006,0.006 0.006,0.007,0.007,0.008), mean=0.00356, stddev=0.0022], oderiv-count=6400
component name=prefinal-affine-task-1.renorm type=NormalizeComponent, input-dim=768, output-dim=768, target-rms=1, add-log-stddev=false
component name=output-1.affine type=NaturalGradientAffineComponent, input-dim=768, output-dim=184, learning-rate=0.000555701, max-change=1.5, linear-params-rms=0.0281, linear-params-row-norms=[percentiles(0,1,2,5 10,20,50,80,90 95,98,99,100)=(0.07,0.07,0.07,0.07 0.07,0.07,0.07,1.2,1.3 1.4,1.5,1.5,1.6), mean=0.537, stddev=0.564], linear-params-col-norms=[percentiles(0,1,2,5 10,20,50,80,90 95,98,99,100)=(3e-07,3e-06,0.0009,0.006 0.02,0.07,0.37,0.51,0.56 0.59,0.63,0.64,0.73), mean=0.322, stddev=0.203], bias-{mean,stddev}=-5.416e-07,0.002187, rank-in=20, rank-out=80, num-samples-history=2000, update-period=4, alpha=4
component name=output-1.log-softmax type=LogSoftmaxComponent, dim=184, oderiv-rms=[percentiles(0,1,2,5 10,20,50,80,90 95,98,99,100)=(0,0,0,0 0,0,0,0.02,0.03 0.03,0.05,0.05,0.06), mean=0.00806, stddev=0.0123], oderiv-count=5120
nnet3-show-progress --use-gpu=no MTL/exp/nnet3/multitask/69.raw MTL/exp/nnet3/multitask/70.raw 
LOG (nnet3-show-progress[5.4.224~1-d4d9]:SelectGpuId():cu-device.cc:123) Manually selected to compute on CPU.
LOG (nnet3-show-progress[5.4.224~1-d4d9]:main():nnet3-show-progress.cc:143) Parameter differences per layer are [ tdnn1.affine:0.26351 tdnn2.affine:0.163558 tdnn3.affine:0.217623 tdnn4.affine:0.231791 tdnn5.affine:0.246269 tdnn6.affine:0.261937 tdnn7.affine:0.276329 tdnn8.affine:0.286802 tdnn9.affine:0.297785 tdnn10.affine:0.298156 tdnn11.affine:0.298439 tdnnFINAL.affine:0.301754 prefinal-affine-task-0.affine:0.150495 output-0.affine:0.12732 prefinal-affine-task-1.affine:0.13764 output-1.affine:0.0897721 ]
LOG (nnet3-show-progress[5.4.224~1-d4d9]:main():nnet3-show-progress.cc:153) Norms of parameter matrices from <new-nnet-in> are [ tdnn1.affine:43.5861 tdnn2.affine:41.283 tdnn3.affine:40.9768 tdnn4.affine:40.9916 tdnn5.affine:41.3495 tdnn6.affine:41.4209 tdnn7.affine:40.9797 tdnn8.affine:42.8299 tdnn9.affine:41.7942 tdnn10.affine:42.2913 tdnn11.affine:42.2005 tdnnFINAL.affine:41.354 prefinal-affine-task-0.affine:40.8372 output-0.affine:18.0332 prefinal-affine-task-1.affine:40.1201 output-1.affine:10.5624 ]
LOG (nnet3-show-progress[5.4.224~1-d4d9]:main():nnet3-show-progress.cc:157) Relative parameter differences per layer are [ tdnn1.affine:0.00604621 tdnn2.affine:0.00396206 tdnn3.affine:0.00531119 tdnn4.affine:0.00565496 tdnn5.affine:0.0059562 tdnn6.affine:0.0063243 tdnn7.affine:0.00674368 tdnn8.affine:0.00669686 tdnn9.affine:0.00712561 tdnn10.affine:0.00705058 tdnn11.affine:0.00707243 tdnnFINAL.affine:0.00729728 prefinal-affine-task-0.affine:0.00368522 output-0.affine:0.00706779 prefinal-affine-task-1.affine:0.00343068 output-1.affine:0.00852197 ]
# Accounting: time=1 threads=1
# Ended (code 0) at Sat Jul 28 03:18:59 UTC 2018, elapsed time 1 seconds
