# nnet3-info MTL/exp/nnet3/multitask/23.raw && nnet3-show-progress --use-gpu=no MTL/exp/nnet3/multitask/22.raw MTL/exp/nnet3/multitask/23.raw 
# Started at Sat Jul 28 03:10:49 UTC 2018
#
nnet3-info MTL/exp/nnet3/multitask/23.raw 
num-parameters: 13897312
modulus: 1
input-node name=input dim=13
component-node name=tdnn1.affine component=tdnn1.affine input=Append(Offset(input, -2), Offset(input, -1), input, Offset(input, 1), Offset(input, 2)) input-dim=65 output-dim=768
component-node name=tdnn1.relu component=tdnn1.relu input=tdnn1.affine input-dim=768 output-dim=768
component-node name=tdnn1.renorm component=tdnn1.renorm input=tdnn1.relu input-dim=768 output-dim=768
component-node name=tdnn2.affine component=tdnn2.affine input=tdnn1.renorm input-dim=768 output-dim=768
component-node name=tdnn2.relu component=tdnn2.relu input=tdnn2.affine input-dim=768 output-dim=768
component-node name=tdnn2.renorm component=tdnn2.renorm input=tdnn2.relu input-dim=768 output-dim=768
component-node name=tdnn3.affine component=tdnn3.affine input=Append(Offset(tdnn2.renorm, -1), Offset(tdnn2.renorm, 2)) input-dim=1536 output-dim=768
component-node name=tdnn3.relu component=tdnn3.relu input=tdnn3.affine input-dim=768 output-dim=768
component-node name=tdnn3.renorm component=tdnn3.renorm input=tdnn3.relu input-dim=768 output-dim=768
component-node name=tdnn4.affine component=tdnn4.affine input=Append(Offset(tdnn3.renorm, -3), Offset(tdnn3.renorm, 3)) input-dim=1536 output-dim=768
component-node name=tdnn4.relu component=tdnn4.relu input=tdnn4.affine input-dim=768 output-dim=768
component-node name=tdnn4.renorm component=tdnn4.renorm input=tdnn4.relu input-dim=768 output-dim=768
component-node name=tdnn5.affine component=tdnn5.affine input=Append(Offset(tdnn4.renorm, -3), Offset(tdnn4.renorm, 3)) input-dim=1536 output-dim=768
component-node name=tdnn5.relu component=tdnn5.relu input=tdnn5.affine input-dim=768 output-dim=768
component-node name=tdnn5.renorm component=tdnn5.renorm input=tdnn5.relu input-dim=768 output-dim=768
component-node name=tdnn6.affine component=tdnn6.affine input=Append(Offset(tdnn5.renorm, -3), Offset(tdnn5.renorm, 3)) input-dim=1536 output-dim=768
component-node name=tdnn6.relu component=tdnn6.relu input=tdnn6.affine input-dim=768 output-dim=768
component-node name=tdnn6.renorm component=tdnn6.renorm input=tdnn6.relu input-dim=768 output-dim=768
component-node name=tdnn7.affine component=tdnn7.affine input=Append(Offset(tdnn6.renorm, -3), Offset(tdnn6.renorm, 3)) input-dim=1536 output-dim=768
component-node name=tdnn7.relu component=tdnn7.relu input=tdnn7.affine input-dim=768 output-dim=768
component-node name=tdnn7.renorm component=tdnn7.renorm input=tdnn7.relu input-dim=768 output-dim=768
component-node name=tdnn8.affine component=tdnn8.affine input=Append(Offset(tdnn7.renorm, -3), Offset(tdnn7.renorm, 3)) input-dim=1536 output-dim=768
component-node name=tdnn8.relu component=tdnn8.relu input=tdnn8.affine input-dim=768 output-dim=768
component-node name=tdnn8.renorm component=tdnn8.renorm input=tdnn8.relu input-dim=768 output-dim=768
component-node name=tdnn9.affine component=tdnn9.affine input=Append(Offset(tdnn8.renorm, -3), Offset(tdnn8.renorm, 3)) input-dim=1536 output-dim=768
component-node name=tdnn9.relu component=tdnn9.relu input=tdnn9.affine input-dim=768 output-dim=768
component-node name=tdnn9.renorm component=tdnn9.renorm input=tdnn9.relu input-dim=768 output-dim=768
component-node name=tdnn10.affine component=tdnn10.affine input=Append(Offset(tdnn9.renorm, -3), Offset(tdnn9.renorm, 3)) input-dim=1536 output-dim=768
component-node name=tdnn10.relu component=tdnn10.relu input=tdnn10.affine input-dim=768 output-dim=768
component-node name=tdnn10.renorm component=tdnn10.renorm input=tdnn10.relu input-dim=768 output-dim=768
component-node name=tdnn11.affine component=tdnn11.affine input=Append(Offset(tdnn10.renorm, -3), Offset(tdnn10.renorm, 3)) input-dim=1536 output-dim=768
component-node name=tdnn11.relu component=tdnn11.relu input=tdnn11.affine input-dim=768 output-dim=768
component-node name=tdnn11.renorm component=tdnn11.renorm input=tdnn11.relu input-dim=768 output-dim=768
component-node name=tdnnFINAL.affine component=tdnnFINAL.affine input=Append(Offset(tdnn11.renorm, -3), Offset(tdnn11.renorm, 3)) input-dim=1536 output-dim=768
component-node name=tdnnFINAL.relu component=tdnnFINAL.relu input=tdnnFINAL.affine input-dim=768 output-dim=768
component-node name=tdnnFINAL.renorm component=tdnnFINAL.renorm input=tdnnFINAL.relu input-dim=768 output-dim=768
component-node name=prefinal-affine-task-0.affine component=prefinal-affine-task-0.affine input=tdnnFINAL.renorm input-dim=768 output-dim=768
component-node name=prefinal-affine-task-0.relu component=prefinal-affine-task-0.relu input=prefinal-affine-task-0.affine input-dim=768 output-dim=768
component-node name=prefinal-affine-task-0.renorm component=prefinal-affine-task-0.renorm input=prefinal-affine-task-0.relu input-dim=768 output-dim=768
component-node name=output-0.affine component=output-0.affine input=prefinal-affine-task-0.renorm input-dim=768 output-dim=168
component-node name=output-0.log-softmax component=output-0.log-softmax input=output-0.affine input-dim=168 output-dim=168
output-node name=output-0 input=output-0.log-softmax dim=168 objective=linear
component-node name=prefinal-affine-task-1.affine component=prefinal-affine-task-1.affine input=tdnnFINAL.renorm input-dim=768 output-dim=768
component-node name=prefinal-affine-task-1.relu component=prefinal-affine-task-1.relu input=prefinal-affine-task-1.affine input-dim=768 output-dim=768
component-node name=prefinal-affine-task-1.renorm component=prefinal-affine-task-1.renorm input=prefinal-affine-task-1.relu input-dim=768 output-dim=768
component-node name=output-1.affine component=output-1.affine input=prefinal-affine-task-1.renorm input-dim=768 output-dim=184
component-node name=output-1.log-softmax component=output-1.log-softmax input=output-1.affine input-dim=184 output-dim=184
output-node name=output-1 input=output-1.log-softmax dim=184 objective=linear
component name=tdnn1.affine type=NaturalGradientAffineComponent, input-dim=65, output-dim=768, learning-rate=0.00109293, max-change=0.75, linear-params-rms=0.1412, linear-params-row-norms=[percentiles(0,1,2,5 10,20,50,80,90 95,98,99,100)=(0.76,0.84,0.86,0.91 0.94,0.99,1.1,1.3,1.3 1.4,1.5,1.6,1.8), mean=1.13, stddev=0.158], linear-params-col-norms=[percentiles(0,1,2,5 10,20,50,80,90 95,98,99,100)=(3.4,3.4,3.5,3.6 3.7,3.8,3.9,4.1,4.2 4.2,4.3,4.4,4.5), mean=3.91, stddev=0.208], bias-{mean,stddev}=0.02924,1.032, rank-in=20, rank-out=80, num-samples-history=2000, update-period=4, alpha=4
component name=tdnn1.relu type=RectifiedLinearComponent, dim=768, self-repair-scale=1e-05, count=1.69e+05, self-repaired-proportion=0.0394531, value-avg=[percentiles(0,1,2,5 10,20,50,80,90 95,98,99,100)=(0.009,0.01,0.02,0.02 0.03,0.05,0.30,1.5,1.9 2.3,3.1,3.3,5.5), mean=0.734, stddev=0.842], deriv-avg=[percentiles(0,1,2,5 10,20,50,80,90 95,98,99,100)=(0.05,0.05,0.06,0.06 0.07,0.10,0.41,0.88,0.92 0.94,0.94,0.95,0.95), mean=0.472, stddev=0.338], oderiv-rms=[percentiles(0,1,2,5 10,20,50,80,90 95,98,99,100)=(0.001,0.002,0.002,0.002 0.002,0.002,0.002,0.003,0.003 0.004,0.004,0.004,0.005), mean=0.00238, stddev=0.000655], oderiv-count=256000
component name=tdnn1.renorm type=NormalizeComponent, input-dim=768, output-dim=768, target-rms=1, add-log-stddev=false
component name=tdnn2.affine type=NaturalGradientAffineComponent, input-dim=768, output-dim=768, learning-rate=0.00109293, max-change=0.75, linear-params-rms=0.03744, linear-params-row-norms=[percentiles(0,1,2,5 10,20,50,80,90 95,98,99,100)=(0.93,0.96,0.97,0.98 0.99,1.0,1.0,1.1,1.1 1.1,1.1,1.1,1.2), mean=1.04, stddev=0.0367], linear-params-col-norms=[percentiles(0,1,2,5 10,20,50,80,90 95,98,99,100)=(0.92,0.95,0.96,0.98 0.99,1.0,1.0,1.1,1.1 1.1,1.1,1.2,1.2), mean=1.04, stddev=0.0425], bias-{mean,stddev}=0.01178,1.051, rank-in=20, rank-out=80, num-samples-history=2000, update-period=4, alpha=4
component name=tdnn2.relu type=RectifiedLinearComponent, dim=768, self-repair-scale=1e-05, count=1.48e+05, self-repaired-proportion=0.0132688, value-avg=[percentiles(0,1,2,5 10,20,50,80,90 95,98,99,100)=(0.01,0.01,0.02,0.03 0.04,0.07,0.28,0.86,1.2 1.4,1.6,1.9,2.9), mean=0.465, stddev=0.474], deriv-avg=[percentiles(0,1,2,5 10,20,50,80,90 95,98,99,100)=(0.04,0.06,0.08,0.10 0.12,0.18,0.42,0.73,0.84 0.88,0.93,0.94,0.96), mean=0.449, stddev=0.264], oderiv-rms=[percentiles(0,1,2,5 10,20,50,80,90 95,98,99,100)=(0.002,0.002,0.002,0.002 0.002,0.002,0.003,0.003,0.004 0.004,0.004,0.005,0.005), mean=0.00281, stddev=0.000597], oderiv-count=245760
component name=tdnn2.renorm type=NormalizeComponent, input-dim=768, output-dim=768, target-rms=1, add-log-stddev=false
component name=tdnn3.affine type=NaturalGradientAffineComponent, input-dim=1536, output-dim=768, learning-rate=0.00109293, max-change=0.75, linear-params-rms=0.02689, linear-params-row-norms=[percentiles(0,1,2,5 10,20,50,80,90 95,98,99,100)=(0.97,0.99,0.99,1.0 1.0,1.0,1.1,1.1,1.1 1.1,1.1,1.1,1.2), mean=1.05, stddev=0.0346], linear-params-col-norms=[percentiles(0,1,2,5 10,20,50,80,90 95,98,99,100)=(0.65,0.68,0.69,0.70 0.70,0.71,0.74,0.77,0.79 0.81,0.83,0.83,0.87), mean=0.744, stddev=0.0345], bias-{mean,stddev}=0.01778,1.008, rank-in=20, rank-out=80, num-samples-history=2000, update-period=4, alpha=4
component name=tdnn3.relu type=RectifiedLinearComponent, dim=768, self-repair-scale=1e-05, count=8.96e+04, self-repaired-proportion=0.00241127, value-avg=[percentiles(0,1,2,5 10,20,50,80,90 95,98,99,100)=(0.01,0.02,0.03,0.04 0.07,0.13,0.39,0.96,1.3 1.5,2.0,2.1,2.8), mean=0.55, stddev=0.506], deriv-avg=[percentiles(0,1,2,5 10,20,50,80,90 95,98,99,100)=(0.05,0.08,0.09,0.11 0.15,0.23,0.43,0.68,0.79 0.84,0.90,0.92,0.96), mean=0.448, stddev=0.231], oderiv-rms=[percentiles(0,1,2,5 10,20,50,80,90 95,98,99,100)=(0.003,0.003,0.003,0.003 0.003,0.003,0.004,0.005,0.005 0.006,0.006,0.007,0.008), mean=0.00391, stddev=0.000944], oderiv-count=135680
component name=tdnn3.renorm type=NormalizeComponent, input-dim=768, output-dim=768, target-rms=1, add-log-stddev=false
component name=tdnn4.affine type=NaturalGradientAffineComponent, input-dim=1536, output-dim=768, learning-rate=0.00109293, max-change=0.75, linear-params-rms=0.02697, linear-params-row-norms=[percentiles(0,1,2,5 10,20,50,80,90 95,98,99,100)=(0.96,0.98,0.99,1.0 1.0,1.0,1.1,1.1,1.1 1.1,1.1,1.1,1.2), mean=1.06, stddev=0.0385], linear-params-col-norms=[percentiles(0,1,2,5 10,20,50,80,90 95,98,99,100)=(0.64,0.67,0.68,0.70 0.70,0.72,0.74,0.78,0.80 0.81,0.83,0.84,0.89), mean=0.747, stddev=0.0365], bias-{mean,stddev}=0.007492,1.004, rank-in=20, rank-out=80, num-samples-history=2000, update-period=4, alpha=4
component name=tdnn4.relu type=RectifiedLinearComponent, dim=768, self-repair-scale=1e-05, count=7.37e+04, self-repaired-proportion=0.00235098, value-avg=[percentiles(0,1,2,5 10,20,50,80,90 95,98,99,100)=(0.01,0.02,0.03,0.04 0.07,0.11,0.39,0.88,1.3 1.5,1.9,2.0,2.3), mean=0.53, stddev=0.486], deriv-avg=[percentiles(0,1,2,5 10,20,50,80,90 95,98,99,100)=(0.05,0.07,0.08,0.10 0.14,0.20,0.42,0.65,0.76 0.83,0.88,0.91,0.93), mean=0.434, stddev=0.228], oderiv-rms=[percentiles(0,1,2,5 10,20,50,80,90 95,98,99,100)=(0.003,0.003,0.003,0.003 0.003,0.003,0.004,0.005,0.005 0.006,0.007,0.007,0.009), mean=0.00417, stddev=0.000949], oderiv-count=92160
component name=tdnn4.renorm type=NormalizeComponent, input-dim=768, output-dim=768, target-rms=1, add-log-stddev=false
component name=tdnn5.affine type=NaturalGradientAffineComponent, input-dim=1536, output-dim=768, learning-rate=0.00109293, max-change=0.75, linear-params-rms=0.02708, linear-params-row-norms=[percentiles(0,1,2,5 10,20,50,80,90 95,98,99,100)=(0.96,0.99,0.99,1.0 1.0,1.0,1.1,1.1,1.1 1.1,1.1,1.1,1.2), mean=1.06, stddev=0.0387], linear-params-col-norms=[percentiles(0,1,2,5 10,20,50,80,90 95,98,99,100)=(0.65,0.68,0.69,0.70 0.71,0.72,0.75,0.78,0.80 0.82,0.83,0.85,0.93), mean=0.75, stddev=0.0371], bias-{mean,stddev}=0.02206,1.014, rank-in=20, rank-out=80, num-samples-history=2000, update-period=4, alpha=4
component name=tdnn5.relu type=RectifiedLinearComponent, dim=768, self-repair-scale=1e-05, count=6.55e+04, self-repaired-proportion=0.00154622, value-avg=[percentiles(0,1,2,5 10,20,50,80,90 95,98,99,100)=(0.01,0.03,0.03,0.05 0.07,0.15,0.39,0.94,1.2 1.5,1.8,2.0,2.5), mean=0.548, stddev=0.475], deriv-avg=[percentiles(0,1,2,5 10,20,50,80,90 95,98,99,100)=(0.05,0.07,0.09,0.11 0.16,0.23,0.43,0.67,0.78 0.82,0.87,0.90,0.95), mean=0.451, stddev=0.222], oderiv-rms=[percentiles(0,1,2,5 10,20,50,80,90 95,98,99,100)=(0.003,0.003,0.003,0.004 0.004,0.004,0.005,0.006,0.006 0.007,0.007,0.008,0.009), mean=0.00494, stddev=0.000977], oderiv-count=116736
component name=tdnn5.renorm type=NormalizeComponent, input-dim=768, output-dim=768, target-rms=1, add-log-stddev=false
component name=tdnn6.affine type=NaturalGradientAffineComponent, input-dim=1536, output-dim=768, learning-rate=0.00109293, max-change=0.75, linear-params-rms=0.02723, linear-params-row-norms=[percentiles(0,1,2,5 10,20,50,80,90 95,98,99,100)=(0.98,0.99,1.0,1.0 1.0,1.0,1.1,1.1,1.1 1.1,1.1,1.1,1.2), mean=1.07, stddev=0.0372], linear-params-col-norms=[percentiles(0,1,2,5 10,20,50,80,90 95,98,99,100)=(0.64,0.68,0.69,0.70 0.71,0.72,0.75,0.79,0.80 0.82,0.83,0.84,0.88), mean=0.754, stddev=0.0364], bias-{mean,stddev}=0.04582,1.007, rank-in=20, rank-out=80, num-samples-history=2000, update-period=4, alpha=4
component name=tdnn6.relu type=RectifiedLinearComponent, dim=768, self-repair-scale=1e-05, count=6.63e+04, self-repaired-proportion=0.000940394, value-avg=[percentiles(0,1,2,5 10,20,50,80,90 95,98,99,100)=(0.01,0.03,0.04,0.06 0.10,0.15,0.39,0.87,1.2 1.5,1.9,2.1,2.7), mean=0.541, stddev=0.472], deriv-avg=[percentiles(0,1,2,5 10,20,50,80,90 95,98,99,100)=(0.05,0.07,0.09,0.14 0.18,0.24,0.42,0.66,0.76 0.82,0.88,0.89,0.95), mean=0.45, stddev=0.214], oderiv-rms=[percentiles(0,1,2,5 10,20,50,80,90 95,98,99,100)=(0.004,0.004,0.004,0.004 0.004,0.005,0.005,0.006,0.007 0.007,0.008,0.008,0.01), mean=0.00552, stddev=0.000987], oderiv-count=80640
component name=tdnn6.renorm type=NormalizeComponent, input-dim=768, output-dim=768, target-rms=1, add-log-stddev=false
component name=tdnn7.affine type=NaturalGradientAffineComponent, input-dim=1536, output-dim=768, learning-rate=0.00109293, max-change=0.75, linear-params-rms=0.02737, linear-params-row-norms=[percentiles(0,1,2,5 10,20,50,80,90 95,98,99,100)=(0.97,0.99,1.0,1.0 1.0,1.0,1.1,1.1,1.1 1.1,1.2,1.2,1.2), mean=1.07, stddev=0.0394], linear-params-col-norms=[percentiles(0,1,2,5 10,20,50,80,90 95,98,99,100)=(0.62,0.68,0.69,0.70 0.71,0.72,0.76,0.79,0.80 0.82,0.83,0.85,0.93), mean=0.758, stddev=0.0367], bias-{mean,stddev}=0.01658,0.9737, rank-in=20, rank-out=80, num-samples-history=2000, update-period=4, alpha=4
component name=tdnn7.relu type=RectifiedLinearComponent, dim=768, self-repair-scale=1e-05, count=4.92e+04, self-repaired-proportion=0.00394455, value-avg=[percentiles(0,1,2,5 10,20,50,80,90 95,98,99,100)=(4e-05,0.03,0.04,0.07 0.10,0.16,0.40,0.86,1.2 1.5,1.9,2.1,4.2), mean=0.543, stddev=0.48], deriv-avg=[percentiles(0,1,2,5 10,20,50,80,90 95,98,99,100)=(0.0002,0.07,0.11,0.15 0.18,0.25,0.42,0.65,0.76 0.82,0.88,0.91,1.0), mean=0.453, stddev=0.21], oderiv-rms=[percentiles(0,1,2,5 10,20,50,80,90 95,98,99,100)=(0.004,0.005,0.005,0.005 0.005,0.006,0.006,0.008,0.008 0.009,0.009,0.009,0.01), mean=0.00657, stddev=0.00116], oderiv-count=69120
component name=tdnn7.renorm type=NormalizeComponent, input-dim=768, output-dim=768, target-rms=1, add-log-stddev=false
component name=tdnn8.affine type=NaturalGradientAffineComponent, input-dim=1536, output-dim=768, learning-rate=0.00109293, max-change=0.75, linear-params-rms=0.02747, linear-params-row-norms=[percentiles(0,1,2,5 10,20,50,80,90 95,98,99,100)=(0.96,0.99,1.0,1.0 1.0,1.0,1.1,1.1,1.1 1.1,1.2,1.2,1.2), mean=1.08, stddev=0.0438], linear-params-col-norms=[percentiles(0,1,2,5 10,20,50,80,90 95,98,99,100)=(0.67,0.69,0.70,0.70 0.71,0.73,0.76,0.79,0.81 0.82,0.84,0.85,0.88), mean=0.76, stddev=0.0372], bias-{mean,stddev}=-0.05801,1.063, rank-in=20, rank-out=80, num-samples-history=2000, update-period=4, alpha=4
component name=tdnn8.relu type=RectifiedLinearComponent, dim=768, self-repair-scale=1e-05, count=4.74e+04, self-repaired-proportion=0.0145399, value-avg=[percentiles(0,1,2,5 10,20,50,80,90 95,98,99,100)=(2e-05,0.02,0.02,0.04 0.06,0.13,0.36,0.91,1.3 1.6,2.0,2.2,3.1), mean=0.544, stddev=0.522], deriv-avg=[percentiles(0,1,2,5 10,20,50,80,90 95,98,99,100)=(0.0002,0.05,0.06,0.09 0.13,0.22,0.41,0.66,0.77 0.86,0.91,0.93,0.99), mean=0.439, stddev=0.235], oderiv-rms=[percentiles(0,1,2,5 10,20,50,80,90 95,98,99,100)=(0.004,0.005,0.005,0.005 0.005,0.006,0.007,0.008,0.009 0.009,0.01,0.01,0.01), mean=0.00685, stddev=0.00134], oderiv-count=62720
component name=tdnn8.renorm type=NormalizeComponent, input-dim=768, output-dim=768, target-rms=1, add-log-stddev=false
component name=tdnn9.affine type=NaturalGradientAffineComponent, input-dim=1536, output-dim=768, learning-rate=0.00109293, max-change=0.75, linear-params-rms=0.0276, linear-params-row-norms=[percentiles(0,1,2,5 10,20,50,80,90 95,98,99,100)=(0.96,0.98,0.99,1.0 1.0,1.0,1.1,1.1,1.1 1.2,1.2,1.2,1.2), mean=1.08, stddev=0.047], linear-params-col-norms=[percentiles(0,1,2,5 10,20,50,80,90 95,98,99,100)=(0.65,0.68,0.69,0.70 0.71,0.72,0.76,0.80,0.82 0.84,0.85,0.86,0.90), mean=0.764, stddev=0.0423], bias-{mean,stddev}=-0.05931,0.9981, rank-in=20, rank-out=80, num-samples-history=2000, update-period=4, alpha=4
component name=tdnn9.relu type=RectifiedLinearComponent, dim=768, self-repair-scale=1e-05, count=3.07e+04, self-repaired-proportion=0.0292039, value-avg=[percentiles(0,1,2,5 10,20,50,80,90 95,98,99,100)=(0,0.0004,0.005,0.04 0.07,0.13,0.39,0.86,1.2 1.5,1.8,2.0,2.7), mean=0.522, stddev=0.471], deriv-avg=[percentiles(0,1,2,5 10,20,50,80,90 95,98,99,100)=(0,0.002,0.02,0.09 0.14,0.22,0.44,0.65,0.76 0.83,0.88,0.92,0.99), mean=0.441, stddev=0.228], oderiv-rms=[percentiles(0,1,2,5 10,20,50,80,90 95,98,99,100)=(0.005,0.006,0.006,0.006 0.006,0.007,0.008,0.01,0.01 0.01,0.01,0.01,0.02), mean=0.00821, stddev=0.00161], oderiv-count=48128
component name=tdnn9.renorm type=NormalizeComponent, input-dim=768, output-dim=768, target-rms=1, add-log-stddev=false
component name=tdnn10.affine type=NaturalGradientAffineComponent, input-dim=1536, output-dim=768, learning-rate=0.00109293, max-change=0.75, linear-params-rms=0.02755, linear-params-row-norms=[percentiles(0,1,2,5 10,20,50,80,90 95,98,99,100)=(0.96,0.98,0.99,1.0 1.0,1.0,1.1,1.1,1.1 1.2,1.2,1.2,1.2), mean=1.08, stddev=0.0476], linear-params-col-norms=[percentiles(0,1,2,5 10,20,50,80,90 95,98,99,100)=(0.66,0.68,0.69,0.70 0.71,0.73,0.76,0.80,0.82 0.83,0.84,0.85,0.90), mean=0.762, stddev=0.0403], bias-{mean,stddev}=0.02922,1.027, rank-in=20, rank-out=80, num-samples-history=2000, update-period=4, alpha=4
component name=tdnn10.relu type=RectifiedLinearComponent, dim=768, self-repair-scale=1e-05, count=2.46e+04, self-repaired-proportion=0.0417722, value-avg=[percentiles(0,1,2,5 10,20,50,80,90 95,98,99,100)=(0,0.0005,0.006,0.03 0.05,0.12,0.39,0.93,1.3 1.5,1.9,2.4,2.8), mean=0.546, stddev=0.516], deriv-avg=[percentiles(0,1,2,5 10,20,50,80,90 95,98,99,100)=(0,0.003,0.02,0.07 0.11,0.22,0.45,0.67,0.78 0.86,0.91,0.93,1.0), mean=0.446, stddev=0.242], oderiv-rms=[percentiles(0,1,2,5 10,20,50,80,90 95,98,99,100)=(0.006,0.006,0.007,0.007 0.007,0.008,0.009,0.01,0.01 0.01,0.01,0.01,0.01), mean=0.00941, stddev=0.00188], oderiv-count=44544
component name=tdnn10.renorm type=NormalizeComponent, input-dim=768, output-dim=768, target-rms=1, add-log-stddev=false
component name=tdnn11.affine type=NaturalGradientAffineComponent, input-dim=1536, output-dim=768, learning-rate=0.00109293, max-change=0.75, linear-params-rms=0.02763, linear-params-row-norms=[percentiles(0,1,2,5 10,20,50,80,90 95,98,99,100)=(0.96,0.97,0.98,0.99 1.0,1.0,1.1,1.1,1.2 1.2,1.2,1.2,1.2), mean=1.08, stddev=0.0553], linear-params-col-norms=[percentiles(0,1,2,5 10,20,50,80,90 95,98,99,100)=(0.66,0.69,0.69,0.70 0.71,0.72,0.76,0.80,0.82 0.83,0.85,0.86,0.90), mean=0.765, stddev=0.0418], bias-{mean,stddev}=0.03178,1.019, rank-in=20, rank-out=80, num-samples-history=2000, update-period=4, alpha=4
component name=tdnn11.relu type=RectifiedLinearComponent, dim=768, self-repair-scale=1e-05, count=1.74e+04, self-repaired-proportion=0.09375, value-avg=[percentiles(0,1,2,5 10,20,50,80,90 95,98,99,100)=(0,3e-06,0.0001,0.005 0.02,0.08,0.39,0.95,1.3 1.7,2.0,2.5,3.7), mean=0.56, stddev=0.578], deriv-avg=[percentiles(0,1,2,5 10,20,50,80,90 95,98,99,100)=(0,0.0001,0.0007,0.02 0.07,0.17,0.43,0.69,0.81 0.89,0.94,0.97,1.0), mean=0.433, stddev=0.266], oderiv-rms=[percentiles(0,1,2,5 10,20,50,80,90 95,98,99,100)=(0.007,0.008,0.008,0.008 0.008,0.009,0.01,0.01,0.01 0.02,0.02,0.02,0.02), mean=0.0111, stddev=0.00235], oderiv-count=28672
component name=tdnn11.renorm type=NormalizeComponent, input-dim=768, output-dim=768, target-rms=1, add-log-stddev=false
component name=tdnnFINAL.affine type=NaturalGradientAffineComponent, input-dim=1536, output-dim=768, learning-rate=0.00109293, max-change=0.75, linear-params-rms=0.02791, linear-params-row-norms=[percentiles(0,1,2,5 10,20,50,80,90 95,98,99,100)=(0.96,0.97,0.98,0.99 1.0,1.0,1.1,1.2,1.2 1.2,1.2,1.2,1.2), mean=1.09, stddev=0.0641], linear-params-col-norms=[percentiles(0,1,2,5 10,20,50,80,90 95,98,99,100)=(0.63,0.67,0.68,0.70 0.71,0.72,0.77,0.82,0.84 0.86,0.88,0.88,0.92), mean=0.772, stddev=0.0521], bias-{mean,stddev}=-0.06723,0.9592, rank-in=20, rank-out=80, num-samples-history=2000, update-period=4, alpha=4
component name=tdnnFINAL.relu type=RectifiedLinearComponent, dim=768, self-repair-scale=1e-05, count=9.47e+03, self-repaired-proportion=0.119163, value-avg=[percentiles(0,1,2,5 10,20,50,80,90 95,98,99,100)=(0,0,3e-05,0.0008 0.009,0.06,0.34,0.89,1.2 1.4,1.9,2.2,2.9), mean=0.5, stddev=0.499], deriv-avg=[percentiles(0,1,2,5 10,20,50,80,90 95,98,99,100)=(0,0,0.0003,0.004 0.04,0.14,0.39,0.64,0.73 0.81,0.87,0.90,0.98), mean=0.397, stddev=0.252], oderiv-rms=[percentiles(0,1,2,5 10,20,50,80,90 95,98,99,100)=(0.01,0.01,0.01,0.01 0.01,0.01,0.02,0.02,0.02 0.02,0.02,0.02,0.03), mean=0.0159, stddev=0.00374], oderiv-count=12032
component name=tdnnFINAL.renorm type=NormalizeComponent, input-dim=768, output-dim=768, target-rms=1, add-log-stddev=false
component name=prefinal-affine-task-0.affine type=NaturalGradientAffineComponent, input-dim=768, output-dim=768, learning-rate=0.00109293, max-change=0.75, linear-params-rms=0.03817, linear-params-row-norms=[percentiles(0,1,2,5 10,20,50,80,90 95,98,99,100)=(0.92,0.95,0.96,0.97 0.99,1.0,1.1,1.1,1.1 1.1,1.2,1.2,1.2), mean=1.06, stddev=0.056], linear-params-col-norms=[percentiles(0,1,2,5 10,20,50,80,90 95,98,99,100)=(0.95,0.96,0.97,0.98 0.99,1.0,1.1,1.1,1.1 1.1,1.2,1.2,1.2), mean=1.06, stddev=0.0516], bias-{mean,stddev}=0.001027,1.006, rank-in=20, rank-out=80, num-samples-history=2000, update-period=4, alpha=4
component name=prefinal-affine-task-0.relu type=RectifiedLinearComponent, dim=768, self-repair-scale=1e-05, count=3.33e+03, self-repaired-proportion=0.161923, value-avg=[percentiles(0,1,2,5 10,20,50,80,90 95,98,99,100)=(0,0,0,0.0003 0.003,0.03,0.35,0.96,1.2 1.5,1.7,1.9,2.8), mean=0.509, stddev=0.511], deriv-avg=[percentiles(0,1,2,5 10,20,50,80,90 95,98,99,100)=(0,0,0,0.002 0.01,0.10,0.41,0.74,0.85 0.91,0.93,0.95,0.99), mean=0.426, stddev=0.296], oderiv-rms=[percentiles(0,1,2,5 10,20,50,80,90 95,98,99,100)=(3e-08,4e-07,4e-05,0.0002 0.0009,0.004,0.02,0.03,0.03 0.03,0.03,0.03,0.05), mean=0.0167, stddev=0.0105], oderiv-count=6400
component name=prefinal-affine-task-0.renorm type=NormalizeComponent, input-dim=768, output-dim=768, target-rms=1, add-log-stddev=false
component name=output-0.affine type=NaturalGradientAffineComponent, input-dim=768, output-dim=168, learning-rate=0.00109293, max-change=1.5, linear-params-rms=0.04086, linear-params-row-norms=[percentiles(0,1,2,5 10,20,50,80,90 95,98,99,100)=(0.14,0.14,0.76,0.86 0.94,0.99,1.1,1.2,1.3 1.4,1.5,1.6,1.7), mean=1.12, stddev=0.192], linear-params-col-norms=[percentiles(0,1,2,5 10,20,50,80,90 95,98,99,100)=(7e-07,6e-06,0.0008,0.004 0.02,0.10,0.53,0.71,0.78 0.82,0.88,0.92,1.1), mean=0.444, stddev=0.289], bias-{mean,stddev}=2.145e-07,0.003741, rank-in=20, rank-out=80, num-samples-history=2000, update-period=4, alpha=4
component name=output-0.log-softmax type=LogSoftmaxComponent, dim=168, oderiv-rms=[percentiles(0,1,2,5 10,20,50,80,90 95,98,99,100)=(0,0,0.01,0.02 0.03,0.04,0.05,0.06,0.08 0.10,0.13,0.16,0.25), mean=0.0535, stddev=0.0302], oderiv-count=7680
component name=prefinal-affine-task-1.affine type=NaturalGradientAffineComponent, input-dim=768, output-dim=768, learning-rate=0.00109293, max-change=0.75, linear-params-rms=0.03631, linear-params-row-norms=[percentiles(0,1,2,5 10,20,50,80,90 95,98,99,100)=(0.91,0.94,0.95,0.96 0.97,0.98,1.0,1.0,1.0 1.0,1.1,1.1,1.1), mean=1.01, stddev=0.0269], linear-params-col-norms=[percentiles(0,1,2,5 10,20,50,80,90 95,98,99,100)=(0.93,0.94,0.95,0.96 0.97,0.98,1.0,1.0,1.0 1.0,1.1,1.1,1.1), mean=1.01, stddev=0.0266], bias-{mean,stddev}=-0.06988,1.031, rank-in=20, rank-out=80, num-samples-history=2000, update-period=4, alpha=4
component name=prefinal-affine-task-1.relu type=RectifiedLinearComponent, dim=768, self-repair-scale=1e-05, count=3.58e+03, self-repaired-proportion=0.235189, value-avg=[percentiles(0,1,2,5 10,20,50,80,90 95,98,99,100)=(0,0,0,0.0003 0.003,0.02,0.29,0.81,1.1 1.4,1.7,2.0,2.5), mean=0.443, stddev=0.477], deriv-avg=[percentiles(0,1,2,5 10,20,50,80,90 95,98,99,100)=(0,0,0,0.001 0.01,0.07,0.45,0.79,0.90 0.95,0.98,0.99,1.0), mean=0.45, stddev=0.328], oderiv-rms=[percentiles(0,1,2,5 10,20,50,80,90 95,98,99,100)=(3e-09,5e-09,9e-07,4e-05 0.0002,0.0009,0.005,0.007,0.008 0.008,0.009,0.01,0.01), mean=0.00449, stddev=0.00294], oderiv-count=5888
component name=prefinal-affine-task-1.renorm type=NormalizeComponent, input-dim=768, output-dim=768, target-rms=1, add-log-stddev=false
component name=output-1.affine type=NaturalGradientAffineComponent, input-dim=768, output-dim=184, learning-rate=0.00109293, max-change=1.5, linear-params-rms=0.01914, linear-params-row-norms=[percentiles(0,1,2,5 10,20,50,80,90 95,98,99,100)=(0.07,0.07,0.07,0.07 0.07,0.07,0.07,0.83,0.90 0.93,0.97,0.99,1.0), mean=0.38, stddev=0.37], linear-params-col-norms=[percentiles(0,1,2,5 10,20,50,80,90 95,98,99,100)=(2e-07,4e-07,3e-05,0.002 0.009,0.04,0.25,0.36,0.39 0.41,0.44,0.45,0.52), mean=0.216, stddev=0.144], bias-{mean,stddev}=-5.143e-07,0.002146, rank-in=20, rank-out=80, num-samples-history=2000, update-period=4, alpha=4
component name=output-1.log-softmax type=LogSoftmaxComponent, dim=184, oderiv-rms=[percentiles(0,1,2,5 10,20,50,80,90 95,98,99,100)=(0,0,0,0 0,0,0,0.02,0.03 0.03,0.04,0.05,0.06), mean=0.00804, stddev=0.0123], oderiv-count=7424
nnet3-show-progress --use-gpu=no MTL/exp/nnet3/multitask/22.raw MTL/exp/nnet3/multitask/23.raw 
LOG (nnet3-show-progress[5.4.224~1-d4d9]:SelectGpuId():cu-device.cc:123) Manually selected to compute on CPU.
LOG (nnet3-show-progress[5.4.224~1-d4d9]:main():nnet3-show-progress.cc:143) Parameter differences per layer are [ tdnn1.affine:1.23659 tdnn2.affine:1.0798 tdnn3.affine:1.4003 tdnn4.affine:1.46053 tdnn5.affine:1.51674 tdnn6.affine:1.60616 tdnn7.affine:1.68894 tdnn8.affine:1.74735 tdnn9.affine:1.81134 tdnn10.affine:1.77718 tdnn11.affine:1.78542 tdnnFINAL.affine:1.86527 prefinal-affine-task-0.affine:1.20136 output-0.affine:1.24157 prefinal-affine-task-1.affine:0.370134 output-1.affine:0.420882 ]
LOG (nnet3-show-progress[5.4.224~1-d4d9]:main():nnet3-show-progress.cc:153) Norms of parameter matrices from <new-nnet-in> are [ tdnn1.affine:42.5964 tdnn2.affine:40.9312 tdnn3.affine:40.4226 tdnn4.affine:40.3964 tdnn5.affine:40.6958 tdnn6.affine:40.6902 tdnn7.affine:40.1532 tdnn8.affine:41.9595 tdnn9.affine:40.8169 tdnn10.affine:41.3099 tdnn11.affine:41.2183 tdnnFINAL.affine:40.3596 prefinal-affine-task-0.affine:40.4567 output-0.affine:14.6768 prefinal-affine-task-1.affine:39.9779 output-1.affine:7.19608 ]
LOG (nnet3-show-progress[5.4.224~1-d4d9]:main():nnet3-show-progress.cc:157) Relative parameter differences per layer are [ tdnn1.affine:0.0290853 tdnn2.affine:0.0263949 tdnn3.affine:0.0346722 tdnn4.affine:0.036192 tdnn5.affine:0.0373173 tdnn6.affine:0.0395284 tdnn7.affine:0.042129 tdnn8.affine:0.0417081 tdnn9.affine:0.0444534 tdnn10.affine:0.0430894 tdnn11.affine:0.043383 tdnnFINAL.affine:0.0462974 prefinal-affine-task-0.affine:0.0297203 output-0.affine:0.0857701 prefinal-affine-task-1.affine:0.00925965 output-1.affine:0.0595746 ]
# Accounting: time=1 threads=1
# Ended (code 0) at Sat Jul 28 03:10:50 UTC 2018, elapsed time 1 seconds
