# nnet3-info MTL/exp/nnet3/multitask/28.raw && nnet3-show-progress --use-gpu=no MTL/exp/nnet3/multitask/27.raw MTL/exp/nnet3/multitask/28.raw 
# Started at Fri Jul 27 01:36:51 UTC 2018
#
nnet3-info MTL/exp/nnet3/multitask/28.raw 
num-parameters: 13891160
modulus: 1
input-node name=input dim=13
component-node name=tdnn1.affine component=tdnn1.affine input=Append(Offset(input, -2), Offset(input, -1), input, Offset(input, 1), Offset(input, 2)) input-dim=65 output-dim=768
component-node name=tdnn1.relu component=tdnn1.relu input=tdnn1.affine input-dim=768 output-dim=768
component-node name=tdnn1.renorm component=tdnn1.renorm input=tdnn1.relu input-dim=768 output-dim=768
component-node name=tdnn2.affine component=tdnn2.affine input=tdnn1.renorm input-dim=768 output-dim=768
component-node name=tdnn2.relu component=tdnn2.relu input=tdnn2.affine input-dim=768 output-dim=768
component-node name=tdnn2.renorm component=tdnn2.renorm input=tdnn2.relu input-dim=768 output-dim=768
component-node name=tdnn3.affine component=tdnn3.affine input=Append(Offset(tdnn2.renorm, -1), Offset(tdnn2.renorm, 2)) input-dim=1536 output-dim=768
component-node name=tdnn3.relu component=tdnn3.relu input=tdnn3.affine input-dim=768 output-dim=768
component-node name=tdnn3.renorm component=tdnn3.renorm input=tdnn3.relu input-dim=768 output-dim=768
component-node name=tdnn4.affine component=tdnn4.affine input=Append(Offset(tdnn3.renorm, -3), Offset(tdnn3.renorm, 3)) input-dim=1536 output-dim=768
component-node name=tdnn4.relu component=tdnn4.relu input=tdnn4.affine input-dim=768 output-dim=768
component-node name=tdnn4.renorm component=tdnn4.renorm input=tdnn4.relu input-dim=768 output-dim=768
component-node name=tdnn5.affine component=tdnn5.affine input=Append(Offset(tdnn4.renorm, -3), Offset(tdnn4.renorm, 3)) input-dim=1536 output-dim=768
component-node name=tdnn5.relu component=tdnn5.relu input=tdnn5.affine input-dim=768 output-dim=768
component-node name=tdnn5.renorm component=tdnn5.renorm input=tdnn5.relu input-dim=768 output-dim=768
component-node name=tdnn6.affine component=tdnn6.affine input=Append(Offset(tdnn5.renorm, -3), Offset(tdnn5.renorm, 3)) input-dim=1536 output-dim=768
component-node name=tdnn6.relu component=tdnn6.relu input=tdnn6.affine input-dim=768 output-dim=768
component-node name=tdnn6.renorm component=tdnn6.renorm input=tdnn6.relu input-dim=768 output-dim=768
component-node name=tdnn7.affine component=tdnn7.affine input=Append(Offset(tdnn6.renorm, -3), Offset(tdnn6.renorm, 3)) input-dim=1536 output-dim=768
component-node name=tdnn7.relu component=tdnn7.relu input=tdnn7.affine input-dim=768 output-dim=768
component-node name=tdnn7.renorm component=tdnn7.renorm input=tdnn7.relu input-dim=768 output-dim=768
component-node name=tdnn8.affine component=tdnn8.affine input=Append(Offset(tdnn7.renorm, -3), Offset(tdnn7.renorm, 3)) input-dim=1536 output-dim=768
component-node name=tdnn8.relu component=tdnn8.relu input=tdnn8.affine input-dim=768 output-dim=768
component-node name=tdnn8.renorm component=tdnn8.renorm input=tdnn8.relu input-dim=768 output-dim=768
component-node name=tdnn9.affine component=tdnn9.affine input=Append(Offset(tdnn8.renorm, -3), Offset(tdnn8.renorm, 3)) input-dim=1536 output-dim=768
component-node name=tdnn9.relu component=tdnn9.relu input=tdnn9.affine input-dim=768 output-dim=768
component-node name=tdnn9.renorm component=tdnn9.renorm input=tdnn9.relu input-dim=768 output-dim=768
component-node name=tdnn10.affine component=tdnn10.affine input=Append(Offset(tdnn9.renorm, -3), Offset(tdnn9.renorm, 3)) input-dim=1536 output-dim=768
component-node name=tdnn10.relu component=tdnn10.relu input=tdnn10.affine input-dim=768 output-dim=768
component-node name=tdnn10.renorm component=tdnn10.renorm input=tdnn10.relu input-dim=768 output-dim=768
component-node name=tdnn11.affine component=tdnn11.affine input=Append(Offset(tdnn10.renorm, -3), Offset(tdnn10.renorm, 3)) input-dim=1536 output-dim=768
component-node name=tdnn11.relu component=tdnn11.relu input=tdnn11.affine input-dim=768 output-dim=768
component-node name=tdnn11.renorm component=tdnn11.renorm input=tdnn11.relu input-dim=768 output-dim=768
component-node name=tdnnFINAL.affine component=tdnnFINAL.affine input=Append(Offset(tdnn11.renorm, -3), Offset(tdnn11.renorm, 3)) input-dim=1536 output-dim=768
component-node name=tdnnFINAL.relu component=tdnnFINAL.relu input=tdnnFINAL.affine input-dim=768 output-dim=768
component-node name=tdnnFINAL.renorm component=tdnnFINAL.renorm input=tdnnFINAL.relu input-dim=768 output-dim=768
component-node name=prefinal-affine-task-0.affine component=prefinal-affine-task-0.affine input=tdnnFINAL.renorm input-dim=768 output-dim=768
component-node name=prefinal-affine-task-0.relu component=prefinal-affine-task-0.relu input=prefinal-affine-task-0.affine input-dim=768 output-dim=768
component-node name=prefinal-affine-task-0.renorm component=prefinal-affine-task-0.renorm input=prefinal-affine-task-0.relu input-dim=768 output-dim=768
component-node name=output-0.affine component=output-0.affine input=prefinal-affine-task-0.renorm input-dim=768 output-dim=152
component-node name=output-0.log-softmax component=output-0.log-softmax input=output-0.affine input-dim=152 output-dim=152
output-node name=output-0 input=output-0.log-softmax dim=152 objective=linear
component-node name=prefinal-affine-task-1.affine component=prefinal-affine-task-1.affine input=tdnnFINAL.renorm input-dim=768 output-dim=768
component-node name=prefinal-affine-task-1.relu component=prefinal-affine-task-1.relu input=prefinal-affine-task-1.affine input-dim=768 output-dim=768
component-node name=prefinal-affine-task-1.renorm component=prefinal-affine-task-1.renorm input=prefinal-affine-task-1.relu input-dim=768 output-dim=768
component-node name=output-1.affine component=output-1.affine input=prefinal-affine-task-1.renorm input-dim=768 output-dim=192
component-node name=output-1.log-softmax component=output-1.log-softmax input=output-1.affine input-dim=192 output-dim=192
output-node name=output-1 input=output-1.log-softmax dim=192 objective=linear
component name=tdnn1.affine type=NaturalGradientAffineComponent, input-dim=65, output-dim=768, learning-rate=0.00068959, max-change=0.75, linear-params-rms=0.1396, linear-params-row-norms=[percentiles(0,1,2,5 10,20,50,80,90 95,98,99,100)=(0.75,0.83,0.85,0.89 0.93,0.98,1.1,1.2,1.3 1.4,1.4,1.5,1.6), mean=1.12, stddev=0.149], linear-params-col-norms=[percentiles(0,1,2,5 10,20,50,80,90 95,98,99,100)=(3.2,3.2,3.5,3.5 3.6,3.7,3.9,4.0,4.1 4.2,4.3,4.3,4.6), mean=3.86, stddev=0.221], bias-{mean,stddev}=0.03024,1.031, rank-in=20, rank-out=80, num-samples-history=2000, update-period=4, alpha=4
component name=tdnn1.relu type=RectifiedLinearComponent, dim=768, self-repair-scale=1e-05, count=1.64e+05, self-repaired-proportion=0.0209847, value-avg=[percentiles(0,1,2,5 10,20,50,80,90 95,98,99,100)=(0.009,0.01,0.02,0.02 0.03,0.05,0.29,1.4,1.8 2.2,2.7,3.0,5.6), mean=0.675, stddev=0.796], deriv-avg=[percentiles(0,1,2,5 10,20,50,80,90 95,98,99,100)=(0.05,0.05,0.06,0.06 0.08,0.11,0.39,0.88,0.92 0.93,0.94,0.95,0.95), mean=0.461, stddev=0.333], oderiv-rms=[percentiles(0,1,2,5 10,20,50,80,90 95,98,99,100)=(0.001,0.001,0.001,0.001 0.001,0.002,0.002,0.003,0.003 0.003,0.003,0.004,0.004), mean=0.00205, stddev=0.000585], oderiv-count=266240
component name=tdnn1.renorm type=NormalizeComponent, input-dim=768, output-dim=768, target-rms=1, add-log-stddev=false
component name=tdnn2.affine type=NaturalGradientAffineComponent, input-dim=768, output-dim=768, learning-rate=0.00068959, max-change=0.75, linear-params-rms=0.03744, linear-params-row-norms=[percentiles(0,1,2,5 10,20,50,80,90 95,98,99,100)=(0.94,0.96,0.97,0.98 0.99,1.0,1.0,1.1,1.1 1.1,1.1,1.1,1.2), mean=1.04, stddev=0.0365], linear-params-col-norms=[percentiles(0,1,2,5 10,20,50,80,90 95,98,99,100)=(0.92,0.96,0.96,0.98 0.99,1.0,1.0,1.1,1.1 1.1,1.1,1.1,1.2), mean=1.04, stddev=0.0422], bias-{mean,stddev}=0.01178,1.051, rank-in=20, rank-out=80, num-samples-history=2000, update-period=4, alpha=4
component name=tdnn2.relu type=RectifiedLinearComponent, dim=768, self-repair-scale=1e-05, count=1.89e+05, self-repaired-proportion=0.0105143, value-avg=[percentiles(0,1,2,5 10,20,50,80,90 95,98,99,100)=(0.008,0.01,0.02,0.03 0.04,0.07,0.33,0.95,1.3 1.5,1.8,2.0,2.6), mean=0.507, stddev=0.509], deriv-avg=[percentiles(0,1,2,5 10,20,50,80,90 95,98,99,100)=(0.05,0.06,0.07,0.09 0.12,0.18,0.44,0.78,0.88 0.91,0.92,0.93,0.95), mean=0.472, stddev=0.282], oderiv-rms=[percentiles(0,1,2,5 10,20,50,80,90 95,98,99,100)=(0.002,0.002,0.002,0.002 0.002,0.002,0.002,0.003,0.003 0.004,0.004,0.004,0.004), mean=0.00249, stddev=0.000544], oderiv-count=302080
component name=tdnn2.renorm type=NormalizeComponent, input-dim=768, output-dim=768, target-rms=1, add-log-stddev=false
component name=tdnn3.affine type=NaturalGradientAffineComponent, input-dim=1536, output-dim=768, learning-rate=0.00068959, max-change=0.75, linear-params-rms=0.02692, linear-params-row-norms=[percentiles(0,1,2,5 10,20,50,80,90 95,98,99,100)=(0.96,0.98,0.98,1.0 1.0,1.0,1.1,1.1,1.1 1.1,1.1,1.1,1.2), mean=1.05, stddev=0.0372], linear-params-col-norms=[percentiles(0,1,2,5 10,20,50,80,90 95,98,99,100)=(0.64,0.68,0.69,0.69 0.70,0.71,0.74,0.77,0.79 0.81,0.83,0.84,0.90), mean=0.745, stddev=0.0359], bias-{mean,stddev}=0.01778,1.008, rank-in=20, rank-out=80, num-samples-history=2000, update-period=4, alpha=4
component name=tdnn3.relu type=RectifiedLinearComponent, dim=768, self-repair-scale=1e-05, count=1.18e+05, self-repaired-proportion=0.00594076, value-avg=[percentiles(0,1,2,5 10,20,50,80,90 95,98,99,100)=(0.01,0.02,0.02,0.03 0.05,0.10,0.35,0.98,1.4 1.7,2.0,2.2,2.7), mean=0.562, stddev=0.551], deriv-avg=[percentiles(0,1,2,5 10,20,50,80,90 95,98,99,100)=(0.05,0.07,0.08,0.10 0.13,0.19,0.41,0.69,0.81 0.88,0.91,0.92,0.95), mean=0.446, stddev=0.248], oderiv-rms=[percentiles(0,1,2,5 10,20,50,80,90 95,98,99,100)=(0.002,0.002,0.002,0.002 0.003,0.003,0.003,0.004,0.005 0.005,0.005,0.005,0.006), mean=0.00336, stddev=0.000791], oderiv-count=135680
component name=tdnn3.renorm type=NormalizeComponent, input-dim=768, output-dim=768, target-rms=1, add-log-stddev=false
component name=tdnn4.affine type=NaturalGradientAffineComponent, input-dim=1536, output-dim=768, learning-rate=0.00068959, max-change=0.75, linear-params-rms=0.02705, linear-params-row-norms=[percentiles(0,1,2,5 10,20,50,80,90 95,98,99,100)=(0.96,0.98,0.98,1.0 1.0,1.0,1.1,1.1,1.1 1.1,1.1,1.1,1.2), mean=1.06, stddev=0.0398], linear-params-col-norms=[percentiles(0,1,2,5 10,20,50,80,90 95,98,99,100)=(0.63,0.67,0.68,0.69 0.70,0.71,0.74,0.78,0.80 0.82,0.84,0.85,0.90), mean=0.749, stddev=0.0395], bias-{mean,stddev}=0.007432,1.004, rank-in=20, rank-out=80, num-samples-history=2000, update-period=4, alpha=4
component name=tdnn4.relu type=RectifiedLinearComponent, dim=768, self-repair-scale=1e-05, count=1.04e+05, self-repaired-proportion=0.00509673, value-avg=[percentiles(0,1,2,5 10,20,50,80,90 95,98,99,100)=(0.0005,0.02,0.03,0.03 0.06,0.11,0.31,0.88,1.3 1.6,1.9,2.1,2.6), mean=0.507, stddev=0.507], deriv-avg=[percentiles(0,1,2,5 10,20,50,80,90 95,98,99,100)=(0.003,0.07,0.08,0.10 0.13,0.20,0.38,0.64,0.76 0.84,0.89,0.91,0.96), mean=0.417, stddev=0.231], oderiv-rms=[percentiles(0,1,2,5 10,20,50,80,90 95,98,99,100)=(0.003,0.003,0.003,0.003 0.003,0.003,0.004,0.005,0.005 0.006,0.006,0.006,0.007), mean=0.00396, stddev=0.000863], oderiv-count=140544
component name=tdnn4.renorm type=NormalizeComponent, input-dim=768, output-dim=768, target-rms=1, add-log-stddev=false
component name=tdnn5.affine type=NaturalGradientAffineComponent, input-dim=1536, output-dim=768, learning-rate=0.00068959, max-change=0.75, linear-params-rms=0.02724, linear-params-row-norms=[percentiles(0,1,2,5 10,20,50,80,90 95,98,99,100)=(0.97,0.98,0.99,1.0 1.0,1.0,1.1,1.1,1.1 1.1,1.1,1.2,1.2), mean=1.07, stddev=0.0413], linear-params-col-norms=[percentiles(0,1,2,5 10,20,50,80,90 95,98,99,100)=(0.66,0.68,0.69,0.70 0.71,0.72,0.75,0.79,0.81 0.83,0.85,0.86,0.92), mean=0.754, stddev=0.0417], bias-{mean,stddev}=0.02201,1.015, rank-in=20, rank-out=80, num-samples-history=2000, update-period=4, alpha=4
component name=tdnn5.relu type=RectifiedLinearComponent, dim=768, self-repair-scale=1e-05, count=7.37e+04, self-repaired-proportion=0.00671387, value-avg=[percentiles(0,1,2,5 10,20,50,80,90 95,98,99,100)=(0.005,0.02,0.02,0.04 0.07,0.14,0.37,0.87,1.2 1.5,1.7,1.9,2.3), mean=0.523, stddev=0.46], deriv-avg=[percentiles(0,1,2,5 10,20,50,80,90 95,98,99,100)=(0.03,0.06,0.07,0.11 0.15,0.23,0.42,0.64,0.75 0.82,0.88,0.90,0.94), mean=0.437, stddev=0.218], oderiv-rms=[percentiles(0,1,2,5 10,20,50,80,90 95,98,99,100)=(0.003,0.003,0.003,0.003 0.004,0.004,0.004,0.005,0.006 0.006,0.006,0.006,0.007), mean=0.00451, stddev=0.000812], oderiv-count=116736
component name=tdnn5.renorm type=NormalizeComponent, input-dim=768, output-dim=768, target-rms=1, add-log-stddev=false
component name=tdnn6.affine type=NaturalGradientAffineComponent, input-dim=1536, output-dim=768, learning-rate=0.00068959, max-change=0.75, linear-params-rms=0.02743, linear-params-row-norms=[percentiles(0,1,2,5 10,20,50,80,90 95,98,99,100)=(0.97,0.99,0.99,1.0 1.0,1.0,1.1,1.1,1.1 1.1,1.2,1.2,1.2), mean=1.07, stddev=0.0432], linear-params-col-norms=[percentiles(0,1,2,5 10,20,50,80,90 95,98,99,100)=(0.63,0.68,0.69,0.70 0.71,0.72,0.75,0.79,0.81 0.83,0.85,0.86,0.91), mean=0.759, stddev=0.04], bias-{mean,stddev}=0.04584,1.007, rank-in=20, rank-out=80, num-samples-history=2000, update-period=4, alpha=4
component name=tdnn6.relu type=RectifiedLinearComponent, dim=768, self-repair-scale=1e-05, count=5.73e+04, self-repaired-proportion=0.0078125, value-avg=[percentiles(0,1,2,5 10,20,50,80,90 95,98,99,100)=(0.004,0.02,0.03,0.04 0.07,0.12,0.40,0.87,1.2 1.5,1.8,2.0,2.5), mean=0.531, stddev=0.465], deriv-avg=[percentiles(0,1,2,5 10,20,50,80,90 95,98,99,100)=(0.02,0.06,0.08,0.10 0.14,0.21,0.44,0.65,0.77 0.82,0.90,0.92,0.99), mean=0.442, stddev=0.227], oderiv-rms=[percentiles(0,1,2,5 10,20,50,80,90 95,98,99,100)=(0.004,0.004,0.004,0.004 0.004,0.004,0.005,0.006,0.007 0.007,0.007,0.007,0.008), mean=0.00537, stddev=0.000902], oderiv-count=98560
component name=tdnn6.renorm type=NormalizeComponent, input-dim=768, output-dim=768, target-rms=1, add-log-stddev=false
component name=tdnn7.affine type=NaturalGradientAffineComponent, input-dim=1536, output-dim=768, learning-rate=0.00068959, max-change=0.75, linear-params-rms=0.0277, linear-params-row-norms=[percentiles(0,1,2,5 10,20,50,80,90 95,98,99,100)=(0.98,0.99,0.99,1.0 1.0,1.0,1.1,1.1,1.1 1.2,1.2,1.2,1.2), mean=1.08, stddev=0.0475], linear-params-col-norms=[percentiles(0,1,2,5 10,20,50,80,90 95,98,99,100)=(0.63,0.68,0.69,0.70 0.71,0.72,0.76,0.81,0.82 0.84,0.86,0.86,0.92), mean=0.766, stddev=0.0441], bias-{mean,stddev}=0.01652,0.9738, rank-in=20, rank-out=80, num-samples-history=2000, update-period=4, alpha=4
component name=tdnn7.relu type=RectifiedLinearComponent, dim=768, self-repair-scale=1e-05, count=5.53e+04, self-repaired-proportion=0.00876736, value-avg=[percentiles(0,1,2,5 10,20,50,80,90 95,98,99,100)=(0,0.02,0.03,0.05 0.07,0.13,0.36,0.82,1.1 1.4,1.8,2.0,3.8), mean=0.507, stddev=0.46], deriv-avg=[percentiles(0,1,2,5 10,20,50,80,90 95,98,99,100)=(0,0.06,0.07,0.12 0.16,0.23,0.41,0.63,0.72 0.83,0.90,0.93,0.97), mean=0.432, stddev=0.217], oderiv-rms=[percentiles(0,1,2,5 10,20,50,80,90 95,98,99,100)=(0.004,0.004,0.005,0.005 0.005,0.005,0.006,0.007,0.007 0.008,0.008,0.008,0.009), mean=0.00612, stddev=0.000986], oderiv-count=93696
component name=tdnn7.renorm type=NormalizeComponent, input-dim=768, output-dim=768, target-rms=1, add-log-stddev=false
component name=tdnn8.affine type=NaturalGradientAffineComponent, input-dim=1536, output-dim=768, learning-rate=0.00068959, max-change=0.75, linear-params-rms=0.02786, linear-params-row-norms=[percentiles(0,1,2,5 10,20,50,80,90 95,98,99,100)=(0.97,0.98,0.99,1.0 1.0,1.0,1.1,1.1,1.2 1.2,1.2,1.2,1.2), mean=1.09, stddev=0.0519], linear-params-col-norms=[percentiles(0,1,2,5 10,20,50,80,90 95,98,99,100)=(0.67,0.69,0.69,0.70 0.71,0.73,0.77,0.81,0.83 0.84,0.86,0.87,0.92), mean=0.771, stddev=0.045], bias-{mean,stddev}=-0.05806,1.063, rank-in=20, rank-out=80, num-samples-history=2000, update-period=4, alpha=4
component name=tdnn8.relu type=RectifiedLinearComponent, dim=768, self-repair-scale=1e-05, count=5.12e+04, self-repaired-proportion=0.0318131, value-avg=[percentiles(0,1,2,5 10,20,50,80,90 95,98,99,100)=(0,0.0007,0.006,0.03 0.05,0.11,0.38,0.85,1.2 1.4,1.7,2.0,2.8), mean=0.51, stddev=0.463], deriv-avg=[percentiles(0,1,2,5 10,20,50,80,90 95,98,99,100)=(0,0.004,0.02,0.07 0.11,0.20,0.42,0.65,0.77 0.82,0.90,0.91,0.97), mean=0.428, stddev=0.236], oderiv-rms=[percentiles(0,1,2,5 10,20,50,80,90 95,98,99,100)=(0.005,0.005,0.005,0.005 0.005,0.006,0.007,0.008,0.008 0.009,0.009,0.009,0.01), mean=0.00677, stddev=0.00113], oderiv-count=70400
component name=tdnn8.renorm type=NormalizeComponent, input-dim=768, output-dim=768, target-rms=1, add-log-stddev=false
component name=tdnn9.affine type=NaturalGradientAffineComponent, input-dim=1536, output-dim=768, learning-rate=0.00068959, max-change=0.75, linear-params-rms=0.02799, linear-params-row-norms=[percentiles(0,1,2,5 10,20,50,80,90 95,98,99,100)=(0.96,0.98,0.99,1.0 1.0,1.0,1.1,1.2,1.2 1.2,1.2,1.2,1.2), mean=1.1, stddev=0.0557], linear-params-col-norms=[percentiles(0,1,2,5 10,20,50,80,90 95,98,99,100)=(0.65,0.68,0.69,0.70 0.71,0.73,0.77,0.82,0.84 0.85,0.87,0.87,0.90), mean=0.774, stddev=0.0485], bias-{mean,stddev}=-0.05937,0.9981, rank-in=20, rank-out=80, num-samples-history=2000, update-period=4, alpha=4
component name=tdnn9.relu type=RectifiedLinearComponent, dim=768, self-repair-scale=1e-05, count=3.69e+04, self-repaired-proportion=0.0479372, value-avg=[percentiles(0,1,2,5 10,20,50,80,90 95,98,99,100)=(0,0.0003,0.002,0.02 0.05,0.11,0.37,0.83,1.1 1.4,1.7,1.9,2.4), mean=0.497, stddev=0.446], deriv-avg=[percentiles(0,1,2,5 10,20,50,80,90 95,98,99,100)=(0,0.002,0.01,0.06 0.12,0.20,0.42,0.65,0.75 0.84,0.89,0.93,0.98), mean=0.425, stddev=0.235], oderiv-rms=[percentiles(0,1,2,5 10,20,50,80,90 95,98,99,100)=(0.005,0.005,0.006,0.006 0.006,0.006,0.008,0.009,0.01 0.01,0.01,0.01,0.01), mean=0.00784, stddev=0.00135], oderiv-count=65536
component name=tdnn9.renorm type=NormalizeComponent, input-dim=768, output-dim=768, target-rms=1, add-log-stddev=false
component name=tdnn10.affine type=NaturalGradientAffineComponent, input-dim=1536, output-dim=768, learning-rate=0.00068959, max-change=0.75, linear-params-rms=0.02795, linear-params-row-norms=[percentiles(0,1,2,5 10,20,50,80,90 95,98,99,100)=(0.97,0.98,0.99,1.0 1.0,1.0,1.1,1.1,1.2 1.2,1.2,1.2,1.2), mean=1.09, stddev=0.0553], linear-params-col-norms=[percentiles(0,1,2,5 10,20,50,80,90 95,98,99,100)=(0.63,0.68,0.69,0.70 0.71,0.73,0.77,0.82,0.83 0.85,0.86,0.87,0.91), mean=0.773, stddev=0.0468], bias-{mean,stddev}=0.02919,1.027, rank-in=20, rank-out=80, num-samples-history=2000, update-period=4, alpha=4
component name=tdnn10.relu type=RectifiedLinearComponent, dim=768, self-repair-scale=1e-05, count=2.69e+04, self-repaired-proportion=0.0648643, value-avg=[percentiles(0,1,2,5 10,20,50,80,90 95,98,99,100)=(0,1e-05,0.001,0.01 0.04,0.10,0.37,0.89,1.2 1.5,1.8,2.1,2.5), mean=0.517, stddev=0.478], deriv-avg=[percentiles(0,1,2,5 10,20,50,80,90 95,98,99,100)=(0,0.0001,0.006,0.05 0.10,0.20,0.42,0.68,0.79 0.85,0.92,0.95,0.98), mean=0.434, stddev=0.25], oderiv-rms=[percentiles(0,1,2,5 10,20,50,80,90 95,98,99,100)=(0.006,0.006,0.006,0.006 0.007,0.007,0.009,0.01,0.01 0.01,0.01,0.01,0.01), mean=0.00891, stddev=0.00162], oderiv-count=44544
component name=tdnn10.renorm type=NormalizeComponent, input-dim=768, output-dim=768, target-rms=1, add-log-stddev=false
component name=tdnn11.affine type=NaturalGradientAffineComponent, input-dim=1536, output-dim=768, learning-rate=0.00068959, max-change=0.75, linear-params-rms=0.02791, linear-params-row-norms=[percentiles(0,1,2,5 10,20,50,80,90 95,98,99,100)=(0.96,0.97,0.98,0.99 1.0,1.0,1.1,1.1,1.2 1.2,1.2,1.2,1.2), mean=1.09, stddev=0.0589], linear-params-col-norms=[percentiles(0,1,2,5 10,20,50,80,90 95,98,99,100)=(0.65,0.69,0.69,0.70 0.71,0.73,0.77,0.81,0.83 0.85,0.86,0.88,0.92), mean=0.772, stddev=0.0465], bias-{mean,stddev}=0.03175,1.019, rank-in=20, rank-out=80, num-samples-history=2000, update-period=4, alpha=4
component name=tdnn11.relu type=RectifiedLinearComponent, dim=768, self-repair-scale=1e-05, count=2e+04, self-repaired-proportion=0.116821, value-avg=[percentiles(0,1,2,5 10,20,50,80,90 95,98,99,100)=(0,3e-05,0.0002,0.003 0.02,0.08,0.35,0.89,1.2 1.6,2.0,2.2,2.6), mean=0.518, stddev=0.518], deriv-avg=[percentiles(0,1,2,5 10,20,50,80,90 95,98,99,100)=(0,0.0003,0.001,0.01 0.06,0.17,0.41,0.67,0.80 0.89,0.94,0.97,1.0), mean=0.424, stddev=0.266], oderiv-rms=[percentiles(0,1,2,5 10,20,50,80,90 95,98,99,100)=(0.007,0.007,0.007,0.008 0.008,0.008,0.01,0.01,0.01 0.01,0.01,0.01,0.02), mean=0.0103, stddev=0.00189], oderiv-count=28672
component name=tdnn11.renorm type=NormalizeComponent, input-dim=768, output-dim=768, target-rms=1, add-log-stddev=false
component name=tdnnFINAL.affine type=NaturalGradientAffineComponent, input-dim=1536, output-dim=768, learning-rate=0.00068959, max-change=0.75, linear-params-rms=0.02801, linear-params-row-norms=[percentiles(0,1,2,5 10,20,50,80,90 95,98,99,100)=(0.96,0.97,0.98,0.99 1.0,1.0,1.1,1.2,1.2 1.2,1.2,1.2,1.2), mean=1.1, stddev=0.0645], linear-params-col-norms=[percentiles(0,1,2,5 10,20,50,80,90 95,98,99,100)=(0.65,0.67,0.69,0.70 0.71,0.72,0.77,0.82,0.85 0.86,0.88,0.90,0.93), mean=0.774, stddev=0.0531], bias-{mean,stddev}=-0.06727,0.9592, rank-in=20, rank-out=80, num-samples-history=2000, update-period=4, alpha=4
component name=tdnnFINAL.relu type=RectifiedLinearComponent, dim=768, self-repair-scale=1e-05, count=9.73e+03, self-repaired-proportion=0.121987, value-avg=[percentiles(0,1,2,5 10,20,50,80,90 95,98,99,100)=(0,8e-06,0.0001,0.001 0.008,0.06,0.35,0.75,1.1 1.3,1.6,1.8,2.3), mean=0.447, stddev=0.425], deriv-avg=[percentiles(0,1,2,5 10,20,50,80,90 95,98,99,100)=(0,0.0002,0.0006,0.006 0.03,0.14,0.38,0.61,0.72 0.79,0.87,0.91,0.99), mean=0.386, stddev=0.244], oderiv-rms=[percentiles(0,1,2,5 10,20,50,80,90 95,98,99,100)=(0.01,0.01,0.01,0.01 0.01,0.01,0.02,0.02,0.02 0.02,0.02,0.02,0.03), mean=0.0156, stddev=0.00322], oderiv-count=15360
component name=tdnnFINAL.renorm type=NormalizeComponent, input-dim=768, output-dim=768, target-rms=1, add-log-stddev=false
component name=prefinal-affine-task-0.affine type=NaturalGradientAffineComponent, input-dim=768, output-dim=768, learning-rate=0.00068959, max-change=0.75, linear-params-rms=0.03796, linear-params-row-norms=[percentiles(0,1,2,5 10,20,50,80,90 95,98,99,100)=(0.92,0.95,0.96,0.97 0.99,1.0,1.0,1.1,1.1 1.1,1.2,1.2,1.2), mean=1.05, stddev=0.0513], linear-params-col-norms=[percentiles(0,1,2,5 10,20,50,80,90 95,98,99,100)=(0.94,0.96,0.97,0.98 0.99,1.0,1.1,1.1,1.1 1.1,1.1,1.2,1.2), mean=1.05, stddev=0.0471], bias-{mean,stddev}=0.0008789,1.006, rank-in=20, rank-out=80, num-samples-history=2000, update-period=4, alpha=4
component name=prefinal-affine-task-0.relu type=RectifiedLinearComponent, dim=768, self-repair-scale=1e-05, count=5.63e+03, self-repaired-proportion=0.142057, value-avg=[percentiles(0,1,2,5 10,20,50,80,90 95,98,99,100)=(0,0,1e-05,0.0005 0.005,0.04,0.30,0.75,0.96 1.1,1.3,1.4,1.7), mean=0.409, stddev=0.38], deriv-avg=[percentiles(0,1,2,5 10,20,50,80,90 95,98,99,100)=(0,0,0.0002,0.003 0.02,0.10,0.39,0.66,0.75 0.81,0.85,0.87,0.90), mean=0.394, stddev=0.263], oderiv-rms=[percentiles(0,1,2,5 10,20,50,80,90 95,98,99,100)=(2e-08,2e-05,6e-05,0.0003 0.001,0.004,0.02,0.02,0.03 0.03,0.03,0.03,0.03), mean=0.0153, stddev=0.00915], oderiv-count=7168
component name=prefinal-affine-task-0.renorm type=NormalizeComponent, input-dim=768, output-dim=768, target-rms=1, add-log-stddev=false
component name=output-0.affine type=NaturalGradientAffineComponent, input-dim=768, output-dim=152, learning-rate=0.00068959, max-change=1.5, linear-params-rms=0.04206, linear-params-row-norms=[percentiles(0,1,2,5 10,20,50,80,90 95,98,99,100)=(0.13,0.39,0.81,0.87 0.94,1.0,1.2,1.3,1.3 1.4,1.4,1.5,1.6), mean=1.15, stddev=0.185], linear-params-col-norms=[percentiles(0,1,2,5 10,20,50,80,90 95,98,99,100)=(6e-07,0.0004,0.002,0.007 0.03,0.10,0.51,0.70,0.74 0.80,0.84,0.86,0.97), mean=0.438, stddev=0.278], bias-{mean,stddev}=-4.813e-08,0.003247, rank-in=20, rank-out=76, num-samples-history=2000, update-period=4, alpha=4
component name=output-0.log-softmax type=LogSoftmaxComponent, dim=152, oderiv-rms=[percentiles(0,1,2,5 10,20,50,80,90 95,98,99,100)=(0,0.01,0.02,0.02 0.03,0.04,0.05,0.07,0.08 0.10,0.14,0.19,0.24), mean=0.0571, stddev=0.0308], oderiv-count=6656
component name=prefinal-affine-task-1.affine type=NaturalGradientAffineComponent, input-dim=768, output-dim=768, learning-rate=0.00068959, max-change=0.75, linear-params-rms=0.03614, linear-params-row-norms=[percentiles(0,1,2,5 10,20,50,80,90 95,98,99,100)=(0.91,0.94,0.95,0.96 0.97,0.98,1.0,1.0,1.0 1.0,1.1,1.1,1.1), mean=1, stddev=0.0262], linear-params-col-norms=[percentiles(0,1,2,5 10,20,50,80,90 95,98,99,100)=(0.93,0.94,0.95,0.96 0.97,0.98,1.0,1.0,1.0 1.0,1.1,1.1,1.1), mean=1, stddev=0.0258], bias-{mean,stddev}=-0.07,1.031, rank-in=20, rank-out=80, num-samples-history=2000, update-period=4, alpha=4
component name=prefinal-affine-task-1.relu type=RectifiedLinearComponent, dim=768, self-repair-scale=1e-05, count=5.63e+03, self-repaired-proportion=0.176913, value-avg=[percentiles(0,1,2,5 10,20,50,80,90 95,98,99,100)=(0,0,6e-05,0.0005 0.004,0.02,0.28,0.70,0.93 1.1,1.3,1.4,2.0), mean=0.383, stddev=0.375], deriv-avg=[percentiles(0,1,2,5 10,20,50,80,90 95,98,99,100)=(0,0,0.0004,0.003 0.01,0.07,0.45,0.75,0.85 0.89,0.93,0.95,0.98), mean=0.433, stddev=0.307], oderiv-rms=[percentiles(0,1,2,5 10,20,50,80,90 95,98,99,100)=(5e-09,2e-06,1e-05,6e-05 0.0002,0.001,0.005,0.007,0.008 0.009,0.009,0.01,0.01), mean=0.00464, stddev=0.003], oderiv-count=7936
component name=prefinal-affine-task-1.renorm type=NormalizeComponent, input-dim=768, output-dim=768, target-rms=1, add-log-stddev=false
component name=output-1.affine type=NaturalGradientAffineComponent, input-dim=768, output-dim=192, learning-rate=0.00068959, max-change=1.5, linear-params-rms=0.02051, linear-params-row-norms=[percentiles(0,1,2,5 10,20,50,80,90 95,98,99,100)=(0.07,0.07,0.07,0.07 0.07,0.07,0.07,0.86,0.92 0.96,1.0,1.0,1.0), mean=0.417, stddev=0.386], linear-params-col-norms=[percentiles(0,1,2,5 10,20,50,80,90 95,98,99,100)=(3e-07,8e-05,0.0005,0.003 0.01,0.05,0.28,0.39,0.42 0.45,0.47,0.49,0.52), mean=0.238, stddev=0.156], bias-{mean,stddev}=2.246e-08,0.002026, rank-in=20, rank-out=80, num-samples-history=2000, update-period=4, alpha=4
component name=output-1.log-softmax type=LogSoftmaxComponent, dim=192, oderiv-rms=[percentiles(0,1,2,5 10,20,50,80,90 95,98,99,100)=(0,0,0,0 0,0,0,0.02,0.02 0.03,0.05,0.05,0.07), mean=0.00808, stddev=0.012], oderiv-count=6912
nnet3-show-progress --use-gpu=no MTL/exp/nnet3/multitask/27.raw MTL/exp/nnet3/multitask/28.raw 
LOG (nnet3-show-progress[5.4.217~1-8ae5]:SelectGpuId():cu-device.cc:123) Manually selected to compute on CPU.
LOG (nnet3-show-progress[5.4.217~1-8ae5]:main():nnet3-show-progress.cc:143) Parameter differences per layer are [ tdnn1.affine:0.826266 tdnn2.affine:0.612605 tdnn3.affine:0.837045 tdnn4.affine:0.907358 tdnn5.affine:0.962059 tdnn6.affine:1.01742 tdnn7.affine:1.08862 tdnn8.affine:1.14365 tdnn9.affine:1.17568 tdnn10.affine:1.1595 tdnn11.affine:1.13453 tdnnFINAL.affine:1.15383 prefinal-affine-task-0.affine:0.721516 output-0.affine:0.668289 prefinal-affine-task-1.affine:0.249484 output-1.affine:0.26503 ]
LOG (nnet3-show-progress[5.4.217~1-8ae5]:main():nnet3-show-progress.cc:153) Norms of parameter matrices from <new-nnet-in> are [ tdnn1.affine:42.3104 tdnn2.affine:40.9349 tdnn3.affine:40.4461 tdnn4.affine:40.4611 tdnn5.affine:40.819 tdnn6.affine:40.8478 tdnn7.affine:40.4169 tdnn8.affine:42.2585 tdnn9.affine:41.1318 tdnn10.affine:41.6262 tdnn11.affine:41.4386 tdnnFINAL.affine:40.4386 prefinal-affine-task-0.affine:40.3422 output-0.affine:14.3701 prefinal-affine-task-1.affine:39.8873 output-1.affine:7.87537 ]
LOG (nnet3-show-progress[5.4.217~1-8ae5]:main():nnet3-show-progress.cc:157) Relative parameter differences per layer are [ tdnn1.affine:0.0195372 tdnn2.affine:0.0149684 tdnn3.affine:0.0207031 tdnn4.affine:0.0224352 tdnn5.affine:0.0235804 tdnn6.affine:0.0249212 tdnn7.affine:0.0269515 tdnn8.affine:0.0270809 tdnn9.affine:0.0286044 tdnn10.affine:0.0278747 tdnn11.affine:0.0273965 tdnnFINAL.affine:0.0285516 prefinal-affine-task-0.affine:0.0178897 output-0.affine:0.0468241 prefinal-affine-task-1.affine:0.0062548 output-1.affine:0.0340404 ]
# Accounting: time=3 threads=1
# Ended (code 0) at Fri Jul 27 01:36:54 UTC 2018, elapsed time 3 seconds
