# nnet3-info MTL/exp/nnet3/multitask/44.raw && nnet3-show-progress --use-gpu=no MTL/exp/nnet3/multitask/43.raw MTL/exp/nnet3/multitask/44.raw 
# Started at Fri Jul 27 02:06:11 UTC 2018
#
nnet3-info MTL/exp/nnet3/multitask/44.raw 
num-parameters: 13891160
modulus: 1
input-node name=input dim=13
component-node name=tdnn1.affine component=tdnn1.affine input=Append(Offset(input, -2), Offset(input, -1), input, Offset(input, 1), Offset(input, 2)) input-dim=65 output-dim=768
component-node name=tdnn1.relu component=tdnn1.relu input=tdnn1.affine input-dim=768 output-dim=768
component-node name=tdnn1.renorm component=tdnn1.renorm input=tdnn1.relu input-dim=768 output-dim=768
component-node name=tdnn2.affine component=tdnn2.affine input=tdnn1.renorm input-dim=768 output-dim=768
component-node name=tdnn2.relu component=tdnn2.relu input=tdnn2.affine input-dim=768 output-dim=768
component-node name=tdnn2.renorm component=tdnn2.renorm input=tdnn2.relu input-dim=768 output-dim=768
component-node name=tdnn3.affine component=tdnn3.affine input=Append(Offset(tdnn2.renorm, -1), Offset(tdnn2.renorm, 2)) input-dim=1536 output-dim=768
component-node name=tdnn3.relu component=tdnn3.relu input=tdnn3.affine input-dim=768 output-dim=768
component-node name=tdnn3.renorm component=tdnn3.renorm input=tdnn3.relu input-dim=768 output-dim=768
component-node name=tdnn4.affine component=tdnn4.affine input=Append(Offset(tdnn3.renorm, -3), Offset(tdnn3.renorm, 3)) input-dim=1536 output-dim=768
component-node name=tdnn4.relu component=tdnn4.relu input=tdnn4.affine input-dim=768 output-dim=768
component-node name=tdnn4.renorm component=tdnn4.renorm input=tdnn4.relu input-dim=768 output-dim=768
component-node name=tdnn5.affine component=tdnn5.affine input=Append(Offset(tdnn4.renorm, -3), Offset(tdnn4.renorm, 3)) input-dim=1536 output-dim=768
component-node name=tdnn5.relu component=tdnn5.relu input=tdnn5.affine input-dim=768 output-dim=768
component-node name=tdnn5.renorm component=tdnn5.renorm input=tdnn5.relu input-dim=768 output-dim=768
component-node name=tdnn6.affine component=tdnn6.affine input=Append(Offset(tdnn5.renorm, -3), Offset(tdnn5.renorm, 3)) input-dim=1536 output-dim=768
component-node name=tdnn6.relu component=tdnn6.relu input=tdnn6.affine input-dim=768 output-dim=768
component-node name=tdnn6.renorm component=tdnn6.renorm input=tdnn6.relu input-dim=768 output-dim=768
component-node name=tdnn7.affine component=tdnn7.affine input=Append(Offset(tdnn6.renorm, -3), Offset(tdnn6.renorm, 3)) input-dim=1536 output-dim=768
component-node name=tdnn7.relu component=tdnn7.relu input=tdnn7.affine input-dim=768 output-dim=768
component-node name=tdnn7.renorm component=tdnn7.renorm input=tdnn7.relu input-dim=768 output-dim=768
component-node name=tdnn8.affine component=tdnn8.affine input=Append(Offset(tdnn7.renorm, -3), Offset(tdnn7.renorm, 3)) input-dim=1536 output-dim=768
component-node name=tdnn8.relu component=tdnn8.relu input=tdnn8.affine input-dim=768 output-dim=768
component-node name=tdnn8.renorm component=tdnn8.renorm input=tdnn8.relu input-dim=768 output-dim=768
component-node name=tdnn9.affine component=tdnn9.affine input=Append(Offset(tdnn8.renorm, -3), Offset(tdnn8.renorm, 3)) input-dim=1536 output-dim=768
component-node name=tdnn9.relu component=tdnn9.relu input=tdnn9.affine input-dim=768 output-dim=768
component-node name=tdnn9.renorm component=tdnn9.renorm input=tdnn9.relu input-dim=768 output-dim=768
component-node name=tdnn10.affine component=tdnn10.affine input=Append(Offset(tdnn9.renorm, -3), Offset(tdnn9.renorm, 3)) input-dim=1536 output-dim=768
component-node name=tdnn10.relu component=tdnn10.relu input=tdnn10.affine input-dim=768 output-dim=768
component-node name=tdnn10.renorm component=tdnn10.renorm input=tdnn10.relu input-dim=768 output-dim=768
component-node name=tdnn11.affine component=tdnn11.affine input=Append(Offset(tdnn10.renorm, -3), Offset(tdnn10.renorm, 3)) input-dim=1536 output-dim=768
component-node name=tdnn11.relu component=tdnn11.relu input=tdnn11.affine input-dim=768 output-dim=768
component-node name=tdnn11.renorm component=tdnn11.renorm input=tdnn11.relu input-dim=768 output-dim=768
component-node name=tdnnFINAL.affine component=tdnnFINAL.affine input=Append(Offset(tdnn11.renorm, -3), Offset(tdnn11.renorm, 3)) input-dim=1536 output-dim=768
component-node name=tdnnFINAL.relu component=tdnnFINAL.relu input=tdnnFINAL.affine input-dim=768 output-dim=768
component-node name=tdnnFINAL.renorm component=tdnnFINAL.renorm input=tdnnFINAL.relu input-dim=768 output-dim=768
component-node name=prefinal-affine-task-0.affine component=prefinal-affine-task-0.affine input=tdnnFINAL.renorm input-dim=768 output-dim=768
component-node name=prefinal-affine-task-0.relu component=prefinal-affine-task-0.relu input=prefinal-affine-task-0.affine input-dim=768 output-dim=768
component-node name=prefinal-affine-task-0.renorm component=prefinal-affine-task-0.renorm input=prefinal-affine-task-0.relu input-dim=768 output-dim=768
component-node name=output-0.affine component=output-0.affine input=prefinal-affine-task-0.renorm input-dim=768 output-dim=152
component-node name=output-0.log-softmax component=output-0.log-softmax input=output-0.affine input-dim=152 output-dim=152
output-node name=output-0 input=output-0.log-softmax dim=152 objective=linear
component-node name=prefinal-affine-task-1.affine component=prefinal-affine-task-1.affine input=tdnnFINAL.renorm input-dim=768 output-dim=768
component-node name=prefinal-affine-task-1.relu component=prefinal-affine-task-1.relu input=prefinal-affine-task-1.affine input-dim=768 output-dim=768
component-node name=prefinal-affine-task-1.renorm component=prefinal-affine-task-1.renorm input=prefinal-affine-task-1.relu input-dim=768 output-dim=768
component-node name=output-1.affine component=output-1.affine input=prefinal-affine-task-1.renorm input-dim=768 output-dim=192
component-node name=output-1.log-softmax component=output-1.log-softmax input=output-1.affine input-dim=192 output-dim=192
output-node name=output-1 input=output-1.log-softmax dim=192 objective=linear
component name=tdnn1.affine type=NaturalGradientAffineComponent, input-dim=65, output-dim=768, learning-rate=0.000435102, max-change=0.75, linear-params-rms=0.1409, linear-params-row-norms=[percentiles(0,1,2,5 10,20,50,80,90 95,98,99,100)=(0.76,0.82,0.85,0.89 0.94,0.99,1.1,1.2,1.3 1.4,1.5,1.5,1.6), mean=1.13, stddev=0.155], linear-params-col-norms=[percentiles(0,1,2,5 10,20,50,80,90 95,98,99,100)=(3.3,3.3,3.5,3.6 3.6,3.7,3.9,4.1,4.1 4.2,4.3,4.3,4.6), mean=3.9, stddev=0.223], bias-{mean,stddev}=0.03016,1.031, rank-in=20, rank-out=80, num-samples-history=2000, update-period=4, alpha=4
component name=tdnn1.relu type=RectifiedLinearComponent, dim=768, self-repair-scale=1e-05, count=1.84e+05, self-repaired-proportion=0.00557559, value-avg=[percentiles(0,1,2,5 10,20,50,80,90 95,98,99,100)=(0.01,0.02,0.02,0.03 0.04,0.06,0.29,1.3,1.7 2.1,2.6,2.8,5.2), mean=0.655, stddev=0.764], deriv-avg=[percentiles(0,1,2,5 10,20,50,80,90 95,98,99,100)=(0.05,0.06,0.07,0.07 0.09,0.12,0.39,0.87,0.91 0.93,0.94,0.94,0.95), mean=0.464, stddev=0.324], oderiv-rms=[percentiles(0,1,2,5 10,20,50,80,90 95,98,99,100)=(0.0008,0.0008,0.0008,0.0008 0.0009,0.0009,0.001,0.002,0.002 0.002,0.002,0.002,0.003), mean=0.00124, stddev=0.000358], oderiv-count=281600
component name=tdnn1.renorm type=NormalizeComponent, input-dim=768, output-dim=768, target-rms=1, add-log-stddev=false
component name=tdnn2.affine type=NaturalGradientAffineComponent, input-dim=768, output-dim=768, learning-rate=0.000435102, max-change=0.75, linear-params-rms=0.0376, linear-params-row-norms=[percentiles(0,1,2,5 10,20,50,80,90 95,98,99,100)=(0.95,0.96,0.97,0.98 1.0,1.0,1.0,1.1,1.1 1.1,1.1,1.1,1.2), mean=1.04, stddev=0.0382], linear-params-col-norms=[percentiles(0,1,2,5 10,20,50,80,90 95,98,99,100)=(0.92,0.96,0.96,0.98 0.99,1.0,1.0,1.1,1.1 1.1,1.1,1.2,1.2), mean=1.04, stddev=0.045], bias-{mean,stddev}=0.01178,1.051, rank-in=20, rank-out=80, num-samples-history=2000, update-period=4, alpha=4
component name=tdnn2.relu type=RectifiedLinearComponent, dim=768, self-repair-scale=1e-05, count=1.84e+05, self-repaired-proportion=0.00172211, value-avg=[percentiles(0,1,2,5 10,20,50,80,90 95,98,99,100)=(0.009,0.02,0.02,0.03 0.04,0.08,0.34,0.98,1.3 1.5,1.8,2.0,2.6), mean=0.523, stddev=0.514], deriv-avg=[percentiles(0,1,2,5 10,20,50,80,90 95,98,99,100)=(0.05,0.07,0.08,0.10 0.13,0.19,0.46,0.78,0.87 0.90,0.92,0.93,0.95), mean=0.475, stddev=0.273], oderiv-rms=[percentiles(0,1,2,5 10,20,50,80,90 95,98,99,100)=(0.001,0.001,0.001,0.001 0.001,0.001,0.001,0.002,0.002 0.002,0.002,0.002,0.003), mean=0.00145, stddev=0.00032], oderiv-count=307200
component name=tdnn2.renorm type=NormalizeComponent, input-dim=768, output-dim=768, target-rms=1, add-log-stddev=false
component name=tdnn3.affine type=NaturalGradientAffineComponent, input-dim=1536, output-dim=768, learning-rate=0.000435102, max-change=0.75, linear-params-rms=0.02709, linear-params-row-norms=[percentiles(0,1,2,5 10,20,50,80,90 95,98,99,100)=(0.96,0.98,0.99,1.0 1.0,1.0,1.1,1.1,1.1 1.1,1.1,1.1,1.2), mean=1.06, stddev=0.0401], linear-params-col-norms=[percentiles(0,1,2,5 10,20,50,80,90 95,98,99,100)=(0.65,0.68,0.69,0.70 0.70,0.72,0.75,0.78,0.80 0.82,0.84,0.85,0.91), mean=0.75, stddev=0.0388], bias-{mean,stddev}=0.01778,1.008, rank-in=20, rank-out=80, num-samples-history=2000, update-period=4, alpha=4
component name=tdnn3.relu type=RectifiedLinearComponent, dim=768, self-repair-scale=1e-05, count=8.7e+04, self-repaired-proportion=9.76563e-05, value-avg=[percentiles(0,1,2,5 10,20,50,80,90 95,98,99,100)=(0.02,0.02,0.03,0.04 0.06,0.11,0.37,1.0,1.4 1.8,2.0,2.2,2.7), mean=0.572, stddev=0.552], deriv-avg=[percentiles(0,1,2,5 10,20,50,80,90 95,98,99,100)=(0.06,0.07,0.08,0.11 0.14,0.21,0.42,0.69,0.81 0.87,0.91,0.92,0.94), mean=0.445, stddev=0.241], oderiv-rms=[percentiles(0,1,2,5 10,20,50,80,90 95,98,99,100)=(0.001,0.001,0.001,0.001 0.001,0.002,0.002,0.002,0.003 0.003,0.003,0.003,0.004), mean=0.00198, stddev=0.000463], oderiv-count=151040
component name=tdnn3.renorm type=NormalizeComponent, input-dim=768, output-dim=768, target-rms=1, add-log-stddev=false
component name=tdnn4.affine type=NaturalGradientAffineComponent, input-dim=1536, output-dim=768, learning-rate=0.000435102, max-change=0.75, linear-params-rms=0.02724, linear-params-row-norms=[percentiles(0,1,2,5 10,20,50,80,90 95,98,99,100)=(0.96,0.98,0.99,1.0 1.0,1.0,1.1,1.1,1.1 1.1,1.1,1.2,1.2), mean=1.07, stddev=0.0428], linear-params-col-norms=[percentiles(0,1,2,5 10,20,50,80,90 95,98,99,100)=(0.63,0.67,0.69,0.70 0.71,0.72,0.75,0.79,0.81 0.83,0.85,0.86,0.91), mean=0.754, stddev=0.0422], bias-{mean,stddev}=0.007427,1.004, rank-in=20, rank-out=80, num-samples-history=2000, update-period=4, alpha=4
component name=tdnn4.relu type=RectifiedLinearComponent, dim=768, self-repair-scale=1e-05, count=8.52e+04, self-repaired-proportion=0.00192353, value-avg=[percentiles(0,1,2,5 10,20,50,80,90 95,98,99,100)=(0.007,0.02,0.03,0.04 0.06,0.11,0.33,0.88,1.3 1.6,1.9,2.1,2.7), mean=0.512, stddev=0.502], deriv-avg=[percentiles(0,1,2,5 10,20,50,80,90 95,98,99,100)=(0.03,0.08,0.09,0.11 0.14,0.20,0.37,0.64,0.76 0.82,0.88,0.92,0.95), mean=0.417, stddev=0.226], oderiv-rms=[percentiles(0,1,2,5 10,20,50,80,90 95,98,99,100)=(0.002,0.002,0.002,0.002 0.002,0.002,0.002,0.003,0.003 0.003,0.004,0.004,0.004), mean=0.00238, stddev=0.000514], oderiv-count=135936
component name=tdnn4.renorm type=NormalizeComponent, input-dim=768, output-dim=768, target-rms=1, add-log-stddev=false
component name=tdnn5.affine type=NaturalGradientAffineComponent, input-dim=1536, output-dim=768, learning-rate=0.000435102, max-change=0.75, linear-params-rms=0.02745, linear-params-row-norms=[percentiles(0,1,2,5 10,20,50,80,90 95,98,99,100)=(0.97,0.98,0.99,1.0 1.0,1.0,1.1,1.1,1.1 1.1,1.2,1.2,1.2), mean=1.07, stddev=0.0443], linear-params-col-norms=[percentiles(0,1,2,5 10,20,50,80,90 95,98,99,100)=(0.66,0.68,0.69,0.70 0.71,0.72,0.75,0.80,0.82 0.84,0.87,0.88,0.93), mean=0.759, stddev=0.0447], bias-{mean,stddev}=0.022,1.015, rank-in=20, rank-out=80, num-samples-history=2000, update-period=4, alpha=4
component name=tdnn5.relu type=RectifiedLinearComponent, dim=768, self-repair-scale=1e-05, count=6.76e+04, self-repaired-proportion=0.000473485, value-avg=[percentiles(0,1,2,5 10,20,50,80,90 95,98,99,100)=(0.01,0.02,0.03,0.05 0.08,0.14,0.39,0.85,1.2 1.5,1.7,1.9,2.3), mean=0.525, stddev=0.455], deriv-avg=[percentiles(0,1,2,5 10,20,50,80,90 95,98,99,100)=(0.05,0.06,0.07,0.12 0.16,0.23,0.42,0.63,0.74 0.81,0.88,0.90,0.94), mean=0.437, stddev=0.214], oderiv-rms=[percentiles(0,1,2,5 10,20,50,80,90 95,98,99,100)=(0.002,0.002,0.002,0.002 0.002,0.002,0.003,0.003,0.003 0.004,0.004,0.004,0.004), mean=0.00272, stddev=0.000487], oderiv-count=108544
component name=tdnn5.renorm type=NormalizeComponent, input-dim=768, output-dim=768, target-rms=1, add-log-stddev=false
component name=tdnn6.affine type=NaturalGradientAffineComponent, input-dim=1536, output-dim=768, learning-rate=0.000435102, max-change=0.75, linear-params-rms=0.02766, linear-params-row-norms=[percentiles(0,1,2,5 10,20,50,80,90 95,98,99,100)=(0.98,0.99,1.0,1.0 1.0,1.0,1.1,1.1,1.1 1.2,1.2,1.2,1.2), mean=1.08, stddev=0.0466], linear-params-col-norms=[percentiles(0,1,2,5 10,20,50,80,90 95,98,99,100)=(0.63,0.68,0.69,0.70 0.71,0.73,0.76,0.80,0.82 0.84,0.86,0.87,0.92), mean=0.765, stddev=0.0428], bias-{mean,stddev}=0.04583,1.007, rank-in=20, rank-out=80, num-samples-history=2000, update-period=4, alpha=4
component name=tdnn6.relu type=RectifiedLinearComponent, dim=768, self-repair-scale=1e-05, count=6.63e+04, self-repaired-proportion=0.00622889, value-avg=[percentiles(0,1,2,5 10,20,50,80,90 95,98,99,100)=(0.006,0.02,0.03,0.04 0.07,0.13,0.40,0.86,1.2 1.5,1.7,1.9,2.4), mean=0.53, stddev=0.459], deriv-avg=[percentiles(0,1,2,5 10,20,50,80,90 95,98,99,100)=(0.02,0.07,0.08,0.11 0.14,0.22,0.43,0.65,0.76 0.83,0.90,0.92,0.99), mean=0.442, stddev=0.224], oderiv-rms=[percentiles(0,1,2,5 10,20,50,80,90 95,98,99,100)=(0.002,0.002,0.002,0.002 0.002,0.003,0.003,0.004,0.004 0.004,0.004,0.004,0.005), mean=0.00305, stddev=0.000502], oderiv-count=103936
component name=tdnn6.renorm type=NormalizeComponent, input-dim=768, output-dim=768, target-rms=1, add-log-stddev=false
component name=tdnn7.affine type=NaturalGradientAffineComponent, input-dim=1536, output-dim=768, learning-rate=0.000435102, max-change=0.75, linear-params-rms=0.02796, linear-params-row-norms=[percentiles(0,1,2,5 10,20,50,80,90 95,98,99,100)=(0.98,0.99,1.0,1.0 1.0,1.0,1.1,1.1,1.2 1.2,1.2,1.2,1.2), mean=1.09, stddev=0.051], linear-params-col-norms=[percentiles(0,1,2,5 10,20,50,80,90 95,98,99,100)=(0.63,0.68,0.69,0.70 0.71,0.73,0.77,0.82,0.84 0.85,0.87,0.88,0.94), mean=0.773, stddev=0.0472], bias-{mean,stddev}=0.01652,0.9738, rank-in=20, rank-out=80, num-samples-history=2000, update-period=4, alpha=4
component name=tdnn7.relu type=RectifiedLinearComponent, dim=768, self-repair-scale=1e-05, count=5.38e+04, self-repaired-proportion=0.00794271, value-avg=[percentiles(0,1,2,5 10,20,50,80,90 95,98,99,100)=(0,0.02,0.03,0.05 0.08,0.13,0.36,0.80,1.1 1.4,1.8,2.0,3.7), mean=0.504, stddev=0.455], deriv-avg=[percentiles(0,1,2,5 10,20,50,80,90 95,98,99,100)=(0,0.06,0.07,0.12 0.16,0.23,0.41,0.62,0.72 0.82,0.90,0.93,0.97), mean=0.43, stddev=0.213], oderiv-rms=[percentiles(0,1,2,5 10,20,50,80,90 95,98,99,100)=(0.003,0.003,0.003,0.003 0.003,0.003,0.004,0.004,0.004 0.005,0.005,0.005,0.005), mean=0.00364, stddev=0.00057], oderiv-count=87552
component name=tdnn7.renorm type=NormalizeComponent, input-dim=768, output-dim=768, target-rms=1, add-log-stddev=false
component name=tdnn8.affine type=NaturalGradientAffineComponent, input-dim=1536, output-dim=768, learning-rate=0.000435102, max-change=0.75, linear-params-rms=0.02814, linear-params-row-norms=[percentiles(0,1,2,5 10,20,50,80,90 95,98,99,100)=(0.97,0.99,0.99,1.0 1.0,1.0,1.1,1.2,1.2 1.2,1.2,1.2,1.2), mean=1.1, stddev=0.0563], linear-params-col-norms=[percentiles(0,1,2,5 10,20,50,80,90 95,98,99,100)=(0.67,0.69,0.70,0.71 0.72,0.73,0.78,0.82,0.84 0.86,0.87,0.88,0.93), mean=0.778, stddev=0.0481], bias-{mean,stddev}=-0.05807,1.063, rank-in=20, rank-out=80, num-samples-history=2000, update-period=4, alpha=4
component name=tdnn8.relu type=RectifiedLinearComponent, dim=768, self-repair-scale=1e-05, count=4.99e+04, self-repaired-proportion=0.0248016, value-avg=[percentiles(0,1,2,5 10,20,50,80,90 95,98,99,100)=(0,0.001,0.01,0.03 0.05,0.11,0.37,0.82,1.2 1.4,1.7,2.0,2.7), mean=0.505, stddev=0.457], deriv-avg=[percentiles(0,1,2,5 10,20,50,80,90 95,98,99,100)=(0,0.006,0.03,0.07 0.12,0.20,0.42,0.65,0.76 0.82,0.90,0.92,0.97), mean=0.427, stddev=0.233], oderiv-rms=[percentiles(0,1,2,5 10,20,50,80,90 95,98,99,100)=(0.003,0.003,0.003,0.003 0.003,0.003,0.004,0.005,0.005 0.005,0.005,0.006,0.006), mean=0.00409, stddev=0.000661], oderiv-count=74240
component name=tdnn8.renorm type=NormalizeComponent, input-dim=768, output-dim=768, target-rms=1, add-log-stddev=false
component name=tdnn9.affine type=NaturalGradientAffineComponent, input-dim=1536, output-dim=768, learning-rate=0.000435102, max-change=0.75, linear-params-rms=0.02828, linear-params-row-norms=[percentiles(0,1,2,5 10,20,50,80,90 95,98,99,100)=(0.96,0.98,0.99,1.0 1.0,1.0,1.1,1.2,1.2 1.2,1.2,1.2,1.2), mean=1.11, stddev=0.0604], linear-params-col-norms=[percentiles(0,1,2,5 10,20,50,80,90 95,98,99,100)=(0.65,0.69,0.69,0.70 0.71,0.73,0.78,0.83,0.85 0.86,0.88,0.89,0.92), mean=0.782, stddev=0.0521], bias-{mean,stddev}=-0.05938,0.998, rank-in=20, rank-out=80, num-samples-history=2000, update-period=4, alpha=4
component name=tdnn9.relu type=RectifiedLinearComponent, dim=768, self-repair-scale=1e-05, count=3.48e+04, self-repaired-proportion=0.0377999, value-avg=[percentiles(0,1,2,5 10,20,50,80,90 95,98,99,100)=(0,0.0006,0.004,0.02 0.06,0.12,0.36,0.80,1.1 1.4,1.7,2.0,2.4), mean=0.491, stddev=0.438], deriv-avg=[percentiles(0,1,2,5 10,20,50,80,90 95,98,99,100)=(0,0.003,0.02,0.06 0.12,0.21,0.41,0.64,0.75 0.84,0.89,0.93,0.98), mean=0.423, stddev=0.231], oderiv-rms=[percentiles(0,1,2,5 10,20,50,80,90 95,98,99,100)=(0.003,0.004,0.004,0.004 0.004,0.004,0.005,0.006,0.006 0.006,0.007,0.007,0.008), mean=0.00504, stddev=0.000841], oderiv-count=57344
component name=tdnn9.renorm type=NormalizeComponent, input-dim=768, output-dim=768, target-rms=1, add-log-stddev=false
component name=tdnn10.affine type=NaturalGradientAffineComponent, input-dim=1536, output-dim=768, learning-rate=0.000435102, max-change=0.75, linear-params-rms=0.02825, linear-params-row-norms=[percentiles(0,1,2,5 10,20,50,80,90 95,98,99,100)=(0.97,0.98,0.99,1.0 1.0,1.0,1.1,1.2,1.2 1.2,1.2,1.2,1.3), mean=1.11, stddev=0.06], linear-params-col-norms=[percentiles(0,1,2,5 10,20,50,80,90 95,98,99,100)=(0.63,0.68,0.69,0.70 0.72,0.73,0.78,0.83,0.85 0.86,0.88,0.89,0.92), mean=0.781, stddev=0.0503], bias-{mean,stddev}=0.02918,1.027, rank-in=20, rank-out=80, num-samples-history=2000, update-period=4, alpha=4
component name=tdnn10.relu type=RectifiedLinearComponent, dim=768, self-repair-scale=1e-05, count=3.15e+04, self-repaired-proportion=0.0609217, value-avg=[percentiles(0,1,2,5 10,20,50,80,90 95,98,99,100)=(0,8e-05,0.002,0.02 0.05,0.11,0.37,0.86,1.2 1.5,1.8,2.0,2.3), mean=0.509, stddev=0.465], deriv-avg=[percentiles(0,1,2,5 10,20,50,80,90 95,98,99,100)=(0,0.0005,0.009,0.05 0.10,0.20,0.42,0.66,0.78 0.85,0.92,0.95,0.98), mean=0.433, stddev=0.245], oderiv-rms=[percentiles(0,1,2,5 10,20,50,80,90 95,98,99,100)=(0.004,0.004,0.004,0.004 0.004,0.005,0.006,0.007,0.007 0.007,0.007,0.008,0.008), mean=0.00562, stddev=0.000993], oderiv-count=45312
component name=tdnn10.renorm type=NormalizeComponent, input-dim=768, output-dim=768, target-rms=1, add-log-stddev=false
component name=tdnn11.affine type=NaturalGradientAffineComponent, input-dim=1536, output-dim=768, learning-rate=0.000435102, max-change=0.75, linear-params-rms=0.02819, linear-params-row-norms=[percentiles(0,1,2,5 10,20,50,80,90 95,98,99,100)=(0.96,0.97,0.98,1.0 1.0,1.0,1.1,1.2,1.2 1.2,1.2,1.2,1.2), mean=1.1, stddev=0.0638], linear-params-col-norms=[percentiles(0,1,2,5 10,20,50,80,90 95,98,99,100)=(0.65,0.69,0.69,0.70 0.71,0.73,0.78,0.83,0.85 0.86,0.87,0.89,0.93), mean=0.78, stddev=0.0498], bias-{mean,stddev}=0.03175,1.019, rank-in=20, rank-out=80, num-samples-history=2000, update-period=4, alpha=4
component name=tdnn11.relu type=RectifiedLinearComponent, dim=768, self-repair-scale=1e-05, count=2.1e+04, self-repaired-proportion=0.109657, value-avg=[percentiles(0,1,2,5 10,20,50,80,90 95,98,99,100)=(0,7e-05,0.0003,0.005 0.02,0.09,0.34,0.84,1.2 1.6,2.0,2.1,2.7), mean=0.506, stddev=0.507], deriv-avg=[percentiles(0,1,2,5 10,20,50,80,90 95,98,99,100)=(0,0.0005,0.002,0.02 0.06,0.17,0.40,0.66,0.80 0.90,0.95,0.97,1.0), mean=0.422, stddev=0.262], oderiv-rms=[percentiles(0,1,2,5 10,20,50,80,90 95,98,99,100)=(0.004,0.005,0.005,0.005 0.005,0.005,0.006,0.008,0.008 0.008,0.008,0.009,0.01), mean=0.00639, stddev=0.00115], oderiv-count=30720
component name=tdnn11.renorm type=NormalizeComponent, input-dim=768, output-dim=768, target-rms=1, add-log-stddev=false
component name=tdnnFINAL.affine type=NaturalGradientAffineComponent, input-dim=1536, output-dim=768, learning-rate=0.000435102, max-change=0.75, linear-params-rms=0.02826, linear-params-row-norms=[percentiles(0,1,2,5 10,20,50,80,90 95,98,99,100)=(0.97,0.98,0.98,1.0 1.0,1.0,1.1,1.2,1.2 1.2,1.2,1.2,1.3), mean=1.11, stddev=0.0694], linear-params-col-norms=[percentiles(0,1,2,5 10,20,50,80,90 95,98,99,100)=(0.65,0.68,0.69,0.70 0.71,0.72,0.78,0.83,0.86 0.87,0.89,0.91,0.94), mean=0.781, stddev=0.0563], bias-{mean,stddev}=-0.06729,0.9591, rank-in=20, rank-out=80, num-samples-history=2000, update-period=4, alpha=4
component name=tdnnFINAL.relu type=RectifiedLinearComponent, dim=768, self-repair-scale=1e-05, count=1.1e+04, self-repaired-proportion=0.11922, value-avg=[percentiles(0,1,2,5 10,20,50,80,90 95,98,99,100)=(0,0,0.0001,0.002 0.01,0.06,0.31,0.71,0.98 1.2,1.5,1.7,2.4), mean=0.424, stddev=0.409], deriv-avg=[percentiles(0,1,2,5 10,20,50,80,90 95,98,99,100)=(0,0,0.0007,0.007 0.04,0.14,0.37,0.59,0.70 0.79,0.88,0.91,1.0), mean=0.379, stddev=0.24], oderiv-rms=[percentiles(0,1,2,5 10,20,50,80,90 95,98,99,100)=(0.006,0.006,0.006,0.007 0.007,0.007,0.009,0.01,0.01 0.01,0.01,0.01,0.01), mean=0.00928, stddev=0.00183], oderiv-count=14592
component name=tdnnFINAL.renorm type=NormalizeComponent, input-dim=768, output-dim=768, target-rms=1, add-log-stddev=false
component name=prefinal-affine-task-0.affine type=NaturalGradientAffineComponent, input-dim=768, output-dim=768, learning-rate=0.000435102, max-change=0.75, linear-params-rms=0.03808, linear-params-row-norms=[percentiles(0,1,2,5 10,20,50,80,90 95,98,99,100)=(0.92,0.95,0.96,0.97 0.98,1.0,1.1,1.1,1.1 1.1,1.2,1.2,1.2), mean=1.05, stddev=0.0543], linear-params-col-norms=[percentiles(0,1,2,5 10,20,50,80,90 95,98,99,100)=(0.94,0.96,0.97,0.98 0.99,1.0,1.1,1.1,1.1 1.1,1.2,1.2,1.2), mean=1.05, stddev=0.0488], bias-{mean,stddev}=0.0007888,1.006, rank-in=20, rank-out=80, num-samples-history=2000, update-period=4, alpha=4
component name=prefinal-affine-task-0.relu type=RectifiedLinearComponent, dim=768, self-repair-scale=1e-05, count=5.12e+03, self-repaired-proportion=0.137876, value-avg=[percentiles(0,1,2,5 10,20,50,80,90 95,98,99,100)=(0,0,1e-05,0.0005 0.006,0.04,0.29,0.65,0.80 0.91,1.1,1.1,1.4), mean=0.36, stddev=0.314], deriv-avg=[percentiles(0,1,2,5 10,20,50,80,90 95,98,99,100)=(0,0,0.0002,0.003 0.02,0.11,0.38,0.62,0.68 0.73,0.77,0.78,0.81), mean=0.372, stddev=0.24], oderiv-rms=[percentiles(0,1,2,5 10,20,50,80,90 95,98,99,100)=(1e-08,1e-05,3e-05,0.0002 0.0007,0.002,0.01,0.01,0.01 0.02,0.02,0.02,0.02), mean=0.00876, stddev=0.00521], oderiv-count=7168
component name=prefinal-affine-task-0.renorm type=NormalizeComponent, input-dim=768, output-dim=768, target-rms=1, add-log-stddev=false
component name=output-0.affine type=NaturalGradientAffineComponent, input-dim=768, output-dim=152, learning-rate=0.000435102, max-change=1.5, linear-params-rms=0.04529, linear-params-row-norms=[percentiles(0,1,2,5 10,20,50,80,90 95,98,99,100)=(0.13,0.50,0.86,0.92 1.0,1.1,1.3,1.4,1.5 1.5,1.5,1.6,1.7), mean=1.24, stddev=0.2], linear-params-col-norms=[percentiles(0,1,2,5 10,20,50,80,90 95,98,99,100)=(6e-07,0.0005,0.002,0.008 0.03,0.11,0.55,0.75,0.81 0.85,0.91,0.92,1.0), mean=0.472, stddev=0.298], bias-{mean,stddev}=-4.716e-08,0.00328, rank-in=20, rank-out=76, num-samples-history=2000, update-period=4, alpha=4
component name=output-0.log-softmax type=LogSoftmaxComponent, dim=152, oderiv-rms=[percentiles(0,1,2,5 10,20,50,80,90 95,98,99,100)=(0,0.009,0.02,0.02 0.03,0.03,0.05,0.07,0.08 0.10,0.14,0.19,0.24), mean=0.057, stddev=0.031], oderiv-count=8448
component name=prefinal-affine-task-1.affine type=NaturalGradientAffineComponent, input-dim=768, output-dim=768, learning-rate=0.000435102, max-change=0.75, linear-params-rms=0.03616, linear-params-row-norms=[percentiles(0,1,2,5 10,20,50,80,90 95,98,99,100)=(0.91,0.94,0.95,0.96 0.97,0.98,1.0,1.0,1.0 1.0,1.1,1.1,1.1), mean=1, stddev=0.0267], linear-params-col-norms=[percentiles(0,1,2,5 10,20,50,80,90 95,98,99,100)=(0.92,0.94,0.95,0.96 0.97,0.98,1.0,1.0,1.0 1.0,1.1,1.1,1.1), mean=1, stddev=0.0261], bias-{mean,stddev}=-0.07011,1.031, rank-in=20, rank-out=80, num-samples-history=2000, update-period=4, alpha=4
component name=prefinal-affine-task-1.relu type=RectifiedLinearComponent, dim=768, self-repair-scale=1e-05, count=4.35e+03, self-repaired-proportion=0.160084, value-avg=[percentiles(0,1,2,5 10,20,50,80,90 95,98,99,100)=(0,0,3e-05,0.0006 0.004,0.03,0.27,0.61,0.80 0.92,1.0,1.2,1.6), mean=0.338, stddev=0.313], deriv-avg=[percentiles(0,1,2,5 10,20,50,80,90 95,98,99,100)=(0,0,0.0002,0.003 0.02,0.08,0.44,0.71,0.80 0.84,0.89,0.91,0.96), mean=0.415, stddev=0.288], oderiv-rms=[percentiles(0,1,2,5 10,20,50,80,90 95,98,99,100)=(4e-09,2e-06,1e-05,7e-05 0.0003,0.001,0.005,0.007,0.007 0.008,0.009,0.009,0.01), mean=0.00427, stddev=0.00273], oderiv-count=7168
component name=prefinal-affine-task-1.renorm type=NormalizeComponent, input-dim=768, output-dim=768, target-rms=1, add-log-stddev=false
component name=output-1.affine type=NaturalGradientAffineComponent, input-dim=768, output-dim=192, learning-rate=0.000435102, max-change=1.5, linear-params-rms=0.02322, linear-params-row-norms=[percentiles(0,1,2,5 10,20,50,80,90 95,98,99,100)=(0.07,0.07,0.07,0.07 0.07,0.07,0.07,0.98,1.1 1.1,1.2,1.2,1.2), mean=0.467, stddev=0.442], linear-params-col-norms=[percentiles(0,1,2,5 10,20,50,80,90 95,98,99,100)=(3e-07,9e-05,0.0009,0.004 0.01,0.06,0.32,0.44,0.48 0.51,0.53,0.55,0.58), mean=0.271, stddev=0.174], bias-{mean,stddev}=2.585e-08,0.002035, rank-in=20, rank-out=80, num-samples-history=2000, update-period=4, alpha=4
component name=output-1.log-softmax type=LogSoftmaxComponent, dim=192, oderiv-rms=[percentiles(0,1,2,5 10,20,50,80,90 95,98,99,100)=(0,0,0,0 0,0,0,0.02,0.02 0.03,0.05,0.05,0.07), mean=0.00809, stddev=0.012], oderiv-count=7936
nnet3-show-progress --use-gpu=no MTL/exp/nnet3/multitask/43.raw MTL/exp/nnet3/multitask/44.raw 
LOG (nnet3-show-progress[5.4.217~1-8ae5]:SelectGpuId():cu-device.cc:123) Manually selected to compute on CPU.
LOG (nnet3-show-progress[5.4.217~1-8ae5]:main():nnet3-show-progress.cc:143) Parameter differences per layer are [ tdnn1.affine:0.352671 tdnn2.affine:0.23007 tdnn3.affine:0.317049 tdnn4.affine:0.351703 tdnn5.affine:0.377619 tdnn6.affine:0.403581 tdnn7.affine:0.43424 tdnn8.affine:0.455508 tdnn9.affine:0.469666 tdnn10.affine:0.461643 tdnn11.affine:0.450661 tdnnFINAL.affine:0.453787 prefinal-affine-task-0.affine:0.266816 output-0.affine:0.237867 prefinal-affine-task-1.affine:0.143685 output-1.affine:0.125291 ]
LOG (nnet3-show-progress[5.4.217~1-8ae5]:main():nnet3-show-progress.cc:153) Norms of parameter matrices from <new-nnet-in> are [ tdnn1.affine:42.524 tdnn2.affine:41.0206 tdnn3.affine:40.5803 tdnn4.affine:40.6071 tdnn5.affine:40.9825 tdnn6.affine:41.0315 tdnn7.affine:40.6252 tdnn8.affine:42.4805 tdnn9.affine:41.3672 tdnn10.affine:41.8619 tdnn11.affine:41.6632 tdnnFINAL.affine:40.6448 prefinal-affine-task-0.affine:40.4069 output-0.affine:15.4741 prefinal-affine-task-1.affine:39.8962 output-1.affine:8.9183 ]
LOG (nnet3-show-progress[5.4.217~1-8ae5]:main():nnet3-show-progress.cc:157) Relative parameter differences per layer are [ tdnn1.affine:0.00829472 tdnn2.affine:0.00560908 tdnn3.affine:0.00781365 tdnn4.affine:0.00866208 tdnn5.affine:0.00921535 tdnn6.affine:0.00983724 tdnn7.affine:0.0106907 tdnn8.affine:0.0107246 tdnn9.affine:0.0113556 tdnn10.affine:0.0110296 tdnn11.affine:0.0108185 tdnnFINAL.affine:0.0111662 prefinal-affine-task-0.affine:0.00660342 output-0.affine:0.0154174 prefinal-affine-task-1.affine:0.00360142 output-1.affine:0.0141201 ]
# Accounting: time=4 threads=1
# Ended (code 0) at Fri Jul 27 02:06:15 UTC 2018, elapsed time 4 seconds
