# nnet3-info MTL/exp/nnet3/multitask/76.raw && nnet3-show-progress --use-gpu=no MTL/exp/nnet3/multitask/75.raw MTL/exp/nnet3/multitask/76.raw 
# Started at Fri Jul 27 03:03:53 UTC 2018
#
nnet3-info MTL/exp/nnet3/multitask/76.raw 
num-parameters: 13891160
modulus: 1
input-node name=input dim=13
component-node name=tdnn1.affine component=tdnn1.affine input=Append(Offset(input, -2), Offset(input, -1), input, Offset(input, 1), Offset(input, 2)) input-dim=65 output-dim=768
component-node name=tdnn1.relu component=tdnn1.relu input=tdnn1.affine input-dim=768 output-dim=768
component-node name=tdnn1.renorm component=tdnn1.renorm input=tdnn1.relu input-dim=768 output-dim=768
component-node name=tdnn2.affine component=tdnn2.affine input=tdnn1.renorm input-dim=768 output-dim=768
component-node name=tdnn2.relu component=tdnn2.relu input=tdnn2.affine input-dim=768 output-dim=768
component-node name=tdnn2.renorm component=tdnn2.renorm input=tdnn2.relu input-dim=768 output-dim=768
component-node name=tdnn3.affine component=tdnn3.affine input=Append(Offset(tdnn2.renorm, -1), Offset(tdnn2.renorm, 2)) input-dim=1536 output-dim=768
component-node name=tdnn3.relu component=tdnn3.relu input=tdnn3.affine input-dim=768 output-dim=768
component-node name=tdnn3.renorm component=tdnn3.renorm input=tdnn3.relu input-dim=768 output-dim=768
component-node name=tdnn4.affine component=tdnn4.affine input=Append(Offset(tdnn3.renorm, -3), Offset(tdnn3.renorm, 3)) input-dim=1536 output-dim=768
component-node name=tdnn4.relu component=tdnn4.relu input=tdnn4.affine input-dim=768 output-dim=768
component-node name=tdnn4.renorm component=tdnn4.renorm input=tdnn4.relu input-dim=768 output-dim=768
component-node name=tdnn5.affine component=tdnn5.affine input=Append(Offset(tdnn4.renorm, -3), Offset(tdnn4.renorm, 3)) input-dim=1536 output-dim=768
component-node name=tdnn5.relu component=tdnn5.relu input=tdnn5.affine input-dim=768 output-dim=768
component-node name=tdnn5.renorm component=tdnn5.renorm input=tdnn5.relu input-dim=768 output-dim=768
component-node name=tdnn6.affine component=tdnn6.affine input=Append(Offset(tdnn5.renorm, -3), Offset(tdnn5.renorm, 3)) input-dim=1536 output-dim=768
component-node name=tdnn6.relu component=tdnn6.relu input=tdnn6.affine input-dim=768 output-dim=768
component-node name=tdnn6.renorm component=tdnn6.renorm input=tdnn6.relu input-dim=768 output-dim=768
component-node name=tdnn7.affine component=tdnn7.affine input=Append(Offset(tdnn6.renorm, -3), Offset(tdnn6.renorm, 3)) input-dim=1536 output-dim=768
component-node name=tdnn7.relu component=tdnn7.relu input=tdnn7.affine input-dim=768 output-dim=768
component-node name=tdnn7.renorm component=tdnn7.renorm input=tdnn7.relu input-dim=768 output-dim=768
component-node name=tdnn8.affine component=tdnn8.affine input=Append(Offset(tdnn7.renorm, -3), Offset(tdnn7.renorm, 3)) input-dim=1536 output-dim=768
component-node name=tdnn8.relu component=tdnn8.relu input=tdnn8.affine input-dim=768 output-dim=768
component-node name=tdnn8.renorm component=tdnn8.renorm input=tdnn8.relu input-dim=768 output-dim=768
component-node name=tdnn9.affine component=tdnn9.affine input=Append(Offset(tdnn8.renorm, -3), Offset(tdnn8.renorm, 3)) input-dim=1536 output-dim=768
component-node name=tdnn9.relu component=tdnn9.relu input=tdnn9.affine input-dim=768 output-dim=768
component-node name=tdnn9.renorm component=tdnn9.renorm input=tdnn9.relu input-dim=768 output-dim=768
component-node name=tdnn10.affine component=tdnn10.affine input=Append(Offset(tdnn9.renorm, -3), Offset(tdnn9.renorm, 3)) input-dim=1536 output-dim=768
component-node name=tdnn10.relu component=tdnn10.relu input=tdnn10.affine input-dim=768 output-dim=768
component-node name=tdnn10.renorm component=tdnn10.renorm input=tdnn10.relu input-dim=768 output-dim=768
component-node name=tdnn11.affine component=tdnn11.affine input=Append(Offset(tdnn10.renorm, -3), Offset(tdnn10.renorm, 3)) input-dim=1536 output-dim=768
component-node name=tdnn11.relu component=tdnn11.relu input=tdnn11.affine input-dim=768 output-dim=768
component-node name=tdnn11.renorm component=tdnn11.renorm input=tdnn11.relu input-dim=768 output-dim=768
component-node name=tdnnFINAL.affine component=tdnnFINAL.affine input=Append(Offset(tdnn11.renorm, -3), Offset(tdnn11.renorm, 3)) input-dim=1536 output-dim=768
component-node name=tdnnFINAL.relu component=tdnnFINAL.relu input=tdnnFINAL.affine input-dim=768 output-dim=768
component-node name=tdnnFINAL.renorm component=tdnnFINAL.renorm input=tdnnFINAL.relu input-dim=768 output-dim=768
component-node name=prefinal-affine-task-0.affine component=prefinal-affine-task-0.affine input=tdnnFINAL.renorm input-dim=768 output-dim=768
component-node name=prefinal-affine-task-0.relu component=prefinal-affine-task-0.relu input=prefinal-affine-task-0.affine input-dim=768 output-dim=768
component-node name=prefinal-affine-task-0.renorm component=prefinal-affine-task-0.renorm input=prefinal-affine-task-0.relu input-dim=768 output-dim=768
component-node name=output-0.affine component=output-0.affine input=prefinal-affine-task-0.renorm input-dim=768 output-dim=152
component-node name=output-0.log-softmax component=output-0.log-softmax input=output-0.affine input-dim=152 output-dim=152
output-node name=output-0 input=output-0.log-softmax dim=152 objective=linear
component-node name=prefinal-affine-task-1.affine component=prefinal-affine-task-1.affine input=tdnnFINAL.renorm input-dim=768 output-dim=768
component-node name=prefinal-affine-task-1.relu component=prefinal-affine-task-1.relu input=prefinal-affine-task-1.affine input-dim=768 output-dim=768
component-node name=prefinal-affine-task-1.renorm component=prefinal-affine-task-1.renorm input=prefinal-affine-task-1.relu input-dim=768 output-dim=768
component-node name=output-1.affine component=output-1.affine input=prefinal-affine-task-1.renorm input-dim=768 output-dim=192
component-node name=output-1.log-softmax component=output-1.log-softmax input=output-1.affine input-dim=192 output-dim=192
output-node name=output-1 input=output-1.log-softmax dim=192 objective=linear
component name=tdnn1.affine type=NaturalGradientAffineComponent, input-dim=65, output-dim=768, learning-rate=0.000173217, max-change=0.75, linear-params-rms=0.1413, linear-params-row-norms=[percentiles(0,1,2,5 10,20,50,80,90 95,98,99,100)=(0.76,0.82,0.85,0.90 0.94,0.99,1.1,1.3,1.3 1.4,1.5,1.5,1.7), mean=1.13, stddev=0.156], linear-params-col-norms=[percentiles(0,1,2,5 10,20,50,80,90 95,98,99,100)=(3.3,3.3,3.6,3.6 3.7,3.7,3.9,4.1,4.2 4.2,4.4,4.4,4.6), mean=3.91, stddev=0.221], bias-{mean,stddev}=0.03009,1.031, rank-in=20, rank-out=80, num-samples-history=2000, update-period=4, alpha=4
component name=tdnn1.relu type=RectifiedLinearComponent, dim=768, self-repair-scale=1e-05, count=2.41e+05, self-repaired-proportion=0, value-avg=[percentiles(0,1,2,5 10,20,50,80,90 95,98,99,100)=(0.01,0.02,0.02,0.03 0.04,0.06,0.26,1.3,1.7 2.1,2.5,2.7,5.2), mean=0.641, stddev=0.746], deriv-avg=[percentiles(0,1,2,5 10,20,50,80,90 95,98,99,100)=(0.06,0.06,0.07,0.08 0.09,0.13,0.38,0.87,0.91 0.92,0.93,0.93,0.94), mean=0.462, stddev=0.322], oderiv-rms=[percentiles(0,1,2,5 10,20,50,80,90 95,98,99,100)=(0.0003,0.0003,0.0003,0.0003 0.0003,0.0003,0.0004,0.0005,0.0006 0.0006,0.0007,0.0007,0.0009), mean=0.000424, stddev=0.000118], oderiv-count=286720
component name=tdnn1.renorm type=NormalizeComponent, input-dim=768, output-dim=768, target-rms=1, add-log-stddev=false
component name=tdnn2.affine type=NaturalGradientAffineComponent, input-dim=768, output-dim=768, learning-rate=0.000173217, max-change=0.75, linear-params-rms=0.03766, linear-params-row-norms=[percentiles(0,1,2,5 10,20,50,80,90 95,98,99,100)=(0.95,0.96,0.97,0.98 1.0,1.0,1.0,1.1,1.1 1.1,1.1,1.1,1.2), mean=1.04, stddev=0.0388], linear-params-col-norms=[percentiles(0,1,2,5 10,20,50,80,90 95,98,99,100)=(0.92,0.96,0.96,0.98 0.99,1.0,1.0,1.1,1.1 1.1,1.1,1.2,1.2), mean=1.04, stddev=0.0459], bias-{mean,stddev}=0.01177,1.051, rank-in=20, rank-out=80, num-samples-history=2000, update-period=4, alpha=4
component name=tdnn2.relu type=RectifiedLinearComponent, dim=768, self-repair-scale=1e-05, count=1.69e+05, self-repaired-proportion=0, value-avg=[percentiles(0,1,2,5 10,20,50,80,90 95,98,99,100)=(0.02,0.02,0.03,0.04 0.05,0.08,0.34,0.93,1.3 1.5,1.8,2.1,2.4), mean=0.517, stddev=0.502], deriv-avg=[percentiles(0,1,2,5 10,20,50,80,90 95,98,99,100)=(0.08,0.09,0.09,0.12 0.14,0.20,0.46,0.76,0.86 0.89,0.91,0.92,0.94), mean=0.474, stddev=0.263], oderiv-rms=[percentiles(0,1,2,5 10,20,50,80,90 95,98,99,100)=(0.0003,0.0003,0.0004,0.0004 0.0004,0.0004,0.0005,0.0006,0.0006 0.0007,0.0007,0.0008,0.0008), mean=0.000493, stddev=0.000104], oderiv-count=312320
component name=tdnn2.renorm type=NormalizeComponent, input-dim=768, output-dim=768, target-rms=1, add-log-stddev=false
component name=tdnn3.affine type=NaturalGradientAffineComponent, input-dim=1536, output-dim=768, learning-rate=0.000173217, max-change=0.75, linear-params-rms=0.02715, linear-params-row-norms=[percentiles(0,1,2,5 10,20,50,80,90 95,98,99,100)=(0.96,0.98,0.99,1.0 1.0,1.0,1.1,1.1,1.1 1.1,1.1,1.2,1.2), mean=1.06, stddev=0.0409], linear-params-col-norms=[percentiles(0,1,2,5 10,20,50,80,90 95,98,99,100)=(0.65,0.68,0.69,0.70 0.71,0.72,0.75,0.78,0.81 0.82,0.84,0.86,0.91), mean=0.751, stddev=0.0396], bias-{mean,stddev}=0.01777,1.008, rank-in=20, rank-out=80, num-samples-history=2000, update-period=4, alpha=4
component name=tdnn3.relu type=RectifiedLinearComponent, dim=768, self-repair-scale=1e-05, count=1.1e+05, self-repaired-proportion=0, value-avg=[percentiles(0,1,2,5 10,20,50,80,90 95,98,99,100)=(0.02,0.03,0.03,0.04 0.06,0.11,0.38,1.0,1.4 1.7,2.0,2.1,2.6), mean=0.572, stddev=0.544], deriv-avg=[percentiles(0,1,2,5 10,20,50,80,90 95,98,99,100)=(0.07,0.08,0.10,0.12 0.15,0.21,0.41,0.68,0.80 0.86,0.90,0.92,0.94), mean=0.446, stddev=0.235], oderiv-rms=[percentiles(0,1,2,5 10,20,50,80,90 95,98,99,100)=(0.0005,0.0005,0.0005,0.0005 0.0005,0.0006,0.0006,0.0008,0.0009 0.001,0.001,0.001,0.001), mean=0.00069, stddev=0.000152], oderiv-count=158720
component name=tdnn3.renorm type=NormalizeComponent, input-dim=768, output-dim=768, target-rms=1, add-log-stddev=false
component name=tdnn4.affine type=NaturalGradientAffineComponent, input-dim=1536, output-dim=768, learning-rate=0.000173217, max-change=0.75, linear-params-rms=0.0273, linear-params-row-norms=[percentiles(0,1,2,5 10,20,50,80,90 95,98,99,100)=(0.96,0.98,0.99,1.0 1.0,1.0,1.1,1.1,1.1 1.1,1.2,1.2,1.2), mean=1.07, stddev=0.0438], linear-params-col-norms=[percentiles(0,1,2,5 10,20,50,80,90 95,98,99,100)=(0.64,0.67,0.69,0.70 0.71,0.72,0.75,0.79,0.82 0.83,0.85,0.86,0.92), mean=0.755, stddev=0.043], bias-{mean,stddev}=0.007424,1.004, rank-in=20, rank-out=80, num-samples-history=2000, update-period=4, alpha=4
component name=tdnn4.relu type=RectifiedLinearComponent, dim=768, self-repair-scale=1e-05, count=8.29e+04, self-repaired-proportion=3.1002e-05, value-avg=[percentiles(0,1,2,5 10,20,50,80,90 95,98,99,100)=(0.01,0.03,0.03,0.04 0.07,0.12,0.32,0.89,1.2 1.6,1.9,2.0,2.6), mean=0.512, stddev=0.497], deriv-avg=[percentiles(0,1,2,5 10,20,50,80,90 95,98,99,100)=(0.06,0.08,0.09,0.11 0.14,0.20,0.38,0.64,0.76 0.82,0.88,0.92,0.94), mean=0.418, stddev=0.224], oderiv-rms=[percentiles(0,1,2,5 10,20,50,80,90 95,98,99,100)=(0.0006,0.0006,0.0006,0.0006 0.0007,0.0007,0.0008,0.001,0.001 0.001,0.001,0.001,0.001), mean=0.000846, stddev=0.000169], oderiv-count=129024
component name=tdnn4.renorm type=NormalizeComponent, input-dim=768, output-dim=768, target-rms=1, add-log-stddev=false
component name=tdnn5.affine type=NaturalGradientAffineComponent, input-dim=1536, output-dim=768, learning-rate=0.000173217, max-change=0.75, linear-params-rms=0.02752, linear-params-row-norms=[percentiles(0,1,2,5 10,20,50,80,90 95,98,99,100)=(0.97,0.98,0.99,1.0 1.0,1.0,1.1,1.1,1.1 1.2,1.2,1.2,1.2), mean=1.08, stddev=0.0452], linear-params-col-norms=[percentiles(0,1,2,5 10,20,50,80,90 95,98,99,100)=(0.66,0.68,0.69,0.70 0.71,0.72,0.75,0.80,0.82 0.85,0.87,0.88,0.93), mean=0.761, stddev=0.0455], bias-{mean,stddev}=0.02199,1.015, rank-in=20, rank-out=80, num-samples-history=2000, update-period=4, alpha=4
component name=tdnn5.relu type=RectifiedLinearComponent, dim=768, self-repair-scale=1e-05, count=8.81e+04, self-repaired-proportion=0, value-avg=[percentiles(0,1,2,5 10,20,50,80,90 95,98,99,100)=(0.01,0.02,0.03,0.05 0.08,0.15,0.39,0.84,1.2 1.5,1.7,1.9,2.2), mean=0.521, stddev=0.448], deriv-avg=[percentiles(0,1,2,5 10,20,50,80,90 95,98,99,100)=(0.05,0.06,0.08,0.12 0.16,0.24,0.42,0.63,0.74 0.81,0.88,0.90,0.94), mean=0.437, stddev=0.212], oderiv-rms=[percentiles(0,1,2,5 10,20,50,80,90 95,98,99,100)=(0.0007,0.0007,0.0007,0.0008 0.0008,0.0008,0.001,0.001,0.001 0.001,0.001,0.001,0.001), mean=0.000986, stddev=0.000161], oderiv-count=124928
component name=tdnn5.renorm type=NormalizeComponent, input-dim=768, output-dim=768, target-rms=1, add-log-stddev=false
component name=tdnn6.affine type=NaturalGradientAffineComponent, input-dim=1536, output-dim=768, learning-rate=0.000173217, max-change=0.75, linear-params-rms=0.02774, linear-params-row-norms=[percentiles(0,1,2,5 10,20,50,80,90 95,98,99,100)=(0.98,0.99,1.0,1.0 1.0,1.0,1.1,1.1,1.1 1.2,1.2,1.2,1.2), mean=1.09, stddev=0.0476], linear-params-col-norms=[percentiles(0,1,2,5 10,20,50,80,90 95,98,99,100)=(0.64,0.68,0.69,0.70 0.71,0.73,0.76,0.81,0.83 0.84,0.86,0.87,0.92), mean=0.767, stddev=0.0435], bias-{mean,stddev}=0.04583,1.007, rank-in=20, rank-out=80, num-samples-history=2000, update-period=4, alpha=4
component name=tdnn6.relu type=RectifiedLinearComponent, dim=768, self-repair-scale=1e-05, count=5.91e+04, self-repaired-proportion=0.00455729, value-avg=[percentiles(0,1,2,5 10,20,50,80,90 95,98,99,100)=(0.01,0.02,0.03,0.05 0.07,0.14,0.40,0.85,1.2 1.5,1.7,1.9,2.2), mean=0.526, stddev=0.453], deriv-avg=[percentiles(0,1,2,5 10,20,50,80,90 95,98,99,100)=(0.05,0.07,0.09,0.11 0.15,0.22,0.44,0.65,0.77 0.82,0.90,0.93,0.98), mean=0.442, stddev=0.222], oderiv-rms=[percentiles(0,1,2,5 10,20,50,80,90 95,98,99,100)=(0.0008,0.0009,0.0009,0.0009 0.0009,0.001,0.001,0.001,0.001 0.001,0.002,0.002,0.002), mean=0.00116, stddev=0.000175], oderiv-count=93184
component name=tdnn6.renorm type=NormalizeComponent, input-dim=768, output-dim=768, target-rms=1, add-log-stddev=false
component name=tdnn7.affine type=NaturalGradientAffineComponent, input-dim=1536, output-dim=768, learning-rate=0.000173217, max-change=0.75, linear-params-rms=0.02804, linear-params-row-norms=[percentiles(0,1,2,5 10,20,50,80,90 95,98,99,100)=(0.98,0.99,1.0,1.0 1.0,1.0,1.1,1.1,1.2 1.2,1.2,1.2,1.2), mean=1.1, stddev=0.0519], linear-params-col-norms=[percentiles(0,1,2,5 10,20,50,80,90 95,98,99,100)=(0.63,0.68,0.69,0.70 0.71,0.73,0.77,0.82,0.84 0.85,0.87,0.88,0.94), mean=0.775, stddev=0.048], bias-{mean,stddev}=0.01651,0.9738, rank-in=20, rank-out=80, num-samples-history=2000, update-period=4, alpha=4
component name=tdnn7.relu type=RectifiedLinearComponent, dim=768, self-repair-scale=1e-05, count=5.07e+04, self-repaired-proportion=0.0070638, value-avg=[percentiles(0,1,2,5 10,20,50,80,90 95,98,99,100)=(0,0.02,0.03,0.06 0.08,0.14,0.36,0.78,1.0 1.4,1.8,2.0,3.6), mean=0.496, stddev=0.449], deriv-avg=[percentiles(0,1,2,5 10,20,50,80,90 95,98,99,100)=(0,0.06,0.07,0.12 0.16,0.23,0.41,0.62,0.72 0.83,0.91,0.93,0.97), mean=0.43, stddev=0.213], oderiv-rms=[percentiles(0,1,2,5 10,20,50,80,90 95,98,99,100)=(0.0009,0.001,0.001,0.001 0.001,0.001,0.001,0.002,0.002 0.002,0.002,0.002,0.002), mean=0.00138, stddev=0.000199], oderiv-count=84480
component name=tdnn7.renorm type=NormalizeComponent, input-dim=768, output-dim=768, target-rms=1, add-log-stddev=false
component name=tdnn8.affine type=NaturalGradientAffineComponent, input-dim=1536, output-dim=768, learning-rate=0.000173217, max-change=0.75, linear-params-rms=0.02823, linear-params-row-norms=[percentiles(0,1,2,5 10,20,50,80,90 95,98,99,100)=(0.98,0.99,0.99,1.0 1.0,1.0,1.1,1.2,1.2 1.2,1.2,1.2,1.2), mean=1.11, stddev=0.0575], linear-params-col-norms=[percentiles(0,1,2,5 10,20,50,80,90 95,98,99,100)=(0.67,0.69,0.70,0.71 0.72,0.73,0.78,0.83,0.84 0.86,0.88,0.89,0.93), mean=0.781, stddev=0.0489], bias-{mean,stddev}=-0.05807,1.063, rank-in=20, rank-out=80, num-samples-history=2000, update-period=4, alpha=4
component name=tdnn8.relu type=RectifiedLinearComponent, dim=768, self-repair-scale=1e-05, count=4.35e+04, self-repaired-proportion=0.0243779, value-avg=[percentiles(0,1,2,5 10,20,50,80,90 95,98,99,100)=(0,0.002,0.02,0.03 0.05,0.12,0.36,0.81,1.2 1.4,1.7,1.9,2.6), mean=0.495, stddev=0.449], deriv-avg=[percentiles(0,1,2,5 10,20,50,80,90 95,98,99,100)=(0,0.01,0.04,0.07 0.12,0.20,0.41,0.64,0.76 0.82,0.90,0.92,0.97), mean=0.427, stddev=0.232], oderiv-rms=[percentiles(0,1,2,5 10,20,50,80,90 95,98,99,100)=(0.001,0.001,0.001,0.001 0.001,0.001,0.002,0.002,0.002 0.002,0.002,0.002,0.002), mean=0.00159, stddev=0.000237], oderiv-count=72960
component name=tdnn8.renorm type=NormalizeComponent, input-dim=768, output-dim=768, target-rms=1, add-log-stddev=false
component name=tdnn9.affine type=NaturalGradientAffineComponent, input-dim=1536, output-dim=768, learning-rate=0.000173217, max-change=0.75, linear-params-rms=0.02838, linear-params-row-norms=[percentiles(0,1,2,5 10,20,50,80,90 95,98,99,100)=(0.96,0.99,0.99,1.0 1.0,1.0,1.1,1.2,1.2 1.2,1.2,1.2,1.2), mean=1.11, stddev=0.0616], linear-params-col-norms=[percentiles(0,1,2,5 10,20,50,80,90 95,98,99,100)=(0.65,0.69,0.69,0.70 0.71,0.73,0.78,0.84,0.86 0.87,0.88,0.89,0.92), mean=0.785, stddev=0.053], bias-{mean,stddev}=-0.05939,0.998, rank-in=20, rank-out=80, num-samples-history=2000, update-period=4, alpha=4
component name=tdnn9.relu type=RectifiedLinearComponent, dim=768, self-repair-scale=1e-05, count=4.51e+04, self-repaired-proportion=0.030306, value-avg=[percentiles(0,1,2,5 10,20,50,80,90 95,98,99,100)=(0,0.001,0.007,0.02 0.06,0.12,0.36,0.78,1.1 1.3,1.6,1.9,2.3), mean=0.478, stddev=0.427], deriv-avg=[percentiles(0,1,2,5 10,20,50,80,90 95,98,99,100)=(0,0.005,0.02,0.07 0.12,0.21,0.41,0.64,0.75 0.84,0.90,0.93,0.97), mean=0.423, stddev=0.23], oderiv-rms=[percentiles(0,1,2,5 10,20,50,80,90 95,98,99,100)=(0.001,0.001,0.001,0.001 0.001,0.002,0.002,0.002,0.002 0.002,0.002,0.002,0.003), mean=0.00186, stddev=0.000285], oderiv-count=58368
component name=tdnn9.renorm type=NormalizeComponent, input-dim=768, output-dim=768, target-rms=1, add-log-stddev=false
component name=tdnn10.affine type=NaturalGradientAffineComponent, input-dim=1536, output-dim=768, learning-rate=0.000173217, max-change=0.75, linear-params-rms=0.02834, linear-params-row-norms=[percentiles(0,1,2,5 10,20,50,80,90 95,98,99,100)=(0.97,0.98,0.99,1.0 1.0,1.0,1.1,1.2,1.2 1.2,1.2,1.2,1.3), mean=1.11, stddev=0.0613], linear-params-col-norms=[percentiles(0,1,2,5 10,20,50,80,90 95,98,99,100)=(0.63,0.68,0.69,0.70 0.72,0.73,0.78,0.83,0.85 0.86,0.88,0.89,0.92), mean=0.784, stddev=0.0512], bias-{mean,stddev}=0.02918,1.027, rank-in=20, rank-out=80, num-samples-history=2000, update-period=4, alpha=4
component name=tdnn10.relu type=RectifiedLinearComponent, dim=768, self-repair-scale=1e-05, count=3.3e+04, self-repaired-proportion=0.0568938, value-avg=[percentiles(0,1,2,5 10,20,50,80,90 95,98,99,100)=(0,0.0002,0.003,0.02 0.05,0.11,0.36,0.84,1.1 1.4,1.7,2.0,2.2), mean=0.494, stddev=0.449], deriv-avg=[percentiles(0,1,2,5 10,20,50,80,90 95,98,99,100)=(0,0.001,0.01,0.05 0.11,0.20,0.42,0.67,0.77 0.85,0.93,0.95,0.98), mean=0.432, stddev=0.244], oderiv-rms=[percentiles(0,1,2,5 10,20,50,80,90 95,98,99,100)=(0.001,0.001,0.001,0.002 0.002,0.002,0.002,0.002,0.002 0.003,0.003,0.003,0.003), mean=0.00204, stddev=0.000331], oderiv-count=47616
component name=tdnn10.renorm type=NormalizeComponent, input-dim=768, output-dim=768, target-rms=1, add-log-stddev=false
component name=tdnn11.affine type=NaturalGradientAffineComponent, input-dim=1536, output-dim=768, learning-rate=0.000173217, max-change=0.75, linear-params-rms=0.02828, linear-params-row-norms=[percentiles(0,1,2,5 10,20,50,80,90 95,98,99,100)=(0.96,0.97,0.98,1.0 1.0,1.0,1.1,1.2,1.2 1.2,1.2,1.2,1.3), mean=1.11, stddev=0.0649], linear-params-col-norms=[percentiles(0,1,2,5 10,20,50,80,90 95,98,99,100)=(0.66,0.69,0.69,0.70 0.71,0.73,0.78,0.83,0.85 0.86,0.88,0.89,0.93), mean=0.782, stddev=0.0506], bias-{mean,stddev}=0.03174,1.019, rank-in=20, rank-out=80, num-samples-history=2000, update-period=4, alpha=4
component name=tdnn11.relu type=RectifiedLinearComponent, dim=768, self-repair-scale=1e-05, count=2.15e+04, self-repaired-proportion=0.104675, value-avg=[percentiles(0,1,2,5 10,20,50,80,90 95,98,99,100)=(0,0.0001,0.0005,0.007 0.02,0.10,0.33,0.80,1.2 1.5,2.0,2.1,2.6), mean=0.49, stddev=0.493], deriv-avg=[percentiles(0,1,2,5 10,20,50,80,90 95,98,99,100)=(0,0.0008,0.003,0.02 0.07,0.17,0.40,0.66,0.80 0.90,0.96,0.97,1.0), mean=0.421, stddev=0.261], oderiv-rms=[percentiles(0,1,2,5 10,20,50,80,90 95,98,99,100)=(0.002,0.002,0.002,0.002 0.002,0.002,0.002,0.003,0.003 0.003,0.003,0.003,0.004), mean=0.00247, stddev=0.000413], oderiv-count=32256
component name=tdnn11.renorm type=NormalizeComponent, input-dim=768, output-dim=768, target-rms=1, add-log-stddev=false
component name=tdnnFINAL.affine type=NaturalGradientAffineComponent, input-dim=1536, output-dim=768, learning-rate=0.000173217, max-change=0.75, linear-params-rms=0.02831, linear-params-row-norms=[percentiles(0,1,2,5 10,20,50,80,90 95,98,99,100)=(0.97,0.98,0.99,1.0 1.0,1.0,1.1,1.2,1.2 1.2,1.2,1.2,1.3), mean=1.11, stddev=0.0701], linear-params-col-norms=[percentiles(0,1,2,5 10,20,50,80,90 95,98,99,100)=(0.65,0.68,0.69,0.70 0.71,0.73,0.78,0.83,0.86 0.88,0.90,0.91,0.94), mean=0.782, stddev=0.0564], bias-{mean,stddev}=-0.06729,0.9591, rank-in=20, rank-out=80, num-samples-history=2000, update-period=4, alpha=4
component name=tdnnFINAL.relu type=RectifiedLinearComponent, dim=768, self-repair-scale=1e-05, count=1.15e+04, self-repaired-proportion=0.116186, value-avg=[percentiles(0,1,2,5 10,20,50,80,90 95,98,99,100)=(0,4e-06,0.0002,0.002 0.01,0.06,0.29,0.66,0.94 1.2,1.5,1.8,2.4), mean=0.4, stddev=0.399], deriv-avg=[percentiles(0,1,2,5 10,20,50,80,90 95,98,99,100)=(0,9e-05,0.001,0.008 0.04,0.13,0.36,0.59,0.71 0.81,0.91,0.94,1.0), mean=0.373, stddev=0.241], oderiv-rms=[percentiles(0,1,2,5 10,20,50,80,90 95,98,99,100)=(0.002,0.003,0.003,0.003 0.003,0.003,0.004,0.004,0.005 0.005,0.005,0.005,0.005), mean=0.00368, stddev=0.000667], oderiv-count=14080
component name=tdnnFINAL.renorm type=NormalizeComponent, input-dim=768, output-dim=768, target-rms=1, add-log-stddev=false
component name=prefinal-affine-task-0.affine type=NaturalGradientAffineComponent, input-dim=768, output-dim=768, learning-rate=0.000173217, max-change=0.75, linear-params-rms=0.03806, linear-params-row-norms=[percentiles(0,1,2,5 10,20,50,80,90 95,98,99,100)=(0.92,0.95,0.96,0.97 0.98,1.0,1.1,1.1,1.1 1.1,1.2,1.2,1.2), mean=1.05, stddev=0.055], linear-params-col-norms=[percentiles(0,1,2,5 10,20,50,80,90 95,98,99,100)=(0.94,0.96,0.97,0.98 0.99,1.0,1.1,1.1,1.1 1.1,1.2,1.2,1.2), mean=1.05, stddev=0.0485], bias-{mean,stddev}=0.0007331,1.006, rank-in=20, rank-out=80, num-samples-history=2000, update-period=4, alpha=4
component name=prefinal-affine-task-0.relu type=RectifiedLinearComponent, dim=768, self-repair-scale=1e-05, count=4.61e+03, self-repaired-proportion=0.134701, value-avg=[percentiles(0,1,2,5 10,20,50,80,90 95,98,99,100)=(0,0,2e-06,0.0005 0.006,0.04,0.27,0.58,0.68 0.79,0.90,0.96,1.2), mean=0.318, stddev=0.268], deriv-avg=[percentiles(0,1,2,5 10,20,50,80,90 95,98,99,100)=(0,0,0.0002,0.003 0.02,0.10,0.37,0.58,0.64 0.68,0.71,0.73,0.78), mean=0.354, stddev=0.225], oderiv-rms=[percentiles(0,1,2,5 10,20,50,80,90 95,98,99,100)=(3e-09,3e-06,1e-05,7e-05 0.0002,0.0007,0.003,0.004,0.004 0.004,0.004,0.005,0.005), mean=0.00235, stddev=0.00138], oderiv-count=7424
component name=prefinal-affine-task-0.renorm type=NormalizeComponent, input-dim=768, output-dim=768, target-rms=1, add-log-stddev=false
component name=output-0.affine type=NaturalGradientAffineComponent, input-dim=768, output-dim=152, learning-rate=0.000173217, max-change=1.5, linear-params-rms=0.04725, linear-params-row-norms=[percentiles(0,1,2,5 10,20,50,80,90 95,98,99,100)=(0.13,0.54,0.89,0.94 1.0,1.1,1.3,1.4,1.5 1.6,1.6,1.7,1.7), mean=1.29, stddev=0.212], linear-params-col-norms=[percentiles(0,1,2,5 10,20,50,80,90 95,98,99,100)=(6e-07,0.0005,0.002,0.009 0.03,0.11,0.58,0.78,0.85 0.89,0.95,0.97,1.1), mean=0.493, stddev=0.311], bias-{mean,stddev}=-4.325e-08,0.003289, rank-in=20, rank-out=76, num-samples-history=2000, update-period=4, alpha=4
component name=output-0.log-softmax type=LogSoftmaxComponent, dim=152, oderiv-rms=[percentiles(0,1,2,5 10,20,50,80,90 95,98,99,100)=(0,0.01,0.02,0.02 0.03,0.04,0.05,0.07,0.08 0.10,0.14,0.19,0.24), mean=0.0568, stddev=0.0313], oderiv-count=6144
component name=prefinal-affine-task-1.affine type=NaturalGradientAffineComponent, input-dim=768, output-dim=768, learning-rate=0.000173217, max-change=0.75, linear-params-rms=0.03613, linear-params-row-norms=[percentiles(0,1,2,5 10,20,50,80,90 95,98,99,100)=(0.91,0.94,0.94,0.96 0.97,0.98,1.0,1.0,1.0 1.0,1.1,1.1,1.1), mean=1, stddev=0.0272], linear-params-col-norms=[percentiles(0,1,2,5 10,20,50,80,90 95,98,99,100)=(0.92,0.94,0.95,0.96 0.96,0.98,1.0,1.0,1.0 1.0,1.1,1.1,1.1), mean=1, stddev=0.0262], bias-{mean,stddev}=-0.07019,1.031, rank-in=20, rank-out=80, num-samples-history=2000, update-period=4, alpha=4
component name=prefinal-affine-task-1.relu type=RectifiedLinearComponent, dim=768, self-repair-scale=1e-05, count=4.61e+03, self-repaired-proportion=0.162109, value-avg=[percentiles(0,1,2,5 10,20,50,80,90 95,98,99,100)=(0,0,3e-05,0.0007 0.004,0.03,0.25,0.54,0.69 0.76,0.88,0.99,1.2), mean=0.298, stddev=0.264], deriv-avg=[percentiles(0,1,2,5 10,20,50,80,90 95,98,99,100)=(0,0,0.0002,0.003 0.02,0.08,0.42,0.67,0.76 0.80,0.85,0.87,0.90), mean=0.396, stddev=0.272], oderiv-rms=[percentiles(0,1,2,5 10,20,50,80,90 95,98,99,100)=(2e-09,1e-06,1e-05,6e-05 0.0002,0.0007,0.003,0.005,0.005 0.005,0.006,0.006,0.007), mean=0.00289, stddev=0.00184], oderiv-count=6912
component name=prefinal-affine-task-1.renorm type=NormalizeComponent, input-dim=768, output-dim=768, target-rms=1, add-log-stddev=false
component name=output-1.affine type=NaturalGradientAffineComponent, input-dim=768, output-dim=192, learning-rate=0.000173217, max-change=1.5, linear-params-rms=0.02531, linear-params-row-norms=[percentiles(0,1,2,5 10,20,50,80,90 95,98,99,100)=(0.07,0.07,0.07,0.07 0.07,0.07,0.07,1.1,1.2 1.2,1.3,1.3,1.3), mean=0.506, stddev=0.486], linear-params-col-norms=[percentiles(0,1,2,5 10,20,50,80,90 95,98,99,100)=(3e-07,9e-05,0.001,0.005 0.02,0.07,0.34,0.48,0.52 0.55,0.58,0.59,0.64), mean=0.295, stddev=0.189], bias-{mean,stddev}=2.769e-08,0.002037, rank-in=20, rank-out=80, num-samples-history=2000, update-period=4, alpha=4
component name=output-1.log-softmax type=LogSoftmaxComponent, dim=192, oderiv-rms=[percentiles(0,1,2,5 10,20,50,80,90 95,98,99,100)=(0,0,0,0 0,0,0,0.02,0.02 0.03,0.05,0.05,0.07), mean=0.00807, stddev=0.012], oderiv-count=7680
nnet3-show-progress --use-gpu=no MTL/exp/nnet3/multitask/75.raw MTL/exp/nnet3/multitask/76.raw 
LOG (nnet3-show-progress[5.4.217~1-8ae5]:SelectGpuId():cu-device.cc:123) Manually selected to compute on CPU.
LOG (nnet3-show-progress[5.4.217~1-8ae5]:main():nnet3-show-progress.cc:143) Parameter differences per layer are [ tdnn1.affine:0.0718355 tdnn2.affine:0.0341855 tdnn3.affine:0.0452229 tdnn4.affine:0.0508418 tdnn5.affine:0.0555836 tdnn6.affine:0.0602775 tdnn7.affine:0.065718 tdnn8.affine:0.0691519 tdnn9.affine:0.0716089 tdnn10.affine:0.0707422 tdnn11.affine:0.0689719 tdnnFINAL.affine:0.0696651 prefinal-affine-task-0.affine:0.0289842 output-0.affine:0.0277486 prefinal-affine-task-1.affine:0.0380773 output-1.affine:0.0300962 ]
LOG (nnet3-show-progress[5.4.217~1-8ae5]:main():nnet3-show-progress.cc:153) Norms of parameter matrices from <new-nnet-in> are [ tdnn1.affine:42.5842 tdnn2.affine:41.0528 tdnn3.affine:40.6252 tdnn4.affine:40.6555 tdnn5.affine:41.0373 tdnn6.affine:41.0928 tdnn7.affine:40.6902 tdnn8.affine:42.5524 tdnn9.affine:41.4438 tdnn10.affine:41.9409 tdnn11.affine:41.7338 tdnnFINAL.affine:40.6848 prefinal-affine-task-0.affine:40.3965 output-0.affine:16.1425 prefinal-affine-task-1.affine:39.8787 output-1.affine:9.71751 ]
LOG (nnet3-show-progress[5.4.217~1-8ae5]:main():nnet3-show-progress.cc:157) Relative parameter differences per layer are [ tdnn1.affine:0.00168692 tdnn2.affine:0.000832728 tdnn3.affine:0.00111319 tdnn4.affine:0.00125057 tdnn5.affine:0.00135449 tdnn6.affine:0.00146689 tdnn7.affine:0.00161511 tdnn8.affine:0.00162513 tdnn9.affine:0.00172788 tdnn10.affine:0.00168674 tdnn11.affine:0.00165268 tdnnFINAL.affine:0.00171232 prefinal-affine-task-0.affine:0.000717488 output-0.affine:0.00171989 prefinal-affine-task-1.affine:0.000954813 output-1.affine:0.0031011 ]
# Accounting: time=3 threads=1
# Ended (code 0) at Fri Jul 27 03:03:56 UTC 2018, elapsed time 3 seconds
