# nnet3-info MTL/exp/nnet3/multitask/30.raw && nnet3-show-progress --use-gpu=no MTL/exp/nnet3/multitask/29.raw MTL/exp/nnet3/multitask/30.raw 
# Started at Sat Jul 28 03:12:02 UTC 2018
#
nnet3-info MTL/exp/nnet3/multitask/30.raw 
num-parameters: 13897312
modulus: 1
input-node name=input dim=13
component-node name=tdnn1.affine component=tdnn1.affine input=Append(Offset(input, -2), Offset(input, -1), input, Offset(input, 1), Offset(input, 2)) input-dim=65 output-dim=768
component-node name=tdnn1.relu component=tdnn1.relu input=tdnn1.affine input-dim=768 output-dim=768
component-node name=tdnn1.renorm component=tdnn1.renorm input=tdnn1.relu input-dim=768 output-dim=768
component-node name=tdnn2.affine component=tdnn2.affine input=tdnn1.renorm input-dim=768 output-dim=768
component-node name=tdnn2.relu component=tdnn2.relu input=tdnn2.affine input-dim=768 output-dim=768
component-node name=tdnn2.renorm component=tdnn2.renorm input=tdnn2.relu input-dim=768 output-dim=768
component-node name=tdnn3.affine component=tdnn3.affine input=Append(Offset(tdnn2.renorm, -1), Offset(tdnn2.renorm, 2)) input-dim=1536 output-dim=768
component-node name=tdnn3.relu component=tdnn3.relu input=tdnn3.affine input-dim=768 output-dim=768
component-node name=tdnn3.renorm component=tdnn3.renorm input=tdnn3.relu input-dim=768 output-dim=768
component-node name=tdnn4.affine component=tdnn4.affine input=Append(Offset(tdnn3.renorm, -3), Offset(tdnn3.renorm, 3)) input-dim=1536 output-dim=768
component-node name=tdnn4.relu component=tdnn4.relu input=tdnn4.affine input-dim=768 output-dim=768
component-node name=tdnn4.renorm component=tdnn4.renorm input=tdnn4.relu input-dim=768 output-dim=768
component-node name=tdnn5.affine component=tdnn5.affine input=Append(Offset(tdnn4.renorm, -3), Offset(tdnn4.renorm, 3)) input-dim=1536 output-dim=768
component-node name=tdnn5.relu component=tdnn5.relu input=tdnn5.affine input-dim=768 output-dim=768
component-node name=tdnn5.renorm component=tdnn5.renorm input=tdnn5.relu input-dim=768 output-dim=768
component-node name=tdnn6.affine component=tdnn6.affine input=Append(Offset(tdnn5.renorm, -3), Offset(tdnn5.renorm, 3)) input-dim=1536 output-dim=768
component-node name=tdnn6.relu component=tdnn6.relu input=tdnn6.affine input-dim=768 output-dim=768
component-node name=tdnn6.renorm component=tdnn6.renorm input=tdnn6.relu input-dim=768 output-dim=768
component-node name=tdnn7.affine component=tdnn7.affine input=Append(Offset(tdnn6.renorm, -3), Offset(tdnn6.renorm, 3)) input-dim=1536 output-dim=768
component-node name=tdnn7.relu component=tdnn7.relu input=tdnn7.affine input-dim=768 output-dim=768
component-node name=tdnn7.renorm component=tdnn7.renorm input=tdnn7.relu input-dim=768 output-dim=768
component-node name=tdnn8.affine component=tdnn8.affine input=Append(Offset(tdnn7.renorm, -3), Offset(tdnn7.renorm, 3)) input-dim=1536 output-dim=768
component-node name=tdnn8.relu component=tdnn8.relu input=tdnn8.affine input-dim=768 output-dim=768
component-node name=tdnn8.renorm component=tdnn8.renorm input=tdnn8.relu input-dim=768 output-dim=768
component-node name=tdnn9.affine component=tdnn9.affine input=Append(Offset(tdnn8.renorm, -3), Offset(tdnn8.renorm, 3)) input-dim=1536 output-dim=768
component-node name=tdnn9.relu component=tdnn9.relu input=tdnn9.affine input-dim=768 output-dim=768
component-node name=tdnn9.renorm component=tdnn9.renorm input=tdnn9.relu input-dim=768 output-dim=768
component-node name=tdnn10.affine component=tdnn10.affine input=Append(Offset(tdnn9.renorm, -3), Offset(tdnn9.renorm, 3)) input-dim=1536 output-dim=768
component-node name=tdnn10.relu component=tdnn10.relu input=tdnn10.affine input-dim=768 output-dim=768
component-node name=tdnn10.renorm component=tdnn10.renorm input=tdnn10.relu input-dim=768 output-dim=768
component-node name=tdnn11.affine component=tdnn11.affine input=Append(Offset(tdnn10.renorm, -3), Offset(tdnn10.renorm, 3)) input-dim=1536 output-dim=768
component-node name=tdnn11.relu component=tdnn11.relu input=tdnn11.affine input-dim=768 output-dim=768
component-node name=tdnn11.renorm component=tdnn11.renorm input=tdnn11.relu input-dim=768 output-dim=768
component-node name=tdnnFINAL.affine component=tdnnFINAL.affine input=Append(Offset(tdnn11.renorm, -3), Offset(tdnn11.renorm, 3)) input-dim=1536 output-dim=768
component-node name=tdnnFINAL.relu component=tdnnFINAL.relu input=tdnnFINAL.affine input-dim=768 output-dim=768
component-node name=tdnnFINAL.renorm component=tdnnFINAL.renorm input=tdnnFINAL.relu input-dim=768 output-dim=768
component-node name=prefinal-affine-task-0.affine component=prefinal-affine-task-0.affine input=tdnnFINAL.renorm input-dim=768 output-dim=768
component-node name=prefinal-affine-task-0.relu component=prefinal-affine-task-0.relu input=prefinal-affine-task-0.affine input-dim=768 output-dim=768
component-node name=prefinal-affine-task-0.renorm component=prefinal-affine-task-0.renorm input=prefinal-affine-task-0.relu input-dim=768 output-dim=768
component-node name=output-0.affine component=output-0.affine input=prefinal-affine-task-0.renorm input-dim=768 output-dim=168
component-node name=output-0.log-softmax component=output-0.log-softmax input=output-0.affine input-dim=168 output-dim=168
output-node name=output-0 input=output-0.log-softmax dim=168 objective=linear
component-node name=prefinal-affine-task-1.affine component=prefinal-affine-task-1.affine input=tdnnFINAL.renorm input-dim=768 output-dim=768
component-node name=prefinal-affine-task-1.relu component=prefinal-affine-task-1.relu input=prefinal-affine-task-1.affine input-dim=768 output-dim=768
component-node name=prefinal-affine-task-1.renorm component=prefinal-affine-task-1.renorm input=prefinal-affine-task-1.relu input-dim=768 output-dim=768
component-node name=output-1.affine component=output-1.affine input=prefinal-affine-task-1.renorm input-dim=768 output-dim=184
component-node name=output-1.log-softmax component=output-1.log-softmax input=output-1.affine input-dim=184 output-dim=184
output-node name=output-1 input=output-1.log-softmax dim=184 objective=linear
component name=tdnn1.affine type=NaturalGradientAffineComponent, input-dim=65, output-dim=768, learning-rate=0.000988192, max-change=0.75, linear-params-rms=0.1432, linear-params-row-norms=[percentiles(0,1,2,5 10,20,50,80,90 95,98,99,100)=(0.76,0.83,0.87,0.91 0.95,0.99,1.1,1.3,1.4 1.4,1.5,1.6,1.8), mean=1.14, stddev=0.166], linear-params-col-norms=[percentiles(0,1,2,5 10,20,50,80,90 95,98,99,100)=(3.4,3.4,3.6,3.7 3.7,3.8,3.9,4.1,4.2 4.3,4.3,4.5,4.6), mean=3.96, stddev=0.215], bias-{mean,stddev}=0.02908,1.033, rank-in=20, rank-out=80, num-samples-history=2000, update-period=4, alpha=4
component name=tdnn1.relu type=RectifiedLinearComponent, dim=768, self-repair-scale=1e-05, count=1.54e+05, self-repaired-proportion=0.0217014, value-avg=[percentiles(0,1,2,5 10,20,50,80,90 95,98,99,100)=(0.008,0.02,0.02,0.03 0.04,0.06,0.36,1.4,1.9 2.3,2.9,3.2,5.8), mean=0.741, stddev=0.831], deriv-avg=[percentiles(0,1,2,5 10,20,50,80,90 95,98,99,100)=(0.05,0.05,0.06,0.07 0.08,0.12,0.45,0.87,0.92 0.93,0.94,0.95,0.95), mean=0.485, stddev=0.33], oderiv-rms=[percentiles(0,1,2,5 10,20,50,80,90 95,98,99,100)=(0.001,0.001,0.001,0.001 0.001,0.001,0.002,0.002,0.003 0.003,0.003,0.003,0.004), mean=0.00184, stddev=0.000534], oderiv-count=266240
component name=tdnn1.renorm type=NormalizeComponent, input-dim=768, output-dim=768, target-rms=1, add-log-stddev=false
component name=tdnn2.affine type=NaturalGradientAffineComponent, input-dim=768, output-dim=768, learning-rate=0.000988192, max-change=0.75, linear-params-rms=0.03764, linear-params-row-norms=[percentiles(0,1,2,5 10,20,50,80,90 95,98,99,100)=(0.94,0.96,0.97,0.99 0.99,1.0,1.0,1.1,1.1 1.1,1.1,1.1,1.2), mean=1.04, stddev=0.0384], linear-params-col-norms=[percentiles(0,1,2,5 10,20,50,80,90 95,98,99,100)=(0.92,0.95,0.97,0.98 0.99,1.0,1.0,1.1,1.1 1.1,1.1,1.2,1.2), mean=1.04, stddev=0.0457], bias-{mean,stddev}=0.0118,1.051, rank-in=20, rank-out=80, num-samples-history=2000, update-period=4, alpha=4
component name=tdnn2.relu type=RectifiedLinearComponent, dim=768, self-repair-scale=1e-05, count=1.54e+05, self-repaired-proportion=0.0094086, value-avg=[percentiles(0,1,2,5 10,20,50,80,90 95,98,99,100)=(0.007,0.02,0.02,0.03 0.04,0.07,0.33,0.88,1.2 1.5,1.8,2.0,2.9), mean=0.501, stddev=0.5], deriv-avg=[percentiles(0,1,2,5 10,20,50,80,90 95,98,99,100)=(0.04,0.06,0.08,0.09 0.13,0.19,0.45,0.75,0.84 0.89,0.93,0.93,0.96), mean=0.463, stddev=0.264], oderiv-rms=[percentiles(0,1,2,5 10,20,50,80,90 95,98,99,100)=(0.002,0.002,0.002,0.002 0.002,0.002,0.002,0.003,0.003 0.003,0.004,0.004,0.004), mean=0.00244, stddev=0.00055], oderiv-count=281600
component name=tdnn2.renorm type=NormalizeComponent, input-dim=768, output-dim=768, target-rms=1, add-log-stddev=false
component name=tdnn3.affine type=NaturalGradientAffineComponent, input-dim=1536, output-dim=768, learning-rate=0.000988192, max-change=0.75, linear-params-rms=0.02713, linear-params-row-norms=[percentiles(0,1,2,5 10,20,50,80,90 95,98,99,100)=(0.97,0.99,0.99,1.0 1.0,1.0,1.1,1.1,1.1 1.1,1.1,1.2,1.2), mean=1.06, stddev=0.038], linear-params-col-norms=[percentiles(0,1,2,5 10,20,50,80,90 95,98,99,100)=(0.66,0.68,0.69,0.70 0.71,0.72,0.75,0.78,0.80 0.82,0.84,0.85,0.88), mean=0.751, stddev=0.0384], bias-{mean,stddev}=0.01777,1.008, rank-in=20, rank-out=80, num-samples-history=2000, update-period=4, alpha=4
component name=tdnn3.relu type=RectifiedLinearComponent, dim=768, self-repair-scale=1e-05, count=9.73e+04, self-repaired-proportion=0.00168011, value-avg=[percentiles(0,1,2,5 10,20,50,80,90 95,98,99,100)=(0.01,0.02,0.03,0.04 0.07,0.13,0.40,0.99,1.3 1.6,2.0,2.2,3.0), mean=0.567, stddev=0.521], deriv-avg=[percentiles(0,1,2,5 10,20,50,80,90 95,98,99,100)=(0.06,0.08,0.09,0.11 0.15,0.22,0.42,0.66,0.78 0.85,0.89,0.91,0.94), mean=0.446, stddev=0.229], oderiv-rms=[percentiles(0,1,2,5 10,20,50,80,90 95,98,99,100)=(0.002,0.002,0.002,0.002 0.002,0.003,0.003,0.004,0.005 0.005,0.005,0.006,0.007), mean=0.00332, stddev=0.00082], oderiv-count=120320
component name=tdnn3.renorm type=NormalizeComponent, input-dim=768, output-dim=768, target-rms=1, add-log-stddev=false
component name=tdnn4.affine type=NaturalGradientAffineComponent, input-dim=1536, output-dim=768, learning-rate=0.000988192, max-change=0.75, linear-params-rms=0.02723, linear-params-row-norms=[percentiles(0,1,2,5 10,20,50,80,90 95,98,99,100)=(0.96,0.98,0.99,1.0 1.0,1.0,1.1,1.1,1.1 1.1,1.2,1.2,1.2), mean=1.07, stddev=0.0423], linear-params-col-norms=[percentiles(0,1,2,5 10,20,50,80,90 95,98,99,100)=(0.64,0.68,0.68,0.70 0.71,0.72,0.75,0.79,0.81 0.83,0.85,0.86,0.91), mean=0.753, stddev=0.0402], bias-{mean,stddev}=0.00749,1.004, rank-in=20, rank-out=80, num-samples-history=2000, update-period=4, alpha=4
component name=tdnn4.relu type=RectifiedLinearComponent, dim=768, self-repair-scale=1e-05, count=8.52e+04, self-repaired-proportion=4.20027e-05, value-avg=[percentiles(0,1,2,5 10,20,50,80,90 95,98,99,100)=(0.02,0.03,0.03,0.04 0.07,0.11,0.40,0.87,1.3 1.5,1.9,2.0,2.5), mean=0.539, stddev=0.486], deriv-avg=[percentiles(0,1,2,5 10,20,50,80,90 95,98,99,100)=(0.06,0.07,0.08,0.11 0.14,0.21,0.42,0.64,0.75 0.82,0.87,0.89,0.93), mean=0.432, stddev=0.222], oderiv-rms=[percentiles(0,1,2,5 10,20,50,80,90 95,98,99,100)=(0.002,0.003,0.003,0.003 0.003,0.003,0.003,0.004,0.005 0.005,0.006,0.006,0.008), mean=0.00369, stddev=0.000862], oderiv-count=115200
component name=tdnn4.renorm type=NormalizeComponent, input-dim=768, output-dim=768, target-rms=1, add-log-stddev=false
component name=tdnn5.affine type=NaturalGradientAffineComponent, input-dim=1536, output-dim=768, learning-rate=0.000988192, max-change=0.75, linear-params-rms=0.02737, linear-params-row-norms=[percentiles(0,1,2,5 10,20,50,80,90 95,98,99,100)=(0.96,0.99,1.0,1.0 1.0,1.0,1.1,1.1,1.1 1.1,1.2,1.2,1.2), mean=1.07, stddev=0.0426], linear-params-col-norms=[percentiles(0,1,2,5 10,20,50,80,90 95,98,99,100)=(0.65,0.68,0.69,0.70 0.71,0.72,0.75,0.79,0.81 0.83,0.85,0.87,0.94), mean=0.757, stddev=0.0412], bias-{mean,stddev}=0.02205,1.014, rank-in=20, rank-out=80, num-samples-history=2000, update-period=4, alpha=4
component name=tdnn5.relu type=RectifiedLinearComponent, dim=768, self-repair-scale=1e-05, count=7.37e+04, self-repaired-proportion=0.000108507, value-avg=[percentiles(0,1,2,5 10,20,50,80,90 95,98,99,100)=(0.02,0.03,0.04,0.06 0.08,0.16,0.40,0.96,1.2 1.5,1.8,2.0,2.5), mean=0.555, stddev=0.475], deriv-avg=[percentiles(0,1,2,5 10,20,50,80,90 95,98,99,100)=(0.06,0.08,0.08,0.12 0.16,0.24,0.43,0.65,0.76 0.81,0.87,0.89,0.95), mean=0.447, stddev=0.215], oderiv-rms=[percentiles(0,1,2,5 10,20,50,80,90 95,98,99,100)=(0.003,0.003,0.003,0.003 0.003,0.003,0.004,0.005,0.005 0.005,0.006,0.006,0.007), mean=0.004, stddev=0.000812], oderiv-count=110592
component name=tdnn5.renorm type=NormalizeComponent, input-dim=768, output-dim=768, target-rms=1, add-log-stddev=false
component name=tdnn6.affine type=NaturalGradientAffineComponent, input-dim=1536, output-dim=768, learning-rate=0.000988192, max-change=0.75, linear-params-rms=0.02756, linear-params-row-norms=[percentiles(0,1,2,5 10,20,50,80,90 95,98,99,100)=(0.98,0.99,1.0,1.0 1.0,1.0,1.1,1.1,1.1 1.1,1.2,1.2,1.2), mean=1.08, stddev=0.0412], linear-params-col-norms=[percentiles(0,1,2,5 10,20,50,80,90 95,98,99,100)=(0.65,0.68,0.69,0.70 0.71,0.73,0.76,0.80,0.82 0.83,0.85,0.86,0.90), mean=0.763, stddev=0.0406], bias-{mean,stddev}=0.04581,1.007, rank-in=20, rank-out=80, num-samples-history=2000, update-period=4, alpha=4
component name=tdnn6.relu type=RectifiedLinearComponent, dim=768, self-repair-scale=1e-05, count=6.63e+04, self-repaired-proportion=0.000450721, value-avg=[percentiles(0,1,2,5 10,20,50,80,90 95,98,99,100)=(0.02,0.03,0.04,0.07 0.10,0.17,0.40,0.86,1.2 1.5,1.9,2.1,2.7), mean=0.546, stddev=0.465], deriv-avg=[percentiles(0,1,2,5 10,20,50,80,90 95,98,99,100)=(0.05,0.08,0.10,0.14 0.18,0.25,0.43,0.64,0.75 0.81,0.86,0.89,0.93), mean=0.447, stddev=0.207], oderiv-rms=[percentiles(0,1,2,5 10,20,50,80,90 95,98,99,100)=(0.003,0.003,0.003,0.003 0.004,0.004,0.004,0.005,0.006 0.006,0.007,0.007,0.008), mean=0.00456, stddev=0.000826], oderiv-count=91392
component name=tdnn6.renorm type=NormalizeComponent, input-dim=768, output-dim=768, target-rms=1, add-log-stddev=false
component name=tdnn7.affine type=NaturalGradientAffineComponent, input-dim=1536, output-dim=768, learning-rate=0.000988192, max-change=0.75, linear-params-rms=0.02774, linear-params-row-norms=[percentiles(0,1,2,5 10,20,50,80,90 95,98,99,100)=(0.97,1.0,1.0,1.0 1.0,1.0,1.1,1.1,1.1 1.2,1.2,1.2,1.2), mean=1.09, stddev=0.044], linear-params-col-norms=[percentiles(0,1,2,5 10,20,50,80,90 95,98,99,100)=(0.63,0.68,0.69,0.71 0.72,0.73,0.77,0.80,0.82 0.84,0.85,0.87,0.95), mean=0.768, stddev=0.041], bias-{mean,stddev}=0.01656,0.9737, rank-in=20, rank-out=80, num-samples-history=2000, update-period=4, alpha=4
component name=tdnn7.relu type=RectifiedLinearComponent, dim=768, self-repair-scale=1e-05, count=5.38e+04, self-repaired-proportion=0.00345982, value-avg=[percentiles(0,1,2,5 10,20,50,80,90 95,98,99,100)=(4e-05,0.04,0.05,0.07 0.11,0.17,0.40,0.87,1.2 1.5,1.9,2.1,4.0), mean=0.549, stddev=0.476], deriv-avg=[percentiles(0,1,2,5 10,20,50,80,90 95,98,99,100)=(0.0002,0.08,0.11,0.15 0.19,0.26,0.42,0.63,0.76 0.81,0.86,0.90,1.0), mean=0.449, stddev=0.204], oderiv-rms=[percentiles(0,1,2,5 10,20,50,80,90 95,98,99,100)=(0.004,0.004,0.004,0.004 0.004,0.005,0.005,0.006,0.007 0.007,0.008,0.008,0.009), mean=0.00553, stddev=0.000967], oderiv-count=72192
component name=tdnn7.renorm type=NormalizeComponent, input-dim=768, output-dim=768, target-rms=1, add-log-stddev=false
component name=tdnn8.affine type=NaturalGradientAffineComponent, input-dim=1536, output-dim=768, learning-rate=0.000988192, max-change=0.75, linear-params-rms=0.02788, linear-params-row-norms=[percentiles(0,1,2,5 10,20,50,80,90 95,98,99,100)=(0.96,0.99,1.0,1.0 1.0,1.0,1.1,1.1,1.2 1.2,1.2,1.2,1.2), mean=1.09, stddev=0.0499], linear-params-col-norms=[percentiles(0,1,2,5 10,20,50,80,90 95,98,99,100)=(0.67,0.69,0.70,0.71 0.72,0.73,0.77,0.81,0.83 0.84,0.86,0.87,0.92), mean=0.771, stddev=0.0419], bias-{mean,stddev}=-0.05802,1.063, rank-in=20, rank-out=80, num-samples-history=2000, update-period=4, alpha=4
component name=tdnn8.relu type=RectifiedLinearComponent, dim=768, self-repair-scale=1e-05, count=4.48e+04, self-repaired-proportion=0.00968424, value-avg=[percentiles(0,1,2,5 10,20,50,80,90 95,98,99,100)=(2e-05,0.02,0.02,0.04 0.07,0.14,0.37,0.91,1.3 1.6,2.0,2.2,3.0), mean=0.547, stddev=0.515], deriv-avg=[percentiles(0,1,2,5 10,20,50,80,90 95,98,99,100)=(0.0002,0.06,0.07,0.10 0.14,0.22,0.41,0.64,0.76 0.85,0.89,0.92,0.98), mean=0.435, stddev=0.228], oderiv-rms=[percentiles(0,1,2,5 10,20,50,80,90 95,98,99,100)=(0.004,0.004,0.004,0.004 0.004,0.005,0.006,0.007,0.007 0.008,0.008,0.008,0.01), mean=0.00575, stddev=0.00111], oderiv-count=58880
component name=tdnn8.renorm type=NormalizeComponent, input-dim=768, output-dim=768, target-rms=1, add-log-stddev=false
component name=tdnn9.affine type=NaturalGradientAffineComponent, input-dim=1536, output-dim=768, learning-rate=0.000988192, max-change=0.75, linear-params-rms=0.02803, linear-params-row-norms=[percentiles(0,1,2,5 10,20,50,80,90 95,98,99,100)=(0.96,0.99,1.0,1.0 1.0,1.0,1.1,1.1,1.2 1.2,1.2,1.2,1.2), mean=1.1, stddev=0.0537], linear-params-col-norms=[percentiles(0,1,2,5 10,20,50,80,90 95,98,99,100)=(0.66,0.69,0.69,0.70 0.72,0.73,0.77,0.82,0.84 0.86,0.87,0.89,0.94), mean=0.775, stddev=0.0478], bias-{mean,stddev}=-0.05932,0.998, rank-in=20, rank-out=80, num-samples-history=2000, update-period=4, alpha=4
component name=tdnn9.relu type=RectifiedLinearComponent, dim=768, self-repair-scale=1e-05, count=2.97e+04, self-repaired-proportion=0.0268601, value-avg=[percentiles(0,1,2,5 10,20,50,80,90 95,98,99,100)=(0,0.0006,0.01,0.04 0.08,0.14,0.40,0.84,1.2 1.5,1.8,2.0,2.7), mean=0.528, stddev=0.464], deriv-avg=[percentiles(0,1,2,5 10,20,50,80,90 95,98,99,100)=(0,0.003,0.04,0.09 0.14,0.23,0.43,0.63,0.75 0.82,0.88,0.92,0.99), mean=0.438, stddev=0.221], oderiv-rms=[percentiles(0,1,2,5 10,20,50,80,90 95,98,99,100)=(0.004,0.004,0.005,0.005 0.005,0.005,0.006,0.008,0.008 0.009,0.009,0.01,0.01), mean=0.00663, stddev=0.00129], oderiv-count=52224
component name=tdnn9.renorm type=NormalizeComponent, input-dim=768, output-dim=768, target-rms=1, add-log-stddev=false
component name=tdnn10.affine type=NaturalGradientAffineComponent, input-dim=1536, output-dim=768, learning-rate=0.000988192, max-change=0.75, linear-params-rms=0.02798, linear-params-row-norms=[percentiles(0,1,2,5 10,20,50,80,90 95,98,99,100)=(0.96,0.98,0.99,1.0 1.0,1.0,1.1,1.1,1.2 1.2,1.2,1.2,1.3), mean=1.1, stddev=0.0542], linear-params-col-norms=[percentiles(0,1,2,5 10,20,50,80,90 95,98,99,100)=(0.66,0.68,0.69,0.70 0.72,0.73,0.77,0.82,0.84 0.85,0.86,0.88,0.91), mean=0.774, stddev=0.0459], bias-{mean,stddev}=0.02921,1.027, rank-in=20, rank-out=80, num-samples-history=2000, update-period=4, alpha=4
component name=tdnn10.relu type=RectifiedLinearComponent, dim=768, self-repair-scale=1e-05, count=2.61e+04, self-repaired-proportion=0.0368529, value-avg=[percentiles(0,1,2,5 10,20,50,80,90 95,98,99,100)=(0,0.0008,0.009,0.03 0.06,0.14,0.40,0.91,1.3 1.5,1.9,2.3,2.7), mean=0.553, stddev=0.509], deriv-avg=[percentiles(0,1,2,5 10,20,50,80,90 95,98,99,100)=(0,0.005,0.03,0.07 0.12,0.23,0.44,0.66,0.77 0.84,0.91,0.93,1.0), mean=0.444, stddev=0.235], oderiv-rms=[percentiles(0,1,2,5 10,20,50,80,90 95,98,99,100)=(0.005,0.005,0.005,0.005 0.006,0.006,0.007,0.009,0.009 0.01,0.01,0.01,0.01), mean=0.00737, stddev=0.00146], oderiv-count=40704
component name=tdnn10.renorm type=NormalizeComponent, input-dim=768, output-dim=768, target-rms=1, add-log-stddev=false
component name=tdnn11.affine type=NaturalGradientAffineComponent, input-dim=1536, output-dim=768, learning-rate=0.000988192, max-change=0.75, linear-params-rms=0.02806, linear-params-row-norms=[percentiles(0,1,2,5 10,20,50,80,90 95,98,99,100)=(0.96,0.97,0.98,1.0 1.0,1.0,1.1,1.2,1.2 1.2,1.2,1.2,1.3), mean=1.1, stddev=0.0633], linear-params-col-norms=[percentiles(0,1,2,5 10,20,50,80,90 95,98,99,100)=(0.66,0.69,0.69,0.70 0.72,0.73,0.78,0.82,0.84 0.85,0.87,0.88,0.92), mean=0.776, stddev=0.0471], bias-{mean,stddev}=0.03177,1.019, rank-in=20, rank-out=80, num-samples-history=2000, update-period=4, alpha=4
component name=tdnn11.relu type=RectifiedLinearComponent, dim=768, self-repair-scale=1e-05, count=1.59e+04, self-repaired-proportion=0.0888021, value-avg=[percentiles(0,1,2,5 10,20,50,80,90 95,98,99,100)=(0,6e-05,0.0003,0.008 0.03,0.08,0.39,0.94,1.3 1.7,2.0,2.5,3.6), mean=0.562, stddev=0.571], deriv-avg=[percentiles(0,1,2,5 10,20,50,80,90 95,98,99,100)=(0,0.0004,0.002,0.02 0.07,0.16,0.43,0.68,0.80 0.88,0.93,0.96,1.0), mean=0.43, stddev=0.26], oderiv-rms=[percentiles(0,1,2,5 10,20,50,80,90 95,98,99,100)=(0.006,0.006,0.006,0.007 0.007,0.007,0.009,0.01,0.01 0.01,0.01,0.01,0.01), mean=0.00914, stddev=0.00193], oderiv-count=28672
component name=tdnn11.renorm type=NormalizeComponent, input-dim=768, output-dim=768, target-rms=1, add-log-stddev=false
component name=tdnnFINAL.affine type=NaturalGradientAffineComponent, input-dim=1536, output-dim=768, learning-rate=0.000988192, max-change=0.75, linear-params-rms=0.02836, linear-params-row-norms=[percentiles(0,1,2,5 10,20,50,80,90 95,98,99,100)=(0.96,0.97,0.98,0.99 1.0,1.0,1.1,1.2,1.2 1.2,1.2,1.2,1.3), mean=1.11, stddev=0.0732], linear-params-col-norms=[percentiles(0,1,2,5 10,20,50,80,90 95,98,99,100)=(0.63,0.68,0.69,0.70 0.71,0.72,0.78,0.84,0.86 0.88,0.90,0.91,0.95), mean=0.784, stddev=0.0589], bias-{mean,stddev}=-0.06725,0.9592, rank-in=20, rank-out=80, num-samples-history=2000, update-period=4, alpha=4
component name=tdnnFINAL.relu type=RectifiedLinearComponent, dim=768, self-repair-scale=1e-05, count=8.45e+03, self-repaired-proportion=0.11486, value-avg=[percentiles(0,1,2,5 10,20,50,80,90 95,98,99,100)=(0,0,6e-05,0.001 0.01,0.07,0.34,0.86,1.1 1.4,1.9,2.1,2.9), mean=0.49, stddev=0.48], deriv-avg=[percentiles(0,1,2,5 10,20,50,80,90 95,98,99,100)=(0,0,0.0005,0.006 0.04,0.14,0.39,0.62,0.72 0.78,0.85,0.91,0.98), mean=0.391, stddev=0.243], oderiv-rms=[percentiles(0,1,2,5 10,20,50,80,90 95,98,99,100)=(0.008,0.009,0.009,0.009 0.01,0.01,0.01,0.02,0.02 0.02,0.02,0.02,0.02), mean=0.0138, stddev=0.00318], oderiv-count=12800
component name=tdnnFINAL.renorm type=NormalizeComponent, input-dim=768, output-dim=768, target-rms=1, add-log-stddev=false
component name=prefinal-affine-task-0.affine type=NaturalGradientAffineComponent, input-dim=768, output-dim=768, learning-rate=0.000988192, max-change=0.75, linear-params-rms=0.03848, linear-params-row-norms=[percentiles(0,1,2,5 10,20,50,80,90 95,98,99,100)=(0.92,0.95,0.96,0.97 0.99,1.0,1.1,1.1,1.1 1.2,1.2,1.2,1.3), mean=1.06, stddev=0.062], linear-params-col-norms=[percentiles(0,1,2,5 10,20,50,80,90 95,98,99,100)=(0.95,0.96,0.97,0.98 0.99,1.0,1.1,1.1,1.1 1.2,1.2,1.2,1.2), mean=1.06, stddev=0.0564], bias-{mean,stddev}=0.0009572,1.006, rank-in=20, rank-out=80, num-samples-history=2000, update-period=4, alpha=4
component name=prefinal-affine-task-0.relu type=RectifiedLinearComponent, dim=768, self-repair-scale=1e-05, count=4.1e+03, self-repaired-proportion=0.139803, value-avg=[percentiles(0,1,2,5 10,20,50,80,90 95,98,99,100)=(0,0,3e-05,0.0005 0.005,0.04,0.36,0.89,1.2 1.3,1.5,1.7,2.3), mean=0.48, stddev=0.455], deriv-avg=[percentiles(0,1,2,5 10,20,50,80,90 95,98,99,100)=(0,0,0.0002,0.002 0.02,0.12,0.41,0.70,0.81 0.86,0.89,0.91,0.96), mean=0.416, stddev=0.279], oderiv-rms=[percentiles(0,1,2,5 10,20,50,80,90 95,98,99,100)=(2e-08,4e-06,4e-05,0.0002 0.0008,0.004,0.02,0.02,0.02 0.03,0.03,0.03,0.04), mean=0.0139, stddev=0.00852], oderiv-count=6144
component name=prefinal-affine-task-0.renorm type=NormalizeComponent, input-dim=768, output-dim=768, target-rms=1, add-log-stddev=false
component name=output-0.affine type=NaturalGradientAffineComponent, input-dim=768, output-dim=168, learning-rate=0.000988192, max-change=1.5, linear-params-rms=0.04379, linear-params-row-norms=[percentiles(0,1,2,5 10,20,50,80,90 95,98,99,100)=(0.14,0.14,0.81,0.90 0.99,1.1,1.2,1.3,1.4 1.5,1.5,1.7,1.8), mean=1.2, stddev=0.204], linear-params-col-norms=[percentiles(0,1,2,5 10,20,50,80,90 95,98,99,100)=(7e-07,8e-05,0.001,0.006 0.02,0.11,0.56,0.77,0.83 0.87,0.94,0.99,1.1), mean=0.478, stddev=0.307], bias-{mean,stddev}=2.146e-07,0.003816, rank-in=20, rank-out=80, num-samples-history=2000, update-period=4, alpha=4
component name=output-0.log-softmax type=LogSoftmaxComponent, dim=168, oderiv-rms=[percentiles(0,1,2,5 10,20,50,80,90 95,98,99,100)=(0,0,0.02,0.02 0.02,0.03,0.05,0.07,0.08 0.10,0.13,0.15,0.27), mean=0.053, stddev=0.0317], oderiv-count=5376
component name=prefinal-affine-task-1.affine type=NaturalGradientAffineComponent, input-dim=768, output-dim=768, learning-rate=0.000988192, max-change=0.75, linear-params-rms=0.03639, linear-params-row-norms=[percentiles(0,1,2,5 10,20,50,80,90 95,98,99,100)=(0.91,0.94,0.95,0.96 0.97,0.99,1.0,1.0,1.0 1.1,1.1,1.1,1.1), mean=1.01, stddev=0.0279], linear-params-col-norms=[percentiles(0,1,2,5 10,20,50,80,90 95,98,99,100)=(0.93,0.95,0.95,0.96 0.97,0.99,1.0,1.0,1.0 1.1,1.1,1.1,1.1), mean=1.01, stddev=0.0272], bias-{mean,stddev}=-0.06997,1.031, rank-in=20, rank-out=80, num-samples-history=2000, update-period=4, alpha=4
component name=prefinal-affine-task-1.relu type=RectifiedLinearComponent, dim=768, self-repair-scale=1e-05, count=4.61e+03, self-repaired-proportion=0.202908, value-avg=[percentiles(0,1,2,5 10,20,50,80,90 95,98,99,100)=(0,0,0,0.0004 0.004,0.02,0.30,0.76,1.0 1.2,1.5,1.7,2.2), mean=0.416, stddev=0.426], deriv-avg=[percentiles(0,1,2,5 10,20,50,80,90 95,98,99,100)=(0,0,0,0.002 0.02,0.07,0.45,0.77,0.87 0.93,0.96,0.98,1.0), mean=0.443, stddev=0.316], oderiv-rms=[percentiles(0,1,2,5 10,20,50,80,90 95,98,99,100)=(4e-09,5e-09,2e-06,6e-05 0.0003,0.001,0.006,0.008,0.009 0.009,0.01,0.01,0.01), mean=0.00495, stddev=0.00316], oderiv-count=7424
component name=prefinal-affine-task-1.renorm type=NormalizeComponent, input-dim=768, output-dim=768, target-rms=1, add-log-stddev=false
component name=output-1.affine type=NaturalGradientAffineComponent, input-dim=768, output-dim=184, learning-rate=0.000988192, max-change=1.5, linear-params-rms=0.0215, linear-params-row-norms=[percentiles(0,1,2,5 10,20,50,80,90 95,98,99,100)=(0.07,0.07,0.07,0.07 0.07,0.07,0.07,0.94,1.0 1.1,1.1,1.1,1.2), mean=0.422, stddev=0.421], linear-params-col-norms=[percentiles(0,1,2,5 10,20,50,80,90 95,98,99,100)=(2e-07,4e-07,7e-05,0.003 0.01,0.05,0.28,0.40,0.43 0.45,0.49,0.50,0.57), mean=0.244, stddev=0.159], bias-{mean,stddev}=-5.275e-07,0.002167, rank-in=20, rank-out=80, num-samples-history=2000, update-period=4, alpha=4
component name=output-1.log-softmax type=LogSoftmaxComponent, dim=184, oderiv-rms=[percentiles(0,1,2,5 10,20,50,80,90 95,98,99,100)=(0,0,0,0 0,0,0,0.01,0.03 0.03,0.04,0.05,0.06), mean=0.00808, stddev=0.0123], oderiv-count=6656
nnet3-show-progress --use-gpu=no MTL/exp/nnet3/multitask/29.raw MTL/exp/nnet3/multitask/30.raw 
LOG (nnet3-show-progress[5.4.224~1-d4d9]:SelectGpuId():cu-device.cc:123) Manually selected to compute on CPU.
LOG (nnet3-show-progress[5.4.224~1-d4d9]:main():nnet3-show-progress.cc:143) Parameter differences per layer are [ tdnn1.affine:1.00104 tdnn2.affine:0.785329 tdnn3.affine:1.06218 tdnn4.affine:1.11584 tdnn5.affine:1.16732 tdnn6.affine:1.23893 tdnn7.affine:1.29738 tdnn8.affine:1.35131 tdnn9.affine:1.40173 tdnn10.affine:1.38387 tdnn11.affine:1.39166 tdnnFINAL.affine:1.45465 prefinal-affine-task-0.affine:0.922083 output-0.affine:0.908586 prefinal-affine-task-1.affine:0.352378 output-1.affine:0.345648 ]
LOG (nnet3-show-progress[5.4.224~1-d4d9]:main():nnet3-show-progress.cc:153) Norms of parameter matrices from <new-nnet-in> are [ tdnn1.affine:42.9361 tdnn2.affine:41.0387 tdnn3.affine:40.6069 tdnn4.affine:40.5987 tdnn5.affine:40.9226 tdnn6.affine:40.9482 tdnn7.affine:40.4501 tdnn8.affine:42.2727 tdnn9.affine:41.1644 tdnn10.affine:41.6513 tdnn11.affine:41.5576 tdnnFINAL.affine:40.7251 prefinal-affine-task-0.affine:40.6279 output-0.affine:15.7292 prefinal-affine-task-1.affine:40.0224 output-1.affine:8.08117 ]
LOG (nnet3-show-progress[5.4.224~1-d4d9]:main():nnet3-show-progress.cc:157) Relative parameter differences per layer are [ tdnn1.affine:0.0233407 tdnn2.affine:0.0191437 tdnn3.affine:0.026173 tdnn4.affine:0.0275028 tdnn5.affine:0.0285469 tdnn6.affine:0.0302819 tdnn7.affine:0.0321048 tdnn8.affine:0.0319965 tdnn9.affine:0.0340868 tdnn10.affine:0.0332578 tdnn11.affine:0.0335204 tdnnFINAL.affine:0.0357563 prefinal-affine-task-0.affine:0.0227056 output-0.affine:0.058206 prefinal-affine-task-1.affine:0.00880603 output-1.affine:0.0433857 ]
# Accounting: time=0 threads=1
# Ended (code 0) at Sat Jul 28 03:12:02 UTC 2018, elapsed time 0 seconds
