# nnet3-info MTL/exp/nnet3/multitask/77.raw && nnet3-show-progress --use-gpu=no MTL/exp/nnet3/multitask/76.raw MTL/exp/nnet3/multitask/77.raw 
# Started at Sat Jul 28 03:20:11 UTC 2018
#
nnet3-info MTL/exp/nnet3/multitask/77.raw 
num-parameters: 13897312
modulus: 1
input-node name=input dim=13
component-node name=tdnn1.affine component=tdnn1.affine input=Append(Offset(input, -2), Offset(input, -1), input, Offset(input, 1), Offset(input, 2)) input-dim=65 output-dim=768
component-node name=tdnn1.relu component=tdnn1.relu input=tdnn1.affine input-dim=768 output-dim=768
component-node name=tdnn1.renorm component=tdnn1.renorm input=tdnn1.relu input-dim=768 output-dim=768
component-node name=tdnn2.affine component=tdnn2.affine input=tdnn1.renorm input-dim=768 output-dim=768
component-node name=tdnn2.relu component=tdnn2.relu input=tdnn2.affine input-dim=768 output-dim=768
component-node name=tdnn2.renorm component=tdnn2.renorm input=tdnn2.relu input-dim=768 output-dim=768
component-node name=tdnn3.affine component=tdnn3.affine input=Append(Offset(tdnn2.renorm, -1), Offset(tdnn2.renorm, 2)) input-dim=1536 output-dim=768
component-node name=tdnn3.relu component=tdnn3.relu input=tdnn3.affine input-dim=768 output-dim=768
component-node name=tdnn3.renorm component=tdnn3.renorm input=tdnn3.relu input-dim=768 output-dim=768
component-node name=tdnn4.affine component=tdnn4.affine input=Append(Offset(tdnn3.renorm, -3), Offset(tdnn3.renorm, 3)) input-dim=1536 output-dim=768
component-node name=tdnn4.relu component=tdnn4.relu input=tdnn4.affine input-dim=768 output-dim=768
component-node name=tdnn4.renorm component=tdnn4.renorm input=tdnn4.relu input-dim=768 output-dim=768
component-node name=tdnn5.affine component=tdnn5.affine input=Append(Offset(tdnn4.renorm, -3), Offset(tdnn4.renorm, 3)) input-dim=1536 output-dim=768
component-node name=tdnn5.relu component=tdnn5.relu input=tdnn5.affine input-dim=768 output-dim=768
component-node name=tdnn5.renorm component=tdnn5.renorm input=tdnn5.relu input-dim=768 output-dim=768
component-node name=tdnn6.affine component=tdnn6.affine input=Append(Offset(tdnn5.renorm, -3), Offset(tdnn5.renorm, 3)) input-dim=1536 output-dim=768
component-node name=tdnn6.relu component=tdnn6.relu input=tdnn6.affine input-dim=768 output-dim=768
component-node name=tdnn6.renorm component=tdnn6.renorm input=tdnn6.relu input-dim=768 output-dim=768
component-node name=tdnn7.affine component=tdnn7.affine input=Append(Offset(tdnn6.renorm, -3), Offset(tdnn6.renorm, 3)) input-dim=1536 output-dim=768
component-node name=tdnn7.relu component=tdnn7.relu input=tdnn7.affine input-dim=768 output-dim=768
component-node name=tdnn7.renorm component=tdnn7.renorm input=tdnn7.relu input-dim=768 output-dim=768
component-node name=tdnn8.affine component=tdnn8.affine input=Append(Offset(tdnn7.renorm, -3), Offset(tdnn7.renorm, 3)) input-dim=1536 output-dim=768
component-node name=tdnn8.relu component=tdnn8.relu input=tdnn8.affine input-dim=768 output-dim=768
component-node name=tdnn8.renorm component=tdnn8.renorm input=tdnn8.relu input-dim=768 output-dim=768
component-node name=tdnn9.affine component=tdnn9.affine input=Append(Offset(tdnn8.renorm, -3), Offset(tdnn8.renorm, 3)) input-dim=1536 output-dim=768
component-node name=tdnn9.relu component=tdnn9.relu input=tdnn9.affine input-dim=768 output-dim=768
component-node name=tdnn9.renorm component=tdnn9.renorm input=tdnn9.relu input-dim=768 output-dim=768
component-node name=tdnn10.affine component=tdnn10.affine input=Append(Offset(tdnn9.renorm, -3), Offset(tdnn9.renorm, 3)) input-dim=1536 output-dim=768
component-node name=tdnn10.relu component=tdnn10.relu input=tdnn10.affine input-dim=768 output-dim=768
component-node name=tdnn10.renorm component=tdnn10.renorm input=tdnn10.relu input-dim=768 output-dim=768
component-node name=tdnn11.affine component=tdnn11.affine input=Append(Offset(tdnn10.renorm, -3), Offset(tdnn10.renorm, 3)) input-dim=1536 output-dim=768
component-node name=tdnn11.relu component=tdnn11.relu input=tdnn11.affine input-dim=768 output-dim=768
component-node name=tdnn11.renorm component=tdnn11.renorm input=tdnn11.relu input-dim=768 output-dim=768
component-node name=tdnnFINAL.affine component=tdnnFINAL.affine input=Append(Offset(tdnn11.renorm, -3), Offset(tdnn11.renorm, 3)) input-dim=1536 output-dim=768
component-node name=tdnnFINAL.relu component=tdnnFINAL.relu input=tdnnFINAL.affine input-dim=768 output-dim=768
component-node name=tdnnFINAL.renorm component=tdnnFINAL.renorm input=tdnnFINAL.relu input-dim=768 output-dim=768
component-node name=prefinal-affine-task-0.affine component=prefinal-affine-task-0.affine input=tdnnFINAL.renorm input-dim=768 output-dim=768
component-node name=prefinal-affine-task-0.relu component=prefinal-affine-task-0.relu input=prefinal-affine-task-0.affine input-dim=768 output-dim=768
component-node name=prefinal-affine-task-0.renorm component=prefinal-affine-task-0.renorm input=prefinal-affine-task-0.relu input-dim=768 output-dim=768
component-node name=output-0.affine component=output-0.affine input=prefinal-affine-task-0.renorm input-dim=768 output-dim=168
component-node name=output-0.log-softmax component=output-0.log-softmax input=output-0.affine input-dim=168 output-dim=168
output-node name=output-0 input=output-0.log-softmax dim=168 objective=linear
component-node name=prefinal-affine-task-1.affine component=prefinal-affine-task-1.affine input=tdnnFINAL.renorm input-dim=768 output-dim=768
component-node name=prefinal-affine-task-1.relu component=prefinal-affine-task-1.relu input=prefinal-affine-task-1.affine input-dim=768 output-dim=768
component-node name=prefinal-affine-task-1.renorm component=prefinal-affine-task-1.renorm input=prefinal-affine-task-1.relu input-dim=768 output-dim=768
component-node name=output-1.affine component=output-1.affine input=prefinal-affine-task-1.renorm input-dim=768 output-dim=184
component-node name=output-1.log-softmax component=output-1.log-softmax input=output-1.affine input-dim=184 output-dim=184
output-node name=output-1 input=output-1.log-softmax dim=184 objective=linear
component name=tdnn1.affine type=NaturalGradientAffineComponent, input-dim=65, output-dim=768, learning-rate=0.000502448, max-change=0.75, linear-params-rms=0.1471, linear-params-row-norms=[percentiles(0,1,2,5 10,20,50,80,90 95,98,99,100)=(0.76,0.83,0.88,0.92 0.96,1.0,1.1,1.3,1.4 1.5,1.6,1.7,1.9), mean=1.17, stddev=0.182], linear-params-col-norms=[percentiles(0,1,2,5 10,20,50,80,90 95,98,99,100)=(3.6,3.6,3.7,3.8 3.8,3.9,4.0,4.2,4.3 4.4,4.6,4.6,4.7), mean=4.07, stddev=0.219], bias-{mean,stddev}=0.02842,1.034, rank-in=20, rank-out=80, num-samples-history=2000, update-period=4, alpha=4
component name=tdnn1.relu type=RectifiedLinearComponent, dim=768, self-repair-scale=1e-05, count=1.84e+05, self-repaired-proportion=0.000233707, value-avg=[percentiles(0,1,2,5 10,20,50,80,90 95,98,99,100)=(0.01,0.02,0.02,0.03 0.04,0.07,0.29,1.3,1.8 2.2,2.8,3.2,5.7), mean=0.687, stddev=0.785], deriv-avg=[percentiles(0,1,2,5 10,20,50,80,90 95,98,99,100)=(0.06,0.06,0.07,0.08 0.09,0.13,0.39,0.86,0.90 0.92,0.93,0.94,0.95), mean=0.476, stddev=0.32], oderiv-rms=[percentiles(0,1,2,5 10,20,50,80,90 95,98,99,100)=(0.0002,0.0003,0.0003,0.0003 0.0003,0.0003,0.0004,0.0005,0.0006 0.0007,0.0008,0.0008,0.0009), mean=0.000424, stddev=0.000125], oderiv-count=250880
component name=tdnn1.renorm type=NormalizeComponent, input-dim=768, output-dim=768, target-rms=1, add-log-stddev=false
component name=tdnn2.affine type=NaturalGradientAffineComponent, input-dim=768, output-dim=768, learning-rate=0.000502448, max-change=0.75, linear-params-rms=0.03811, linear-params-row-norms=[percentiles(0,1,2,5 10,20,50,80,90 95,98,99,100)=(0.94,0.96,0.97,0.99 1.0,1.0,1.1,1.1,1.1 1.1,1.2,1.2,1.2), mean=1.06, stddev=0.0434], linear-params-col-norms=[percentiles(0,1,2,5 10,20,50,80,90 95,98,99,100)=(0.92,0.96,0.97,0.98 0.99,1.0,1.0,1.1,1.1 1.2,1.2,1.2,1.3), mean=1.05, stddev=0.0538], bias-{mean,stddev}=0.01179,1.051, rank-in=20, rank-out=80, num-samples-history=2000, update-period=4, alpha=4
component name=tdnn2.relu type=RectifiedLinearComponent, dim=768, self-repair-scale=1e-05, count=1.64e+05, self-repaired-proportion=0, value-avg=[percentiles(0,1,2,5 10,20,50,80,90 95,98,99,100)=(0.01,0.02,0.03,0.04 0.06,0.10,0.34,0.95,1.3 1.5,1.9,2.1,2.8), mean=0.524, stddev=0.514], deriv-avg=[percentiles(0,1,2,5 10,20,50,80,90 95,98,99,100)=(0.05,0.09,0.12,0.13 0.16,0.21,0.42,0.72,0.82 0.87,0.91,0.92,0.94), mean=0.459, stddev=0.244], oderiv-rms=[percentiles(0,1,2,5 10,20,50,80,90 95,98,99,100)=(0.0003,0.0003,0.0003,0.0003 0.0004,0.0004,0.0005,0.0006,0.0006 0.0007,0.0008,0.0008,0.0009), mean=0.000478, stddev=0.000111], oderiv-count=261120
component name=tdnn2.renorm type=NormalizeComponent, input-dim=768, output-dim=768, target-rms=1, add-log-stddev=false
component name=tdnn3.affine type=NaturalGradientAffineComponent, input-dim=1536, output-dim=768, learning-rate=0.000502448, max-change=0.75, linear-params-rms=0.02761, linear-params-row-norms=[percentiles(0,1,2,5 10,20,50,80,90 95,98,99,100)=(0.98,1.0,1.0,1.0 1.0,1.0,1.1,1.1,1.1 1.2,1.2,1.2,1.2), mean=1.08, stddev=0.0456], linear-params-col-norms=[percentiles(0,1,2,5 10,20,50,80,90 95,98,99,100)=(0.66,0.69,0.69,0.70 0.71,0.72,0.76,0.81,0.83 0.85,0.87,0.88,0.92), mean=0.764, stddev=0.0464], bias-{mean,stddev}=0.01776,1.008, rank-in=20, rank-out=80, num-samples-history=2000, update-period=4, alpha=4
component name=tdnn3.relu type=RectifiedLinearComponent, dim=768, self-repair-scale=1e-05, count=7.17e+04, self-repaired-proportion=0, value-avg=[percentiles(0,1,2,5 10,20,50,80,90 95,98,99,100)=(0.02,0.03,0.04,0.05 0.08,0.14,0.42,0.98,1.3 1.6,2.0,2.2,3.0), mean=0.578, stddev=0.512], deriv-avg=[percentiles(0,1,2,5 10,20,50,80,90 95,98,99,100)=(0.09,0.10,0.11,0.13 0.16,0.23,0.42,0.65,0.74 0.82,0.86,0.89,0.94), mean=0.44, stddev=0.214], oderiv-rms=[percentiles(0,1,2,5 10,20,50,80,90 95,98,99,100)=(0.0004,0.0005,0.0005,0.0005 0.0005,0.0005,0.0007,0.0008,0.001 0.001,0.001,0.001,0.001), mean=0.000704, stddev=0.000176], oderiv-count=125440
component name=tdnn3.renorm type=NormalizeComponent, input-dim=768, output-dim=768, target-rms=1, add-log-stddev=false
component name=tdnn4.affine type=NaturalGradientAffineComponent, input-dim=1536, output-dim=768, learning-rate=0.000502448, max-change=0.75, linear-params-rms=0.02774, linear-params-row-norms=[percentiles(0,1,2,5 10,20,50,80,90 95,98,99,100)=(0.96,0.99,1.0,1.0 1.0,1.0,1.1,1.1,1.2 1.2,1.2,1.2,1.2), mean=1.09, stddev=0.0502], linear-params-col-norms=[percentiles(0,1,2,5 10,20,50,80,90 95,98,99,100)=(0.65,0.68,0.69,0.70 0.71,0.73,0.76,0.81,0.83 0.85,0.88,0.89,0.94), mean=0.767, stddev=0.0475], bias-{mean,stddev}=0.00747,1.004, rank-in=20, rank-out=80, num-samples-history=2000, update-period=4, alpha=4
component name=tdnn4.relu type=RectifiedLinearComponent, dim=768, self-repair-scale=1e-05, count=8.76e+04, self-repaired-proportion=0, value-avg=[percentiles(0,1,2,5 10,20,50,80,90 95,98,99,100)=(0.02,0.03,0.04,0.06 0.08,0.13,0.41,0.87,1.3 1.5,1.9,2.0,2.5), mean=0.552, stddev=0.485], deriv-avg=[percentiles(0,1,2,5 10,20,50,80,90 95,98,99,100)=(0.06,0.07,0.09,0.12 0.15,0.22,0.42,0.62,0.73 0.81,0.85,0.89,0.93), mean=0.43, stddev=0.213], oderiv-rms=[percentiles(0,1,2,5 10,20,50,80,90 95,98,99,100)=(0.0005,0.0006,0.0006,0.0006 0.0007,0.0007,0.0008,0.001,0.001 0.001,0.001,0.001,0.002), mean=0.000861, stddev=0.000196], oderiv-count=119808
component name=tdnn4.renorm type=NormalizeComponent, input-dim=768, output-dim=768, target-rms=1, add-log-stddev=false
component name=tdnn5.affine type=NaturalGradientAffineComponent, input-dim=1536, output-dim=768, learning-rate=0.000502448, max-change=0.75, linear-params-rms=0.02793, linear-params-row-norms=[percentiles(0,1,2,5 10,20,50,80,90 95,98,99,100)=(0.98,1.0,1.0,1.0 1.0,1.0,1.1,1.1,1.2 1.2,1.2,1.2,1.2), mean=1.09, stddev=0.0505], linear-params-col-norms=[percentiles(0,1,2,5 10,20,50,80,90 95,98,99,100)=(0.65,0.69,0.70,0.71 0.71,0.73,0.77,0.82,0.84 0.86,0.88,0.90,0.98), mean=0.772, stddev=0.0487], bias-{mean,stddev}=0.02203,1.014, rank-in=20, rank-out=80, num-samples-history=2000, update-period=4, alpha=4
component name=tdnn5.relu type=RectifiedLinearComponent, dim=768, self-repair-scale=1e-05, count=7.78e+04, self-repaired-proportion=0.00108507, value-avg=[percentiles(0,1,2,5 10,20,50,80,90 95,98,99,100)=(0.02,0.03,0.05,0.06 0.09,0.17,0.41,0.93,1.2 1.5,1.8,2.0,2.6), mean=0.559, stddev=0.465], deriv-avg=[percentiles(0,1,2,5 10,20,50,80,90 95,98,99,100)=(0.05,0.08,0.10,0.13 0.17,0.25,0.43,0.64,0.74 0.80,0.86,0.89,0.95), mean=0.445, stddev=0.207], oderiv-rms=[percentiles(0,1,2,5 10,20,50,80,90 95,98,99,100)=(0.0007,0.0007,0.0007,0.0008 0.0008,0.0008,0.001,0.001,0.001 0.001,0.001,0.002,0.002), mean=0.00103, stddev=0.000203], oderiv-count=112640
component name=tdnn5.renorm type=NormalizeComponent, input-dim=768, output-dim=768, target-rms=1, add-log-stddev=false
component name=tdnn6.affine type=NaturalGradientAffineComponent, input-dim=1536, output-dim=768, learning-rate=0.000502448, max-change=0.75, linear-params-rms=0.02817, linear-params-row-norms=[percentiles(0,1,2,5 10,20,50,80,90 95,98,99,100)=(0.99,1.0,1.0,1.0 1.0,1.1,1.1,1.1,1.2 1.2,1.2,1.2,1.2), mean=1.1, stddev=0.0492], linear-params-col-norms=[percentiles(0,1,2,5 10,20,50,80,90 95,98,99,100)=(0.66,0.69,0.70,0.71 0.72,0.73,0.78,0.82,0.84 0.86,0.88,0.89,0.93), mean=0.779, stddev=0.0477], bias-{mean,stddev}=0.0458,1.007, rank-in=20, rank-out=80, num-samples-history=2000, update-period=4, alpha=4
component name=tdnn6.relu type=RectifiedLinearComponent, dim=768, self-repair-scale=1e-05, count=4.84e+04, self-repaired-proportion=4.20027e-05, value-avg=[percentiles(0,1,2,5 10,20,50,80,90 95,98,99,100)=(0.02,0.03,0.04,0.08 0.12,0.18,0.41,0.85,1.2 1.5,1.9,2.1,2.7), mean=0.546, stddev=0.456], deriv-avg=[percentiles(0,1,2,5 10,20,50,80,90 95,98,99,100)=(0.06,0.08,0.10,0.15 0.20,0.26,0.43,0.63,0.74 0.80,0.86,0.89,0.92), mean=0.443, stddev=0.199], oderiv-rms=[percentiles(0,1,2,5 10,20,50,80,90 95,98,99,100)=(0.0008,0.0009,0.0009,0.0009 0.001,0.001,0.001,0.001,0.002 0.002,0.002,0.002,0.002), mean=0.00124, stddev=0.000216], oderiv-count=91392
component name=tdnn6.renorm type=NormalizeComponent, input-dim=768, output-dim=768, target-rms=1, add-log-stddev=false
component name=tdnn7.affine type=NaturalGradientAffineComponent, input-dim=1536, output-dim=768, learning-rate=0.000502448, max-change=0.75, linear-params-rms=0.02841, linear-params-row-norms=[percentiles(0,1,2,5 10,20,50,80,90 95,98,99,100)=(0.98,1.0,1.0,1.0 1.0,1.1,1.1,1.2,1.2 1.2,1.2,1.2,1.3), mean=1.11, stddev=0.0516], linear-params-col-norms=[percentiles(0,1,2,5 10,20,50,80,90 95,98,99,100)=(0.63,0.69,0.70,0.71 0.72,0.74,0.79,0.83,0.85 0.87,0.88,0.90,0.98), mean=0.786, stddev=0.0483], bias-{mean,stddev}=0.01654,0.9737, rank-in=20, rank-out=80, num-samples-history=2000, update-period=4, alpha=4
component name=tdnn7.relu type=RectifiedLinearComponent, dim=768, self-repair-scale=1e-05, count=5.38e+04, self-repaired-proportion=0.00260417, value-avg=[percentiles(0,1,2,5 10,20,50,80,90 95,98,99,100)=(0.0007,0.04,0.06,0.09 0.12,0.18,0.41,0.85,1.2 1.5,1.9,2.0,3.6), mean=0.545, stddev=0.458], deriv-avg=[percentiles(0,1,2,5 10,20,50,80,90 95,98,99,100)=(0.003,0.09,0.12,0.17 0.21,0.27,0.42,0.62,0.73 0.80,0.86,0.90,1.0), mean=0.447, stddev=0.195], oderiv-rms=[percentiles(0,1,2,5 10,20,50,80,90 95,98,99,100)=(0.0008,0.0009,0.0009,0.001 0.001,0.001,0.001,0.001,0.002 0.002,0.002,0.002,0.002), mean=0.00126, stddev=0.000204], oderiv-count=76800
component name=tdnn7.renorm type=NormalizeComponent, input-dim=768, output-dim=768, target-rms=1, add-log-stddev=false
component name=tdnn8.affine type=NaturalGradientAffineComponent, input-dim=1536, output-dim=768, learning-rate=0.000502448, max-change=0.75, linear-params-rms=0.02861, linear-params-row-norms=[percentiles(0,1,2,5 10,20,50,80,90 95,98,99,100)=(0.97,1.0,1.0,1.0 1.0,1.1,1.1,1.2,1.2 1.2,1.2,1.2,1.3), mean=1.12, stddev=0.0605], linear-params-col-norms=[percentiles(0,1,2,5 10,20,50,80,90 95,98,99,100)=(0.67,0.70,0.71,0.72 0.73,0.75,0.79,0.84,0.86 0.87,0.89,0.90,0.95), mean=0.791, stddev=0.0493], bias-{mean,stddev}=-0.05805,1.063, rank-in=20, rank-out=80, num-samples-history=2000, update-period=4, alpha=4
component name=tdnn8.relu type=RectifiedLinearComponent, dim=768, self-repair-scale=1e-05, count=3.84e+04, self-repaired-proportion=0.00425816, value-avg=[percentiles(0,1,2,5 10,20,50,80,90 95,98,99,100)=(0.0007,0.02,0.03,0.05 0.08,0.15,0.37,0.89,1.2 1.6,1.9,2.2,2.7), mean=0.541, stddev=0.497], deriv-avg=[percentiles(0,1,2,5 10,20,50,80,90 95,98,99,100)=(0.004,0.06,0.07,0.11 0.15,0.23,0.41,0.63,0.74 0.83,0.89,0.92,0.96), mean=0.431, stddev=0.22], oderiv-rms=[percentiles(0,1,2,5 10,20,50,80,90 95,98,99,100)=(0.001,0.001,0.001,0.001 0.001,0.001,0.002,0.002,0.002 0.002,0.002,0.002,0.003), mean=0.00153, stddev=0.000277], oderiv-count=69120
component name=tdnn8.renorm type=NormalizeComponent, input-dim=768, output-dim=768, target-rms=1, add-log-stddev=false
component name=tdnn9.affine type=NaturalGradientAffineComponent, input-dim=1536, output-dim=768, learning-rate=0.000502448, max-change=0.75, linear-params-rms=0.02883, linear-params-row-norms=[percentiles(0,1,2,5 10,20,50,80,90 95,98,99,100)=(0.96,0.99,1.0,1.0 1.0,1.1,1.1,1.2,1.2 1.2,1.2,1.2,1.3), mean=1.13, stddev=0.0651], linear-params-col-norms=[percentiles(0,1,2,5 10,20,50,80,90 95,98,99,100)=(0.66,0.69,0.70,0.71 0.72,0.74,0.79,0.85,0.87 0.89,0.91,0.92,0.97), mean=0.797, stddev=0.0571], bias-{mean,stddev}=-0.05935,0.998, rank-in=20, rank-out=80, num-samples-history=2000, update-period=4, alpha=4
component name=tdnn9.relu type=RectifiedLinearComponent, dim=768, self-repair-scale=1e-05, count=3.48e+04, self-repaired-proportion=0.0161024, value-avg=[percentiles(0,1,2,5 10,20,50,80,90 95,98,99,100)=(0,0.005,0.02,0.05 0.08,0.15,0.40,0.83,1.1 1.4,1.8,1.9,2.4), mean=0.518, stddev=0.441], deriv-avg=[percentiles(0,1,2,5 10,20,50,80,90 95,98,99,100)=(0,0.02,0.06,0.11 0.16,0.24,0.43,0.62,0.73 0.81,0.87,0.91,0.98), mean=0.433, stddev=0.211], oderiv-rms=[percentiles(0,1,2,5 10,20,50,80,90 95,98,99,100)=(0.001,0.001,0.001,0.001 0.001,0.001,0.002,0.002,0.002 0.002,0.002,0.003,0.003), mean=0.0018, stddev=0.000314], oderiv-count=47104
component name=tdnn9.renorm type=NormalizeComponent, input-dim=768, output-dim=768, target-rms=1, add-log-stddev=false
component name=tdnn10.affine type=NaturalGradientAffineComponent, input-dim=1536, output-dim=768, learning-rate=0.000502448, max-change=0.75, linear-params-rms=0.02881, linear-params-row-norms=[percentiles(0,1,2,5 10,20,50,80,90 95,98,99,100)=(0.97,0.99,1.0,1.0 1.0,1.1,1.1,1.2,1.2 1.2,1.2,1.3,1.3), mean=1.13, stddev=0.0658], linear-params-col-norms=[percentiles(0,1,2,5 10,20,50,80,90 95,98,99,100)=(0.67,0.69,0.70,0.71 0.72,0.74,0.80,0.85,0.87 0.88,0.90,0.91,0.95), mean=0.796, stddev=0.0552], bias-{mean,stddev}=0.02918,1.027, rank-in=20, rank-out=80, num-samples-history=2000, update-period=4, alpha=4
component name=tdnn10.relu type=RectifiedLinearComponent, dim=768, self-repair-scale=1e-05, count=2.84e+04, self-repaired-proportion=0.0224971, value-avg=[percentiles(0,1,2,5 10,20,50,80,90 95,98,99,100)=(9e-06,0.005,0.02,0.04 0.07,0.15,0.38,0.86,1.2 1.5,1.8,2.1,2.7), mean=0.535, stddev=0.479], deriv-avg=[percentiles(0,1,2,5 10,20,50,80,90 95,98,99,100)=(7e-05,0.02,0.05,0.09 0.14,0.23,0.43,0.63,0.76 0.83,0.90,0.93,0.99), mean=0.438, stddev=0.224], oderiv-rms=[percentiles(0,1,2,5 10,20,50,80,90 95,98,99,100)=(0.001,0.001,0.001,0.002 0.002,0.002,0.002,0.002,0.003 0.003,0.003,0.003,0.003), mean=0.00214, stddev=0.000388], oderiv-count=38400
component name=tdnn10.renorm type=NormalizeComponent, input-dim=768, output-dim=768, target-rms=1, add-log-stddev=false
component name=tdnn11.affine type=NaturalGradientAffineComponent, input-dim=1536, output-dim=768, learning-rate=0.000502448, max-change=0.75, linear-params-rms=0.02889, linear-params-row-norms=[percentiles(0,1,2,5 10,20,50,80,90 95,98,99,100)=(0.97,0.97,0.98,1.0 1.0,1.0,1.1,1.2,1.2 1.2,1.3,1.3,1.3), mean=1.13, stddev=0.077], linear-params-col-norms=[percentiles(0,1,2,5 10,20,50,80,90 95,98,99,100)=(0.66,0.69,0.70,0.71 0.72,0.74,0.80,0.85,0.87 0.89,0.90,0.92,0.96), mean=0.799, stddev=0.056], bias-{mean,stddev}=0.03175,1.019, rank-in=20, rank-out=80, num-samples-history=2000, update-period=4, alpha=4
component name=tdnn11.relu type=RectifiedLinearComponent, dim=768, self-repair-scale=1e-05, count=1.84e+04, self-repaired-proportion=0.0696373, value-avg=[percentiles(0,1,2,5 10,20,50,80,90 95,98,99,100)=(0,0.0002,0.001,0.01 0.04,0.10,0.37,0.87,1.3 1.6,1.9,2.4,3.4), mean=0.537, stddev=0.534], deriv-avg=[percentiles(0,1,2,5 10,20,50,80,90 95,98,99,100)=(0,0.001,0.006,0.04 0.09,0.19,0.42,0.65,0.78 0.87,0.94,0.95,1.0), mean=0.427, stddev=0.25], oderiv-rms=[percentiles(0,1,2,5 10,20,50,80,90 95,98,99,100)=(0.002,0.002,0.002,0.002 0.002,0.002,0.003,0.003,0.003 0.003,0.004,0.004,0.004), mean=0.00257, stddev=0.000503], oderiv-count=24576
component name=tdnn11.renorm type=NormalizeComponent, input-dim=768, output-dim=768, target-rms=1, add-log-stddev=false
component name=tdnnFINAL.affine type=NaturalGradientAffineComponent, input-dim=1536, output-dim=768, learning-rate=0.000502448, max-change=0.75, linear-params-rms=0.02913, linear-params-row-norms=[percentiles(0,1,2,5 10,20,50,80,90 95,98,99,100)=(0.96,0.97,0.98,1.0 1.0,1.0,1.1,1.2,1.2 1.3,1.3,1.3,1.3), mean=1.14, stddev=0.0883], linear-params-col-norms=[percentiles(0,1,2,5 10,20,50,80,90 95,98,99,100)=(0.64,0.68,0.69,0.70 0.71,0.73,0.81,0.87,0.89 0.91,0.93,0.94,0.99), mean=0.804, stddev=0.0683], bias-{mean,stddev}=-0.0673,0.9591, rank-in=20, rank-out=80, num-samples-history=2000, update-period=4, alpha=4
component name=tdnnFINAL.relu type=RectifiedLinearComponent, dim=768, self-repair-scale=1e-05, count=8.45e+03, self-repaired-proportion=0.0990349, value-avg=[percentiles(0,1,2,5 10,20,50,80,90 95,98,99,100)=(0,0,0.0002,0.002 0.02,0.09,0.33,0.74,0.99 1.2,1.6,1.9,2.6), mean=0.437, stddev=0.431], deriv-avg=[percentiles(0,1,2,5 10,20,50,80,90 95,98,99,100)=(0,0,0.001,0.009 0.06,0.15,0.36,0.58,0.68 0.76,0.86,0.92,0.98), mean=0.375, stddev=0.231], oderiv-rms=[percentiles(0,1,2,5 10,20,50,80,90 95,98,99,100)=(0.002,0.002,0.003,0.003 0.003,0.003,0.004,0.005,0.005 0.005,0.005,0.006,0.007), mean=0.00386, stddev=0.000771], oderiv-count=13056
component name=tdnnFINAL.renorm type=NormalizeComponent, input-dim=768, output-dim=768, target-rms=1, add-log-stddev=false
component name=prefinal-affine-task-0.affine type=NaturalGradientAffineComponent, input-dim=768, output-dim=768, learning-rate=0.000502448, max-change=0.75, linear-params-rms=0.03886, linear-params-row-norms=[percentiles(0,1,2,5 10,20,50,80,90 95,98,99,100)=(0.92,0.95,0.96,0.97 0.99,1.0,1.1,1.1,1.2 1.2,1.2,1.2,1.3), mean=1.07, stddev=0.0712], linear-params-col-norms=[percentiles(0,1,2,5 10,20,50,80,90 95,98,99,100)=(0.95,0.96,0.97,0.98 0.99,1.0,1.1,1.1,1.2 1.2,1.2,1.2,1.3), mean=1.08, stddev=0.0621], bias-{mean,stddev}=0.0007237,1.006, rank-in=20, rank-out=80, num-samples-history=2000, update-period=4, alpha=4
component name=prefinal-affine-task-0.relu type=RectifiedLinearComponent, dim=768, self-repair-scale=1e-05, count=4.1e+03, self-repaired-proportion=0.131155, value-avg=[percentiles(0,1,2,5 10,20,50,80,90 95,98,99,100)=(0,1e-05,0.0002,0.001 0.006,0.05,0.34,0.68,0.84 0.96,1.1,1.2,1.3), mean=0.38, stddev=0.321], deriv-avg=[percentiles(0,1,2,5 10,20,50,80,90 95,98,99,100)=(0,0.0002,0.001,0.006 0.02,0.11,0.39,0.61,0.69 0.74,0.76,0.79,0.83), mean=0.376, stddev=0.236], oderiv-rms=[percentiles(0,1,2,5 10,20,50,80,90 95,98,99,100)=(4e-09,2e-06,1e-05,5e-05 0.0002,0.0009,0.003,0.005,0.005 0.006,0.006,0.007,0.008), mean=0.00291, stddev=0.00182], oderiv-count=5888
component name=prefinal-affine-task-0.renorm type=NormalizeComponent, input-dim=768, output-dim=768, target-rms=1, add-log-stddev=false
component name=output-0.affine type=NaturalGradientAffineComponent, input-dim=768, output-dim=168, learning-rate=0.000502448, max-change=1.5, linear-params-rms=0.05055, linear-params-row-norms=[percentiles(0,1,2,5 10,20,50,80,90 95,98,99,100)=(0.14,0.14,0.90,1.1 1.1,1.2,1.4,1.6,1.7 1.7,1.8,1.8,2.0), mean=1.38, stddev=0.24], linear-params-col-norms=[percentiles(0,1,2,5 10,20,50,80,90 95,98,99,100)=(7e-07,0.0005,0.002,0.009 0.03,0.14,0.65,0.88,0.94 1.0,1.1,1.1,1.3), mean=0.554, stddev=0.349], bias-{mean,stddev}=2.064e-07,0.00395, rank-in=20, rank-out=80, num-samples-history=2000, update-period=4, alpha=4
component name=output-0.log-softmax type=LogSoftmaxComponent, dim=168, oderiv-rms=[percentiles(0,1,2,5 10,20,50,80,90 95,98,99,100)=(0,0,0.01,0.02 0.03,0.03,0.05,0.07,0.08 0.10,0.13,0.14,0.27), mean=0.0534, stddev=0.031], oderiv-count=6912
component name=prefinal-affine-task-1.affine type=NaturalGradientAffineComponent, input-dim=768, output-dim=768, learning-rate=0.000502448, max-change=0.75, linear-params-rms=0.03658, linear-params-row-norms=[percentiles(0,1,2,5 10,20,50,80,90 95,98,99,100)=(0.91,0.94,0.95,0.96 0.98,0.99,1.0,1.0,1.1 1.1,1.1,1.1,1.2), mean=1.01, stddev=0.0317], linear-params-col-norms=[percentiles(0,1,2,5 10,20,50,80,90 95,98,99,100)=(0.94,0.95,0.96,0.97 0.98,0.99,1.0,1.0,1.1 1.1,1.1,1.1,1.1), mean=1.01, stddev=0.0289], bias-{mean,stddev}=-0.07027,1.031, rank-in=20, rank-out=80, num-samples-history=2000, update-period=4, alpha=4
component name=prefinal-affine-task-1.relu type=RectifiedLinearComponent, dim=768, self-repair-scale=1e-05, count=3.07e+03, self-repaired-proportion=0.155192, value-avg=[percentiles(0,1,2,5 10,20,50,80,90 95,98,99,100)=(0,0,7e-07,0.0006 0.007,0.03,0.26,0.54,0.68 0.78,0.90,0.97,1.1), mean=0.3, stddev=0.263], deriv-avg=[percentiles(0,1,2,5 10,20,50,80,90 95,98,99,100)=(0,0,0.0003,0.003 0.03,0.08,0.42,0.67,0.75 0.81,0.85,0.87,0.94), mean=0.397, stddev=0.271], oderiv-rms=[percentiles(0,1,2,5 10,20,50,80,90 95,98,99,100)=(2e-09,3e-07,1e-05,6e-05 0.0002,0.0007,0.004,0.005,0.005 0.005,0.006,0.006,0.007), mean=0.00301, stddev=0.00187], oderiv-count=6656
component name=prefinal-affine-task-1.renorm type=NormalizeComponent, input-dim=768, output-dim=768, target-rms=1, add-log-stddev=false
component name=output-1.affine type=NaturalGradientAffineComponent, input-dim=768, output-dim=184, learning-rate=0.000502448, max-change=1.5, linear-params-rms=0.02859, linear-params-row-norms=[percentiles(0,1,2,5 10,20,50,80,90 95,98,99,100)=(0.07,0.07,0.07,0.07 0.07,0.07,0.07,1.2,1.4 1.5,1.5,1.6,1.6), mean=0.545, stddev=0.575], linear-params-col-norms=[percentiles(0,1,2,5 10,20,50,80,90 95,98,99,100)=(3e-07,4e-06,0.001,0.006 0.02,0.07,0.37,0.52,0.57 0.60,0.64,0.66,0.75), mean=0.328, stddev=0.207], bias-{mean,stddev}=-5.423e-07,0.002196, rank-in=20, rank-out=80, num-samples-history=2000, update-period=4, alpha=4
component name=output-1.log-softmax type=LogSoftmaxComponent, dim=184, oderiv-rms=[percentiles(0,1,2,5 10,20,50,80,90 95,98,99,100)=(0,0,0,0 0,0,0,0.02,0.03 0.03,0.05,0.05,0.06), mean=0.00808, stddev=0.0123], oderiv-count=6144
nnet3-show-progress --use-gpu=no MTL/exp/nnet3/multitask/76.raw MTL/exp/nnet3/multitask/77.raw 
LOG (nnet3-show-progress[5.4.224~1-d4d9]:SelectGpuId():cu-device.cc:123) Manually selected to compute on CPU.
LOG (nnet3-show-progress[5.4.224~1-d4d9]:main():nnet3-show-progress.cc:143) Parameter differences per layer are [ tdnn1.affine:0.160994 tdnn2.affine:0.0965401 tdnn3.affine:0.131637 tdnn4.affine:0.145577 tdnn5.affine:0.156733 tdnn6.affine:0.167477 tdnn7.affine:0.177726 tdnn8.affine:0.185975 tdnn9.affine:0.197387 tdnn10.affine:0.200437 tdnn11.affine:0.200903 tdnnFINAL.affine:0.202625 prefinal-affine-task-0.affine:0.090615 output-0.affine:0.0754069 prefinal-affine-task-1.affine:0.105889 output-1.affine:0.0673791 ]
LOG (nnet3-show-progress[5.4.224~1-d4d9]:main():nnet3-show-progress.cc:153) Norms of parameter matrices from <new-nnet-in> are [ tdnn1.affine:43.611 tdnn2.affine:41.2929 tdnn3.affine:40.9886 tdnn4.affine:41.0039 tdnn5.affine:41.3628 tdnn6.affine:41.4352 tdnn7.affine:40.9954 tdnn8.affine:42.8467 tdnn9.affine:41.8143 tdnn10.affine:42.3121 tdnn11.affine:42.22 tdnnFINAL.affine:41.3672 prefinal-affine-task-0.affine:40.8372 output-0.affine:18.1578 prefinal-affine-task-1.affine:40.1175 output-1.affine:10.7462 ]
LOG (nnet3-show-progress[5.4.224~1-d4d9]:main():nnet3-show-progress.cc:157) Relative parameter differences per layer are [ tdnn1.affine:0.00369167 tdnn2.affine:0.00233798 tdnn3.affine:0.00321164 tdnn4.affine:0.00355043 tdnn5.affine:0.00378935 tdnn6.affine:0.00404207 tdnn7.affine:0.00433546 tdnn8.affine:0.00434071 tdnn9.affine:0.00472084 tdnn10.affine:0.00473737 tdnn11.affine:0.00475873 tdnnFINAL.affine:0.0048984 prefinal-affine-task-0.affine:0.00221894 output-0.affine:0.00415633 prefinal-affine-task-1.affine:0.00263946 output-1.affine:0.00628389 ]
# Accounting: time=0 threads=1
# Ended (code 0) at Sat Jul 28 03:20:11 UTC 2018, elapsed time 0 seconds
