# nnet3-info MTL/exp/nnet3/multitask/113.raw && nnet3-show-progress --use-gpu=no MTL/exp/nnet3/multitask/112.raw MTL/exp/nnet3/multitask/113.raw 
# Started at Sat Jul 28 03:26:26 UTC 2018
#
nnet3-info MTL/exp/nnet3/multitask/113.raw 
num-parameters: 13897312
modulus: 1
input-node name=input dim=13
component-node name=tdnn1.affine component=tdnn1.affine input=Append(Offset(input, -2), Offset(input, -1), input, Offset(input, 1), Offset(input, 2)) input-dim=65 output-dim=768
component-node name=tdnn1.relu component=tdnn1.relu input=tdnn1.affine input-dim=768 output-dim=768
component-node name=tdnn1.renorm component=tdnn1.renorm input=tdnn1.relu input-dim=768 output-dim=768
component-node name=tdnn2.affine component=tdnn2.affine input=tdnn1.renorm input-dim=768 output-dim=768
component-node name=tdnn2.relu component=tdnn2.relu input=tdnn2.affine input-dim=768 output-dim=768
component-node name=tdnn2.renorm component=tdnn2.renorm input=tdnn2.relu input-dim=768 output-dim=768
component-node name=tdnn3.affine component=tdnn3.affine input=Append(Offset(tdnn2.renorm, -1), Offset(tdnn2.renorm, 2)) input-dim=1536 output-dim=768
component-node name=tdnn3.relu component=tdnn3.relu input=tdnn3.affine input-dim=768 output-dim=768
component-node name=tdnn3.renorm component=tdnn3.renorm input=tdnn3.relu input-dim=768 output-dim=768
component-node name=tdnn4.affine component=tdnn4.affine input=Append(Offset(tdnn3.renorm, -3), Offset(tdnn3.renorm, 3)) input-dim=1536 output-dim=768
component-node name=tdnn4.relu component=tdnn4.relu input=tdnn4.affine input-dim=768 output-dim=768
component-node name=tdnn4.renorm component=tdnn4.renorm input=tdnn4.relu input-dim=768 output-dim=768
component-node name=tdnn5.affine component=tdnn5.affine input=Append(Offset(tdnn4.renorm, -3), Offset(tdnn4.renorm, 3)) input-dim=1536 output-dim=768
component-node name=tdnn5.relu component=tdnn5.relu input=tdnn5.affine input-dim=768 output-dim=768
component-node name=tdnn5.renorm component=tdnn5.renorm input=tdnn5.relu input-dim=768 output-dim=768
component-node name=tdnn6.affine component=tdnn6.affine input=Append(Offset(tdnn5.renorm, -3), Offset(tdnn5.renorm, 3)) input-dim=1536 output-dim=768
component-node name=tdnn6.relu component=tdnn6.relu input=tdnn6.affine input-dim=768 output-dim=768
component-node name=tdnn6.renorm component=tdnn6.renorm input=tdnn6.relu input-dim=768 output-dim=768
component-node name=tdnn7.affine component=tdnn7.affine input=Append(Offset(tdnn6.renorm, -3), Offset(tdnn6.renorm, 3)) input-dim=1536 output-dim=768
component-node name=tdnn7.relu component=tdnn7.relu input=tdnn7.affine input-dim=768 output-dim=768
component-node name=tdnn7.renorm component=tdnn7.renorm input=tdnn7.relu input-dim=768 output-dim=768
component-node name=tdnn8.affine component=tdnn8.affine input=Append(Offset(tdnn7.renorm, -3), Offset(tdnn7.renorm, 3)) input-dim=1536 output-dim=768
component-node name=tdnn8.relu component=tdnn8.relu input=tdnn8.affine input-dim=768 output-dim=768
component-node name=tdnn8.renorm component=tdnn8.renorm input=tdnn8.relu input-dim=768 output-dim=768
component-node name=tdnn9.affine component=tdnn9.affine input=Append(Offset(tdnn8.renorm, -3), Offset(tdnn8.renorm, 3)) input-dim=1536 output-dim=768
component-node name=tdnn9.relu component=tdnn9.relu input=tdnn9.affine input-dim=768 output-dim=768
component-node name=tdnn9.renorm component=tdnn9.renorm input=tdnn9.relu input-dim=768 output-dim=768
component-node name=tdnn10.affine component=tdnn10.affine input=Append(Offset(tdnn9.renorm, -3), Offset(tdnn9.renorm, 3)) input-dim=1536 output-dim=768
component-node name=tdnn10.relu component=tdnn10.relu input=tdnn10.affine input-dim=768 output-dim=768
component-node name=tdnn10.renorm component=tdnn10.renorm input=tdnn10.relu input-dim=768 output-dim=768
component-node name=tdnn11.affine component=tdnn11.affine input=Append(Offset(tdnn10.renorm, -3), Offset(tdnn10.renorm, 3)) input-dim=1536 output-dim=768
component-node name=tdnn11.relu component=tdnn11.relu input=tdnn11.affine input-dim=768 output-dim=768
component-node name=tdnn11.renorm component=tdnn11.renorm input=tdnn11.relu input-dim=768 output-dim=768
component-node name=tdnnFINAL.affine component=tdnnFINAL.affine input=Append(Offset(tdnn11.renorm, -3), Offset(tdnn11.renorm, 3)) input-dim=1536 output-dim=768
component-node name=tdnnFINAL.relu component=tdnnFINAL.relu input=tdnnFINAL.affine input-dim=768 output-dim=768
component-node name=tdnnFINAL.renorm component=tdnnFINAL.renorm input=tdnnFINAL.relu input-dim=768 output-dim=768
component-node name=prefinal-affine-task-0.affine component=prefinal-affine-task-0.affine input=tdnnFINAL.renorm input-dim=768 output-dim=768
component-node name=prefinal-affine-task-0.relu component=prefinal-affine-task-0.relu input=prefinal-affine-task-0.affine input-dim=768 output-dim=768
component-node name=prefinal-affine-task-0.renorm component=prefinal-affine-task-0.renorm input=prefinal-affine-task-0.relu input-dim=768 output-dim=768
component-node name=output-0.affine component=output-0.affine input=prefinal-affine-task-0.renorm input-dim=768 output-dim=168
component-node name=output-0.log-softmax component=output-0.log-softmax input=output-0.affine input-dim=168 output-dim=168
output-node name=output-0 input=output-0.log-softmax dim=168 objective=linear
component-node name=prefinal-affine-task-1.affine component=prefinal-affine-task-1.affine input=tdnnFINAL.renorm input-dim=768 output-dim=768
component-node name=prefinal-affine-task-1.relu component=prefinal-affine-task-1.relu input=prefinal-affine-task-1.affine input-dim=768 output-dim=768
component-node name=prefinal-affine-task-1.renorm component=prefinal-affine-task-1.renorm input=prefinal-affine-task-1.relu input-dim=768 output-dim=768
component-node name=output-1.affine component=output-1.affine input=prefinal-affine-task-1.renorm input-dim=768 output-dim=184
component-node name=output-1.log-softmax component=output-1.log-softmax input=output-1.affine input-dim=184 output-dim=184
output-node name=output-1 input=output-1.log-softmax dim=184 objective=linear
component name=tdnn1.affine type=NaturalGradientAffineComponent, input-dim=65, output-dim=768, learning-rate=0.000299289, max-change=0.75, linear-params-rms=0.1474, linear-params-row-norms=[percentiles(0,1,2,5 10,20,50,80,90 95,98,99,100)=(0.76,0.83,0.87,0.92 0.96,1.0,1.2,1.3,1.4 1.5,1.6,1.7,1.9), mean=1.17, stddev=0.183], linear-params-col-norms=[percentiles(0,1,2,5 10,20,50,80,90 95,98,99,100)=(3.6,3.6,3.7,3.8 3.8,3.9,4.1,4.2,4.3 4.4,4.6,4.6,4.7), mean=4.08, stddev=0.219], bias-{mean,stddev}=0.02829,1.034, rank-in=20, rank-out=80, num-samples-history=2000, update-period=4, alpha=4
component name=tdnn1.relu type=RectifiedLinearComponent, dim=768, self-repair-scale=1e-05, count=1.69e+05, self-repaired-proportion=0, value-avg=[percentiles(0,1,2,5 10,20,50,80,90 95,98,99,100)=(0.01,0.02,0.02,0.03 0.04,0.07,0.31,1.3,1.7 2.1,2.7,3.2,5.8), mean=0.677, stddev=0.769], deriv-avg=[percentiles(0,1,2,5 10,20,50,80,90 95,98,99,100)=(0.05,0.06,0.07,0.08 0.10,0.14,0.40,0.86,0.89 0.90,0.93,0.93,0.93), mean=0.477, stddev=0.317], oderiv-rms=[percentiles(0,1,2,5 10,20,50,80,90 95,98,99,100)=(0.0001,0.0001,0.0001,0.0001 0.0001,0.0001,0.0002,0.0002,0.0003 0.0003,0.0003,0.0003,0.0004), mean=0.000182, stddev=4.89e-05], oderiv-count=266240
component name=tdnn1.renorm type=NormalizeComponent, input-dim=768, output-dim=768, target-rms=1, add-log-stddev=false
component name=tdnn2.affine type=NaturalGradientAffineComponent, input-dim=768, output-dim=768, learning-rate=0.000299289, max-change=0.75, linear-params-rms=0.03815, linear-params-row-norms=[percentiles(0,1,2,5 10,20,50,80,90 95,98,99,100)=(0.94,0.96,0.97,0.99 1.0,1.0,1.1,1.1,1.1 1.1,1.2,1.2,1.2), mean=1.06, stddev=0.0438], linear-params-col-norms=[percentiles(0,1,2,5 10,20,50,80,90 95,98,99,100)=(0.92,0.96,0.97,0.98 0.99,1.0,1.0,1.1,1.1 1.2,1.2,1.2,1.3), mean=1.06, stddev=0.0544], bias-{mean,stddev}=0.01178,1.051, rank-in=20, rank-out=80, num-samples-history=2000, update-period=4, alpha=4
component name=tdnn2.relu type=RectifiedLinearComponent, dim=768, self-repair-scale=1e-05, count=2.05e+05, self-repaired-proportion=0, value-avg=[percentiles(0,1,2,5 10,20,50,80,90 95,98,99,100)=(0.02,0.03,0.03,0.05 0.06,0.10,0.34,0.94,1.3 1.5,1.9,2.1,2.8), mean=0.523, stddev=0.503], deriv-avg=[percentiles(0,1,2,5 10,20,50,80,90 95,98,99,100)=(0.08,0.10,0.12,0.14 0.17,0.22,0.42,0.72,0.82 0.87,0.90,0.91,0.93), mean=0.46, stddev=0.24], oderiv-rms=[percentiles(0,1,2,5 10,20,50,80,90 95,98,99,100)=(0.0001,0.0002,0.0002,0.0002 0.0002,0.0002,0.0002,0.0003,0.0003 0.0003,0.0003,0.0003,0.0004), mean=0.000216, stddev=4.52e-05], oderiv-count=235520
component name=tdnn2.renorm type=NormalizeComponent, input-dim=768, output-dim=768, target-rms=1, add-log-stddev=false
component name=tdnn3.affine type=NaturalGradientAffineComponent, input-dim=1536, output-dim=768, learning-rate=0.000299289, max-change=0.75, linear-params-rms=0.02764, linear-params-row-norms=[percentiles(0,1,2,5 10,20,50,80,90 95,98,99,100)=(0.98,1.0,1.0,1.0 1.0,1.0,1.1,1.1,1.1 1.2,1.2,1.2,1.2), mean=1.08, stddev=0.046], linear-params-col-norms=[percentiles(0,1,2,5 10,20,50,80,90 95,98,99,100)=(0.66,0.69,0.69,0.70 0.71,0.72,0.76,0.81,0.83 0.85,0.87,0.88,0.92), mean=0.765, stddev=0.0469], bias-{mean,stddev}=0.01776,1.008, rank-in=20, rank-out=80, num-samples-history=2000, update-period=4, alpha=4
component name=tdnn3.relu type=RectifiedLinearComponent, dim=768, self-repair-scale=1e-05, count=6.66e+04, self-repaired-proportion=0, value-avg=[percentiles(0,1,2,5 10,20,50,80,90 95,98,99,100)=(0.02,0.04,0.04,0.06 0.09,0.15,0.42,0.98,1.3 1.6,2.0,2.2,3.0), mean=0.583, stddev=0.512], deriv-avg=[percentiles(0,1,2,5 10,20,50,80,90 95,98,99,100)=(0.09,0.10,0.11,0.13 0.16,0.23,0.42,0.64,0.75 0.81,0.86,0.89,0.93), mean=0.441, stddev=0.213], oderiv-rms=[percentiles(0,1,2,5 10,20,50,80,90 95,98,99,100)=(0.0002,0.0002,0.0002,0.0002 0.0002,0.0002,0.0003,0.0003,0.0004 0.0004,0.0004,0.0005,0.0005), mean=0.000289, stddev=6.59e-05], oderiv-count=128000
component name=tdnn3.renorm type=NormalizeComponent, input-dim=768, output-dim=768, target-rms=1, add-log-stddev=false
component name=tdnn4.affine type=NaturalGradientAffineComponent, input-dim=1536, output-dim=768, learning-rate=0.000299289, max-change=0.75, linear-params-rms=0.02777, linear-params-row-norms=[percentiles(0,1,2,5 10,20,50,80,90 95,98,99,100)=(0.96,0.99,1.0,1.0 1.0,1.0,1.1,1.1,1.2 1.2,1.2,1.2,1.2), mean=1.09, stddev=0.0507], linear-params-col-norms=[percentiles(0,1,2,5 10,20,50,80,90 95,98,99,100)=(0.65,0.68,0.69,0.70 0.71,0.73,0.76,0.81,0.84 0.86,0.88,0.89,0.94), mean=0.768, stddev=0.0479], bias-{mean,stddev}=0.007468,1.004, rank-in=20, rank-out=80, num-samples-history=2000, update-period=4, alpha=4
component name=tdnn4.relu type=RectifiedLinearComponent, dim=768, self-repair-scale=1e-05, count=8.29e+04, self-repaired-proportion=0.000105574, value-avg=[percentiles(0,1,2,5 10,20,50,80,90 95,98,99,100)=(0.02,0.03,0.04,0.06 0.08,0.14,0.42,0.87,1.3 1.5,1.9,2.0,2.5), mean=0.55, stddev=0.478], deriv-avg=[percentiles(0,1,2,5 10,20,50,80,90 95,98,99,100)=(0.06,0.08,0.09,0.13 0.16,0.22,0.42,0.63,0.73 0.80,0.85,0.89,0.91), mean=0.43, stddev=0.21], oderiv-rms=[percentiles(0,1,2,5 10,20,50,80,90 95,98,99,100)=(0.0002,0.0003,0.0003,0.0003 0.0003,0.0003,0.0004,0.0004,0.0005 0.0005,0.0006,0.0006,0.0007), mean=0.000382, stddev=8.49e-05], oderiv-count=124416
component name=tdnn4.renorm type=NormalizeComponent, input-dim=768, output-dim=768, target-rms=1, add-log-stddev=false
component name=tdnn5.affine type=NaturalGradientAffineComponent, input-dim=1536, output-dim=768, learning-rate=0.000299289, max-change=0.75, linear-params-rms=0.02796, linear-params-row-norms=[percentiles(0,1,2,5 10,20,50,80,90 95,98,99,100)=(0.98,1.0,1.0,1.0 1.0,1.0,1.1,1.1,1.2 1.2,1.2,1.2,1.2), mean=1.09, stddev=0.0509], linear-params-col-norms=[percentiles(0,1,2,5 10,20,50,80,90 95,98,99,100)=(0.65,0.69,0.70,0.71 0.71,0.73,0.77,0.82,0.84 0.86,0.89,0.90,0.99), mean=0.773, stddev=0.0491], bias-{mean,stddev}=0.02203,1.014, rank-in=20, rank-out=80, num-samples-history=2000, update-period=4, alpha=4
component name=tdnn5.relu type=RectifiedLinearComponent, dim=768, self-repair-scale=1e-05, count=7.17e+04, self-repaired-proportion=0, value-avg=[percentiles(0,1,2,5 10,20,50,80,90 95,98,99,100)=(0.02,0.03,0.04,0.07 0.09,0.17,0.41,0.93,1.2 1.5,1.8,2.0,2.5), mean=0.557, stddev=0.459], deriv-avg=[percentiles(0,1,2,5 10,20,50,80,90 95,98,99,100)=(0.06,0.09,0.10,0.14 0.17,0.25,0.43,0.64,0.74 0.80,0.84,0.90,0.93), mean=0.445, stddev=0.206], oderiv-rms=[percentiles(0,1,2,5 10,20,50,80,90 95,98,99,100)=(0.0003,0.0003,0.0003,0.0003 0.0003,0.0003,0.0004,0.0005,0.0005 0.0006,0.0006,0.0006,0.0009), mean=0.000427, stddev=8.62e-05], oderiv-count=110592
component name=tdnn5.renorm type=NormalizeComponent, input-dim=768, output-dim=768, target-rms=1, add-log-stddev=false
component name=tdnn6.affine type=NaturalGradientAffineComponent, input-dim=1536, output-dim=768, learning-rate=0.000299289, max-change=0.75, linear-params-rms=0.02821, linear-params-row-norms=[percentiles(0,1,2,5 10,20,50,80,90 95,98,99,100)=(0.99,1.0,1.0,1.0 1.0,1.1,1.1,1.1,1.2 1.2,1.2,1.2,1.2), mean=1.1, stddev=0.0497], linear-params-col-norms=[percentiles(0,1,2,5 10,20,50,80,90 95,98,99,100)=(0.66,0.69,0.70,0.71 0.72,0.73,0.78,0.82,0.84 0.86,0.88,0.89,0.93), mean=0.78, stddev=0.0481], bias-{mean,stddev}=0.04579,1.007, rank-in=20, rank-out=80, num-samples-history=2000, update-period=4, alpha=4
component name=tdnn6.relu type=RectifiedLinearComponent, dim=768, self-repair-scale=1e-05, count=6.09e+04, self-repaired-proportion=0.000224497, value-avg=[percentiles(0,1,2,5 10,20,50,80,90 95,98,99,100)=(0.02,0.04,0.05,0.07 0.11,0.18,0.40,0.86,1.2 1.5,1.8,2.0,2.7), mean=0.543, stddev=0.45], deriv-avg=[percentiles(0,1,2,5 10,20,50,80,90 95,98,99,100)=(0.05,0.08,0.10,0.15 0.19,0.26,0.42,0.63,0.73 0.80,0.85,0.89,0.93), mean=0.444, stddev=0.199], oderiv-rms=[percentiles(0,1,2,5 10,20,50,80,90 95,98,99,100)=(0.0003,0.0004,0.0004,0.0004 0.0004,0.0004,0.0005,0.0006,0.0006 0.0007,0.0007,0.0007,0.0009), mean=0.000507, stddev=8.92e-05], oderiv-count=96768
component name=tdnn6.renorm type=NormalizeComponent, input-dim=768, output-dim=768, target-rms=1, add-log-stddev=false
component name=tdnn7.affine type=NaturalGradientAffineComponent, input-dim=1536, output-dim=768, learning-rate=0.000299289, max-change=0.75, linear-params-rms=0.02845, linear-params-row-norms=[percentiles(0,1,2,5 10,20,50,80,90 95,98,99,100)=(0.98,1.0,1.0,1.0 1.0,1.1,1.1,1.2,1.2 1.2,1.2,1.2,1.3), mean=1.11, stddev=0.0521], linear-params-col-norms=[percentiles(0,1,2,5 10,20,50,80,90 95,98,99,100)=(0.63,0.69,0.70,0.71 0.72,0.74,0.79,0.83,0.85 0.87,0.89,0.90,0.98), mean=0.787, stddev=0.0486], bias-{mean,stddev}=0.01654,0.9737, rank-in=20, rank-out=80, num-samples-history=2000, update-period=4, alpha=4
component name=tdnn7.relu type=RectifiedLinearComponent, dim=768, self-repair-scale=1e-05, count=4.45e+04, self-repaired-proportion=0.00325521, value-avg=[percentiles(0,1,2,5 10,20,50,80,90 95,98,99,100)=(0.002,0.04,0.06,0.09 0.13,0.18,0.40,0.83,1.1 1.5,1.8,2.0,3.4), mean=0.541, stddev=0.453], deriv-avg=[percentiles(0,1,2,5 10,20,50,80,90 95,98,99,100)=(0.009,0.09,0.12,0.16 0.20,0.26,0.42,0.63,0.73 0.80,0.86,0.91,1.0), mean=0.447, stddev=0.196], oderiv-rms=[percentiles(0,1,2,5 10,20,50,80,90 95,98,99,100)=(0.0004,0.0004,0.0004,0.0004 0.0004,0.0005,0.0005,0.0006,0.0007 0.0007,0.0008,0.0008,0.0008), mean=0.00056, stddev=9.48e-05], oderiv-count=75264
component name=tdnn7.renorm type=NormalizeComponent, input-dim=768, output-dim=768, target-rms=1, add-log-stddev=false
component name=tdnn8.affine type=NaturalGradientAffineComponent, input-dim=1536, output-dim=768, learning-rate=0.000299289, max-change=0.75, linear-params-rms=0.02866, linear-params-row-norms=[percentiles(0,1,2,5 10,20,50,80,90 95,98,99,100)=(0.97,1.0,1.0,1.0 1.0,1.1,1.1,1.2,1.2 1.2,1.2,1.2,1.3), mean=1.12, stddev=0.0611], linear-params-col-norms=[percentiles(0,1,2,5 10,20,50,80,90 95,98,99,100)=(0.67,0.70,0.71,0.72 0.73,0.75,0.79,0.84,0.86 0.87,0.90,0.90,0.96), mean=0.793, stddev=0.0496], bias-{mean,stddev}=-0.05805,1.063, rank-in=20, rank-out=80, num-samples-history=2000, update-period=4, alpha=4
component name=tdnn8.relu type=RectifiedLinearComponent, dim=768, self-repair-scale=1e-05, count=3.84e+04, self-repaired-proportion=0.00379464, value-avg=[percentiles(0,1,2,5 10,20,50,80,90 95,98,99,100)=(0.002,0.02,0.03,0.05 0.08,0.15,0.37,0.87,1.2 1.6,1.9,2.2,2.7), mean=0.535, stddev=0.492], deriv-avg=[percentiles(0,1,2,5 10,20,50,80,90 95,98,99,100)=(0.01,0.06,0.07,0.11 0.15,0.23,0.41,0.62,0.74 0.83,0.90,0.92,0.95), mean=0.431, stddev=0.22], oderiv-rms=[percentiles(0,1,2,5 10,20,50,80,90 95,98,99,100)=(0.0004,0.0004,0.0005,0.0005 0.0005,0.0005,0.0006,0.0007,0.0008 0.0009,0.0009,0.001,0.001), mean=0.000645, stddev=0.000118], oderiv-count=64000
component name=tdnn8.renorm type=NormalizeComponent, input-dim=768, output-dim=768, target-rms=1, add-log-stddev=false
component name=tdnn9.affine type=NaturalGradientAffineComponent, input-dim=1536, output-dim=768, learning-rate=0.000299289, max-change=0.75, linear-params-rms=0.02888, linear-params-row-norms=[percentiles(0,1,2,5 10,20,50,80,90 95,98,99,100)=(0.96,0.99,1.0,1.0 1.0,1.1,1.1,1.2,1.2 1.2,1.2,1.3,1.3), mean=1.13, stddev=0.0656], linear-params-col-norms=[percentiles(0,1,2,5 10,20,50,80,90 95,98,99,100)=(0.66,0.69,0.70,0.71 0.72,0.74,0.79,0.85,0.87 0.89,0.91,0.93,0.97), mean=0.798, stddev=0.0575], bias-{mean,stddev}=-0.05935,0.998, rank-in=20, rank-out=80, num-samples-history=2000, update-period=4, alpha=4
component name=tdnn9.relu type=RectifiedLinearComponent, dim=768, self-repair-scale=1e-05, count=3.28e+04, self-repaired-proportion=0.0131468, value-avg=[percentiles(0,1,2,5 10,20,50,80,90 95,98,99,100)=(0,0.007,0.02,0.05 0.08,0.15,0.39,0.81,1.1 1.4,1.7,1.9,2.3), mean=0.51, stddev=0.434], deriv-avg=[percentiles(0,1,2,5 10,20,50,80,90 95,98,99,100)=(0,0.03,0.06,0.11 0.16,0.24,0.43,0.62,0.73 0.80,0.87,0.91,0.97), mean=0.433, stddev=0.211], oderiv-rms=[percentiles(0,1,2,5 10,20,50,80,90 95,98,99,100)=(0.0005,0.0005,0.0005,0.0006 0.0006,0.0006,0.0007,0.0009,0.0009 0.001,0.001,0.001,0.001), mean=0.00076, stddev=0.000143], oderiv-count=50176
component name=tdnn9.renorm type=NormalizeComponent, input-dim=768, output-dim=768, target-rms=1, add-log-stddev=false
component name=tdnn10.affine type=NaturalGradientAffineComponent, input-dim=1536, output-dim=768, learning-rate=0.000299289, max-change=0.75, linear-params-rms=0.02886, linear-params-row-norms=[percentiles(0,1,2,5 10,20,50,80,90 95,98,99,100)=(0.97,0.99,1.0,1.0 1.0,1.1,1.1,1.2,1.2 1.2,1.2,1.3,1.3), mean=1.13, stddev=0.0662], linear-params-col-norms=[percentiles(0,1,2,5 10,20,50,80,90 95,98,99,100)=(0.67,0.69,0.70,0.71 0.72,0.74,0.80,0.85,0.87 0.89,0.90,0.91,0.95), mean=0.798, stddev=0.0555], bias-{mean,stddev}=0.02917,1.027, rank-in=20, rank-out=80, num-samples-history=2000, update-period=4, alpha=4
component name=tdnn10.relu type=RectifiedLinearComponent, dim=768, self-repair-scale=1e-05, count=2.46e+04, self-repaired-proportion=0.0203044, value-avg=[percentiles(0,1,2,5 10,20,50,80,90 95,98,99,100)=(1e-05,0.005,0.02,0.04 0.07,0.15,0.38,0.85,1.2 1.5,1.8,2.1,2.8), mean=0.526, stddev=0.471], deriv-avg=[percentiles(0,1,2,5 10,20,50,80,90 95,98,99,100)=(0.0001,0.02,0.05,0.08 0.14,0.23,0.42,0.64,0.75 0.83,0.90,0.93,0.99), mean=0.439, stddev=0.225], oderiv-rms=[percentiles(0,1,2,5 10,20,50,80,90 95,98,99,100)=(0.0006,0.0006,0.0006,0.0006 0.0007,0.0007,0.0009,0.001,0.001 0.001,0.001,0.001,0.001), mean=0.00088, stddev=0.000159], oderiv-count=45312
component name=tdnn10.renorm type=NormalizeComponent, input-dim=768, output-dim=768, target-rms=1, add-log-stddev=false
component name=tdnn11.affine type=NaturalGradientAffineComponent, input-dim=1536, output-dim=768, learning-rate=0.000299289, max-change=0.75, linear-params-rms=0.02893, linear-params-row-norms=[percentiles(0,1,2,5 10,20,50,80,90 95,98,99,100)=(0.97,0.97,0.98,1.0 1.0,1.1,1.1,1.2,1.2 1.2,1.3,1.3,1.3), mean=1.13, stddev=0.0775], linear-params-col-norms=[percentiles(0,1,2,5 10,20,50,80,90 95,98,99,100)=(0.66,0.69,0.70,0.71 0.72,0.74,0.80,0.85,0.87 0.89,0.91,0.92,0.96), mean=0.8, stddev=0.0562], bias-{mean,stddev}=0.03175,1.019, rank-in=20, rank-out=80, num-samples-history=2000, update-period=4, alpha=4
component name=tdnn11.relu type=RectifiedLinearComponent, dim=768, self-repair-scale=1e-05, count=2.3e+04, self-repaired-proportion=0.0734282, value-avg=[percentiles(0,1,2,5 10,20,50,80,90 95,98,99,100)=(0,0.0003,0.002,0.01 0.04,0.10,0.37,0.84,1.2 1.6,1.9,2.3,3.3), mean=0.525, stddev=0.521], deriv-avg=[percentiles(0,1,2,5 10,20,50,80,90 95,98,99,100)=(0,0.001,0.008,0.05 0.09,0.18,0.42,0.65,0.78 0.87,0.94,0.96,1.0), mean=0.427, stddev=0.25], oderiv-rms=[percentiles(0,1,2,5 10,20,50,80,90 95,98,99,100)=(0.0007,0.0007,0.0007,0.0007 0.0008,0.0008,0.001,0.001,0.001 0.001,0.001,0.002,0.002), mean=0.00104, stddev=0.000207], oderiv-count=25600
component name=tdnn11.renorm type=NormalizeComponent, input-dim=768, output-dim=768, target-rms=1, add-log-stddev=false
component name=tdnnFINAL.affine type=NaturalGradientAffineComponent, input-dim=1536, output-dim=768, learning-rate=0.000299289, max-change=0.75, linear-params-rms=0.02916, linear-params-row-norms=[percentiles(0,1,2,5 10,20,50,80,90 95,98,99,100)=(0.96,0.97,0.98,1.0 1.0,1.0,1.1,1.2,1.2 1.3,1.3,1.3,1.3), mean=1.14, stddev=0.0887], linear-params-col-norms=[percentiles(0,1,2,5 10,20,50,80,90 95,98,99,100)=(0.64,0.68,0.69,0.70 0.71,0.73,0.81,0.87,0.89 0.91,0.93,0.95,0.99), mean=0.805, stddev=0.0682], bias-{mean,stddev}=-0.06731,0.9591, rank-in=20, rank-out=80, num-samples-history=2000, update-period=4, alpha=4
component name=tdnnFINAL.relu type=RectifiedLinearComponent, dim=768, self-repair-scale=1e-05, count=1.05e+04, self-repaired-proportion=0.0912543, value-avg=[percentiles(0,1,2,5 10,20,50,80,90 95,98,99,100)=(0,0,0.0002,0.003 0.02,0.08,0.31,0.70,0.97 1.2,1.7,1.8,2.6), mean=0.422, stddev=0.421], deriv-avg=[percentiles(0,1,2,5 10,20,50,80,90 95,98,99,100)=(0,0,0.0008,0.01 0.05,0.15,0.36,0.58,0.68 0.77,0.87,0.91,0.99), mean=0.372, stddev=0.231], oderiv-rms=[percentiles(0,1,2,5 10,20,50,80,90 95,98,99,100)=(0.0009,0.001,0.001,0.001 0.001,0.001,0.002,0.002,0.002 0.002,0.002,0.002,0.003), mean=0.00157, stddev=0.000305], oderiv-count=12288
component name=tdnnFINAL.renorm type=NormalizeComponent, input-dim=768, output-dim=768, target-rms=1, add-log-stddev=false
component name=prefinal-affine-task-0.affine type=NaturalGradientAffineComponent, input-dim=768, output-dim=768, learning-rate=0.000299289, max-change=0.75, linear-params-rms=0.03885, linear-params-row-norms=[percentiles(0,1,2,5 10,20,50,80,90 95,98,99,100)=(0.92,0.95,0.96,0.97 0.99,1.0,1.1,1.1,1.2 1.2,1.2,1.2,1.3), mean=1.07, stddev=0.0717], linear-params-col-norms=[percentiles(0,1,2,5 10,20,50,80,90 95,98,99,100)=(0.95,0.96,0.97,0.98 0.99,1.0,1.1,1.1,1.2 1.2,1.2,1.2,1.3), mean=1.07, stddev=0.0621], bias-{mean,stddev}=0.0006894,1.006, rank-in=20, rank-out=80, num-samples-history=2000, update-period=4, alpha=4
component name=prefinal-affine-task-0.relu type=RectifiedLinearComponent, dim=768, self-repair-scale=1e-05, count=4.1e+03, self-repaired-proportion=0.133854, value-avg=[percentiles(0,1,2,5 10,20,50,80,90 95,98,99,100)=(0,0,0.0001,0.001 0.006,0.04,0.32,0.64,0.79 0.90,0.99,1.1,1.2), mean=0.358, stddev=0.297], deriv-avg=[percentiles(0,1,2,5 10,20,50,80,90 95,98,99,100)=(0,0,0.001,0.005 0.02,0.11,0.37,0.59,0.67 0.71,0.74,0.76,0.79), mean=0.368, stddev=0.229], oderiv-rms=[percentiles(0,1,2,5 10,20,50,80,90 95,98,99,100)=(1e-09,8e-07,6e-06,2e-05 7e-05,0.0002,0.0009,0.001,0.001 0.002,0.002,0.002,0.003), mean=0.00081, stddev=0.000516], oderiv-count=6912
component name=prefinal-affine-task-0.renorm type=NormalizeComponent, input-dim=768, output-dim=768, target-rms=1, add-log-stddev=false
component name=output-0.affine type=NaturalGradientAffineComponent, input-dim=768, output-dim=168, learning-rate=0.000299289, max-change=1.5, linear-params-rms=0.05148, linear-params-row-norms=[percentiles(0,1,2,5 10,20,50,80,90 95,98,99,100)=(0.14,0.14,0.91,1.1 1.1,1.3,1.4,1.6,1.7 1.8,1.8,1.8,2.1), mean=1.41, stddev=0.246], linear-params-col-norms=[percentiles(0,1,2,5 10,20,50,80,90 95,98,99,100)=(7e-07,0.0005,0.002,0.009 0.03,0.14,0.67,0.89,0.96 1.0,1.1,1.2,1.3), mean=0.565, stddev=0.356], bias-{mean,stddev}=2.348e-07,0.003964, rank-in=20, rank-out=80, num-samples-history=2000, update-period=4, alpha=4
component name=output-0.log-softmax type=LogSoftmaxComponent, dim=168, oderiv-rms=[percentiles(0,1,2,5 10,20,50,80,90 95,98,99,100)=(0,0,0.01,0.02 0.03,0.03,0.05,0.06,0.08 0.10,0.13,0.15,0.27), mean=0.0533, stddev=0.0311], oderiv-count=6912
component name=prefinal-affine-task-1.affine type=NaturalGradientAffineComponent, input-dim=768, output-dim=768, learning-rate=0.000299289, max-change=0.75, linear-params-rms=0.03655, linear-params-row-norms=[percentiles(0,1,2,5 10,20,50,80,90 95,98,99,100)=(0.91,0.94,0.95,0.96 0.98,0.99,1.0,1.0,1.1 1.1,1.1,1.1,1.2), mean=1.01, stddev=0.0323], linear-params-col-norms=[percentiles(0,1,2,5 10,20,50,80,90 95,98,99,100)=(0.94,0.95,0.95,0.97 0.97,0.99,1.0,1.0,1.1 1.1,1.1,1.1,1.1), mean=1.01, stddev=0.0288], bias-{mean,stddev}=-0.07032,1.031, rank-in=20, rank-out=80, num-samples-history=2000, update-period=4, alpha=4
component name=prefinal-affine-task-1.relu type=RectifiedLinearComponent, dim=768, self-repair-scale=1e-05, count=4.35e+03, self-repaired-proportion=0.152344, value-avg=[percentiles(0,1,2,5 10,20,50,80,90 95,98,99,100)=(0,0,2e-05,0.0006 0.007,0.02,0.25,0.49,0.61 0.72,0.80,0.87,1.0), mean=0.276, stddev=0.236], deriv-avg=[percentiles(0,1,2,5 10,20,50,80,90 95,98,99,100)=(0,0,0.0002,0.003 0.02,0.08,0.41,0.64,0.72 0.77,0.81,0.82,0.91), mean=0.383, stddev=0.26], oderiv-rms=[percentiles(0,1,2,5 10,20,50,80,90 95,98,99,100)=(1e-09,4e-08,4e-06,3e-05 0.0001,0.0004,0.002,0.002,0.002 0.003,0.003,0.003,0.003), mean=0.00145, stddev=0.000899], oderiv-count=6144
component name=prefinal-affine-task-1.renorm type=NormalizeComponent, input-dim=768, output-dim=768, target-rms=1, add-log-stddev=false
component name=output-1.affine type=NaturalGradientAffineComponent, input-dim=768, output-dim=184, learning-rate=0.000299289, max-change=1.5, linear-params-rms=0.02991, linear-params-row-norms=[percentiles(0,1,2,5 10,20,50,80,90 95,98,99,100)=(0.07,0.07,0.07,0.07 0.07,0.07,0.07,1.3,1.4 1.5,1.6,1.6,1.7), mean=0.568, stddev=0.603], linear-params-col-norms=[percentiles(0,1,2,5 10,20,50,80,90 95,98,99,100)=(3e-07,9e-06,0.001,0.006 0.03,0.07,0.39,0.55,0.59 0.63,0.67,0.69,0.78), mean=0.343, stddev=0.216], bias-{mean,stddev}=-5.427e-07,0.002217, rank-in=20, rank-out=80, num-samples-history=2000, update-period=4, alpha=4
component name=output-1.log-softmax type=LogSoftmaxComponent, dim=184, oderiv-rms=[percentiles(0,1,2,5 10,20,50,80,90 95,98,99,100)=(0,0,0,0 0,0,0,0.02,0.03 0.03,0.04,0.05,0.06), mean=0.00811, stddev=0.0123], oderiv-count=6656
nnet3-show-progress --use-gpu=no MTL/exp/nnet3/multitask/112.raw MTL/exp/nnet3/multitask/113.raw 
LOG (nnet3-show-progress[5.4.224~1-d4d9]:SelectGpuId():cu-device.cc:123) Manually selected to compute on CPU.
LOG (nnet3-show-progress[5.4.224~1-d4d9]:main():nnet3-show-progress.cc:143) Parameter differences per layer are [ tdnn1.affine:0.0580792 tdnn2.affine:0.0266248 tdnn3.affine:0.0347195 tdnn4.affine:0.0377427 tdnn5.affine:0.0403721 tdnn6.affine:0.0429825 tdnn7.affine:0.0453546 tdnn8.affine:0.0477353 tdnn9.affine:0.0499433 tdnn10.affine:0.0492092 tdnn11.affine:0.0487416 tdnnFINAL.affine:0.0491174 prefinal-affine-task-0.affine:0.0166019 output-0.affine:0.015876 prefinal-affine-task-1.affine:0.0303281 output-1.affine:0.0201887 ]
LOG (nnet3-show-progress[5.4.224~1-d4d9]:main():nnet3-show-progress.cc:153) Norms of parameter matrices from <new-nnet-in> are [ tdnn1.affine:43.6499 tdnn2.affine:41.3123 tdnn3.affine:41.0127 tdnn4.affine:41.0301 tdnn5.affine:41.3905 tdnn6.affine:41.4661 tdnn7.affine:41.0287 tdnn8.affine:42.8816 tdnn9.affine:41.8541 tdnn10.affine:42.3522 tdnn11.affine:42.2565 tdnnFINAL.affine:41.3844 prefinal-affine-task-0.affine:40.8331 output-0.affine:18.4924 prefinal-affine-task-1.affine:40.0991 output-1.affine:11.2425 ]
LOG (nnet3-show-progress[5.4.224~1-d4d9]:main():nnet3-show-progress.cc:157) Relative parameter differences per layer are [ tdnn1.affine:0.00133057 tdnn2.affine:0.00064448 tdnn3.affine:0.00084656 tdnn4.affine:0.000919882 tdnn5.affine:0.000975398 tdnn6.affine:0.00103658 tdnn7.affine:0.00110544 tdnn8.affine:0.00111319 tdnn9.affine:0.00119328 tdnn10.affine:0.00116192 tdnn11.affine:0.00115348 tdnnFINAL.affine:0.00118686 prefinal-affine-task-0.affine:0.000406577 output-0.affine:0.000858752 prefinal-affine-task-1.affine:0.000756322 output-1.affine:0.00179707 ]
# Accounting: time=1 threads=1
# Ended (code 0) at Sat Jul 28 03:26:27 UTC 2018, elapsed time 1 seconds
