# nnet3-info MTL/exp/nnet3/multitask/40.raw && nnet3-show-progress --use-gpu=no MTL/exp/nnet3/multitask/39.raw MTL/exp/nnet3/multitask/40.raw 
# Started at Sat Jul 28 03:13:45 UTC 2018
#
nnet3-info MTL/exp/nnet3/multitask/40.raw 
num-parameters: 13897312
modulus: 1
input-node name=input dim=13
component-node name=tdnn1.affine component=tdnn1.affine input=Append(Offset(input, -2), Offset(input, -1), input, Offset(input, 1), Offset(input, 2)) input-dim=65 output-dim=768
component-node name=tdnn1.relu component=tdnn1.relu input=tdnn1.affine input-dim=768 output-dim=768
component-node name=tdnn1.renorm component=tdnn1.renorm input=tdnn1.relu input-dim=768 output-dim=768
component-node name=tdnn2.affine component=tdnn2.affine input=tdnn1.renorm input-dim=768 output-dim=768
component-node name=tdnn2.relu component=tdnn2.relu input=tdnn2.affine input-dim=768 output-dim=768
component-node name=tdnn2.renorm component=tdnn2.renorm input=tdnn2.relu input-dim=768 output-dim=768
component-node name=tdnn3.affine component=tdnn3.affine input=Append(Offset(tdnn2.renorm, -1), Offset(tdnn2.renorm, 2)) input-dim=1536 output-dim=768
component-node name=tdnn3.relu component=tdnn3.relu input=tdnn3.affine input-dim=768 output-dim=768
component-node name=tdnn3.renorm component=tdnn3.renorm input=tdnn3.relu input-dim=768 output-dim=768
component-node name=tdnn4.affine component=tdnn4.affine input=Append(Offset(tdnn3.renorm, -3), Offset(tdnn3.renorm, 3)) input-dim=1536 output-dim=768
component-node name=tdnn4.relu component=tdnn4.relu input=tdnn4.affine input-dim=768 output-dim=768
component-node name=tdnn4.renorm component=tdnn4.renorm input=tdnn4.relu input-dim=768 output-dim=768
component-node name=tdnn5.affine component=tdnn5.affine input=Append(Offset(tdnn4.renorm, -3), Offset(tdnn4.renorm, 3)) input-dim=1536 output-dim=768
component-node name=tdnn5.relu component=tdnn5.relu input=tdnn5.affine input-dim=768 output-dim=768
component-node name=tdnn5.renorm component=tdnn5.renorm input=tdnn5.relu input-dim=768 output-dim=768
component-node name=tdnn6.affine component=tdnn6.affine input=Append(Offset(tdnn5.renorm, -3), Offset(tdnn5.renorm, 3)) input-dim=1536 output-dim=768
component-node name=tdnn6.relu component=tdnn6.relu input=tdnn6.affine input-dim=768 output-dim=768
component-node name=tdnn6.renorm component=tdnn6.renorm input=tdnn6.relu input-dim=768 output-dim=768
component-node name=tdnn7.affine component=tdnn7.affine input=Append(Offset(tdnn6.renorm, -3), Offset(tdnn6.renorm, 3)) input-dim=1536 output-dim=768
component-node name=tdnn7.relu component=tdnn7.relu input=tdnn7.affine input-dim=768 output-dim=768
component-node name=tdnn7.renorm component=tdnn7.renorm input=tdnn7.relu input-dim=768 output-dim=768
component-node name=tdnn8.affine component=tdnn8.affine input=Append(Offset(tdnn7.renorm, -3), Offset(tdnn7.renorm, 3)) input-dim=1536 output-dim=768
component-node name=tdnn8.relu component=tdnn8.relu input=tdnn8.affine input-dim=768 output-dim=768
component-node name=tdnn8.renorm component=tdnn8.renorm input=tdnn8.relu input-dim=768 output-dim=768
component-node name=tdnn9.affine component=tdnn9.affine input=Append(Offset(tdnn8.renorm, -3), Offset(tdnn8.renorm, 3)) input-dim=1536 output-dim=768
component-node name=tdnn9.relu component=tdnn9.relu input=tdnn9.affine input-dim=768 output-dim=768
component-node name=tdnn9.renorm component=tdnn9.renorm input=tdnn9.relu input-dim=768 output-dim=768
component-node name=tdnn10.affine component=tdnn10.affine input=Append(Offset(tdnn9.renorm, -3), Offset(tdnn9.renorm, 3)) input-dim=1536 output-dim=768
component-node name=tdnn10.relu component=tdnn10.relu input=tdnn10.affine input-dim=768 output-dim=768
component-node name=tdnn10.renorm component=tdnn10.renorm input=tdnn10.relu input-dim=768 output-dim=768
component-node name=tdnn11.affine component=tdnn11.affine input=Append(Offset(tdnn10.renorm, -3), Offset(tdnn10.renorm, 3)) input-dim=1536 output-dim=768
component-node name=tdnn11.relu component=tdnn11.relu input=tdnn11.affine input-dim=768 output-dim=768
component-node name=tdnn11.renorm component=tdnn11.renorm input=tdnn11.relu input-dim=768 output-dim=768
component-node name=tdnnFINAL.affine component=tdnnFINAL.affine input=Append(Offset(tdnn11.renorm, -3), Offset(tdnn11.renorm, 3)) input-dim=1536 output-dim=768
component-node name=tdnnFINAL.relu component=tdnnFINAL.relu input=tdnnFINAL.affine input-dim=768 output-dim=768
component-node name=tdnnFINAL.renorm component=tdnnFINAL.renorm input=tdnnFINAL.relu input-dim=768 output-dim=768
component-node name=prefinal-affine-task-0.affine component=prefinal-affine-task-0.affine input=tdnnFINAL.renorm input-dim=768 output-dim=768
component-node name=prefinal-affine-task-0.relu component=prefinal-affine-task-0.relu input=prefinal-affine-task-0.affine input-dim=768 output-dim=768
component-node name=prefinal-affine-task-0.renorm component=prefinal-affine-task-0.renorm input=prefinal-affine-task-0.relu input-dim=768 output-dim=768
component-node name=output-0.affine component=output-0.affine input=prefinal-affine-task-0.renorm input-dim=768 output-dim=168
component-node name=output-0.log-softmax component=output-0.log-softmax input=output-0.affine input-dim=168 output-dim=168
output-node name=output-0 input=output-0.log-softmax dim=168 objective=linear
component-node name=prefinal-affine-task-1.affine component=prefinal-affine-task-1.affine input=tdnnFINAL.renorm input-dim=768 output-dim=768
component-node name=prefinal-affine-task-1.relu component=prefinal-affine-task-1.relu input=prefinal-affine-task-1.affine input-dim=768 output-dim=768
component-node name=prefinal-affine-task-1.renorm component=prefinal-affine-task-1.renorm input=prefinal-affine-task-1.relu input-dim=768 output-dim=768
component-node name=output-1.affine component=output-1.affine input=prefinal-affine-task-1.renorm input-dim=768 output-dim=184
component-node name=output-1.log-softmax component=output-1.log-softmax input=output-1.affine input-dim=184 output-dim=184
output-node name=output-1 input=output-1.log-softmax dim=184 objective=linear
component name=tdnn1.affine type=NaturalGradientAffineComponent, input-dim=65, output-dim=768, learning-rate=0.000855739, max-change=0.75, linear-params-rms=0.1451, linear-params-row-norms=[percentiles(0,1,2,5 10,20,50,80,90 95,98,99,100)=(0.76,0.83,0.87,0.91 0.95,1.0,1.1,1.3,1.4 1.5,1.6,1.6,1.9), mean=1.16, stddev=0.174], linear-params-col-norms=[percentiles(0,1,2,5 10,20,50,80,90 95,98,99,100)=(3.5,3.5,3.6,3.7 3.7,3.8,4.0,4.2,4.3 4.4,4.5,4.6,4.6), mean=4.01, stddev=0.219], bias-{mean,stddev}=0.02875,1.034, rank-in=20, rank-out=80, num-samples-history=2000, update-period=4, alpha=4
component name=tdnn1.relu type=RectifiedLinearComponent, dim=768, self-repair-scale=1e-05, count=1.48e+05, self-repaired-proportion=0.0188021, value-avg=[percentiles(0,1,2,5 10,20,50,80,90 95,98,99,100)=(0.01,0.02,0.02,0.03 0.04,0.06,0.31,1.4,1.8 2.3,3.0,3.4,5.9), mean=0.706, stddev=0.829], deriv-avg=[percentiles(0,1,2,5 10,20,50,80,90 95,98,99,100)=(0.05,0.06,0.06,0.07 0.08,0.12,0.42,0.86,0.91 0.93,0.94,0.95,0.95), mean=0.471, stddev=0.325], oderiv-rms=[percentiles(0,1,2,5 10,20,50,80,90 95,98,99,100)=(0.001,0.001,0.001,0.001 0.001,0.001,0.002,0.002,0.002 0.003,0.003,0.003,0.003), mean=0.00166, stddev=0.000486], oderiv-count=281600
component name=tdnn1.renorm type=NormalizeComponent, input-dim=768, output-dim=768, target-rms=1, add-log-stddev=false
component name=tdnn2.affine type=NaturalGradientAffineComponent, input-dim=768, output-dim=768, learning-rate=0.000855739, max-change=0.75, linear-params-rms=0.03785, linear-params-row-norms=[percentiles(0,1,2,5 10,20,50,80,90 95,98,99,100)=(0.94,0.96,0.97,0.99 1.0,1.0,1.0,1.1,1.1 1.1,1.1,1.1,1.2), mean=1.05, stddev=0.0405], linear-params-col-norms=[percentiles(0,1,2,5 10,20,50,80,90 95,98,99,100)=(0.92,0.96,0.97,0.98 0.99,1.0,1.0,1.1,1.1 1.1,1.2,1.2,1.3), mean=1.05, stddev=0.0494], bias-{mean,stddev}=0.0118,1.051, rank-in=20, rank-out=80, num-samples-history=2000, update-period=4, alpha=4
component name=tdnn2.relu type=RectifiedLinearComponent, dim=768, self-repair-scale=1e-05, count=1.84e+05, self-repaired-proportion=0.00427246, value-avg=[percentiles(0,1,2,5 10,20,50,80,90 95,98,99,100)=(0.009,0.02,0.02,0.03 0.06,0.09,0.33,0.93,1.3 1.5,1.7,2.1,2.8), mean=0.508, stddev=0.498], deriv-avg=[percentiles(0,1,2,5 10,20,50,80,90 95,98,99,100)=(0.04,0.06,0.08,0.11 0.14,0.21,0.44,0.74,0.82 0.88,0.91,0.92,0.94), mean=0.462, stddev=0.253], oderiv-rms=[percentiles(0,1,2,5 10,20,50,80,90 95,98,99,100)=(0.001,0.001,0.001,0.001 0.001,0.002,0.002,0.002,0.003 0.003,0.003,0.003,0.004), mean=0.00199, stddev=0.00046], oderiv-count=276480
component name=tdnn2.renorm type=NormalizeComponent, input-dim=768, output-dim=768, target-rms=1, add-log-stddev=false
component name=tdnn3.affine type=NaturalGradientAffineComponent, input-dim=1536, output-dim=768, learning-rate=0.000855739, max-change=0.75, linear-params-rms=0.02736, linear-params-row-norms=[percentiles(0,1,2,5 10,20,50,80,90 95,98,99,100)=(0.98,0.99,1.0,1.0 1.0,1.0,1.1,1.1,1.1 1.1,1.2,1.2,1.2), mean=1.07, stddev=0.0416], linear-params-col-norms=[percentiles(0,1,2,5 10,20,50,80,90 95,98,99,100)=(0.66,0.68,0.69,0.70 0.71,0.72,0.75,0.79,0.81 0.83,0.85,0.87,0.90), mean=0.757, stddev=0.0422], bias-{mean,stddev}=0.01776,1.008, rank-in=20, rank-out=80, num-samples-history=2000, update-period=4, alpha=4
component name=tdnn3.relu type=RectifiedLinearComponent, dim=768, self-repair-scale=1e-05, count=9.22e+04, self-repaired-proportion=0.00121228, value-avg=[percentiles(0,1,2,5 10,20,50,80,90 95,98,99,100)=(0.01,0.03,0.03,0.05 0.07,0.13,0.41,0.98,1.3 1.6,1.9,2.1,2.8), mean=0.577, stddev=0.515], deriv-avg=[percentiles(0,1,2,5 10,20,50,80,90 95,98,99,100)=(0.06,0.08,0.09,0.12 0.16,0.23,0.42,0.66,0.76 0.83,0.88,0.90,0.94), mean=0.444, stddev=0.222], oderiv-rms=[percentiles(0,1,2,5 10,20,50,80,90 95,98,99,100)=(0.002,0.002,0.002,0.002 0.002,0.002,0.003,0.003,0.004 0.004,0.004,0.005,0.005), mean=0.00266, stddev=0.000676], oderiv-count=133120
component name=tdnn3.renorm type=NormalizeComponent, input-dim=768, output-dim=768, target-rms=1, add-log-stddev=false
component name=tdnn4.affine type=NaturalGradientAffineComponent, input-dim=1536, output-dim=768, learning-rate=0.000855739, max-change=0.75, linear-params-rms=0.02747, linear-params-row-norms=[percentiles(0,1,2,5 10,20,50,80,90 95,98,99,100)=(0.96,0.99,0.99,1.0 1.0,1.0,1.1,1.1,1.1 1.2,1.2,1.2,1.2), mean=1.08, stddev=0.0462], linear-params-col-norms=[percentiles(0,1,2,5 10,20,50,80,90 95,98,99,100)=(0.64,0.68,0.69,0.70 0.71,0.72,0.75,0.80,0.82 0.84,0.86,0.87,0.93), mean=0.76, stddev=0.0439], bias-{mean,stddev}=0.007481,1.004, rank-in=20, rank-out=80, num-samples-history=2000, update-period=4, alpha=4
component name=tdnn4.relu type=RectifiedLinearComponent, dim=768, self-repair-scale=1e-05, count=7.6e+04, self-repaired-proportion=4.6503e-05, value-avg=[percentiles(0,1,2,5 10,20,50,80,90 95,98,99,100)=(0.01,0.03,0.03,0.05 0.08,0.13,0.41,0.90,1.3 1.5,1.8,2.0,2.6), mean=0.549, stddev=0.487], deriv-avg=[percentiles(0,1,2,5 10,20,50,80,90 95,98,99,100)=(0.06,0.07,0.08,0.12 0.15,0.21,0.42,0.63,0.74 0.80,0.87,0.90,0.92), mean=0.431, stddev=0.217], oderiv-rms=[percentiles(0,1,2,5 10,20,50,80,90 95,98,99,100)=(0.002,0.002,0.002,0.002 0.002,0.003,0.003,0.004,0.004 0.005,0.005,0.005,0.007), mean=0.00316, stddev=0.000761], oderiv-count=117504
component name=tdnn4.renorm type=NormalizeComponent, input-dim=768, output-dim=768, target-rms=1, add-log-stddev=false
component name=tdnn5.affine type=NaturalGradientAffineComponent, input-dim=1536, output-dim=768, learning-rate=0.000855739, max-change=0.75, linear-params-rms=0.02765, linear-params-row-norms=[percentiles(0,1,2,5 10,20,50,80,90 95,98,99,100)=(0.97,0.99,1.0,1.0 1.0,1.0,1.1,1.1,1.1 1.2,1.2,1.2,1.2), mean=1.08, stddev=0.0464], linear-params-col-norms=[percentiles(0,1,2,5 10,20,50,80,90 95,98,99,100)=(0.65,0.68,0.69,0.70 0.71,0.72,0.76,0.80,0.83 0.85,0.87,0.88,0.96), mean=0.765, stddev=0.045], bias-{mean,stddev}=0.02204,1.014, rank-in=20, rank-out=80, num-samples-history=2000, update-period=4, alpha=4
component name=tdnn5.relu type=RectifiedLinearComponent, dim=768, self-repair-scale=1e-05, count=6.96e+04, self-repaired-proportion=4.20027e-05, value-avg=[percentiles(0,1,2,5 10,20,50,80,90 95,98,99,100)=(0.02,0.03,0.04,0.06 0.09,0.16,0.41,0.98,1.2 1.5,1.8,2.0,2.6), mean=0.562, stddev=0.471], deriv-avg=[percentiles(0,1,2,5 10,20,50,80,90 95,98,99,100)=(0.06,0.08,0.09,0.13 0.16,0.24,0.43,0.65,0.75 0.79,0.85,0.89,0.93), mean=0.446, stddev=0.211], oderiv-rms=[percentiles(0,1,2,5 10,20,50,80,90 95,98,99,100)=(0.002,0.002,0.002,0.002 0.003,0.003,0.003,0.004,0.004 0.005,0.005,0.005,0.006), mean=0.00338, stddev=0.000701], oderiv-count=100352
component name=tdnn5.renorm type=NormalizeComponent, input-dim=768, output-dim=768, target-rms=1, add-log-stddev=false
component name=tdnn6.affine type=NaturalGradientAffineComponent, input-dim=1536, output-dim=768, learning-rate=0.000855739, max-change=0.75, linear-params-rms=0.02786, linear-params-row-norms=[percentiles(0,1,2,5 10,20,50,80,90 95,98,99,100)=(0.98,0.99,1.0,1.0 1.0,1.0,1.1,1.1,1.1 1.2,1.2,1.2,1.2), mean=1.09, stddev=0.0452], linear-params-col-norms=[percentiles(0,1,2,5 10,20,50,80,90 95,98,99,100)=(0.65,0.69,0.69,0.71 0.72,0.73,0.77,0.81,0.83 0.85,0.86,0.87,0.91), mean=0.771, stddev=0.0442], bias-{mean,stddev}=0.04581,1.007, rank-in=20, rank-out=80, num-samples-history=2000, update-period=4, alpha=4
component name=tdnn6.relu type=RectifiedLinearComponent, dim=768, self-repair-scale=1e-05, count=6.63e+04, self-repaired-proportion=0.000130208, value-avg=[percentiles(0,1,2,5 10,20,50,80,90 95,98,99,100)=(0.02,0.03,0.05,0.07 0.11,0.17,0.41,0.87,1.2 1.5,1.9,2.1,2.6), mean=0.552, stddev=0.462], deriv-avg=[percentiles(0,1,2,5 10,20,50,80,90 95,98,99,100)=(0.06,0.08,0.10,0.14 0.19,0.25,0.43,0.63,0.74 0.80,0.86,0.88,0.93), mean=0.445, stddev=0.203], oderiv-rms=[percentiles(0,1,2,5 10,20,50,80,90 95,98,99,100)=(0.003,0.003,0.003,0.003 0.003,0.003,0.004,0.005,0.005 0.005,0.006,0.006,0.008), mean=0.00398, stddev=0.000738], oderiv-count=94976
component name=tdnn6.renorm type=NormalizeComponent, input-dim=768, output-dim=768, target-rms=1, add-log-stddev=false
component name=tdnn7.affine type=NaturalGradientAffineComponent, input-dim=1536, output-dim=768, learning-rate=0.000855739, max-change=0.75, linear-params-rms=0.02807, linear-params-row-norms=[percentiles(0,1,2,5 10,20,50,80,90 95,98,99,100)=(0.98,1.0,1.0,1.0 1.0,1.1,1.1,1.1,1.2 1.2,1.2,1.2,1.3), mean=1.1, stddev=0.0477], linear-params-col-norms=[percentiles(0,1,2,5 10,20,50,80,90 95,98,99,100)=(0.63,0.69,0.70,0.71 0.72,0.73,0.78,0.82,0.83 0.85,0.87,0.88,0.97), mean=0.777, stddev=0.0448], bias-{mean,stddev}=0.01655,0.9737, rank-in=20, rank-out=80, num-samples-history=2000, update-period=4, alpha=4
component name=tdnn7.relu type=RectifiedLinearComponent, dim=768, self-repair-scale=1e-05, count=5.38e+04, self-repaired-proportion=0.00275735, value-avg=[percentiles(0,1,2,5 10,20,50,80,90 95,98,99,100)=(0.0002,0.03,0.05,0.08 0.12,0.18,0.41,0.87,1.2 1.5,1.9,2.1,3.9), mean=0.554, stddev=0.471], deriv-avg=[percentiles(0,1,2,5 10,20,50,80,90 95,98,99,100)=(0.001,0.08,0.12,0.15 0.20,0.26,0.42,0.63,0.75 0.80,0.86,0.91,1.0), mean=0.448, stddev=0.199], oderiv-rms=[percentiles(0,1,2,5 10,20,50,80,90 95,98,99,100)=(0.003,0.003,0.003,0.003 0.003,0.004,0.004,0.005,0.005 0.005,0.006,0.006,0.007), mean=0.00423, stddev=0.000736], oderiv-count=73728
component name=tdnn7.renorm type=NormalizeComponent, input-dim=768, output-dim=768, target-rms=1, add-log-stddev=false
component name=tdnn8.affine type=NaturalGradientAffineComponent, input-dim=1536, output-dim=768, learning-rate=0.000855739, max-change=0.75, linear-params-rms=0.02824, linear-params-row-norms=[percentiles(0,1,2,5 10,20,50,80,90 95,98,99,100)=(0.96,1.0,1.0,1.0 1.0,1.1,1.1,1.2,1.2 1.2,1.2,1.2,1.2), mean=1.11, stddev=0.0552], linear-params-col-norms=[percentiles(0,1,2,5 10,20,50,80,90 95,98,99,100)=(0.67,0.70,0.70,0.71 0.72,0.74,0.78,0.82,0.84 0.86,0.87,0.89,0.93), mean=0.781, stddev=0.0457], bias-{mean,stddev}=-0.05803,1.063, rank-in=20, rank-out=80, num-samples-history=2000, update-period=4, alpha=4
component name=tdnn8.relu type=RectifiedLinearComponent, dim=768, self-repair-scale=1e-05, count=4.22e+04, self-repaired-proportion=0.0073902, value-avg=[percentiles(0,1,2,5 10,20,50,80,90 95,98,99,100)=(0.0001,0.02,0.02,0.05 0.08,0.14,0.38,0.92,1.3 1.6,2.0,2.2,2.8), mean=0.552, stddev=0.512], deriv-avg=[percentiles(0,1,2,5 10,20,50,80,90 95,98,99,100)=(0.0008,0.06,0.06,0.10 0.15,0.23,0.41,0.64,0.74 0.83,0.89,0.92,0.98), mean=0.433, stddev=0.224], oderiv-rms=[percentiles(0,1,2,5 10,20,50,80,90 95,98,99,100)=(0.003,0.003,0.003,0.003 0.004,0.004,0.005,0.006,0.006 0.006,0.007,0.007,0.008), mean=0.00477, stddev=0.000909], oderiv-count=71680
component name=tdnn8.renorm type=NormalizeComponent, input-dim=768, output-dim=768, target-rms=1, add-log-stddev=false
component name=tdnn9.affine type=NaturalGradientAffineComponent, input-dim=1536, output-dim=768, learning-rate=0.000855739, max-change=0.75, linear-params-rms=0.02842, linear-params-row-norms=[percentiles(0,1,2,5 10,20,50,80,90 95,98,99,100)=(0.96,0.99,1.0,1.0 1.0,1.1,1.1,1.2,1.2 1.2,1.2,1.2,1.2), mean=1.11, stddev=0.0594], linear-params-col-norms=[percentiles(0,1,2,5 10,20,50,80,90 95,98,99,100)=(0.66,0.69,0.70,0.71 0.72,0.74,0.78,0.84,0.86 0.87,0.89,0.90,0.95), mean=0.786, stddev=0.0526], bias-{mean,stddev}=-0.05933,0.998, rank-in=20, rank-out=80, num-samples-history=2000, update-period=4, alpha=4
component name=tdnn9.relu type=RectifiedLinearComponent, dim=768, self-repair-scale=1e-05, count=3.17e+04, self-repaired-proportion=0.0257655, value-avg=[percentiles(0,1,2,5 10,20,50,80,90 95,98,99,100)=(0,0.001,0.02,0.05 0.08,0.14,0.40,0.87,1.2 1.5,1.8,2.0,2.6), mean=0.53, stddev=0.459], deriv-avg=[percentiles(0,1,2,5 10,20,50,80,90 95,98,99,100)=(0,0.007,0.05,0.10 0.15,0.23,0.43,0.63,0.73 0.81,0.86,0.91,0.98), mean=0.435, stddev=0.216], oderiv-rms=[percentiles(0,1,2,5 10,20,50,80,90 95,98,99,100)=(0.004,0.004,0.004,0.004 0.004,0.005,0.006,0.007,0.007 0.008,0.008,0.008,0.01), mean=0.00577, stddev=0.00111], oderiv-count=50176
component name=tdnn9.renorm type=NormalizeComponent, input-dim=768, output-dim=768, target-rms=1, add-log-stddev=false
component name=tdnn10.affine type=NaturalGradientAffineComponent, input-dim=1536, output-dim=768, learning-rate=0.000855739, max-change=0.75, linear-params-rms=0.02838, linear-params-row-norms=[percentiles(0,1,2,5 10,20,50,80,90 95,98,99,100)=(0.97,0.98,1.0,1.0 1.0,1.1,1.1,1.2,1.2 1.2,1.2,1.2,1.3), mean=1.11, stddev=0.0602], linear-params-col-norms=[percentiles(0,1,2,5 10,20,50,80,90 95,98,99,100)=(0.67,0.69,0.69,0.71 0.72,0.74,0.78,0.83,0.85 0.87,0.88,0.90,0.94), mean=0.785, stddev=0.0507], bias-{mean,stddev}=0.02919,1.027, rank-in=20, rank-out=80, num-samples-history=2000, update-period=4, alpha=4
component name=tdnn10.relu type=RectifiedLinearComponent, dim=768, self-repair-scale=1e-05, count=2.69e+04, self-repaired-proportion=0.0295139, value-avg=[percentiles(0,1,2,5 10,20,50,80,90 95,98,99,100)=(0,0.001,0.01,0.03 0.07,0.15,0.40,0.92,1.2 1.5,1.9,2.3,2.7), mean=0.551, stddev=0.501], deriv-avg=[percentiles(0,1,2,5 10,20,50,80,90 95,98,99,100)=(0,0.008,0.04,0.08 0.13,0.23,0.43,0.64,0.76 0.83,0.90,0.92,1.0), mean=0.44, stddev=0.229], oderiv-rms=[percentiles(0,1,2,5 10,20,50,80,90 95,98,99,100)=(0.004,0.004,0.004,0.005 0.005,0.005,0.006,0.008,0.008 0.009,0.009,0.009,0.01), mean=0.00653, stddev=0.00129], oderiv-count=36864
component name=tdnn10.renorm type=NormalizeComponent, input-dim=768, output-dim=768, target-rms=1, add-log-stddev=false
component name=tdnn11.affine type=NaturalGradientAffineComponent, input-dim=1536, output-dim=768, learning-rate=0.000855739, max-change=0.75, linear-params-rms=0.02847, linear-params-row-norms=[percentiles(0,1,2,5 10,20,50,80,90 95,98,99,100)=(0.97,0.97,0.98,1.0 1.0,1.0,1.1,1.2,1.2 1.2,1.2,1.2,1.3), mean=1.11, stddev=0.0705], linear-params-col-norms=[percentiles(0,1,2,5 10,20,50,80,90 95,98,99,100)=(0.66,0.69,0.69,0.71 0.72,0.74,0.79,0.83,0.85 0.87,0.89,0.90,0.94), mean=0.787, stddev=0.0519], bias-{mean,stddev}=0.03176,1.019, rank-in=20, rank-out=80, num-samples-history=2000, update-period=4, alpha=4
component name=tdnn11.relu type=RectifiedLinearComponent, dim=768, self-repair-scale=1e-05, count=1.79e+04, self-repaired-proportion=0.0745192, value-avg=[percentiles(0,1,2,5 10,20,50,80,90 95,98,99,100)=(0,6e-05,0.0004,0.008 0.03,0.09,0.40,0.93,1.3 1.7,2.0,2.5,3.6), mean=0.56, stddev=0.56], deriv-avg=[percentiles(0,1,2,5 10,20,50,80,90 95,98,99,100)=(0,0.0004,0.002,0.03 0.08,0.18,0.42,0.66,0.78 0.87,0.93,0.96,1.0), mean=0.429, stddev=0.255], oderiv-rms=[percentiles(0,1,2,5 10,20,50,80,90 95,98,99,100)=(0.005,0.005,0.005,0.006 0.006,0.006,0.008,0.009,0.01 0.01,0.01,0.01,0.01), mean=0.0078, stddev=0.00164], oderiv-count=25600
component name=tdnn11.renorm type=NormalizeComponent, input-dim=768, output-dim=768, target-rms=1, add-log-stddev=false
component name=tdnnFINAL.affine type=NaturalGradientAffineComponent, input-dim=1536, output-dim=768, learning-rate=0.000855739, max-change=0.75, linear-params-rms=0.02876, linear-params-row-norms=[percentiles(0,1,2,5 10,20,50,80,90 95,98,99,100)=(0.96,0.97,0.98,1.0 1.0,1.0,1.1,1.2,1.2 1.2,1.3,1.3,1.3), mean=1.12, stddev=0.0814], linear-params-col-norms=[percentiles(0,1,2,5 10,20,50,80,90 95,98,99,100)=(0.64,0.68,0.69,0.70 0.71,0.73,0.79,0.86,0.88 0.90,0.92,0.93,0.97), mean=0.794, stddev=0.0644], bias-{mean,stddev}=-0.06727,0.9591, rank-in=20, rank-out=80, num-samples-history=2000, update-period=4, alpha=4
component name=tdnnFINAL.relu type=RectifiedLinearComponent, dim=768, self-repair-scale=1e-05, count=6.4e+03, self-repaired-proportion=0.105828, value-avg=[percentiles(0,1,2,5 10,20,50,80,90 95,98,99,100)=(0,0,0.0001,0.002 0.02,0.08,0.34,0.82,1.1 1.4,1.8,2.1,2.7), mean=0.478, stddev=0.462], deriv-avg=[percentiles(0,1,2,5 10,20,50,80,90 95,98,99,100)=(0,0,0.0005,0.007 0.05,0.15,0.38,0.60,0.69 0.77,0.85,0.89,0.99), mean=0.385, stddev=0.236], oderiv-rms=[percentiles(0,1,2,5 10,20,50,80,90 95,98,99,100)=(0.007,0.008,0.008,0.008 0.008,0.009,0.01,0.01,0.02 0.02,0.02,0.02,0.02), mean=0.0117, stddev=0.00262], oderiv-count=14080
component name=tdnnFINAL.renorm type=NormalizeComponent, input-dim=768, output-dim=768, target-rms=1, add-log-stddev=false
component name=prefinal-affine-task-0.affine type=NaturalGradientAffineComponent, input-dim=768, output-dim=768, learning-rate=0.000855739, max-change=0.75, linear-params-rms=0.03872, linear-params-row-norms=[percentiles(0,1,2,5 10,20,50,80,90 95,98,99,100)=(0.92,0.96,0.96,0.97 0.99,1.0,1.1,1.1,1.2 1.2,1.2,1.2,1.3), mean=1.07, stddev=0.0669], linear-params-col-norms=[percentiles(0,1,2,5 10,20,50,80,90 95,98,99,100)=(0.95,0.96,0.97,0.98 0.99,1.0,1.1,1.1,1.2 1.2,1.2,1.2,1.3), mean=1.07, stddev=0.06], bias-{mean,stddev}=0.0008708,1.006, rank-in=20, rank-out=80, num-samples-history=2000, update-period=4, alpha=4
component name=prefinal-affine-task-0.relu type=RectifiedLinearComponent, dim=768, self-repair-scale=1e-05, count=4.61e+03, self-repaired-proportion=0.131185, value-avg=[percentiles(0,1,2,5 10,20,50,80,90 95,98,99,100)=(0,0,5e-05,0.0006 0.006,0.04,0.36,0.82,1.0 1.2,1.4,1.5,2.0), mean=0.45, stddev=0.408], deriv-avg=[percentiles(0,1,2,5 10,20,50,80,90 95,98,99,100)=(0,0,0.0004,0.003 0.02,0.12,0.40,0.66,0.77 0.82,0.85,0.87,0.93), mean=0.403, stddev=0.263], oderiv-rms=[percentiles(0,1,2,5 10,20,50,80,90 95,98,99,100)=(2e-08,5e-06,4e-05,0.0002 0.0008,0.004,0.01,0.02,0.02 0.02,0.02,0.02,0.03), mean=0.0118, stddev=0.00713], oderiv-count=7168
component name=prefinal-affine-task-0.renorm type=NormalizeComponent, input-dim=768, output-dim=768, target-rms=1, add-log-stddev=false
component name=output-0.affine type=NaturalGradientAffineComponent, input-dim=768, output-dim=168, learning-rate=0.000855739, max-change=1.5, linear-params-rms=0.04657, linear-params-row-norms=[percentiles(0,1,2,5 10,20,50,80,90 95,98,99,100)=(0.14,0.14,0.86,0.98 1.0,1.1,1.3,1.4,1.5 1.6,1.6,1.7,1.9), mean=1.27, stddev=0.216], linear-params-col-norms=[percentiles(0,1,2,5 10,20,50,80,90 95,98,99,100)=(7e-07,0.0002,0.001,0.007 0.03,0.12,0.60,0.81,0.88 0.93,1.0,1.0,1.2), mean=0.509, stddev=0.324], bias-{mean,stddev}=2.157e-07,0.003878, rank-in=20, rank-out=80, num-samples-history=2000, update-period=4, alpha=4
component name=output-0.log-softmax type=LogSoftmaxComponent, dim=168, oderiv-rms=[percentiles(0,1,2,5 10,20,50,80,90 95,98,99,100)=(0,0,0.01,0.02 0.03,0.03,0.05,0.06,0.08 0.10,0.13,0.15,0.25), mean=0.0533, stddev=0.0306], oderiv-count=6912
component name=prefinal-affine-task-1.affine type=NaturalGradientAffineComponent, input-dim=768, output-dim=768, learning-rate=0.000855739, max-change=0.75, linear-params-rms=0.03649, linear-params-row-norms=[percentiles(0,1,2,5 10,20,50,80,90 95,98,99,100)=(0.91,0.95,0.95,0.96 0.98,0.99,1.0,1.0,1.0 1.1,1.1,1.1,1.1), mean=1.01, stddev=0.0292], linear-params-col-norms=[percentiles(0,1,2,5 10,20,50,80,90 95,98,99,100)=(0.93,0.95,0.95,0.97 0.97,0.99,1.0,1.0,1.0 1.1,1.1,1.1,1.1), mean=1.01, stddev=0.0281], bias-{mean,stddev}=-0.07007,1.031, rank-in=20, rank-out=80, num-samples-history=2000, update-period=4, alpha=4
component name=prefinal-affine-task-1.relu type=RectifiedLinearComponent, dim=768, self-repair-scale=1e-05, count=4.86e+03, self-repaired-proportion=0.181713, value-avg=[percentiles(0,1,2,5 10,20,50,80,90 95,98,99,100)=(0,0,2e-06,0.0005 0.006,0.02,0.29,0.69,0.93 1.1,1.3,1.5,1.9), mean=0.383, stddev=0.373], deriv-avg=[percentiles(0,1,2,5 10,20,50,80,90 95,98,99,100)=(0,0,0.0002,0.002 0.02,0.07,0.45,0.74,0.84 0.90,0.94,0.96,0.99), mean=0.432, stddev=0.304], oderiv-rms=[percentiles(0,1,2,5 10,20,50,80,90 95,98,99,100)=(4e-09,5e-09,9e-06,9e-05 0.0004,0.001,0.006,0.008,0.009 0.009,0.01,0.01,0.01), mean=0.00511, stddev=0.00321], oderiv-count=7168
component name=prefinal-affine-task-1.renorm type=NormalizeComponent, input-dim=768, output-dim=768, target-rms=1, add-log-stddev=false
component name=output-1.affine type=NaturalGradientAffineComponent, input-dim=768, output-dim=184, learning-rate=0.000855739, max-change=1.5, linear-params-rms=0.02411, linear-params-row-norms=[percentiles(0,1,2,5 10,20,50,80,90 95,98,99,100)=(0.07,0.07,0.07,0.07 0.07,0.07,0.07,1.0,1.1 1.2,1.3,1.3,1.4), mean=0.467, stddev=0.478], linear-params-col-norms=[percentiles(0,1,2,5 10,20,50,80,90 95,98,99,100)=(2e-07,4e-07,0.0004,0.005 0.02,0.06,0.31,0.44,0.48 0.51,0.54,0.56,0.63), mean=0.276, stddev=0.176], bias-{mean,stddev}=-5.357e-07,0.002168, rank-in=20, rank-out=80, num-samples-history=2000, update-period=4, alpha=4
component name=output-1.log-softmax type=LogSoftmaxComponent, dim=184, oderiv-rms=[percentiles(0,1,2,5 10,20,50,80,90 95,98,99,100)=(0,0,0,0 0,0,0,0.02,0.03 0.03,0.04,0.05,0.05), mean=0.00806, stddev=0.0123], oderiv-count=7168
nnet3-show-progress --use-gpu=no MTL/exp/nnet3/multitask/39.raw MTL/exp/nnet3/multitask/40.raw 
LOG (nnet3-show-progress[5.4.224~1-d4d9]:SelectGpuId():cu-device.cc:123) Manually selected to compute on CPU.
LOG (nnet3-show-progress[5.4.224~1-d4d9]:main():nnet3-show-progress.cc:143) Parameter differences per layer are [ tdnn1.affine:0.789847 tdnn2.affine:0.585078 tdnn3.affine:0.783911 tdnn4.affine:0.835912 tdnn5.affine:0.871672 tdnn6.affine:0.92229 tdnn7.affine:0.963472 tdnn8.affine:1.00987 tdnn9.affine:1.04784 tdnn10.affine:1.04585 tdnn11.affine:1.04907 tdnnFINAL.affine:1.08837 prefinal-affine-task-0.affine:0.671938 output-0.affine:0.633862 prefinal-affine-task-1.affine:0.313625 output-1.affine:0.259291 ]
LOG (nnet3-show-progress[5.4.224~1-d4d9]:main():nnet3-show-progress.cc:153) Norms of parameter matrices from <new-nnet-in> are [ tdnn1.affine:43.2622 tdnn2.affine:41.1526 tdnn3.affine:40.7901 tdnn4.affine:40.7946 tdnn5.affine:41.1381 tdnn6.affine:41.1866 tdnn7.affine:40.719 tdnn8.affine:42.5546 tdnn9.affine:41.4803 tdnn10.affine:41.9706 tdnn11.affine:41.8812 tdnnFINAL.affine:41.0576 prefinal-affine-task-0.affine:40.7612 output-0.affine:16.7287 prefinal-affine-task-1.affine:40.075 output-1.affine:9.06497 ]
LOG (nnet3-show-progress[5.4.224~1-d4d9]:main():nnet3-show-progress.cc:157) Relative parameter differences per layer are [ tdnn1.affine:0.0182702 tdnn2.affine:0.0142206 tdnn3.affine:0.0192255 tdnn4.affine:0.0204985 tdnn5.affine:0.0211979 tdnn6.affine:0.0224032 tdnn7.affine:0.0236741 tdnn8.affine:0.0237438 tdnn9.affine:0.0252775 tdnn10.affine:0.0249342 tdnn11.affine:0.0250656 tdnnFINAL.affine:0.0265251 prefinal-affine-task-0.affine:0.0164893 output-0.affine:0.0380929 prefinal-affine-task-1.affine:0.00782683 output-1.affine:0.0288764 ]
# Accounting: time=1 threads=1
# Ended (code 0) at Sat Jul 28 03:13:46 UTC 2018, elapsed time 1 seconds
