# nnet3-info MTL/exp/nnet3/multitask/98.raw && nnet3-show-progress --use-gpu=no MTL/exp/nnet3/multitask/97.raw MTL/exp/nnet3/multitask/98.raw 
# Started at Sat Jul 28 03:23:50 UTC 2018
#
nnet3-info MTL/exp/nnet3/multitask/98.raw 
num-parameters: 13897312
modulus: 1
input-node name=input dim=13
component-node name=tdnn1.affine component=tdnn1.affine input=Append(Offset(input, -2), Offset(input, -1), input, Offset(input, 1), Offset(input, 2)) input-dim=65 output-dim=768
component-node name=tdnn1.relu component=tdnn1.relu input=tdnn1.affine input-dim=768 output-dim=768
component-node name=tdnn1.renorm component=tdnn1.renorm input=tdnn1.relu input-dim=768 output-dim=768
component-node name=tdnn2.affine component=tdnn2.affine input=tdnn1.renorm input-dim=768 output-dim=768
component-node name=tdnn2.relu component=tdnn2.relu input=tdnn2.affine input-dim=768 output-dim=768
component-node name=tdnn2.renorm component=tdnn2.renorm input=tdnn2.relu input-dim=768 output-dim=768
component-node name=tdnn3.affine component=tdnn3.affine input=Append(Offset(tdnn2.renorm, -1), Offset(tdnn2.renorm, 2)) input-dim=1536 output-dim=768
component-node name=tdnn3.relu component=tdnn3.relu input=tdnn3.affine input-dim=768 output-dim=768
component-node name=tdnn3.renorm component=tdnn3.renorm input=tdnn3.relu input-dim=768 output-dim=768
component-node name=tdnn4.affine component=tdnn4.affine input=Append(Offset(tdnn3.renorm, -3), Offset(tdnn3.renorm, 3)) input-dim=1536 output-dim=768
component-node name=tdnn4.relu component=tdnn4.relu input=tdnn4.affine input-dim=768 output-dim=768
component-node name=tdnn4.renorm component=tdnn4.renorm input=tdnn4.relu input-dim=768 output-dim=768
component-node name=tdnn5.affine component=tdnn5.affine input=Append(Offset(tdnn4.renorm, -3), Offset(tdnn4.renorm, 3)) input-dim=1536 output-dim=768
component-node name=tdnn5.relu component=tdnn5.relu input=tdnn5.affine input-dim=768 output-dim=768
component-node name=tdnn5.renorm component=tdnn5.renorm input=tdnn5.relu input-dim=768 output-dim=768
component-node name=tdnn6.affine component=tdnn6.affine input=Append(Offset(tdnn5.renorm, -3), Offset(tdnn5.renorm, 3)) input-dim=1536 output-dim=768
component-node name=tdnn6.relu component=tdnn6.relu input=tdnn6.affine input-dim=768 output-dim=768
component-node name=tdnn6.renorm component=tdnn6.renorm input=tdnn6.relu input-dim=768 output-dim=768
component-node name=tdnn7.affine component=tdnn7.affine input=Append(Offset(tdnn6.renorm, -3), Offset(tdnn6.renorm, 3)) input-dim=1536 output-dim=768
component-node name=tdnn7.relu component=tdnn7.relu input=tdnn7.affine input-dim=768 output-dim=768
component-node name=tdnn7.renorm component=tdnn7.renorm input=tdnn7.relu input-dim=768 output-dim=768
component-node name=tdnn8.affine component=tdnn8.affine input=Append(Offset(tdnn7.renorm, -3), Offset(tdnn7.renorm, 3)) input-dim=1536 output-dim=768
component-node name=tdnn8.relu component=tdnn8.relu input=tdnn8.affine input-dim=768 output-dim=768
component-node name=tdnn8.renorm component=tdnn8.renorm input=tdnn8.relu input-dim=768 output-dim=768
component-node name=tdnn9.affine component=tdnn9.affine input=Append(Offset(tdnn8.renorm, -3), Offset(tdnn8.renorm, 3)) input-dim=1536 output-dim=768
component-node name=tdnn9.relu component=tdnn9.relu input=tdnn9.affine input-dim=768 output-dim=768
component-node name=tdnn9.renorm component=tdnn9.renorm input=tdnn9.relu input-dim=768 output-dim=768
component-node name=tdnn10.affine component=tdnn10.affine input=Append(Offset(tdnn9.renorm, -3), Offset(tdnn9.renorm, 3)) input-dim=1536 output-dim=768
component-node name=tdnn10.relu component=tdnn10.relu input=tdnn10.affine input-dim=768 output-dim=768
component-node name=tdnn10.renorm component=tdnn10.renorm input=tdnn10.relu input-dim=768 output-dim=768
component-node name=tdnn11.affine component=tdnn11.affine input=Append(Offset(tdnn10.renorm, -3), Offset(tdnn10.renorm, 3)) input-dim=1536 output-dim=768
component-node name=tdnn11.relu component=tdnn11.relu input=tdnn11.affine input-dim=768 output-dim=768
component-node name=tdnn11.renorm component=tdnn11.renorm input=tdnn11.relu input-dim=768 output-dim=768
component-node name=tdnnFINAL.affine component=tdnnFINAL.affine input=Append(Offset(tdnn11.renorm, -3), Offset(tdnn11.renorm, 3)) input-dim=1536 output-dim=768
component-node name=tdnnFINAL.relu component=tdnnFINAL.relu input=tdnnFINAL.affine input-dim=768 output-dim=768
component-node name=tdnnFINAL.renorm component=tdnnFINAL.renorm input=tdnnFINAL.relu input-dim=768 output-dim=768
component-node name=prefinal-affine-task-0.affine component=prefinal-affine-task-0.affine input=tdnnFINAL.renorm input-dim=768 output-dim=768
component-node name=prefinal-affine-task-0.relu component=prefinal-affine-task-0.relu input=prefinal-affine-task-0.affine input-dim=768 output-dim=768
component-node name=prefinal-affine-task-0.renorm component=prefinal-affine-task-0.renorm input=prefinal-affine-task-0.relu input-dim=768 output-dim=768
component-node name=output-0.affine component=output-0.affine input=prefinal-affine-task-0.renorm input-dim=768 output-dim=168
component-node name=output-0.log-softmax component=output-0.log-softmax input=output-0.affine input-dim=168 output-dim=168
output-node name=output-0 input=output-0.log-softmax dim=168 objective=linear
component-node name=prefinal-affine-task-1.affine component=prefinal-affine-task-1.affine input=tdnnFINAL.renorm input-dim=768 output-dim=768
component-node name=prefinal-affine-task-1.relu component=prefinal-affine-task-1.relu input=prefinal-affine-task-1.affine input-dim=768 output-dim=768
component-node name=prefinal-affine-task-1.renorm component=prefinal-affine-task-1.renorm input=prefinal-affine-task-1.relu input-dim=768 output-dim=768
component-node name=output-1.affine component=output-1.affine input=prefinal-affine-task-1.renorm input-dim=768 output-dim=184
component-node name=output-1.log-softmax component=output-1.log-softmax input=output-1.affine input-dim=184 output-dim=184
output-node name=output-1 input=output-1.log-softmax dim=184 objective=linear
component name=tdnn1.affine type=NaturalGradientAffineComponent, input-dim=65, output-dim=768, learning-rate=0.000371399, max-change=0.75, linear-params-rms=0.1473, linear-params-row-norms=[percentiles(0,1,2,5 10,20,50,80,90 95,98,99,100)=(0.76,0.83,0.87,0.92 0.96,1.0,1.2,1.3,1.4 1.5,1.6,1.7,1.9), mean=1.17, stddev=0.183], linear-params-col-norms=[percentiles(0,1,2,5 10,20,50,80,90 95,98,99,100)=(3.6,3.6,3.7,3.8 3.8,3.9,4.1,4.2,4.3 4.4,4.6,4.6,4.7), mean=4.08, stddev=0.219], bias-{mean,stddev}=0.02834,1.034, rank-in=20, rank-out=80, num-samples-history=2000, update-period=4, alpha=4
component name=tdnn1.relu type=RectifiedLinearComponent, dim=768, self-repair-scale=1e-05, count=1.54e+05, self-repaired-proportion=0, value-avg=[percentiles(0,1,2,5 10,20,50,80,90 95,98,99,100)=(0.01,0.02,0.03,0.03 0.04,0.07,0.31,1.3,1.7 2.1,2.7,3.1,5.9), mean=0.68, stddev=0.772], deriv-avg=[percentiles(0,1,2,5 10,20,50,80,90 95,98,99,100)=(0.06,0.06,0.07,0.08 0.10,0.14,0.40,0.86,0.89 0.91,0.92,0.93,0.95), mean=0.477, stddev=0.317], oderiv-rms=[percentiles(0,1,2,5 10,20,50,80,90 95,98,99,100)=(0.0001,0.0001,0.0001,0.0001 0.0002,0.0002,0.0002,0.0003,0.0003 0.0003,0.0004,0.0004,0.0004), mean=0.000212, stddev=5.89e-05], oderiv-count=225280
component name=tdnn1.renorm type=NormalizeComponent, input-dim=768, output-dim=768, target-rms=1, add-log-stddev=false
component name=tdnn2.affine type=NaturalGradientAffineComponent, input-dim=768, output-dim=768, learning-rate=0.000371399, max-change=0.75, linear-params-rms=0.03814, linear-params-row-norms=[percentiles(0,1,2,5 10,20,50,80,90 95,98,99,100)=(0.94,0.96,0.97,0.99 1.0,1.0,1.1,1.1,1.1 1.1,1.2,1.2,1.2), mean=1.06, stddev=0.0437], linear-params-col-norms=[percentiles(0,1,2,5 10,20,50,80,90 95,98,99,100)=(0.92,0.96,0.97,0.98 0.99,1.0,1.0,1.1,1.1 1.2,1.2,1.2,1.3), mean=1.06, stddev=0.0542], bias-{mean,stddev}=0.01178,1.051, rank-in=20, rank-out=80, num-samples-history=2000, update-period=4, alpha=4
component name=tdnn2.relu type=RectifiedLinearComponent, dim=768, self-repair-scale=1e-05, count=1.64e+05, self-repaired-proportion=0, value-avg=[percentiles(0,1,2,5 10,20,50,80,90 95,98,99,100)=(0.02,0.03,0.03,0.04 0.06,0.10,0.34,0.95,1.3 1.5,1.9,2.1,2.8), mean=0.524, stddev=0.506], deriv-avg=[percentiles(0,1,2,5 10,20,50,80,90 95,98,99,100)=(0.08,0.10,0.11,0.14 0.16,0.21,0.42,0.72,0.82 0.87,0.90,0.91,0.93), mean=0.46, stddev=0.242], oderiv-rms=[percentiles(0,1,2,5 10,20,50,80,90 95,98,99,100)=(0.0002,0.0002,0.0002,0.0002 0.0002,0.0002,0.0002,0.0003,0.0003 0.0003,0.0004,0.0004,0.0004), mean=0.000236, stddev=5.15e-05], oderiv-count=286720
component name=tdnn2.renorm type=NormalizeComponent, input-dim=768, output-dim=768, target-rms=1, add-log-stddev=false
component name=tdnn3.affine type=NaturalGradientAffineComponent, input-dim=1536, output-dim=768, learning-rate=0.000371399, max-change=0.75, linear-params-rms=0.02763, linear-params-row-norms=[percentiles(0,1,2,5 10,20,50,80,90 95,98,99,100)=(0.98,1.0,1.0,1.0 1.0,1.0,1.1,1.1,1.1 1.2,1.2,1.2,1.2), mean=1.08, stddev=0.0459], linear-params-col-norms=[percentiles(0,1,2,5 10,20,50,80,90 95,98,99,100)=(0.66,0.69,0.69,0.70 0.71,0.72,0.76,0.81,0.83 0.85,0.87,0.88,0.92), mean=0.764, stddev=0.0468], bias-{mean,stddev}=0.01776,1.008, rank-in=20, rank-out=80, num-samples-history=2000, update-period=4, alpha=4
component name=tdnn3.relu type=RectifiedLinearComponent, dim=768, self-repair-scale=1e-05, count=8.19e+04, self-repaired-proportion=0, value-avg=[percentiles(0,1,2,5 10,20,50,80,90 95,98,99,100)=(0.02,0.03,0.04,0.06 0.08,0.15,0.42,0.98,1.3 1.6,2.0,2.1,3.0), mean=0.583, stddev=0.512], deriv-avg=[percentiles(0,1,2,5 10,20,50,80,90 95,98,99,100)=(0.08,0.10,0.11,0.13 0.16,0.23,0.42,0.64,0.75 0.81,0.86,0.89,0.93), mean=0.442, stddev=0.212], oderiv-rms=[percentiles(0,1,2,5 10,20,50,80,90 95,98,99,100)=(0.0002,0.0002,0.0002,0.0002 0.0003,0.0003,0.0003,0.0004,0.0005 0.0005,0.0005,0.0006,0.0006), mean=0.000344, stddev=7.93e-05], oderiv-count=135680
component name=tdnn3.renorm type=NormalizeComponent, input-dim=768, output-dim=768, target-rms=1, add-log-stddev=false
component name=tdnn4.affine type=NaturalGradientAffineComponent, input-dim=1536, output-dim=768, learning-rate=0.000371399, max-change=0.75, linear-params-rms=0.02776, linear-params-row-norms=[percentiles(0,1,2,5 10,20,50,80,90 95,98,99,100)=(0.96,0.99,1.0,1.0 1.0,1.0,1.1,1.1,1.2 1.2,1.2,1.2,1.2), mean=1.09, stddev=0.0506], linear-params-col-norms=[percentiles(0,1,2,5 10,20,50,80,90 95,98,99,100)=(0.65,0.68,0.69,0.70 0.71,0.73,0.76,0.81,0.83 0.85,0.88,0.89,0.94), mean=0.768, stddev=0.0478], bias-{mean,stddev}=0.007469,1.004, rank-in=20, rank-out=80, num-samples-history=2000, update-period=4, alpha=4
component name=tdnn4.relu type=RectifiedLinearComponent, dim=768, self-repair-scale=1e-05, count=8.99e+04, self-repaired-proportion=0, value-avg=[percentiles(0,1,2,5 10,20,50,80,90 95,98,99,100)=(0.02,0.03,0.04,0.06 0.08,0.14,0.41,0.88,1.3 1.5,1.9,2.0,2.5), mean=0.55, stddev=0.481], deriv-avg=[percentiles(0,1,2,5 10,20,50,80,90 95,98,99,100)=(0.06,0.08,0.09,0.12 0.16,0.22,0.42,0.62,0.73 0.80,0.86,0.89,0.91), mean=0.43, stddev=0.211], oderiv-rms=[percentiles(0,1,2,5 10,20,50,80,90 95,98,99,100)=(0.0003,0.0003,0.0003,0.0003 0.0003,0.0003,0.0004,0.0005,0.0005 0.0006,0.0006,0.0006,0.0008), mean=0.000403, stddev=8.67e-05], oderiv-count=115200
component name=tdnn4.renorm type=NormalizeComponent, input-dim=768, output-dim=768, target-rms=1, add-log-stddev=false
component name=tdnn5.affine type=NaturalGradientAffineComponent, input-dim=1536, output-dim=768, learning-rate=0.000371399, max-change=0.75, linear-params-rms=0.02795, linear-params-row-norms=[percentiles(0,1,2,5 10,20,50,80,90 95,98,99,100)=(0.98,1.0,1.0,1.0 1.0,1.0,1.1,1.1,1.2 1.2,1.2,1.2,1.2), mean=1.09, stddev=0.0508], linear-params-col-norms=[percentiles(0,1,2,5 10,20,50,80,90 95,98,99,100)=(0.65,0.69,0.70,0.71 0.71,0.73,0.77,0.82,0.84 0.86,0.88,0.90,0.98), mean=0.773, stddev=0.049], bias-{mean,stddev}=0.02203,1.014, rank-in=20, rank-out=80, num-samples-history=2000, update-period=4, alpha=4
component name=tdnn5.relu type=RectifiedLinearComponent, dim=768, self-repair-scale=1e-05, count=7.37e+04, self-repaired-proportion=0, value-avg=[percentiles(0,1,2,5 10,20,50,80,90 95,98,99,100)=(0.02,0.03,0.04,0.06 0.09,0.17,0.42,0.93,1.2 1.5,1.8,2.0,2.5), mean=0.557, stddev=0.46], deriv-avg=[percentiles(0,1,2,5 10,20,50,80,90 95,98,99,100)=(0.06,0.09,0.10,0.13 0.17,0.25,0.43,0.64,0.74 0.80,0.85,0.89,0.93), mean=0.445, stddev=0.206], oderiv-rms=[percentiles(0,1,2,5 10,20,50,80,90 95,98,99,100)=(0.0003,0.0003,0.0003,0.0004 0.0004,0.0004,0.0005,0.0005,0.0006 0.0006,0.0007,0.0007,0.0008), mean=0.000473, stddev=8.63e-05], oderiv-count=96256
component name=tdnn5.renorm type=NormalizeComponent, input-dim=768, output-dim=768, target-rms=1, add-log-stddev=false
component name=tdnn6.affine type=NaturalGradientAffineComponent, input-dim=1536, output-dim=768, learning-rate=0.000371399, max-change=0.75, linear-params-rms=0.0282, linear-params-row-norms=[percentiles(0,1,2,5 10,20,50,80,90 95,98,99,100)=(0.99,1.0,1.0,1.0 1.0,1.1,1.1,1.1,1.2 1.2,1.2,1.2,1.2), mean=1.1, stddev=0.0495], linear-params-col-norms=[percentiles(0,1,2,5 10,20,50,80,90 95,98,99,100)=(0.66,0.69,0.70,0.71 0.72,0.73,0.78,0.82,0.84 0.86,0.88,0.89,0.93), mean=0.78, stddev=0.048], bias-{mean,stddev}=0.04579,1.007, rank-in=20, rank-out=80, num-samples-history=2000, update-period=4, alpha=4
component name=tdnn6.relu type=RectifiedLinearComponent, dim=768, self-repair-scale=1e-05, count=5.73e+04, self-repaired-proportion=9.3006e-05, value-avg=[percentiles(0,1,2,5 10,20,50,80,90 95,98,99,100)=(0.02,0.04,0.05,0.08 0.12,0.18,0.40,0.86,1.2 1.5,1.8,2.0,2.6), mean=0.544, stddev=0.451], deriv-avg=[percentiles(0,1,2,5 10,20,50,80,90 95,98,99,100)=(0.05,0.08,0.10,0.15 0.19,0.26,0.42,0.63,0.73 0.80,0.85,0.88,0.92), mean=0.444, stddev=0.199], oderiv-rms=[percentiles(0,1,2,5 10,20,50,80,90 95,98,99,100)=(0.0004,0.0004,0.0004,0.0004 0.0004,0.0005,0.0005,0.0006,0.0007 0.0007,0.0007,0.0008,0.001), mean=0.000554, stddev=8.77e-05], oderiv-count=93184
component name=tdnn6.renorm type=NormalizeComponent, input-dim=768, output-dim=768, target-rms=1, add-log-stddev=false
component name=tdnn7.affine type=NaturalGradientAffineComponent, input-dim=1536, output-dim=768, learning-rate=0.000371399, max-change=0.75, linear-params-rms=0.02844, linear-params-row-norms=[percentiles(0,1,2,5 10,20,50,80,90 95,98,99,100)=(0.98,1.0,1.0,1.0 1.0,1.1,1.1,1.2,1.2 1.2,1.2,1.2,1.3), mean=1.11, stddev=0.0519], linear-params-col-norms=[percentiles(0,1,2,5 10,20,50,80,90 95,98,99,100)=(0.63,0.69,0.70,0.71 0.72,0.74,0.79,0.83,0.85 0.87,0.89,0.90,0.98), mean=0.787, stddev=0.0485], bias-{mean,stddev}=0.01654,0.9737, rank-in=20, rank-out=80, num-samples-history=2000, update-period=4, alpha=4
component name=tdnn7.relu type=RectifiedLinearComponent, dim=768, self-repair-scale=1e-05, count=6.14e+04, self-repaired-proportion=0.00325521, value-avg=[percentiles(0,1,2,5 10,20,50,80,90 95,98,99,100)=(0.001,0.04,0.06,0.09 0.13,0.18,0.40,0.84,1.1 1.5,1.8,2.0,3.5), mean=0.542, stddev=0.454], deriv-avg=[percentiles(0,1,2,5 10,20,50,80,90 95,98,99,100)=(0.006,0.08,0.12,0.17 0.21,0.26,0.42,0.63,0.73 0.80,0.86,0.91,1.0), mean=0.447, stddev=0.196], oderiv-rms=[percentiles(0,1,2,5 10,20,50,80,90 95,98,99,100)=(0.0004,0.0005,0.0005,0.0005 0.0005,0.0005,0.0006,0.0007,0.0007 0.0008,0.0008,0.0008,0.0009), mean=0.00062, stddev=9.24e-05], oderiv-count=72192
component name=tdnn7.renorm type=NormalizeComponent, input-dim=768, output-dim=768, target-rms=1, add-log-stddev=false
component name=tdnn8.affine type=NaturalGradientAffineComponent, input-dim=1536, output-dim=768, learning-rate=0.000371399, max-change=0.75, linear-params-rms=0.02865, linear-params-row-norms=[percentiles(0,1,2,5 10,20,50,80,90 95,98,99,100)=(0.97,1.0,1.0,1.0 1.0,1.1,1.1,1.2,1.2 1.2,1.2,1.2,1.3), mean=1.12, stddev=0.061], linear-params-col-norms=[percentiles(0,1,2,5 10,20,50,80,90 95,98,99,100)=(0.67,0.70,0.71,0.72 0.73,0.75,0.79,0.84,0.86 0.87,0.89,0.90,0.95), mean=0.792, stddev=0.0495], bias-{mean,stddev}=-0.05805,1.063, rank-in=20, rank-out=80, num-samples-history=2000, update-period=4, alpha=4
component name=tdnn8.relu type=RectifiedLinearComponent, dim=768, self-repair-scale=1e-05, count=4.74e+04, self-repaired-proportion=0.0035636, value-avg=[percentiles(0,1,2,5 10,20,50,80,90 95,98,99,100)=(0.002,0.02,0.03,0.05 0.08,0.15,0.37,0.88,1.2 1.6,1.9,2.2,2.7), mean=0.537, stddev=0.494], deriv-avg=[percentiles(0,1,2,5 10,20,50,80,90 95,98,99,100)=(0.008,0.06,0.07,0.11 0.15,0.23,0.41,0.62,0.74 0.83,0.89,0.92,0.95), mean=0.431, stddev=0.22], oderiv-rms=[percentiles(0,1,2,5 10,20,50,80,90 95,98,99,100)=(0.0005,0.0005,0.0006,0.0006 0.0006,0.0006,0.0007,0.0009,0.0009 0.001,0.001,0.001,0.001), mean=0.000748, stddev=0.00012], oderiv-count=66560
component name=tdnn8.renorm type=NormalizeComponent, input-dim=768, output-dim=768, target-rms=1, add-log-stddev=false
component name=tdnn9.affine type=NaturalGradientAffineComponent, input-dim=1536, output-dim=768, learning-rate=0.000371399, max-change=0.75, linear-params-rms=0.02887, linear-params-row-norms=[percentiles(0,1,2,5 10,20,50,80,90 95,98,99,100)=(0.96,0.99,1.0,1.0 1.0,1.1,1.1,1.2,1.2 1.2,1.2,1.2,1.3), mean=1.13, stddev=0.0655], linear-params-col-norms=[percentiles(0,1,2,5 10,20,50,80,90 95,98,99,100)=(0.66,0.69,0.70,0.71 0.72,0.74,0.79,0.85,0.87 0.89,0.91,0.93,0.97), mean=0.798, stddev=0.0574], bias-{mean,stddev}=-0.05935,0.998, rank-in=20, rank-out=80, num-samples-history=2000, update-period=4, alpha=4
component name=tdnn9.relu type=RectifiedLinearComponent, dim=768, self-repair-scale=1e-05, count=3.28e+04, self-repaired-proportion=0.0134549, value-avg=[percentiles(0,1,2,5 10,20,50,80,90 95,98,99,100)=(7e-06,0.006,0.02,0.05 0.08,0.15,0.39,0.82,1.1 1.4,1.7,1.9,2.3), mean=0.513, stddev=0.436], deriv-avg=[percentiles(0,1,2,5 10,20,50,80,90 95,98,99,100)=(9e-05,0.02,0.06,0.11 0.16,0.24,0.43,0.62,0.73 0.80,0.86,0.91,0.97), mean=0.433, stddev=0.211], oderiv-rms=[percentiles(0,1,2,5 10,20,50,80,90 95,98,99,100)=(0.0006,0.0006,0.0006,0.0007 0.0007,0.0007,0.0009,0.001,0.001 0.001,0.001,0.001,0.001), mean=0.000889, stddev=0.000142], oderiv-count=52224
component name=tdnn9.renorm type=NormalizeComponent, input-dim=768, output-dim=768, target-rms=1, add-log-stddev=false
component name=tdnn10.affine type=NaturalGradientAffineComponent, input-dim=1536, output-dim=768, learning-rate=0.000371399, max-change=0.75, linear-params-rms=0.02885, linear-params-row-norms=[percentiles(0,1,2,5 10,20,50,80,90 95,98,99,100)=(0.97,0.99,1.0,1.0 1.0,1.1,1.1,1.2,1.2 1.2,1.2,1.3,1.3), mean=1.13, stddev=0.0661], linear-params-col-norms=[percentiles(0,1,2,5 10,20,50,80,90 95,98,99,100)=(0.67,0.69,0.70,0.71 0.72,0.74,0.80,0.85,0.87 0.89,0.90,0.91,0.95), mean=0.798, stddev=0.0554], bias-{mean,stddev}=0.02918,1.027, rank-in=20, rank-out=80, num-samples-history=2000, update-period=4, alpha=4
component name=tdnn10.relu type=RectifiedLinearComponent, dim=768, self-repair-scale=1e-05, count=2.46e+04, self-repaired-proportion=0.0209836, value-avg=[percentiles(0,1,2,5 10,20,50,80,90 95,98,99,100)=(2e-05,0.005,0.02,0.04 0.07,0.15,0.38,0.85,1.2 1.5,1.8,2.1,2.7), mean=0.529, stddev=0.473], deriv-avg=[percentiles(0,1,2,5 10,20,50,80,90 95,98,99,100)=(0.0001,0.02,0.05,0.09 0.14,0.23,0.42,0.64,0.76 0.83,0.91,0.93,0.99), mean=0.438, stddev=0.225], oderiv-rms=[percentiles(0,1,2,5 10,20,50,80,90 95,98,99,100)=(0.0007,0.0007,0.0008,0.0008 0.0008,0.0009,0.001,0.001,0.001 0.001,0.001,0.001,0.002), mean=0.00108, stddev=0.000177], oderiv-count=39168
component name=tdnn10.renorm type=NormalizeComponent, input-dim=768, output-dim=768, target-rms=1, add-log-stddev=false
component name=tdnn11.affine type=NaturalGradientAffineComponent, input-dim=1536, output-dim=768, learning-rate=0.000371399, max-change=0.75, linear-params-rms=0.02892, linear-params-row-norms=[percentiles(0,1,2,5 10,20,50,80,90 95,98,99,100)=(0.97,0.97,0.98,1.0 1.0,1.1,1.1,1.2,1.2 1.2,1.3,1.3,1.3), mean=1.13, stddev=0.0774], linear-params-col-norms=[percentiles(0,1,2,5 10,20,50,80,90 95,98,99,100)=(0.66,0.69,0.70,0.71 0.72,0.74,0.80,0.85,0.87 0.89,0.91,0.92,0.96), mean=0.8, stddev=0.0562], bias-{mean,stddev}=0.03175,1.019, rank-in=20, rank-out=80, num-samples-history=2000, update-period=4, alpha=4
component name=tdnn11.relu type=RectifiedLinearComponent, dim=768, self-repair-scale=1e-05, count=2.1e+04, self-repaired-proportion=0.0700758, value-avg=[percentiles(0,1,2,5 10,20,50,80,90 95,98,99,100)=(0,0.0002,0.001,0.01 0.04,0.10,0.37,0.85,1.2 1.6,2.0,2.3,3.4), mean=0.529, stddev=0.525], deriv-avg=[percentiles(0,1,2,5 10,20,50,80,90 95,98,99,100)=(0,0.001,0.007,0.04 0.09,0.19,0.42,0.65,0.78 0.87,0.94,0.96,1.0), mean=0.427, stddev=0.25], oderiv-rms=[percentiles(0,1,2,5 10,20,50,80,90 95,98,99,100)=(0.0008,0.0009,0.0009,0.0009 0.001,0.001,0.001,0.002,0.002 0.002,0.002,0.002,0.002), mean=0.00128, stddev=0.000234], oderiv-count=28160
component name=tdnn11.renorm type=NormalizeComponent, input-dim=768, output-dim=768, target-rms=1, add-log-stddev=false
component name=tdnnFINAL.affine type=NaturalGradientAffineComponent, input-dim=1536, output-dim=768, learning-rate=0.000371399, max-change=0.75, linear-params-rms=0.02915, linear-params-row-norms=[percentiles(0,1,2,5 10,20,50,80,90 95,98,99,100)=(0.96,0.97,0.98,1.0 1.0,1.0,1.1,1.2,1.2 1.3,1.3,1.3,1.3), mean=1.14, stddev=0.0886], linear-params-col-norms=[percentiles(0,1,2,5 10,20,50,80,90 95,98,99,100)=(0.64,0.68,0.69,0.70 0.71,0.73,0.81,0.87,0.89 0.91,0.93,0.95,0.99), mean=0.805, stddev=0.0682], bias-{mean,stddev}=-0.0673,0.9591, rank-in=20, rank-out=80, num-samples-history=2000, update-period=4, alpha=4
component name=tdnnFINAL.relu type=RectifiedLinearComponent, dim=768, self-repair-scale=1e-05, count=8.96e+03, self-repaired-proportion=0.0950521, value-avg=[percentiles(0,1,2,5 10,20,50,80,90 95,98,99,100)=(0,0,0.0002,0.003 0.02,0.08,0.31,0.72,0.97 1.2,1.7,1.8,2.5), mean=0.426, stddev=0.423], deriv-avg=[percentiles(0,1,2,5 10,20,50,80,90 95,98,99,100)=(0,0,0.0008,0.01 0.06,0.15,0.36,0.58,0.68 0.76,0.86,0.91,0.99), mean=0.373, stddev=0.231], oderiv-rms=[percentiles(0,1,2,5 10,20,50,80,90 95,98,99,100)=(0.001,0.001,0.001,0.001 0.002,0.002,0.002,0.002,0.003 0.003,0.003,0.003,0.003), mean=0.00199, stddev=0.000378], oderiv-count=12288
component name=tdnnFINAL.renorm type=NormalizeComponent, input-dim=768, output-dim=768, target-rms=1, add-log-stddev=false
component name=prefinal-affine-task-0.affine type=NaturalGradientAffineComponent, input-dim=768, output-dim=768, learning-rate=0.000371399, max-change=0.75, linear-params-rms=0.03885, linear-params-row-norms=[percentiles(0,1,2,5 10,20,50,80,90 95,98,99,100)=(0.92,0.95,0.96,0.97 0.99,1.0,1.1,1.1,1.2 1.2,1.2,1.2,1.3), mean=1.07, stddev=0.0715], linear-params-col-norms=[percentiles(0,1,2,5 10,20,50,80,90 95,98,99,100)=(0.95,0.96,0.97,0.98 0.99,1.0,1.1,1.1,1.2 1.2,1.2,1.2,1.3), mean=1.07, stddev=0.0621], bias-{mean,stddev}=0.0006994,1.006, rank-in=20, rank-out=80, num-samples-history=2000, update-period=4, alpha=4
component name=prefinal-affine-task-0.relu type=RectifiedLinearComponent, dim=768, self-repair-scale=1e-05, count=3.07e+03, self-repaired-proportion=0.133013, value-avg=[percentiles(0,1,2,5 10,20,50,80,90 95,98,99,100)=(0,0,7e-05,0.001 0.007,0.05,0.32,0.66,0.81 0.94,1.0,1.1,1.3), mean=0.366, stddev=0.308], deriv-avg=[percentiles(0,1,2,5 10,20,50,80,90 95,98,99,100)=(0,0,0.0007,0.005 0.03,0.11,0.38,0.60,0.68 0.72,0.74,0.77,0.81), mean=0.371, stddev=0.232], oderiv-rms=[percentiles(0,1,2,5 10,20,50,80,90 95,98,99,100)=(1e-09,1e-06,6e-06,2e-05 8e-05,0.0003,0.001,0.001,0.002 0.002,0.002,0.002,0.003), mean=0.000921, stddev=0.000554], oderiv-count=6656
component name=prefinal-affine-task-0.renorm type=NormalizeComponent, input-dim=768, output-dim=768, target-rms=1, add-log-stddev=false
component name=output-0.affine type=NaturalGradientAffineComponent, input-dim=768, output-dim=168, learning-rate=0.000371399, max-change=1.5, linear-params-rms=0.05121, linear-params-row-norms=[percentiles(0,1,2,5 10,20,50,80,90 95,98,99,100)=(0.14,0.14,0.91,1.1 1.1,1.2,1.4,1.6,1.7 1.7,1.8,1.8,2.0), mean=1.4, stddev=0.244], linear-params-col-norms=[percentiles(0,1,2,5 10,20,50,80,90 95,98,99,100)=(7e-07,0.0005,0.002,0.009 0.03,0.14,0.66,0.89,0.96 1.0,1.1,1.1,1.3), mean=0.562, stddev=0.354], bias-{mean,stddev}=2.265e-07,0.00396, rank-in=20, rank-out=80, num-samples-history=2000, update-period=4, alpha=4
component name=output-0.log-softmax type=LogSoftmaxComponent, dim=168, oderiv-rms=[percentiles(0,1,2,5 10,20,50,80,90 95,98,99,100)=(0,0,0.01,0.02 0.03,0.03,0.05,0.07,0.08 0.10,0.13,0.15,0.26), mean=0.0536, stddev=0.0307], oderiv-count=6656
component name=prefinal-affine-task-1.affine type=NaturalGradientAffineComponent, input-dim=768, output-dim=768, learning-rate=0.000371399, max-change=0.75, linear-params-rms=0.03656, linear-params-row-norms=[percentiles(0,1,2,5 10,20,50,80,90 95,98,99,100)=(0.91,0.94,0.95,0.96 0.98,0.99,1.0,1.0,1.1 1.1,1.1,1.1,1.2), mean=1.01, stddev=0.0321], linear-params-col-norms=[percentiles(0,1,2,5 10,20,50,80,90 95,98,99,100)=(0.94,0.95,0.95,0.97 0.97,0.99,1.0,1.0,1.1 1.1,1.1,1.1,1.1), mean=1.01, stddev=0.0289], bias-{mean,stddev}=-0.07031,1.031, rank-in=20, rank-out=80, num-samples-history=2000, update-period=4, alpha=4
component name=prefinal-affine-task-1.relu type=RectifiedLinearComponent, dim=768, self-repair-scale=1e-05, count=3.58e+03, self-repaired-proportion=0.152995, value-avg=[percentiles(0,1,2,5 10,20,50,80,90 95,98,99,100)=(0,0,5e-05,0.0006 0.007,0.03,0.25,0.51,0.62 0.72,0.83,0.88,1.0), mean=0.282, stddev=0.242], deriv-avg=[percentiles(0,1,2,5 10,20,50,80,90 95,98,99,100)=(0,0,0.0003,0.003 0.03,0.08,0.41,0.65,0.72 0.79,0.82,0.84,0.92), mean=0.387, stddev=0.263], oderiv-rms=[percentiles(0,1,2,5 10,20,50,80,90 95,98,99,100)=(1e-09,3e-08,6e-06,4e-05 0.0001,0.0004,0.002,0.003,0.003 0.003,0.003,0.004,0.004), mean=0.00178, stddev=0.0011], oderiv-count=6912
component name=prefinal-affine-task-1.renorm type=NormalizeComponent, input-dim=768, output-dim=768, target-rms=1, add-log-stddev=false
component name=output-1.affine type=NaturalGradientAffineComponent, input-dim=768, output-dim=184, learning-rate=0.000371399, max-change=1.5, linear-params-rms=0.02952, linear-params-row-norms=[percentiles(0,1,2,5 10,20,50,80,90 95,98,99,100)=(0.07,0.07,0.07,0.07 0.07,0.07,0.07,1.3,1.4 1.5,1.6,1.6,1.7), mean=0.562, stddev=0.595], linear-params-col-norms=[percentiles(0,1,2,5 10,20,50,80,90 95,98,99,100)=(3e-07,7e-06,0.001,0.006 0.02,0.07,0.38,0.54,0.59 0.62,0.66,0.68,0.77), mean=0.339, stddev=0.214], bias-{mean,stddev}=-5.427e-07,0.002211, rank-in=20, rank-out=80, num-samples-history=2000, update-period=4, alpha=4
component name=output-1.log-softmax type=LogSoftmaxComponent, dim=184, oderiv-rms=[percentiles(0,1,2,5 10,20,50,80,90 95,98,99,100)=(0,0,0,0 0,0,0,0.02,0.03 0.03,0.04,0.05,0.06), mean=0.00806, stddev=0.0123], oderiv-count=6400
nnet3-show-progress --use-gpu=no MTL/exp/nnet3/multitask/97.raw MTL/exp/nnet3/multitask/98.raw 
LOG (nnet3-show-progress[5.4.224~1-d4d9]:SelectGpuId():cu-device.cc:123) Manually selected to compute on CPU.
LOG (nnet3-show-progress[5.4.224~1-d4d9]:main():nnet3-show-progress.cc:143) Parameter differences per layer are [ tdnn1.affine:0.0689821 tdnn2.affine:0.0344272 tdnn3.affine:0.045941 tdnn4.affine:0.0505913 tdnn5.affine:0.0541435 tdnn6.affine:0.058315 tdnn7.affine:0.0626354 tdnn8.affine:0.0662225 tdnn9.affine:0.0707823 tdnn10.affine:0.0716399 tdnn11.affine:0.0729751 tdnnFINAL.affine:0.075222 prefinal-affine-task-0.affine:0.0246066 output-0.affine:0.023643 prefinal-affine-task-1.affine:0.0475589 output-1.affine:0.0310143 ]
LOG (nnet3-show-progress[5.4.224~1-d4d9]:main():nnet3-show-progress.cc:153) Norms of parameter matrices from <new-nnet-in> are [ tdnn1.affine:43.6405 tdnn2.affine:41.307 tdnn3.affine:41.0062 tdnn4.affine:41.0232 tdnn5.affine:41.3831 tdnn6.affine:41.4581 tdnn7.affine:41.0204 tdnn8.affine:42.8729 tdnn9.affine:41.8442 tdnn10.affine:42.3419 tdnn11.affine:42.2475 tdnnFINAL.affine:41.3814 prefinal-affine-task-0.affine:40.835 output-0.affine:18.3929 prefinal-affine-task-1.affine:40.106 output-1.affine:11.0986 ]
LOG (nnet3-show-progress[5.4.224~1-d4d9]:main():nnet3-show-progress.cc:157) Relative parameter differences per layer are [ tdnn1.affine:0.0015807 tdnn2.affine:0.00083345 tdnn3.affine:0.00112035 tdnn4.affine:0.00123324 tdnn5.affine:0.00130836 tdnn6.affine:0.00140662 tdnn7.affine:0.00152696 tdnn8.affine:0.00154465 tdnn9.affine:0.00169161 tdnn10.affine:0.00169198 tdnn11.affine:0.00172736 tdnnFINAL.affine:0.00181779 prefinal-affine-task-0.affine:0.000602582 output-0.affine:0.00128598 prefinal-affine-task-1.affine:0.00118582 output-1.affine:0.00279752 ]
# Accounting: time=1 threads=1
# Ended (code 0) at Sat Jul 28 03:23:51 UTC 2018, elapsed time 1 seconds
