# nnet3-info MTL/exp/nnet3/multitask/63.raw && nnet3-show-progress --use-gpu=no MTL/exp/nnet3/multitask/62.raw MTL/exp/nnet3/multitask/63.raw 
# Started at Sat Jul 28 03:17:47 UTC 2018
#
nnet3-info MTL/exp/nnet3/multitask/63.raw 
num-parameters: 13897312
modulus: 1
input-node name=input dim=13
component-node name=tdnn1.affine component=tdnn1.affine input=Append(Offset(input, -2), Offset(input, -1), input, Offset(input, 1), Offset(input, 2)) input-dim=65 output-dim=768
component-node name=tdnn1.relu component=tdnn1.relu input=tdnn1.affine input-dim=768 output-dim=768
component-node name=tdnn1.renorm component=tdnn1.renorm input=tdnn1.relu input-dim=768 output-dim=768
component-node name=tdnn2.affine component=tdnn2.affine input=tdnn1.renorm input-dim=768 output-dim=768
component-node name=tdnn2.relu component=tdnn2.relu input=tdnn2.affine input-dim=768 output-dim=768
component-node name=tdnn2.renorm component=tdnn2.renorm input=tdnn2.relu input-dim=768 output-dim=768
component-node name=tdnn3.affine component=tdnn3.affine input=Append(Offset(tdnn2.renorm, -1), Offset(tdnn2.renorm, 2)) input-dim=1536 output-dim=768
component-node name=tdnn3.relu component=tdnn3.relu input=tdnn3.affine input-dim=768 output-dim=768
component-node name=tdnn3.renorm component=tdnn3.renorm input=tdnn3.relu input-dim=768 output-dim=768
component-node name=tdnn4.affine component=tdnn4.affine input=Append(Offset(tdnn3.renorm, -3), Offset(tdnn3.renorm, 3)) input-dim=1536 output-dim=768
component-node name=tdnn4.relu component=tdnn4.relu input=tdnn4.affine input-dim=768 output-dim=768
component-node name=tdnn4.renorm component=tdnn4.renorm input=tdnn4.relu input-dim=768 output-dim=768
component-node name=tdnn5.affine component=tdnn5.affine input=Append(Offset(tdnn4.renorm, -3), Offset(tdnn4.renorm, 3)) input-dim=1536 output-dim=768
component-node name=tdnn5.relu component=tdnn5.relu input=tdnn5.affine input-dim=768 output-dim=768
component-node name=tdnn5.renorm component=tdnn5.renorm input=tdnn5.relu input-dim=768 output-dim=768
component-node name=tdnn6.affine component=tdnn6.affine input=Append(Offset(tdnn5.renorm, -3), Offset(tdnn5.renorm, 3)) input-dim=1536 output-dim=768
component-node name=tdnn6.relu component=tdnn6.relu input=tdnn6.affine input-dim=768 output-dim=768
component-node name=tdnn6.renorm component=tdnn6.renorm input=tdnn6.relu input-dim=768 output-dim=768
component-node name=tdnn7.affine component=tdnn7.affine input=Append(Offset(tdnn6.renorm, -3), Offset(tdnn6.renorm, 3)) input-dim=1536 output-dim=768
component-node name=tdnn7.relu component=tdnn7.relu input=tdnn7.affine input-dim=768 output-dim=768
component-node name=tdnn7.renorm component=tdnn7.renorm input=tdnn7.relu input-dim=768 output-dim=768
component-node name=tdnn8.affine component=tdnn8.affine input=Append(Offset(tdnn7.renorm, -3), Offset(tdnn7.renorm, 3)) input-dim=1536 output-dim=768
component-node name=tdnn8.relu component=tdnn8.relu input=tdnn8.affine input-dim=768 output-dim=768
component-node name=tdnn8.renorm component=tdnn8.renorm input=tdnn8.relu input-dim=768 output-dim=768
component-node name=tdnn9.affine component=tdnn9.affine input=Append(Offset(tdnn8.renorm, -3), Offset(tdnn8.renorm, 3)) input-dim=1536 output-dim=768
component-node name=tdnn9.relu component=tdnn9.relu input=tdnn9.affine input-dim=768 output-dim=768
component-node name=tdnn9.renorm component=tdnn9.renorm input=tdnn9.relu input-dim=768 output-dim=768
component-node name=tdnn10.affine component=tdnn10.affine input=Append(Offset(tdnn9.renorm, -3), Offset(tdnn9.renorm, 3)) input-dim=1536 output-dim=768
component-node name=tdnn10.relu component=tdnn10.relu input=tdnn10.affine input-dim=768 output-dim=768
component-node name=tdnn10.renorm component=tdnn10.renorm input=tdnn10.relu input-dim=768 output-dim=768
component-node name=tdnn11.affine component=tdnn11.affine input=Append(Offset(tdnn10.renorm, -3), Offset(tdnn10.renorm, 3)) input-dim=1536 output-dim=768
component-node name=tdnn11.relu component=tdnn11.relu input=tdnn11.affine input-dim=768 output-dim=768
component-node name=tdnn11.renorm component=tdnn11.renorm input=tdnn11.relu input-dim=768 output-dim=768
component-node name=tdnnFINAL.affine component=tdnnFINAL.affine input=Append(Offset(tdnn11.renorm, -3), Offset(tdnn11.renorm, 3)) input-dim=1536 output-dim=768
component-node name=tdnnFINAL.relu component=tdnnFINAL.relu input=tdnnFINAL.affine input-dim=768 output-dim=768
component-node name=tdnnFINAL.renorm component=tdnnFINAL.renorm input=tdnnFINAL.relu input-dim=768 output-dim=768
component-node name=prefinal-affine-task-0.affine component=prefinal-affine-task-0.affine input=tdnnFINAL.renorm input-dim=768 output-dim=768
component-node name=prefinal-affine-task-0.relu component=prefinal-affine-task-0.relu input=prefinal-affine-task-0.affine input-dim=768 output-dim=768
component-node name=prefinal-affine-task-0.renorm component=prefinal-affine-task-0.renorm input=prefinal-affine-task-0.relu input-dim=768 output-dim=768
component-node name=output-0.affine component=output-0.affine input=prefinal-affine-task-0.renorm input-dim=768 output-dim=168
component-node name=output-0.log-softmax component=output-0.log-softmax input=output-0.affine input-dim=168 output-dim=168
output-node name=output-0 input=output-0.log-softmax dim=168 objective=linear
component-node name=prefinal-affine-task-1.affine component=prefinal-affine-task-1.affine input=tdnnFINAL.renorm input-dim=768 output-dim=768
component-node name=prefinal-affine-task-1.relu component=prefinal-affine-task-1.relu input=prefinal-affine-task-1.affine input-dim=768 output-dim=768
component-node name=prefinal-affine-task-1.renorm component=prefinal-affine-task-1.renorm input=prefinal-affine-task-1.relu input-dim=768 output-dim=768
component-node name=output-1.affine component=output-1.affine input=prefinal-affine-task-1.renorm input-dim=768 output-dim=184
component-node name=output-1.log-softmax component=output-1.log-softmax input=output-1.affine input-dim=184 output-dim=184
output-node name=output-1 input=output-1.log-softmax dim=184 objective=linear
component name=tdnn1.affine type=NaturalGradientAffineComponent, input-dim=65, output-dim=768, learning-rate=0.000614598, max-change=0.75, linear-params-rms=0.1468, linear-params-row-norms=[percentiles(0,1,2,5 10,20,50,80,90 95,98,99,100)=(0.75,0.83,0.87,0.92 0.96,1.0,1.1,1.3,1.4 1.5,1.6,1.7,1.9), mean=1.17, stddev=0.181], linear-params-col-norms=[percentiles(0,1,2,5 10,20,50,80,90 95,98,99,100)=(3.6,3.6,3.7,3.7 3.8,3.9,4.0,4.2,4.3 4.4,4.5,4.6,4.7), mean=4.06, stddev=0.219], bias-{mean,stddev}=0.02839,1.034, rank-in=20, rank-out=80, num-samples-history=2000, update-period=4, alpha=4
component name=tdnn1.relu type=RectifiedLinearComponent, dim=768, self-repair-scale=1e-05, count=2.05e+05, self-repaired-proportion=0.00182292, value-avg=[percentiles(0,1,2,5 10,20,50,80,90 95,98,99,100)=(0.01,0.02,0.02,0.03 0.04,0.07,0.30,1.3,1.7 2.2,2.8,3.2,6.0), mean=0.688, stddev=0.794], deriv-avg=[percentiles(0,1,2,5 10,20,50,80,90 95,98,99,100)=(0.06,0.06,0.07,0.08 0.09,0.13,0.40,0.86,0.90 0.92,0.93,0.94,0.95), mean=0.473, stddev=0.32], oderiv-rms=[percentiles(0,1,2,5 10,20,50,80,90 95,98,99,100)=(0.0005,0.0006,0.0006,0.0006 0.0006,0.0007,0.0008,0.001,0.001 0.001,0.002,0.002,0.002), mean=0.000885, stddev=0.000259], oderiv-count=230400
component name=tdnn1.renorm type=NormalizeComponent, input-dim=768, output-dim=768, target-rms=1, add-log-stddev=false
component name=tdnn2.affine type=NaturalGradientAffineComponent, input-dim=768, output-dim=768, learning-rate=0.000614598, max-change=0.75, linear-params-rms=0.03807, linear-params-row-norms=[percentiles(0,1,2,5 10,20,50,80,90 95,98,99,100)=(0.94,0.96,0.97,0.99 1.0,1.0,1.1,1.1,1.1 1.1,1.1,1.2,1.2), mean=1.05, stddev=0.0429], linear-params-col-norms=[percentiles(0,1,2,5 10,20,50,80,90 95,98,99,100)=(0.92,0.96,0.97,0.98 0.99,1.0,1.0,1.1,1.1 1.2,1.2,1.2,1.3), mean=1.05, stddev=0.0532], bias-{mean,stddev}=0.01179,1.051, rank-in=20, rank-out=80, num-samples-history=2000, update-period=4, alpha=4
component name=tdnn2.relu type=RectifiedLinearComponent, dim=768, self-repair-scale=1e-05, count=1.54e+05, self-repaired-proportion=0.000998264, value-avg=[percentiles(0,1,2,5 10,20,50,80,90 95,98,99,100)=(0.01,0.02,0.03,0.04 0.06,0.09,0.33,0.93,1.3 1.6,1.9,2.1,2.8), mean=0.522, stddev=0.51], deriv-avg=[percentiles(0,1,2,5 10,20,50,80,90 95,98,99,100)=(0.05,0.08,0.10,0.13 0.16,0.21,0.42,0.72,0.83 0.88,0.90,0.91,0.92), mean=0.46, stddev=0.247], oderiv-rms=[percentiles(0,1,2,5 10,20,50,80,90 95,98,99,100)=(0.0007,0.0007,0.0007,0.0008 0.0008,0.0008,0.001,0.001,0.001 0.002,0.002,0.002,0.002), mean=0.00104, stddev=0.000241], oderiv-count=286720
component name=tdnn2.renorm type=NormalizeComponent, input-dim=768, output-dim=768, target-rms=1, add-log-stddev=false
component name=tdnn3.affine type=NaturalGradientAffineComponent, input-dim=1536, output-dim=768, learning-rate=0.000614598, max-change=0.75, linear-params-rms=0.02758, linear-params-row-norms=[percentiles(0,1,2,5 10,20,50,80,90 95,98,99,100)=(0.98,1.0,1.0,1.0 1.0,1.0,1.1,1.1,1.1 1.2,1.2,1.2,1.2), mean=1.08, stddev=0.045], linear-params-col-norms=[percentiles(0,1,2,5 10,20,50,80,90 95,98,99,100)=(0.66,0.68,0.69,0.70 0.71,0.72,0.76,0.80,0.83 0.85,0.87,0.88,0.92), mean=0.763, stddev=0.0459], bias-{mean,stddev}=0.01776,1.008, rank-in=20, rank-out=80, num-samples-history=2000, update-period=4, alpha=4
component name=tdnn3.relu type=RectifiedLinearComponent, dim=768, self-repair-scale=1e-05, count=8.19e+04, self-repaired-proportion=0, value-avg=[percentiles(0,1,2,5 10,20,50,80,90 95,98,99,100)=(0.02,0.03,0.04,0.06 0.08,0.14,0.42,0.98,1.4 1.6,2.0,2.2,3.1), mean=0.583, stddev=0.52], deriv-avg=[percentiles(0,1,2,5 10,20,50,80,90 95,98,99,100)=(0.07,0.09,0.10,0.13 0.16,0.23,0.42,0.64,0.75 0.82,0.87,0.90,0.94), mean=0.442, stddev=0.216], oderiv-rms=[percentiles(0,1,2,5 10,20,50,80,90 95,98,99,100)=(0.0009,0.0009,0.0009,0.001 0.001,0.001,0.001,0.002,0.002 0.002,0.002,0.002,0.003), mean=0.00142, stddev=0.000359], oderiv-count=140800
component name=tdnn3.renorm type=NormalizeComponent, input-dim=768, output-dim=768, target-rms=1, add-log-stddev=false
component name=tdnn4.affine type=NaturalGradientAffineComponent, input-dim=1536, output-dim=768, learning-rate=0.000614598, max-change=0.75, linear-params-rms=0.0277, linear-params-row-norms=[percentiles(0,1,2,5 10,20,50,80,90 95,98,99,100)=(0.96,0.99,1.0,1.0 1.0,1.0,1.1,1.1,1.1 1.2,1.2,1.2,1.2), mean=1.08, stddev=0.0497], linear-params-col-norms=[percentiles(0,1,2,5 10,20,50,80,90 95,98,99,100)=(0.65,0.68,0.69,0.70 0.71,0.72,0.76,0.81,0.83 0.85,0.87,0.89,0.94), mean=0.766, stddev=0.047], bias-{mean,stddev}=0.007473,1.004, rank-in=20, rank-out=80, num-samples-history=2000, update-period=4, alpha=4
component name=tdnn4.relu type=RectifiedLinearComponent, dim=768, self-repair-scale=1e-05, count=5.99e+04, self-repaired-proportion=0, value-avg=[percentiles(0,1,2,5 10,20,50,80,90 95,98,99,100)=(0.02,0.03,0.04,0.05 0.08,0.13,0.42,0.90,1.3 1.5,1.9,2.0,2.5), mean=0.55, stddev=0.484], deriv-avg=[percentiles(0,1,2,5 10,20,50,80,90 95,98,99,100)=(0.05,0.08,0.09,0.12 0.15,0.22,0.42,0.62,0.73 0.81,0.86,0.89,0.92), mean=0.43, stddev=0.212], oderiv-rms=[percentiles(0,1,2,5 10,20,50,80,90 95,98,99,100)=(0.001,0.001,0.001,0.001 0.001,0.001,0.002,0.002,0.002 0.002,0.003,0.003,0.004), mean=0.00169, stddev=0.000408], oderiv-count=117504
component name=tdnn4.renorm type=NormalizeComponent, input-dim=768, output-dim=768, target-rms=1, add-log-stddev=false
component name=tdnn5.affine type=NaturalGradientAffineComponent, input-dim=1536, output-dim=768, learning-rate=0.000614598, max-change=0.75, linear-params-rms=0.02789, linear-params-row-norms=[percentiles(0,1,2,5 10,20,50,80,90 95,98,99,100)=(0.98,1.0,1.0,1.0 1.0,1.0,1.1,1.1,1.2 1.2,1.2,1.2,1.2), mean=1.09, stddev=0.0499], linear-params-col-norms=[percentiles(0,1,2,5 10,20,50,80,90 95,98,99,100)=(0.65,0.69,0.70,0.71 0.71,0.73,0.77,0.82,0.84 0.86,0.88,0.89,0.98), mean=0.771, stddev=0.0482], bias-{mean,stddev}=0.02203,1.014, rank-in=20, rank-out=80, num-samples-history=2000, update-period=4, alpha=4
component name=tdnn5.relu type=RectifiedLinearComponent, dim=768, self-repair-scale=1e-05, count=6.35e+04, self-repaired-proportion=4.34028e-05, value-avg=[percentiles(0,1,2,5 10,20,50,80,90 95,98,99,100)=(0.02,0.03,0.04,0.06 0.09,0.17,0.41,0.96,1.2 1.5,1.8,2.0,2.6), mean=0.562, stddev=0.467], deriv-avg=[percentiles(0,1,2,5 10,20,50,80,90 95,98,99,100)=(0.06,0.09,0.10,0.13 0.17,0.25,0.43,0.65,0.74 0.80,0.85,0.89,0.94), mean=0.446, stddev=0.207], oderiv-rms=[percentiles(0,1,2,5 10,20,50,80,90 95,98,99,100)=(0.001,0.001,0.001,0.001 0.001,0.001,0.002,0.002,0.002 0.003,0.003,0.003,0.004), mean=0.00185, stddev=0.000387], oderiv-count=102400
component name=tdnn5.renorm type=NormalizeComponent, input-dim=768, output-dim=768, target-rms=1, add-log-stddev=false
component name=tdnn6.affine type=NaturalGradientAffineComponent, input-dim=1536, output-dim=768, learning-rate=0.000614598, max-change=0.75, linear-params-rms=0.02813, linear-params-row-norms=[percentiles(0,1,2,5 10,20,50,80,90 95,98,99,100)=(0.98,1.0,1.0,1.0 1.0,1.1,1.1,1.1,1.2 1.2,1.2,1.2,1.2), mean=1.1, stddev=0.0487], linear-params-col-norms=[percentiles(0,1,2,5 10,20,50,80,90 95,98,99,100)=(0.66,0.69,0.69,0.71 0.72,0.73,0.78,0.82,0.84 0.86,0.88,0.88,0.93), mean=0.778, stddev=0.0473], bias-{mean,stddev}=0.0458,1.007, rank-in=20, rank-out=80, num-samples-history=2000, update-period=4, alpha=4
component name=tdnn6.relu type=RectifiedLinearComponent, dim=768, self-repair-scale=1e-05, count=6.09e+04, self-repaired-proportion=0, value-avg=[percentiles(0,1,2,5 10,20,50,80,90 95,98,99,100)=(0.02,0.04,0.05,0.07 0.11,0.18,0.41,0.86,1.2 1.5,1.9,2.1,2.7), mean=0.548, stddev=0.458], deriv-avg=[percentiles(0,1,2,5 10,20,50,80,90 95,98,99,100)=(0.06,0.08,0.11,0.15 0.19,0.25,0.42,0.63,0.73 0.80,0.86,0.88,0.92), mean=0.443, stddev=0.2], oderiv-rms=[percentiles(0,1,2,5 10,20,50,80,90 95,98,99,100)=(0.001,0.002,0.002,0.002 0.002,0.002,0.002,0.002,0.003 0.003,0.003,0.003,0.004), mean=0.00214, stddev=0.000385], oderiv-count=94976
component name=tdnn6.renorm type=NormalizeComponent, input-dim=768, output-dim=768, target-rms=1, add-log-stddev=false
component name=tdnn7.affine type=NaturalGradientAffineComponent, input-dim=1536, output-dim=768, learning-rate=0.000614598, max-change=0.75, linear-params-rms=0.02837, linear-params-row-norms=[percentiles(0,1,2,5 10,20,50,80,90 95,98,99,100)=(0.98,1.0,1.0,1.0 1.0,1.1,1.1,1.2,1.2 1.2,1.2,1.2,1.3), mean=1.11, stddev=0.0511], linear-params-col-norms=[percentiles(0,1,2,5 10,20,50,80,90 95,98,99,100)=(0.63,0.69,0.70,0.71 0.72,0.74,0.78,0.83,0.85 0.87,0.88,0.89,0.98), mean=0.785, stddev=0.0478], bias-{mean,stddev}=0.01654,0.9737, rank-in=20, rank-out=80, num-samples-history=2000, update-period=4, alpha=4
component name=tdnn7.relu type=RectifiedLinearComponent, dim=768, self-repair-scale=1e-05, count=5.07e+04, self-repaired-proportion=0.00460737, value-avg=[percentiles(0,1,2,5 10,20,50,80,90 95,98,99,100)=(0.0004,0.04,0.06,0.09 0.12,0.18,0.41,0.85,1.2 1.5,1.8,2.1,3.7), mean=0.548, stddev=0.463], deriv-avg=[percentiles(0,1,2,5 10,20,50,80,90 95,98,99,100)=(0.002,0.08,0.12,0.16 0.20,0.26,0.42,0.63,0.74 0.80,0.86,0.91,1.0), mean=0.447, stddev=0.196], oderiv-rms=[percentiles(0,1,2,5 10,20,50,80,90 95,98,99,100)=(0.002,0.002,0.002,0.002 0.002,0.002,0.002,0.003,0.003 0.003,0.003,0.003,0.004), mean=0.00232, stddev=0.000398], oderiv-count=76800
component name=tdnn7.renorm type=NormalizeComponent, input-dim=768, output-dim=768, target-rms=1, add-log-stddev=false
component name=tdnn8.affine type=NaturalGradientAffineComponent, input-dim=1536, output-dim=768, learning-rate=0.000614598, max-change=0.75, linear-params-rms=0.02856, linear-params-row-norms=[percentiles(0,1,2,5 10,20,50,80,90 95,98,99,100)=(0.97,1.0,1.0,1.0 1.0,1.1,1.1,1.2,1.2 1.2,1.2,1.2,1.3), mean=1.12, stddev=0.0599], linear-params-col-norms=[percentiles(0,1,2,5 10,20,50,80,90 95,98,99,100)=(0.67,0.70,0.71,0.72 0.73,0.74,0.79,0.84,0.86 0.87,0.89,0.90,0.95), mean=0.79, stddev=0.0489], bias-{mean,stddev}=-0.05804,1.063, rank-in=20, rank-out=80, num-samples-history=2000, update-period=4, alpha=4
component name=tdnn8.relu type=RectifiedLinearComponent, dim=768, self-repair-scale=1e-05, count=5.5e+04, self-repaired-proportion=0.00557454, value-avg=[percentiles(0,1,2,5 10,20,50,80,90 95,98,99,100)=(0.0004,0.02,0.03,0.05 0.08,0.15,0.37,0.90,1.2 1.6,1.9,2.2,2.7), mean=0.544, stddev=0.501], deriv-avg=[percentiles(0,1,2,5 10,20,50,80,90 95,98,99,100)=(0.003,0.06,0.06,0.11 0.15,0.23,0.41,0.63,0.74 0.83,0.89,0.92,0.97), mean=0.432, stddev=0.22], oderiv-rms=[percentiles(0,1,2,5 10,20,50,80,90 95,98,99,100)=(0.002,0.002,0.002,0.002 0.002,0.002,0.003,0.003,0.003 0.004,0.004,0.004,0.005), mean=0.00279, stddev=0.000509], oderiv-count=60160
component name=tdnn8.renorm type=NormalizeComponent, input-dim=768, output-dim=768, target-rms=1, add-log-stddev=false
component name=tdnn9.affine type=NaturalGradientAffineComponent, input-dim=1536, output-dim=768, learning-rate=0.000614598, max-change=0.75, linear-params-rms=0.02878, linear-params-row-norms=[percentiles(0,1,2,5 10,20,50,80,90 95,98,99,100)=(0.96,0.99,1.0,1.0 1.0,1.1,1.1,1.2,1.2 1.2,1.2,1.2,1.3), mean=1.13, stddev=0.0643], linear-params-col-norms=[percentiles(0,1,2,5 10,20,50,80,90 95,98,99,100)=(0.66,0.69,0.70,0.71 0.72,0.74,0.79,0.85,0.87 0.89,0.91,0.92,0.97), mean=0.795, stddev=0.0566], bias-{mean,stddev}=-0.05935,0.998, rank-in=20, rank-out=80, num-samples-history=2000, update-period=4, alpha=4
component name=tdnn9.relu type=RectifiedLinearComponent, dim=768, self-repair-scale=1e-05, count=3.69e+04, self-repaired-proportion=0.0169271, value-avg=[percentiles(0,1,2,5 10,20,50,80,90 95,98,99,100)=(0,0.003,0.02,0.05 0.08,0.15,0.40,0.84,1.1 1.4,1.8,2.0,2.4), mean=0.523, stddev=0.447], deriv-avg=[percentiles(0,1,2,5 10,20,50,80,90 95,98,99,100)=(0,0.01,0.06,0.11 0.15,0.24,0.43,0.62,0.73 0.81,0.87,0.91,0.98), mean=0.433, stddev=0.212], oderiv-rms=[percentiles(0,1,2,5 10,20,50,80,90 95,98,99,100)=(0.002,0.002,0.002,0.002 0.002,0.003,0.003,0.004,0.004 0.004,0.004,0.005,0.006), mean=0.00312, stddev=0.000572], oderiv-count=52224
component name=tdnn9.renorm type=NormalizeComponent, input-dim=768, output-dim=768, target-rms=1, add-log-stddev=false
component name=tdnn10.affine type=NaturalGradientAffineComponent, input-dim=1536, output-dim=768, learning-rate=0.000614598, max-change=0.75, linear-params-rms=0.02875, linear-params-row-norms=[percentiles(0,1,2,5 10,20,50,80,90 95,98,99,100)=(0.97,0.99,1.0,1.0 1.0,1.1,1.1,1.2,1.2 1.2,1.2,1.3,1.3), mean=1.12, stddev=0.0651], linear-params-col-norms=[percentiles(0,1,2,5 10,20,50,80,90 95,98,99,100)=(0.67,0.69,0.70,0.71 0.72,0.74,0.79,0.85,0.87 0.88,0.90,0.91,0.94), mean=0.795, stddev=0.0546], bias-{mean,stddev}=0.02918,1.027, rank-in=20, rank-out=80, num-samples-history=2000, update-period=4, alpha=4
component name=tdnn10.relu type=RectifiedLinearComponent, dim=768, self-repair-scale=1e-05, count=3.3e+04, self-repaired-proportion=0.0261183, value-avg=[percentiles(0,1,2,5 10,20,50,80,90 95,98,99,100)=(0,0.003,0.01,0.04 0.07,0.15,0.39,0.88,1.2 1.5,1.8,2.1,2.7), mean=0.54, stddev=0.484], deriv-avg=[percentiles(0,1,2,5 10,20,50,80,90 95,98,99,100)=(0,0.01,0.05,0.08 0.13,0.23,0.43,0.64,0.76 0.83,0.90,0.93,0.99), mean=0.439, stddev=0.225], oderiv-rms=[percentiles(0,1,2,5 10,20,50,80,90 95,98,99,100)=(0.002,0.002,0.002,0.003 0.003,0.003,0.004,0.004,0.004 0.005,0.005,0.005,0.006), mean=0.00353, stddev=0.000664], oderiv-count=40704
component name=tdnn10.renorm type=NormalizeComponent, input-dim=768, output-dim=768, target-rms=1, add-log-stddev=false
component name=tdnn11.affine type=NaturalGradientAffineComponent, input-dim=1536, output-dim=768, learning-rate=0.000614598, max-change=0.75, linear-params-rms=0.02883, linear-params-row-norms=[percentiles(0,1,2,5 10,20,50,80,90 95,98,99,100)=(0.97,0.97,0.98,1.0 1.0,1.0,1.1,1.2,1.2 1.2,1.3,1.3,1.3), mean=1.13, stddev=0.0762], linear-params-col-norms=[percentiles(0,1,2,5 10,20,50,80,90 95,98,99,100)=(0.66,0.69,0.70,0.71 0.72,0.74,0.80,0.85,0.87 0.89,0.90,0.91,0.96), mean=0.797, stddev=0.0556], bias-{mean,stddev}=0.03176,1.019, rank-in=20, rank-out=80, num-samples-history=2000, update-period=4, alpha=4
component name=tdnn11.relu type=RectifiedLinearComponent, dim=768, self-repair-scale=1e-05, count=1.54e+04, self-repaired-proportion=0.0701637, value-avg=[percentiles(0,1,2,5 10,20,50,80,90 95,98,99,100)=(0,0.0002,0.001,0.01 0.04,0.10,0.38,0.90,1.3 1.7,2.0,2.4,3.4), mean=0.544, stddev=0.541], deriv-avg=[percentiles(0,1,2,5 10,20,50,80,90 95,98,99,100)=(0,0.0008,0.005,0.04 0.08,0.18,0.42,0.65,0.78 0.87,0.94,0.96,1.0), mean=0.427, stddev=0.251], oderiv-rms=[percentiles(0,1,2,5 10,20,50,80,90 95,98,99,100)=(0.003,0.003,0.003,0.003 0.003,0.004,0.004,0.005,0.006 0.006,0.006,0.006,0.008), mean=0.00444, stddev=0.000917], oderiv-count=24576
component name=tdnn11.renorm type=NormalizeComponent, input-dim=768, output-dim=768, target-rms=1, add-log-stddev=false
component name=tdnnFINAL.affine type=NaturalGradientAffineComponent, input-dim=1536, output-dim=768, learning-rate=0.000614598, max-change=0.75, linear-params-rms=0.02909, linear-params-row-norms=[percentiles(0,1,2,5 10,20,50,80,90 95,98,99,100)=(0.96,0.97,0.98,1.0 1.0,1.0,1.1,1.2,1.2 1.3,1.3,1.3,1.3), mean=1.14, stddev=0.0875], linear-params-col-norms=[percentiles(0,1,2,5 10,20,50,80,90 95,98,99,100)=(0.64,0.68,0.69,0.70 0.71,0.73,0.81,0.87,0.89 0.91,0.93,0.94,0.99), mean=0.803, stddev=0.0681], bias-{mean,stddev}=-0.06729,0.9591, rank-in=20, rank-out=80, num-samples-history=2000, update-period=4, alpha=4
component name=tdnnFINAL.relu type=RectifiedLinearComponent, dim=768, self-repair-scale=1e-05, count=8.7e+03, self-repaired-proportion=0.0964193, value-avg=[percentiles(0,1,2,5 10,20,50,80,90 95,98,99,100)=(0,0,0.0001,0.002 0.02,0.08,0.33,0.75,1.0 1.3,1.7,1.9,2.6), mean=0.447, stddev=0.436], deriv-avg=[percentiles(0,1,2,5 10,20,50,80,90 95,98,99,100)=(0,0,0.0008,0.009 0.06,0.15,0.37,0.58,0.68 0.76,0.86,0.91,0.98), mean=0.377, stddev=0.23], oderiv-rms=[percentiles(0,1,2,5 10,20,50,80,90 95,98,99,100)=(0.004,0.004,0.004,0.005 0.005,0.005,0.006,0.008,0.008 0.009,0.009,0.01,0.01), mean=0.00653, stddev=0.00144], oderiv-count=12800
component name=tdnnFINAL.renorm type=NormalizeComponent, input-dim=768, output-dim=768, target-rms=1, add-log-stddev=false
component name=prefinal-affine-task-0.affine type=NaturalGradientAffineComponent, input-dim=768, output-dim=768, learning-rate=0.000614598, max-change=0.75, linear-params-rms=0.03885, linear-params-row-norms=[percentiles(0,1,2,5 10,20,50,80,90 95,98,99,100)=(0.92,0.95,0.96,0.97 0.99,1.0,1.1,1.1,1.2 1.2,1.2,1.2,1.3), mean=1.07, stddev=0.0706], linear-params-col-norms=[percentiles(0,1,2,5 10,20,50,80,90 95,98,99,100)=(0.95,0.96,0.97,0.98 0.99,1.0,1.1,1.1,1.2 1.2,1.2,1.2,1.3), mean=1.07, stddev=0.062], bias-{mean,stddev}=0.0007551,1.006, rank-in=20, rank-out=80, num-samples-history=2000, update-period=4, alpha=4
component name=prefinal-affine-task-0.relu type=RectifiedLinearComponent, dim=768, self-repair-scale=1e-05, count=4.61e+03, self-repaired-proportion=0.130744, value-avg=[percentiles(0,1,2,5 10,20,50,80,90 95,98,99,100)=(0,0,9e-05,0.0009 0.006,0.05,0.35,0.72,0.87 1.0,1.1,1.2,1.5), mean=0.396, stddev=0.339], deriv-avg=[percentiles(0,1,2,5 10,20,50,80,90 95,98,99,100)=(0,0,0.0004,0.005 0.02,0.11,0.39,0.63,0.71 0.75,0.78,0.80,0.85), mean=0.383, stddev=0.242], oderiv-rms=[percentiles(0,1,2,5 10,20,50,80,90 95,98,99,100)=(8e-09,3e-06,3e-05,0.0001 0.0004,0.002,0.006,0.008,0.009 0.009,0.01,0.01,0.02), mean=0.00516, stddev=0.00314], oderiv-count=7168
component name=prefinal-affine-task-0.renorm type=NormalizeComponent, input-dim=768, output-dim=768, target-rms=1, add-log-stddev=false
component name=output-0.affine type=NaturalGradientAffineComponent, input-dim=768, output-dim=168, learning-rate=0.000614598, max-change=1.5, linear-params-rms=0.04974, linear-params-row-norms=[percentiles(0,1,2,5 10,20,50,80,90 95,98,99,100)=(0.14,0.14,0.89,1.1 1.1,1.2,1.4,1.5,1.6 1.7,1.7,1.8,2.0), mean=1.36, stddev=0.235], linear-params-col-norms=[percentiles(0,1,2,5 10,20,50,80,90 95,98,99,100)=(7e-07,0.0004,0.002,0.008 0.03,0.14,0.64,0.86,0.93 1.0,1.1,1.1,1.3), mean=0.545, stddev=0.344], bias-{mean,stddev}=2.15e-07,0.003935, rank-in=20, rank-out=80, num-samples-history=2000, update-period=4, alpha=4
component name=output-0.log-softmax type=LogSoftmaxComponent, dim=168, oderiv-rms=[percentiles(0,1,2,5 10,20,50,80,90 95,98,99,100)=(0,0,0.01,0.02 0.03,0.03,0.05,0.06,0.08 0.09,0.14,0.16,0.25), mean=0.0534, stddev=0.0304], oderiv-count=7424
component name=prefinal-affine-task-1.affine type=NaturalGradientAffineComponent, input-dim=768, output-dim=768, learning-rate=0.000614598, max-change=0.75, linear-params-rms=0.03658, linear-params-row-norms=[percentiles(0,1,2,5 10,20,50,80,90 95,98,99,100)=(0.91,0.95,0.95,0.96 0.98,0.99,1.0,1.0,1.1 1.1,1.1,1.1,1.2), mean=1.01, stddev=0.0312], linear-params-col-norms=[percentiles(0,1,2,5 10,20,50,80,90 95,98,99,100)=(0.94,0.95,0.96,0.97 0.98,0.99,1.0,1.0,1.1 1.1,1.1,1.1,1.1), mean=1.01, stddev=0.0288], bias-{mean,stddev}=-0.07022,1.031, rank-in=20, rank-out=80, num-samples-history=2000, update-period=4, alpha=4
component name=prefinal-affine-task-1.relu type=RectifiedLinearComponent, dim=768, self-repair-scale=1e-05, count=4.1e+03, self-repaired-proportion=0.1578, value-avg=[percentiles(0,1,2,5 10,20,50,80,90 95,98,99,100)=(0,0,3e-05,0.0007 0.007,0.02,0.27,0.58,0.74 0.85,1.0,1.1,1.3), mean=0.321, stddev=0.287], deriv-avg=[percentiles(0,1,2,5 10,20,50,80,90 95,98,99,100)=(0,0,0.0002,0.003 0.03,0.08,0.43,0.69,0.77 0.85,0.87,0.90,0.96), mean=0.408, stddev=0.28], oderiv-rms=[percentiles(0,1,2,5 10,20,50,80,90 95,98,99,100)=(3e-09,3e-08,1e-05,8e-05 0.0003,0.0009,0.005,0.006,0.007 0.007,0.008,0.008,0.01), mean=0.00407, stddev=0.00253], oderiv-count=6656
component name=prefinal-affine-task-1.renorm type=NormalizeComponent, input-dim=768, output-dim=768, target-rms=1, add-log-stddev=false
component name=output-1.affine type=NaturalGradientAffineComponent, input-dim=768, output-dim=184, learning-rate=0.000614598, max-change=1.5, linear-params-rms=0.02749, linear-params-row-norms=[percentiles(0,1,2,5 10,20,50,80,90 95,98,99,100)=(0.07,0.07,0.07,0.07 0.07,0.07,0.07,1.2,1.3 1.4,1.5,1.5,1.6), mean=0.526, stddev=0.551], linear-params-col-norms=[percentiles(0,1,2,5 10,20,50,80,90 95,98,99,100)=(3e-07,2e-06,0.0008,0.006 0.02,0.06,0.36,0.50,0.55 0.58,0.61,0.63,0.72), mean=0.315, stddev=0.199], bias-{mean,stddev}=-5.415e-07,0.002182, rank-in=20, rank-out=80, num-samples-history=2000, update-period=4, alpha=4
component name=output-1.log-softmax type=LogSoftmaxComponent, dim=184, oderiv-rms=[percentiles(0,1,2,5 10,20,50,80,90 95,98,99,100)=(0,0,0,0 0,0,0,0.02,0.03 0.03,0.04,0.05,0.06), mean=0.00805, stddev=0.0123], oderiv-count=7424
nnet3-show-progress --use-gpu=no MTL/exp/nnet3/multitask/62.raw MTL/exp/nnet3/multitask/63.raw 
LOG (nnet3-show-progress[5.4.224~1-d4d9]:SelectGpuId():cu-device.cc:123) Manually selected to compute on CPU.
LOG (nnet3-show-progress[5.4.224~1-d4d9]:main():nnet3-show-progress.cc:143) Parameter differences per layer are [ tdnn1.affine:0.341288 tdnn2.affine:0.221518 tdnn3.affine:0.298763 tdnn4.affine:0.323971 tdnn5.affine:0.341677 tdnn6.affine:0.360578 tdnn7.affine:0.376564 tdnn8.affine:0.391085 tdnn9.affine:0.409992 tdnn10.affine:0.41005 tdnn11.affine:0.412253 tdnnFINAL.affine:0.421717 prefinal-affine-task-0.affine:0.221216 output-0.affine:0.182222 prefinal-affine-task-1.affine:0.17688 output-1.affine:0.12103 ]
LOG (nnet3-show-progress[5.4.224~1-d4d9]:main():nnet3-show-progress.cc:153) Norms of parameter matrices from <new-nnet-in> are [ tdnn1.affine:43.5611 tdnn2.affine:41.271 tdnn3.affine:40.9616 tdnn4.affine:40.975 tdnn5.affine:41.331 tdnn6.affine:41.4009 tdnn7.affine:40.9567 tdnn8.affine:42.8055 tdnn9.affine:41.7661 tdnn10.affine:42.262 tdnn11.affine:42.1711 tdnnFINAL.affine:41.3308 prefinal-affine-task-0.affine:40.8343 output-0.affine:17.8674 prefinal-affine-task-1.affine:40.12 output-1.affine:10.3349 ]
LOG (nnet3-show-progress[5.4.224~1-d4d9]:main():nnet3-show-progress.cc:157) Relative parameter differences per layer are [ tdnn1.affine:0.00783579 tdnn2.affine:0.0053678 tdnn3.affine:0.0072944 tdnn4.affine:0.00790731 tdnn5.affine:0.00826767 tdnn6.affine:0.00871043 tdnn7.affine:0.00919529 tdnn8.affine:0.00913747 tdnn9.affine:0.00981775 tdnn10.affine:0.0097041 tdnn11.affine:0.00977708 tdnnFINAL.affine:0.0102047 prefinal-affine-task-0.affine:0.00541751 output-0.affine:0.0102155 prefinal-affine-task-1.affine:0.00440878 output-1.affine:0.0117521 ]
# Accounting: time=0 threads=1
# Ended (code 0) at Sat Jul 28 03:17:47 UTC 2018, elapsed time 0 seconds
