# nnet3-info MTL/exp/nnet3/multitask/130.raw && nnet3-show-progress --use-gpu=no MTL/exp/nnet3/multitask/129.raw MTL/exp/nnet3/multitask/130.raw 
# Started at Sat Jul 28 03:29:23 UTC 2018
#
nnet3-info MTL/exp/nnet3/multitask/130.raw 
num-parameters: 13897312
modulus: 1
input-node name=input dim=13
component-node name=tdnn1.affine component=tdnn1.affine input=Append(Offset(input, -2), Offset(input, -1), input, Offset(input, 1), Offset(input, 2)) input-dim=65 output-dim=768
component-node name=tdnn1.relu component=tdnn1.relu input=tdnn1.affine input-dim=768 output-dim=768
component-node name=tdnn1.renorm component=tdnn1.renorm input=tdnn1.relu input-dim=768 output-dim=768
component-node name=tdnn2.affine component=tdnn2.affine input=tdnn1.renorm input-dim=768 output-dim=768
component-node name=tdnn2.relu component=tdnn2.relu input=tdnn2.affine input-dim=768 output-dim=768
component-node name=tdnn2.renorm component=tdnn2.renorm input=tdnn2.relu input-dim=768 output-dim=768
component-node name=tdnn3.affine component=tdnn3.affine input=Append(Offset(tdnn2.renorm, -1), Offset(tdnn2.renorm, 2)) input-dim=1536 output-dim=768
component-node name=tdnn3.relu component=tdnn3.relu input=tdnn3.affine input-dim=768 output-dim=768
component-node name=tdnn3.renorm component=tdnn3.renorm input=tdnn3.relu input-dim=768 output-dim=768
component-node name=tdnn4.affine component=tdnn4.affine input=Append(Offset(tdnn3.renorm, -3), Offset(tdnn3.renorm, 3)) input-dim=1536 output-dim=768
component-node name=tdnn4.relu component=tdnn4.relu input=tdnn4.affine input-dim=768 output-dim=768
component-node name=tdnn4.renorm component=tdnn4.renorm input=tdnn4.relu input-dim=768 output-dim=768
component-node name=tdnn5.affine component=tdnn5.affine input=Append(Offset(tdnn4.renorm, -3), Offset(tdnn4.renorm, 3)) input-dim=1536 output-dim=768
component-node name=tdnn5.relu component=tdnn5.relu input=tdnn5.affine input-dim=768 output-dim=768
component-node name=tdnn5.renorm component=tdnn5.renorm input=tdnn5.relu input-dim=768 output-dim=768
component-node name=tdnn6.affine component=tdnn6.affine input=Append(Offset(tdnn5.renorm, -3), Offset(tdnn5.renorm, 3)) input-dim=1536 output-dim=768
component-node name=tdnn6.relu component=tdnn6.relu input=tdnn6.affine input-dim=768 output-dim=768
component-node name=tdnn6.renorm component=tdnn6.renorm input=tdnn6.relu input-dim=768 output-dim=768
component-node name=tdnn7.affine component=tdnn7.affine input=Append(Offset(tdnn6.renorm, -3), Offset(tdnn6.renorm, 3)) input-dim=1536 output-dim=768
component-node name=tdnn7.relu component=tdnn7.relu input=tdnn7.affine input-dim=768 output-dim=768
component-node name=tdnn7.renorm component=tdnn7.renorm input=tdnn7.relu input-dim=768 output-dim=768
component-node name=tdnn8.affine component=tdnn8.affine input=Append(Offset(tdnn7.renorm, -3), Offset(tdnn7.renorm, 3)) input-dim=1536 output-dim=768
component-node name=tdnn8.relu component=tdnn8.relu input=tdnn8.affine input-dim=768 output-dim=768
component-node name=tdnn8.renorm component=tdnn8.renorm input=tdnn8.relu input-dim=768 output-dim=768
component-node name=tdnn9.affine component=tdnn9.affine input=Append(Offset(tdnn8.renorm, -3), Offset(tdnn8.renorm, 3)) input-dim=1536 output-dim=768
component-node name=tdnn9.relu component=tdnn9.relu input=tdnn9.affine input-dim=768 output-dim=768
component-node name=tdnn9.renorm component=tdnn9.renorm input=tdnn9.relu input-dim=768 output-dim=768
component-node name=tdnn10.affine component=tdnn10.affine input=Append(Offset(tdnn9.renorm, -3), Offset(tdnn9.renorm, 3)) input-dim=1536 output-dim=768
component-node name=tdnn10.relu component=tdnn10.relu input=tdnn10.affine input-dim=768 output-dim=768
component-node name=tdnn10.renorm component=tdnn10.renorm input=tdnn10.relu input-dim=768 output-dim=768
component-node name=tdnn11.affine component=tdnn11.affine input=Append(Offset(tdnn10.renorm, -3), Offset(tdnn10.renorm, 3)) input-dim=1536 output-dim=768
component-node name=tdnn11.relu component=tdnn11.relu input=tdnn11.affine input-dim=768 output-dim=768
component-node name=tdnn11.renorm component=tdnn11.renorm input=tdnn11.relu input-dim=768 output-dim=768
component-node name=tdnnFINAL.affine component=tdnnFINAL.affine input=Append(Offset(tdnn11.renorm, -3), Offset(tdnn11.renorm, 3)) input-dim=1536 output-dim=768
component-node name=tdnnFINAL.relu component=tdnnFINAL.relu input=tdnnFINAL.affine input-dim=768 output-dim=768
component-node name=tdnnFINAL.renorm component=tdnnFINAL.renorm input=tdnnFINAL.relu input-dim=768 output-dim=768
component-node name=prefinal-affine-task-0.affine component=prefinal-affine-task-0.affine input=tdnnFINAL.renorm input-dim=768 output-dim=768
component-node name=prefinal-affine-task-0.relu component=prefinal-affine-task-0.relu input=prefinal-affine-task-0.affine input-dim=768 output-dim=768
component-node name=prefinal-affine-task-0.renorm component=prefinal-affine-task-0.renorm input=prefinal-affine-task-0.relu input-dim=768 output-dim=768
component-node name=output-0.affine component=output-0.affine input=prefinal-affine-task-0.renorm input-dim=768 output-dim=168
component-node name=output-0.log-softmax component=output-0.log-softmax input=output-0.affine input-dim=168 output-dim=168
output-node name=output-0 input=output-0.log-softmax dim=168 objective=linear
component-node name=prefinal-affine-task-1.affine component=prefinal-affine-task-1.affine input=tdnnFINAL.renorm input-dim=768 output-dim=768
component-node name=prefinal-affine-task-1.relu component=prefinal-affine-task-1.relu input=prefinal-affine-task-1.affine input-dim=768 output-dim=768
component-node name=prefinal-affine-task-1.renorm component=prefinal-affine-task-1.renorm input=prefinal-affine-task-1.relu input-dim=768 output-dim=768
component-node name=output-1.affine component=output-1.affine input=prefinal-affine-task-1.renorm input-dim=768 output-dim=184
component-node name=output-1.log-softmax component=output-1.log-softmax input=output-1.affine input-dim=184 output-dim=184
output-node name=output-1 input=output-1.log-softmax dim=184 objective=linear
component name=tdnn1.affine type=NaturalGradientAffineComponent, input-dim=65, output-dim=768, learning-rate=0.000234337, max-change=0.75, linear-params-rms=0.1474, linear-params-row-norms=[percentiles(0,1,2,5 10,20,50,80,90 95,98,99,100)=(0.76,0.83,0.87,0.92 0.96,1.0,1.2,1.3,1.4 1.5,1.6,1.7,1.9), mean=1.17, stddev=0.183], linear-params-col-norms=[percentiles(0,1,2,5 10,20,50,80,90 95,98,99,100)=(3.7,3.7,3.7,3.8 3.8,3.9,4.1,4.2,4.3 4.4,4.6,4.6,4.7), mean=4.08, stddev=0.219], bias-{mean,stddev}=0.0283,1.034, rank-in=20, rank-out=80, num-samples-history=2000, update-period=4, alpha=4
component name=tdnn1.relu type=RectifiedLinearComponent, dim=768, self-repair-scale=1e-05, count=2.05e+05, self-repaired-proportion=6.85307e-05, value-avg=[percentiles(0,1,2,5 10,20,50,80,90 95,98,99,100)=(0.01,0.02,0.03,0.03 0.05,0.07,0.32,1.3,1.7 2.1,2.7,3.1,5.8), mean=0.676, stddev=0.766], deriv-avg=[percentiles(0,1,2,5 10,20,50,80,90 95,98,99,100)=(0.05,0.06,0.07,0.08 0.10,0.15,0.39,0.85,0.89 0.90,0.92,0.93,0.94), mean=0.477, stddev=0.316], oderiv-rms=[percentiles(0,1,2,5 10,20,50,80,90 95,98,99,100)=(9e-05,9e-05,9e-05,0.0001 0.0001,0.0001,0.0001,0.0002,0.0002 0.0002,0.0002,0.0003,0.0003), mean=0.000144, stddev=3.91e-05], oderiv-count=271360
component name=tdnn1.renorm type=NormalizeComponent, input-dim=768, output-dim=768, target-rms=1, add-log-stddev=false
component name=tdnn2.affine type=NaturalGradientAffineComponent, input-dim=768, output-dim=768, learning-rate=0.000234337, max-change=0.75, linear-params-rms=0.03815, linear-params-row-norms=[percentiles(0,1,2,5 10,20,50,80,90 95,98,99,100)=(0.94,0.96,0.97,0.99 1.0,1.0,1.1,1.1,1.1 1.1,1.2,1.2,1.2), mean=1.06, stddev=0.0438], linear-params-col-norms=[percentiles(0,1,2,5 10,20,50,80,90 95,98,99,100)=(0.92,0.96,0.97,0.98 0.99,1.0,1.0,1.1,1.1 1.2,1.2,1.2,1.3), mean=1.06, stddev=0.0544], bias-{mean,stddev}=0.01178,1.051, rank-in=20, rank-out=80, num-samples-history=2000, update-period=4, alpha=4
component name=tdnn2.relu type=RectifiedLinearComponent, dim=768, self-repair-scale=1e-05, count=1.84e+05, self-repaired-proportion=0, value-avg=[percentiles(0,1,2,5 10,20,50,80,90 95,98,99,100)=(0.02,0.03,0.03,0.05 0.06,0.10,0.34,0.94,1.3 1.5,1.9,2.1,2.8), mean=0.523, stddev=0.505], deriv-avg=[percentiles(0,1,2,5 10,20,50,80,90 95,98,99,100)=(0.08,0.11,0.11,0.14 0.17,0.21,0.42,0.72,0.82 0.87,0.90,0.91,0.93), mean=0.459, stddev=0.24], oderiv-rms=[percentiles(0,1,2,5 10,20,50,80,90 95,98,99,100)=(0.0001,0.0001,0.0001,0.0001 0.0001,0.0001,0.0001,0.0002,0.0002 0.0002,0.0002,0.0002,0.0003), mean=0.000157, stddev=3.39e-05], oderiv-count=250880
component name=tdnn2.renorm type=NormalizeComponent, input-dim=768, output-dim=768, target-rms=1, add-log-stddev=false
component name=tdnn3.affine type=NaturalGradientAffineComponent, input-dim=1536, output-dim=768, learning-rate=0.000234337, max-change=0.75, linear-params-rms=0.02765, linear-params-row-norms=[percentiles(0,1,2,5 10,20,50,80,90 95,98,99,100)=(0.98,1.0,1.0,1.0 1.0,1.0,1.1,1.1,1.1 1.2,1.2,1.2,1.2), mean=1.08, stddev=0.0461], linear-params-col-norms=[percentiles(0,1,2,5 10,20,50,80,90 95,98,99,100)=(0.66,0.69,0.69,0.70 0.71,0.72,0.76,0.81,0.83 0.85,0.87,0.88,0.92), mean=0.765, stddev=0.047], bias-{mean,stddev}=0.01776,1.008, rank-in=20, rank-out=80, num-samples-history=2000, update-period=4, alpha=4
component name=tdnn3.relu type=RectifiedLinearComponent, dim=768, self-repair-scale=1e-05, count=8.7e+04, self-repaired-proportion=0, value-avg=[percentiles(0,1,2,5 10,20,50,80,90 95,98,99,100)=(0.02,0.03,0.04,0.06 0.08,0.15,0.41,0.98,1.3 1.6,2.0,2.1,3.0), mean=0.582, stddev=0.511], deriv-avg=[percentiles(0,1,2,5 10,20,50,80,90 95,98,99,100)=(0.08,0.10,0.11,0.13 0.16,0.23,0.42,0.64,0.74 0.81,0.86,0.89,0.93), mean=0.441, stddev=0.212], oderiv-rms=[percentiles(0,1,2,5 10,20,50,80,90 95,98,99,100)=(0.0001,0.0002,0.0002,0.0002 0.0002,0.0002,0.0002,0.0003,0.0003 0.0003,0.0004,0.0004,0.0004), mean=0.000227, stddev=5.19e-05], oderiv-count=151040
component name=tdnn3.renorm type=NormalizeComponent, input-dim=768, output-dim=768, target-rms=1, add-log-stddev=false
component name=tdnn4.affine type=NaturalGradientAffineComponent, input-dim=1536, output-dim=768, learning-rate=0.000234337, max-change=0.75, linear-params-rms=0.02778, linear-params-row-norms=[percentiles(0,1,2,5 10,20,50,80,90 95,98,99,100)=(0.96,0.99,1.0,1.0 1.0,1.0,1.1,1.1,1.2 1.2,1.2,1.2,1.2), mean=1.09, stddev=0.0508], linear-params-col-norms=[percentiles(0,1,2,5 10,20,50,80,90 95,98,99,100)=(0.65,0.68,0.69,0.70 0.71,0.73,0.76,0.81,0.84 0.86,0.88,0.89,0.95), mean=0.768, stddev=0.0479], bias-{mean,stddev}=0.007468,1.004, rank-in=20, rank-out=80, num-samples-history=2000, update-period=4, alpha=4
component name=tdnn4.relu type=RectifiedLinearComponent, dim=768, self-repair-scale=1e-05, count=8.99e+04, self-repaired-proportion=0, value-avg=[percentiles(0,1,2,5 10,20,50,80,90 95,98,99,100)=(0.02,0.03,0.04,0.06 0.08,0.14,0.42,0.88,1.3 1.5,1.9,2.0,2.5), mean=0.549, stddev=0.479], deriv-avg=[percentiles(0,1,2,5 10,20,50,80,90 95,98,99,100)=(0.06,0.08,0.09,0.12 0.15,0.22,0.42,0.63,0.73 0.80,0.86,0.89,0.91), mean=0.43, stddev=0.211], oderiv-rms=[percentiles(0,1,2,5 10,20,50,80,90 95,98,99,100)=(0.0002,0.0002,0.0002,0.0002 0.0002,0.0002,0.0003,0.0003,0.0003 0.0004,0.0004,0.0004,0.0005), mean=0.000263, stddev=5.65e-05], oderiv-count=110592
component name=tdnn4.renorm type=NormalizeComponent, input-dim=768, output-dim=768, target-rms=1, add-log-stddev=false
component name=tdnn5.affine type=NaturalGradientAffineComponent, input-dim=1536, output-dim=768, learning-rate=0.000234337, max-change=0.75, linear-params-rms=0.02797, linear-params-row-norms=[percentiles(0,1,2,5 10,20,50,80,90 95,98,99,100)=(0.98,1.0,1.0,1.0 1.0,1.0,1.1,1.1,1.2 1.2,1.2,1.2,1.2), mean=1.09, stddev=0.051], linear-params-col-norms=[percentiles(0,1,2,5 10,20,50,80,90 95,98,99,100)=(0.65,0.69,0.70,0.71 0.71,0.73,0.77,0.82,0.84 0.86,0.89,0.90,0.99), mean=0.774, stddev=0.0491], bias-{mean,stddev}=0.02203,1.014, rank-in=20, rank-out=80, num-samples-history=2000, update-period=4, alpha=4
component name=tdnn5.relu type=RectifiedLinearComponent, dim=768, self-repair-scale=1e-05, count=4.71e+04, self-repaired-proportion=0, value-avg=[percentiles(0,1,2,5 10,20,50,80,90 95,98,99,100)=(0.02,0.03,0.04,0.07 0.09,0.17,0.41,0.93,1.2 1.5,1.8,2.0,2.5), mean=0.556, stddev=0.459], deriv-avg=[percentiles(0,1,2,5 10,20,50,80,90 95,98,99,100)=(0.06,0.09,0.10,0.13 0.17,0.25,0.43,0.64,0.74 0.80,0.85,0.90,0.93), mean=0.445, stddev=0.206], oderiv-rms=[percentiles(0,1,2,5 10,20,50,80,90 95,98,99,100)=(0.0002,0.0002,0.0002,0.0002 0.0002,0.0002,0.0003,0.0004,0.0004 0.0004,0.0004,0.0004,0.0005), mean=0.000303, stddev=5.62e-05], oderiv-count=94208
component name=tdnn5.renorm type=NormalizeComponent, input-dim=768, output-dim=768, target-rms=1, add-log-stddev=false
component name=tdnn6.affine type=NaturalGradientAffineComponent, input-dim=1536, output-dim=768, learning-rate=0.000234337, max-change=0.75, linear-params-rms=0.02821, linear-params-row-norms=[percentiles(0,1,2,5 10,20,50,80,90 95,98,99,100)=(0.99,1.0,1.0,1.0 1.0,1.1,1.1,1.1,1.2 1.2,1.2,1.2,1.2), mean=1.1, stddev=0.0497], linear-params-col-norms=[percentiles(0,1,2,5 10,20,50,80,90 95,98,99,100)=(0.66,0.69,0.70,0.71 0.72,0.73,0.78,0.82,0.84 0.86,0.88,0.89,0.93), mean=0.78, stddev=0.0481], bias-{mean,stddev}=0.04579,1.007, rank-in=20, rank-out=80, num-samples-history=2000, update-period=4, alpha=4
component name=tdnn6.relu type=RectifiedLinearComponent, dim=768, self-repair-scale=1e-05, count=5.2e+04, self-repaired-proportion=0.000314296, value-avg=[percentiles(0,1,2,5 10,20,50,80,90 95,98,99,100)=(0.02,0.04,0.05,0.07 0.12,0.18,0.40,0.85,1.2 1.5,1.8,2.1,2.6), mean=0.542, stddev=0.45], deriv-avg=[percentiles(0,1,2,5 10,20,50,80,90 95,98,99,100)=(0.05,0.08,0.10,0.15 0.19,0.26,0.42,0.62,0.73 0.80,0.85,0.89,0.92), mean=0.443, stddev=0.199], oderiv-rms=[percentiles(0,1,2,5 10,20,50,80,90 95,98,99,100)=(0.0002,0.0003,0.0003,0.0003 0.0003,0.0003,0.0004,0.0004,0.0004 0.0005,0.0005,0.0005,0.0006), mean=0.000369, stddev=5.9e-05], oderiv-count=84224
component name=tdnn6.renorm type=NormalizeComponent, input-dim=768, output-dim=768, target-rms=1, add-log-stddev=false
component name=tdnn7.affine type=NaturalGradientAffineComponent, input-dim=1536, output-dim=768, learning-rate=0.000234337, max-change=0.75, linear-params-rms=0.02846, linear-params-row-norms=[percentiles(0,1,2,5 10,20,50,80,90 95,98,99,100)=(0.98,1.0,1.0,1.0 1.0,1.1,1.1,1.2,1.2 1.2,1.2,1.2,1.3), mean=1.11, stddev=0.0521], linear-params-col-norms=[percentiles(0,1,2,5 10,20,50,80,90 95,98,99,100)=(0.63,0.69,0.70,0.71 0.73,0.74,0.79,0.83,0.85 0.87,0.89,0.90,0.98), mean=0.787, stddev=0.0486], bias-{mean,stddev}=0.01654,0.9737, rank-in=20, rank-out=80, num-samples-history=2000, update-period=4, alpha=4
component name=tdnn7.relu type=RectifiedLinearComponent, dim=768, self-repair-scale=1e-05, count=6.45e+04, self-repaired-proportion=0.00264486, value-avg=[percentiles(0,1,2,5 10,20,50,80,90 95,98,99,100)=(0.003,0.04,0.06,0.09 0.12,0.18,0.40,0.83,1.1 1.5,1.8,2.0,3.4), mean=0.54, stddev=0.452], deriv-avg=[percentiles(0,1,2,5 10,20,50,80,90 95,98,99,100)=(0.01,0.08,0.12,0.17 0.21,0.26,0.42,0.63,0.73 0.80,0.86,0.91,1.0), mean=0.447, stddev=0.196], oderiv-rms=[percentiles(0,1,2,5 10,20,50,80,90 95,98,99,100)=(0.0003,0.0003,0.0003,0.0003 0.0003,0.0004,0.0004,0.0005,0.0005 0.0005,0.0005,0.0006,0.0006), mean=0.000409, stddev=6.06e-05], oderiv-count=73728
component name=tdnn7.renorm type=NormalizeComponent, input-dim=768, output-dim=768, target-rms=1, add-log-stddev=false
component name=tdnn8.affine type=NaturalGradientAffineComponent, input-dim=1536, output-dim=768, learning-rate=0.000234337, max-change=0.75, linear-params-rms=0.02866, linear-params-row-norms=[percentiles(0,1,2,5 10,20,50,80,90 95,98,99,100)=(0.97,1.0,1.0,1.0 1.0,1.1,1.1,1.2,1.2 1.2,1.2,1.2,1.3), mean=1.12, stddev=0.0612], linear-params-col-norms=[percentiles(0,1,2,5 10,20,50,80,90 95,98,99,100)=(0.67,0.70,0.71,0.72 0.73,0.75,0.79,0.84,0.86 0.87,0.90,0.90,0.96), mean=0.793, stddev=0.0497], bias-{mean,stddev}=-0.05805,1.063, rank-in=20, rank-out=80, num-samples-history=2000, update-period=4, alpha=4
component name=tdnn8.relu type=RectifiedLinearComponent, dim=768, self-repair-scale=1e-05, count=5.12e+04, self-repaired-proportion=0.00279018, value-avg=[percentiles(0,1,2,5 10,20,50,80,90 95,98,99,100)=(0.003,0.02,0.03,0.05 0.08,0.15,0.37,0.88,1.2 1.6,1.9,2.2,2.7), mean=0.535, stddev=0.492], deriv-avg=[percentiles(0,1,2,5 10,20,50,80,90 95,98,99,100)=(0.02,0.06,0.07,0.11 0.15,0.23,0.41,0.62,0.75 0.83,0.90,0.92,0.95), mean=0.431, stddev=0.22], oderiv-rms=[percentiles(0,1,2,5 10,20,50,80,90 95,98,99,100)=(0.0003,0.0004,0.0004,0.0004 0.0004,0.0004,0.0005,0.0006,0.0006 0.0006,0.0006,0.0007,0.0007), mean=0.000486, stddev=7.7e-05], oderiv-count=62720
component name=tdnn8.renorm type=NormalizeComponent, input-dim=768, output-dim=768, target-rms=1, add-log-stddev=false
component name=tdnn9.affine type=NaturalGradientAffineComponent, input-dim=1536, output-dim=768, learning-rate=0.000234337, max-change=0.75, linear-params-rms=0.02889, linear-params-row-norms=[percentiles(0,1,2,5 10,20,50,80,90 95,98,99,100)=(0.96,0.99,1.0,1.0 1.0,1.1,1.1,1.2,1.2 1.2,1.2,1.3,1.3), mean=1.13, stddev=0.0657], linear-params-col-norms=[percentiles(0,1,2,5 10,20,50,80,90 95,98,99,100)=(0.66,0.69,0.70,0.71 0.72,0.74,0.79,0.85,0.87 0.89,0.91,0.93,0.97), mean=0.799, stddev=0.0576], bias-{mean,stddev}=-0.05935,0.998, rank-in=20, rank-out=80, num-samples-history=2000, update-period=4, alpha=4
component name=tdnn9.relu type=RectifiedLinearComponent, dim=768, self-repair-scale=1e-05, count=3.17e+04, self-repaired-proportion=0.0131787, value-avg=[percentiles(0,1,2,5 10,20,50,80,90 95,98,99,100)=(2e-05,0.009,0.02,0.05 0.08,0.15,0.39,0.81,1.1 1.4,1.7,1.9,2.3), mean=0.509, stddev=0.433], deriv-avg=[percentiles(0,1,2,5 10,20,50,80,90 95,98,99,100)=(9e-05,0.04,0.06,0.11 0.16,0.24,0.43,0.62,0.73 0.81,0.87,0.91,0.97), mean=0.433, stddev=0.211], oderiv-rms=[percentiles(0,1,2,5 10,20,50,80,90 95,98,99,100)=(0.0004,0.0004,0.0004,0.0004 0.0005,0.0005,0.0006,0.0007,0.0007 0.0007,0.0008,0.0008,0.001), mean=0.000585, stddev=9.38e-05], oderiv-count=51200
component name=tdnn9.renorm type=NormalizeComponent, input-dim=768, output-dim=768, target-rms=1, add-log-stddev=false
component name=tdnn10.affine type=NaturalGradientAffineComponent, input-dim=1536, output-dim=768, learning-rate=0.000234337, max-change=0.75, linear-params-rms=0.02887, linear-params-row-norms=[percentiles(0,1,2,5 10,20,50,80,90 95,98,99,100)=(0.97,0.99,1.0,1.0 1.0,1.1,1.1,1.2,1.2 1.2,1.2,1.3,1.3), mean=1.13, stddev=0.0663], linear-params-col-norms=[percentiles(0,1,2,5 10,20,50,80,90 95,98,99,100)=(0.67,0.69,0.70,0.71 0.72,0.74,0.80,0.85,0.87 0.89,0.90,0.91,0.95), mean=0.798, stddev=0.0556], bias-{mean,stddev}=0.02917,1.027, rank-in=20, rank-out=80, num-samples-history=2000, update-period=4, alpha=4
component name=tdnn10.relu type=RectifiedLinearComponent, dim=768, self-repair-scale=1e-05, count=2.38e+04, self-repaired-proportion=0.0190272, value-avg=[percentiles(0,1,2,5 10,20,50,80,90 95,98,99,100)=(3e-05,0.007,0.02,0.04 0.07,0.15,0.37,0.85,1.2 1.5,1.8,2.1,2.8), mean=0.525, stddev=0.469], deriv-avg=[percentiles(0,1,2,5 10,20,50,80,90 95,98,99,100)=(0.0002,0.03,0.05,0.09 0.14,0.23,0.42,0.63,0.76 0.83,0.91,0.93,0.99), mean=0.438, stddev=0.225], oderiv-rms=[percentiles(0,1,2,5 10,20,50,80,90 95,98,99,100)=(0.0005,0.0005,0.0005,0.0005 0.0005,0.0006,0.0007,0.0008,0.0008 0.0009,0.0009,0.0009,0.001), mean=0.000679, stddev=0.000112], oderiv-count=42240
component name=tdnn10.renorm type=NormalizeComponent, input-dim=768, output-dim=768, target-rms=1, add-log-stddev=false
component name=tdnn11.affine type=NaturalGradientAffineComponent, input-dim=1536, output-dim=768, learning-rate=0.000234337, max-change=0.75, linear-params-rms=0.02894, linear-params-row-norms=[percentiles(0,1,2,5 10,20,50,80,90 95,98,99,100)=(0.97,0.97,0.98,1.0 1.0,1.1,1.1,1.2,1.2 1.2,1.3,1.3,1.3), mean=1.13, stddev=0.0776], linear-params-col-norms=[percentiles(0,1,2,5 10,20,50,80,90 95,98,99,100)=(0.66,0.69,0.70,0.71 0.72,0.74,0.80,0.85,0.87 0.89,0.91,0.92,0.96), mean=0.8, stddev=0.0562], bias-{mean,stddev}=0.03175,1.019, rank-in=20, rank-out=80, num-samples-history=2000, update-period=4, alpha=4
component name=tdnn11.relu type=RectifiedLinearComponent, dim=768, self-repair-scale=1e-05, count=1.74e+04, self-repaired-proportion=0.0688516, value-avg=[percentiles(0,1,2,5 10,20,50,80,90 95,98,99,100)=(0,0.0003,0.002,0.01 0.04,0.10,0.37,0.84,1.2 1.6,1.9,2.3,3.3), mean=0.522, stddev=0.518], deriv-avg=[percentiles(0,1,2,5 10,20,50,80,90 95,98,99,100)=(0,0.001,0.008,0.04 0.09,0.19,0.41,0.65,0.78 0.87,0.94,0.96,1.0), mean=0.426, stddev=0.249], oderiv-rms=[percentiles(0,1,2,5 10,20,50,80,90 95,98,99,100)=(0.0005,0.0005,0.0005,0.0006 0.0006,0.0006,0.0008,0.0009,0.001 0.001,0.001,0.001,0.001), mean=0.000786, stddev=0.000146], oderiv-count=26624
component name=tdnn11.renorm type=NormalizeComponent, input-dim=768, output-dim=768, target-rms=1, add-log-stddev=false
component name=tdnnFINAL.affine type=NaturalGradientAffineComponent, input-dim=1536, output-dim=768, learning-rate=0.000234337, max-change=0.75, linear-params-rms=0.02916, linear-params-row-norms=[percentiles(0,1,2,5 10,20,50,80,90 95,98,99,100)=(0.96,0.97,0.98,1.0 1.0,1.0,1.1,1.2,1.2 1.3,1.3,1.3,1.3), mean=1.14, stddev=0.0887], linear-params-col-norms=[percentiles(0,1,2,5 10,20,50,80,90 95,98,99,100)=(0.64,0.68,0.69,0.70 0.72,0.73,0.81,0.87,0.89 0.91,0.93,0.95,0.99), mean=0.805, stddev=0.0681], bias-{mean,stddev}=-0.06731,0.9591, rank-in=20, rank-out=80, num-samples-history=2000, update-period=4, alpha=4
component name=tdnnFINAL.relu type=RectifiedLinearComponent, dim=768, self-repair-scale=1e-05, count=1.02e+04, self-repaired-proportion=0.0895622, value-avg=[percentiles(0,1,2,5 10,20,50,80,90 95,98,99,100)=(0,0,0.0002,0.003 0.02,0.08,0.31,0.70,0.97 1.2,1.7,1.8,2.5), mean=0.419, stddev=0.418], deriv-avg=[percentiles(0,1,2,5 10,20,50,80,90 95,98,99,100)=(0,0,0.0008,0.01 0.06,0.15,0.36,0.58,0.68 0.77,0.87,0.91,0.98), mean=0.371, stddev=0.231], oderiv-rms=[percentiles(0,1,2,5 10,20,50,80,90 95,98,99,100)=(0.0008,0.0008,0.0009,0.0009 0.001,0.001,0.001,0.001,0.002 0.002,0.002,0.002,0.002), mean=0.00126, stddev=0.000241], oderiv-count=13312
component name=tdnnFINAL.renorm type=NormalizeComponent, input-dim=768, output-dim=768, target-rms=1, add-log-stddev=false
component name=prefinal-affine-task-0.affine type=NaturalGradientAffineComponent, input-dim=768, output-dim=768, learning-rate=0.000234337, max-change=0.75, linear-params-rms=0.03885, linear-params-row-norms=[percentiles(0,1,2,5 10,20,50,80,90 95,98,99,100)=(0.92,0.95,0.96,0.97 0.99,1.0,1.1,1.1,1.2 1.2,1.2,1.2,1.3), mean=1.07, stddev=0.0718], linear-params-col-norms=[percentiles(0,1,2,5 10,20,50,80,90 95,98,99,100)=(0.95,0.96,0.97,0.98 0.99,1.0,1.1,1.1,1.2 1.2,1.2,1.2,1.3), mean=1.07, stddev=0.0621], bias-{mean,stddev}=0.000682,1.006, rank-in=20, rank-out=80, num-samples-history=2000, update-period=4, alpha=4
component name=prefinal-affine-task-0.relu type=RectifiedLinearComponent, dim=768, self-repair-scale=1e-05, count=3.84e+03, self-repaired-proportion=0.13112, value-avg=[percentiles(0,1,2,5 10,20,50,80,90 95,98,99,100)=(0,0,0.0002,0.001 0.006,0.05,0.31,0.63,0.78 0.90,0.99,1.1,1.2), mean=0.355, stddev=0.295], deriv-avg=[percentiles(0,1,2,5 10,20,50,80,90 95,98,99,100)=(0,0,0.0008,0.006 0.03,0.11,0.38,0.59,0.67 0.71,0.73,0.76,0.79), mean=0.366, stddev=0.228], oderiv-rms=[percentiles(0,1,2,5 10,20,50,80,90 95,98,99,100)=(9e-10,7e-07,4e-06,1e-05 5e-05,0.0002,0.0007,0.0009,0.001 0.001,0.001,0.001,0.002), mean=0.000616, stddev=0.00037], oderiv-count=7168
component name=prefinal-affine-task-0.renorm type=NormalizeComponent, input-dim=768, output-dim=768, target-rms=1, add-log-stddev=false
component name=output-0.affine type=NaturalGradientAffineComponent, input-dim=768, output-dim=168, learning-rate=0.000234337, max-change=1.5, linear-params-rms=0.0517, linear-params-row-norms=[percentiles(0,1,2,5 10,20,50,80,90 95,98,99,100)=(0.14,0.14,0.92,1.1 1.2,1.3,1.4,1.6,1.7 1.8,1.8,1.8,2.1), mean=1.41, stddev=0.247], linear-params-col-norms=[percentiles(0,1,2,5 10,20,50,80,90 95,98,99,100)=(7e-07,0.0005,0.002,0.009 0.03,0.14,0.67,0.90,0.97 1.0,1.1,1.2,1.3), mean=0.567, stddev=0.357], bias-{mean,stddev}=2.251e-07,0.003967, rank-in=20, rank-out=80, num-samples-history=2000, update-period=4, alpha=4
component name=output-0.log-softmax type=LogSoftmaxComponent, dim=168, oderiv-rms=[percentiles(0,1,2,5 10,20,50,80,90 95,98,99,100)=(0,0,0.01,0.02 0.03,0.03,0.05,0.06,0.08 0.10,0.13,0.15,0.27), mean=0.0534, stddev=0.0309], oderiv-count=6912
component name=prefinal-affine-task-1.affine type=NaturalGradientAffineComponent, input-dim=768, output-dim=768, learning-rate=0.000234337, max-change=0.75, linear-params-rms=0.03654, linear-params-row-norms=[percentiles(0,1,2,5 10,20,50,80,90 95,98,99,100)=(0.91,0.94,0.95,0.96 0.97,0.99,1.0,1.0,1.1 1.1,1.1,1.1,1.2), mean=1.01, stddev=0.0324], linear-params-col-norms=[percentiles(0,1,2,5 10,20,50,80,90 95,98,99,100)=(0.94,0.95,0.95,0.97 0.97,0.99,1.0,1.0,1.0 1.1,1.1,1.1,1.1), mean=1.01, stddev=0.0288], bias-{mean,stddev}=-0.07033,1.031, rank-in=20, rank-out=80, num-samples-history=2000, update-period=4, alpha=4
component name=prefinal-affine-task-1.relu type=RectifiedLinearComponent, dim=768, self-repair-scale=1e-05, count=2.56e+03, self-repaired-proportion=0.151727, value-avg=[percentiles(0,1,2,5 10,20,50,80,90 95,98,99,100)=(0,0,0,0.0007 0.007,0.02,0.25,0.49,0.60 0.69,0.78,0.84,0.97), mean=0.271, stddev=0.23], deriv-avg=[percentiles(0,1,2,5 10,20,50,80,90 95,98,99,100)=(0,0,0,0.004 0.03,0.08,0.40,0.64,0.71 0.77,0.80,0.82,0.90), mean=0.38, stddev=0.257], oderiv-rms=[percentiles(0,1,2,5 10,20,50,80,90 95,98,99,100)=(7e-10,3e-08,4e-06,2e-05 8e-05,0.0003,0.001,0.002,0.002 0.002,0.002,0.002,0.002), mean=0.00107, stddev=0.000664], oderiv-count=6144
component name=prefinal-affine-task-1.renorm type=NormalizeComponent, input-dim=768, output-dim=768, target-rms=1, add-log-stddev=false
component name=output-1.affine type=NaturalGradientAffineComponent, input-dim=768, output-dim=184, learning-rate=0.000234337, max-change=1.5, linear-params-rms=0.0302, linear-params-row-norms=[percentiles(0,1,2,5 10,20,50,80,90 95,98,99,100)=(0.07,0.07,0.07,0.07 0.07,0.07,0.07,1.3,1.5 1.6,1.6,1.6,1.7), mean=0.573, stddev=0.61], linear-params-col-norms=[percentiles(0,1,2,5 10,20,50,80,90 95,98,99,100)=(3e-07,1e-05,0.001,0.006 0.03,0.07,0.39,0.55,0.60 0.64,0.68,0.69,0.79), mean=0.346, stddev=0.218], bias-{mean,stddev}=-5.431e-07,0.002223, rank-in=20, rank-out=80, num-samples-history=2000, update-period=4, alpha=4
component name=output-1.log-softmax type=LogSoftmaxComponent, dim=184, oderiv-rms=[percentiles(0,1,2,5 10,20,50,80,90 95,98,99,100)=(0,0,0,0 0,0,0,0.02,0.03 0.03,0.04,0.05,0.06), mean=0.00809, stddev=0.0123], oderiv-count=7168
nnet3-show-progress --use-gpu=no MTL/exp/nnet3/multitask/129.raw MTL/exp/nnet3/multitask/130.raw 
LOG (nnet3-show-progress[5.4.224~1-d4d9]:SelectGpuId():cu-device.cc:123) Manually selected to compute on CPU.
LOG (nnet3-show-progress[5.4.224~1-d4d9]:main():nnet3-show-progress.cc:143) Parameter differences per layer are [ tdnn1.affine:0.0341865 tdnn2.affine:0.0155898 tdnn3.affine:0.0200671 tdnn4.affine:0.0218727 tdnn5.affine:0.0229476 tdnn6.affine:0.0243021 tdnn7.affine:0.0257426 tdnn8.affine:0.0271011 tdnn9.affine:0.0289173 tdnn10.affine:0.0291102 tdnn11.affine:0.0294621 tdnnFINAL.affine:0.0300333 prefinal-affine-task-0.affine:0.0103245 output-0.affine:0.00973729 prefinal-affine-task-1.affine:0.018435 output-1.affine:0.0120226 ]
LOG (nnet3-show-progress[5.4.224~1-d4d9]:main():nnet3-show-progress.cc:153) Norms of parameter matrices from <new-nnet-in> are [ tdnn1.affine:43.6558 tdnn2.affine:41.3159 tdnn3.affine:41.0172 tdnn4.affine:41.035 tdnn5.affine:41.3957 tdnn6.affine:41.4718 tdnn7.affine:41.0348 tdnn8.affine:42.8879 tdnn9.affine:41.8613 tdnn10.affine:42.3593 tdnn11.affine:42.2626 tdnnFINAL.affine:41.3861 prefinal-affine-task-0.affine:40.8315 output-0.affine:18.5702 prefinal-affine-task-1.affine:40.0932 output-1.affine:11.3511 ]
LOG (nnet3-show-progress[5.4.224~1-d4d9]:main():nnet3-show-progress.cc:157) Relative parameter differences per layer are [ tdnn1.affine:0.000783098 tdnn2.affine:0.000377333 tdnn3.affine:0.000489237 tdnn4.affine:0.000533027 tdnn5.affine:0.000554349 tdnn6.affine:0.000585995 tdnn7.affine:0.000627339 tdnn8.affine:0.000631911 tdnn9.affine:0.000690795 tdnn10.affine:0.000687227 tdnn11.affine:0.000697124 tdnnFINAL.affine:0.000725686 prefinal-affine-task-0.affine:0.000252856 output-0.affine:0.000524451 prefinal-affine-task-1.affine:0.000459801 output-1.affine:0.00105965 ]
# Accounting: time=1 threads=1
# Ended (code 0) at Sat Jul 28 03:29:24 UTC 2018, elapsed time 1 seconds
