# nnet3-info MTL/exp/nnet3/multitask/55.raw && nnet3-show-progress --use-gpu=no MTL/exp/nnet3/multitask/54.raw MTL/exp/nnet3/multitask/55.raw 
# Started at Fri Jul 27 02:25:46 UTC 2018
#
nnet3-info MTL/exp/nnet3/multitask/55.raw 
num-parameters: 13891160
modulus: 1
input-node name=input dim=13
component-node name=tdnn1.affine component=tdnn1.affine input=Append(Offset(input, -2), Offset(input, -1), input, Offset(input, 1), Offset(input, 2)) input-dim=65 output-dim=768
component-node name=tdnn1.relu component=tdnn1.relu input=tdnn1.affine input-dim=768 output-dim=768
component-node name=tdnn1.renorm component=tdnn1.renorm input=tdnn1.relu input-dim=768 output-dim=768
component-node name=tdnn2.affine component=tdnn2.affine input=tdnn1.renorm input-dim=768 output-dim=768
component-node name=tdnn2.relu component=tdnn2.relu input=tdnn2.affine input-dim=768 output-dim=768
component-node name=tdnn2.renorm component=tdnn2.renorm input=tdnn2.relu input-dim=768 output-dim=768
component-node name=tdnn3.affine component=tdnn3.affine input=Append(Offset(tdnn2.renorm, -1), Offset(tdnn2.renorm, 2)) input-dim=1536 output-dim=768
component-node name=tdnn3.relu component=tdnn3.relu input=tdnn3.affine input-dim=768 output-dim=768
component-node name=tdnn3.renorm component=tdnn3.renorm input=tdnn3.relu input-dim=768 output-dim=768
component-node name=tdnn4.affine component=tdnn4.affine input=Append(Offset(tdnn3.renorm, -3), Offset(tdnn3.renorm, 3)) input-dim=1536 output-dim=768
component-node name=tdnn4.relu component=tdnn4.relu input=tdnn4.affine input-dim=768 output-dim=768
component-node name=tdnn4.renorm component=tdnn4.renorm input=tdnn4.relu input-dim=768 output-dim=768
component-node name=tdnn5.affine component=tdnn5.affine input=Append(Offset(tdnn4.renorm, -3), Offset(tdnn4.renorm, 3)) input-dim=1536 output-dim=768
component-node name=tdnn5.relu component=tdnn5.relu input=tdnn5.affine input-dim=768 output-dim=768
component-node name=tdnn5.renorm component=tdnn5.renorm input=tdnn5.relu input-dim=768 output-dim=768
component-node name=tdnn6.affine component=tdnn6.affine input=Append(Offset(tdnn5.renorm, -3), Offset(tdnn5.renorm, 3)) input-dim=1536 output-dim=768
component-node name=tdnn6.relu component=tdnn6.relu input=tdnn6.affine input-dim=768 output-dim=768
component-node name=tdnn6.renorm component=tdnn6.renorm input=tdnn6.relu input-dim=768 output-dim=768
component-node name=tdnn7.affine component=tdnn7.affine input=Append(Offset(tdnn6.renorm, -3), Offset(tdnn6.renorm, 3)) input-dim=1536 output-dim=768
component-node name=tdnn7.relu component=tdnn7.relu input=tdnn7.affine input-dim=768 output-dim=768
component-node name=tdnn7.renorm component=tdnn7.renorm input=tdnn7.relu input-dim=768 output-dim=768
component-node name=tdnn8.affine component=tdnn8.affine input=Append(Offset(tdnn7.renorm, -3), Offset(tdnn7.renorm, 3)) input-dim=1536 output-dim=768
component-node name=tdnn8.relu component=tdnn8.relu input=tdnn8.affine input-dim=768 output-dim=768
component-node name=tdnn8.renorm component=tdnn8.renorm input=tdnn8.relu input-dim=768 output-dim=768
component-node name=tdnn9.affine component=tdnn9.affine input=Append(Offset(tdnn8.renorm, -3), Offset(tdnn8.renorm, 3)) input-dim=1536 output-dim=768
component-node name=tdnn9.relu component=tdnn9.relu input=tdnn9.affine input-dim=768 output-dim=768
component-node name=tdnn9.renorm component=tdnn9.renorm input=tdnn9.relu input-dim=768 output-dim=768
component-node name=tdnn10.affine component=tdnn10.affine input=Append(Offset(tdnn9.renorm, -3), Offset(tdnn9.renorm, 3)) input-dim=1536 output-dim=768
component-node name=tdnn10.relu component=tdnn10.relu input=tdnn10.affine input-dim=768 output-dim=768
component-node name=tdnn10.renorm component=tdnn10.renorm input=tdnn10.relu input-dim=768 output-dim=768
component-node name=tdnn11.affine component=tdnn11.affine input=Append(Offset(tdnn10.renorm, -3), Offset(tdnn10.renorm, 3)) input-dim=1536 output-dim=768
component-node name=tdnn11.relu component=tdnn11.relu input=tdnn11.affine input-dim=768 output-dim=768
component-node name=tdnn11.renorm component=tdnn11.renorm input=tdnn11.relu input-dim=768 output-dim=768
component-node name=tdnnFINAL.affine component=tdnnFINAL.affine input=Append(Offset(tdnn11.renorm, -3), Offset(tdnn11.renorm, 3)) input-dim=1536 output-dim=768
component-node name=tdnnFINAL.relu component=tdnnFINAL.relu input=tdnnFINAL.affine input-dim=768 output-dim=768
component-node name=tdnnFINAL.renorm component=tdnnFINAL.renorm input=tdnnFINAL.relu input-dim=768 output-dim=768
component-node name=prefinal-affine-task-0.affine component=prefinal-affine-task-0.affine input=tdnnFINAL.renorm input-dim=768 output-dim=768
component-node name=prefinal-affine-task-0.relu component=prefinal-affine-task-0.relu input=prefinal-affine-task-0.affine input-dim=768 output-dim=768
component-node name=prefinal-affine-task-0.renorm component=prefinal-affine-task-0.renorm input=prefinal-affine-task-0.relu input-dim=768 output-dim=768
component-node name=output-0.affine component=output-0.affine input=prefinal-affine-task-0.renorm input-dim=768 output-dim=152
component-node name=output-0.log-softmax component=output-0.log-softmax input=output-0.affine input-dim=152 output-dim=152
output-node name=output-0 input=output-0.log-softmax dim=152 objective=linear
component-node name=prefinal-affine-task-1.affine component=prefinal-affine-task-1.affine input=tdnnFINAL.renorm input-dim=768 output-dim=768
component-node name=prefinal-affine-task-1.relu component=prefinal-affine-task-1.relu input=prefinal-affine-task-1.affine input-dim=768 output-dim=768
component-node name=prefinal-affine-task-1.renorm component=prefinal-affine-task-1.renorm input=prefinal-affine-task-1.relu input-dim=768 output-dim=768
component-node name=output-1.affine component=output-1.affine input=prefinal-affine-task-1.renorm input-dim=768 output-dim=192
component-node name=output-1.log-softmax component=output-1.log-softmax input=output-1.affine input-dim=192 output-dim=192
output-node name=output-1 input=output-1.log-softmax dim=192 objective=linear
component name=tdnn1.affine type=NaturalGradientAffineComponent, input-dim=65, output-dim=768, learning-rate=0.000317023, max-change=0.75, linear-params-rms=0.1411, linear-params-row-norms=[percentiles(0,1,2,5 10,20,50,80,90 95,98,99,100)=(0.76,0.82,0.85,0.90 0.93,0.99,1.1,1.3,1.3 1.4,1.5,1.5,1.6), mean=1.13, stddev=0.156], linear-params-col-norms=[percentiles(0,1,2,5 10,20,50,80,90 95,98,99,100)=(3.3,3.3,3.6,3.6 3.7,3.7,3.9,4.1,4.2 4.2,4.3,4.4,4.6), mean=3.9, stddev=0.221], bias-{mean,stddev}=0.03009,1.031, rank-in=20, rank-out=80, num-samples-history=2000, update-period=4, alpha=4
component name=tdnn1.relu type=RectifiedLinearComponent, dim=768, self-repair-scale=1e-05, count=1.59e+05, self-repaired-proportion=0.000685307, value-avg=[percentiles(0,1,2,5 10,20,50,80,90 95,98,99,100)=(0.01,0.02,0.02,0.03 0.04,0.06,0.26,1.3,1.7 2.1,2.4,2.8,5.2), mean=0.648, stddev=0.751], deriv-avg=[percentiles(0,1,2,5 10,20,50,80,90 95,98,99,100)=(0.05,0.07,0.07,0.08 0.09,0.12,0.38,0.87,0.91 0.92,0.93,0.94,0.95), mean=0.465, stddev=0.326], oderiv-rms=[percentiles(0,1,2,5 10,20,50,80,90 95,98,99,100)=(0.0005,0.0005,0.0005,0.0005 0.0006,0.0006,0.0007,0.001,0.001 0.001,0.001,0.001,0.002), mean=0.000797, stddev=0.000222], oderiv-count=312320
component name=tdnn1.renorm type=NormalizeComponent, input-dim=768, output-dim=768, target-rms=1, add-log-stddev=false
component name=tdnn2.affine type=NaturalGradientAffineComponent, input-dim=768, output-dim=768, learning-rate=0.000317023, max-change=0.75, linear-params-rms=0.03764, linear-params-row-norms=[percentiles(0,1,2,5 10,20,50,80,90 95,98,99,100)=(0.95,0.96,0.97,0.98 1.0,1.0,1.0,1.1,1.1 1.1,1.1,1.1,1.2), mean=1.04, stddev=0.0386], linear-params-col-norms=[percentiles(0,1,2,5 10,20,50,80,90 95,98,99,100)=(0.92,0.96,0.96,0.98 0.99,1.0,1.0,1.1,1.1 1.1,1.1,1.2,1.2), mean=1.04, stddev=0.0456], bias-{mean,stddev}=0.01178,1.051, rank-in=20, rank-out=80, num-samples-history=2000, update-period=4, alpha=4
component name=tdnn2.relu type=RectifiedLinearComponent, dim=768, self-repair-scale=1e-05, count=1.74e+05, self-repaired-proportion=0, value-avg=[percentiles(0,1,2,5 10,20,50,80,90 95,98,99,100)=(0.01,0.02,0.02,0.03 0.05,0.08,0.34,0.93,1.3 1.5,1.8,2.1,2.6), mean=0.517, stddev=0.51], deriv-avg=[percentiles(0,1,2,5 10,20,50,80,90 95,98,99,100)=(0.05,0.08,0.09,0.10 0.13,0.19,0.45,0.78,0.86 0.90,0.92,0.93,0.94), mean=0.472, stddev=0.27], oderiv-rms=[percentiles(0,1,2,5 10,20,50,80,90 95,98,99,100)=(0.0006,0.0007,0.0007,0.0007 0.0007,0.0007,0.0009,0.001,0.001 0.001,0.001,0.001,0.002), mean=0.00092, stddev=0.000195], oderiv-count=296960
component name=tdnn2.renorm type=NormalizeComponent, input-dim=768, output-dim=768, target-rms=1, add-log-stddev=false
component name=tdnn3.affine type=NaturalGradientAffineComponent, input-dim=1536, output-dim=768, learning-rate=0.000317023, max-change=0.75, linear-params-rms=0.02713, linear-params-row-norms=[percentiles(0,1,2,5 10,20,50,80,90 95,98,99,100)=(0.96,0.98,0.99,1.0 1.0,1.0,1.1,1.1,1.1 1.1,1.1,1.2,1.2), mean=1.06, stddev=0.0407], linear-params-col-norms=[percentiles(0,1,2,5 10,20,50,80,90 95,98,99,100)=(0.65,0.68,0.69,0.70 0.70,0.72,0.75,0.78,0.80 0.82,0.84,0.85,0.91), mean=0.751, stddev=0.0393], bias-{mean,stddev}=0.01778,1.008, rank-in=20, rank-out=80, num-samples-history=2000, update-period=4, alpha=4
component name=tdnn3.relu type=RectifiedLinearComponent, dim=768, self-repair-scale=1e-05, count=9.98e+04, self-repaired-proportion=0.000730437, value-avg=[percentiles(0,1,2,5 10,20,50,80,90 95,98,99,100)=(0.02,0.03,0.03,0.04 0.05,0.11,0.37,0.99,1.4 1.7,2.0,2.2,2.6), mean=0.57, stddev=0.547], deriv-avg=[percentiles(0,1,2,5 10,20,50,80,90 95,98,99,100)=(0.06,0.08,0.09,0.11 0.14,0.21,0.40,0.68,0.81 0.86,0.90,0.92,0.94), mean=0.445, stddev=0.238], oderiv-rms=[percentiles(0,1,2,5 10,20,50,80,90 95,98,99,100)=(0.0008,0.0009,0.0009,0.0009 0.001,0.001,0.001,0.002,0.002 0.002,0.002,0.002,0.002), mean=0.00126, stddev=0.000282], oderiv-count=130560
component name=tdnn3.renorm type=NormalizeComponent, input-dim=768, output-dim=768, target-rms=1, add-log-stddev=false
component name=tdnn4.affine type=NaturalGradientAffineComponent, input-dim=1536, output-dim=768, learning-rate=0.000317023, max-change=0.75, linear-params-rms=0.02727, linear-params-row-norms=[percentiles(0,1,2,5 10,20,50,80,90 95,98,99,100)=(0.96,0.98,0.99,1.0 1.0,1.0,1.1,1.1,1.1 1.1,1.2,1.2,1.2), mean=1.07, stddev=0.0434], linear-params-col-norms=[percentiles(0,1,2,5 10,20,50,80,90 95,98,99,100)=(0.64,0.67,0.69,0.70 0.71,0.72,0.75,0.79,0.81 0.83,0.85,0.86,0.91), mean=0.755, stddev=0.0427], bias-{mean,stddev}=0.007426,1.004, rank-in=20, rank-out=80, num-samples-history=2000, update-period=4, alpha=4
component name=tdnn4.relu type=RectifiedLinearComponent, dim=768, self-repair-scale=1e-05, count=1.08e+05, self-repaired-proportion=0.000289352, value-avg=[percentiles(0,1,2,5 10,20,50,80,90 95,98,99,100)=(0.01,0.02,0.03,0.04 0.06,0.11,0.32,0.89,1.2 1.6,1.9,2.1,2.6), mean=0.511, stddev=0.498], deriv-avg=[percentiles(0,1,2,5 10,20,50,80,90 95,98,99,100)=(0.05,0.07,0.08,0.11 0.14,0.21,0.38,0.64,0.76 0.82,0.88,0.91,0.94), mean=0.417, stddev=0.225], oderiv-rms=[percentiles(0,1,2,5 10,20,50,80,90 95,98,99,100)=(0.001,0.001,0.001,0.001 0.001,0.001,0.001,0.002,0.002 0.002,0.002,0.002,0.003), mean=0.00155, stddev=0.000323], oderiv-count=131328
component name=tdnn4.renorm type=NormalizeComponent, input-dim=768, output-dim=768, target-rms=1, add-log-stddev=false
component name=tdnn5.affine type=NaturalGradientAffineComponent, input-dim=1536, output-dim=768, learning-rate=0.000317023, max-change=0.75, linear-params-rms=0.02749, linear-params-row-norms=[percentiles(0,1,2,5 10,20,50,80,90 95,98,99,100)=(0.97,0.98,0.99,1.0 1.0,1.0,1.1,1.1,1.1 1.1,1.2,1.2,1.2), mean=1.08, stddev=0.0449], linear-params-col-norms=[percentiles(0,1,2,5 10,20,50,80,90 95,98,99,100)=(0.66,0.68,0.69,0.70 0.71,0.72,0.75,0.80,0.82 0.84,0.87,0.88,0.93), mean=0.76, stddev=0.0453], bias-{mean,stddev}=0.022,1.015, rank-in=20, rank-out=80, num-samples-history=2000, update-period=4, alpha=4
component name=tdnn5.relu type=RectifiedLinearComponent, dim=768, self-repair-scale=1e-05, count=7.99e+04, self-repaired-proportion=0, value-avg=[percentiles(0,1,2,5 10,20,50,80,90 95,98,99,100)=(0.01,0.02,0.03,0.05 0.08,0.15,0.38,0.85,1.2 1.5,1.7,1.9,2.3), mean=0.523, stddev=0.452], deriv-avg=[percentiles(0,1,2,5 10,20,50,80,90 95,98,99,100)=(0.05,0.07,0.07,0.12 0.16,0.23,0.42,0.63,0.74 0.81,0.88,0.90,0.94), mean=0.437, stddev=0.213], oderiv-rms=[percentiles(0,1,2,5 10,20,50,80,90 95,98,99,100)=(0.001,0.001,0.001,0.001 0.001,0.002,0.002,0.002,0.002 0.002,0.002,0.003,0.003), mean=0.0018, stddev=0.000313], oderiv-count=131072
component name=tdnn5.renorm type=NormalizeComponent, input-dim=768, output-dim=768, target-rms=1, add-log-stddev=false
component name=tdnn6.affine type=NaturalGradientAffineComponent, input-dim=1536, output-dim=768, learning-rate=0.000317023, max-change=0.75, linear-params-rms=0.02771, linear-params-row-norms=[percentiles(0,1,2,5 10,20,50,80,90 95,98,99,100)=(0.98,0.99,1.0,1.0 1.0,1.0,1.1,1.1,1.1 1.2,1.2,1.2,1.2), mean=1.08, stddev=0.0472], linear-params-col-norms=[percentiles(0,1,2,5 10,20,50,80,90 95,98,99,100)=(0.64,0.68,0.69,0.70 0.71,0.73,0.76,0.81,0.82 0.84,0.86,0.87,0.92), mean=0.767, stddev=0.0433], bias-{mean,stddev}=0.04583,1.007, rank-in=20, rank-out=80, num-samples-history=2000, update-period=4, alpha=4
component name=tdnn6.relu type=RectifiedLinearComponent, dim=768, self-repair-scale=1e-05, count=6.81e+04, self-repaired-proportion=0.00527872, value-avg=[percentiles(0,1,2,5 10,20,50,80,90 95,98,99,100)=(0.009,0.02,0.03,0.05 0.07,0.13,0.40,0.87,1.2 1.5,1.7,1.9,2.3), mean=0.528, stddev=0.456], deriv-avg=[percentiles(0,1,2,5 10,20,50,80,90 95,98,99,100)=(0.03,0.07,0.08,0.12 0.14,0.22,0.44,0.65,0.77 0.83,0.89,0.92,0.99), mean=0.442, stddev=0.223], oderiv-rms=[percentiles(0,1,2,5 10,20,50,80,90 95,98,99,100)=(0.001,0.001,0.001,0.002 0.002,0.002,0.002,0.002,0.002 0.003,0.003,0.003,0.003), mean=0.00199, stddev=0.000323], oderiv-count=105728
component name=tdnn6.renorm type=NormalizeComponent, input-dim=768, output-dim=768, target-rms=1, add-log-stddev=false
component name=tdnn7.affine type=NaturalGradientAffineComponent, input-dim=1536, output-dim=768, learning-rate=0.000317023, max-change=0.75, linear-params-rms=0.028, linear-params-row-norms=[percentiles(0,1,2,5 10,20,50,80,90 95,98,99,100)=(0.98,0.99,1.0,1.0 1.0,1.0,1.1,1.1,1.2 1.2,1.2,1.2,1.2), mean=1.1, stddev=0.0516], linear-params-col-norms=[percentiles(0,1,2,5 10,20,50,80,90 95,98,99,100)=(0.63,0.68,0.69,0.70 0.71,0.73,0.77,0.82,0.84 0.85,0.87,0.88,0.94), mean=0.775, stddev=0.0477], bias-{mean,stddev}=0.01651,0.9738, rank-in=20, rank-out=80, num-samples-history=2000, update-period=4, alpha=4
component name=tdnn7.relu type=RectifiedLinearComponent, dim=768, self-repair-scale=1e-05, count=5.07e+04, self-repaired-proportion=0.00757025, value-avg=[percentiles(0,1,2,5 10,20,50,80,90 95,98,99,100)=(0,0.02,0.03,0.06 0.08,0.13,0.37,0.78,1.0 1.4,1.8,2.0,3.7), mean=0.5, stddev=0.452], deriv-avg=[percentiles(0,1,2,5 10,20,50,80,90 95,98,99,100)=(0,0.06,0.08,0.12 0.16,0.23,0.41,0.62,0.72 0.83,0.91,0.93,0.97), mean=0.431, stddev=0.213], oderiv-rms=[percentiles(0,1,2,5 10,20,50,80,90 95,98,99,100)=(0.002,0.002,0.002,0.002 0.002,0.002,0.002,0.003,0.003 0.003,0.003,0.003,0.003), mean=0.00235, stddev=0.000361], oderiv-count=98304
component name=tdnn7.renorm type=NormalizeComponent, input-dim=768, output-dim=768, target-rms=1, add-log-stddev=false
component name=tdnn8.affine type=NaturalGradientAffineComponent, input-dim=1536, output-dim=768, learning-rate=0.000317023, max-change=0.75, linear-params-rms=0.0282, linear-params-row-norms=[percentiles(0,1,2,5 10,20,50,80,90 95,98,99,100)=(0.97,0.99,0.99,1.0 1.0,1.0,1.1,1.2,1.2 1.2,1.2,1.2,1.2), mean=1.1, stddev=0.0571], linear-params-col-norms=[percentiles(0,1,2,5 10,20,50,80,90 95,98,99,100)=(0.67,0.69,0.70,0.71 0.72,0.73,0.78,0.83,0.84 0.86,0.88,0.89,0.93), mean=0.78, stddev=0.0487], bias-{mean,stddev}=-0.05807,1.063, rank-in=20, rank-out=80, num-samples-history=2000, update-period=4, alpha=4
component name=tdnn8.relu type=RectifiedLinearComponent, dim=768, self-repair-scale=1e-05, count=5.89e+04, self-repaired-proportion=0.0249674, value-avg=[percentiles(0,1,2,5 10,20,50,80,90 95,98,99,100)=(0,0.002,0.01,0.03 0.05,0.12,0.37,0.83,1.2 1.4,1.7,1.9,2.6), mean=0.5, stddev=0.452], deriv-avg=[percentiles(0,1,2,5 10,20,50,80,90 95,98,99,100)=(0,0.008,0.03,0.08 0.12,0.20,0.42,0.64,0.76 0.82,0.89,0.91,0.96), mean=0.427, stddev=0.233], oderiv-rms=[percentiles(0,1,2,5 10,20,50,80,90 95,98,99,100)=(0.002,0.002,0.002,0.002 0.002,0.002,0.003,0.003,0.003 0.003,0.004,0.004,0.004), mean=0.00279, stddev=0.000447], oderiv-count=72960
component name=tdnn8.renorm type=NormalizeComponent, input-dim=768, output-dim=768, target-rms=1, add-log-stddev=false
component name=tdnn9.affine type=NaturalGradientAffineComponent, input-dim=1536, output-dim=768, learning-rate=0.000317023, max-change=0.75, linear-params-rms=0.02834, linear-params-row-norms=[percentiles(0,1,2,5 10,20,50,80,90 95,98,99,100)=(0.96,0.98,0.99,1.0 1.0,1.0,1.1,1.2,1.2 1.2,1.2,1.2,1.2), mean=1.11, stddev=0.0612], linear-params-col-norms=[percentiles(0,1,2,5 10,20,50,80,90 95,98,99,100)=(0.65,0.69,0.69,0.70 0.71,0.73,0.78,0.83,0.86 0.87,0.88,0.89,0.92), mean=0.784, stddev=0.0527], bias-{mean,stddev}=-0.05938,0.998, rank-in=20, rank-out=80, num-samples-history=2000, update-period=4, alpha=4
component name=tdnn9.relu type=RectifiedLinearComponent, dim=768, self-repair-scale=1e-05, count=3.89e+04, self-repaired-proportion=0.0377604, value-avg=[percentiles(0,1,2,5 10,20,50,80,90 95,98,99,100)=(0,0.0007,0.004,0.02 0.06,0.12,0.35,0.79,1.1 1.3,1.6,1.9,2.3), mean=0.484, stddev=0.432], deriv-avg=[percentiles(0,1,2,5 10,20,50,80,90 95,98,99,100)=(0,0.003,0.02,0.07 0.12,0.20,0.41,0.63,0.75 0.84,0.90,0.93,0.98), mean=0.423, stddev=0.231], oderiv-rms=[percentiles(0,1,2,5 10,20,50,80,90 95,98,99,100)=(0.002,0.002,0.002,0.002 0.002,0.003,0.003,0.004,0.004 0.004,0.004,0.004,0.005), mean=0.00311, stddev=0.000505], oderiv-count=55296
component name=tdnn9.renorm type=NormalizeComponent, input-dim=768, output-dim=768, target-rms=1, add-log-stddev=false
component name=tdnn10.affine type=NaturalGradientAffineComponent, input-dim=1536, output-dim=768, learning-rate=0.000317023, max-change=0.75, linear-params-rms=0.02831, linear-params-row-norms=[percentiles(0,1,2,5 10,20,50,80,90 95,98,99,100)=(0.97,0.98,0.99,1.0 1.0,1.0,1.1,1.2,1.2 1.2,1.2,1.2,1.3), mean=1.11, stddev=0.0609], linear-params-col-norms=[percentiles(0,1,2,5 10,20,50,80,90 95,98,99,100)=(0.63,0.68,0.69,0.70 0.72,0.73,0.78,0.83,0.85 0.86,0.88,0.89,0.92), mean=0.783, stddev=0.0509], bias-{mean,stddev}=0.02918,1.027, rank-in=20, rank-out=80, num-samples-history=2000, update-period=4, alpha=4
component name=tdnn10.relu type=RectifiedLinearComponent, dim=768, self-repair-scale=1e-05, count=3.07e+04, self-repaired-proportion=0.0575921, value-avg=[percentiles(0,1,2,5 10,20,50,80,90 95,98,99,100)=(0,0.0001,0.003,0.02 0.05,0.11,0.36,0.84,1.2 1.4,1.7,2.0,2.3), mean=0.501, stddev=0.456], deriv-avg=[percentiles(0,1,2,5 10,20,50,80,90 95,98,99,100)=(0,0.0007,0.01,0.05 0.11,0.20,0.42,0.66,0.78 0.85,0.93,0.95,0.98), mean=0.432, stddev=0.244], oderiv-rms=[percentiles(0,1,2,5 10,20,50,80,90 95,98,99,100)=(0.002,0.002,0.002,0.003 0.003,0.003,0.003,0.004,0.004 0.004,0.004,0.005,0.005), mean=0.0034, stddev=0.000579], oderiv-count=47616
component name=tdnn10.renorm type=NormalizeComponent, input-dim=768, output-dim=768, target-rms=1, add-log-stddev=false
component name=tdnn11.affine type=NaturalGradientAffineComponent, input-dim=1536, output-dim=768, learning-rate=0.000317023, max-change=0.75, linear-params-rms=0.02825, linear-params-row-norms=[percentiles(0,1,2,5 10,20,50,80,90 95,98,99,100)=(0.96,0.97,0.98,1.0 1.0,1.0,1.1,1.2,1.2 1.2,1.2,1.2,1.2), mean=1.11, stddev=0.0646], linear-params-col-norms=[percentiles(0,1,2,5 10,20,50,80,90 95,98,99,100)=(0.65,0.69,0.69,0.70 0.71,0.73,0.78,0.83,0.85 0.86,0.88,0.89,0.93), mean=0.781, stddev=0.0503], bias-{mean,stddev}=0.03174,1.019, rank-in=20, rank-out=80, num-samples-history=2000, update-period=4, alpha=4
component name=tdnn11.relu type=RectifiedLinearComponent, dim=768, self-repair-scale=1e-05, count=2e+04, self-repaired-proportion=0.101141, value-avg=[percentiles(0,1,2,5 10,20,50,80,90 95,98,99,100)=(0,0.0001,0.0004,0.006 0.02,0.09,0.34,0.82,1.2 1.6,2.0,2.1,2.6), mean=0.498, stddev=0.499], deriv-avg=[percentiles(0,1,2,5 10,20,50,80,90 95,98,99,100)=(0,0.0009,0.002,0.02 0.06,0.17,0.40,0.66,0.79 0.89,0.96,0.97,1.0), mean=0.422, stddev=0.262], oderiv-rms=[percentiles(0,1,2,5 10,20,50,80,90 95,98,99,100)=(0.003,0.003,0.003,0.003 0.003,0.003,0.004,0.005,0.005 0.005,0.005,0.006,0.006), mean=0.00411, stddev=0.000712], oderiv-count=28672
component name=tdnn11.renorm type=NormalizeComponent, input-dim=768, output-dim=768, target-rms=1, add-log-stddev=false
component name=tdnnFINAL.affine type=NaturalGradientAffineComponent, input-dim=1536, output-dim=768, learning-rate=0.000317023, max-change=0.75, linear-params-rms=0.0283, linear-params-row-norms=[percentiles(0,1,2,5 10,20,50,80,90 95,98,99,100)=(0.97,0.98,0.99,1.0 1.0,1.0,1.1,1.2,1.2 1.2,1.2,1.2,1.3), mean=1.11, stddev=0.07], linear-params-col-norms=[percentiles(0,1,2,5 10,20,50,80,90 95,98,99,100)=(0.65,0.68,0.69,0.70 0.71,0.72,0.78,0.83,0.86 0.87,0.90,0.91,0.95), mean=0.782, stddev=0.0566], bias-{mean,stddev}=-0.06729,0.9591, rank-in=20, rank-out=80, num-samples-history=2000, update-period=4, alpha=4
component name=tdnnFINAL.relu type=RectifiedLinearComponent, dim=768, self-repair-scale=1e-05, count=1.02e+04, self-repaired-proportion=0.116624, value-avg=[percentiles(0,1,2,5 10,20,50,80,90 95,98,99,100)=(0,3e-05,0.0002,0.002 0.01,0.06,0.30,0.69,0.96 1.2,1.5,1.8,2.4), mean=0.411, stddev=0.404], deriv-avg=[percentiles(0,1,2,5 10,20,50,80,90 95,98,99,100)=(0,0.0001,0.001,0.008 0.04,0.14,0.37,0.59,0.70 0.80,0.90,0.93,1.0), mean=0.376, stddev=0.241], oderiv-rms=[percentiles(0,1,2,5 10,20,50,80,90 95,98,99,100)=(0.004,0.004,0.004,0.004 0.005,0.005,0.006,0.007,0.008 0.008,0.008,0.009,0.01), mean=0.00617, stddev=0.00117], oderiv-count=14848
component name=tdnnFINAL.renorm type=NormalizeComponent, input-dim=768, output-dim=768, target-rms=1, add-log-stddev=false
component name=prefinal-affine-task-0.affine type=NaturalGradientAffineComponent, input-dim=768, output-dim=768, learning-rate=0.000317023, max-change=0.75, linear-params-rms=0.03808, linear-params-row-norms=[percentiles(0,1,2,5 10,20,50,80,90 95,98,99,100)=(0.92,0.95,0.96,0.97 0.98,1.0,1.1,1.1,1.1 1.1,1.2,1.2,1.2), mean=1.05, stddev=0.0547], linear-params-col-norms=[percentiles(0,1,2,5 10,20,50,80,90 95,98,99,100)=(0.94,0.96,0.97,0.98 0.99,1.0,1.1,1.1,1.1 1.1,1.2,1.2,1.2), mean=1.05, stddev=0.0487], bias-{mean,stddev}=0.0007589,1.006, rank-in=20, rank-out=80, num-samples-history=2000, update-period=4, alpha=4
component name=prefinal-affine-task-0.relu type=RectifiedLinearComponent, dim=768, self-repair-scale=1e-05, count=5.63e+03, self-repaired-proportion=0.133929, value-avg=[percentiles(0,1,2,5 10,20,50,80,90 95,98,99,100)=(0,0,2e-05,0.0006 0.006,0.04,0.28,0.61,0.73 0.84,0.96,1.0,1.2), mean=0.336, stddev=0.287], deriv-avg=[percentiles(0,1,2,5 10,20,50,80,90 95,98,99,100)=(0,0,0.0002,0.004 0.02,0.11,0.38,0.60,0.66 0.70,0.74,0.75,0.79), mean=0.362, stddev=0.231], oderiv-rms=[percentiles(0,1,2,5 10,20,50,80,90 95,98,99,100)=(6e-09,6e-06,2e-05,0.0001 0.0004,0.001,0.006,0.008,0.009 0.009,0.01,0.01,0.01), mean=0.00514, stddev=0.00305], oderiv-count=6144
component name=prefinal-affine-task-0.renorm type=NormalizeComponent, input-dim=768, output-dim=768, target-rms=1, add-log-stddev=false
component name=output-0.affine type=NaturalGradientAffineComponent, input-dim=768, output-dim=152, learning-rate=0.000317023, max-change=1.5, linear-params-rms=0.04634, linear-params-row-norms=[percentiles(0,1,2,5 10,20,50,80,90 95,98,99,100)=(0.13,0.52,0.87,0.93 1.0,1.1,1.3,1.4,1.5 1.5,1.6,1.6,1.7), mean=1.27, stddev=0.207], linear-params-col-norms=[percentiles(0,1,2,5 10,20,50,80,90 95,98,99,100)=(6e-07,0.0005,0.002,0.009 0.03,0.11,0.57,0.77,0.83 0.87,0.93,0.95,1.1), mean=0.483, stddev=0.305], bias-{mean,stddev}=-4.497e-08,0.003285, rank-in=20, rank-out=76, num-samples-history=2000, update-period=4, alpha=4
component name=output-0.log-softmax type=LogSoftmaxComponent, dim=152, oderiv-rms=[percentiles(0,1,2,5 10,20,50,80,90 95,98,99,100)=(0,0,0.02,0.02 0.03,0.04,0.05,0.07,0.08 0.10,0.13,0.19,0.23), mean=0.0569, stddev=0.0306], oderiv-count=9216
component name=prefinal-affine-task-1.affine type=NaturalGradientAffineComponent, input-dim=768, output-dim=768, learning-rate=0.000317023, max-change=0.75, linear-params-rms=0.03615, linear-params-row-norms=[percentiles(0,1,2,5 10,20,50,80,90 95,98,99,100)=(0.91,0.94,0.95,0.96 0.97,0.98,1.0,1.0,1.0 1.0,1.1,1.1,1.1), mean=1, stddev=0.0269], linear-params-col-norms=[percentiles(0,1,2,5 10,20,50,80,90 95,98,99,100)=(0.92,0.94,0.95,0.96 0.97,0.98,1.0,1.0,1.0 1.0,1.1,1.1,1.1), mean=1, stddev=0.0262], bias-{mean,stddev}=-0.07015,1.031, rank-in=20, rank-out=80, num-samples-history=2000, update-period=4, alpha=4
component name=prefinal-affine-task-1.relu type=RectifiedLinearComponent, dim=768, self-repair-scale=1e-05, count=5.12e+03, self-repaired-proportion=0.160916, value-avg=[percentiles(0,1,2,5 10,20,50,80,90 95,98,99,100)=(0,0,7e-05,0.0006 0.004,0.02,0.26,0.58,0.74 0.83,0.94,1.1,1.4), mean=0.317, stddev=0.287], deriv-avg=[percentiles(0,1,2,5 10,20,50,80,90 95,98,99,100)=(0,0,0.0004,0.002 0.02,0.08,0.44,0.69,0.78 0.82,0.87,0.89,0.94), mean=0.406, stddev=0.28], oderiv-rms=[percentiles(0,1,2,5 10,20,50,80,90 95,98,99,100)=(4e-09,2e-06,1e-05,7e-05 0.0002,0.0009,0.004,0.006,0.007 0.007,0.008,0.008,0.009), mean=0.00391, stddev=0.00249], oderiv-count=6144
component name=prefinal-affine-task-1.renorm type=NormalizeComponent, input-dim=768, output-dim=768, target-rms=1, add-log-stddev=false
component name=output-1.affine type=NaturalGradientAffineComponent, input-dim=768, output-dim=192, learning-rate=0.000317023, max-change=1.5, linear-params-rms=0.02427, linear-params-row-norms=[percentiles(0,1,2,5 10,20,50,80,90 95,98,99,100)=(0.07,0.07,0.07,0.07 0.07,0.07,0.07,1.0,1.1 1.1,1.2,1.2,1.3), mean=0.487, stddev=0.464], linear-params-col-norms=[percentiles(0,1,2,5 10,20,50,80,90 95,98,99,100)=(3e-07,9e-05,0.0009,0.004 0.02,0.07,0.33,0.46,0.50 0.53,0.55,0.57,0.60), mean=0.283, stddev=0.182], bias-{mean,stddev}=2.517e-08,0.002037, rank-in=20, rank-out=80, num-samples-history=2000, update-period=4, alpha=4
component name=output-1.log-softmax type=LogSoftmaxComponent, dim=192, oderiv-rms=[percentiles(0,1,2,5 10,20,50,80,90 95,98,99,100)=(0,0,0,0 0,0,0,0.02,0.02 0.03,0.05,0.05,0.07), mean=0.00816, stddev=0.0118], oderiv-count=7680
nnet3-show-progress --use-gpu=no MTL/exp/nnet3/multitask/54.raw MTL/exp/nnet3/multitask/55.raw 
LOG (nnet3-show-progress[5.4.217~1-8ae5]:SelectGpuId():cu-device.cc:123) Manually selected to compute on CPU.
LOG (nnet3-show-progress[5.4.217~1-8ae5]:main():nnet3-show-progress.cc:143) Parameter differences per layer are [ tdnn1.affine:0.193197 tdnn2.affine:0.113179 tdnn3.affine:0.153508 tdnn4.affine:0.169327 tdnn5.affine:0.181609 tdnn6.affine:0.195586 tdnn7.affine:0.209314 tdnn8.affine:0.217955 tdnn9.affine:0.222624 tdnn10.affine:0.217786 tdnn11.affine:0.211988 tdnnFINAL.affine:0.213203 prefinal-affine-task-0.affine:0.110321 output-0.affine:0.0999628 prefinal-affine-task-1.affine:0.0940815 output-1.affine:0.0768262 ]
LOG (nnet3-show-progress[5.4.217~1-8ae5]:main():nnet3-show-progress.cc:153) Norms of parameter matrices from <new-nnet-in> are [ tdnn1.affine:42.5607 tdnn2.affine:41.0401 tdnn3.affine:40.6082 tdnn4.affine:40.6364 tdnn5.affine:41.0157 tdnn6.affine:41.069 tdnn7.affine:40.6651 tdnn8.affine:42.524 tdnn9.affine:41.4139 tdnn10.affine:41.9094 tdnn11.affine:41.7075 tdnnFINAL.affine:40.675 prefinal-affine-task-0.affine:40.4053 output-0.affine:15.8314 prefinal-affine-task-1.affine:39.8911 output-1.affine:9.31908 ]
LOG (nnet3-show-progress[5.4.217~1-8ae5]:main():nnet3-show-progress.cc:157) Relative parameter differences per layer are [ tdnn1.affine:0.00453954 tdnn2.affine:0.00275789 tdnn3.affine:0.00378043 tdnn4.affine:0.00416712 tdnn5.affine:0.00442807 tdnn6.affine:0.00476269 tdnn7.affine:0.0051476 tdnn8.affine:0.00512579 tdnn9.affine:0.00537599 tdnn10.affine:0.005197 tdnn11.affine:0.00508312 tdnnFINAL.affine:0.00524189 prefinal-affine-task-0.affine:0.00273035 output-0.affine:0.00632401 prefinal-affine-task-1.affine:0.00235844 output-1.affine:0.00827114 ]
# Accounting: time=4 threads=1
# Ended (code 0) at Fri Jul 27 02:25:50 UTC 2018, elapsed time 4 seconds
