# nnet3-info MTL/exp/nnet3/multitask/25.raw && nnet3-show-progress --use-gpu=no MTL/exp/nnet3/multitask/24.raw MTL/exp/nnet3/multitask/25.raw 
# Started at Fri Jul 27 01:31:31 UTC 2018
#
nnet3-info MTL/exp/nnet3/multitask/25.raw 
num-parameters: 13891160
modulus: 1
input-node name=input dim=13
component-node name=tdnn1.affine component=tdnn1.affine input=Append(Offset(input, -2), Offset(input, -1), input, Offset(input, 1), Offset(input, 2)) input-dim=65 output-dim=768
component-node name=tdnn1.relu component=tdnn1.relu input=tdnn1.affine input-dim=768 output-dim=768
component-node name=tdnn1.renorm component=tdnn1.renorm input=tdnn1.relu input-dim=768 output-dim=768
component-node name=tdnn2.affine component=tdnn2.affine input=tdnn1.renorm input-dim=768 output-dim=768
component-node name=tdnn2.relu component=tdnn2.relu input=tdnn2.affine input-dim=768 output-dim=768
component-node name=tdnn2.renorm component=tdnn2.renorm input=tdnn2.relu input-dim=768 output-dim=768
component-node name=tdnn3.affine component=tdnn3.affine input=Append(Offset(tdnn2.renorm, -1), Offset(tdnn2.renorm, 2)) input-dim=1536 output-dim=768
component-node name=tdnn3.relu component=tdnn3.relu input=tdnn3.affine input-dim=768 output-dim=768
component-node name=tdnn3.renorm component=tdnn3.renorm input=tdnn3.relu input-dim=768 output-dim=768
component-node name=tdnn4.affine component=tdnn4.affine input=Append(Offset(tdnn3.renorm, -3), Offset(tdnn3.renorm, 3)) input-dim=1536 output-dim=768
component-node name=tdnn4.relu component=tdnn4.relu input=tdnn4.affine input-dim=768 output-dim=768
component-node name=tdnn4.renorm component=tdnn4.renorm input=tdnn4.relu input-dim=768 output-dim=768
component-node name=tdnn5.affine component=tdnn5.affine input=Append(Offset(tdnn4.renorm, -3), Offset(tdnn4.renorm, 3)) input-dim=1536 output-dim=768
component-node name=tdnn5.relu component=tdnn5.relu input=tdnn5.affine input-dim=768 output-dim=768
component-node name=tdnn5.renorm component=tdnn5.renorm input=tdnn5.relu input-dim=768 output-dim=768
component-node name=tdnn6.affine component=tdnn6.affine input=Append(Offset(tdnn5.renorm, -3), Offset(tdnn5.renorm, 3)) input-dim=1536 output-dim=768
component-node name=tdnn6.relu component=tdnn6.relu input=tdnn6.affine input-dim=768 output-dim=768
component-node name=tdnn6.renorm component=tdnn6.renorm input=tdnn6.relu input-dim=768 output-dim=768
component-node name=tdnn7.affine component=tdnn7.affine input=Append(Offset(tdnn6.renorm, -3), Offset(tdnn6.renorm, 3)) input-dim=1536 output-dim=768
component-node name=tdnn7.relu component=tdnn7.relu input=tdnn7.affine input-dim=768 output-dim=768
component-node name=tdnn7.renorm component=tdnn7.renorm input=tdnn7.relu input-dim=768 output-dim=768
component-node name=tdnn8.affine component=tdnn8.affine input=Append(Offset(tdnn7.renorm, -3), Offset(tdnn7.renorm, 3)) input-dim=1536 output-dim=768
component-node name=tdnn8.relu component=tdnn8.relu input=tdnn8.affine input-dim=768 output-dim=768
component-node name=tdnn8.renorm component=tdnn8.renorm input=tdnn8.relu input-dim=768 output-dim=768
component-node name=tdnn9.affine component=tdnn9.affine input=Append(Offset(tdnn8.renorm, -3), Offset(tdnn8.renorm, 3)) input-dim=1536 output-dim=768
component-node name=tdnn9.relu component=tdnn9.relu input=tdnn9.affine input-dim=768 output-dim=768
component-node name=tdnn9.renorm component=tdnn9.renorm input=tdnn9.relu input-dim=768 output-dim=768
component-node name=tdnn10.affine component=tdnn10.affine input=Append(Offset(tdnn9.renorm, -3), Offset(tdnn9.renorm, 3)) input-dim=1536 output-dim=768
component-node name=tdnn10.relu component=tdnn10.relu input=tdnn10.affine input-dim=768 output-dim=768
component-node name=tdnn10.renorm component=tdnn10.renorm input=tdnn10.relu input-dim=768 output-dim=768
component-node name=tdnn11.affine component=tdnn11.affine input=Append(Offset(tdnn10.renorm, -3), Offset(tdnn10.renorm, 3)) input-dim=1536 output-dim=768
component-node name=tdnn11.relu component=tdnn11.relu input=tdnn11.affine input-dim=768 output-dim=768
component-node name=tdnn11.renorm component=tdnn11.renorm input=tdnn11.relu input-dim=768 output-dim=768
component-node name=tdnnFINAL.affine component=tdnnFINAL.affine input=Append(Offset(tdnn11.renorm, -3), Offset(tdnn11.renorm, 3)) input-dim=1536 output-dim=768
component-node name=tdnnFINAL.relu component=tdnnFINAL.relu input=tdnnFINAL.affine input-dim=768 output-dim=768
component-node name=tdnnFINAL.renorm component=tdnnFINAL.renorm input=tdnnFINAL.relu input-dim=768 output-dim=768
component-node name=prefinal-affine-task-0.affine component=prefinal-affine-task-0.affine input=tdnnFINAL.renorm input-dim=768 output-dim=768
component-node name=prefinal-affine-task-0.relu component=prefinal-affine-task-0.relu input=prefinal-affine-task-0.affine input-dim=768 output-dim=768
component-node name=prefinal-affine-task-0.renorm component=prefinal-affine-task-0.renorm input=prefinal-affine-task-0.relu input-dim=768 output-dim=768
component-node name=output-0.affine component=output-0.affine input=prefinal-affine-task-0.renorm input-dim=768 output-dim=152
component-node name=output-0.log-softmax component=output-0.log-softmax input=output-0.affine input-dim=152 output-dim=152
output-node name=output-0 input=output-0.log-softmax dim=152 objective=linear
component-node name=prefinal-affine-task-1.affine component=prefinal-affine-task-1.affine input=tdnnFINAL.renorm input-dim=768 output-dim=768
component-node name=prefinal-affine-task-1.relu component=prefinal-affine-task-1.relu input=prefinal-affine-task-1.affine input-dim=768 output-dim=768
component-node name=prefinal-affine-task-1.renorm component=prefinal-affine-task-1.renorm input=prefinal-affine-task-1.relu input-dim=768 output-dim=768
component-node name=output-1.affine component=output-1.affine input=prefinal-affine-task-1.renorm input-dim=768 output-dim=192
component-node name=output-1.log-softmax component=output-1.log-softmax input=output-1.affine input-dim=192 output-dim=192
output-node name=output-1 input=output-1.log-softmax dim=192 objective=linear
component name=tdnn1.affine type=NaturalGradientAffineComponent, input-dim=65, output-dim=768, learning-rate=0.000751781, max-change=0.75, linear-params-rms=0.1392, linear-params-row-norms=[percentiles(0,1,2,5 10,20,50,80,90 95,98,99,100)=(0.75,0.83,0.85,0.89 0.93,0.98,1.1,1.2,1.3 1.4,1.4,1.5,1.6), mean=1.11, stddev=0.147], linear-params-col-norms=[percentiles(0,1,2,5 10,20,50,80,90 95,98,99,100)=(3.2,3.2,3.5,3.5 3.6,3.7,3.8,4.0,4.1 4.2,4.3,4.3,4.5), mean=3.85, stddev=0.219], bias-{mean,stddev}=0.0304,1.031, rank-in=20, rank-out=80, num-samples-history=2000, update-period=4, alpha=4
component name=tdnn1.relu type=RectifiedLinearComponent, dim=768, self-repair-scale=1e-05, count=2.15e+05, self-repaired-proportion=0.0279154, value-avg=[percentiles(0,1,2,5 10,20,50,80,90 95,98,99,100)=(0.01,0.02,0.02,0.03 0.03,0.06,0.29,1.4,1.9 2.2,2.6,2.8,5.3), mean=0.686, stddev=0.797], deriv-avg=[percentiles(0,1,2,5 10,20,50,80,90 95,98,99,100)=(0.05,0.05,0.06,0.07 0.09,0.12,0.38,0.88,0.92 0.94,0.95,0.95,0.96), mean=0.464, stddev=0.33], oderiv-rms=[percentiles(0,1,2,5 10,20,50,80,90 95,98,99,100)=(0.001,0.001,0.001,0.001 0.001,0.002,0.002,0.003,0.003 0.003,0.004,0.004,0.004), mean=0.00211, stddev=0.000599], oderiv-count=296960
component name=tdnn1.renorm type=NormalizeComponent, input-dim=768, output-dim=768, target-rms=1, add-log-stddev=false
component name=tdnn2.affine type=NaturalGradientAffineComponent, input-dim=768, output-dim=768, learning-rate=0.000751781, max-change=0.75, linear-params-rms=0.03739, linear-params-row-norms=[percentiles(0,1,2,5 10,20,50,80,90 95,98,99,100)=(0.94,0.96,0.97,0.98 0.99,1.0,1.0,1.1,1.1 1.1,1.1,1.1,1.2), mean=1.04, stddev=0.0359], linear-params-col-norms=[percentiles(0,1,2,5 10,20,50,80,90 95,98,99,100)=(0.92,0.96,0.96,0.98 0.99,1.0,1.0,1.1,1.1 1.1,1.1,1.1,1.2), mean=1.04, stddev=0.0413], bias-{mean,stddev}=0.01179,1.051, rank-in=20, rank-out=80, num-samples-history=2000, update-period=4, alpha=4
component name=tdnn2.relu type=RectifiedLinearComponent, dim=768, self-repair-scale=1e-05, count=1.74e+05, self-repaired-proportion=0.0119868, value-avg=[percentiles(0,1,2,5 10,20,50,80,90 95,98,99,100)=(0.007,0.01,0.02,0.02 0.04,0.07,0.33,0.96,1.2 1.5,1.7,1.9,2.4), mean=0.505, stddev=0.497], deriv-avg=[percentiles(0,1,2,5 10,20,50,80,90 95,98,99,100)=(0.05,0.05,0.06,0.08 0.12,0.18,0.46,0.77,0.87 0.90,0.93,0.94,0.95), mean=0.478, stddev=0.278], oderiv-rms=[percentiles(0,1,2,5 10,20,50,80,90 95,98,99,100)=(0.002,0.002,0.002,0.002 0.002,0.002,0.002,0.003,0.003 0.004,0.004,0.004,0.004), mean=0.00255, stddev=0.000553], oderiv-count=296960
component name=tdnn2.renorm type=NormalizeComponent, input-dim=768, output-dim=768, target-rms=1, add-log-stddev=false
component name=tdnn3.affine type=NaturalGradientAffineComponent, input-dim=1536, output-dim=768, learning-rate=0.000751781, max-change=0.75, linear-params-rms=0.02686, linear-params-row-norms=[percentiles(0,1,2,5 10,20,50,80,90 95,98,99,100)=(0.96,0.97,0.98,1.0 1.0,1.0,1.1,1.1,1.1 1.1,1.1,1.1,1.2), mean=1.05, stddev=0.0361], linear-params-col-norms=[percentiles(0,1,2,5 10,20,50,80,90 95,98,99,100)=(0.64,0.68,0.69,0.69 0.70,0.71,0.74,0.77,0.79 0.81,0.82,0.84,0.90), mean=0.744, stddev=0.0349], bias-{mean,stddev}=0.01779,1.008, rank-in=20, rank-out=80, num-samples-history=2000, update-period=4, alpha=4
component name=tdnn3.relu type=RectifiedLinearComponent, dim=768, self-repair-scale=1e-05, count=1.1e+05, self-repaired-proportion=0.00273017, value-avg=[percentiles(0,1,2,5 10,20,50,80,90 95,98,99,100)=(0.01,0.02,0.02,0.03 0.05,0.09,0.36,0.99,1.4 1.7,2.0,2.2,2.6), mean=0.562, stddev=0.548], deriv-avg=[percentiles(0,1,2,5 10,20,50,80,90 95,98,99,100)=(0.05,0.07,0.08,0.10 0.13,0.20,0.42,0.70,0.81 0.87,0.91,0.92,0.94), mean=0.446, stddev=0.248], oderiv-rms=[percentiles(0,1,2,5 10,20,50,80,90 95,98,99,100)=(0.002,0.002,0.002,0.002 0.002,0.003,0.003,0.004,0.004 0.005,0.005,0.005,0.006), mean=0.0033, stddev=0.000778], oderiv-count=143360
component name=tdnn3.renorm type=NormalizeComponent, input-dim=768, output-dim=768, target-rms=1, add-log-stddev=false
component name=tdnn4.affine type=NaturalGradientAffineComponent, input-dim=1536, output-dim=768, learning-rate=0.000751781, max-change=0.75, linear-params-rms=0.02698, linear-params-row-norms=[percentiles(0,1,2,5 10,20,50,80,90 95,98,99,100)=(0.96,0.98,0.98,1.0 1.0,1.0,1.1,1.1,1.1 1.1,1.1,1.1,1.2), mean=1.06, stddev=0.0386], linear-params-col-norms=[percentiles(0,1,2,5 10,20,50,80,90 95,98,99,100)=(0.63,0.67,0.68,0.69 0.70,0.71,0.74,0.78,0.80 0.81,0.83,0.85,0.90), mean=0.747, stddev=0.0384], bias-{mean,stddev}=0.007432,1.004, rank-in=20, rank-out=80, num-samples-history=2000, update-period=4, alpha=4
component name=tdnn4.relu type=RectifiedLinearComponent, dim=768, self-repair-scale=1e-05, count=9.22e+04, self-repaired-proportion=0.00714286, value-avg=[percentiles(0,1,2,5 10,20,50,80,90 95,98,99,100)=(0.0002,0.02,0.02,0.03 0.06,0.10,0.32,0.89,1.3 1.5,1.9,2.1,2.6), mean=0.507, stddev=0.507], deriv-avg=[percentiles(0,1,2,5 10,20,50,80,90 95,98,99,100)=(0.001,0.06,0.07,0.09 0.13,0.19,0.37,0.66,0.77 0.83,0.89,0.92,0.96), mean=0.416, stddev=0.233], oderiv-rms=[percentiles(0,1,2,5 10,20,50,80,90 95,98,99,100)=(0.003,0.003,0.003,0.003 0.003,0.003,0.004,0.005,0.005 0.006,0.006,0.006,0.007), mean=0.004, stddev=0.000867], oderiv-count=140544
component name=tdnn4.renorm type=NormalizeComponent, input-dim=768, output-dim=768, target-rms=1, add-log-stddev=false
component name=tdnn5.affine type=NaturalGradientAffineComponent, input-dim=1536, output-dim=768, learning-rate=0.000751781, max-change=0.75, linear-params-rms=0.02716, linear-params-row-norms=[percentiles(0,1,2,5 10,20,50,80,90 95,98,99,100)=(0.96,0.98,0.99,1.0 1.0,1.0,1.1,1.1,1.1 1.1,1.1,1.2,1.2), mean=1.06, stddev=0.0402], linear-params-col-norms=[percentiles(0,1,2,5 10,20,50,80,90 95,98,99,100)=(0.66,0.68,0.69,0.70 0.71,0.72,0.75,0.79,0.81 0.83,0.85,0.86,0.91), mean=0.752, stddev=0.0404], bias-{mean,stddev}=0.02201,1.015, rank-in=20, rank-out=80, num-samples-history=2000, update-period=4, alpha=4
component name=tdnn5.relu type=RectifiedLinearComponent, dim=768, self-repair-scale=1e-05, count=8.19e+04, self-repaired-proportion=0.00467218, value-avg=[percentiles(0,1,2,5 10,20,50,80,90 95,98,99,100)=(0.004,0.02,0.02,0.04 0.07,0.13,0.38,0.85,1.2 1.5,1.7,1.9,2.4), mean=0.52, stddev=0.457], deriv-avg=[percentiles(0,1,2,5 10,20,50,80,90 95,98,99,100)=(0.02,0.06,0.07,0.11 0.15,0.23,0.42,0.64,0.75 0.82,0.88,0.90,0.94), mean=0.436, stddev=0.219], oderiv-rms=[percentiles(0,1,2,5 10,20,50,80,90 95,98,99,100)=(0.003,0.003,0.003,0.003 0.004,0.004,0.004,0.005,0.006 0.006,0.006,0.007,0.007), mean=0.00455, stddev=0.000818], oderiv-count=120832
component name=tdnn5.renorm type=NormalizeComponent, input-dim=768, output-dim=768, target-rms=1, add-log-stddev=false
component name=tdnn6.affine type=NaturalGradientAffineComponent, input-dim=1536, output-dim=768, learning-rate=0.000751781, max-change=0.75, linear-params-rms=0.02734, linear-params-row-norms=[percentiles(0,1,2,5 10,20,50,80,90 95,98,99,100)=(0.97,0.98,0.99,1.0 1.0,1.0,1.1,1.1,1.1 1.1,1.1,1.2,1.2), mean=1.07, stddev=0.0418], linear-params-col-norms=[percentiles(0,1,2,5 10,20,50,80,90 95,98,99,100)=(0.63,0.68,0.69,0.70 0.71,0.72,0.75,0.79,0.81 0.82,0.84,0.85,0.90), mean=0.757, stddev=0.0388], bias-{mean,stddev}=0.04584,1.007, rank-in=20, rank-out=80, num-samples-history=2000, update-period=4, alpha=4
component name=tdnn6.relu type=RectifiedLinearComponent, dim=768, self-repair-scale=1e-05, count=5.56e+04, self-repaired-proportion=0.00855035, value-avg=[percentiles(0,1,2,5 10,20,50,80,90 95,98,99,100)=(0.002,0.02,0.03,0.04 0.06,0.12,0.41,0.88,1.2 1.5,1.7,1.9,2.6), mean=0.531, stddev=0.466], deriv-avg=[percentiles(0,1,2,5 10,20,50,80,90 95,98,99,100)=(0.01,0.07,0.08,0.10 0.14,0.22,0.44,0.66,0.77 0.82,0.90,0.91,0.99), mean=0.442, stddev=0.228], oderiv-rms=[percentiles(0,1,2,5 10,20,50,80,90 95,98,99,100)=(0.004,0.004,0.004,0.004 0.004,0.004,0.005,0.006,0.006 0.007,0.007,0.007,0.008), mean=0.00522, stddev=0.000872], oderiv-count=102144
component name=tdnn6.renorm type=NormalizeComponent, input-dim=768, output-dim=768, target-rms=1, add-log-stddev=false
component name=tdnn7.affine type=NaturalGradientAffineComponent, input-dim=1536, output-dim=768, learning-rate=0.000751781, max-change=0.75, linear-params-rms=0.02759, linear-params-row-norms=[percentiles(0,1,2,5 10,20,50,80,90 95,98,99,100)=(0.97,0.98,0.99,1.0 1.0,1.0,1.1,1.1,1.1 1.2,1.2,1.2,1.2), mean=1.08, stddev=0.046], linear-params-col-norms=[percentiles(0,1,2,5 10,20,50,80,90 95,98,99,100)=(0.63,0.68,0.69,0.70 0.71,0.72,0.76,0.80,0.82 0.83,0.85,0.86,0.91), mean=0.764, stddev=0.0427], bias-{mean,stddev}=0.01653,0.9738, rank-in=20, rank-out=80, num-samples-history=2000, update-period=4, alpha=4
component name=tdnn7.relu type=RectifiedLinearComponent, dim=768, self-repair-scale=1e-05, count=5.53e+04, self-repaired-proportion=0.0069987, value-avg=[percentiles(0,1,2,5 10,20,50,80,90 95,98,99,100)=(0,0.02,0.03,0.05 0.07,0.12,0.36,0.82,1.1 1.4,1.8,1.9,3.8), mean=0.506, stddev=0.463], deriv-avg=[percentiles(0,1,2,5 10,20,50,80,90 95,98,99,100)=(0,0.06,0.08,0.11 0.15,0.23,0.40,0.63,0.73 0.83,0.89,0.93,0.97), mean=0.431, stddev=0.218], oderiv-rms=[percentiles(0,1,2,5 10,20,50,80,90 95,98,99,100)=(0.004,0.004,0.004,0.004 0.005,0.005,0.006,0.007,0.007 0.007,0.008,0.008,0.009), mean=0.00582, stddev=0.000948], oderiv-count=92160
component name=tdnn7.renorm type=NormalizeComponent, input-dim=768, output-dim=768, target-rms=1, add-log-stddev=false
component name=tdnn8.affine type=NaturalGradientAffineComponent, input-dim=1536, output-dim=768, learning-rate=0.000751781, max-change=0.75, linear-params-rms=0.02774, linear-params-row-norms=[percentiles(0,1,2,5 10,20,50,80,90 95,98,99,100)=(0.97,0.98,0.99,1.0 1.0,1.0,1.1,1.1,1.1 1.2,1.2,1.2,1.2), mean=1.09, stddev=0.05], linear-params-col-norms=[percentiles(0,1,2,5 10,20,50,80,90 95,98,99,100)=(0.67,0.69,0.69,0.70 0.71,0.73,0.77,0.81,0.82 0.84,0.86,0.87,0.91), mean=0.768, stddev=0.0435], bias-{mean,stddev}=-0.05806,1.063, rank-in=20, rank-out=80, num-samples-history=2000, update-period=4, alpha=4
component name=tdnn8.relu type=RectifiedLinearComponent, dim=768, self-repair-scale=1e-05, count=5.38e+04, self-repaired-proportion=0.0360344, value-avg=[percentiles(0,1,2,5 10,20,50,80,90 95,98,99,100)=(0,0.0004,0.006,0.02 0.05,0.10,0.37,0.84,1.2 1.4,1.8,2.0,2.8), mean=0.508, stddev=0.465], deriv-avg=[percentiles(0,1,2,5 10,20,50,80,90 95,98,99,100)=(0,0.002,0.02,0.07 0.11,0.20,0.42,0.65,0.77 0.82,0.89,0.91,0.97), mean=0.428, stddev=0.238], oderiv-rms=[percentiles(0,1,2,5 10,20,50,80,90 95,98,99,100)=(0.005,0.005,0.005,0.005 0.005,0.006,0.007,0.008,0.008 0.009,0.009,0.01,0.01), mean=0.00691, stddev=0.00115], oderiv-count=72960
component name=tdnn8.renorm type=NormalizeComponent, input-dim=768, output-dim=768, target-rms=1, add-log-stddev=false
component name=tdnn9.affine type=NaturalGradientAffineComponent, input-dim=1536, output-dim=768, learning-rate=0.000751781, max-change=0.75, linear-params-rms=0.02787, linear-params-row-norms=[percentiles(0,1,2,5 10,20,50,80,90 95,98,99,100)=(0.96,0.98,0.99,1.0 1.0,1.0,1.1,1.1,1.2 1.2,1.2,1.2,1.2), mean=1.09, stddev=0.0536], linear-params-col-norms=[percentiles(0,1,2,5 10,20,50,80,90 95,98,99,100)=(0.65,0.68,0.69,0.70 0.71,0.73,0.77,0.81,0.83 0.85,0.86,0.87,0.89), mean=0.771, stddev=0.0469], bias-{mean,stddev}=-0.05937,0.9981, rank-in=20, rank-out=80, num-samples-history=2000, update-period=4, alpha=4
component name=tdnn9.relu type=RectifiedLinearComponent, dim=768, self-repair-scale=1e-05, count=4.1e+04, self-repaired-proportion=0.0530961, value-avg=[percentiles(0,1,2,5 10,20,50,80,90 95,98,99,100)=(0,0.0002,0.002,0.02 0.05,0.11,0.37,0.83,1.1 1.5,1.7,1.9,2.4), mean=0.498, stddev=0.45], deriv-avg=[percentiles(0,1,2,5 10,20,50,80,90 95,98,99,100)=(0,0.001,0.01,0.05 0.12,0.20,0.41,0.65,0.76 0.84,0.89,0.93,0.98), mean=0.425, stddev=0.237], oderiv-rms=[percentiles(0,1,2,5 10,20,50,80,90 95,98,99,100)=(0.005,0.005,0.006,0.006 0.006,0.006,0.008,0.009,0.01 0.01,0.01,0.01,0.01), mean=0.00782, stddev=0.00134], oderiv-count=59392
component name=tdnn9.renorm type=NormalizeComponent, input-dim=768, output-dim=768, target-rms=1, add-log-stddev=false
component name=tdnn10.affine type=NaturalGradientAffineComponent, input-dim=1536, output-dim=768, learning-rate=0.000751781, max-change=0.75, linear-params-rms=0.02783, linear-params-row-norms=[percentiles(0,1,2,5 10,20,50,80,90 95,98,99,100)=(0.97,0.98,0.99,1.0 1.0,1.0,1.1,1.1,1.2 1.2,1.2,1.2,1.2), mean=1.09, stddev=0.0531], linear-params-col-norms=[percentiles(0,1,2,5 10,20,50,80,90 95,98,99,100)=(0.63,0.68,0.69,0.70 0.71,0.72,0.77,0.81,0.83 0.84,0.86,0.87,0.90), mean=0.77, stddev=0.0452], bias-{mean,stddev}=0.0292,1.027, rank-in=20, rank-out=80, num-samples-history=2000, update-period=4, alpha=4
component name=tdnn10.relu type=RectifiedLinearComponent, dim=768, self-repair-scale=1e-05, count=3.23e+04, self-repaired-proportion=0.064467, value-avg=[percentiles(0,1,2,5 10,20,50,80,90 95,98,99,100)=(0,2e-05,0.001,0.01 0.04,0.10,0.38,0.91,1.2 1.5,1.8,2.0,2.5), mean=0.52, stddev=0.479], deriv-avg=[percentiles(0,1,2,5 10,20,50,80,90 95,98,99,100)=(0,0.0002,0.006,0.04 0.10,0.19,0.42,0.68,0.78 0.85,0.92,0.95,0.99), mean=0.436, stddev=0.25], oderiv-rms=[percentiles(0,1,2,5 10,20,50,80,90 95,98,99,100)=(0.006,0.006,0.006,0.007 0.007,0.007,0.009,0.01,0.01 0.01,0.01,0.01,0.01), mean=0.00899, stddev=0.00162], oderiv-count=46080
component name=tdnn10.renorm type=NormalizeComponent, input-dim=768, output-dim=768, target-rms=1, add-log-stddev=false
component name=tdnn11.affine type=NaturalGradientAffineComponent, input-dim=1536, output-dim=768, learning-rate=0.000751781, max-change=0.75, linear-params-rms=0.0278, linear-params-row-norms=[percentiles(0,1,2,5 10,20,50,80,90 95,98,99,100)=(0.96,0.97,0.98,0.99 1.0,1.0,1.1,1.1,1.2 1.2,1.2,1.2,1.2), mean=1.09, stddev=0.0567], linear-params-col-norms=[percentiles(0,1,2,5 10,20,50,80,90 95,98,99,100)=(0.65,0.69,0.69,0.70 0.71,0.73,0.77,0.81,0.83 0.84,0.86,0.87,0.91), mean=0.769, stddev=0.0449], bias-{mean,stddev}=0.03176,1.019, rank-in=20, rank-out=80, num-samples-history=2000, update-period=4, alpha=4
component name=tdnn11.relu type=RectifiedLinearComponent, dim=768, self-repair-scale=1e-05, count=2.05e+04, self-repaired-proportion=0.110586, value-avg=[percentiles(0,1,2,5 10,20,50,80,90 95,98,99,100)=(0,2e-05,0.0002,0.003 0.02,0.08,0.36,0.88,1.3 1.6,2.0,2.2,2.6), mean=0.521, stddev=0.523], deriv-avg=[percentiles(0,1,2,5 10,20,50,80,90 95,98,99,100)=(0,0.0002,0.001,0.01 0.06,0.16,0.41,0.67,0.81 0.89,0.94,0.97,1.0), mean=0.424, stddev=0.267], oderiv-rms=[percentiles(0,1,2,5 10,20,50,80,90 95,98,99,100)=(0.007,0.008,0.008,0.008 0.008,0.009,0.01,0.01,0.01 0.01,0.01,0.01,0.02), mean=0.0107, stddev=0.00193], oderiv-count=28672
component name=tdnn11.renorm type=NormalizeComponent, input-dim=768, output-dim=768, target-rms=1, add-log-stddev=false
component name=tdnnFINAL.affine type=NaturalGradientAffineComponent, input-dim=1536, output-dim=768, learning-rate=0.000751781, max-change=0.75, linear-params-rms=0.0279, linear-params-row-norms=[percentiles(0,1,2,5 10,20,50,80,90 95,98,99,100)=(0.96,0.98,0.98,0.99 1.0,1.0,1.1,1.2,1.2 1.2,1.2,1.2,1.2), mean=1.09, stddev=0.0622], linear-params-col-norms=[percentiles(0,1,2,5 10,20,50,80,90 95,98,99,100)=(0.65,0.67,0.69,0.70 0.71,0.72,0.77,0.82,0.84 0.86,0.88,0.89,0.93), mean=0.772, stddev=0.0515], bias-{mean,stddev}=-0.06727,0.9592, rank-in=20, rank-out=80, num-samples-history=2000, update-period=4, alpha=4
component name=tdnnFINAL.relu type=RectifiedLinearComponent, dim=768, self-repair-scale=1e-05, count=1.05e+04, self-repaired-proportion=0.123614, value-avg=[percentiles(0,1,2,5 10,20,50,80,90 95,98,99,100)=(0,3e-06,9e-05,0.0009 0.009,0.06,0.35,0.78,1.1 1.3,1.6,1.8,2.3), mean=0.452, stddev=0.432], deriv-avg=[percentiles(0,1,2,5 10,20,50,80,90 95,98,99,100)=(0,0.0001,0.0007,0.005 0.03,0.13,0.39,0.61,0.71 0.79,0.87,0.91,0.99), mean=0.389, stddev=0.246], oderiv-rms=[percentiles(0,1,2,5 10,20,50,80,90 95,98,99,100)=(0.01,0.01,0.01,0.01 0.01,0.01,0.02,0.02,0.02 0.02,0.02,0.02,0.03), mean=0.0157, stddev=0.00325], oderiv-count=14080
component name=tdnnFINAL.renorm type=NormalizeComponent, input-dim=768, output-dim=768, target-rms=1, add-log-stddev=false
component name=prefinal-affine-task-0.affine type=NaturalGradientAffineComponent, input-dim=768, output-dim=768, learning-rate=0.000751781, max-change=0.75, linear-params-rms=0.0379, linear-params-row-norms=[percentiles(0,1,2,5 10,20,50,80,90 95,98,99,100)=(0.92,0.95,0.96,0.97 0.99,1.0,1.0,1.1,1.1 1.1,1.1,1.2,1.2), mean=1.05, stddev=0.05], linear-params-col-norms=[percentiles(0,1,2,5 10,20,50,80,90 95,98,99,100)=(0.94,0.96,0.97,0.98 0.99,1.0,1.1,1.1,1.1 1.1,1.1,1.2,1.2), mean=1.05, stddev=0.046], bias-{mean,stddev}=0.0009069,1.006, rank-in=20, rank-out=80, num-samples-history=2000, update-period=4, alpha=4
component name=prefinal-affine-task-0.relu type=RectifiedLinearComponent, dim=768, self-repair-scale=1e-05, count=3.84e+03, self-repaired-proportion=0.140799, value-avg=[percentiles(0,1,2,5 10,20,50,80,90 95,98,99,100)=(0,0,1e-05,0.0005 0.004,0.04,0.31,0.79,0.99 1.2,1.4,1.5,1.9), mean=0.424, stddev=0.402], deriv-avg=[percentiles(0,1,2,5 10,20,50,80,90 95,98,99,100)=(0,0,0.0003,0.003 0.02,0.10,0.40,0.67,0.76 0.82,0.87,0.88,0.93), mean=0.399, stddev=0.269], oderiv-rms=[percentiles(0,1,2,5 10,20,50,80,90 95,98,99,100)=(2e-08,2e-05,5e-05,0.0003 0.001,0.004,0.02,0.02,0.03 0.03,0.03,0.03,0.03), mean=0.016, stddev=0.00962], oderiv-count=7680
component name=prefinal-affine-task-0.renorm type=NormalizeComponent, input-dim=768, output-dim=768, target-rms=1, add-log-stddev=false
component name=output-0.affine type=NaturalGradientAffineComponent, input-dim=768, output-dim=152, learning-rate=0.000751781, max-change=1.5, linear-params-rms=0.04115, linear-params-row-norms=[percentiles(0,1,2,5 10,20,50,80,90 95,98,99,100)=(0.13,0.35,0.79,0.84 0.93,1.0,1.2,1.3,1.3 1.4,1.4,1.5,1.6), mean=1.13, stddev=0.182], linear-params-col-norms=[percentiles(0,1,2,5 10,20,50,80,90 95,98,99,100)=(6e-07,0.0002,0.001,0.007 0.03,0.10,0.50,0.69,0.73 0.78,0.82,0.85,0.95), mean=0.428, stddev=0.272], bias-{mean,stddev}=-4.825e-08,0.003228, rank-in=20, rank-out=76, num-samples-history=2000, update-period=4, alpha=4
component name=output-0.log-softmax type=LogSoftmaxComponent, dim=152, oderiv-rms=[percentiles(0,1,2,5 10,20,50,80,90 95,98,99,100)=(0,0.009,0.02,0.02 0.03,0.04,0.05,0.07,0.08 0.10,0.13,0.18,0.25), mean=0.0571, stddev=0.0308], oderiv-count=7168
component name=prefinal-affine-task-1.affine type=NaturalGradientAffineComponent, input-dim=768, output-dim=768, learning-rate=0.000751781, max-change=0.75, linear-params-rms=0.03613, linear-params-row-norms=[percentiles(0,1,2,5 10,20,50,80,90 95,98,99,100)=(0.91,0.94,0.95,0.96 0.97,0.98,1.0,1.0,1.0 1.0,1.1,1.1,1.1), mean=1, stddev=0.026], linear-params-col-norms=[percentiles(0,1,2,5 10,20,50,80,90 95,98,99,100)=(0.93,0.94,0.95,0.96 0.97,0.98,1.0,1.0,1.0 1.0,1.1,1.1,1.1), mean=1, stddev=0.0257], bias-{mean,stddev}=-0.06997,1.031, rank-in=20, rank-out=80, num-samples-history=2000, update-period=4, alpha=4
component name=prefinal-affine-task-1.relu type=RectifiedLinearComponent, dim=768, self-repair-scale=1e-05, count=5.12e+03, self-repaired-proportion=0.183712, value-avg=[percentiles(0,1,2,5 10,20,50,80,90 95,98,99,100)=(0,0,5e-06,0.0004 0.004,0.02,0.29,0.71,0.97 1.1,1.3,1.5,2.1), mean=0.393, stddev=0.39], deriv-avg=[percentiles(0,1,2,5 10,20,50,80,90 95,98,99,100)=(0,0,0.0002,0.002 0.02,0.07,0.45,0.76,0.86 0.90,0.93,0.96,0.99), mean=0.438, stddev=0.312], oderiv-rms=[percentiles(0,1,2,5 10,20,50,80,90 95,98,99,100)=(5e-09,2e-06,1e-05,6e-05 0.0002,0.0009,0.005,0.007,0.008 0.008,0.009,0.009,0.01), mean=0.0045, stddev=0.00293], oderiv-count=6656
component name=prefinal-affine-task-1.renorm type=NormalizeComponent, input-dim=768, output-dim=768, target-rms=1, add-log-stddev=false
component name=output-1.affine type=NaturalGradientAffineComponent, input-dim=768, output-dim=192, learning-rate=0.000751781, max-change=1.5, linear-params-rms=0.01977, linear-params-row-norms=[percentiles(0,1,2,5 10,20,50,80,90 95,98,99,100)=(0.07,0.07,0.07,0.07 0.07,0.07,0.07,0.82,0.88 0.92,0.98,1.0,1.0), mean=0.404, stddev=0.371], linear-params-col-norms=[percentiles(0,1,2,5 10,20,50,80,90 95,98,99,100)=(3e-07,8e-05,0.0004,0.002 0.01,0.04,0.27,0.37,0.41 0.43,0.46,0.47,0.51), mean=0.229, stddev=0.151], bias-{mean,stddev}=2.091e-08,0.002023, rank-in=20, rank-out=80, num-samples-history=2000, update-period=4, alpha=4
component name=output-1.log-softmax type=LogSoftmaxComponent, dim=192, oderiv-rms=[percentiles(0,1,2,5 10,20,50,80,90 95,98,99,100)=(0,0,0,0 0,0,0,0.02,0.02 0.03,0.05,0.05,0.07), mean=0.00808, stddev=0.012], oderiv-count=7168
nnet3-show-progress --use-gpu=no MTL/exp/nnet3/multitask/24.raw MTL/exp/nnet3/multitask/25.raw 
LOG (nnet3-show-progress[5.4.217~1-8ae5]:SelectGpuId():cu-device.cc:123) Manually selected to compute on CPU.
LOG (nnet3-show-progress[5.4.217~1-8ae5]:main():nnet3-show-progress.cc:143) Parameter differences per layer are [ tdnn1.affine:0.878232 tdnn2.affine:0.673907 tdnn3.affine:0.911086 tdnn4.affine:0.99068 tdnn5.affine:1.04863 tdnn6.affine:1.11556 tdnn7.affine:1.19535 tdnn8.affine:1.24885 tdnn9.affine:1.28107 tdnn10.affine:1.27604 tdnn11.affine:1.2507 tdnnFINAL.affine:1.28976 prefinal-affine-task-0.affine:0.818377 output-0.affine:0.779002 prefinal-affine-task-1.affine:0.267534 output-1.affine:0.291136 ]
LOG (nnet3-show-progress[5.4.217~1-8ae5]:main():nnet3-show-progress.cc:153) Norms of parameter matrices from <new-nnet-in> are [ tdnn1.affine:42.2426 tdnn2.affine:40.9081 tdnn3.affine:40.3997 tdnn4.affine:40.4076 tdnn5.affine:40.7583 tdnn6.affine:40.7776 tdnn7.affine:40.3329 tdnn8.affine:42.1686 tdnn9.affine:41.035 tdnn10.affine:41.5339 tdnn11.affine:41.3533 tdnnFINAL.affine:40.3552 prefinal-affine-task-0.affine:40.3079 output-0.affine:14.0584 prefinal-affine-task-1.affine:39.8834 output-1.affine:7.5917 ]
LOG (nnet3-show-progress[5.4.217~1-8ae5]:main():nnet3-show-progress.cc:157) Relative parameter differences per layer are [ tdnn1.affine:0.0207979 tdnn2.affine:0.0164773 tdnn3.affine:0.0225602 tdnn4.affine:0.0245268 tdnn5.affine:0.0257404 tdnn6.affine:0.0273729 tdnn7.affine:0.0296581 tdnn8.affine:0.0296369 tdnn9.affine:0.0312453 tdnn10.affine:0.0307472 tdnn11.affine:0.0302667 tdnnFINAL.affine:0.0319829 prefinal-affine-task-0.affine:0.0203096 output-0.affine:0.0559066 prefinal-affine-task-1.affine:0.00670811 output-1.affine:0.0388499 ]
# Accounting: time=3 threads=1
# Ended (code 0) at Fri Jul 27 01:31:34 UTC 2018, elapsed time 3 seconds
