# nnet3-info MTL/exp/nnet3/multitask/52.raw && nnet3-show-progress --use-gpu=no MTL/exp/nnet3/multitask/51.raw MTL/exp/nnet3/multitask/52.raw 
# Started at Sat Jul 28 03:15:51 UTC 2018
#
nnet3-info MTL/exp/nnet3/multitask/52.raw 
num-parameters: 13897312
modulus: 1
input-node name=input dim=13
component-node name=tdnn1.affine component=tdnn1.affine input=Append(Offset(input, -2), Offset(input, -1), input, Offset(input, 1), Offset(input, 2)) input-dim=65 output-dim=768
component-node name=tdnn1.relu component=tdnn1.relu input=tdnn1.affine input-dim=768 output-dim=768
component-node name=tdnn1.renorm component=tdnn1.renorm input=tdnn1.relu input-dim=768 output-dim=768
component-node name=tdnn2.affine component=tdnn2.affine input=tdnn1.renorm input-dim=768 output-dim=768
component-node name=tdnn2.relu component=tdnn2.relu input=tdnn2.affine input-dim=768 output-dim=768
component-node name=tdnn2.renorm component=tdnn2.renorm input=tdnn2.relu input-dim=768 output-dim=768
component-node name=tdnn3.affine component=tdnn3.affine input=Append(Offset(tdnn2.renorm, -1), Offset(tdnn2.renorm, 2)) input-dim=1536 output-dim=768
component-node name=tdnn3.relu component=tdnn3.relu input=tdnn3.affine input-dim=768 output-dim=768
component-node name=tdnn3.renorm component=tdnn3.renorm input=tdnn3.relu input-dim=768 output-dim=768
component-node name=tdnn4.affine component=tdnn4.affine input=Append(Offset(tdnn3.renorm, -3), Offset(tdnn3.renorm, 3)) input-dim=1536 output-dim=768
component-node name=tdnn4.relu component=tdnn4.relu input=tdnn4.affine input-dim=768 output-dim=768
component-node name=tdnn4.renorm component=tdnn4.renorm input=tdnn4.relu input-dim=768 output-dim=768
component-node name=tdnn5.affine component=tdnn5.affine input=Append(Offset(tdnn4.renorm, -3), Offset(tdnn4.renorm, 3)) input-dim=1536 output-dim=768
component-node name=tdnn5.relu component=tdnn5.relu input=tdnn5.affine input-dim=768 output-dim=768
component-node name=tdnn5.renorm component=tdnn5.renorm input=tdnn5.relu input-dim=768 output-dim=768
component-node name=tdnn6.affine component=tdnn6.affine input=Append(Offset(tdnn5.renorm, -3), Offset(tdnn5.renorm, 3)) input-dim=1536 output-dim=768
component-node name=tdnn6.relu component=tdnn6.relu input=tdnn6.affine input-dim=768 output-dim=768
component-node name=tdnn6.renorm component=tdnn6.renorm input=tdnn6.relu input-dim=768 output-dim=768
component-node name=tdnn7.affine component=tdnn7.affine input=Append(Offset(tdnn6.renorm, -3), Offset(tdnn6.renorm, 3)) input-dim=1536 output-dim=768
component-node name=tdnn7.relu component=tdnn7.relu input=tdnn7.affine input-dim=768 output-dim=768
component-node name=tdnn7.renorm component=tdnn7.renorm input=tdnn7.relu input-dim=768 output-dim=768
component-node name=tdnn8.affine component=tdnn8.affine input=Append(Offset(tdnn7.renorm, -3), Offset(tdnn7.renorm, 3)) input-dim=1536 output-dim=768
component-node name=tdnn8.relu component=tdnn8.relu input=tdnn8.affine input-dim=768 output-dim=768
component-node name=tdnn8.renorm component=tdnn8.renorm input=tdnn8.relu input-dim=768 output-dim=768
component-node name=tdnn9.affine component=tdnn9.affine input=Append(Offset(tdnn8.renorm, -3), Offset(tdnn8.renorm, 3)) input-dim=1536 output-dim=768
component-node name=tdnn9.relu component=tdnn9.relu input=tdnn9.affine input-dim=768 output-dim=768
component-node name=tdnn9.renorm component=tdnn9.renorm input=tdnn9.relu input-dim=768 output-dim=768
component-node name=tdnn10.affine component=tdnn10.affine input=Append(Offset(tdnn9.renorm, -3), Offset(tdnn9.renorm, 3)) input-dim=1536 output-dim=768
component-node name=tdnn10.relu component=tdnn10.relu input=tdnn10.affine input-dim=768 output-dim=768
component-node name=tdnn10.renorm component=tdnn10.renorm input=tdnn10.relu input-dim=768 output-dim=768
component-node name=tdnn11.affine component=tdnn11.affine input=Append(Offset(tdnn10.renorm, -3), Offset(tdnn10.renorm, 3)) input-dim=1536 output-dim=768
component-node name=tdnn11.relu component=tdnn11.relu input=tdnn11.affine input-dim=768 output-dim=768
component-node name=tdnn11.renorm component=tdnn11.renorm input=tdnn11.relu input-dim=768 output-dim=768
component-node name=tdnnFINAL.affine component=tdnnFINAL.affine input=Append(Offset(tdnn11.renorm, -3), Offset(tdnn11.renorm, 3)) input-dim=1536 output-dim=768
component-node name=tdnnFINAL.relu component=tdnnFINAL.relu input=tdnnFINAL.affine input-dim=768 output-dim=768
component-node name=tdnnFINAL.renorm component=tdnnFINAL.renorm input=tdnnFINAL.relu input-dim=768 output-dim=768
component-node name=prefinal-affine-task-0.affine component=prefinal-affine-task-0.affine input=tdnnFINAL.renorm input-dim=768 output-dim=768
component-node name=prefinal-affine-task-0.relu component=prefinal-affine-task-0.relu input=prefinal-affine-task-0.affine input-dim=768 output-dim=768
component-node name=prefinal-affine-task-0.renorm component=prefinal-affine-task-0.renorm input=prefinal-affine-task-0.relu input-dim=768 output-dim=768
component-node name=output-0.affine component=output-0.affine input=prefinal-affine-task-0.renorm input-dim=768 output-dim=168
component-node name=output-0.log-softmax component=output-0.log-softmax input=output-0.affine input-dim=168 output-dim=168
output-node name=output-0 input=output-0.log-softmax dim=168 objective=linear
component-node name=prefinal-affine-task-1.affine component=prefinal-affine-task-1.affine input=tdnnFINAL.renorm input-dim=768 output-dim=768
component-node name=prefinal-affine-task-1.relu component=prefinal-affine-task-1.relu input=prefinal-affine-task-1.affine input-dim=768 output-dim=768
component-node name=prefinal-affine-task-1.renorm component=prefinal-affine-task-1.renorm input=prefinal-affine-task-1.relu input-dim=768 output-dim=768
component-node name=output-1.affine component=output-1.affine input=prefinal-affine-task-1.renorm input-dim=768 output-dim=184
component-node name=output-1.log-softmax component=output-1.log-softmax input=output-1.affine input-dim=184 output-dim=184
output-node name=output-1 input=output-1.log-softmax dim=184 objective=linear
component name=tdnn1.affine type=NaturalGradientAffineComponent, input-dim=65, output-dim=768, learning-rate=0.000720015, max-change=0.75, linear-params-rms=0.1464, linear-params-row-norms=[percentiles(0,1,2,5 10,20,50,80,90 95,98,99,100)=(0.75,0.83,0.87,0.91 0.95,1.0,1.1,1.3,1.4 1.5,1.6,1.7,1.9), mean=1.17, stddev=0.179], linear-params-col-norms=[percentiles(0,1,2,5 10,20,50,80,90 95,98,99,100)=(3.6,3.6,3.7,3.7 3.8,3.9,4.0,4.2,4.3 4.4,4.5,4.6,4.7), mean=4.05, stddev=0.22], bias-{mean,stddev}=0.02859,1.034, rank-in=20, rank-out=80, num-samples-history=2000, update-period=4, alpha=4
component name=tdnn1.relu type=RectifiedLinearComponent, dim=768, self-repair-scale=1e-05, count=1.74e+05, self-repaired-proportion=0.00693044, value-avg=[percentiles(0,1,2,5 10,20,50,80,90 95,98,99,100)=(0.01,0.02,0.02,0.03 0.04,0.07,0.29,1.4,1.9 2.3,3.0,3.2,5.9), mean=0.703, stddev=0.82], deriv-avg=[percentiles(0,1,2,5 10,20,50,80,90 95,98,99,100)=(0.05,0.05,0.06,0.07 0.09,0.13,0.40,0.86,0.91 0.93,0.94,0.95,0.95), mean=0.473, stddev=0.324], oderiv-rms=[percentiles(0,1,2,5 10,20,50,80,90 95,98,99,100)=(0.0006,0.0007,0.0007,0.0007 0.0008,0.0008,0.001,0.001,0.002 0.002,0.002,0.002,0.003), mean=0.00112, stddev=0.000344], oderiv-count=276480
component name=tdnn1.renorm type=NormalizeComponent, input-dim=768, output-dim=768, target-rms=1, add-log-stddev=false
component name=tdnn2.affine type=NaturalGradientAffineComponent, input-dim=768, output-dim=768, learning-rate=0.000720015, max-change=0.75, linear-params-rms=0.038, linear-params-row-norms=[percentiles(0,1,2,5 10,20,50,80,90 95,98,99,100)=(0.94,0.96,0.97,0.99 1.0,1.0,1.0,1.1,1.1 1.1,1.1,1.2,1.2), mean=1.05, stddev=0.0422], linear-params-col-norms=[percentiles(0,1,2,5 10,20,50,80,90 95,98,99,100)=(0.92,0.96,0.97,0.98 0.99,1.0,1.0,1.1,1.1 1.1,1.2,1.2,1.3), mean=1.05, stddev=0.052], bias-{mean,stddev}=0.01179,1.051, rank-in=20, rank-out=80, num-samples-history=2000, update-period=4, alpha=4
component name=tdnn2.relu type=RectifiedLinearComponent, dim=768, self-repair-scale=1e-05, count=1.64e+05, self-repaired-proportion=0.00184812, value-avg=[percentiles(0,1,2,5 10,20,50,80,90 95,98,99,100)=(0.008,0.02,0.02,0.04 0.06,0.10,0.33,0.94,1.3 1.6,1.8,2.1,2.7), mean=0.52, stddev=0.516], deriv-avg=[percentiles(0,1,2,5 10,20,50,80,90 95,98,99,100)=(0.05,0.07,0.08,0.11 0.15,0.22,0.42,0.73,0.83 0.89,0.92,0.94,0.95), mean=0.463, stddev=0.25], oderiv-rms=[percentiles(0,1,2,5 10,20,50,80,90 95,98,99,100)=(0.001,0.001,0.001,0.001 0.001,0.001,0.001,0.002,0.002 0.002,0.002,0.003,0.003), mean=0.00148, stddev=0.000358], oderiv-count=240640
component name=tdnn2.renorm type=NormalizeComponent, input-dim=768, output-dim=768, target-rms=1, add-log-stddev=false
component name=tdnn3.affine type=NaturalGradientAffineComponent, input-dim=1536, output-dim=768, learning-rate=0.000720015, max-change=0.75, linear-params-rms=0.02751, linear-params-row-norms=[percentiles(0,1,2,5 10,20,50,80,90 95,98,99,100)=(0.98,0.99,1.0,1.0 1.0,1.0,1.1,1.1,1.1 1.1,1.2,1.2,1.2), mean=1.08, stddev=0.044], linear-params-col-norms=[percentiles(0,1,2,5 10,20,50,80,90 95,98,99,100)=(0.66,0.68,0.69,0.70 0.71,0.72,0.75,0.80,0.82 0.84,0.87,0.88,0.91), mean=0.761, stddev=0.0448], bias-{mean,stddev}=0.01777,1.008, rank-in=20, rank-out=80, num-samples-history=2000, update-period=4, alpha=4
component name=tdnn3.relu type=RectifiedLinearComponent, dim=768, self-repair-scale=1e-05, count=7.42e+04, self-repaired-proportion=0.00118371, value-avg=[percentiles(0,1,2,5 10,20,50,80,90 95,98,99,100)=(0.02,0.03,0.04,0.05 0.08,0.14,0.41,0.98,1.3 1.6,1.9,2.2,3.1), mean=0.573, stddev=0.512], deriv-avg=[percentiles(0,1,2,5 10,20,50,80,90 95,98,99,100)=(0.07,0.09,0.10,0.12 0.16,0.23,0.42,0.64,0.75 0.82,0.87,0.89,0.95), mean=0.442, stddev=0.217], oderiv-rms=[percentiles(0,1,2,5 10,20,50,80,90 95,98,99,100)=(0.001,0.001,0.001,0.001 0.001,0.001,0.002,0.002,0.003 0.003,0.003,0.003,0.004), mean=0.00194, stddev=0.000502], oderiv-count=135680
component name=tdnn3.renorm type=NormalizeComponent, input-dim=768, output-dim=768, target-rms=1, add-log-stddev=false
component name=tdnn4.affine type=NaturalGradientAffineComponent, input-dim=1536, output-dim=768, learning-rate=0.000720015, max-change=0.75, linear-params-rms=0.02763, linear-params-row-norms=[percentiles(0,1,2,5 10,20,50,80,90 95,98,99,100)=(0.96,0.99,0.99,1.0 1.0,1.0,1.1,1.1,1.1 1.2,1.2,1.2,1.2), mean=1.08, stddev=0.0486], linear-params-col-norms=[percentiles(0,1,2,5 10,20,50,80,90 95,98,99,100)=(0.64,0.68,0.69,0.70 0.71,0.72,0.76,0.80,0.83 0.85,0.87,0.88,0.94), mean=0.764, stddev=0.0461], bias-{mean,stddev}=0.007474,1.004, rank-in=20, rank-out=80, num-samples-history=2000, update-period=4, alpha=4
component name=tdnn4.relu type=RectifiedLinearComponent, dim=768, self-repair-scale=1e-05, count=7.37e+04, self-repaired-proportion=0.000108507, value-avg=[percentiles(0,1,2,5 10,20,50,80,90 95,98,99,100)=(0.01,0.03,0.03,0.05 0.07,0.13,0.42,0.87,1.3 1.5,1.9,2.1,2.4), mean=0.552, stddev=0.488], deriv-avg=[percentiles(0,1,2,5 10,20,50,80,90 95,98,99,100)=(0.05,0.07,0.08,0.12 0.14,0.22,0.42,0.63,0.73 0.81,0.86,0.90,0.92), mean=0.43, stddev=0.215], oderiv-rms=[percentiles(0,1,2,5 10,20,50,80,90 95,98,99,100)=(0.001,0.001,0.002,0.002 0.002,0.002,0.002,0.003,0.003 0.003,0.003,0.004,0.005), mean=0.00219, stddev=0.00053], oderiv-count=103680
component name=tdnn4.renorm type=NormalizeComponent, input-dim=768, output-dim=768, target-rms=1, add-log-stddev=false
component name=tdnn5.affine type=NaturalGradientAffineComponent, input-dim=1536, output-dim=768, learning-rate=0.000720015, max-change=0.75, linear-params-rms=0.02782, linear-params-row-norms=[percentiles(0,1,2,5 10,20,50,80,90 95,98,99,100)=(0.98,1.0,1.0,1.0 1.0,1.0,1.1,1.1,1.2 1.2,1.2,1.2,1.2), mean=1.09, stddev=0.0489], linear-params-col-norms=[percentiles(0,1,2,5 10,20,50,80,90 95,98,99,100)=(0.65,0.69,0.70,0.70 0.71,0.73,0.76,0.81,0.83 0.85,0.88,0.89,0.98), mean=0.769, stddev=0.0474], bias-{mean,stddev}=0.02204,1.014, rank-in=20, rank-out=80, num-samples-history=2000, update-period=4, alpha=4
component name=tdnn5.relu type=RectifiedLinearComponent, dim=768, self-repair-scale=1e-05, count=6.55e+04, self-repaired-proportion=0, value-avg=[percentiles(0,1,2,5 10,20,50,80,90 95,98,99,100)=(0.02,0.03,0.04,0.06 0.09,0.17,0.42,0.95,1.2 1.5,1.8,2.0,2.6), mean=0.563, stddev=0.469], deriv-avg=[percentiles(0,1,2,5 10,20,50,80,90 95,98,99,100)=(0.05,0.08,0.10,0.12 0.17,0.24,0.43,0.65,0.74 0.80,0.85,0.89,0.94), mean=0.446, stddev=0.208], oderiv-rms=[percentiles(0,1,2,5 10,20,50,80,90 95,98,99,100)=(0.002,0.002,0.002,0.002 0.002,0.002,0.002,0.003,0.003 0.003,0.004,0.004,0.004), mean=0.00245, stddev=0.000506], oderiv-count=104448
component name=tdnn5.renorm type=NormalizeComponent, input-dim=768, output-dim=768, target-rms=1, add-log-stddev=false
component name=tdnn6.affine type=NaturalGradientAffineComponent, input-dim=1536, output-dim=768, learning-rate=0.000720015, max-change=0.75, linear-params-rms=0.02805, linear-params-row-norms=[percentiles(0,1,2,5 10,20,50,80,90 95,98,99,100)=(0.98,1.0,1.0,1.0 1.0,1.1,1.1,1.1,1.2 1.2,1.2,1.2,1.2), mean=1.1, stddev=0.0477], linear-params-col-norms=[percentiles(0,1,2,5 10,20,50,80,90 95,98,99,100)=(0.66,0.69,0.69,0.71 0.72,0.73,0.77,0.82,0.84 0.86,0.87,0.88,0.92), mean=0.776, stddev=0.0464], bias-{mean,stddev}=0.0458,1.007, rank-in=20, rank-out=80, num-samples-history=2000, update-period=4, alpha=4
component name=tdnn6.relu type=RectifiedLinearComponent, dim=768, self-repair-scale=1e-05, count=5.91e+04, self-repaired-proportion=0.00126263, value-avg=[percentiles(0,1,2,5 10,20,50,80,90 95,98,99,100)=(0.02,0.03,0.05,0.07 0.11,0.18,0.41,0.88,1.2 1.5,1.9,2.1,2.7), mean=0.552, stddev=0.463], deriv-avg=[percentiles(0,1,2,5 10,20,50,80,90 95,98,99,100)=(0.05,0.08,0.10,0.15 0.19,0.26,0.42,0.63,0.74 0.80,0.85,0.89,0.92), mean=0.444, stddev=0.201], oderiv-rms=[percentiles(0,1,2,5 10,20,50,80,90 95,98,99,100)=(0.002,0.002,0.002,0.002 0.002,0.002,0.003,0.003,0.003 0.004,0.004,0.004,0.005), mean=0.00277, stddev=0.000511], oderiv-count=87808
component name=tdnn6.renorm type=NormalizeComponent, input-dim=768, output-dim=768, target-rms=1, add-log-stddev=false
component name=tdnn7.affine type=NaturalGradientAffineComponent, input-dim=1536, output-dim=768, learning-rate=0.000720015, max-change=0.75, linear-params-rms=0.02828, linear-params-row-norms=[percentiles(0,1,2,5 10,20,50,80,90 95,98,99,100)=(0.98,1.0,1.0,1.0 1.0,1.1,1.1,1.2,1.2 1.2,1.2,1.2,1.3), mean=1.11, stddev=0.0501], linear-params-col-norms=[percentiles(0,1,2,5 10,20,50,80,90 95,98,99,100)=(0.63,0.69,0.70,0.71 0.72,0.74,0.78,0.82,0.84 0.86,0.88,0.89,0.97), mean=0.782, stddev=0.047], bias-{mean,stddev}=0.01654,0.9737, rank-in=20, rank-out=80, num-samples-history=2000, update-period=4, alpha=4
component name=tdnn7.relu type=RectifiedLinearComponent, dim=768, self-repair-scale=1e-05, count=5.68e+04, self-repaired-proportion=0.00275735, value-avg=[percentiles(0,1,2,5 10,20,50,80,90 95,98,99,100)=(0.0003,0.04,0.06,0.09 0.12,0.18,0.41,0.87,1.2 1.5,1.9,2.1,3.8), mean=0.552, stddev=0.466], deriv-avg=[percentiles(0,1,2,5 10,20,50,80,90 95,98,99,100)=(0.001,0.08,0.11,0.17 0.20,0.26,0.42,0.62,0.74 0.80,0.86,0.90,1.0), mean=0.447, stddev=0.196], oderiv-rms=[percentiles(0,1,2,5 10,20,50,80,90 95,98,99,100)=(0.002,0.002,0.002,0.002 0.002,0.003,0.003,0.004,0.004 0.004,0.004,0.004,0.005), mean=0.00315, stddev=0.000539], oderiv-count=78336
component name=tdnn7.renorm type=NormalizeComponent, input-dim=768, output-dim=768, target-rms=1, add-log-stddev=false
component name=tdnn8.affine type=NaturalGradientAffineComponent, input-dim=1536, output-dim=768, learning-rate=0.000720015, max-change=0.75, linear-params-rms=0.02846, linear-params-row-norms=[percentiles(0,1,2,5 10,20,50,80,90 95,98,99,100)=(0.96,1.0,1.0,1.0 1.0,1.1,1.1,1.2,1.2 1.2,1.2,1.2,1.2), mean=1.11, stddev=0.0585], linear-params-col-norms=[percentiles(0,1,2,5 10,20,50,80,90 95,98,99,100)=(0.67,0.70,0.70,0.72 0.73,0.74,0.78,0.83,0.85 0.87,0.89,0.89,0.94), mean=0.787, stddev=0.0479], bias-{mean,stddev}=-0.05804,1.063, rank-in=20, rank-out=80, num-samples-history=2000, update-period=4, alpha=4
component name=tdnn8.relu type=RectifiedLinearComponent, dim=768, self-repair-scale=1e-05, count=5.89e+04, self-repaired-proportion=0.00524089, value-avg=[percentiles(0,1,2,5 10,20,50,80,90 95,98,99,100)=(0.0002,0.02,0.03,0.05 0.08,0.15,0.38,0.89,1.2 1.6,2.0,2.2,2.8), mean=0.55, stddev=0.506], deriv-avg=[percentiles(0,1,2,5 10,20,50,80,90 95,98,99,100)=(0.001,0.06,0.07,0.11 0.15,0.23,0.41,0.63,0.74 0.83,0.89,0.92,0.97), mean=0.432, stddev=0.22], oderiv-rms=[percentiles(0,1,2,5 10,20,50,80,90 95,98,99,100)=(0.002,0.003,0.003,0.003 0.003,0.003,0.004,0.004,0.005 0.005,0.005,0.005,0.006), mean=0.00364, stddev=0.000664], oderiv-count=53760
component name=tdnn8.renorm type=NormalizeComponent, input-dim=768, output-dim=768, target-rms=1, add-log-stddev=false
component name=tdnn9.affine type=NaturalGradientAffineComponent, input-dim=1536, output-dim=768, learning-rate=0.000720015, max-change=0.75, linear-params-rms=0.02867, linear-params-row-norms=[percentiles(0,1,2,5 10,20,50,80,90 95,98,99,100)=(0.96,0.99,1.0,1.0 1.0,1.1,1.1,1.2,1.2 1.2,1.2,1.2,1.3), mean=1.12, stddev=0.0629], linear-params-col-norms=[percentiles(0,1,2,5 10,20,50,80,90 95,98,99,100)=(0.66,0.69,0.70,0.71 0.72,0.74,0.79,0.84,0.87 0.88,0.90,0.92,0.97), mean=0.793, stddev=0.0555], bias-{mean,stddev}=-0.05934,0.998, rank-in=20, rank-out=80, num-samples-history=2000, update-period=4, alpha=4
component name=tdnn9.relu type=RectifiedLinearComponent, dim=768, self-repair-scale=1e-05, count=3.17e+04, self-repaired-proportion=0.0196102, value-avg=[percentiles(0,1,2,5 10,20,50,80,90 95,98,99,100)=(0,0.002,0.02,0.05 0.08,0.15,0.41,0.84,1.2 1.5,1.8,1.9,2.5), mean=0.53, stddev=0.453], deriv-avg=[percentiles(0,1,2,5 10,20,50,80,90 95,98,99,100)=(0,0.01,0.06,0.11 0.15,0.24,0.43,0.62,0.74 0.81,0.86,0.90,0.98), mean=0.434, stddev=0.213], oderiv-rms=[percentiles(0,1,2,5 10,20,50,80,90 95,98,99,100)=(0.003,0.003,0.003,0.003 0.003,0.003,0.004,0.005,0.005 0.005,0.006,0.006,0.007), mean=0.00418, stddev=0.000773], oderiv-count=56320
component name=tdnn9.renorm type=NormalizeComponent, input-dim=768, output-dim=768, target-rms=1, add-log-stddev=false
component name=tdnn10.affine type=NaturalGradientAffineComponent, input-dim=1536, output-dim=768, learning-rate=0.000720015, max-change=0.75, linear-params-rms=0.02864, linear-params-row-norms=[percentiles(0,1,2,5 10,20,50,80,90 95,98,99,100)=(0.97,0.99,1.0,1.0 1.0,1.1,1.1,1.2,1.2 1.2,1.2,1.2,1.3), mean=1.12, stddev=0.0638], linear-params-col-norms=[percentiles(0,1,2,5 10,20,50,80,90 95,98,99,100)=(0.67,0.69,0.70,0.71 0.72,0.74,0.79,0.84,0.86 0.88,0.89,0.91,0.94), mean=0.792, stddev=0.0536], bias-{mean,stddev}=0.02918,1.027, rank-in=20, rank-out=80, num-samples-history=2000, update-period=4, alpha=4
component name=tdnn10.relu type=RectifiedLinearComponent, dim=768, self-repair-scale=1e-05, count=2.76e+04, self-repaired-proportion=0.025744, value-avg=[percentiles(0,1,2,5 10,20,50,80,90 95,98,99,100)=(5e-06,0.002,0.01,0.04 0.07,0.15,0.41,0.88,1.2 1.5,1.9,2.2,2.7), mean=0.548, stddev=0.492], deriv-avg=[percentiles(0,1,2,5 10,20,50,80,90 95,98,99,100)=(7e-05,0.01,0.04,0.09 0.13,0.23,0.43,0.64,0.76 0.83,0.90,0.93,0.99), mean=0.439, stddev=0.226], oderiv-rms=[percentiles(0,1,2,5 10,20,50,80,90 95,98,99,100)=(0.003,0.003,0.003,0.003 0.003,0.004,0.005,0.005,0.006 0.006,0.006,0.007,0.007), mean=0.00461, stddev=0.000869], oderiv-count=39168
component name=tdnn10.renorm type=NormalizeComponent, input-dim=768, output-dim=768, target-rms=1, add-log-stddev=false
component name=tdnn11.affine type=NaturalGradientAffineComponent, input-dim=1536, output-dim=768, learning-rate=0.000720015, max-change=0.75, linear-params-rms=0.02872, linear-params-row-norms=[percentiles(0,1,2,5 10,20,50,80,90 95,98,99,100)=(0.97,0.97,0.98,1.0 1.0,1.0,1.1,1.2,1.2 1.2,1.2,1.3,1.3), mean=1.12, stddev=0.0747], linear-params-col-norms=[percentiles(0,1,2,5 10,20,50,80,90 95,98,99,100)=(0.66,0.69,0.70,0.71 0.72,0.74,0.80,0.84,0.86 0.88,0.90,0.91,0.96), mean=0.794, stddev=0.0546], bias-{mean,stddev}=0.03176,1.019, rank-in=20, rank-out=80, num-samples-history=2000, update-period=4, alpha=4
component name=tdnn11.relu type=RectifiedLinearComponent, dim=768, self-repair-scale=1e-05, count=1.84e+04, self-repaired-proportion=0.0731608, value-avg=[percentiles(0,1,2,5 10,20,50,80,90 95,98,99,100)=(0,8e-05,0.0006,0.01 0.04,0.09,0.39,0.92,1.3 1.7,2.0,2.5,3.4), mean=0.555, stddev=0.55], deriv-avg=[percentiles(0,1,2,5 10,20,50,80,90 95,98,99,100)=(0,0.0007,0.003,0.04 0.09,0.18,0.42,0.66,0.78 0.87,0.93,0.95,1.0), mean=0.428, stddev=0.252], oderiv-rms=[percentiles(0,1,2,5 10,20,50,80,90 95,98,99,100)=(0.004,0.004,0.004,0.004 0.004,0.005,0.006,0.007,0.008 0.008,0.008,0.009,0.01), mean=0.006, stddev=0.00124], oderiv-count=25088
component name=tdnn11.renorm type=NormalizeComponent, input-dim=768, output-dim=768, target-rms=1, add-log-stddev=false
component name=tdnnFINAL.affine type=NaturalGradientAffineComponent, input-dim=1536, output-dim=768, learning-rate=0.000720015, max-change=0.75, linear-params-rms=0.029, linear-params-row-norms=[percentiles(0,1,2,5 10,20,50,80,90 95,98,99,100)=(0.96,0.97,0.98,1.0 1.0,1.0,1.1,1.2,1.2 1.3,1.3,1.3,1.3), mean=1.13, stddev=0.086], linear-params-col-norms=[percentiles(0,1,2,5 10,20,50,80,90 95,98,99,100)=(0.64,0.68,0.69,0.70 0.71,0.73,0.80,0.87,0.89 0.91,0.93,0.94,0.99), mean=0.801, stddev=0.0672], bias-{mean,stddev}=-0.06729,0.9591, rank-in=20, rank-out=80, num-samples-history=2000, update-period=4, alpha=4
component name=tdnnFINAL.relu type=RectifiedLinearComponent, dim=768, self-repair-scale=1e-05, count=8.19e+03, self-repaired-proportion=0.0980283, value-avg=[percentiles(0,1,2,5 10,20,50,80,90 95,98,99,100)=(0,0,9e-05,0.002 0.02,0.09,0.34,0.78,1.0 1.3,1.7,1.9,2.7), mean=0.462, stddev=0.446], deriv-avg=[percentiles(0,1,2,5 10,20,50,80,90 95,98,99,100)=(0,0,0.0006,0.008 0.05,0.15,0.37,0.60,0.68 0.76,0.85,0.91,0.98), mean=0.38, stddev=0.232], oderiv-rms=[percentiles(0,1,2,5 10,20,50,80,90 95,98,99,100)=(0.005,0.006,0.006,0.006 0.006,0.007,0.009,0.01,0.01 0.01,0.01,0.01,0.02), mean=0.00875, stddev=0.00191], oderiv-count=13568
component name=tdnnFINAL.renorm type=NormalizeComponent, input-dim=768, output-dim=768, target-rms=1, add-log-stddev=false
component name=prefinal-affine-task-0.affine type=NaturalGradientAffineComponent, input-dim=768, output-dim=768, learning-rate=0.000720015, max-change=0.75, linear-params-rms=0.03883, linear-params-row-norms=[percentiles(0,1,2,5 10,20,50,80,90 95,98,99,100)=(0.92,0.96,0.96,0.97 0.99,1.0,1.1,1.1,1.2 1.2,1.2,1.2,1.3), mean=1.07, stddev=0.0696], linear-params-col-norms=[percentiles(0,1,2,5 10,20,50,80,90 95,98,99,100)=(0.95,0.96,0.97,0.98 0.99,1.0,1.1,1.1,1.2 1.2,1.2,1.2,1.3), mean=1.07, stddev=0.0616], bias-{mean,stddev}=0.0007969,1.006, rank-in=20, rank-out=80, num-samples-history=2000, update-period=4, alpha=4
component name=prefinal-affine-task-0.relu type=RectifiedLinearComponent, dim=768, self-repair-scale=1e-05, count=4.1e+03, self-repaired-proportion=0.129036, value-avg=[percentiles(0,1,2,5 10,20,50,80,90 95,98,99,100)=(0,0,8e-05,0.0009 0.007,0.05,0.35,0.75,0.94 1.1,1.2,1.3,1.7), mean=0.421, stddev=0.369], deriv-avg=[percentiles(0,1,2,5 10,20,50,80,90 95,98,99,100)=(0,0,0.0007,0.004 0.02,0.12,0.40,0.64,0.73 0.78,0.81,0.83,0.90), mean=0.392, stddev=0.251], oderiv-rms=[percentiles(0,1,2,5 10,20,50,80,90 95,98,99,100)=(1e-08,5e-06,3e-05,0.0001 0.0006,0.002,0.009,0.01,0.01 0.01,0.01,0.02,0.02), mean=0.00772, stddev=0.00463], oderiv-count=6912
component name=prefinal-affine-task-0.renorm type=NormalizeComponent, input-dim=768, output-dim=768, target-rms=1, add-log-stddev=false
component name=output-0.affine type=NaturalGradientAffineComponent, input-dim=768, output-dim=168, learning-rate=0.000720015, max-change=1.5, linear-params-rms=0.0486, linear-params-row-norms=[percentiles(0,1,2,5 10,20,50,80,90 95,98,99,100)=(0.14,0.14,0.88,1.0 1.1,1.2,1.3,1.5,1.6 1.6,1.7,1.7,1.9), mean=1.33, stddev=0.228], linear-params-col-norms=[percentiles(0,1,2,5 10,20,50,80,90 95,98,99,100)=(7e-07,0.0004,0.002,0.008 0.03,0.14,0.63,0.85,0.91 0.98,1.0,1.1,1.2), mean=0.532, stddev=0.337], bias-{mean,stddev}=2.164e-07,0.003918, rank-in=20, rank-out=80, num-samples-history=2000, update-period=4, alpha=4
component name=output-0.log-softmax type=LogSoftmaxComponent, dim=168, oderiv-rms=[percentiles(0,1,2,5 10,20,50,80,90 95,98,99,100)=(0,0,0.01,0.03 0.03,0.03,0.05,0.07,0.08 0.10,0.13,0.15,0.27), mean=0.0535, stddev=0.0307], oderiv-count=7168
component name=prefinal-affine-task-1.affine type=NaturalGradientAffineComponent, input-dim=768, output-dim=768, learning-rate=0.000720015, max-change=0.75, linear-params-rms=0.03656, linear-params-row-norms=[percentiles(0,1,2,5 10,20,50,80,90 95,98,99,100)=(0.91,0.95,0.95,0.96 0.98,0.99,1.0,1.0,1.1 1.1,1.1,1.1,1.2), mean=1.01, stddev=0.0305], linear-params-col-norms=[percentiles(0,1,2,5 10,20,50,80,90 95,98,99,100)=(0.94,0.95,0.96,0.97 0.98,0.99,1.0,1.0,1.1 1.1,1.1,1.1,1.1), mean=1.01, stddev=0.0287], bias-{mean,stddev}=-0.07016,1.031, rank-in=20, rank-out=80, num-samples-history=2000, update-period=4, alpha=4
component name=prefinal-affine-task-1.relu type=RectifiedLinearComponent, dim=768, self-repair-scale=1e-05, count=4.61e+03, self-repaired-proportion=0.164752, value-avg=[percentiles(0,1,2,5 10,20,50,80,90 95,98,99,100)=(0,0,2e-05,0.0005 0.007,0.02,0.28,0.63,0.81 0.94,1.1,1.2,1.5), mean=0.346, stddev=0.32], deriv-avg=[percentiles(0,1,2,5 10,20,50,80,90 95,98,99,100)=(0,0,0.0002,0.003 0.03,0.08,0.44,0.71,0.80 0.86,0.90,0.93,0.98), mean=0.418, stddev=0.289], oderiv-rms=[percentiles(0,1,2,5 10,20,50,80,90 95,98,99,100)=(3e-09,1e-08,2e-05,0.0001 0.0004,0.001,0.005,0.007,0.008 0.008,0.009,0.01,0.01), mean=0.0047, stddev=0.00293], oderiv-count=6656
component name=prefinal-affine-task-1.renorm type=NormalizeComponent, input-dim=768, output-dim=768, target-rms=1, add-log-stddev=false
component name=output-1.affine type=NaturalGradientAffineComponent, input-dim=768, output-dim=184, learning-rate=0.000720015, max-change=1.5, linear-params-rms=0.02624, linear-params-row-norms=[percentiles(0,1,2,5 10,20,50,80,90 95,98,99,100)=(0.07,0.07,0.07,0.07 0.07,0.07,0.07,1.1,1.3 1.3,1.4,1.4,1.5), mean=0.504, stddev=0.524], linear-params-col-norms=[percentiles(0,1,2,5 10,20,50,80,90 95,98,99,100)=(2e-07,5e-07,0.0007,0.005 0.02,0.06,0.34,0.48,0.52 0.55,0.58,0.60,0.68), mean=0.301, stddev=0.19], bias-{mean,stddev}=-5.399e-07,0.00217, rank-in=20, rank-out=80, num-samples-history=2000, update-period=4, alpha=4
component name=output-1.log-softmax type=LogSoftmaxComponent, dim=184, oderiv-rms=[percentiles(0,1,2,5 10,20,50,80,90 95,98,99,100)=(0,0,0,0 0,0,0,0.02,0.03 0.03,0.04,0.05,0.06), mean=0.00805, stddev=0.0124], oderiv-count=6144
nnet3-show-progress --use-gpu=no MTL/exp/nnet3/multitask/51.raw MTL/exp/nnet3/multitask/52.raw 
LOG (nnet3-show-progress[5.4.224~1-d4d9]:SelectGpuId():cu-device.cc:123) Manually selected to compute on CPU.
LOG (nnet3-show-progress[5.4.224~1-d4d9]:main():nnet3-show-progress.cc:143) Parameter differences per layer are [ tdnn1.affine:0.508777 tdnn2.affine:0.348766 tdnn3.affine:0.475362 tdnn4.affine:0.504376 tdnn5.affine:0.531092 tdnn6.affine:0.561333 tdnn7.affine:0.59146 tdnn8.affine:0.614408 tdnn9.affine:0.644012 tdnn10.affine:0.640914 tdnn11.affine:0.647968 tdnnFINAL.affine:0.667306 prefinal-affine-task-0.affine:0.384439 output-0.affine:0.342084 prefinal-affine-task-1.affine:0.236567 output-1.affine:0.170185 ]
LOG (nnet3-show-progress[5.4.224~1-d4d9]:main():nnet3-show-progress.cc:153) Norms of parameter matrices from <new-nnet-in> are [ tdnn1.affine:43.479 tdnn2.affine:41.2347 tdnn3.affine:40.9119 tdnn4.affine:40.921 tdnn5.affine:41.2748 tdnn6.affine:41.3365 tdnn7.affine:40.8845 tdnn8.affine:42.7297 tdnn9.affine:41.6801 tdnn10.affine:42.1758 tdnn11.affine:42.0857 tdnnFINAL.affine:41.2565 prefinal-affine-task-0.affine:40.8209 output-0.affine:17.4573 prefinal-affine-task-1.affine:40.1106 output-1.affine:9.86249 ]
LOG (nnet3-show-progress[5.4.224~1-d4d9]:main():nnet3-show-progress.cc:157) Relative parameter differences per layer are [ tdnn1.affine:0.0117049 tdnn2.affine:0.00845909 tdnn3.affine:0.0116211 tdnn4.affine:0.0123274 tdnn5.affine:0.0128696 tdnn6.affine:0.0135824 tdnn7.affine:0.0144699 tdnn8.affine:0.0143824 tdnn9.affine:0.0154557 tdnn10.affine:0.0152003 tdnn11.affine:0.0154005 tdnnFINAL.affine:0.016179 prefinal-affine-task-0.affine:0.00941827 output-0.affine:0.0196483 prefinal-affine-task-1.affine:0.00589819 output-1.affine:0.0173502 ]
# Accounting: time=0 threads=1
# Ended (code 0) at Sat Jul 28 03:15:51 UTC 2018, elapsed time 0 seconds
