# nnet3-info MTL/exp/nnet3/multitask/58.raw && nnet3-show-progress --use-gpu=no MTL/exp/nnet3/multitask/57.raw MTL/exp/nnet3/multitask/58.raw 
# Started at Sat Jul 28 03:16:54 UTC 2018
#
nnet3-info MTL/exp/nnet3/multitask/58.raw 
num-parameters: 13897312
modulus: 1
input-node name=input dim=13
component-node name=tdnn1.affine component=tdnn1.affine input=Append(Offset(input, -2), Offset(input, -1), input, Offset(input, 1), Offset(input, 2)) input-dim=65 output-dim=768
component-node name=tdnn1.relu component=tdnn1.relu input=tdnn1.affine input-dim=768 output-dim=768
component-node name=tdnn1.renorm component=tdnn1.renorm input=tdnn1.relu input-dim=768 output-dim=768
component-node name=tdnn2.affine component=tdnn2.affine input=tdnn1.renorm input-dim=768 output-dim=768
component-node name=tdnn2.relu component=tdnn2.relu input=tdnn2.affine input-dim=768 output-dim=768
component-node name=tdnn2.renorm component=tdnn2.renorm input=tdnn2.relu input-dim=768 output-dim=768
component-node name=tdnn3.affine component=tdnn3.affine input=Append(Offset(tdnn2.renorm, -1), Offset(tdnn2.renorm, 2)) input-dim=1536 output-dim=768
component-node name=tdnn3.relu component=tdnn3.relu input=tdnn3.affine input-dim=768 output-dim=768
component-node name=tdnn3.renorm component=tdnn3.renorm input=tdnn3.relu input-dim=768 output-dim=768
component-node name=tdnn4.affine component=tdnn4.affine input=Append(Offset(tdnn3.renorm, -3), Offset(tdnn3.renorm, 3)) input-dim=1536 output-dim=768
component-node name=tdnn4.relu component=tdnn4.relu input=tdnn4.affine input-dim=768 output-dim=768
component-node name=tdnn4.renorm component=tdnn4.renorm input=tdnn4.relu input-dim=768 output-dim=768
component-node name=tdnn5.affine component=tdnn5.affine input=Append(Offset(tdnn4.renorm, -3), Offset(tdnn4.renorm, 3)) input-dim=1536 output-dim=768
component-node name=tdnn5.relu component=tdnn5.relu input=tdnn5.affine input-dim=768 output-dim=768
component-node name=tdnn5.renorm component=tdnn5.renorm input=tdnn5.relu input-dim=768 output-dim=768
component-node name=tdnn6.affine component=tdnn6.affine input=Append(Offset(tdnn5.renorm, -3), Offset(tdnn5.renorm, 3)) input-dim=1536 output-dim=768
component-node name=tdnn6.relu component=tdnn6.relu input=tdnn6.affine input-dim=768 output-dim=768
component-node name=tdnn6.renorm component=tdnn6.renorm input=tdnn6.relu input-dim=768 output-dim=768
component-node name=tdnn7.affine component=tdnn7.affine input=Append(Offset(tdnn6.renorm, -3), Offset(tdnn6.renorm, 3)) input-dim=1536 output-dim=768
component-node name=tdnn7.relu component=tdnn7.relu input=tdnn7.affine input-dim=768 output-dim=768
component-node name=tdnn7.renorm component=tdnn7.renorm input=tdnn7.relu input-dim=768 output-dim=768
component-node name=tdnn8.affine component=tdnn8.affine input=Append(Offset(tdnn7.renorm, -3), Offset(tdnn7.renorm, 3)) input-dim=1536 output-dim=768
component-node name=tdnn8.relu component=tdnn8.relu input=tdnn8.affine input-dim=768 output-dim=768
component-node name=tdnn8.renorm component=tdnn8.renorm input=tdnn8.relu input-dim=768 output-dim=768
component-node name=tdnn9.affine component=tdnn9.affine input=Append(Offset(tdnn8.renorm, -3), Offset(tdnn8.renorm, 3)) input-dim=1536 output-dim=768
component-node name=tdnn9.relu component=tdnn9.relu input=tdnn9.affine input-dim=768 output-dim=768
component-node name=tdnn9.renorm component=tdnn9.renorm input=tdnn9.relu input-dim=768 output-dim=768
component-node name=tdnn10.affine component=tdnn10.affine input=Append(Offset(tdnn9.renorm, -3), Offset(tdnn9.renorm, 3)) input-dim=1536 output-dim=768
component-node name=tdnn10.relu component=tdnn10.relu input=tdnn10.affine input-dim=768 output-dim=768
component-node name=tdnn10.renorm component=tdnn10.renorm input=tdnn10.relu input-dim=768 output-dim=768
component-node name=tdnn11.affine component=tdnn11.affine input=Append(Offset(tdnn10.renorm, -3), Offset(tdnn10.renorm, 3)) input-dim=1536 output-dim=768
component-node name=tdnn11.relu component=tdnn11.relu input=tdnn11.affine input-dim=768 output-dim=768
component-node name=tdnn11.renorm component=tdnn11.renorm input=tdnn11.relu input-dim=768 output-dim=768
component-node name=tdnnFINAL.affine component=tdnnFINAL.affine input=Append(Offset(tdnn11.renorm, -3), Offset(tdnn11.renorm, 3)) input-dim=1536 output-dim=768
component-node name=tdnnFINAL.relu component=tdnnFINAL.relu input=tdnnFINAL.affine input-dim=768 output-dim=768
component-node name=tdnnFINAL.renorm component=tdnnFINAL.renorm input=tdnnFINAL.relu input-dim=768 output-dim=768
component-node name=prefinal-affine-task-0.affine component=prefinal-affine-task-0.affine input=tdnnFINAL.renorm input-dim=768 output-dim=768
component-node name=prefinal-affine-task-0.relu component=prefinal-affine-task-0.relu input=prefinal-affine-task-0.affine input-dim=768 output-dim=768
component-node name=prefinal-affine-task-0.renorm component=prefinal-affine-task-0.renorm input=prefinal-affine-task-0.relu input-dim=768 output-dim=768
component-node name=output-0.affine component=output-0.affine input=prefinal-affine-task-0.renorm input-dim=768 output-dim=168
component-node name=output-0.log-softmax component=output-0.log-softmax input=output-0.affine input-dim=168 output-dim=168
output-node name=output-0 input=output-0.log-softmax dim=168 objective=linear
component-node name=prefinal-affine-task-1.affine component=prefinal-affine-task-1.affine input=tdnnFINAL.renorm input-dim=768 output-dim=768
component-node name=prefinal-affine-task-1.relu component=prefinal-affine-task-1.relu input=prefinal-affine-task-1.affine input-dim=768 output-dim=768
component-node name=prefinal-affine-task-1.renorm component=prefinal-affine-task-1.renorm input=prefinal-affine-task-1.relu input-dim=768 output-dim=768
component-node name=output-1.affine component=output-1.affine input=prefinal-affine-task-1.renorm input-dim=768 output-dim=184
component-node name=output-1.log-softmax component=output-1.log-softmax input=output-1.affine input-dim=184 output-dim=184
output-node name=output-1 input=output-1.log-softmax dim=184 objective=linear
component name=tdnn1.affine type=NaturalGradientAffineComponent, input-dim=65, output-dim=768, learning-rate=0.000660452, max-change=0.75, linear-params-rms=0.1467, linear-params-row-norms=[percentiles(0,1,2,5 10,20,50,80,90 95,98,99,100)=(0.76,0.83,0.87,0.92 0.96,1.0,1.1,1.3,1.4 1.5,1.6,1.7,1.9), mean=1.17, stddev=0.181], linear-params-col-norms=[percentiles(0,1,2,5 10,20,50,80,90 95,98,99,100)=(3.6,3.6,3.7,3.7 3.8,3.9,4.0,4.2,4.3 4.4,4.5,4.6,4.7), mean=4.06, stddev=0.219], bias-{mean,stddev}=0.02847,1.034, rank-in=20, rank-out=80, num-samples-history=2000, update-period=4, alpha=4
component name=tdnn1.relu type=RectifiedLinearComponent, dim=768, self-repair-scale=1e-05, count=1.54e+05, self-repaired-proportion=0.00427246, value-avg=[percentiles(0,1,2,5 10,20,50,80,90 95,98,99,100)=(0.02,0.02,0.03,0.03 0.04,0.06,0.33,1.3,1.8 2.2,2.9,3.2,6.2), mean=0.692, stddev=0.804], deriv-avg=[percentiles(0,1,2,5 10,20,50,80,90 95,98,99,100)=(0.05,0.06,0.06,0.08 0.09,0.13,0.40,0.85,0.90 0.93,0.94,0.94,0.95), mean=0.472, stddev=0.322], oderiv-rms=[percentiles(0,1,2,5 10,20,50,80,90 95,98,99,100)=(0.0005,0.0006,0.0006,0.0006 0.0006,0.0007,0.0008,0.001,0.001 0.001,0.002,0.002,0.002), mean=0.000901, stddev=0.000275], oderiv-count=261120
component name=tdnn1.renorm type=NormalizeComponent, input-dim=768, output-dim=768, target-rms=1, add-log-stddev=false
component name=tdnn2.affine type=NaturalGradientAffineComponent, input-dim=768, output-dim=768, learning-rate=0.000660452, max-change=0.75, linear-params-rms=0.03805, linear-params-row-norms=[percentiles(0,1,2,5 10,20,50,80,90 95,98,99,100)=(0.94,0.96,0.97,0.99 1.0,1.0,1.1,1.1,1.1 1.1,1.1,1.2,1.2), mean=1.05, stddev=0.0427], linear-params-col-norms=[percentiles(0,1,2,5 10,20,50,80,90 95,98,99,100)=(0.92,0.96,0.97,0.98 0.99,1.0,1.0,1.1,1.1 1.1,1.2,1.2,1.3), mean=1.05, stddev=0.0528], bias-{mean,stddev}=0.01179,1.051, rank-in=20, rank-out=80, num-samples-history=2000, update-period=4, alpha=4
component name=tdnn2.relu type=RectifiedLinearComponent, dim=768, self-repair-scale=1e-05, count=1.69e+05, self-repaired-proportion=0.00181362, value-avg=[percentiles(0,1,2,5 10,20,50,80,90 95,98,99,100)=(0.01,0.02,0.02,0.04 0.06,0.09,0.34,0.95,1.3 1.5,1.9,2.2,2.9), mean=0.52, stddev=0.512], deriv-avg=[percentiles(0,1,2,5 10,20,50,80,90 95,98,99,100)=(0.05,0.07,0.09,0.12 0.15,0.21,0.43,0.72,0.83 0.87,0.91,0.92,0.95), mean=0.461, stddev=0.248], oderiv-rms=[percentiles(0,1,2,5 10,20,50,80,90 95,98,99,100)=(0.0007,0.0008,0.0008,0.0008 0.0008,0.0009,0.001,0.001,0.001 0.002,0.002,0.002,0.002), mean=0.0011, stddev=0.000264], oderiv-count=225280
component name=tdnn2.renorm type=NormalizeComponent, input-dim=768, output-dim=768, target-rms=1, add-log-stddev=false
component name=tdnn3.affine type=NaturalGradientAffineComponent, input-dim=1536, output-dim=768, learning-rate=0.000660452, max-change=0.75, linear-params-rms=0.02755, linear-params-row-norms=[percentiles(0,1,2,5 10,20,50,80,90 95,98,99,100)=(0.98,0.99,1.0,1.0 1.0,1.0,1.1,1.1,1.1 1.2,1.2,1.2,1.2), mean=1.08, stddev=0.0447], linear-params-col-norms=[percentiles(0,1,2,5 10,20,50,80,90 95,98,99,100)=(0.66,0.68,0.69,0.70 0.71,0.72,0.76,0.80,0.82 0.84,0.87,0.88,0.91), mean=0.762, stddev=0.0455], bias-{mean,stddev}=0.01776,1.008, rank-in=20, rank-out=80, num-samples-history=2000, update-period=4, alpha=4
component name=tdnn3.relu type=RectifiedLinearComponent, dim=768, self-repair-scale=1e-05, count=5.89e+04, self-repaired-proportion=0.000200321, value-avg=[percentiles(0,1,2,5 10,20,50,80,90 95,98,99,100)=(0.01,0.03,0.04,0.06 0.08,0.14,0.41,0.99,1.3 1.6,2.1,2.1,3.0), mean=0.581, stddev=0.518], deriv-avg=[percentiles(0,1,2,5 10,20,50,80,90 95,98,99,100)=(0.06,0.09,0.11,0.13 0.16,0.24,0.42,0.65,0.75 0.82,0.87,0.90,0.93), mean=0.443, stddev=0.216], oderiv-rms=[percentiles(0,1,2,5 10,20,50,80,90 95,98,99,100)=(0.001,0.001,0.001,0.001 0.001,0.001,0.001,0.002,0.002 0.002,0.002,0.003,0.003), mean=0.00151, stddev=0.000379], oderiv-count=130560
component name=tdnn3.renorm type=NormalizeComponent, input-dim=768, output-dim=768, target-rms=1, add-log-stddev=false
component name=tdnn4.affine type=NaturalGradientAffineComponent, input-dim=1536, output-dim=768, learning-rate=0.000660452, max-change=0.75, linear-params-rms=0.02768, linear-params-row-norms=[percentiles(0,1,2,5 10,20,50,80,90 95,98,99,100)=(0.96,0.99,1.0,1.0 1.0,1.0,1.1,1.1,1.1 1.2,1.2,1.2,1.2), mean=1.08, stddev=0.0494], linear-params-col-norms=[percentiles(0,1,2,5 10,20,50,80,90 95,98,99,100)=(0.64,0.68,0.69,0.70 0.71,0.72,0.76,0.81,0.83 0.85,0.87,0.88,0.94), mean=0.766, stddev=0.0467], bias-{mean,stddev}=0.007473,1.004, rank-in=20, rank-out=80, num-samples-history=2000, update-period=4, alpha=4
component name=tdnn4.relu type=RectifiedLinearComponent, dim=768, self-repair-scale=1e-05, count=7.83e+04, self-repaired-proportion=0.000186012, value-avg=[percentiles(0,1,2,5 10,20,50,80,90 95,98,99,100)=(0.02,0.03,0.04,0.05 0.08,0.13,0.42,0.90,1.3 1.5,1.9,2.0,2.6), mean=0.553, stddev=0.488], deriv-avg=[percentiles(0,1,2,5 10,20,50,80,90 95,98,99,100)=(0.05,0.08,0.09,0.12 0.15,0.22,0.42,0.63,0.74 0.81,0.86,0.89,0.92), mean=0.431, stddev=0.214], oderiv-rms=[percentiles(0,1,2,5 10,20,50,80,90 95,98,99,100)=(0.001,0.001,0.001,0.001 0.001,0.001,0.002,0.002,0.002 0.003,0.003,0.003,0.004), mean=0.00181, stddev=0.00043], oderiv-count=103680
component name=tdnn4.renorm type=NormalizeComponent, input-dim=768, output-dim=768, target-rms=1, add-log-stddev=false
component name=tdnn5.affine type=NaturalGradientAffineComponent, input-dim=1536, output-dim=768, learning-rate=0.000660452, max-change=0.75, linear-params-rms=0.02786, linear-params-row-norms=[percentiles(0,1,2,5 10,20,50,80,90 95,98,99,100)=(0.98,1.0,1.0,1.0 1.0,1.0,1.1,1.1,1.2 1.2,1.2,1.2,1.2), mean=1.09, stddev=0.0496], linear-params-col-norms=[percentiles(0,1,2,5 10,20,50,80,90 95,98,99,100)=(0.65,0.69,0.70,0.71 0.71,0.73,0.77,0.81,0.83 0.86,0.88,0.89,0.97), mean=0.771, stddev=0.0479], bias-{mean,stddev}=0.02204,1.014, rank-in=20, rank-out=80, num-samples-history=2000, update-period=4, alpha=4
component name=tdnn5.relu type=RectifiedLinearComponent, dim=768, self-repair-scale=1e-05, count=6.35e+04, self-repaired-proportion=0, value-avg=[percentiles(0,1,2,5 10,20,50,80,90 95,98,99,100)=(0.02,0.03,0.04,0.06 0.09,0.17,0.41,0.94,1.2 1.5,1.8,2.0,2.6), mean=0.561, stddev=0.467], deriv-avg=[percentiles(0,1,2,5 10,20,50,80,90 95,98,99,100)=(0.06,0.08,0.09,0.12 0.16,0.24,0.43,0.65,0.74 0.79,0.85,0.88,0.94), mean=0.445, stddev=0.208], oderiv-rms=[percentiles(0,1,2,5 10,20,50,80,90 95,98,99,100)=(0.001,0.001,0.001,0.001 0.001,0.002,0.002,0.002,0.003 0.003,0.003,0.003,0.004), mean=0.00195, stddev=0.000392], oderiv-count=98304
component name=tdnn5.renorm type=NormalizeComponent, input-dim=768, output-dim=768, target-rms=1, add-log-stddev=false
component name=tdnn6.affine type=NaturalGradientAffineComponent, input-dim=1536, output-dim=768, learning-rate=0.000660452, max-change=0.75, linear-params-rms=0.0281, linear-params-row-norms=[percentiles(0,1,2,5 10,20,50,80,90 95,98,99,100)=(0.98,1.0,1.0,1.0 1.0,1.1,1.1,1.1,1.2 1.2,1.2,1.2,1.2), mean=1.1, stddev=0.0484], linear-params-col-norms=[percentiles(0,1,2,5 10,20,50,80,90 95,98,99,100)=(0.66,0.69,0.70,0.71 0.72,0.73,0.78,0.82,0.84 0.86,0.87,0.88,0.92), mean=0.777, stddev=0.0469], bias-{mean,stddev}=0.0458,1.007, rank-in=20, rank-out=80, num-samples-history=2000, update-period=4, alpha=4
component name=tdnn6.relu type=RectifiedLinearComponent, dim=768, self-repair-scale=1e-05, count=6.27e+04, self-repaired-proportion=0, value-avg=[percentiles(0,1,2,5 10,20,50,80,90 95,98,99,100)=(0.02,0.04,0.05,0.07 0.11,0.18,0.41,0.86,1.2 1.5,1.9,2.1,2.7), mean=0.55, stddev=0.459], deriv-avg=[percentiles(0,1,2,5 10,20,50,80,90 95,98,99,100)=(0.06,0.08,0.10,0.15 0.19,0.26,0.42,0.63,0.74 0.80,0.85,0.88,0.92), mean=0.444, stddev=0.2], oderiv-rms=[percentiles(0,1,2,5 10,20,50,80,90 95,98,99,100)=(0.001,0.002,0.002,0.002 0.002,0.002,0.002,0.003,0.003 0.003,0.003,0.003,0.004), mean=0.00226, stddev=0.000408], oderiv-count=94976
component name=tdnn6.renorm type=NormalizeComponent, input-dim=768, output-dim=768, target-rms=1, add-log-stddev=false
component name=tdnn7.affine type=NaturalGradientAffineComponent, input-dim=1536, output-dim=768, learning-rate=0.000660452, max-change=0.75, linear-params-rms=0.02834, linear-params-row-norms=[percentiles(0,1,2,5 10,20,50,80,90 95,98,99,100)=(0.98,1.0,1.0,1.0 1.0,1.1,1.1,1.2,1.2 1.2,1.2,1.2,1.3), mean=1.11, stddev=0.0508], linear-params-col-norms=[percentiles(0,1,2,5 10,20,50,80,90 95,98,99,100)=(0.63,0.69,0.70,0.71 0.72,0.74,0.78,0.83,0.85 0.86,0.88,0.89,0.98), mean=0.784, stddev=0.0476], bias-{mean,stddev}=0.01654,0.9737, rank-in=20, rank-out=80, num-samples-history=2000, update-period=4, alpha=4
component name=tdnn7.relu type=RectifiedLinearComponent, dim=768, self-repair-scale=1e-05, count=4.45e+04, self-repaired-proportion=0.00288037, value-avg=[percentiles(0,1,2,5 10,20,50,80,90 95,98,99,100)=(0.0004,0.04,0.06,0.09 0.12,0.18,0.41,0.86,1.2 1.5,1.8,2.0,3.7), mean=0.55, stddev=0.462], deriv-avg=[percentiles(0,1,2,5 10,20,50,80,90 95,98,99,100)=(0.002,0.08,0.13,0.16 0.20,0.27,0.42,0.62,0.74 0.80,0.85,0.90,1.0), mean=0.446, stddev=0.196], oderiv-rms=[percentiles(0,1,2,5 10,20,50,80,90 95,98,99,100)=(0.002,0.002,0.002,0.002 0.002,0.002,0.002,0.003,0.003 0.003,0.003,0.004,0.004), mean=0.00251, stddev=0.000415], oderiv-count=75264
component name=tdnn7.renorm type=NormalizeComponent, input-dim=768, output-dim=768, target-rms=1, add-log-stddev=false
component name=tdnn8.affine type=NaturalGradientAffineComponent, input-dim=1536, output-dim=768, learning-rate=0.000660452, max-change=0.75, linear-params-rms=0.02853, linear-params-row-norms=[percentiles(0,1,2,5 10,20,50,80,90 95,98,99,100)=(0.97,1.0,1.0,1.0 1.0,1.1,1.1,1.2,1.2 1.2,1.2,1.2,1.3), mean=1.12, stddev=0.0594], linear-params-col-norms=[percentiles(0,1,2,5 10,20,50,80,90 95,98,99,100)=(0.67,0.70,0.71,0.72 0.73,0.74,0.79,0.83,0.85 0.87,0.89,0.90,0.94), mean=0.789, stddev=0.0486], bias-{mean,stddev}=-0.05804,1.063, rank-in=20, rank-out=80, num-samples-history=2000, update-period=4, alpha=4
component name=tdnn8.relu type=RectifiedLinearComponent, dim=768, self-repair-scale=1e-05, count=3.71e+04, self-repaired-proportion=0.00396681, value-avg=[percentiles(0,1,2,5 10,20,50,80,90 95,98,99,100)=(0.0005,0.02,0.03,0.05 0.08,0.15,0.38,0.90,1.3 1.6,1.9,2.2,2.7), mean=0.548, stddev=0.503], deriv-avg=[percentiles(0,1,2,5 10,20,50,80,90 95,98,99,100)=(0.003,0.06,0.07,0.11 0.15,0.23,0.41,0.63,0.74 0.83,0.89,0.92,0.97), mean=0.432, stddev=0.22], oderiv-rms=[percentiles(0,1,2,5 10,20,50,80,90 95,98,99,100)=(0.002,0.002,0.002,0.002 0.002,0.002,0.003,0.003,0.004 0.004,0.004,0.004,0.005), mean=0.00297, stddev=0.00053], oderiv-count=67840
component name=tdnn8.renorm type=NormalizeComponent, input-dim=768, output-dim=768, target-rms=1, add-log-stddev=false
component name=tdnn9.affine type=NaturalGradientAffineComponent, input-dim=1536, output-dim=768, learning-rate=0.000660452, max-change=0.75, linear-params-rms=0.02874, linear-params-row-norms=[percentiles(0,1,2,5 10,20,50,80,90 95,98,99,100)=(0.96,0.99,1.0,1.0 1.0,1.1,1.1,1.2,1.2 1.2,1.2,1.2,1.3), mean=1.12, stddev=0.0638], linear-params-col-norms=[percentiles(0,1,2,5 10,20,50,80,90 95,98,99,100)=(0.66,0.69,0.70,0.71 0.72,0.74,0.79,0.85,0.87 0.89,0.91,0.92,0.97), mean=0.794, stddev=0.0562], bias-{mean,stddev}=-0.05934,0.998, rank-in=20, rank-out=80, num-samples-history=2000, update-period=4, alpha=4
component name=tdnn9.relu type=RectifiedLinearComponent, dim=768, self-repair-scale=1e-05, count=3.58e+04, self-repaired-proportion=0.0177816, value-avg=[percentiles(0,1,2,5 10,20,50,80,90 95,98,99,100)=(0,0.003,0.02,0.05 0.09,0.15,0.40,0.83,1.2 1.5,1.8,2.0,2.4), mean=0.527, stddev=0.449], deriv-avg=[percentiles(0,1,2,5 10,20,50,80,90 95,98,99,100)=(0,0.01,0.06,0.11 0.15,0.24,0.43,0.62,0.74 0.80,0.87,0.90,0.98), mean=0.434, stddev=0.212], oderiv-rms=[percentiles(0,1,2,5 10,20,50,80,90 95,98,99,100)=(0.002,0.002,0.002,0.003 0.003,0.003,0.004,0.004,0.004 0.005,0.005,0.005,0.006), mean=0.0036, stddev=0.00065], oderiv-count=52224
component name=tdnn9.renorm type=NormalizeComponent, input-dim=768, output-dim=768, target-rms=1, add-log-stddev=false
component name=tdnn10.affine type=NaturalGradientAffineComponent, input-dim=1536, output-dim=768, learning-rate=0.000660452, max-change=0.75, linear-params-rms=0.02871, linear-params-row-norms=[percentiles(0,1,2,5 10,20,50,80,90 95,98,99,100)=(0.97,0.99,1.0,1.0 1.0,1.1,1.1,1.2,1.2 1.2,1.2,1.3,1.3), mean=1.12, stddev=0.0647], linear-params-col-norms=[percentiles(0,1,2,5 10,20,50,80,90 95,98,99,100)=(0.67,0.69,0.70,0.71 0.72,0.74,0.79,0.84,0.87 0.88,0.89,0.91,0.94), mean=0.794, stddev=0.0543], bias-{mean,stddev}=0.02918,1.027, rank-in=20, rank-out=80, num-samples-history=2000, update-period=4, alpha=4
component name=tdnn10.relu type=RectifiedLinearComponent, dim=768, self-repair-scale=1e-05, count=2.38e+04, self-repaired-proportion=0.0251971, value-avg=[percentiles(0,1,2,5 10,20,50,80,90 95,98,99,100)=(0,0.003,0.01,0.04 0.07,0.15,0.40,0.87,1.2 1.5,1.9,2.2,2.7), mean=0.544, stddev=0.488], deriv-avg=[percentiles(0,1,2,5 10,20,50,80,90 95,98,99,100)=(0,0.01,0.04,0.09 0.14,0.23,0.43,0.64,0.76 0.83,0.91,0.92,0.99), mean=0.439, stddev=0.226], oderiv-rms=[percentiles(0,1,2,5 10,20,50,80,90 95,98,99,100)=(0.003,0.003,0.003,0.003 0.003,0.003,0.004,0.005,0.005 0.005,0.005,0.006,0.006), mean=0.00393, stddev=0.000727], oderiv-count=35328
component name=tdnn10.renorm type=NormalizeComponent, input-dim=768, output-dim=768, target-rms=1, add-log-stddev=false
component name=tdnn11.affine type=NaturalGradientAffineComponent, input-dim=1536, output-dim=768, learning-rate=0.000660452, max-change=0.75, linear-params-rms=0.02879, linear-params-row-norms=[percentiles(0,1,2,5 10,20,50,80,90 95,98,99,100)=(0.97,0.97,0.98,1.0 1.0,1.0,1.1,1.2,1.2 1.2,1.2,1.3,1.3), mean=1.13, stddev=0.0758], linear-params-col-norms=[percentiles(0,1,2,5 10,20,50,80,90 95,98,99,100)=(0.66,0.69,0.70,0.71 0.72,0.74,0.80,0.85,0.87 0.88,0.90,0.91,0.96), mean=0.796, stddev=0.0552], bias-{mean,stddev}=0.03176,1.019, rank-in=20, rank-out=80, num-samples-history=2000, update-period=4, alpha=4
component name=tdnn11.relu type=RectifiedLinearComponent, dim=768, self-repair-scale=1e-05, count=1.89e+04, self-repaired-proportion=0.0739426, value-avg=[percentiles(0,1,2,5 10,20,50,80,90 95,98,99,100)=(0,0.0001,0.0007,0.01 0.04,0.10,0.38,0.91,1.3 1.7,2.0,2.4,3.5), mean=0.549, stddev=0.546], deriv-avg=[percentiles(0,1,2,5 10,20,50,80,90 95,98,99,100)=(0,0.0006,0.003,0.04 0.09,0.19,0.42,0.65,0.78 0.87,0.94,0.96,1.0), mean=0.428, stddev=0.251], oderiv-rms=[percentiles(0,1,2,5 10,20,50,80,90 95,98,99,100)=(0.003,0.003,0.003,0.003 0.004,0.004,0.005,0.006,0.006 0.007,0.007,0.007,0.008), mean=0.00494, stddev=0.000999], oderiv-count=29184
component name=tdnn11.renorm type=NormalizeComponent, input-dim=768, output-dim=768, target-rms=1, add-log-stddev=false
component name=tdnnFINAL.affine type=NaturalGradientAffineComponent, input-dim=1536, output-dim=768, learning-rate=0.000660452, max-change=0.75, linear-params-rms=0.02906, linear-params-row-norms=[percentiles(0,1,2,5 10,20,50,80,90 95,98,99,100)=(0.96,0.97,0.98,1.0 1.0,1.0,1.1,1.2,1.2 1.3,1.3,1.3,1.3), mean=1.14, stddev=0.087], linear-params-col-norms=[percentiles(0,1,2,5 10,20,50,80,90 95,98,99,100)=(0.64,0.68,0.69,0.70 0.71,0.73,0.80,0.87,0.89 0.91,0.93,0.94,0.99), mean=0.802, stddev=0.0678], bias-{mean,stddev}=-0.06729,0.9591, rank-in=20, rank-out=80, num-samples-history=2000, update-period=4, alpha=4
component name=tdnnFINAL.relu type=RectifiedLinearComponent, dim=768, self-repair-scale=1e-05, count=9.47e+03, self-repaired-proportion=0.0989149, value-avg=[percentiles(0,1,2,5 10,20,50,80,90 95,98,99,100)=(0,8e-06,0.0001,0.002 0.02,0.08,0.33,0.76,1.0 1.3,1.7,1.9,2.7), mean=0.455, stddev=0.442], deriv-avg=[percentiles(0,1,2,5 10,20,50,80,90 95,98,99,100)=(0,0.0001,0.0005,0.009 0.05,0.15,0.37,0.59,0.68 0.76,0.85,0.91,0.98), mean=0.379, stddev=0.231], oderiv-rms=[percentiles(0,1,2,5 10,20,50,80,90 95,98,99,100)=(0.005,0.005,0.005,0.005 0.005,0.006,0.007,0.009,0.01 0.01,0.01,0.01,0.01), mean=0.00751, stddev=0.00162], oderiv-count=13824
component name=tdnnFINAL.renorm type=NormalizeComponent, input-dim=768, output-dim=768, target-rms=1, add-log-stddev=false
component name=prefinal-affine-task-0.affine type=NaturalGradientAffineComponent, input-dim=768, output-dim=768, learning-rate=0.000660452, max-change=0.75, linear-params-rms=0.03884, linear-params-row-norms=[percentiles(0,1,2,5 10,20,50,80,90 95,98,99,100)=(0.92,0.96,0.96,0.97 0.99,1.0,1.1,1.1,1.2 1.2,1.2,1.2,1.3), mean=1.07, stddev=0.0702], linear-params-col-norms=[percentiles(0,1,2,5 10,20,50,80,90 95,98,99,100)=(0.95,0.96,0.97,0.98 0.99,1.0,1.1,1.1,1.2 1.2,1.2,1.2,1.3), mean=1.07, stddev=0.0619], bias-{mean,stddev}=0.0007717,1.006, rank-in=20, rank-out=80, num-samples-history=2000, update-period=4, alpha=4
component name=prefinal-affine-task-0.relu type=RectifiedLinearComponent, dim=768, self-repair-scale=1e-05, count=4.61e+03, self-repaired-proportion=0.131922, value-avg=[percentiles(0,1,2,5 10,20,50,80,90 95,98,99,100)=(0,0,9e-05,0.0008 0.006,0.05,0.34,0.73,0.91 1.1,1.2,1.3,1.6), mean=0.406, stddev=0.352], deriv-avg=[percentiles(0,1,2,5 10,20,50,80,90 95,98,99,100)=(0,0,0.0007,0.005 0.02,0.12,0.40,0.63,0.72 0.76,0.79,0.81,0.87), mean=0.386, stddev=0.246], oderiv-rms=[percentiles(0,1,2,5 10,20,50,80,90 95,98,99,100)=(9e-09,4e-06,3e-05,0.0001 0.0005,0.002,0.007,0.009,0.01 0.01,0.01,0.01,0.02), mean=0.00589, stddev=0.00354], oderiv-count=6912
component name=prefinal-affine-task-0.renorm type=NormalizeComponent, input-dim=768, output-dim=768, target-rms=1, add-log-stddev=false
component name=output-0.affine type=NaturalGradientAffineComponent, input-dim=768, output-dim=168, learning-rate=0.000660452, max-change=1.5, linear-params-rms=0.04931, linear-params-row-norms=[percentiles(0,1,2,5 10,20,50,80,90 95,98,99,100)=(0.14,0.14,0.88,1.0 1.1,1.2,1.4,1.5,1.6 1.7,1.7,1.8,2.0), mean=1.35, stddev=0.232], linear-params-col-norms=[percentiles(0,1,2,5 10,20,50,80,90 95,98,99,100)=(7e-07,0.0005,0.002,0.008 0.03,0.14,0.64,0.86,0.93 1.0,1.0,1.1,1.2), mean=0.54, stddev=0.341], bias-{mean,stddev}=2.159e-07,0.003928, rank-in=20, rank-out=80, num-samples-history=2000, update-period=4, alpha=4
component name=output-0.log-softmax type=LogSoftmaxComponent, dim=168, oderiv-rms=[percentiles(0,1,2,5 10,20,50,80,90 95,98,99,100)=(0,0,0.02,0.02 0.03,0.03,0.05,0.07,0.08 0.10,0.13,0.15,0.26), mean=0.0535, stddev=0.0309], oderiv-count=6656
component name=prefinal-affine-task-1.affine type=NaturalGradientAffineComponent, input-dim=768, output-dim=768, learning-rate=0.000660452, max-change=0.75, linear-params-rms=0.03658, linear-params-row-norms=[percentiles(0,1,2,5 10,20,50,80,90 95,98,99,100)=(0.91,0.95,0.95,0.96 0.98,0.99,1.0,1.0,1.1 1.1,1.1,1.1,1.2), mean=1.01, stddev=0.0309], linear-params-col-norms=[percentiles(0,1,2,5 10,20,50,80,90 95,98,99,100)=(0.94,0.95,0.96,0.97 0.98,0.99,1.0,1.0,1.1 1.1,1.1,1.1,1.1), mean=1.01, stddev=0.0288], bias-{mean,stddev}=-0.07019,1.031, rank-in=20, rank-out=80, num-samples-history=2000, update-period=4, alpha=4
component name=prefinal-affine-task-1.relu type=RectifiedLinearComponent, dim=768, self-repair-scale=1e-05, count=3.84e+03, self-repaired-proportion=0.161458, value-avg=[percentiles(0,1,2,5 10,20,50,80,90 95,98,99,100)=(0,0,2e-05,0.0005 0.007,0.03,0.27,0.61,0.77 0.90,1.1,1.1,1.5), mean=0.333, stddev=0.304], deriv-avg=[percentiles(0,1,2,5 10,20,50,80,90 95,98,99,100)=(0,0,0.0003,0.003 0.03,0.08,0.44,0.70,0.78 0.85,0.89,0.92,0.97), mean=0.413, stddev=0.285], oderiv-rms=[percentiles(0,1,2,5 10,20,50,80,90 95,98,99,100)=(3e-09,2e-08,1e-05,9e-05 0.0003,0.001,0.005,0.007,0.008 0.008,0.009,0.009,0.01), mean=0.00445, stddev=0.00277], oderiv-count=7168
component name=prefinal-affine-task-1.renorm type=NormalizeComponent, input-dim=768, output-dim=768, target-rms=1, add-log-stddev=false
component name=output-1.affine type=NaturalGradientAffineComponent, input-dim=768, output-dim=184, learning-rate=0.000660452, max-change=1.5, linear-params-rms=0.02698, linear-params-row-norms=[percentiles(0,1,2,5 10,20,50,80,90 95,98,99,100)=(0.07,0.07,0.07,0.07 0.07,0.07,0.07,1.2,1.3 1.4,1.5,1.5,1.5), mean=0.517, stddev=0.54], linear-params-col-norms=[percentiles(0,1,2,5 10,20,50,80,90 95,98,99,100)=(3e-07,1e-06,0.0008,0.006 0.02,0.06,0.35,0.50,0.54 0.57,0.60,0.62,0.70), mean=0.309, stddev=0.195], bias-{mean,stddev}=-5.405e-07,0.002179, rank-in=20, rank-out=80, num-samples-history=2000, update-period=4, alpha=4
component name=output-1.log-softmax type=LogSoftmaxComponent, dim=184, oderiv-rms=[percentiles(0,1,2,5 10,20,50,80,90 95,98,99,100)=(0,0,0,0 0,0,0,0.02,0.03 0.03,0.04,0.05,0.06), mean=0.00808, stddev=0.0123], oderiv-count=6144
nnet3-show-progress --use-gpu=no MTL/exp/nnet3/multitask/57.raw MTL/exp/nnet3/multitask/58.raw 
LOG (nnet3-show-progress[5.4.224~1-d4d9]:SelectGpuId():cu-device.cc:123) Manually selected to compute on CPU.
LOG (nnet3-show-progress[5.4.224~1-d4d9]:main():nnet3-show-progress.cc:143) Parameter differences per layer are [ tdnn1.affine:0.377082 tdnn2.affine:0.248639 tdnn3.affine:0.342582 tdnn4.affine:0.369443 tdnn5.affine:0.393709 tdnn6.affine:0.420277 tdnn7.affine:0.448146 tdnn8.affine:0.469734 tdnn9.affine:0.494026 tdnn10.affine:0.497051 tdnn11.affine:0.499412 tdnnFINAL.affine:0.512636 prefinal-affine-task-0.affine:0.275692 output-0.affine:0.238621 prefinal-affine-task-1.affine:0.208742 output-1.affine:0.143646 ]
LOG (nnet3-show-progress[5.4.224~1-d4d9]:main():nnet3-show-progress.cc:153) Norms of parameter matrices from <new-nnet-in> are [ tdnn1.affine:43.5394 tdnn2.affine:41.259 tdnn3.affine:40.9442 tdnn4.affine:40.9569 tdnn5.affine:41.3122 tdnn6.affine:41.3782 tdnn7.affine:40.9322 tdnn8.affine:42.7798 tdnn9.affine:41.7358 tdnn10.affine:42.2314 tdnn11.affine:42.1409 tdnnFINAL.affine:41.3051 prefinal-affine-task-0.affine:40.831 output-0.affine:17.7109 prefinal-affine-task-1.affine:40.1176 output-1.affine:10.1431 ]
LOG (nnet3-show-progress[5.4.224~1-d4d9]:main():nnet3-show-progress.cc:157) Relative parameter differences per layer are [ tdnn1.affine:0.00866192 tdnn2.affine:0.00602664 tdnn3.affine:0.00836777 tdnn4.affine:0.00902107 tdnn5.affine:0.00953108 tdnn6.affine:0.010158 tdnn7.affine:0.0109501 tdnn8.affine:0.0109819 tdnn9.affine:0.0118391 tdnn10.affine:0.011772 tdnn11.affine:0.011853 tdnnFINAL.affine:0.0124128 prefinal-affine-task-0.affine:0.00675218 output-0.affine:0.013501 prefinal-affine-task-1.affine:0.00520334 output-1.affine:0.0142213 ]
# Accounting: time=0 threads=1
# Ended (code 0) at Sat Jul 28 03:16:54 UTC 2018, elapsed time 0 seconds
