# nnet3-info MTL/exp/nnet3/multitask/53.raw && nnet3-show-progress --use-gpu=no MTL/exp/nnet3/multitask/52.raw MTL/exp/nnet3/multitask/53.raw 
# Started at Fri Jul 27 02:22:12 UTC 2018
#
nnet3-info MTL/exp/nnet3/multitask/53.raw 
num-parameters: 13891160
modulus: 1
input-node name=input dim=13
component-node name=tdnn1.affine component=tdnn1.affine input=Append(Offset(input, -2), Offset(input, -1), input, Offset(input, 1), Offset(input, 2)) input-dim=65 output-dim=768
component-node name=tdnn1.relu component=tdnn1.relu input=tdnn1.affine input-dim=768 output-dim=768
component-node name=tdnn1.renorm component=tdnn1.renorm input=tdnn1.relu input-dim=768 output-dim=768
component-node name=tdnn2.affine component=tdnn2.affine input=tdnn1.renorm input-dim=768 output-dim=768
component-node name=tdnn2.relu component=tdnn2.relu input=tdnn2.affine input-dim=768 output-dim=768
component-node name=tdnn2.renorm component=tdnn2.renorm input=tdnn2.relu input-dim=768 output-dim=768
component-node name=tdnn3.affine component=tdnn3.affine input=Append(Offset(tdnn2.renorm, -1), Offset(tdnn2.renorm, 2)) input-dim=1536 output-dim=768
component-node name=tdnn3.relu component=tdnn3.relu input=tdnn3.affine input-dim=768 output-dim=768
component-node name=tdnn3.renorm component=tdnn3.renorm input=tdnn3.relu input-dim=768 output-dim=768
component-node name=tdnn4.affine component=tdnn4.affine input=Append(Offset(tdnn3.renorm, -3), Offset(tdnn3.renorm, 3)) input-dim=1536 output-dim=768
component-node name=tdnn4.relu component=tdnn4.relu input=tdnn4.affine input-dim=768 output-dim=768
component-node name=tdnn4.renorm component=tdnn4.renorm input=tdnn4.relu input-dim=768 output-dim=768
component-node name=tdnn5.affine component=tdnn5.affine input=Append(Offset(tdnn4.renorm, -3), Offset(tdnn4.renorm, 3)) input-dim=1536 output-dim=768
component-node name=tdnn5.relu component=tdnn5.relu input=tdnn5.affine input-dim=768 output-dim=768
component-node name=tdnn5.renorm component=tdnn5.renorm input=tdnn5.relu input-dim=768 output-dim=768
component-node name=tdnn6.affine component=tdnn6.affine input=Append(Offset(tdnn5.renorm, -3), Offset(tdnn5.renorm, 3)) input-dim=1536 output-dim=768
component-node name=tdnn6.relu component=tdnn6.relu input=tdnn6.affine input-dim=768 output-dim=768
component-node name=tdnn6.renorm component=tdnn6.renorm input=tdnn6.relu input-dim=768 output-dim=768
component-node name=tdnn7.affine component=tdnn7.affine input=Append(Offset(tdnn6.renorm, -3), Offset(tdnn6.renorm, 3)) input-dim=1536 output-dim=768
component-node name=tdnn7.relu component=tdnn7.relu input=tdnn7.affine input-dim=768 output-dim=768
component-node name=tdnn7.renorm component=tdnn7.renorm input=tdnn7.relu input-dim=768 output-dim=768
component-node name=tdnn8.affine component=tdnn8.affine input=Append(Offset(tdnn7.renorm, -3), Offset(tdnn7.renorm, 3)) input-dim=1536 output-dim=768
component-node name=tdnn8.relu component=tdnn8.relu input=tdnn8.affine input-dim=768 output-dim=768
component-node name=tdnn8.renorm component=tdnn8.renorm input=tdnn8.relu input-dim=768 output-dim=768
component-node name=tdnn9.affine component=tdnn9.affine input=Append(Offset(tdnn8.renorm, -3), Offset(tdnn8.renorm, 3)) input-dim=1536 output-dim=768
component-node name=tdnn9.relu component=tdnn9.relu input=tdnn9.affine input-dim=768 output-dim=768
component-node name=tdnn9.renorm component=tdnn9.renorm input=tdnn9.relu input-dim=768 output-dim=768
component-node name=tdnn10.affine component=tdnn10.affine input=Append(Offset(tdnn9.renorm, -3), Offset(tdnn9.renorm, 3)) input-dim=1536 output-dim=768
component-node name=tdnn10.relu component=tdnn10.relu input=tdnn10.affine input-dim=768 output-dim=768
component-node name=tdnn10.renorm component=tdnn10.renorm input=tdnn10.relu input-dim=768 output-dim=768
component-node name=tdnn11.affine component=tdnn11.affine input=Append(Offset(tdnn10.renorm, -3), Offset(tdnn10.renorm, 3)) input-dim=1536 output-dim=768
component-node name=tdnn11.relu component=tdnn11.relu input=tdnn11.affine input-dim=768 output-dim=768
component-node name=tdnn11.renorm component=tdnn11.renorm input=tdnn11.relu input-dim=768 output-dim=768
component-node name=tdnnFINAL.affine component=tdnnFINAL.affine input=Append(Offset(tdnn11.renorm, -3), Offset(tdnn11.renorm, 3)) input-dim=1536 output-dim=768
component-node name=tdnnFINAL.relu component=tdnnFINAL.relu input=tdnnFINAL.affine input-dim=768 output-dim=768
component-node name=tdnnFINAL.renorm component=tdnnFINAL.renorm input=tdnnFINAL.relu input-dim=768 output-dim=768
component-node name=prefinal-affine-task-0.affine component=prefinal-affine-task-0.affine input=tdnnFINAL.renorm input-dim=768 output-dim=768
component-node name=prefinal-affine-task-0.relu component=prefinal-affine-task-0.relu input=prefinal-affine-task-0.affine input-dim=768 output-dim=768
component-node name=prefinal-affine-task-0.renorm component=prefinal-affine-task-0.renorm input=prefinal-affine-task-0.relu input-dim=768 output-dim=768
component-node name=output-0.affine component=output-0.affine input=prefinal-affine-task-0.renorm input-dim=768 output-dim=152
component-node name=output-0.log-softmax component=output-0.log-softmax input=output-0.affine input-dim=152 output-dim=152
output-node name=output-0 input=output-0.log-softmax dim=152 objective=linear
component-node name=prefinal-affine-task-1.affine component=prefinal-affine-task-1.affine input=tdnnFINAL.renorm input-dim=768 output-dim=768
component-node name=prefinal-affine-task-1.relu component=prefinal-affine-task-1.relu input=prefinal-affine-task-1.affine input-dim=768 output-dim=768
component-node name=prefinal-affine-task-1.renorm component=prefinal-affine-task-1.renorm input=prefinal-affine-task-1.relu input-dim=768 output-dim=768
component-node name=output-1.affine component=output-1.affine input=prefinal-affine-task-1.renorm input-dim=768 output-dim=192
component-node name=output-1.log-softmax component=output-1.log-softmax input=output-1.affine input-dim=192 output-dim=192
output-node name=output-1 input=output-1.log-softmax dim=192 objective=linear
component name=tdnn1.affine type=NaturalGradientAffineComponent, input-dim=65, output-dim=768, learning-rate=0.000335808, max-change=0.75, linear-params-rms=0.1411, linear-params-row-norms=[percentiles(0,1,2,5 10,20,50,80,90 95,98,99,100)=(0.76,0.82,0.85,0.90 0.94,0.99,1.1,1.3,1.3 1.4,1.5,1.5,1.6), mean=1.13, stddev=0.156], linear-params-col-norms=[percentiles(0,1,2,5 10,20,50,80,90 95,98,99,100)=(3.3,3.3,3.5,3.6 3.7,3.7,3.9,4.1,4.2 4.2,4.3,4.4,4.6), mean=3.9, stddev=0.221], bias-{mean,stddev}=0.03011,1.031, rank-in=20, rank-out=80, num-samples-history=2000, update-period=4, alpha=4
component name=tdnn1.relu type=RectifiedLinearComponent, dim=768, self-repair-scale=1e-05, count=1.95e+05, self-repaired-proportion=0.000892857, value-avg=[percentiles(0,1,2,5 10,20,50,80,90 95,98,99,100)=(0.01,0.02,0.02,0.03 0.04,0.06,0.27,1.3,1.7 2.1,2.5,2.8,5.2), mean=0.65, stddev=0.757], deriv-avg=[percentiles(0,1,2,5 10,20,50,80,90 95,98,99,100)=(0.05,0.06,0.07,0.08 0.09,0.12,0.37,0.87,0.91 0.92,0.94,0.94,0.95), mean=0.465, stddev=0.326], oderiv-rms=[percentiles(0,1,2,5 10,20,50,80,90 95,98,99,100)=(0.0005,0.0005,0.0005,0.0006 0.0006,0.0006,0.0008,0.001,0.001 0.001,0.001,0.002,0.002), mean=0.000837, stddev=0.00024], oderiv-count=307200
component name=tdnn1.renorm type=NormalizeComponent, input-dim=768, output-dim=768, target-rms=1, add-log-stddev=false
component name=tdnn2.affine type=NaturalGradientAffineComponent, input-dim=768, output-dim=768, learning-rate=0.000335808, max-change=0.75, linear-params-rms=0.03763, linear-params-row-norms=[percentiles(0,1,2,5 10,20,50,80,90 95,98,99,100)=(0.95,0.96,0.97,0.98 1.0,1.0,1.0,1.1,1.1 1.1,1.1,1.1,1.2), mean=1.04, stddev=0.0385], linear-params-col-norms=[percentiles(0,1,2,5 10,20,50,80,90 95,98,99,100)=(0.92,0.96,0.96,0.98 0.99,1.0,1.0,1.1,1.1 1.1,1.1,1.2,1.2), mean=1.04, stddev=0.0455], bias-{mean,stddev}=0.01178,1.051, rank-in=20, rank-out=80, num-samples-history=2000, update-period=4, alpha=4
component name=tdnn2.relu type=RectifiedLinearComponent, dim=768, self-repair-scale=1e-05, count=1.79e+05, self-repaired-proportion=0, value-avg=[percentiles(0,1,2,5 10,20,50,80,90 95,98,99,100)=(0.01,0.02,0.02,0.03 0.04,0.08,0.34,0.95,1.3 1.5,1.8,2.1,2.6), mean=0.519, stddev=0.509], deriv-avg=[percentiles(0,1,2,5 10,20,50,80,90 95,98,99,100)=(0.05,0.08,0.09,0.11 0.13,0.19,0.46,0.77,0.87 0.90,0.92,0.93,0.95), mean=0.474, stddev=0.27], oderiv-rms=[percentiles(0,1,2,5 10,20,50,80,90 95,98,99,100)=(0.0006,0.0007,0.0007,0.0007 0.0007,0.0008,0.0009,0.001,0.001 0.001,0.001,0.001,0.002), mean=0.000938, stddev=0.000203], oderiv-count=296960
component name=tdnn2.renorm type=NormalizeComponent, input-dim=768, output-dim=768, target-rms=1, add-log-stddev=false
component name=tdnn3.affine type=NaturalGradientAffineComponent, input-dim=1536, output-dim=768, learning-rate=0.000335808, max-change=0.75, linear-params-rms=0.02712, linear-params-row-norms=[percentiles(0,1,2,5 10,20,50,80,90 95,98,99,100)=(0.96,0.98,0.99,1.0 1.0,1.0,1.1,1.1,1.1 1.1,1.1,1.2,1.2), mean=1.06, stddev=0.0406], linear-params-col-norms=[percentiles(0,1,2,5 10,20,50,80,90 95,98,99,100)=(0.65,0.68,0.69,0.70 0.70,0.72,0.75,0.78,0.80 0.82,0.84,0.85,0.91), mean=0.751, stddev=0.0392], bias-{mean,stddev}=0.01778,1.008, rank-in=20, rank-out=80, num-samples-history=2000, update-period=4, alpha=4
component name=tdnn3.relu type=RectifiedLinearComponent, dim=768, self-repair-scale=1e-05, count=8.96e+04, self-repaired-proportion=0, value-avg=[percentiles(0,1,2,5 10,20,50,80,90 95,98,99,100)=(0.02,0.02,0.03,0.04 0.06,0.11,0.38,0.99,1.4 1.7,2.0,2.2,2.7), mean=0.571, stddev=0.548], deriv-avg=[percentiles(0,1,2,5 10,20,50,80,90 95,98,99,100)=(0.07,0.08,0.08,0.11 0.14,0.21,0.41,0.67,0.80 0.86,0.90,0.92,0.94), mean=0.445, stddev=0.239], oderiv-rms=[percentiles(0,1,2,5 10,20,50,80,90 95,98,99,100)=(0.0009,0.001,0.001,0.001 0.001,0.001,0.001,0.002,0.002 0.002,0.002,0.002,0.003), mean=0.0014, stddev=0.000324], oderiv-count=151040
component name=tdnn3.renorm type=NormalizeComponent, input-dim=768, output-dim=768, target-rms=1, add-log-stddev=false
component name=tdnn4.affine type=NaturalGradientAffineComponent, input-dim=1536, output-dim=768, learning-rate=0.000335808, max-change=0.75, linear-params-rms=0.02727, linear-params-row-norms=[percentiles(0,1,2,5 10,20,50,80,90 95,98,99,100)=(0.96,0.98,0.99,1.0 1.0,1.0,1.1,1.1,1.1 1.1,1.2,1.2,1.2), mean=1.07, stddev=0.0433], linear-params-col-norms=[percentiles(0,1,2,5 10,20,50,80,90 95,98,99,100)=(0.64,0.67,0.69,0.70 0.71,0.72,0.75,0.79,0.81 0.83,0.85,0.86,0.91), mean=0.754, stddev=0.0426], bias-{mean,stddev}=0.007425,1.004, rank-in=20, rank-out=80, num-samples-history=2000, update-period=4, alpha=4
component name=tdnn4.relu type=RectifiedLinearComponent, dim=768, self-repair-scale=1e-05, count=8.99e+04, self-repaired-proportion=0.00136719, value-avg=[percentiles(0,1,2,5 10,20,50,80,90 95,98,99,100)=(0.009,0.03,0.03,0.04 0.06,0.11,0.32,0.88,1.2 1.5,1.9,2.1,2.6), mean=0.511, stddev=0.5], deriv-avg=[percentiles(0,1,2,5 10,20,50,80,90 95,98,99,100)=(0.04,0.08,0.09,0.11 0.14,0.21,0.37,0.64,0.76 0.82,0.88,0.91,0.94), mean=0.417, stddev=0.224], oderiv-rms=[percentiles(0,1,2,5 10,20,50,80,90 95,98,99,100)=(0.001,0.001,0.001,0.001 0.001,0.001,0.002,0.002,0.002 0.002,0.003,0.003,0.003), mean=0.00164, stddev=0.000346], oderiv-count=142848
component name=tdnn4.renorm type=NormalizeComponent, input-dim=768, output-dim=768, target-rms=1, add-log-stddev=false
component name=tdnn5.affine type=NaturalGradientAffineComponent, input-dim=1536, output-dim=768, learning-rate=0.000335808, max-change=0.75, linear-params-rms=0.02748, linear-params-row-norms=[percentiles(0,1,2,5 10,20,50,80,90 95,98,99,100)=(0.97,0.98,0.99,1.0 1.0,1.0,1.1,1.1,1.1 1.1,1.2,1.2,1.2), mean=1.08, stddev=0.0448], linear-params-col-norms=[percentiles(0,1,2,5 10,20,50,80,90 95,98,99,100)=(0.66,0.68,0.69,0.70 0.71,0.72,0.75,0.80,0.82 0.84,0.87,0.88,0.93), mean=0.76, stddev=0.0451], bias-{mean,stddev}=0.022,1.015, rank-in=20, rank-out=80, num-samples-history=2000, update-period=4, alpha=4
component name=tdnn5.relu type=RectifiedLinearComponent, dim=768, self-repair-scale=1e-05, count=7.17e+04, self-repaired-proportion=0.000457489, value-avg=[percentiles(0,1,2,5 10,20,50,80,90 95,98,99,100)=(0.01,0.02,0.03,0.05 0.08,0.14,0.38,0.85,1.2 1.5,1.8,1.9,2.3), mean=0.523, stddev=0.452], deriv-avg=[percentiles(0,1,2,5 10,20,50,80,90 95,98,99,100)=(0.05,0.06,0.08,0.12 0.16,0.23,0.42,0.63,0.74 0.81,0.87,0.90,0.94), mean=0.436, stddev=0.213], oderiv-rms=[percentiles(0,1,2,5 10,20,50,80,90 95,98,99,100)=(0.001,0.001,0.001,0.001 0.002,0.002,0.002,0.002,0.002 0.002,0.003,0.003,0.003), mean=0.00189, stddev=0.000326], oderiv-count=110592
component name=tdnn5.renorm type=NormalizeComponent, input-dim=768, output-dim=768, target-rms=1, add-log-stddev=false
component name=tdnn6.affine type=NaturalGradientAffineComponent, input-dim=1536, output-dim=768, learning-rate=0.000335808, max-change=0.75, linear-params-rms=0.0277, linear-params-row-norms=[percentiles(0,1,2,5 10,20,50,80,90 95,98,99,100)=(0.98,0.99,1.0,1.0 1.0,1.0,1.1,1.1,1.1 1.2,1.2,1.2,1.2), mean=1.08, stddev=0.0471], linear-params-col-norms=[percentiles(0,1,2,5 10,20,50,80,90 95,98,99,100)=(0.64,0.68,0.69,0.70 0.71,0.73,0.76,0.81,0.82 0.84,0.86,0.87,0.92), mean=0.766, stddev=0.0432], bias-{mean,stddev}=0.04583,1.007, rank-in=20, rank-out=80, num-samples-history=2000, update-period=4, alpha=4
component name=tdnn6.relu type=RectifiedLinearComponent, dim=768, self-repair-scale=1e-05, count=7.35e+04, self-repaired-proportion=0.00524352, value-avg=[percentiles(0,1,2,5 10,20,50,80,90 95,98,99,100)=(0.009,0.02,0.03,0.05 0.07,0.13,0.40,0.86,1.2 1.4,1.7,1.9,2.3), mean=0.528, stddev=0.456], deriv-avg=[percentiles(0,1,2,5 10,20,50,80,90 95,98,99,100)=(0.03,0.07,0.09,0.12 0.15,0.22,0.43,0.65,0.76 0.83,0.90,0.92,0.98), mean=0.442, stddev=0.223], oderiv-rms=[percentiles(0,1,2,5 10,20,50,80,90 95,98,99,100)=(0.002,0.002,0.002,0.002 0.002,0.002,0.002,0.003,0.003 0.003,0.003,0.003,0.003), mean=0.00219, stddev=0.000349], oderiv-count=102144
component name=tdnn6.renorm type=NormalizeComponent, input-dim=768, output-dim=768, target-rms=1, add-log-stddev=false
component name=tdnn7.affine type=NaturalGradientAffineComponent, input-dim=1536, output-dim=768, learning-rate=0.000335808, max-change=0.75, linear-params-rms=0.028, linear-params-row-norms=[percentiles(0,1,2,5 10,20,50,80,90 95,98,99,100)=(0.98,0.99,1.0,1.0 1.0,1.0,1.1,1.1,1.2 1.2,1.2,1.2,1.2), mean=1.1, stddev=0.0515], linear-params-col-norms=[percentiles(0,1,2,5 10,20,50,80,90 95,98,99,100)=(0.63,0.68,0.69,0.70 0.71,0.73,0.77,0.82,0.84 0.85,0.87,0.88,0.94), mean=0.774, stddev=0.0477], bias-{mean,stddev}=0.01651,0.9738, rank-in=20, rank-out=80, num-samples-history=2000, update-period=4, alpha=4
component name=tdnn7.relu type=RectifiedLinearComponent, dim=768, self-repair-scale=1e-05, count=7.53e+04, self-repaired-proportion=0.00726425, value-avg=[percentiles(0,1,2,5 10,20,50,80,90 95,98,99,100)=(0,0.02,0.03,0.06 0.08,0.13,0.36,0.78,1.0 1.4,1.8,2.0,3.7), mean=0.5, stddev=0.451], deriv-avg=[percentiles(0,1,2,5 10,20,50,80,90 95,98,99,100)=(0,0.06,0.08,0.12 0.16,0.24,0.40,0.62,0.72 0.82,0.90,0.93,0.97), mean=0.431, stddev=0.213], oderiv-rms=[percentiles(0,1,2,5 10,20,50,80,90 95,98,99,100)=(0.002,0.002,0.002,0.002 0.002,0.002,0.003,0.003,0.003 0.003,0.003,0.004,0.004), mean=0.00266, stddev=0.00041], oderiv-count=92160
component name=tdnn7.renorm type=NormalizeComponent, input-dim=768, output-dim=768, target-rms=1, add-log-stddev=false
component name=tdnn8.affine type=NaturalGradientAffineComponent, input-dim=1536, output-dim=768, learning-rate=0.000335808, max-change=0.75, linear-params-rms=0.02819, linear-params-row-norms=[percentiles(0,1,2,5 10,20,50,80,90 95,98,99,100)=(0.97,0.99,0.99,1.0 1.0,1.0,1.1,1.2,1.2 1.2,1.2,1.2,1.2), mean=1.1, stddev=0.057], linear-params-col-norms=[percentiles(0,1,2,5 10,20,50,80,90 95,98,99,100)=(0.67,0.69,0.70,0.71 0.72,0.73,0.78,0.83,0.84 0.86,0.88,0.89,0.93), mean=0.78, stddev=0.0486], bias-{mean,stddev}=-0.05807,1.063, rank-in=20, rank-out=80, num-samples-history=2000, update-period=4, alpha=4
component name=tdnn8.relu type=RectifiedLinearComponent, dim=768, self-repair-scale=1e-05, count=3.97e+04, self-repaired-proportion=0.0250326, value-avg=[percentiles(0,1,2,5 10,20,50,80,90 95,98,99,100)=(0,0.002,0.01,0.03 0.05,0.11,0.36,0.82,1.2 1.4,1.7,2.0,2.7), mean=0.5, stddev=0.453], deriv-avg=[percentiles(0,1,2,5 10,20,50,80,90 95,98,99,100)=(0,0.008,0.03,0.08 0.12,0.21,0.41,0.64,0.76 0.82,0.89,0.91,0.97), mean=0.427, stddev=0.233], oderiv-rms=[percentiles(0,1,2,5 10,20,50,80,90 95,98,99,100)=(0.002,0.002,0.002,0.002 0.002,0.003,0.003,0.003,0.004 0.004,0.004,0.004,0.004), mean=0.003, stddev=0.000475], oderiv-count=81920
component name=tdnn8.renorm type=NormalizeComponent, input-dim=768, output-dim=768, target-rms=1, add-log-stddev=false
component name=tdnn9.affine type=NaturalGradientAffineComponent, input-dim=1536, output-dim=768, learning-rate=0.000335808, max-change=0.75, linear-params-rms=0.02833, linear-params-row-norms=[percentiles(0,1,2,5 10,20,50,80,90 95,98,99,100)=(0.96,0.98,0.99,1.0 1.0,1.0,1.1,1.2,1.2 1.2,1.2,1.2,1.2), mean=1.11, stddev=0.0611], linear-params-col-norms=[percentiles(0,1,2,5 10,20,50,80,90 95,98,99,100)=(0.65,0.69,0.69,0.70 0.71,0.73,0.78,0.83,0.85 0.87,0.88,0.89,0.92), mean=0.783, stddev=0.0526], bias-{mean,stddev}=-0.05938,0.998, rank-in=20, rank-out=80, num-samples-history=2000, update-period=4, alpha=4
component name=tdnn9.relu type=RectifiedLinearComponent, dim=768, self-repair-scale=1e-05, count=3.69e+04, self-repaired-proportion=0.0375744, value-avg=[percentiles(0,1,2,5 10,20,50,80,90 95,98,99,100)=(0,0.0008,0.005,0.02 0.06,0.12,0.36,0.79,1.1 1.4,1.6,1.9,2.3), mean=0.485, stddev=0.432], deriv-avg=[percentiles(0,1,2,5 10,20,50,80,90 95,98,99,100)=(0,0.004,0.02,0.07 0.12,0.21,0.41,0.64,0.75 0.84,0.89,0.93,0.98), mean=0.423, stddev=0.231], oderiv-rms=[percentiles(0,1,2,5 10,20,50,80,90 95,98,99,100)=(0.002,0.002,0.003,0.003 0.003,0.003,0.004,0.004,0.004 0.004,0.005,0.005,0.005), mean=0.00349, stddev=0.000564], oderiv-count=49152
component name=tdnn9.renorm type=NormalizeComponent, input-dim=768, output-dim=768, target-rms=1, add-log-stddev=false
component name=tdnn10.affine type=NaturalGradientAffineComponent, input-dim=1536, output-dim=768, learning-rate=0.000335808, max-change=0.75, linear-params-rms=0.0283, linear-params-row-norms=[percentiles(0,1,2,5 10,20,50,80,90 95,98,99,100)=(0.97,0.98,0.99,1.0 1.0,1.0,1.1,1.2,1.2 1.2,1.2,1.2,1.3), mean=1.11, stddev=0.0608], linear-params-col-norms=[percentiles(0,1,2,5 10,20,50,80,90 95,98,99,100)=(0.63,0.68,0.69,0.70 0.72,0.73,0.78,0.83,0.85 0.86,0.88,0.89,0.92), mean=0.783, stddev=0.0508], bias-{mean,stddev}=0.02918,1.027, rank-in=20, rank-out=80, num-samples-history=2000, update-period=4, alpha=4
component name=tdnn10.relu type=RectifiedLinearComponent, dim=768, self-repair-scale=1e-05, count=3e+04, self-repaired-proportion=0.0565201, value-avg=[percentiles(0,1,2,5 10,20,50,80,90 95,98,99,100)=(0,0.0001,0.002,0.02 0.05,0.11,0.36,0.85,1.1 1.4,1.8,2.0,2.3), mean=0.502, stddev=0.456], deriv-avg=[percentiles(0,1,2,5 10,20,50,80,90 95,98,99,100)=(0,0.0008,0.01,0.05 0.11,0.20,0.42,0.66,0.78 0.85,0.92,0.95,0.98), mean=0.432, stddev=0.244], oderiv-rms=[percentiles(0,1,2,5 10,20,50,80,90 95,98,99,100)=(0.002,0.003,0.003,0.003 0.003,0.003,0.004,0.004,0.005 0.005,0.005,0.005,0.005), mean=0.00372, stddev=0.000644], oderiv-count=46080
component name=tdnn10.renorm type=NormalizeComponent, input-dim=768, output-dim=768, target-rms=1, add-log-stddev=false
component name=tdnn11.affine type=NaturalGradientAffineComponent, input-dim=1536, output-dim=768, learning-rate=0.000335808, max-change=0.75, linear-params-rms=0.02824, linear-params-row-norms=[percentiles(0,1,2,5 10,20,50,80,90 95,98,99,100)=(0.96,0.97,0.98,1.0 1.0,1.0,1.1,1.2,1.2 1.2,1.2,1.2,1.2), mean=1.1, stddev=0.0644], linear-params-col-norms=[percentiles(0,1,2,5 10,20,50,80,90 95,98,99,100)=(0.65,0.69,0.69,0.70 0.71,0.73,0.78,0.83,0.85 0.86,0.88,0.89,0.93), mean=0.781, stddev=0.0503], bias-{mean,stddev}=0.03174,1.019, rank-in=20, rank-out=80, num-samples-history=2000, update-period=4, alpha=4
component name=tdnn11.relu type=RectifiedLinearComponent, dim=768, self-repair-scale=1e-05, count=1.59e+04, self-repaired-proportion=0.107928, value-avg=[percentiles(0,1,2,5 10,20,50,80,90 95,98,99,100)=(0,7e-05,0.0003,0.006 0.02,0.09,0.34,0.83,1.2 1.6,2.0,2.1,2.6), mean=0.5, stddev=0.501], deriv-avg=[percentiles(0,1,2,5 10,20,50,80,90 95,98,99,100)=(0,0.0006,0.002,0.02 0.06,0.17,0.41,0.66,0.80 0.90,0.96,0.97,1.0), mean=0.422, stddev=0.262], oderiv-rms=[percentiles(0,1,2,5 10,20,50,80,90 95,98,99,100)=(0.003,0.003,0.003,0.003 0.003,0.004,0.004,0.005,0.005 0.006,0.006,0.006,0.007), mean=0.00445, stddev=0.000785], oderiv-count=29184
component name=tdnn11.renorm type=NormalizeComponent, input-dim=768, output-dim=768, target-rms=1, add-log-stddev=false
component name=tdnnFINAL.affine type=NaturalGradientAffineComponent, input-dim=1536, output-dim=768, learning-rate=0.000335808, max-change=0.75, linear-params-rms=0.02829, linear-params-row-norms=[percentiles(0,1,2,5 10,20,50,80,90 95,98,99,100)=(0.97,0.98,0.98,1.0 1.0,1.0,1.1,1.2,1.2 1.2,1.2,1.2,1.3), mean=1.11, stddev=0.07], linear-params-col-norms=[percentiles(0,1,2,5 10,20,50,80,90 95,98,99,100)=(0.65,0.68,0.69,0.70 0.71,0.72,0.78,0.83,0.86 0.87,0.90,0.91,0.95), mean=0.782, stddev=0.0565], bias-{mean,stddev}=-0.06729,0.9591, rank-in=20, rank-out=80, num-samples-history=2000, update-period=4, alpha=4
component name=tdnnFINAL.relu type=RectifiedLinearComponent, dim=768, self-repair-scale=1e-05, count=8.7e+03, self-repaired-proportion=0.116448, value-avg=[percentiles(0,1,2,5 10,20,50,80,90 95,98,99,100)=(0,1e-05,0.0001,0.002 0.01,0.06,0.30,0.70,0.97 1.2,1.5,1.8,2.4), mean=0.414, stddev=0.405], deriv-avg=[percentiles(0,1,2,5 10,20,50,80,90 95,98,99,100)=(0,0.0002,0.0007,0.007 0.04,0.13,0.36,0.59,0.70 0.79,0.90,0.92,1.0), mean=0.376, stddev=0.241], oderiv-rms=[percentiles(0,1,2,5 10,20,50,80,90 95,98,99,100)=(0.004,0.004,0.005,0.005 0.005,0.005,0.007,0.008,0.008 0.009,0.009,0.009,0.01), mean=0.00654, stddev=0.00126], oderiv-count=13056
component name=tdnnFINAL.renorm type=NormalizeComponent, input-dim=768, output-dim=768, target-rms=1, add-log-stddev=false
component name=prefinal-affine-task-0.affine type=NaturalGradientAffineComponent, input-dim=768, output-dim=768, learning-rate=0.000335808, max-change=0.75, linear-params-rms=0.03808, linear-params-row-norms=[percentiles(0,1,2,5 10,20,50,80,90 95,98,99,100)=(0.92,0.95,0.96,0.97 0.98,1.0,1.1,1.1,1.1 1.1,1.2,1.2,1.2), mean=1.05, stddev=0.0547], linear-params-col-norms=[percentiles(0,1,2,5 10,20,50,80,90 95,98,99,100)=(0.94,0.96,0.97,0.98 0.99,1.0,1.1,1.1,1.1 1.1,1.2,1.2,1.2), mean=1.05, stddev=0.0487], bias-{mean,stddev}=0.0007631,1.006, rank-in=20, rank-out=80, num-samples-history=2000, update-period=4, alpha=4
component name=prefinal-affine-task-0.relu type=RectifiedLinearComponent, dim=768, self-repair-scale=1e-05, count=4.86e+03, self-repaired-proportion=0.133073, value-avg=[percentiles(0,1,2,5 10,20,50,80,90 95,98,99,100)=(0,0,7e-06,0.0007 0.006,0.04,0.28,0.63,0.75 0.86,0.98,1.1,1.3), mean=0.341, stddev=0.294], deriv-avg=[percentiles(0,1,2,5 10,20,50,80,90 95,98,99,100)=(0,0,0.0004,0.003 0.02,0.11,0.37,0.60,0.67 0.71,0.75,0.77,0.80), mean=0.364, stddev=0.233], oderiv-rms=[percentiles(0,1,2,5 10,20,50,80,90 95,98,99,100)=(7e-09,8e-06,2e-05,0.0002 0.0005,0.001,0.007,0.008,0.009 0.01,0.01,0.01,0.01), mean=0.00548, stddev=0.00325], oderiv-count=7168
component name=prefinal-affine-task-0.renorm type=NormalizeComponent, input-dim=768, output-dim=768, target-rms=1, add-log-stddev=false
component name=output-0.affine type=NaturalGradientAffineComponent, input-dim=768, output-dim=152, learning-rate=0.000335808, max-change=1.5, linear-params-rms=0.04619, linear-params-row-norms=[percentiles(0,1,2,5 10,20,50,80,90 95,98,99,100)=(0.13,0.52,0.87,0.93 1.0,1.1,1.3,1.4,1.5 1.5,1.6,1.6,1.7), mean=1.26, stddev=0.206], linear-params-col-norms=[percentiles(0,1,2,5 10,20,50,80,90 95,98,99,100)=(6e-07,0.0005,0.002,0.009 0.03,0.11,0.57,0.77,0.83 0.87,0.93,0.94,1.1), mean=0.482, stddev=0.304], bias-{mean,stddev}=-4.52e-08,0.003288, rank-in=20, rank-out=76, num-samples-history=2000, update-period=4, alpha=4
component name=output-0.log-softmax type=LogSoftmaxComponent, dim=152, oderiv-rms=[percentiles(0,1,2,5 10,20,50,80,90 95,98,99,100)=(0,0.009,0.02,0.02 0.03,0.04,0.05,0.07,0.08 0.10,0.13,0.19,0.24), mean=0.0569, stddev=0.0312], oderiv-count=7168
component name=prefinal-affine-task-1.affine type=NaturalGradientAffineComponent, input-dim=768, output-dim=768, learning-rate=0.000335808, max-change=0.75, linear-params-rms=0.03615, linear-params-row-norms=[percentiles(0,1,2,5 10,20,50,80,90 95,98,99,100)=(0.91,0.94,0.95,0.96 0.97,0.98,1.0,1.0,1.0 1.0,1.1,1.1,1.1), mean=1, stddev=0.0269], linear-params-col-norms=[percentiles(0,1,2,5 10,20,50,80,90 95,98,99,100)=(0.92,0.94,0.95,0.96 0.97,0.98,1.0,1.0,1.0 1.0,1.1,1.1,1.1), mean=1, stddev=0.0261], bias-{mean,stddev}=-0.07014,1.031, rank-in=20, rank-out=80, num-samples-history=2000, update-period=4, alpha=4
component name=prefinal-affine-task-1.relu type=RectifiedLinearComponent, dim=768, self-repair-scale=1e-05, count=5.12e+03, self-repaired-proportion=0.159749, value-avg=[percentiles(0,1,2,5 10,20,50,80,90 95,98,99,100)=(0,0,6e-05,0.0006 0.004,0.03,0.26,0.58,0.75 0.86,0.97,1.1,1.4), mean=0.321, stddev=0.292], deriv-avg=[percentiles(0,1,2,5 10,20,50,80,90 95,98,99,100)=(0,0,0.0004,0.003 0.02,0.08,0.43,0.70,0.78 0.82,0.87,0.90,0.94), mean=0.408, stddev=0.282], oderiv-rms=[percentiles(0,1,2,5 10,20,50,80,90 95,98,99,100)=(3e-09,2e-06,1e-05,7e-05 0.0002,0.0009,0.005,0.006,0.007 0.007,0.008,0.008,0.01), mean=0.00386, stddev=0.00247], oderiv-count=7424
component name=prefinal-affine-task-1.renorm type=NormalizeComponent, input-dim=768, output-dim=768, target-rms=1, add-log-stddev=false
component name=output-1.affine type=NaturalGradientAffineComponent, input-dim=768, output-dim=192, learning-rate=0.000335808, max-change=1.5, linear-params-rms=0.02411, linear-params-row-norms=[percentiles(0,1,2,5 10,20,50,80,90 95,98,99,100)=(0.07,0.07,0.07,0.07 0.07,0.07,0.07,1.0,1.1 1.1,1.2,1.2,1.3), mean=0.484, stddev=0.461], linear-params-col-norms=[percentiles(0,1,2,5 10,20,50,80,90 95,98,99,100)=(3e-07,9e-05,0.0009,0.004 0.02,0.07,0.33,0.46,0.50 0.53,0.55,0.56,0.60), mean=0.281, stddev=0.181], bias-{mean,stddev}=2.632e-08,0.002037, rank-in=20, rank-out=80, num-samples-history=2000, update-period=4, alpha=4
component name=output-1.log-softmax type=LogSoftmaxComponent, dim=192, oderiv-rms=[percentiles(0,1,2,5 10,20,50,80,90 95,98,99,100)=(0,0,0,0 0,0,0,0.02,0.02 0.03,0.05,0.05,0.07), mean=0.00808, stddev=0.012], oderiv-count=7680
nnet3-show-progress --use-gpu=no MTL/exp/nnet3/multitask/52.raw MTL/exp/nnet3/multitask/53.raw 
LOG (nnet3-show-progress[5.4.217~1-8ae5]:SelectGpuId():cu-device.cc:123) Manually selected to compute on CPU.
LOG (nnet3-show-progress[5.4.217~1-8ae5]:main():nnet3-show-progress.cc:143) Parameter differences per layer are [ tdnn1.affine:0.199965 tdnn2.affine:0.122884 tdnn3.affine:0.168266 tdnn4.affine:0.189147 tdnn5.affine:0.204267 tdnn6.affine:0.221306 tdnn7.affine:0.238158 tdnn8.affine:0.248723 tdnn9.affine:0.25435 tdnn10.affine:0.250388 tdnn11.affine:0.243653 tdnnFINAL.affine:0.244154 prefinal-affine-task-0.affine:0.130904 output-0.affine:0.118085 prefinal-affine-task-1.affine:0.100447 output-1.affine:0.082866 ]
LOG (nnet3-show-progress[5.4.217~1-8ae5]:main():nnet3-show-progress.cc:153) Norms of parameter matrices from <new-nnet-in> are [ tdnn1.affine:42.5563 tdnn2.affine:41.037 tdnn3.affine:40.6042 tdnn4.affine:40.6321 tdnn5.affine:41.011 tdnn6.affine:41.0636 tdnn7.affine:40.6596 tdnn8.affine:42.5187 tdnn9.affine:41.4079 tdnn10.affine:41.9029 tdnn11.affine:41.7012 tdnnFINAL.affine:40.6714 prefinal-affine-task-0.affine:40.406 output-0.affine:15.7824 prefinal-affine-task-1.affine:39.8921 output-1.affine:9.25768 ]
LOG (nnet3-show-progress[5.4.217~1-8ae5]:main():nnet3-show-progress.cc:157) Relative parameter differences per layer are [ tdnn1.affine:0.00469898 tdnn2.affine:0.00299456 tdnn3.affine:0.00414428 tdnn4.affine:0.00465534 tdnn5.affine:0.00498111 tdnn6.affine:0.00538972 tdnn7.affine:0.00585785 tdnn8.affine:0.00585025 tdnn9.affine:0.00614304 tdnn10.affine:0.00597586 tdnn11.affine:0.00584319 tdnnFINAL.affine:0.00600339 prefinal-affine-task-0.affine:0.0032397 output-0.affine:0.00749455 prefinal-affine-task-1.affine:0.00251794 output-1.affine:0.00898197 ]
# Accounting: time=3 threads=1
# Ended (code 0) at Fri Jul 27 02:22:15 UTC 2018, elapsed time 3 seconds
