# nnet3-info MTL/exp/nnet3/multitask/79.raw && nnet3-show-progress --use-gpu=no MTL/exp/nnet3/multitask/78.raw MTL/exp/nnet3/multitask/79.raw 
# Started at Sat Jul 28 03:20:32 UTC 2018
#
nnet3-info MTL/exp/nnet3/multitask/79.raw 
num-parameters: 13897312
modulus: 1
input-node name=input dim=13
component-node name=tdnn1.affine component=tdnn1.affine input=Append(Offset(input, -2), Offset(input, -1), input, Offset(input, 1), Offset(input, 2)) input-dim=65 output-dim=768
component-node name=tdnn1.relu component=tdnn1.relu input=tdnn1.affine input-dim=768 output-dim=768
component-node name=tdnn1.renorm component=tdnn1.renorm input=tdnn1.relu input-dim=768 output-dim=768
component-node name=tdnn2.affine component=tdnn2.affine input=tdnn1.renorm input-dim=768 output-dim=768
component-node name=tdnn2.relu component=tdnn2.relu input=tdnn2.affine input-dim=768 output-dim=768
component-node name=tdnn2.renorm component=tdnn2.renorm input=tdnn2.relu input-dim=768 output-dim=768
component-node name=tdnn3.affine component=tdnn3.affine input=Append(Offset(tdnn2.renorm, -1), Offset(tdnn2.renorm, 2)) input-dim=1536 output-dim=768
component-node name=tdnn3.relu component=tdnn3.relu input=tdnn3.affine input-dim=768 output-dim=768
component-node name=tdnn3.renorm component=tdnn3.renorm input=tdnn3.relu input-dim=768 output-dim=768
component-node name=tdnn4.affine component=tdnn4.affine input=Append(Offset(tdnn3.renorm, -3), Offset(tdnn3.renorm, 3)) input-dim=1536 output-dim=768
component-node name=tdnn4.relu component=tdnn4.relu input=tdnn4.affine input-dim=768 output-dim=768
component-node name=tdnn4.renorm component=tdnn4.renorm input=tdnn4.relu input-dim=768 output-dim=768
component-node name=tdnn5.affine component=tdnn5.affine input=Append(Offset(tdnn4.renorm, -3), Offset(tdnn4.renorm, 3)) input-dim=1536 output-dim=768
component-node name=tdnn5.relu component=tdnn5.relu input=tdnn5.affine input-dim=768 output-dim=768
component-node name=tdnn5.renorm component=tdnn5.renorm input=tdnn5.relu input-dim=768 output-dim=768
component-node name=tdnn6.affine component=tdnn6.affine input=Append(Offset(tdnn5.renorm, -3), Offset(tdnn5.renorm, 3)) input-dim=1536 output-dim=768
component-node name=tdnn6.relu component=tdnn6.relu input=tdnn6.affine input-dim=768 output-dim=768
component-node name=tdnn6.renorm component=tdnn6.renorm input=tdnn6.relu input-dim=768 output-dim=768
component-node name=tdnn7.affine component=tdnn7.affine input=Append(Offset(tdnn6.renorm, -3), Offset(tdnn6.renorm, 3)) input-dim=1536 output-dim=768
component-node name=tdnn7.relu component=tdnn7.relu input=tdnn7.affine input-dim=768 output-dim=768
component-node name=tdnn7.renorm component=tdnn7.renorm input=tdnn7.relu input-dim=768 output-dim=768
component-node name=tdnn8.affine component=tdnn8.affine input=Append(Offset(tdnn7.renorm, -3), Offset(tdnn7.renorm, 3)) input-dim=1536 output-dim=768
component-node name=tdnn8.relu component=tdnn8.relu input=tdnn8.affine input-dim=768 output-dim=768
component-node name=tdnn8.renorm component=tdnn8.renorm input=tdnn8.relu input-dim=768 output-dim=768
component-node name=tdnn9.affine component=tdnn9.affine input=Append(Offset(tdnn8.renorm, -3), Offset(tdnn8.renorm, 3)) input-dim=1536 output-dim=768
component-node name=tdnn9.relu component=tdnn9.relu input=tdnn9.affine input-dim=768 output-dim=768
component-node name=tdnn9.renorm component=tdnn9.renorm input=tdnn9.relu input-dim=768 output-dim=768
component-node name=tdnn10.affine component=tdnn10.affine input=Append(Offset(tdnn9.renorm, -3), Offset(tdnn9.renorm, 3)) input-dim=1536 output-dim=768
component-node name=tdnn10.relu component=tdnn10.relu input=tdnn10.affine input-dim=768 output-dim=768
component-node name=tdnn10.renorm component=tdnn10.renorm input=tdnn10.relu input-dim=768 output-dim=768
component-node name=tdnn11.affine component=tdnn11.affine input=Append(Offset(tdnn10.renorm, -3), Offset(tdnn10.renorm, 3)) input-dim=1536 output-dim=768
component-node name=tdnn11.relu component=tdnn11.relu input=tdnn11.affine input-dim=768 output-dim=768
component-node name=tdnn11.renorm component=tdnn11.renorm input=tdnn11.relu input-dim=768 output-dim=768
component-node name=tdnnFINAL.affine component=tdnnFINAL.affine input=Append(Offset(tdnn11.renorm, -3), Offset(tdnn11.renorm, 3)) input-dim=1536 output-dim=768
component-node name=tdnnFINAL.relu component=tdnnFINAL.relu input=tdnnFINAL.affine input-dim=768 output-dim=768
component-node name=tdnnFINAL.renorm component=tdnnFINAL.renorm input=tdnnFINAL.relu input-dim=768 output-dim=768
component-node name=prefinal-affine-task-0.affine component=prefinal-affine-task-0.affine input=tdnnFINAL.renorm input-dim=768 output-dim=768
component-node name=prefinal-affine-task-0.relu component=prefinal-affine-task-0.relu input=prefinal-affine-task-0.affine input-dim=768 output-dim=768
component-node name=prefinal-affine-task-0.renorm component=prefinal-affine-task-0.renorm input=prefinal-affine-task-0.relu input-dim=768 output-dim=768
component-node name=output-0.affine component=output-0.affine input=prefinal-affine-task-0.renorm input-dim=768 output-dim=168
component-node name=output-0.log-softmax component=output-0.log-softmax input=output-0.affine input-dim=168 output-dim=168
output-node name=output-0 input=output-0.log-softmax dim=168 objective=linear
component-node name=prefinal-affine-task-1.affine component=prefinal-affine-task-1.affine input=tdnnFINAL.renorm input-dim=768 output-dim=768
component-node name=prefinal-affine-task-1.relu component=prefinal-affine-task-1.relu input=prefinal-affine-task-1.affine input-dim=768 output-dim=768
component-node name=prefinal-affine-task-1.renorm component=prefinal-affine-task-1.renorm input=prefinal-affine-task-1.relu input-dim=768 output-dim=768
component-node name=output-1.affine component=output-1.affine input=prefinal-affine-task-1.renorm input-dim=768 output-dim=184
component-node name=output-1.log-softmax component=output-1.log-softmax input=output-1.affine input-dim=184 output-dim=184
output-node name=output-1 input=output-1.log-softmax dim=184 objective=linear
component name=tdnn1.affine type=NaturalGradientAffineComponent, input-dim=65, output-dim=768, learning-rate=0.000488193, max-change=0.75, linear-params-rms=0.1472, linear-params-row-norms=[percentiles(0,1,2,5 10,20,50,80,90 95,98,99,100)=(0.76,0.83,0.88,0.92 0.96,1.0,1.1,1.3,1.4 1.5,1.6,1.7,1.9), mean=1.17, stddev=0.182], linear-params-col-norms=[percentiles(0,1,2,5 10,20,50,80,90 95,98,99,100)=(3.6,3.6,3.7,3.7 3.8,3.9,4.0,4.2,4.3 4.4,4.6,4.6,4.7), mean=4.07, stddev=0.22], bias-{mean,stddev}=0.02839,1.034, rank-in=20, rank-out=80, num-samples-history=2000, update-period=4, alpha=4
component name=tdnn1.relu type=RectifiedLinearComponent, dim=768, self-repair-scale=1e-05, count=1.89e+05, self-repaired-proportion=0, value-avg=[percentiles(0,1,2,5 10,20,50,80,90 95,98,99,100)=(0.01,0.02,0.03,0.03 0.04,0.07,0.32,1.4,1.7 2.1,2.8,3.2,5.7), mean=0.684, stddev=0.779], deriv-avg=[percentiles(0,1,2,5 10,20,50,80,90 95,98,99,100)=(0.06,0.07,0.07,0.08 0.10,0.13,0.39,0.86,0.90 0.91,0.93,0.93,0.94), mean=0.476, stddev=0.318], oderiv-rms=[percentiles(0,1,2,5 10,20,50,80,90 95,98,99,100)=(0.0004,0.0004,0.0004,0.0004 0.0005,0.0005,0.0006,0.0008,0.0009 0.001,0.001,0.001,0.001), mean=0.000628, stddev=0.000169], oderiv-count=281600
component name=tdnn1.renorm type=NormalizeComponent, input-dim=768, output-dim=768, target-rms=1, add-log-stddev=false
component name=tdnn2.affine type=NaturalGradientAffineComponent, input-dim=768, output-dim=768, learning-rate=0.000488193, max-change=0.75, linear-params-rms=0.03812, linear-params-row-norms=[percentiles(0,1,2,5 10,20,50,80,90 95,98,99,100)=(0.94,0.96,0.97,0.99 1.0,1.0,1.1,1.1,1.1 1.1,1.2,1.2,1.2), mean=1.06, stddev=0.0435], linear-params-col-norms=[percentiles(0,1,2,5 10,20,50,80,90 95,98,99,100)=(0.92,0.96,0.97,0.98 0.99,1.0,1.0,1.1,1.1 1.2,1.2,1.2,1.3), mean=1.05, stddev=0.0539], bias-{mean,stddev}=0.01178,1.051, rank-in=20, rank-out=80, num-samples-history=2000, update-period=4, alpha=4
component name=tdnn2.relu type=RectifiedLinearComponent, dim=768, self-repair-scale=1e-05, count=1.64e+05, self-repaired-proportion=0, value-avg=[percentiles(0,1,2,5 10,20,50,80,90 95,98,99,100)=(0.02,0.02,0.03,0.04 0.06,0.09,0.34,0.95,1.3 1.6,1.9,2.1,2.8), mean=0.526, stddev=0.513], deriv-avg=[percentiles(0,1,2,5 10,20,50,80,90 95,98,99,100)=(0.06,0.09,0.10,0.13 0.15,0.21,0.42,0.72,0.83 0.88,0.90,0.91,0.93), mean=0.461, stddev=0.245], oderiv-rms=[percentiles(0,1,2,5 10,20,50,80,90 95,98,99,100)=(0.0004,0.0004,0.0004,0.0004 0.0004,0.0005,0.0005,0.0007,0.0008 0.0008,0.0009,0.0009,0.001), mean=0.000573, stddev=0.000125], oderiv-count=235520
component name=tdnn2.renorm type=NormalizeComponent, input-dim=768, output-dim=768, target-rms=1, add-log-stddev=false
component name=tdnn3.affine type=NaturalGradientAffineComponent, input-dim=1536, output-dim=768, learning-rate=0.000488193, max-change=0.75, linear-params-rms=0.02761, linear-params-row-norms=[percentiles(0,1,2,5 10,20,50,80,90 95,98,99,100)=(0.98,1.0,1.0,1.0 1.0,1.0,1.1,1.1,1.1 1.2,1.2,1.2,1.2), mean=1.08, stddev=0.0456], linear-params-col-norms=[percentiles(0,1,2,5 10,20,50,80,90 95,98,99,100)=(0.66,0.69,0.69,0.70 0.71,0.72,0.76,0.81,0.83 0.85,0.87,0.88,0.92), mean=0.764, stddev=0.0465], bias-{mean,stddev}=0.01776,1.008, rank-in=20, rank-out=80, num-samples-history=2000, update-period=4, alpha=4
component name=tdnn3.relu type=RectifiedLinearComponent, dim=768, self-repair-scale=1e-05, count=6.91e+04, self-repaired-proportion=0, value-avg=[percentiles(0,1,2,5 10,20,50,80,90 95,98,99,100)=(0.02,0.03,0.04,0.05 0.08,0.14,0.41,0.96,1.3 1.6,2.0,2.2,3.0), mean=0.58, stddev=0.515], deriv-avg=[percentiles(0,1,2,5 10,20,50,80,90 95,98,99,100)=(0.08,0.10,0.10,0.13 0.17,0.23,0.42,0.64,0.75 0.82,0.87,0.89,0.93), mean=0.441, stddev=0.215], oderiv-rms=[percentiles(0,1,2,5 10,20,50,80,90 95,98,99,100)=(0.0005,0.0006,0.0006,0.0006 0.0006,0.0007,0.0008,0.001,0.001 0.001,0.002,0.002,0.002), mean=0.000896, stddev=0.000232], oderiv-count=125440
component name=tdnn3.renorm type=NormalizeComponent, input-dim=768, output-dim=768, target-rms=1, add-log-stddev=false
component name=tdnn4.affine type=NaturalGradientAffineComponent, input-dim=1536, output-dim=768, learning-rate=0.000488193, max-change=0.75, linear-params-rms=0.02774, linear-params-row-norms=[percentiles(0,1,2,5 10,20,50,80,90 95,98,99,100)=(0.96,0.99,1.0,1.0 1.0,1.0,1.1,1.1,1.2 1.2,1.2,1.2,1.2), mean=1.09, stddev=0.0503], linear-params-col-norms=[percentiles(0,1,2,5 10,20,50,80,90 95,98,99,100)=(0.65,0.68,0.69,0.70 0.71,0.73,0.76,0.81,0.83 0.85,0.88,0.89,0.94), mean=0.767, stddev=0.0476], bias-{mean,stddev}=0.00747,1.004, rank-in=20, rank-out=80, num-samples-history=2000, update-period=4, alpha=4
component name=tdnn4.relu type=RectifiedLinearComponent, dim=768, self-repair-scale=1e-05, count=8.52e+04, self-repaired-proportion=0, value-avg=[percentiles(0,1,2,5 10,20,50,80,90 95,98,99,100)=(0.02,0.03,0.04,0.05 0.08,0.13,0.41,0.88,1.3 1.5,1.9,2.0,2.5), mean=0.549, stddev=0.482], deriv-avg=[percentiles(0,1,2,5 10,20,50,80,90 95,98,99,100)=(0.06,0.08,0.09,0.12 0.16,0.22,0.42,0.63,0.74 0.80,0.86,0.89,0.93), mean=0.429, stddev=0.212], oderiv-rms=[percentiles(0,1,2,5 10,20,50,80,90 95,98,99,100)=(0.0006,0.0007,0.0007,0.0007 0.0008,0.0008,0.001,0.001,0.001 0.002,0.002,0.002,0.003), mean=0.00106, stddev=0.000272], oderiv-count=117504
component name=tdnn4.renorm type=NormalizeComponent, input-dim=768, output-dim=768, target-rms=1, add-log-stddev=false
component name=tdnn5.affine type=NaturalGradientAffineComponent, input-dim=1536, output-dim=768, learning-rate=0.000488193, max-change=0.75, linear-params-rms=0.02793, linear-params-row-norms=[percentiles(0,1,2,5 10,20,50,80,90 95,98,99,100)=(0.98,1.0,1.0,1.0 1.0,1.0,1.1,1.1,1.2 1.2,1.2,1.2,1.2), mean=1.09, stddev=0.0505], linear-params-col-norms=[percentiles(0,1,2,5 10,20,50,80,90 95,98,99,100)=(0.65,0.69,0.70,0.71 0.71,0.73,0.77,0.82,0.84 0.86,0.88,0.90,0.98), mean=0.773, stddev=0.0488], bias-{mean,stddev}=0.02203,1.014, rank-in=20, rank-out=80, num-samples-history=2000, update-period=4, alpha=4
component name=tdnn5.relu type=RectifiedLinearComponent, dim=768, self-repair-scale=1e-05, count=6.14e+04, self-repaired-proportion=0, value-avg=[percentiles(0,1,2,5 10,20,50,80,90 95,98,99,100)=(0.02,0.03,0.04,0.06 0.09,0.17,0.41,0.93,1.2 1.5,1.8,2.0,2.6), mean=0.559, stddev=0.464], deriv-avg=[percentiles(0,1,2,5 10,20,50,80,90 95,98,99,100)=(0.06,0.09,0.10,0.13 0.17,0.25,0.43,0.64,0.74 0.80,0.85,0.89,0.94), mean=0.446, stddev=0.206], oderiv-rms=[percentiles(0,1,2,5 10,20,50,80,90 95,98,99,100)=(0.0007,0.0008,0.0008,0.0008 0.0008,0.0009,0.001,0.001,0.001 0.002,0.002,0.002,0.003), mean=0.00113, stddev=0.000252], oderiv-count=104448
component name=tdnn5.renorm type=NormalizeComponent, input-dim=768, output-dim=768, target-rms=1, add-log-stddev=false
component name=tdnn6.affine type=NaturalGradientAffineComponent, input-dim=1536, output-dim=768, learning-rate=0.000488193, max-change=0.75, linear-params-rms=0.02817, linear-params-row-norms=[percentiles(0,1,2,5 10,20,50,80,90 95,98,99,100)=(0.99,1.0,1.0,1.0 1.0,1.1,1.1,1.1,1.2 1.2,1.2,1.2,1.2), mean=1.1, stddev=0.0493], linear-params-col-norms=[percentiles(0,1,2,5 10,20,50,80,90 95,98,99,100)=(0.66,0.69,0.70,0.71 0.72,0.73,0.78,0.82,0.84 0.86,0.88,0.89,0.93), mean=0.779, stddev=0.0478], bias-{mean,stddev}=0.0458,1.007, rank-in=20, rank-out=80, num-samples-history=2000, update-period=4, alpha=4
component name=tdnn6.relu type=RectifiedLinearComponent, dim=768, self-repair-scale=1e-05, count=3.94e+04, self-repaired-proportion=0, value-avg=[percentiles(0,1,2,5 10,20,50,80,90 95,98,99,100)=(0.02,0.04,0.05,0.07 0.11,0.18,0.40,0.86,1.2 1.5,1.9,2.1,2.7), mean=0.545, stddev=0.455], deriv-avg=[percentiles(0,1,2,5 10,20,50,80,90 95,98,99,100)=(0.06,0.08,0.11,0.15 0.19,0.26,0.42,0.62,0.73 0.80,0.86,0.89,0.92), mean=0.443, stddev=0.2], oderiv-rms=[percentiles(0,1,2,5 10,20,50,80,90 95,98,99,100)=(0.0008,0.0008,0.0009,0.0009 0.001,0.001,0.001,0.001,0.001 0.002,0.002,0.002,0.002), mean=0.00121, stddev=0.000222], oderiv-count=93184
component name=tdnn6.renorm type=NormalizeComponent, input-dim=768, output-dim=768, target-rms=1, add-log-stddev=false
component name=tdnn7.affine type=NaturalGradientAffineComponent, input-dim=1536, output-dim=768, learning-rate=0.000488193, max-change=0.75, linear-params-rms=0.02842, linear-params-row-norms=[percentiles(0,1,2,5 10,20,50,80,90 95,98,99,100)=(0.98,1.0,1.0,1.0 1.0,1.1,1.1,1.2,1.2 1.2,1.2,1.2,1.3), mean=1.11, stddev=0.0517], linear-params-col-norms=[percentiles(0,1,2,5 10,20,50,80,90 95,98,99,100)=(0.63,0.69,0.70,0.71 0.72,0.74,0.79,0.83,0.85 0.87,0.88,0.90,0.98), mean=0.786, stddev=0.0483], bias-{mean,stddev}=0.01654,0.9737, rank-in=20, rank-out=80, num-samples-history=2000, update-period=4, alpha=4
component name=tdnn7.relu type=RectifiedLinearComponent, dim=768, self-repair-scale=1e-05, count=5.84e+04, self-repaired-proportion=0.00382487, value-avg=[percentiles(0,1,2,5 10,20,50,80,90 95,98,99,100)=(0.0007,0.04,0.06,0.09 0.12,0.18,0.41,0.84,1.1 1.5,1.8,2.0,3.6), mean=0.544, stddev=0.458], deriv-avg=[percentiles(0,1,2,5 10,20,50,80,90 95,98,99,100)=(0.003,0.09,0.12,0.17 0.20,0.27,0.42,0.63,0.73 0.80,0.86,0.92,1.0), mean=0.447, stddev=0.196], oderiv-rms=[percentiles(0,1,2,5 10,20,50,80,90 95,98,99,100)=(0.0009,0.0009,0.001,0.001 0.001,0.001,0.001,0.002,0.002 0.002,0.002,0.002,0.003), mean=0.00135, stddev=0.000244], oderiv-count=73728
component name=tdnn7.renorm type=NormalizeComponent, input-dim=768, output-dim=768, target-rms=1, add-log-stddev=false
component name=tdnn8.affine type=NaturalGradientAffineComponent, input-dim=1536, output-dim=768, learning-rate=0.000488193, max-change=0.75, linear-params-rms=0.02862, linear-params-row-norms=[percentiles(0,1,2,5 10,20,50,80,90 95,98,99,100)=(0.97,1.0,1.0,1.0 1.0,1.1,1.1,1.2,1.2 1.2,1.2,1.2,1.3), mean=1.12, stddev=0.0606], linear-params-col-norms=[percentiles(0,1,2,5 10,20,50,80,90 95,98,99,100)=(0.67,0.70,0.71,0.72 0.73,0.75,0.79,0.84,0.86 0.87,0.89,0.90,0.95), mean=0.792, stddev=0.0494], bias-{mean,stddev}=-0.05805,1.063, rank-in=20, rank-out=80, num-samples-history=2000, update-period=4, alpha=4
component name=tdnn8.relu type=RectifiedLinearComponent, dim=768, self-repair-scale=1e-05, count=4.48e+04, self-repaired-proportion=0.00524172, value-avg=[percentiles(0,1,2,5 10,20,50,80,90 95,98,99,100)=(0.0008,0.02,0.03,0.05 0.08,0.15,0.37,0.89,1.2 1.6,1.9,2.2,2.7), mean=0.54, stddev=0.497], deriv-avg=[percentiles(0,1,2,5 10,20,50,80,90 95,98,99,100)=(0.005,0.06,0.07,0.11 0.15,0.23,0.41,0.63,0.74 0.83,0.89,0.92,0.96), mean=0.432, stddev=0.22], oderiv-rms=[percentiles(0,1,2,5 10,20,50,80,90 95,98,99,100)=(0.0009,0.001,0.001,0.001 0.001,0.001,0.001,0.002,0.002 0.002,0.002,0.002,0.002), mean=0.00144, stddev=0.00026], oderiv-count=62720
component name=tdnn8.renorm type=NormalizeComponent, input-dim=768, output-dim=768, target-rms=1, add-log-stddev=false
component name=tdnn9.affine type=NaturalGradientAffineComponent, input-dim=1536, output-dim=768, learning-rate=0.000488193, max-change=0.75, linear-params-rms=0.02884, linear-params-row-norms=[percentiles(0,1,2,5 10,20,50,80,90 95,98,99,100)=(0.96,0.99,1.0,1.0 1.0,1.1,1.1,1.2,1.2 1.2,1.2,1.2,1.3), mean=1.13, stddev=0.0652], linear-params-col-norms=[percentiles(0,1,2,5 10,20,50,80,90 95,98,99,100)=(0.66,0.69,0.70,0.71 0.72,0.74,0.79,0.85,0.87 0.89,0.91,0.92,0.97), mean=0.797, stddev=0.0572], bias-{mean,stddev}=-0.05935,0.998, rank-in=20, rank-out=80, num-samples-history=2000, update-period=4, alpha=4
component name=tdnn9.relu type=RectifiedLinearComponent, dim=768, self-repair-scale=1e-05, count=4.2e+04, self-repaired-proportion=0.0150971, value-avg=[percentiles(0,1,2,5 10,20,50,80,90 95,98,99,100)=(0,0.004,0.02,0.05 0.08,0.15,0.39,0.83,1.1 1.4,1.7,1.9,2.4), mean=0.516, stddev=0.44], deriv-avg=[percentiles(0,1,2,5 10,20,50,80,90 95,98,99,100)=(0,0.02,0.06,0.11 0.16,0.24,0.43,0.62,0.73 0.81,0.87,0.90,0.98), mean=0.433, stddev=0.212], oderiv-rms=[percentiles(0,1,2,5 10,20,50,80,90 95,98,99,100)=(0.001,0.001,0.001,0.001 0.001,0.002,0.002,0.002,0.002 0.002,0.003,0.003,0.003), mean=0.00185, stddev=0.000368], oderiv-count=51200
component name=tdnn9.renorm type=NormalizeComponent, input-dim=768, output-dim=768, target-rms=1, add-log-stddev=false
component name=tdnn10.affine type=NaturalGradientAffineComponent, input-dim=1536, output-dim=768, learning-rate=0.000488193, max-change=0.75, linear-params-rms=0.02882, linear-params-row-norms=[percentiles(0,1,2,5 10,20,50,80,90 95,98,99,100)=(0.97,0.99,1.0,1.0 1.0,1.1,1.1,1.2,1.2 1.2,1.2,1.3,1.3), mean=1.13, stddev=0.0659], linear-params-col-norms=[percentiles(0,1,2,5 10,20,50,80,90 95,98,99,100)=(0.67,0.69,0.70,0.71 0.72,0.74,0.80,0.85,0.87 0.88,0.90,0.91,0.95), mean=0.797, stddev=0.0552], bias-{mean,stddev}=0.02918,1.027, rank-in=20, rank-out=80, num-samples-history=2000, update-period=4, alpha=4
component name=tdnn10.relu type=RectifiedLinearComponent, dim=768, self-repair-scale=1e-05, count=2.23e+04, self-repaired-proportion=0.0253092, value-avg=[percentiles(0,1,2,5 10,20,50,80,90 95,98,99,100)=(0,0.004,0.02,0.04 0.07,0.15,0.38,0.86,1.2 1.5,1.8,2.2,2.8), mean=0.534, stddev=0.478], deriv-avg=[percentiles(0,1,2,5 10,20,50,80,90 95,98,99,100)=(0,0.02,0.05,0.09 0.14,0.23,0.43,0.63,0.75 0.83,0.90,0.94,0.99), mean=0.439, stddev=0.225], oderiv-rms=[percentiles(0,1,2,5 10,20,50,80,90 95,98,99,100)=(0.001,0.001,0.001,0.001 0.002,0.002,0.002,0.002,0.003 0.003,0.003,0.003,0.004), mean=0.00211, stddev=0.000418], oderiv-count=41472
component name=tdnn10.renorm type=NormalizeComponent, input-dim=768, output-dim=768, target-rms=1, add-log-stddev=false
component name=tdnn11.affine type=NaturalGradientAffineComponent, input-dim=1536, output-dim=768, learning-rate=0.000488193, max-change=0.75, linear-params-rms=0.02889, linear-params-row-norms=[percentiles(0,1,2,5 10,20,50,80,90 95,98,99,100)=(0.97,0.97,0.98,1.0 1.0,1.0,1.1,1.2,1.2 1.2,1.3,1.3,1.3), mean=1.13, stddev=0.0771], linear-params-col-norms=[percentiles(0,1,2,5 10,20,50,80,90 95,98,99,100)=(0.66,0.69,0.70,0.71 0.72,0.74,0.80,0.85,0.87 0.89,0.90,0.91,0.96), mean=0.799, stddev=0.0561], bias-{mean,stddev}=0.03175,1.019, rank-in=20, rank-out=80, num-samples-history=2000, update-period=4, alpha=4
component name=tdnn11.relu type=RectifiedLinearComponent, dim=768, self-repair-scale=1e-05, count=2e+04, self-repaired-proportion=0.0720486, value-avg=[percentiles(0,1,2,5 10,20,50,80,90 95,98,99,100)=(0,0.0003,0.001,0.01 0.04,0.10,0.38,0.87,1.2 1.6,2.0,2.4,3.4), mean=0.535, stddev=0.531], deriv-avg=[percentiles(0,1,2,5 10,20,50,80,90 95,98,99,100)=(0,0.001,0.006,0.04 0.09,0.19,0.42,0.65,0.78 0.87,0.94,0.96,1.0), mean=0.427, stddev=0.25], oderiv-rms=[percentiles(0,1,2,5 10,20,50,80,90 95,98,99,100)=(0.001,0.002,0.002,0.002 0.002,0.002,0.002,0.003,0.003 0.003,0.004,0.004,0.005), mean=0.00242, stddev=0.000544], oderiv-count=25088
component name=tdnn11.renorm type=NormalizeComponent, input-dim=768, output-dim=768, target-rms=1, add-log-stddev=false
component name=tdnnFINAL.affine type=NaturalGradientAffineComponent, input-dim=1536, output-dim=768, learning-rate=0.000488193, max-change=0.75, linear-params-rms=0.02914, linear-params-row-norms=[percentiles(0,1,2,5 10,20,50,80,90 95,98,99,100)=(0.96,0.97,0.98,1.0 1.0,1.0,1.1,1.2,1.2 1.3,1.3,1.3,1.3), mean=1.14, stddev=0.0884], linear-params-col-norms=[percentiles(0,1,2,5 10,20,50,80,90 95,98,99,100)=(0.64,0.68,0.69,0.70 0.71,0.73,0.81,0.87,0.89 0.91,0.93,0.94,0.99), mean=0.805, stddev=0.0683], bias-{mean,stddev}=-0.0673,0.9591, rank-in=20, rank-out=80, num-samples-history=2000, update-period=4, alpha=4
component name=tdnnFINAL.relu type=RectifiedLinearComponent, dim=768, self-repair-scale=1e-05, count=9.22e+03, self-repaired-proportion=0.0962095, value-avg=[percentiles(0,1,2,5 10,20,50,80,90 95,98,99,100)=(0,4e-07,0.0001,0.003 0.02,0.08,0.33,0.73,0.99 1.2,1.6,1.8,2.5), mean=0.434, stddev=0.428], deriv-avg=[percentiles(0,1,2,5 10,20,50,80,90 95,98,99,100)=(0,0.0001,0.001,0.01 0.06,0.15,0.36,0.59,0.69 0.76,0.85,0.91,0.99), mean=0.374, stddev=0.231], oderiv-rms=[percentiles(0,1,2,5 10,20,50,80,90 95,98,99,100)=(0.002,0.002,0.002,0.003 0.003,0.003,0.004,0.005,0.005 0.006,0.007,0.007,0.009), mean=0.00397, stddev=0.00105], oderiv-count=11776
component name=tdnnFINAL.renorm type=NormalizeComponent, input-dim=768, output-dim=768, target-rms=1, add-log-stddev=false
component name=prefinal-affine-task-0.affine type=NaturalGradientAffineComponent, input-dim=768, output-dim=768, learning-rate=0.000488193, max-change=0.75, linear-params-rms=0.03886, linear-params-row-norms=[percentiles(0,1,2,5 10,20,50,80,90 95,98,99,100)=(0.92,0.95,0.96,0.97 0.99,1.0,1.1,1.1,1.2 1.2,1.2,1.2,1.3), mean=1.07, stddev=0.0712], linear-params-col-norms=[percentiles(0,1,2,5 10,20,50,80,90 95,98,99,100)=(0.95,0.96,0.97,0.98 0.99,1.0,1.1,1.1,1.2 1.2,1.2,1.2,1.3), mean=1.08, stddev=0.0621], bias-{mean,stddev}=0.0007205,1.006, rank-in=20, rank-out=80, num-samples-history=2000, update-period=4, alpha=4
component name=prefinal-affine-task-0.relu type=RectifiedLinearComponent, dim=768, self-repair-scale=1e-05, count=4.61e+03, self-repaired-proportion=0.1312, value-avg=[percentiles(0,1,2,5 10,20,50,80,90 95,98,99,100)=(0,9e-07,0.0001,0.001 0.006,0.04,0.33,0.68,0.83 0.95,1.0,1.1,1.3), mean=0.376, stddev=0.316], deriv-avg=[percentiles(0,1,2,5 10,20,50,80,90 95,98,99,100)=(0,0.0002,0.0009,0.005 0.02,0.11,0.38,0.61,0.69 0.73,0.75,0.77,0.81), mean=0.375, stddev=0.235], oderiv-rms=[percentiles(0,1,2,5 10,20,50,80,90 95,98,99,100)=(3e-09,2e-06,2e-05,5e-05 0.0002,0.0008,0.003,0.004,0.005 0.006,0.007,0.008,0.01), mean=0.0028, stddev=0.00193], oderiv-count=6144
component name=prefinal-affine-task-0.renorm type=NormalizeComponent, input-dim=768, output-dim=768, target-rms=1, add-log-stddev=false
component name=output-0.affine type=NaturalGradientAffineComponent, input-dim=768, output-dim=168, learning-rate=0.000488193, max-change=1.5, linear-params-rms=0.05064, linear-params-row-norms=[percentiles(0,1,2,5 10,20,50,80,90 95,98,99,100)=(0.14,0.14,0.90,1.1 1.1,1.2,1.4,1.6,1.7 1.7,1.8,1.8,2.0), mean=1.38, stddev=0.241], linear-params-col-norms=[percentiles(0,1,2,5 10,20,50,80,90 95,98,99,100)=(7e-07,0.0005,0.002,0.009 0.03,0.14,0.66,0.88,0.95 1.0,1.1,1.1,1.3), mean=0.555, stddev=0.35], bias-{mean,stddev}=2.051e-07,0.003952, rank-in=20, rank-out=80, num-samples-history=2000, update-period=4, alpha=4
component name=output-0.log-softmax type=LogSoftmaxComponent, dim=168, oderiv-rms=[percentiles(0,1,2,5 10,20,50,80,90 95,98,99,100)=(0,0,0.01,0.02 0.03,0.04,0.05,0.06,0.08 0.09,0.14,0.16,0.25), mean=0.0534, stddev=0.0303], oderiv-count=6144
component name=prefinal-affine-task-1.affine type=NaturalGradientAffineComponent, input-dim=768, output-dim=768, learning-rate=0.000488193, max-change=0.75, linear-params-rms=0.03658, linear-params-row-norms=[percentiles(0,1,2,5 10,20,50,80,90 95,98,99,100)=(0.91,0.94,0.95,0.96 0.98,0.99,1.0,1.0,1.1 1.1,1.1,1.1,1.2), mean=1.01, stddev=0.0318], linear-params-col-norms=[percentiles(0,1,2,5 10,20,50,80,90 95,98,99,100)=(0.94,0.95,0.96,0.97 0.98,0.99,1.0,1.0,1.1 1.1,1.1,1.1,1.1), mean=1.01, stddev=0.0289], bias-{mean,stddev}=-0.07027,1.031, rank-in=20, rank-out=80, num-samples-history=2000, update-period=4, alpha=4
component name=prefinal-affine-task-1.relu type=RectifiedLinearComponent, dim=768, self-repair-scale=1e-05, count=3.58e+03, self-repaired-proportion=0.152225, value-avg=[percentiles(0,1,2,5 10,20,50,80,90 95,98,99,100)=(0,0,4e-06,0.0007 0.007,0.03,0.26,0.53,0.67 0.77,0.88,0.94,1.1), mean=0.296, stddev=0.257], deriv-avg=[percentiles(0,1,2,5 10,20,50,80,90 95,98,99,100)=(0,0,0.0003,0.003 0.03,0.08,0.41,0.66,0.74 0.81,0.84,0.86,0.94), mean=0.396, stddev=0.269], oderiv-rms=[percentiles(0,1,2,5 10,20,50,80,90 95,98,99,100)=(2e-09,4e-08,1e-05,6e-05 0.0002,0.0007,0.003,0.004,0.005 0.005,0.006,0.006,0.007), mean=0.00283, stddev=0.00176], oderiv-count=7168
component name=prefinal-affine-task-1.renorm type=NormalizeComponent, input-dim=768, output-dim=768, target-rms=1, add-log-stddev=false
component name=output-1.affine type=NaturalGradientAffineComponent, input-dim=768, output-dim=184, learning-rate=0.000488193, max-change=1.5, linear-params-rms=0.0287, linear-params-row-norms=[percentiles(0,1,2,5 10,20,50,80,90 95,98,99,100)=(0.07,0.07,0.07,0.07 0.07,0.07,0.07,1.2,1.4 1.5,1.5,1.6,1.6), mean=0.547, stddev=0.577], linear-params-col-norms=[percentiles(0,1,2,5 10,20,50,80,90 95,98,99,100)=(3e-07,4e-06,0.001,0.006 0.02,0.07,0.37,0.53,0.57 0.60,0.64,0.66,0.75), mean=0.329, stddev=0.208], bias-{mean,stddev}=-5.419e-07,0.002196, rank-in=20, rank-out=80, num-samples-history=2000, update-period=4, alpha=4
component name=output-1.log-softmax type=LogSoftmaxComponent, dim=184, oderiv-rms=[percentiles(0,1,2,5 10,20,50,80,90 95,98,99,100)=(0,0,0,0 0,0,0,0.02,0.03 0.03,0.04,0.05,0.06), mean=0.00804, stddev=0.0123], oderiv-count=6144
nnet3-show-progress --use-gpu=no MTL/exp/nnet3/multitask/78.raw MTL/exp/nnet3/multitask/79.raw 
LOG (nnet3-show-progress[5.4.224~1-d4d9]:SelectGpuId():cu-device.cc:123) Manually selected to compute on CPU.
LOG (nnet3-show-progress[5.4.224~1-d4d9]:main():nnet3-show-progress.cc:143) Parameter differences per layer are [ tdnn1.affine:0.18602 tdnn2.affine:0.115467 tdnn3.affine:0.151852 tdnn4.affine:0.160742 tdnn5.affine:0.166405 tdnn6.affine:0.171483 tdnn7.affine:0.177817 tdnn8.affine:0.184279 tdnn9.affine:0.195226 tdnn10.affine:0.196423 tdnn11.affine:0.195755 tdnnFINAL.affine:0.19836 prefinal-affine-task-0.affine:0.0941631 output-0.affine:0.0799602 prefinal-affine-task-1.affine:0.0988174 output-1.affine:0.0653246 ]
LOG (nnet3-show-progress[5.4.224~1-d4d9]:main():nnet3-show-progress.cc:153) Norms of parameter matrices from <new-nnet-in> are [ tdnn1.affine:43.6173 tdnn2.affine:41.2961 tdnn3.affine:40.9925 tdnn4.affine:41.0079 tdnn5.affine:41.3667 tdnn6.affine:41.4398 tdnn7.affine:41.0001 tdnn8.affine:42.8515 tdnn9.affine:41.8194 tdnn10.affine:42.3169 tdnn11.affine:42.2243 tdnnFINAL.affine:41.3698 prefinal-affine-task-0.affine:40.837 output-0.affine:18.1899 prefinal-affine-task-1.affine:40.1163 output-1.affine:10.7893 ]
LOG (nnet3-show-progress[5.4.224~1-d4d9]:main():nnet3-show-progress.cc:157) Relative parameter differences per layer are [ tdnn1.affine:0.00426536 tdnn2.affine:0.00279621 tdnn3.affine:0.00370461 tdnn4.affine:0.00392003 tdnn5.affine:0.00402293 tdnn6.affine:0.0041384 tdnn7.affine:0.00433725 tdnn8.affine:0.00430064 tdnn9.affine:0.00466863 tdnn10.affine:0.00464201 tdnn11.affine:0.00463631 tdnnFINAL.affine:0.00479495 prefinal-affine-task-0.affine:0.00230582 output-0.affine:0.00439955 prefinal-affine-task-1.affine:0.00246323 output-1.affine:0.00606672 ]
# Accounting: time=1 threads=1
# Ended (code 0) at Sat Jul 28 03:20:33 UTC 2018, elapsed time 1 seconds
