# nnet3-train --read-cache=MTL/exp/nnet3/multitask/cache.23 --write-cache=MTL/exp/nnet3/multitask/cache.24 --print-interval=10 --momentum=0.0 --max-param-change=2.0 --backstitch-training-scale=0.0 --l2-regularize-factor=1.0 --backstitch-training-interval=1 --srand=23 "nnet3-copy --learning-rate=0.0007737332476084584 --scale=1.0 MTL/exp/nnet3/multitask/23.raw - |" "ark,bg:nnet3-copy-egs --frame=0 --outputs=ark:MTL/exp/nnet3/multitask/egs/egs.output.1.ark --weights=ark:MTL/exp/nnet3/multitask/egs/egs.weight.1.ark             scp:MTL/exp/nnet3/multitask/egs/egs.1.scp ark:- |             nnet3-shuffle-egs --buffer-size=5000             --srand=23 ark:- ark:- |              nnet3-merge-egs --minibatch-size=256,128 ark:- ark:- |" MTL/exp/nnet3/multitask/24.1.raw 
# Started at Fri Jul 27 01:27:55 UTC 2018
#
nnet3-train --read-cache=MTL/exp/nnet3/multitask/cache.23 --write-cache=MTL/exp/nnet3/multitask/cache.24 --print-interval=10 --momentum=0.0 --max-param-change=2.0 --backstitch-training-scale=0.0 --l2-regularize-factor=1.0 --backstitch-training-interval=1 --srand=23 'nnet3-copy --learning-rate=0.0007737332476084584 --scale=1.0 MTL/exp/nnet3/multitask/23.raw - |' 'ark,bg:nnet3-copy-egs --frame=0 --outputs=ark:MTL/exp/nnet3/multitask/egs/egs.output.1.ark --weights=ark:MTL/exp/nnet3/multitask/egs/egs.weight.1.ark             scp:MTL/exp/nnet3/multitask/egs/egs.1.scp ark:- |             nnet3-shuffle-egs --buffer-size=5000             --srand=23 ark:- ark:- |              nnet3-merge-egs --minibatch-size=256,128 ark:- ark:- |' MTL/exp/nnet3/multitask/24.1.raw 
WARNING (nnet3-train[5.4.217~1-8ae5]:SelectGpuId():cu-device.cc:196) Not in compute-exclusive mode.  Suggestion: use 'nvidia-smi -c 3' to set compute exclusive mode
LOG (nnet3-train[5.4.217~1-8ae5]:SelectGpuIdAuto():cu-device.cc:315) Selecting from 1 GPUs
LOG (nnet3-train[5.4.217~1-8ae5]:SelectGpuIdAuto():cu-device.cc:330) cudaSetDevice(0): Tesla K80	free:11367M, used:72M, total:11439M, free/total:0.993684
LOG (nnet3-train[5.4.217~1-8ae5]:SelectGpuIdAuto():cu-device.cc:379) Trying to select device: 0 (automatically), mem_ratio: 0.993684
LOG (nnet3-train[5.4.217~1-8ae5]:SelectGpuIdAuto():cu-device.cc:398) Success selecting device 0 free mem ratio: 0.993684
LOG (nnet3-train[5.4.217~1-8ae5]:FinalizeActiveGpu():cu-device.cc:247) The active GPU is [0]: Tesla K80	free:11321M, used:118M, total:11439M, free/total:0.989663 version 3.7
nnet3-copy --learning-rate=0.0007737332476084584 --scale=1.0 MTL/exp/nnet3/multitask/23.raw - 
LOG (nnet3-copy[5.4.217~1-8ae5]:main():nnet3-copy.cc:114) Copied raw neural net from MTL/exp/nnet3/multitask/23.raw to -
LOG (nnet3-train[5.4.217~1-8ae5]:NnetTrainer():nnet-training.cc:50) Read computation cache from MTL/exp/nnet3/multitask/cache.23
nnet3-shuffle-egs --buffer-size=5000 --srand=23 ark:- ark:- 
nnet3-merge-egs --minibatch-size=256,128 ark:- ark:- 
nnet3-copy-egs --frame=0 --outputs=ark:MTL/exp/nnet3/multitask/egs/egs.output.1.ark --weights=ark:MTL/exp/nnet3/multitask/egs/egs.weight.1.ark scp:MTL/exp/nnet3/multitask/egs/egs.1.scp ark:- 
LOG (nnet3-train[5.4.217~1-8ae5]:PrintStatsForThisPhase():nnet-training.cc:311) Average objective function for 'output-0 using 5 minibatches in minibatch range 0-9 is -0.817596 over 1019.2 frames.
LOG (nnet3-train[5.4.217~1-8ae5]:PrintStatsForThisPhase():nnet-training.cc:311) Average objective function for 'output-1 using 5 minibatches in minibatch range 0-9 is -1.32806 over 254.601 frames.
LOG (nnet3-train[5.4.217~1-8ae5]:PrintStatsForThisPhase():nnet-training.cc:311) Average objective function for 'output-0 using 5 minibatches in minibatch range 10-19 is -0.680085 over 1018 frames.
LOG (nnet3-train[5.4.217~1-8ae5]:PrintStatsForThisPhase():nnet-training.cc:311) Average objective function for 'output-1 using 5 minibatches in minibatch range 10-19 is -1.39101 over 254.201 frames.
LOG (nnet3-train[5.4.217~1-8ae5]:PrintStatsForThisPhase():nnet-training.cc:311) Average objective function for 'output-1 using 5 minibatches in minibatch range 20-29 is -1.29527 over 254.201 frames.
LOG (nnet3-train[5.4.217~1-8ae5]:PrintStatsForThisPhase():nnet-training.cc:311) Average objective function for 'output-0 using 5 minibatches in minibatch range 20-29 is -0.652529 over 1018 frames.
LOG (nnet3-train[5.4.217~1-8ae5]:PrintStatsForThisPhase():nnet-training.cc:311) Average objective function for 'output-1 using 4 minibatches in minibatch range 30-39 is -1.30377 over 203.8 frames.
LOG (nnet3-train[5.4.217~1-8ae5]:PrintStatsForThisPhase():nnet-training.cc:311) Average objective function for 'output-0 using 6 minibatches in minibatch range 30-39 is -0.631675 over 1220.8 frames.
LOG (nnet3-train[5.4.217~1-8ae5]:PrintStatsForThisPhase():nnet-training.cc:311) Average objective function for 'output-1 using 5 minibatches in minibatch range 40-49 is -1.3157 over 254.401 frames.
LOG (nnet3-train[5.4.217~1-8ae5]:PrintStatsForThisPhase():nnet-training.cc:311) Average objective function for 'output-0 using 5 minibatches in minibatch range 40-49 is -0.671579 over 1016.4 frames.
LOG (nnet3-copy-egs[5.4.217~1-8ae5]:main():nnet3-copy-egs.cc:431) Read 19456 neural-network training examples, wrote 19456, 0 examples had errors.
LOG (nnet3-train[5.4.217~1-8ae5]:PrintStatsForThisPhase():nnet-training.cc:311) Average objective function for 'output-1 using 5 minibatches in minibatch range 50-59 is -1.24746 over 254.501 frames.
LOG (nnet3-train[5.4.217~1-8ae5]:PrintStatsForThisPhase():nnet-training.cc:311) Average objective function for 'output-0 using 5 minibatches in minibatch range 50-59 is -0.603746 over 1016.4 frames.
LOG (nnet3-train[5.4.217~1-8ae5]:PrintStatsForThisPhase():nnet-training.cc:311) Average objective function for 'output-0 using 4 minibatches in minibatch range 60-69 is -0.593414 over 814.802 frames.
LOG (nnet3-train[5.4.217~1-8ae5]:PrintStatsForThisPhase():nnet-training.cc:311) Average objective function for 'output-1 using 6 minibatches in minibatch range 60-69 is -1.29434 over 305.901 frames.
LOG (nnet3-shuffle-egs[5.4.217~1-8ae5]:main():nnet3-shuffle-egs.cc:103) Shuffled order of 19456 neural-network training examples using a buffer (partial randomization)
LOG (nnet3-merge-egs[5.4.217~1-8ae5]:PrintSpecificStats():nnet-example-utils.cc:1143) Merged specific eg types as follows [format: <eg-size1>={<mb-size1>-><num-minibatches1>,<mbsize2>-><num-minibatches2>.../d=<num-discarded>},<egs-size2>={...},... (note,egs-size == number of input frames including context).
LOG (nnet3-merge-egs[5.4.217~1-8ae5]:PrintSpecificStats():nnet-example-utils.cc:1173) 69={256->38,d=0},69={256->38,d=0}
LOG (nnet3-merge-egs[5.4.217~1-8ae5]:PrintAggregateStats():nnet-example-utils.cc:1139) Processed 19456 egs of avg. size 69 into 76 minibatches, discarding 0% of egs.  Avg minibatch size was 256, #distinct types of egs/minibatches was 2/2
LOG (nnet3-train[5.4.217~1-8ae5]:PrintTotalStats():nnet-training.cc:344) Overall average objective function for 'output-0' is -0.657825 over 7734.82 frames.
LOG (nnet3-train[5.4.217~1-8ae5]:PrintTotalStats():nnet-training.cc:351) [this line is to be parsed by a script:] log-prob-per-frame=-0.657825
LOG (nnet3-train[5.4.217~1-8ae5]:PrintTotalStats():nnet-training.cc:344) Overall average objective function for 'output-1' is -1.31298 over 1933.7 frames.
LOG (nnet3-train[5.4.217~1-8ae5]:PrintTotalStats():nnet-training.cc:351) [this line is to be parsed by a script:] log-prob-per-frame=-1.31298
LOG (nnet3-train[5.4.217~1-8ae5]:main():nnet3-train.cc:90) Wrote model to MTL/exp/nnet3/multitask/24.1.raw
LOG (nnet3-train[5.4.217~1-8ae5]:~NnetTrainer():nnet-training.cc:361) Wrote computation cache to MTL/exp/nnet3/multitask/cache.24
LOG (nnet3-train[5.4.217~1-8ae5]:~CachingOptimizingCompiler():nnet-optimize.cc:710) 0.125 seconds taken in nnet3 compilation total (breakdown: 0 compilation, 0 optimization, 0 shortcut expansion, 0 checking, 0 computing indexes, 0.125 misc.) + 4.61 I/O.
# Accounting: time=103 threads=1
# Ended (code 0) at Fri Jul 27 01:29:38 UTC 2018, elapsed time 103 seconds
