# nnet3-train --read-cache=MTL/exp/nnet3/multitask/cache.6 --write-cache=MTL/exp/nnet3/multitask/cache.7 --print-interval=10 --momentum=0.0 --max-param-change=2.0 --backstitch-training-scale=0.0 --l2-regularize-factor=1.0 --backstitch-training-interval=1 --srand=6 "nnet3-copy --learning-rate=0.0013759139030846694 --scale=1.0 MTL/exp/nnet3/multitask/6.raw - |" "ark,bg:nnet3-copy-egs --frame=7 --outputs=ark:MTL/exp/nnet3/multitask/egs/egs.output.1.ark --weights=ark:MTL/exp/nnet3/multitask/egs/egs.weight.1.ark             scp:MTL/exp/nnet3/multitask/egs/egs.1.scp ark:- |             nnet3-shuffle-egs --buffer-size=5000             --srand=6 ark:- ark:- |              nnet3-merge-egs --minibatch-size=256,128 ark:- ark:- |" MTL/exp/nnet3/multitask/7.1.raw 
# Started at Sat Jul 28 03:08:21 UTC 2018
#
nnet3-train --read-cache=MTL/exp/nnet3/multitask/cache.6 --write-cache=MTL/exp/nnet3/multitask/cache.7 --print-interval=10 --momentum=0.0 --max-param-change=2.0 --backstitch-training-scale=0.0 --l2-regularize-factor=1.0 --backstitch-training-interval=1 --srand=6 'nnet3-copy --learning-rate=0.0013759139030846694 --scale=1.0 MTL/exp/nnet3/multitask/6.raw - |' 'ark,bg:nnet3-copy-egs --frame=7 --outputs=ark:MTL/exp/nnet3/multitask/egs/egs.output.1.ark --weights=ark:MTL/exp/nnet3/multitask/egs/egs.weight.1.ark             scp:MTL/exp/nnet3/multitask/egs/egs.1.scp ark:- |             nnet3-shuffle-egs --buffer-size=5000             --srand=6 ark:- ark:- |              nnet3-merge-egs --minibatch-size=256,128 ark:- ark:- |' MTL/exp/nnet3/multitask/7.1.raw 
WARNING (nnet3-train[5.4.224~1-d4d9]:SelectGpuId():cu-device.cc:196) Not in compute-exclusive mode.  Suggestion: use 'nvidia-smi -c 3' to set compute exclusive mode
LOG (nnet3-train[5.4.224~1-d4d9]:SelectGpuIdAuto():cu-device.cc:315) Selecting from 4 GPUs
LOG (nnet3-train[5.4.224~1-d4d9]:SelectGpuIdAuto():cu-device.cc:330) cudaSetDevice(0): Tesla V100-SXM2-16GB	free:15722M, used:430M, total:16152M, free/total:0.973378
LOG (nnet3-train[5.4.224~1-d4d9]:SelectGpuIdAuto():cu-device.cc:330) cudaSetDevice(1): Tesla V100-SXM2-16GB	free:15722M, used:430M, total:16152M, free/total:0.973378
LOG (nnet3-train[5.4.224~1-d4d9]:SelectGpuIdAuto():cu-device.cc:330) cudaSetDevice(2): Tesla V100-SXM2-16GB	free:15722M, used:430M, total:16152M, free/total:0.973378
LOG (nnet3-train[5.4.224~1-d4d9]:SelectGpuIdAuto():cu-device.cc:330) cudaSetDevice(3): Tesla V100-SXM2-16GB	free:15722M, used:430M, total:16152M, free/total:0.973374
LOG (nnet3-train[5.4.224~1-d4d9]:SelectGpuIdAuto():cu-device.cc:379) Trying to select device: 0 (automatically), mem_ratio: 0.973378
LOG (nnet3-train[5.4.224~1-d4d9]:SelectGpuIdAuto():cu-device.cc:398) Success selecting device 0 free mem ratio: 0.973378
LOG (nnet3-train[5.4.224~1-d4d9]:FinalizeActiveGpu():cu-device.cc:247) The active GPU is [0]: Tesla V100-SXM2-16GB	free:15626M, used:526M, total:16152M, free/total:0.967435 version 7.0
nnet3-copy --learning-rate=0.0013759139030846694 --scale=1.0 MTL/exp/nnet3/multitask/6.raw - 
LOG (nnet3-copy[5.4.224~1-d4d9]:main():nnet3-copy.cc:114) Copied raw neural net from MTL/exp/nnet3/multitask/6.raw to -
LOG (nnet3-train[5.4.224~1-d4d9]:NnetTrainer():nnet-training.cc:50) Read computation cache from MTL/exp/nnet3/multitask/cache.6
nnet3-shuffle-egs --buffer-size=5000 --srand=6 ark:- ark:- 
nnet3-copy-egs --frame=7 --outputs=ark:MTL/exp/nnet3/multitask/egs/egs.output.1.ark --weights=ark:MTL/exp/nnet3/multitask/egs/egs.weight.1.ark scp:MTL/exp/nnet3/multitask/egs/egs.1.scp ark:- 
nnet3-merge-egs --minibatch-size=256,128 ark:- ark:- 
WARNING (nnet3-train[5.4.224~1-d4d9]:ReorthogonalizeXt1():natural-gradient-online.cc:240) Cholesky out of expected range, reorthogonalizing with Gram-Schmidt
LOG (nnet3-train[5.4.224~1-d4d9]:PrintStatsForThisPhase():nnet-training.cc:311) Average objective function for 'output-0 using 5 minibatches in minibatch range 0-9 is -2.75497 over 1015.6 frames.
LOG (nnet3-train[5.4.224~1-d4d9]:PrintStatsForThisPhase():nnet-training.cc:311) Average objective function for 'output-1 using 5 minibatches in minibatch range 0-9 is -2.53952 over 254.401 frames.
LOG (nnet3-train[5.4.224~1-d4d9]:PrintStatsForThisPhase():nnet-training.cc:311) Average objective function for 'output-0 using 5 minibatches in minibatch range 10-19 is -2.71202 over 1018.4 frames.
LOG (nnet3-train[5.4.224~1-d4d9]:PrintStatsForThisPhase():nnet-training.cc:311) Average objective function for 'output-1 using 5 minibatches in minibatch range 10-19 is -2.49153 over 253.801 frames.
LOG (nnet3-train[5.4.224~1-d4d9]:PrintStatsForThisPhase():nnet-training.cc:311) Average objective function for 'output-0 using 4 minibatches in minibatch range 20-29 is -2.70491 over 811.602 frames.
LOG (nnet3-train[5.4.224~1-d4d9]:PrintStatsForThisPhase():nnet-training.cc:311) Average objective function for 'output-1 using 6 minibatches in minibatch range 20-29 is -2.46287 over 304.801 frames.
LOG (nnet3-train[5.4.224~1-d4d9]:PrintStatsForThisPhase():nnet-training.cc:311) Average objective function for 'output-0 using 6 minibatches in minibatch range 30-39 is -2.62282 over 1222 frames.
LOG (nnet3-train[5.4.224~1-d4d9]:PrintStatsForThisPhase():nnet-training.cc:311) Average objective function for 'output-1 using 4 minibatches in minibatch range 30-39 is -2.39851 over 203.6 frames.
LOG (nnet3-copy-egs[5.4.224~1-d4d9]:main():nnet3-copy-egs.cc:431) Read 17408 neural-network training examples, wrote 17408, 0 examples had errors.
LOG (nnet3-train[5.4.224~1-d4d9]:PrintStatsForThisPhase():nnet-training.cc:311) Average objective function for 'output-1 using 4 minibatches in minibatch range 40-49 is -2.55631 over 203.8 frames.
LOG (nnet3-train[5.4.224~1-d4d9]:PrintStatsForThisPhase():nnet-training.cc:311) Average objective function for 'output-0 using 6 minibatches in minibatch range 40-49 is -2.70959 over 1223.2 frames.
LOG (nnet3-train[5.4.224~1-d4d9]:PrintStatsForThisPhase():nnet-training.cc:311) Average objective function for 'output-0 using 4 minibatches in minibatch range 50-59 is -2.50285 over 813.202 frames.
LOG (nnet3-train[5.4.224~1-d4d9]:PrintStatsForThisPhase():nnet-training.cc:311) Average objective function for 'output-1 using 6 minibatches in minibatch range 50-59 is -2.40681 over 304.801 frames.
LOG (nnet3-shuffle-egs[5.4.224~1-d4d9]:main():nnet3-shuffle-egs.cc:103) Shuffled order of 17408 neural-network training examples using a buffer (partial randomization)
LOG (nnet3-merge-egs[5.4.224~1-d4d9]:PrintSpecificStats():nnet-example-utils.cc:1143) Merged specific eg types as follows [format: <eg-size1>={<mb-size1>-><num-minibatches1>,<mbsize2>-><num-minibatches2>.../d=<num-discarded>},<egs-size2>={...},... (note,egs-size == number of input frames including context).
LOG (nnet3-merge-egs[5.4.224~1-d4d9]:PrintSpecificStats():nnet-example-utils.cc:1173) 69={256->34,d=0},69={256->34,d=0}
LOG (nnet3-merge-egs[5.4.224~1-d4d9]:PrintAggregateStats():nnet-example-utils.cc:1139) Processed 17408 egs of avg. size 69 into 68 minibatches, discarding 0% of egs.  Avg minibatch size was 256, #distinct types of egs/minibatches was 2/2
LOG (nnet3-train[5.4.224~1-d4d9]:PrintTotalStats():nnet-training.cc:344) Overall average objective function for 'output-0' is -2.6723 over 6916.82 frames.
LOG (nnet3-train[5.4.224~1-d4d9]:PrintTotalStats():nnet-training.cc:351) [this line is to be parsed by a script:] log-prob-per-frame=-2.6723
LOG (nnet3-train[5.4.224~1-d4d9]:PrintTotalStats():nnet-training.cc:344) Overall average objective function for 'output-1' is -2.47728 over 1729.2 frames.
LOG (nnet3-train[5.4.224~1-d4d9]:PrintTotalStats():nnet-training.cc:351) [this line is to be parsed by a script:] log-prob-per-frame=-2.47728
LOG (nnet3-train[5.4.224~1-d4d9]:main():nnet3-train.cc:90) Wrote model to MTL/exp/nnet3/multitask/7.1.raw
LOG (nnet3-train[5.4.224~1-d4d9]:~NnetTrainer():nnet-training.cc:361) Wrote computation cache to MTL/exp/nnet3/multitask/cache.7
LOG (nnet3-train[5.4.224~1-d4d9]:~CachingOptimizingCompiler():nnet-optimize.cc:710) 0.141 seconds taken in nnet3 compilation total (breakdown: 0.0415 compilation, 0.0563 optimization, 0.00929 shortcut expansion, 0.0134 checking, 0.00142 computing indexes, 0.0188 misc.) + 0.254 I/O.
# Accounting: time=6 threads=1
# Ended (code 0) at Sat Jul 28 03:08:27 UTC 2018, elapsed time 6 seconds
