# nnet3-train --read-cache=MTL/exp/nnet3/multitask/cache.2 --write-cache=MTL/exp/nnet3/multitask/cache.3 --print-interval=10 --momentum=0.0 --max-param-change=2.0 --backstitch-training-scale=0.0 --l2-regularize-factor=1.0 --backstitch-training-interval=1 --srand=2 "nnet3-copy --learning-rate=0.0014574419273656592 --scale=1.0 MTL/exp/nnet3/multitask/2.raw - |" "ark,bg:nnet3-copy-egs --frame=3 --outputs=ark:MTL/exp/nnet3/multitask/egs/egs.output.1.ark --weights=ark:MTL/exp/nnet3/multitask/egs/egs.weight.1.ark             scp:MTL/exp/nnet3/multitask/egs/egs.1.scp ark:- |             nnet3-shuffle-egs --buffer-size=5000             --srand=2 ark:- ark:- |              nnet3-merge-egs --minibatch-size=256,128 ark:- ark:- |" MTL/exp/nnet3/multitask/3.1.raw 
# Started at Sat Jul 28 03:07:56 UTC 2018
#
nnet3-train --read-cache=MTL/exp/nnet3/multitask/cache.2 --write-cache=MTL/exp/nnet3/multitask/cache.3 --print-interval=10 --momentum=0.0 --max-param-change=2.0 --backstitch-training-scale=0.0 --l2-regularize-factor=1.0 --backstitch-training-interval=1 --srand=2 'nnet3-copy --learning-rate=0.0014574419273656592 --scale=1.0 MTL/exp/nnet3/multitask/2.raw - |' 'ark,bg:nnet3-copy-egs --frame=3 --outputs=ark:MTL/exp/nnet3/multitask/egs/egs.output.1.ark --weights=ark:MTL/exp/nnet3/multitask/egs/egs.weight.1.ark             scp:MTL/exp/nnet3/multitask/egs/egs.1.scp ark:- |             nnet3-shuffle-egs --buffer-size=5000             --srand=2 ark:- ark:- |              nnet3-merge-egs --minibatch-size=256,128 ark:- ark:- |' MTL/exp/nnet3/multitask/3.1.raw 
WARNING (nnet3-train[5.4.224~1-d4d9]:SelectGpuId():cu-device.cc:196) Not in compute-exclusive mode.  Suggestion: use 'nvidia-smi -c 3' to set compute exclusive mode
LOG (nnet3-train[5.4.224~1-d4d9]:SelectGpuIdAuto():cu-device.cc:315) Selecting from 4 GPUs
LOG (nnet3-train[5.4.224~1-d4d9]:SelectGpuIdAuto():cu-device.cc:330) cudaSetDevice(0): Tesla V100-SXM2-16GB	free:15722M, used:430M, total:16152M, free/total:0.973378
LOG (nnet3-train[5.4.224~1-d4d9]:SelectGpuIdAuto():cu-device.cc:330) cudaSetDevice(1): Tesla V100-SXM2-16GB	free:15722M, used:430M, total:16152M, free/total:0.973378
LOG (nnet3-train[5.4.224~1-d4d9]:SelectGpuIdAuto():cu-device.cc:330) cudaSetDevice(2): Tesla V100-SXM2-16GB	free:15722M, used:430M, total:16152M, free/total:0.973378
LOG (nnet3-train[5.4.224~1-d4d9]:SelectGpuIdAuto():cu-device.cc:330) cudaSetDevice(3): Tesla V100-SXM2-16GB	free:15722M, used:430M, total:16152M, free/total:0.973374
LOG (nnet3-train[5.4.224~1-d4d9]:SelectGpuIdAuto():cu-device.cc:379) Trying to select device: 0 (automatically), mem_ratio: 0.973378
LOG (nnet3-train[5.4.224~1-d4d9]:SelectGpuIdAuto():cu-device.cc:398) Success selecting device 0 free mem ratio: 0.973378
LOG (nnet3-train[5.4.224~1-d4d9]:FinalizeActiveGpu():cu-device.cc:247) The active GPU is [0]: Tesla V100-SXM2-16GB	free:15626M, used:526M, total:16152M, free/total:0.967435 version 7.0
nnet3-copy --learning-rate=0.0014574419273656592 --scale=1.0 MTL/exp/nnet3/multitask/2.raw - 
LOG (nnet3-copy[5.4.224~1-d4d9]:main():nnet3-copy.cc:114) Copied raw neural net from MTL/exp/nnet3/multitask/2.raw to -
LOG (nnet3-train[5.4.224~1-d4d9]:NnetTrainer():nnet-training.cc:50) Read computation cache from MTL/exp/nnet3/multitask/cache.2
nnet3-shuffle-egs --buffer-size=5000 --srand=2 ark:- ark:- 
nnet3-merge-egs --minibatch-size=256,128 ark:- ark:- 
nnet3-copy-egs --frame=3 --outputs=ark:MTL/exp/nnet3/multitask/egs/egs.output.1.ark --weights=ark:MTL/exp/nnet3/multitask/egs/egs.weight.1.ark scp:MTL/exp/nnet3/multitask/egs/egs.1.scp ark:- 
WARNING (nnet3-train[5.4.224~1-d4d9]:ReorthogonalizeXt1():natural-gradient-online.cc:240) Cholesky out of expected range, reorthogonalizing with Gram-Schmidt
LOG (nnet3-train[5.4.224~1-d4d9]:PrintStatsForThisPhase():nnet-training.cc:311) Average objective function for 'output-0 using 5 minibatches in minibatch range 0-9 is -3.38704 over 1024 frames.
LOG (nnet3-train[5.4.224~1-d4d9]:PrintStatsForThisPhase():nnet-training.cc:311) Average objective function for 'output-1 using 5 minibatches in minibatch range 0-9 is -2.94173 over 256.001 frames.
LOG (nnet3-train[5.4.224~1-d4d9]:UpdateNnetWithMaxChange():nnet-utils.cc:2075) Per-component max-change active on 2 / 16 Updatable Components.(smallest factor=0.935172 on tdnn3.affine with max-change=0.75). 
LOG (nnet3-train[5.4.224~1-d4d9]:PrintStatsForThisPhase():nnet-training.cc:311) Average objective function for 'output-0 using 5 minibatches in minibatch range 10-19 is -3.33179 over 1024 frames.
LOG (nnet3-train[5.4.224~1-d4d9]:UpdateNnetWithMaxChange():nnet-utils.cc:2075) Per-component max-change active on 7 / 16 Updatable Components.(smallest factor=0.263314 on tdnn3.affine with max-change=0.75). Global max-change factor was 0.849419 with max-change=2.
LOG (nnet3-train[5.4.224~1-d4d9]:PrintStatsForThisPhase():nnet-training.cc:311) Average objective function for 'output-1 using 5 minibatches in minibatch range 10-19 is -3.14088 over 256.001 frames.
LOG (nnet3-train[5.4.224~1-d4d9]:UpdateNnetWithMaxChange():nnet-utils.cc:2075) Per-component max-change active on 5 / 16 Updatable Components.(smallest factor=0.620585 on tdnn3.affine with max-change=0.75). Global max-change factor was 0.912253 with max-change=2.
LOG (nnet3-train[5.4.224~1-d4d9]:UpdateNnetWithMaxChange():nnet-utils.cc:2075) Per-component max-change active on 2 / 16 Updatable Components.(smallest factor=0.82034 on prefinal-affine-task-0.affine with max-change=0.75). Global max-change factor was 0.899352 with max-change=2.
LOG (nnet3-train[5.4.224~1-d4d9]:UpdateNnetWithMaxChange():nnet-utils.cc:2075) Per-component max-change active on 2 / 16 Updatable Components.(smallest factor=0.553129 on prefinal-affine-task-0.affine with max-change=0.75). 
LOG (nnet3-train[5.4.224~1-d4d9]:UpdateNnetWithMaxChange():nnet-utils.cc:2075) Per-component max-change active on 4 / 16 Updatable Components.(smallest factor=0.318228 on prefinal-affine-task-0.affine with max-change=0.75). Global max-change factor was 0.941835 with max-change=2.
LOG (nnet3-train[5.4.224~1-d4d9]:PrintStatsForThisPhase():nnet-training.cc:311) Average objective function for 'output-1 using 5 minibatches in minibatch range 20-29 is -4.48641 over 256.001 frames.
LOG (nnet3-train[5.4.224~1-d4d9]:PrintStatsForThisPhase():nnet-training.cc:311) Average objective function for 'output-0 using 5 minibatches in minibatch range 20-29 is -4.75162 over 1024 frames.
LOG (nnet3-train[5.4.224~1-d4d9]:UpdateNnetWithMaxChange():nnet-utils.cc:2075) Per-component max-change active on 2 / 16 Updatable Components.(smallest factor=0.655233 on prefinal-affine-task-0.affine with max-change=0.75). 
LOG (nnet3-train[5.4.224~1-d4d9]:UpdateNnetWithMaxChange():nnet-utils.cc:2075) Per-component max-change active on 1 / 16 Updatable Components.(smallest factor=0.988872 on prefinal-affine-task-0.affine with max-change=0.75). 
LOG (nnet3-train[5.4.224~1-d4d9]:UpdateNnetWithMaxChange():nnet-utils.cc:2075) Per-component max-change active on 3 / 16 Updatable Components.(smallest factor=0.437629 on prefinal-affine-task-0.affine with max-change=0.75). 
LOG (nnet3-train[5.4.224~1-d4d9]:PrintStatsForThisPhase():nnet-training.cc:311) Average objective function for 'output-0 using 5 minibatches in minibatch range 30-39 is -4.97858 over 1024 frames.
LOG (nnet3-train[5.4.224~1-d4d9]:PrintStatsForThisPhase():nnet-training.cc:311) Average objective function for 'output-1 using 5 minibatches in minibatch range 30-39 is -3.86232 over 256.001 frames.
LOG (nnet3-copy-egs[5.4.224~1-d4d9]:main():nnet3-copy-egs.cc:431) Read 17408 neural-network training examples, wrote 17408, 0 examples had errors.
LOG (nnet3-train[5.4.224~1-d4d9]:PrintStatsForThisPhase():nnet-training.cc:311) Average objective function for 'output-1 using 4 minibatches in minibatch range 40-49 is -3.77319 over 204.8 frames.
LOG (nnet3-train[5.4.224~1-d4d9]:PrintStatsForThisPhase():nnet-training.cc:311) Average objective function for 'output-0 using 6 minibatches in minibatch range 40-49 is -4.49296 over 1228.8 frames.
LOG (nnet3-train[5.4.224~1-d4d9]:PrintStatsForThisPhase():nnet-training.cc:311) Average objective function for 'output-0 using 4 minibatches in minibatch range 50-59 is -4.15464 over 819.202 frames.
LOG (nnet3-train[5.4.224~1-d4d9]:PrintStatsForThisPhase():nnet-training.cc:311) Average objective function for 'output-1 using 6 minibatches in minibatch range 50-59 is -3.4651 over 307.201 frames.
LOG (nnet3-shuffle-egs[5.4.224~1-d4d9]:main():nnet3-shuffle-egs.cc:103) Shuffled order of 17408 neural-network training examples using a buffer (partial randomization)
LOG (nnet3-merge-egs[5.4.224~1-d4d9]:PrintSpecificStats():nnet-example-utils.cc:1143) Merged specific eg types as follows [format: <eg-size1>={<mb-size1>-><num-minibatches1>,<mbsize2>-><num-minibatches2>.../d=<num-discarded>},<egs-size2>={...},... (note,egs-size == number of input frames including context).
LOG (nnet3-merge-egs[5.4.224~1-d4d9]:PrintSpecificStats():nnet-example-utils.cc:1173) 69={256->34,d=0},69={256->34,d=0}
LOG (nnet3-merge-egs[5.4.224~1-d4d9]:PrintAggregateStats():nnet-example-utils.cc:1139) Processed 17408 egs of avg. size 69 into 68 minibatches, discarding 0% of egs.  Avg minibatch size was 256, #distinct types of egs/minibatches was 2/2
LOG (nnet3-train[5.4.224~1-d4d9]:PrintTotalStats():nnet-training.cc:344) Overall average objective function for 'output-0' is -4.16624 over 6963.22 frames.
LOG (nnet3-train[5.4.224~1-d4d9]:PrintTotalStats():nnet-training.cc:351) [this line is to be parsed by a script:] log-prob-per-frame=-4.16624
LOG (nnet3-train[5.4.224~1-d4d9]:PrintTotalStats():nnet-training.cc:344) Overall average objective function for 'output-1' is -3.55898 over 1740.8 frames.
LOG (nnet3-train[5.4.224~1-d4d9]:PrintTotalStats():nnet-training.cc:351) [this line is to be parsed by a script:] log-prob-per-frame=-3.55898
LOG (nnet3-train[5.4.224~1-d4d9]:PrintMaxChangeStats():nnet-training.cc:250) For tdnn1.affine, per-component max-change was enforced 2.94118 % of the time.
LOG (nnet3-train[5.4.224~1-d4d9]:PrintMaxChangeStats():nnet-training.cc:250) For tdnn2.affine, per-component max-change was enforced 4.41176 % of the time.
LOG (nnet3-train[5.4.224~1-d4d9]:PrintMaxChangeStats():nnet-training.cc:250) For tdnn3.affine, per-component max-change was enforced 4.41176 % of the time.
LOG (nnet3-train[5.4.224~1-d4d9]:PrintMaxChangeStats():nnet-training.cc:250) For tdnn4.affine, per-component max-change was enforced 2.94118 % of the time.
LOG (nnet3-train[5.4.224~1-d4d9]:PrintMaxChangeStats():nnet-training.cc:250) For tdnn5.affine, per-component max-change was enforced 2.94118 % of the time.
LOG (nnet3-train[5.4.224~1-d4d9]:PrintMaxChangeStats():nnet-training.cc:250) For tdnn6.affine, per-component max-change was enforced 1.47059 % of the time.
LOG (nnet3-train[5.4.224~1-d4d9]:PrintMaxChangeStats():nnet-training.cc:250) For tdnn7.affine, per-component max-change was enforced 1.47059 % of the time.
LOG (nnet3-train[5.4.224~1-d4d9]:PrintMaxChangeStats():nnet-training.cc:250) For tdnn11.affine, per-component max-change was enforced 2.94118 % of the time.
LOG (nnet3-train[5.4.224~1-d4d9]:PrintMaxChangeStats():nnet-training.cc:250) For tdnnFINAL.affine, per-component max-change was enforced 7.35294 % of the time.
LOG (nnet3-train[5.4.224~1-d4d9]:PrintMaxChangeStats():nnet-training.cc:250) For prefinal-affine-task-0.affine, per-component max-change was enforced 8.82353 % of the time.
LOG (nnet3-train[5.4.224~1-d4d9]:PrintMaxChangeStats():nnet-training.cc:250) For output-0.affine, per-component max-change was enforced 1.47059 % of the time.
LOG (nnet3-train[5.4.224~1-d4d9]:PrintMaxChangeStats():nnet-training.cc:261) The global max-change was enforced 5.88235 % of the time.
LOG (nnet3-train[5.4.224~1-d4d9]:main():nnet3-train.cc:90) Wrote model to MTL/exp/nnet3/multitask/3.1.raw
LOG (nnet3-train[5.4.224~1-d4d9]:~NnetTrainer():nnet-training.cc:361) Wrote computation cache to MTL/exp/nnet3/multitask/cache.3
LOG (nnet3-train[5.4.224~1-d4d9]:~CachingOptimizingCompiler():nnet-optimize.cc:710) 0.136 seconds taken in nnet3 compilation total (breakdown: 0.0409 compilation, 0.0543 optimization, 0.00906 shortcut expansion, 0.0132 checking, 0.00125 computing indexes, 0.0178 misc.) + 0.0805 I/O.
# Accounting: time=5 threads=1
# Ended (code 0) at Sat Jul 28 03:08:01 UTC 2018, elapsed time 5 seconds
