# nnet3-train --read-cache=MTL/exp/nnet3/multitask/cache.20 --write-cache=MTL/exp/nnet3/multitask/cache.21 --verbose=1 --print-interval=10 --momentum=0.0 --max-param-change=2.0 --backstitch-training-scale=0.0 --l2-regularize-factor=1.0 --backstitch-training-interval=1 --srand=20 "nnet3-copy --learning-rate=0.00047434164902525685 --scale=1.0 MTL/exp/nnet3/multitask/20.raw - |" "ark,bg:nnet3-copy-egs --frame=5 --outputs=ark:MTL/exp/nnet3/multitask/egs/egs.output.1.ark --weights=ark:MTL/exp/nnet3/multitask/egs/egs.weight.1.ark             scp:MTL/exp/nnet3/multitask/egs/egs.1.scp ark:- |             nnet3-shuffle-egs --buffer-size=5000             --srand=20 ark:- ark:- |              nnet3-merge-egs --minibatch-size=256,128 ark:- ark:- |" MTL/exp/nnet3/multitask/21.1.raw 
# Started at Tue Jul 24 11:16:15 UTC 2018
#
nnet3-train --read-cache=MTL/exp/nnet3/multitask/cache.20 --write-cache=MTL/exp/nnet3/multitask/cache.21 --verbose=1 --print-interval=10 --momentum=0.0 --max-param-change=2.0 --backstitch-training-scale=0.0 --l2-regularize-factor=1.0 --backstitch-training-interval=1 --srand=20 'nnet3-copy --learning-rate=0.00047434164902525685 --scale=1.0 MTL/exp/nnet3/multitask/20.raw - |' 'ark,bg:nnet3-copy-egs --frame=5 --outputs=ark:MTL/exp/nnet3/multitask/egs/egs.output.1.ark --weights=ark:MTL/exp/nnet3/multitask/egs/egs.weight.1.ark             scp:MTL/exp/nnet3/multitask/egs/egs.1.scp ark:- |             nnet3-shuffle-egs --buffer-size=5000             --srand=20 ark:- ark:- |              nnet3-merge-egs --minibatch-size=256,128 ark:- ark:- |' MTL/exp/nnet3/multitask/21.1.raw 
WARNING (nnet3-train[5.4.217~1-8ae5]:SelectGpuId():cu-device.cc:196) Not in compute-exclusive mode.  Suggestion: use 'nvidia-smi -c 3' to set compute exclusive mode
LOG (nnet3-train[5.4.217~1-8ae5]:SelectGpuIdAuto():cu-device.cc:315) Selecting from 1 GPUs
LOG (nnet3-train[5.4.217~1-8ae5]:SelectGpuIdAuto():cu-device.cc:330) cudaSetDevice(0): Tesla K80	free:11367M, used:72M, total:11439M, free/total:0.993684
LOG (nnet3-train[5.4.217~1-8ae5]:SelectGpuIdAuto():cu-device.cc:379) Trying to select device: 0 (automatically), mem_ratio: 0.993684
LOG (nnet3-train[5.4.217~1-8ae5]:SelectGpuIdAuto():cu-device.cc:398) Success selecting device 0 free mem ratio: 0.993684
LOG (nnet3-train[5.4.217~1-8ae5]:FinalizeActiveGpu():cu-device.cc:247) The active GPU is [0]: Tesla K80	free:11321M, used:118M, total:11439M, free/total:0.989663 version 3.7
nnet3-copy --learning-rate=0.00047434164902525685 --scale=1.0 MTL/exp/nnet3/multitask/20.raw - 
LOG (nnet3-copy[5.4.217~1-8ae5]:main():nnet3-copy.cc:114) Copied raw neural net from MTL/exp/nnet3/multitask/20.raw to -
LOG (nnet3-train[5.4.217~1-8ae5]:NnetTrainer():nnet-training.cc:50) Read computation cache from MTL/exp/nnet3/multitask/cache.20
nnet3-shuffle-egs --buffer-size=5000 --srand=20 ark:- ark:- 
nnet3-copy-egs --frame=5 --outputs=ark:MTL/exp/nnet3/multitask/egs/egs.output.1.ark --weights=ark:MTL/exp/nnet3/multitask/egs/egs.weight.1.ark scp:MTL/exp/nnet3/multitask/egs/egs.1.scp ark:- 
nnet3-merge-egs --minibatch-size=256,128 ark:- ark:- 
LOG (nnet3-train[5.4.217~1-8ae5]:PrintStatsForThisPhase():nnet-training.cc:305) Average objective function for 'output-0' for minibatches 0-9 is -2.33162 over 2560 frames.
LOG (nnet3-copy-egs[5.4.217~1-8ae5]:main():nnet3-copy-egs.cc:431) Read 9728 neural-network training examples, wrote 9728, 0 examples had errors.
LOG (nnet3-train[5.4.217~1-8ae5]:PrintStatsForThisPhase():nnet-training.cc:305) Average objective function for 'output-0' for minibatches 10-19 is -2.30152 over 2560 frames.
LOG (nnet3-train[5.4.217~1-8ae5]:PrintStatsForThisPhase():nnet-training.cc:305) Average objective function for 'output-0' for minibatches 20-29 is -2.32836 over 2560 frames.
LOG (nnet3-shuffle-egs[5.4.217~1-8ae5]:main():nnet3-shuffle-egs.cc:103) Shuffled order of 9728 neural-network training examples using a buffer (partial randomization)
LOG (nnet3-merge-egs[5.4.217~1-8ae5]:PrintSpecificStats():nnet-example-utils.cc:1143) Merged specific eg types as follows [format: <eg-size1>={<mb-size1>-><num-minibatches1>,<mbsize2>-><num-minibatches2>.../d=<num-discarded>},<egs-size2>={...},... (note,egs-size == number of input frames including context).
LOG (nnet3-merge-egs[5.4.217~1-8ae5]:PrintSpecificStats():nnet-example-utils.cc:1173) 69={256->38,d=0}
LOG (nnet3-merge-egs[5.4.217~1-8ae5]:PrintAggregateStats():nnet-example-utils.cc:1139) Processed 9728 egs of avg. size 69 into 38 minibatches, discarding 0% of egs.  Avg minibatch size was 256, #distinct types of egs/minibatches was 1/1
LOG (nnet3-train[5.4.217~1-8ae5]:PrintTotalStats():nnet-training.cc:344) Overall average objective function for 'output-0' is -2.32733 over 9728 frames.
LOG (nnet3-train[5.4.217~1-8ae5]:PrintTotalStats():nnet-training.cc:351) [this line is to be parsed by a script:] log-prob-per-frame=-2.32733
LOG (nnet3-train[5.4.217~1-8ae5]:PrintProfile():cu-device.cc:449) -----
[cudevice profile]
Scale	0.0586593s
NormalizePerRow	0.0625658s
Destroy	0.0652156s
AddMat	0.0681117s
CuVector::SetZero	0.0690536s
AddMatVec	0.0774331s
AddVec	0.0861263s
DiffNormalizePerRow	0.107111s
CuMatrix::SetZero	0.144416s
CuVector::Resize	0.170352s
CuMatrixBase::CopyFromMat(from other CuMatrixBase)	0.170735s
CopyToVec	0.190496s
TraceMatMat	0.279945s
AddMatMat	1.15123s
CuMatrix::Resize	2.33986s
Total GPU time:	5.56971s (may involve some double-counting)
-----
LOG (nnet3-train[5.4.217~1-8ae5]:PrintMemoryUsage():cu-allocator.cc:127) Memory usage: 113231888 bytes currently allocated (max: 114326544); 15007600 currently in use by user (max: 87966896); 2189/13755 calls to Malloc* resulted in CUDA calls.
LOG (nnet3-train[5.4.217~1-8ae5]:PrintMemoryUsage():cu-allocator.cc:136) Time taken in cudaMallocPitch=1.01053, in cudaMalloc=0.010411, in cudaFree=1.10495, in this->MallocPitch()=2.25806
LOG (nnet3-train[5.4.217~1-8ae5]:PrintMemoryUsage():cu-device.cc:422) Memory used (according to the device): 137363456 bytes.
LOG (nnet3-train[5.4.217~1-8ae5]:main():nnet3-train.cc:90) Wrote model to MTL/exp/nnet3/multitask/21.1.raw
LOG (nnet3-train[5.4.217~1-8ae5]:~NnetTrainer():nnet-training.cc:361) Wrote computation cache to MTL/exp/nnet3/multitask/cache.21
LOG (nnet3-train[5.4.217~1-8ae5]:~CachingOptimizingCompiler():nnet-optimize.cc:710) 0.00996 seconds taken in nnet3 compilation total (breakdown: 0 compilation, 0 optimization, 0 shortcut expansion, 0 checking, 0 computing indexes, 0.00996 misc.) + 0.454 I/O.
# Accounting: time=10 threads=1
# Ended (code 0) at Tue Jul 24 11:16:25 UTC 2018, elapsed time 10 seconds
