# nnet3-train --write-cache=MTL/exp/nnet3/multitask/cache.1 --print-interval=10 --momentum=0.0 --max-param-change=1.414213562373095 --backstitch-training-scale=0.0 --l2-regularize-factor=1.0 --backstitch-training-interval=1 --srand=0 "nnet3-copy --learning-rate=0.0015 --scale=1.0 MTL/exp/nnet3/multitask/0.raw - |" "ark,bg:nnet3-copy-egs --frame=1 --outputs=ark:MTL/exp/nnet3/multitask/egs/egs.output.1.ark --weights=ark:MTL/exp/nnet3/multitask/egs/egs.weight.1.ark             scp:MTL/exp/nnet3/multitask/egs/egs.1.scp ark:- |             nnet3-shuffle-egs --buffer-size=5000             --srand=0 ark:- ark:- |              nnet3-merge-egs --minibatch-size=128,64 ark:- ark:- |" MTL/exp/nnet3/multitask/1.1.raw 
# Started at Tue Jul 24 11:13:17 UTC 2018
#
nnet3-train --write-cache=MTL/exp/nnet3/multitask/cache.1 --print-interval=10 --momentum=0.0 --max-param-change=1.414213562373095 --backstitch-training-scale=0.0 --l2-regularize-factor=1.0 --backstitch-training-interval=1 --srand=0 'nnet3-copy --learning-rate=0.0015 --scale=1.0 MTL/exp/nnet3/multitask/0.raw - |' 'ark,bg:nnet3-copy-egs --frame=1 --outputs=ark:MTL/exp/nnet3/multitask/egs/egs.output.1.ark --weights=ark:MTL/exp/nnet3/multitask/egs/egs.weight.1.ark             scp:MTL/exp/nnet3/multitask/egs/egs.1.scp ark:- |             nnet3-shuffle-egs --buffer-size=5000             --srand=0 ark:- ark:- |              nnet3-merge-egs --minibatch-size=128,64 ark:- ark:- |' MTL/exp/nnet3/multitask/1.1.raw 
WARNING (nnet3-train[5.4.217~1-8ae5]:SelectGpuId():cu-device.cc:196) Not in compute-exclusive mode.  Suggestion: use 'nvidia-smi -c 3' to set compute exclusive mode
LOG (nnet3-train[5.4.217~1-8ae5]:SelectGpuIdAuto():cu-device.cc:315) Selecting from 1 GPUs
LOG (nnet3-train[5.4.217~1-8ae5]:SelectGpuIdAuto():cu-device.cc:330) cudaSetDevice(0): Tesla K80	free:11367M, used:72M, total:11439M, free/total:0.993684
LOG (nnet3-train[5.4.217~1-8ae5]:SelectGpuIdAuto():cu-device.cc:379) Trying to select device: 0 (automatically), mem_ratio: 0.993684
LOG (nnet3-train[5.4.217~1-8ae5]:SelectGpuIdAuto():cu-device.cc:398) Success selecting device 0 free mem ratio: 0.993684
LOG (nnet3-train[5.4.217~1-8ae5]:FinalizeActiveGpu():cu-device.cc:247) The active GPU is [0]: Tesla K80	free:11321M, used:118M, total:11439M, free/total:0.989663 version 3.7
nnet3-copy --learning-rate=0.0015 --scale=1.0 MTL/exp/nnet3/multitask/0.raw - 
LOG (nnet3-copy[5.4.217~1-8ae5]:main():nnet3-copy.cc:114) Copied raw neural net from MTL/exp/nnet3/multitask/0.raw to -
nnet3-copy-egs --frame=1 --outputs=ark:MTL/exp/nnet3/multitask/egs/egs.output.1.ark --weights=ark:MTL/exp/nnet3/multitask/egs/egs.weight.1.ark scp:MTL/exp/nnet3/multitask/egs/egs.1.scp ark:- 
nnet3-merge-egs --minibatch-size=128,64 ark:- ark:- 
nnet3-shuffle-egs --buffer-size=5000 --srand=0 ark:- ark:- 
WARNING (nnet3-train[5.4.217~1-8ae5]:ReorthogonalizeXt1():natural-gradient-online.cc:240) Cholesky out of expected range, reorthogonalizing with Gram-Schmidt
WARNING (nnet3-train[5.4.217~1-8ae5]:ReorthogonalizeXt1():natural-gradient-online.cc:240) Cholesky out of expected range, reorthogonalizing with Gram-Schmidt
WARNING (nnet3-train[5.4.217~1-8ae5]:ReorthogonalizeXt1():natural-gradient-online.cc:240) Cholesky out of expected range, reorthogonalizing with Gram-Schmidt
WARNING (nnet3-train[5.4.217~1-8ae5]:ReorthogonalizeXt1():natural-gradient-online.cc:240) Cholesky out of expected range, reorthogonalizing with Gram-Schmidt
WARNING (nnet3-train[5.4.217~1-8ae5]:ReorthogonalizeXt1():natural-gradient-online.cc:240) Cholesky out of expected range, reorthogonalizing with Gram-Schmidt
WARNING (nnet3-train[5.4.217~1-8ae5]:ReorthogonalizeXt1():natural-gradient-online.cc:240) Cholesky out of expected range, reorthogonalizing with Gram-Schmidt
WARNING (nnet3-train[5.4.217~1-8ae5]:ReorthogonalizeXt1():natural-gradient-online.cc:240) Cholesky out of expected range, reorthogonalizing with Gram-Schmidt
WARNING (nnet3-train[5.4.217~1-8ae5]:ReorthogonalizeXt1():natural-gradient-online.cc:240) Cholesky out of expected range, reorthogonalizing with Gram-Schmidt
WARNING (nnet3-train[5.4.217~1-8ae5]:ReorthogonalizeXt1():natural-gradient-online.cc:240) Cholesky out of expected range, reorthogonalizing with Gram-Schmidt
LOG (nnet3-train[5.4.217~1-8ae5]:PrintStatsForThisPhase():nnet-training.cc:305) Average objective function for 'output-0' for minibatches 0-9 is -4.28405 over 1280 frames.
LOG (nnet3-train[5.4.217~1-8ae5]:PrintStatsForThisPhase():nnet-training.cc:305) Average objective function for 'output-0' for minibatches 10-19 is -4.20006 over 1280 frames.
LOG (nnet3-train[5.4.217~1-8ae5]:UpdateNnetWithMaxChange():nnet-utils.cc:2075) Per-component max-change active on 8 / 14 Updatable Components.(smallest factor=0.295387 on tdnn4.affine with max-change=0.75). Global max-change factor was 0.539695 with max-change=1.41421.
LOG (nnet3-train[5.4.217~1-8ae5]:PrintStatsForThisPhase():nnet-training.cc:305) Average objective function for 'output-0' for minibatches 20-29 is -4.24783 over 1280 frames.
LOG (nnet3-copy-egs[5.4.217~1-8ae5]:main():nnet3-copy-egs.cc:431) Read 9728 neural-network training examples, wrote 9728, 0 examples had errors.
LOG (nnet3-train[5.4.217~1-8ae5]:PrintStatsForThisPhase():nnet-training.cc:305) Average objective function for 'output-0' for minibatches 30-39 is -4.07477 over 1280 frames.
LOG (nnet3-train[5.4.217~1-8ae5]:PrintStatsForThisPhase():nnet-training.cc:305) Average objective function for 'output-0' for minibatches 40-49 is -3.7891 over 1280 frames.
LOG (nnet3-train[5.4.217~1-8ae5]:PrintStatsForThisPhase():nnet-training.cc:305) Average objective function for 'output-0' for minibatches 50-59 is -3.58749 over 1280 frames.
LOG (nnet3-train[5.4.217~1-8ae5]:PrintStatsForThisPhase():nnet-training.cc:305) Average objective function for 'output-0' for minibatches 60-69 is -3.51089 over 1280 frames.
LOG (nnet3-train[5.4.217~1-8ae5]:UpdateNnetWithMaxChange():nnet-utils.cc:2075) Global max-change factor was 0.916304 with max-change=1.41421.
LOG (nnet3-shuffle-egs[5.4.217~1-8ae5]:main():nnet3-shuffle-egs.cc:103) Shuffled order of 9728 neural-network training examples using a buffer (partial randomization)
LOG (nnet3-train[5.4.217~1-8ae5]:UpdateNnetWithMaxChange():nnet-utils.cc:2075) Per-component max-change active on 12 / 14 Updatable Components.(smallest factor=0.24468 on tdnn3.affine with max-change=0.75). Global max-change factor was 0.513112 with max-change=1.41421.
LOG (nnet3-merge-egs[5.4.217~1-8ae5]:PrintSpecificStats():nnet-example-utils.cc:1143) Merged specific eg types as follows [format: <eg-size1>={<mb-size1>-><num-minibatches1>,<mbsize2>-><num-minibatches2>.../d=<num-discarded>},<egs-size2>={...},... (note,egs-size == number of input frames including context).
LOG (nnet3-merge-egs[5.4.217~1-8ae5]:PrintSpecificStats():nnet-example-utils.cc:1173) 69={128->76,d=0}
LOG (nnet3-merge-egs[5.4.217~1-8ae5]:PrintAggregateStats():nnet-example-utils.cc:1139) Processed 9728 egs of avg. size 69 into 76 minibatches, discarding 0% of egs.  Avg minibatch size was 128, #distinct types of egs/minibatches was 1/1
LOG (nnet3-train[5.4.217~1-8ae5]:PrintTotalStats():nnet-training.cc:344) Overall average objective function for 'output-0' is -3.96336 over 9728 frames.
LOG (nnet3-train[5.4.217~1-8ae5]:PrintTotalStats():nnet-training.cc:351) [this line is to be parsed by a script:] log-prob-per-frame=-3.96336
LOG (nnet3-train[5.4.217~1-8ae5]:PrintMaxChangeStats():nnet-training.cc:250) For tdnn1.affine, per-component max-change was enforced 2.63158 % of the time.
LOG (nnet3-train[5.4.217~1-8ae5]:PrintMaxChangeStats():nnet-training.cc:250) For tdnn2.affine, per-component max-change was enforced 2.63158 % of the time.
LOG (nnet3-train[5.4.217~1-8ae5]:PrintMaxChangeStats():nnet-training.cc:250) For tdnn3.affine, per-component max-change was enforced 2.63158 % of the time.
LOG (nnet3-train[5.4.217~1-8ae5]:PrintMaxChangeStats():nnet-training.cc:250) For tdnn4.affine, per-component max-change was enforced 2.63158 % of the time.
LOG (nnet3-train[5.4.217~1-8ae5]:PrintMaxChangeStats():nnet-training.cc:250) For tdnn5.affine, per-component max-change was enforced 2.63158 % of the time.
LOG (nnet3-train[5.4.217~1-8ae5]:PrintMaxChangeStats():nnet-training.cc:250) For tdnn6.affine, per-component max-change was enforced 2.63158 % of the time.
LOG (nnet3-train[5.4.217~1-8ae5]:PrintMaxChangeStats():nnet-training.cc:250) For tdnn7.affine, per-component max-change was enforced 2.63158 % of the time.
LOG (nnet3-train[5.4.217~1-8ae5]:PrintMaxChangeStats():nnet-training.cc:250) For tdnn8.affine, per-component max-change was enforced 2.63158 % of the time.
LOG (nnet3-train[5.4.217~1-8ae5]:PrintMaxChangeStats():nnet-training.cc:250) For tdnn9.affine, per-component max-change was enforced 1.31579 % of the time.
LOG (nnet3-train[5.4.217~1-8ae5]:PrintMaxChangeStats():nnet-training.cc:250) For tdnn10.affine, per-component max-change was enforced 1.31579 % of the time.
LOG (nnet3-train[5.4.217~1-8ae5]:PrintMaxChangeStats():nnet-training.cc:250) For tdnn11.affine, per-component max-change was enforced 1.31579 % of the time.
LOG (nnet3-train[5.4.217~1-8ae5]:PrintMaxChangeStats():nnet-training.cc:250) For tdnnFINAL.affine, per-component max-change was enforced 1.31579 % of the time.
LOG (nnet3-train[5.4.217~1-8ae5]:PrintMaxChangeStats():nnet-training.cc:261) The global max-change was enforced 3.94737 % of the time.
LOG (nnet3-train[5.4.217~1-8ae5]:main():nnet3-train.cc:90) Wrote model to MTL/exp/nnet3/multitask/1.1.raw
LOG (nnet3-train[5.4.217~1-8ae5]:~NnetTrainer():nnet-training.cc:361) Wrote computation cache to MTL/exp/nnet3/multitask/cache.1
LOG (nnet3-train[5.4.217~1-8ae5]:~CachingOptimizingCompiler():nnet-optimize.cc:710) 0.124 seconds taken in nnet3 compilation total (breakdown: 0.0378 compilation, 0.0536 optimization, 0.00365 shortcut expansion, 0.0123 checking, 0.00113 computing indexes, 0.0158 misc.) + 0.00758 I/O.
# Accounting: time=6 threads=1
# Ended (code 0) at Tue Jul 24 11:13:23 UTC 2018, elapsed time 6 seconds
