# nnet3-train --read-cache=MTL/exp/nnet3/multitask/cache.100 --write-cache=MTL/exp/nnet3/multitask/cache.101 --verbose=1 --print-interval=10 --momentum=0.0 --max-param-change=2.0 --backstitch-training-scale=0.0 --l2-regularize-factor=1.0 --backstitch-training-interval=1 --srand=100 "nnet3-copy --learning-rate=0.0003557060558492483 --scale=1.0 MTL/exp/nnet3/multitask/100.raw - |" "ark,bg:nnet3-copy-egs --frame=5 --outputs=ark:MTL/exp/nnet3/multitask/egs/egs.output.1.ark --weights=ark:MTL/exp/nnet3/multitask/egs/egs.weight.1.ark             scp:MTL/exp/nnet3/multitask/egs/egs.1.scp ark:- |             nnet3-shuffle-egs --buffer-size=5000             --srand=100 ark:- ark:- |              nnet3-merge-egs --minibatch-size=256,128 ark:- ark:- |" MTL/exp/nnet3/multitask/101.1.raw 
# Started at Sat Jul 28 03:24:11 UTC 2018
#
nnet3-train --read-cache=MTL/exp/nnet3/multitask/cache.100 --write-cache=MTL/exp/nnet3/multitask/cache.101 --verbose=1 --print-interval=10 --momentum=0.0 --max-param-change=2.0 --backstitch-training-scale=0.0 --l2-regularize-factor=1.0 --backstitch-training-interval=1 --srand=100 'nnet3-copy --learning-rate=0.0003557060558492483 --scale=1.0 MTL/exp/nnet3/multitask/100.raw - |' 'ark,bg:nnet3-copy-egs --frame=5 --outputs=ark:MTL/exp/nnet3/multitask/egs/egs.output.1.ark --weights=ark:MTL/exp/nnet3/multitask/egs/egs.weight.1.ark             scp:MTL/exp/nnet3/multitask/egs/egs.1.scp ark:- |             nnet3-shuffle-egs --buffer-size=5000             --srand=100 ark:- ark:- |              nnet3-merge-egs --minibatch-size=256,128 ark:- ark:- |' MTL/exp/nnet3/multitask/101.1.raw 
WARNING (nnet3-train[5.4.224~1-d4d9]:SelectGpuId():cu-device.cc:196) Not in compute-exclusive mode.  Suggestion: use 'nvidia-smi -c 3' to set compute exclusive mode
LOG (nnet3-train[5.4.224~1-d4d9]:SelectGpuIdAuto():cu-device.cc:315) Selecting from 4 GPUs
LOG (nnet3-train[5.4.224~1-d4d9]:SelectGpuIdAuto():cu-device.cc:330) cudaSetDevice(0): Tesla V100-SXM2-16GB	free:15722M, used:430M, total:16152M, free/total:0.973378
LOG (nnet3-train[5.4.224~1-d4d9]:SelectGpuIdAuto():cu-device.cc:330) cudaSetDevice(1): Tesla V100-SXM2-16GB	free:15722M, used:430M, total:16152M, free/total:0.973378
LOG (nnet3-train[5.4.224~1-d4d9]:SelectGpuIdAuto():cu-device.cc:330) cudaSetDevice(2): Tesla V100-SXM2-16GB	free:15722M, used:430M, total:16152M, free/total:0.973378
LOG (nnet3-train[5.4.224~1-d4d9]:SelectGpuIdAuto():cu-device.cc:330) cudaSetDevice(3): Tesla V100-SXM2-16GB	free:15722M, used:430M, total:16152M, free/total:0.973374
LOG (nnet3-train[5.4.224~1-d4d9]:SelectGpuIdAuto():cu-device.cc:379) Trying to select device: 0 (automatically), mem_ratio: 0.973378
LOG (nnet3-train[5.4.224~1-d4d9]:SelectGpuIdAuto():cu-device.cc:398) Success selecting device 0 free mem ratio: 0.973378
LOG (nnet3-train[5.4.224~1-d4d9]:FinalizeActiveGpu():cu-device.cc:247) The active GPU is [0]: Tesla V100-SXM2-16GB	free:15626M, used:526M, total:16152M, free/total:0.967435 version 7.0
nnet3-copy --learning-rate=0.0003557060558492483 --scale=1.0 MTL/exp/nnet3/multitask/100.raw - 
LOG (nnet3-copy[5.4.224~1-d4d9]:main():nnet3-copy.cc:114) Copied raw neural net from MTL/exp/nnet3/multitask/100.raw to -
LOG (nnet3-train[5.4.224~1-d4d9]:NnetTrainer():nnet-training.cc:50) Read computation cache from MTL/exp/nnet3/multitask/cache.100
nnet3-merge-egs --minibatch-size=256,128 ark:- ark:- 
nnet3-copy-egs --frame=5 --outputs=ark:MTL/exp/nnet3/multitask/egs/egs.output.1.ark --weights=ark:MTL/exp/nnet3/multitask/egs/egs.weight.1.ark scp:MTL/exp/nnet3/multitask/egs/egs.1.scp ark:- 
nnet3-shuffle-egs --buffer-size=5000 --srand=100 ark:- ark:- 
LOG (nnet3-train[5.4.224~1-d4d9]:PrintStatsForThisPhase():nnet-training.cc:311) Average objective function for 'output-0 using 5 minibatches in minibatch range 0-9 is -0.0087123 over 1024 frames.
LOG (nnet3-train[5.4.224~1-d4d9]:PrintStatsForThisPhase():nnet-training.cc:311) Average objective function for 'output-1 using 5 minibatches in minibatch range 0-9 is -0.0589634 over 256.001 frames.
LOG (nnet3-train[5.4.224~1-d4d9]:PrintStatsForThisPhase():nnet-training.cc:311) Average objective function for 'output-0 using 5 minibatches in minibatch range 10-19 is -0.00848483 over 1024 frames.
LOG (nnet3-train[5.4.224~1-d4d9]:PrintStatsForThisPhase():nnet-training.cc:311) Average objective function for 'output-1 using 5 minibatches in minibatch range 10-19 is -0.0623209 over 256.001 frames.
LOG (nnet3-train[5.4.224~1-d4d9]:PrintStatsForThisPhase():nnet-training.cc:311) Average objective function for 'output-0 using 4 minibatches in minibatch range 20-29 is -0.00845353 over 819.202 frames.
LOG (nnet3-train[5.4.224~1-d4d9]:PrintStatsForThisPhase():nnet-training.cc:311) Average objective function for 'output-1 using 6 minibatches in minibatch range 20-29 is -0.0551486 over 307.201 frames.
LOG (nnet3-train[5.4.224~1-d4d9]:PrintStatsForThisPhase():nnet-training.cc:311) Average objective function for 'output-0 using 6 minibatches in minibatch range 30-39 is -0.00841736 over 1228.8 frames.
LOG (nnet3-train[5.4.224~1-d4d9]:PrintStatsForThisPhase():nnet-training.cc:311) Average objective function for 'output-1 using 4 minibatches in minibatch range 30-39 is -0.0553236 over 204.8 frames.
LOG (nnet3-copy-egs[5.4.224~1-d4d9]:main():nnet3-copy-egs.cc:431) Read 17408 neural-network training examples, wrote 17408, 0 examples had errors.
LOG (nnet3-train[5.4.224~1-d4d9]:PrintStatsForThisPhase():nnet-training.cc:311) Average objective function for 'output-0 using 5 minibatches in minibatch range 40-49 is -0.00797733 over 1024 frames.
LOG (nnet3-train[5.4.224~1-d4d9]:PrintStatsForThisPhase():nnet-training.cc:311) Average objective function for 'output-1 using 5 minibatches in minibatch range 40-49 is -0.0640795 over 256.001 frames.
LOG (nnet3-train[5.4.224~1-d4d9]:PrintStatsForThisPhase():nnet-training.cc:311) Average objective function for 'output-0 using 5 minibatches in minibatch range 50-59 is -0.00769651 over 1024 frames.
LOG (nnet3-train[5.4.224~1-d4d9]:PrintStatsForThisPhase():nnet-training.cc:311) Average objective function for 'output-1 using 5 minibatches in minibatch range 50-59 is -0.0505561 over 256.001 frames.
LOG (nnet3-shuffle-egs[5.4.224~1-d4d9]:main():nnet3-shuffle-egs.cc:103) Shuffled order of 17408 neural-network training examples using a buffer (partial randomization)
LOG (nnet3-merge-egs[5.4.224~1-d4d9]:PrintSpecificStats():nnet-example-utils.cc:1143) Merged specific eg types as follows [format: <eg-size1>={<mb-size1>-><num-minibatches1>,<mbsize2>-><num-minibatches2>.../d=<num-discarded>},<egs-size2>={...},... (note,egs-size == number of input frames including context).
LOG (nnet3-merge-egs[5.4.224~1-d4d9]:PrintSpecificStats():nnet-example-utils.cc:1173) 69={256->34,d=0},69={256->34,d=0}
LOG (nnet3-merge-egs[5.4.224~1-d4d9]:PrintAggregateStats():nnet-example-utils.cc:1139) Processed 17408 egs of avg. size 69 into 68 minibatches, discarding 0% of egs.  Avg minibatch size was 256, #distinct types of egs/minibatches was 2/2
LOG (nnet3-train[5.4.224~1-d4d9]:PrintTotalStats():nnet-training.cc:344) Overall average objective function for 'output-0' is -0.00820938 over 6963.22 frames.
LOG (nnet3-train[5.4.224~1-d4d9]:PrintTotalStats():nnet-training.cc:351) [this line is to be parsed by a script:] log-prob-per-frame=-0.00820938
LOG (nnet3-train[5.4.224~1-d4d9]:PrintTotalStats():nnet-training.cc:344) Overall average objective function for 'output-1' is -0.0575263 over 1740.8 frames.
LOG (nnet3-train[5.4.224~1-d4d9]:PrintTotalStats():nnet-training.cc:351) [this line is to be parsed by a script:] log-prob-per-frame=-0.0575263
LOG (nnet3-train[5.4.224~1-d4d9]:PrintProfile():cu-device.cc:449) -----
[cudevice profile]
Scale	0.0542331s
VecVec	0.0552137s
AddMatVec	0.0637069s
CuMatrixBase::CopyFromMat(from CPU)	0.0856192s
CuVector::SetZero	0.100713s
AddVec	0.108982s
SymAddMat2	0.109937s
Destroy	0.128071s
CuMatrix::SetZero	0.165636s
CuMatrixBase::CopyFromMat(from other CuMatrixBase)	0.178101s
CopyToVec	0.211504s
CuVector::Resize	0.237354s
TraceMatMat	0.379482s
AddMatMat	1.23005s
CuMatrix::Resize	1.32982s
Total GPU time:	5.04621s (may involve some double-counting)
-----
LOG (nnet3-train[5.4.224~1-d4d9]:PrintMemoryUsage():cu-allocator.cc:127) Memory usage: 435997992 bytes currently allocated (max: 436510868); 119584208 currently in use by user (max: 335910672); 2729/24182 calls to Malloc* resulted in CUDA calls.
LOG (nnet3-train[5.4.224~1-d4d9]:PrintMemoryUsage():cu-allocator.cc:136) Time taken in cudaMallocPitch=0.616762, in cudaMalloc=0.0123472, in cudaFree=0.395516, in this->MallocPitch()=1.18855
LOG (nnet3-train[5.4.224~1-d4d9]:PrintMemoryUsage():cu-device.cc:422) Memory used (according to the device): 620756992 bytes.
LOG (nnet3-train[5.4.224~1-d4d9]:main():nnet3-train.cc:90) Wrote model to MTL/exp/nnet3/multitask/101.1.raw
LOG (nnet3-train[5.4.224~1-d4d9]:~NnetTrainer():nnet-training.cc:361) Wrote computation cache to MTL/exp/nnet3/multitask/cache.101
LOG (nnet3-train[5.4.224~1-d4d9]:~CachingOptimizingCompiler():nnet-optimize.cc:710) 0.0178 seconds taken in nnet3 compilation total (breakdown: 0 compilation, 0 optimization, 0 shortcut expansion, 0 checking, 0 computing indexes, 0.0178 misc.) + 0.632 I/O.
# Accounting: time=11 threads=1
# Ended (code 0) at Sat Jul 28 03:24:22 UTC 2018, elapsed time 11 seconds
