# nnet3-train --read-cache=MTL/exp/nnet3/multitask/cache.7 --write-cache=MTL/exp/nnet3/multitask/cache.8 --print-interval=10 --momentum=0.0 --max-param-change=2.0 --backstitch-training-scale=0.0 --l2-regularize-factor=1.0 --backstitch-training-interval=1 --srand=7 "nnet3-copy --learning-rate=0.0013562547088851757 --scale=1.0 MTL/exp/nnet3/multitask/7.raw - |" "ark,bg:nnet3-copy-egs --frame=0 --outputs=ark:MTL/exp/nnet3/multitask/egs/egs.output.1.ark --weights=ark:MTL/exp/nnet3/multitask/egs/egs.weight.1.ark             scp:MTL/exp/nnet3/multitask/egs/egs.1.scp ark:- |             nnet3-shuffle-egs --buffer-size=5000             --srand=7 ark:- ark:- |              nnet3-merge-egs --minibatch-size=256,128 ark:- ark:- |" MTL/exp/nnet3/multitask/8.1.raw 
# Started at Sat Jul 28 03:08:27 UTC 2018
#
nnet3-train --read-cache=MTL/exp/nnet3/multitask/cache.7 --write-cache=MTL/exp/nnet3/multitask/cache.8 --print-interval=10 --momentum=0.0 --max-param-change=2.0 --backstitch-training-scale=0.0 --l2-regularize-factor=1.0 --backstitch-training-interval=1 --srand=7 'nnet3-copy --learning-rate=0.0013562547088851757 --scale=1.0 MTL/exp/nnet3/multitask/7.raw - |' 'ark,bg:nnet3-copy-egs --frame=0 --outputs=ark:MTL/exp/nnet3/multitask/egs/egs.output.1.ark --weights=ark:MTL/exp/nnet3/multitask/egs/egs.weight.1.ark             scp:MTL/exp/nnet3/multitask/egs/egs.1.scp ark:- |             nnet3-shuffle-egs --buffer-size=5000             --srand=7 ark:- ark:- |              nnet3-merge-egs --minibatch-size=256,128 ark:- ark:- |' MTL/exp/nnet3/multitask/8.1.raw 
WARNING (nnet3-train[5.4.224~1-d4d9]:SelectGpuId():cu-device.cc:196) Not in compute-exclusive mode.  Suggestion: use 'nvidia-smi -c 3' to set compute exclusive mode
LOG (nnet3-train[5.4.224~1-d4d9]:SelectGpuIdAuto():cu-device.cc:315) Selecting from 4 GPUs
LOG (nnet3-train[5.4.224~1-d4d9]:SelectGpuIdAuto():cu-device.cc:330) cudaSetDevice(0): Tesla V100-SXM2-16GB	free:15722M, used:430M, total:16152M, free/total:0.973378
LOG (nnet3-train[5.4.224~1-d4d9]:SelectGpuIdAuto():cu-device.cc:330) cudaSetDevice(1): Tesla V100-SXM2-16GB	free:15722M, used:430M, total:16152M, free/total:0.973378
LOG (nnet3-train[5.4.224~1-d4d9]:SelectGpuIdAuto():cu-device.cc:330) cudaSetDevice(2): Tesla V100-SXM2-16GB	free:15722M, used:430M, total:16152M, free/total:0.973378
LOG (nnet3-train[5.4.224~1-d4d9]:SelectGpuIdAuto():cu-device.cc:330) cudaSetDevice(3): Tesla V100-SXM2-16GB	free:15722M, used:430M, total:16152M, free/total:0.973374
LOG (nnet3-train[5.4.224~1-d4d9]:SelectGpuIdAuto():cu-device.cc:379) Trying to select device: 0 (automatically), mem_ratio: 0.973378
LOG (nnet3-train[5.4.224~1-d4d9]:SelectGpuIdAuto():cu-device.cc:398) Success selecting device 0 free mem ratio: 0.973378
LOG (nnet3-train[5.4.224~1-d4d9]:FinalizeActiveGpu():cu-device.cc:247) The active GPU is [0]: Tesla V100-SXM2-16GB	free:15626M, used:526M, total:16152M, free/total:0.967435 version 7.0
nnet3-copy --learning-rate=0.0013562547088851757 --scale=1.0 MTL/exp/nnet3/multitask/7.raw - 
LOG (nnet3-copy[5.4.224~1-d4d9]:main():nnet3-copy.cc:114) Copied raw neural net from MTL/exp/nnet3/multitask/7.raw to -
LOG (nnet3-train[5.4.224~1-d4d9]:NnetTrainer():nnet-training.cc:50) Read computation cache from MTL/exp/nnet3/multitask/cache.7
nnet3-shuffle-egs --buffer-size=5000 --srand=7 ark:- ark:- 
nnet3-copy-egs --frame=0 --outputs=ark:MTL/exp/nnet3/multitask/egs/egs.output.1.ark --weights=ark:MTL/exp/nnet3/multitask/egs/egs.weight.1.ark scp:MTL/exp/nnet3/multitask/egs/egs.1.scp ark:- 
nnet3-merge-egs --minibatch-size=256,128 ark:- ark:- 
WARNING (nnet3-train[5.4.224~1-d4d9]:ReorthogonalizeXt1():natural-gradient-online.cc:240) Cholesky out of expected range, reorthogonalizing with Gram-Schmidt
LOG (nnet3-train[5.4.224~1-d4d9]:PrintStatsForThisPhase():nnet-training.cc:311) Average objective function for 'output-0 using 5 minibatches in minibatch range 0-9 is -2.57341 over 1017.6 frames.
LOG (nnet3-train[5.4.224~1-d4d9]:PrintStatsForThisPhase():nnet-training.cc:311) Average objective function for 'output-1 using 5 minibatches in minibatch range 0-9 is -2.39235 over 254.301 frames.
LOG (nnet3-train[5.4.224~1-d4d9]:PrintStatsForThisPhase():nnet-training.cc:311) Average objective function for 'output-0 using 5 minibatches in minibatch range 10-19 is -2.43339 over 1016 frames.
LOG (nnet3-train[5.4.224~1-d4d9]:PrintStatsForThisPhase():nnet-training.cc:311) Average objective function for 'output-1 using 5 minibatches in minibatch range 10-19 is -2.36593 over 254.501 frames.
LOG (nnet3-train[5.4.224~1-d4d9]:PrintStatsForThisPhase():nnet-training.cc:311) Average objective function for 'output-0 using 4 minibatches in minibatch range 20-29 is -2.49053 over 814.002 frames.
LOG (nnet3-train[5.4.224~1-d4d9]:PrintStatsForThisPhase():nnet-training.cc:311) Average objective function for 'output-1 using 6 minibatches in minibatch range 20-29 is -2.39196 over 304.801 frames.
LOG (nnet3-train[5.4.224~1-d4d9]:PrintStatsForThisPhase():nnet-training.cc:311) Average objective function for 'output-0 using 6 minibatches in minibatch range 30-39 is -2.47678 over 1221.6 frames.
LOG (nnet3-train[5.4.224~1-d4d9]:PrintStatsForThisPhase():nnet-training.cc:311) Average objective function for 'output-1 using 4 minibatches in minibatch range 30-39 is -2.46764 over 203.7 frames.
LOG (nnet3-copy-egs[5.4.224~1-d4d9]:main():nnet3-copy-egs.cc:431) Read 17408 neural-network training examples, wrote 17408, 0 examples had errors.
LOG (nnet3-train[5.4.224~1-d4d9]:PrintStatsForThisPhase():nnet-training.cc:311) Average objective function for 'output-0 using 5 minibatches in minibatch range 40-49 is -2.51481 over 1018.4 frames.
LOG (nnet3-train[5.4.224~1-d4d9]:PrintStatsForThisPhase():nnet-training.cc:311) Average objective function for 'output-1 using 5 minibatches in minibatch range 40-49 is -2.39143 over 254.401 frames.
LOG (nnet3-train[5.4.224~1-d4d9]:PrintStatsForThisPhase():nnet-training.cc:311) Average objective function for 'output-0 using 5 minibatches in minibatch range 50-59 is -2.58427 over 1016 frames.
LOG (nnet3-train[5.4.224~1-d4d9]:PrintStatsForThisPhase():nnet-training.cc:311) Average objective function for 'output-1 using 5 minibatches in minibatch range 50-59 is -2.48709 over 254.301 frames.
LOG (nnet3-shuffle-egs[5.4.224~1-d4d9]:main():nnet3-shuffle-egs.cc:103) Shuffled order of 17408 neural-network training examples using a buffer (partial randomization)
LOG (nnet3-merge-egs[5.4.224~1-d4d9]:PrintSpecificStats():nnet-example-utils.cc:1143) Merged specific eg types as follows [format: <eg-size1>={<mb-size1>-><num-minibatches1>,<mbsize2>-><num-minibatches2>.../d=<num-discarded>},<egs-size2>={...},... (note,egs-size == number of input frames including context).
LOG (nnet3-merge-egs[5.4.224~1-d4d9]:PrintSpecificStats():nnet-example-utils.cc:1173) 69={256->34,d=0},69={256->34,d=0}
LOG (nnet3-merge-egs[5.4.224~1-d4d9]:PrintAggregateStats():nnet-example-utils.cc:1139) Processed 17408 egs of avg. size 69 into 68 minibatches, discarding 0% of egs.  Avg minibatch size was 256, #distinct types of egs/minibatches was 2/2
LOG (nnet3-train[5.4.224~1-d4d9]:PrintTotalStats():nnet-training.cc:344) Overall average objective function for 'output-0' is -2.51658 over 6916.02 frames.
LOG (nnet3-train[5.4.224~1-d4d9]:PrintTotalStats():nnet-training.cc:351) [this line is to be parsed by a script:] log-prob-per-frame=-2.51658
LOG (nnet3-train[5.4.224~1-d4d9]:PrintTotalStats():nnet-training.cc:344) Overall average objective function for 'output-1' is -2.40337 over 1729 frames.
LOG (nnet3-train[5.4.224~1-d4d9]:PrintTotalStats():nnet-training.cc:351) [this line is to be parsed by a script:] log-prob-per-frame=-2.40337
LOG (nnet3-train[5.4.224~1-d4d9]:main():nnet3-train.cc:90) Wrote model to MTL/exp/nnet3/multitask/8.1.raw
LOG (nnet3-train[5.4.224~1-d4d9]:~NnetTrainer():nnet-training.cc:361) Wrote computation cache to MTL/exp/nnet3/multitask/cache.8
LOG (nnet3-train[5.4.224~1-d4d9]:~CachingOptimizingCompiler():nnet-optimize.cc:710) 0.153 seconds taken in nnet3 compilation total (breakdown: 0.0517 compilation, 0.0567 optimization, 0.00926 shortcut expansion, 0.0133 checking, 0.0021 computing indexes, 0.0201 misc.) + 0.296 I/O.
# Accounting: time=6 threads=1
# Ended (code 0) at Sat Jul 28 03:08:33 UTC 2018, elapsed time 6 seconds
