# compile-train-graphs exp_atai-100F-mod/monophones/tree exp_atai-100F-mod/monophones/0.mdl data_atai-100F-mod/lang/L.fst "ark:sym2int.pl --map-oov 2 -f 2- data_atai-100F-mod/lang/words.txt < data_atai-100F-mod/train/split4/4/text|" "ark:|gzip -c >exp_atai-100F-mod/monophones/fsts.4.gz" 
# Started at Tue Jul 24 16:36:20 UTC 2018
#
compile-train-graphs exp_atai-100F-mod/monophones/tree exp_atai-100F-mod/monophones/0.mdl data_atai-100F-mod/lang/L.fst 'ark:sym2int.pl --map-oov 2 -f 2- data_atai-100F-mod/lang/words.txt < data_atai-100F-mod/train/split4/4/text|' 'ark:|gzip -c >exp_atai-100F-mod/monophones/fsts.4.gz' 
sym2int.pl: replacing бирибирине with 2
sym2int.pl: replacing отурушту with 2
sym2int.pl: replacing уйлуу with 2
sym2int.pl: replacing көзи with 2
sym2int.pl: replacing уурулар with 2
sym2int.pl: replacing уюңду with 2
sym2int.pl: replacing уурулар with 2
sym2int.pl: replacing мойнокту with 2
sym2int.pl: replacing аккыз with 2
sym2int.pl: replacing чиркейлерге with 2
sym2int.pl: replacing жемелешип with 2
sym2int.pl: replacing катарлаша with 2
sym2int.pl: replacing теминишти with 2
sym2int.pl: replacing жепирейген with 2
sym2int.pl: replacing элечеги with 2
sym2int.pl: replacing бүкчүгүй with 2
sym2int.pl: replacing чалын with 2
sym2int.pl: replacing сүйүнчүлөгөнсүдү with 2
sym2int.pl: replacing кызыкпады with 2
sym2int.pl: replacing жылмаюусу with 2
sym2int.pl: not warning for OOVs any more times
** Replaced 72 instances of OOVs with 2
LOG (compile-train-graphs[5.4.217~1-8ae5]:main():compile-train-graphs.cc:147) compile-train-graphs: succeeded for 25 graphs, failed for 0
# Accounting: time=4 threads=1
# Ended (code 0) at Tue Jul 24 16:36:24 UTC 2018, elapsed time 4 seconds
