# compile-train-graphs exp_atai-100C-mod/triphones/tree exp_atai-100C-mod/triphones/1.mdl data_atai-100C-mod/lang/L.fst "ark:utils/sym2int.pl --map-oov 2 -f 2- data_atai-100C-mod/lang/words.txt < data_atai-100C-mod/train/split4/4/text |" "ark:|gzip -c >exp_atai-100C-mod/triphones/fsts.4.gz" 
# Started at Tue Jul 24 16:21:12 UTC 2018
#
compile-train-graphs exp_atai-100C-mod/triphones/tree exp_atai-100C-mod/triphones/1.mdl data_atai-100C-mod/lang/L.fst 'ark:utils/sym2int.pl --map-oov 2 -f 2- data_atai-100C-mod/lang/words.txt < data_atai-100C-mod/train/split4/4/text |' 'ark:|gzip -c >exp_atai-100C-mod/triphones/fsts.4.gz' 
sym2int.pl: replacing табылбаган with 2
sym2int.pl: replacing бөлүндү with 2
sym2int.pl: replacing жылгага with 2
sym2int.pl: replacing чочоюп with 2
sym2int.pl: replacing хээ with 2
sym2int.pl: replacing сурайсың with 2
sym2int.pl: replacing чилденин with 2
sym2int.pl: replacing чыйылдаган with 2
sym2int.pl: replacing алкашалка with 2
sym2int.pl: replacing аяңдап with 2
sym2int.pl: replacing келатты with 2
sym2int.pl: replacing жантакпайды with 2
sym2int.pl: replacing билгендерге with 2
sym2int.pl: replacing шаштырат with 2
sym2int.pl: replacing күлүңдөгөнүн with 2
sym2int.pl: replacing меймандарда with 2
sym2int.pl: replacing союлаарын with 2
sym2int.pl: replacing бурулчанын with 2
sym2int.pl: replacing кыпчыкей with 2
sym2int.pl: replacing тиктеди with 2
sym2int.pl: not warning for OOVs any more times
** Replaced 62 instances of OOVs with 2
LOG (compile-train-graphs[5.4.217~1-8ae5]:main():compile-train-graphs.cc:147) compile-train-graphs: succeeded for 25 graphs, failed for 0
# Accounting: time=3 threads=1
# Ended (code 0) at Tue Jul 24 16:21:15 UTC 2018, elapsed time 3 seconds
