# gmm-init-model --write-occs=exp_atai-100C-mod/triphones/1.occs exp_atai-100C-mod/triphones/tree exp_atai-100C-mod/triphones/treeacc data_atai-100C-mod/lang/topo exp_atai-100C-mod/triphones/1.mdl 
# Started at Tue Jul 24 16:21:11 UTC 2018
#
gmm-init-model --write-occs=exp_atai-100C-mod/triphones/1.occs exp_atai-100C-mod/triphones/tree exp_atai-100C-mod/triphones/treeacc data_atai-100C-mod/lang/topo exp_atai-100C-mod/triphones/1.mdl 
LOG (gmm-init-model[5.4.217~1-8ae5]:main():gmm-init-model.cc:271) Number of separate statistics is 6926
WARNING (gmm-init-model[5.4.217~1-8ae5]:InitAmGmm():gmm-init-model.cc:55) Tree has pdf-id 8 with no stats; corresponding phone list: 9 
WARNING (gmm-init-model[5.4.217~1-8ae5]:InitAmGmm():gmm-init-model.cc:55) Tree has pdf-id 25 with no stats; corresponding phone list: 26 
WARNING (gmm-init-model[5.4.217~1-8ae5]:InitAmGmm():gmm-init-model.cc:83) Very small count for state 5: 96; corresponding phone list: 6 
WARNING (gmm-init-model[5.4.217~1-8ae5]:InitAmGmm():gmm-init-model.cc:83) Very small count for state 12: 76; corresponding phone list: 13 
WARNING (gmm-init-model[5.4.217~1-8ae5]:InitAmGmm():gmm-init-model.cc:83) Very small count for state 14: 47; corresponding phone list: 15 
WARNING (gmm-init-model[5.4.217~1-8ae5]:InitAmGmm():gmm-init-model.cc:83) Very small count for state 17: 54; corresponding phone list: 18 
WARNING (gmm-init-model[5.4.217~1-8ae5]:InitAmGmm():gmm-init-model.cc:83) Very small count for state 22: 54; corresponding phone list: 23 
WARNING (gmm-init-model[5.4.217~1-8ae5]:InitAmGmm():gmm-init-model.cc:83) Very small count for state 24: 87; corresponding phone list: 25 
WARNING (gmm-init-model[5.4.217~1-8ae5]:InitAmGmm():gmm-init-model.cc:83) Very small count for state 27: 96; corresponding phone list: 28 
WARNING (gmm-init-model[5.4.217~1-8ae5]:InitAmGmm():gmm-init-model.cc:83) Very small count for state 36: 82; corresponding phone list: 18 
WARNING (gmm-init-model[5.4.217~1-8ae5]:InitAmGmm():gmm-init-model.cc:83) Very small count for state 37: 99; corresponding phone list: 14 
WARNING (gmm-init-model[5.4.217~1-8ae5]:InitAmGmm():gmm-init-model.cc:83) Very small count for state 50: 87; corresponding phone list: 18 
WARNING (gmm-init-model[5.4.217~1-8ae5]:InitAmGmm():gmm-init-model.cc:83) Very small count for state 51: 83; corresponding phone list: 12 
WARNING (gmm-init-model[5.4.217~1-8ae5]:InitAmGmm():gmm-init-model.cc:83) Very small count for state 57: 45; corresponding phone list: 5 
WARNING (gmm-init-model[5.4.217~1-8ae5]:InitAmGmm():gmm-init-model.cc:83) Very small count for state 60: 95; corresponding phone list: 15 
WARNING (gmm-init-model[5.4.217~1-8ae5]:InitAmGmm():gmm-init-model.cc:83) Very small count for state 63: 75; corresponding phone list: 15 
WARNING (gmm-init-model[5.4.217~1-8ae5]:InitAmGmm():gmm-init-model.cc:83) Very small count for state 65: 92; corresponding phone list: 10 
WARNING (gmm-init-model[5.4.217~1-8ae5]:InitAmGmm():gmm-init-model.cc:83) Very small count for state 79: 95; corresponding phone list: 6 
WARNING (gmm-init-model[5.4.217~1-8ae5]:InitAmGmm():gmm-init-model.cc:83) Very small count for state 82: 89; corresponding phone list: 14 
WARNING (gmm-init-model[5.4.217~1-8ae5]:InitAmGmm():gmm-init-model.cc:83) Very small count for state 89: 66; corresponding phone list: 4 
WARNING (gmm-init-model[5.4.217~1-8ae5]:InitAmGmm():gmm-init-model.cc:83) Very small count for state 97: 19; corresponding phone list: 27 
WARNING (gmm-init-model[5.4.217~1-8ae5]:InitAmGmm():gmm-init-model.cc:83) Very small count for state 103: 64; corresponding phone list: 18 
WARNING (gmm-init-model[5.4.217~1-8ae5]:InitAmGmm():gmm-init-model.cc:83) Very small count for state 104: 78; corresponding phone list: 15 
WARNING (gmm-init-model[5.4.217~1-8ae5]:InitAmGmm():gmm-init-model.cc:83) Very small count for state 129: 82; corresponding phone list: 15 
WARNING (gmm-init-model[5.4.217~1-8ae5]:InitAmGmm():gmm-init-model.cc:83) Very small count for state 139: 72; corresponding phone list: 19 
WARNING (gmm-init-model[5.4.217~1-8ae5]:InitAmGmm():gmm-init-model.cc:83) Very small count for state 161: 51; corresponding phone list: 15 
WARNING (gmm-init-model[5.4.217~1-8ae5]:InitAmGmm():gmm-init-model.cc:83) Very small count for state 179: 72; corresponding phone list: 27 
WARNING (gmm-init-model[5.4.217~1-8ae5]:InitAmGmm():gmm-init-model.cc:83) Very small count for state 184: 49; corresponding phone list: 15 
LOG (gmm-init-model[5.4.217~1-8ae5]:main():gmm-init-model.cc:306) Wrote model.
# Accounting: time=1 threads=1
# Ended (code 0) at Tue Jul 24 16:21:12 UTC 2018, elapsed time 1 seconds
