# nnet3-latgen-faster --frames-per-chunk=50 --extra-left-context=0 --extra-right-context=0 --extra-left-context-initial=-1 --extra-right-context-final=-1 --minimize=false --max-active=250 --min-active=100 --beam=15.0 --lattice-beam=8.0 --acoustic-scale=0.1 --allow-partial=true --word-symbol-table=exp_atai-100A-org/triphones/graph/words.txt MTL/exp/nnet3/multitask/atai-100A-org/final_adj.mdl exp_atai-100A-org/triphones/graph/HCLG.fst "ark,s,cs:apply-cmvn --norm-means=false --norm-vars=false --utt2spk=ark:data_atai-100A-org/test/split4/3/utt2spk scp:data_atai-100A-org/test/split4/3/cmvn.scp scp:data_atai-100A-org/test/split4/3/feats.scp ark:- |" "ark:|gzip -c >MTL/exp/nnet3/multitask/decode/lat.3.gz" 
# Started at Fri Jul 27 03:25:34 UTC 2018
#
nnet3-latgen-faster --frames-per-chunk=50 --extra-left-context=0 --extra-right-context=0 --extra-left-context-initial=-1 --extra-right-context-final=-1 --minimize=false --max-active=250 --min-active=100 --beam=15.0 --lattice-beam=8.0 --acoustic-scale=0.1 --allow-partial=true --word-symbol-table=exp_atai-100A-org/triphones/graph/words.txt MTL/exp/nnet3/multitask/atai-100A-org/final_adj.mdl exp_atai-100A-org/triphones/graph/HCLG.fst 'ark,s,cs:apply-cmvn --norm-means=false --norm-vars=false --utt2spk=ark:data_atai-100A-org/test/split4/3/utt2spk scp:data_atai-100A-org/test/split4/3/cmvn.scp scp:data_atai-100A-org/test/split4/3/feats.scp ark:- |' 'ark:|gzip -c >MTL/exp/nnet3/multitask/decode/lat.3.gz' 
LOG (nnet3-latgen-faster[5.4.217~1-8ae5]:RemoveOrphanNodes():nnet-nnet.cc:948) Removed 0 orphan nodes.
LOG (nnet3-latgen-faster[5.4.217~1-8ae5]:RemoveOrphanComponents():nnet-nnet.cc:847) Removing 0 orphan components.
apply-cmvn --norm-means=false --norm-vars=false --utt2spk=ark:data_atai-100A-org/test/split4/3/utt2spk scp:data_atai-100A-org/test/split4/3/cmvn.scp scp:data_atai-100A-org/test/split4/3/feats.scp ark:- 
atai_374 схем менен акыл да хан 
LOG (nnet3-latgen-faster[5.4.217~1-8ae5]:DecodeUtteranceLatticeFaster():decoder-wrappers.cc:286) Log-like per frame for utterance atai_374 is 0.125186 over 459 frames.
atai_376 хуту 
LOG (nnet3-latgen-faster[5.4.217~1-8ae5]:DecodeUtteranceLatticeFaster():decoder-wrappers.cc:286) Log-like per frame for utterance atai_376 is 0.135157 over 280 frames.
atai_377 ата халха 
LOG (nnet3-latgen-faster[5.4.217~1-8ae5]:DecodeUtteranceLatticeFaster():decoder-wrappers.cc:286) Log-like per frame for utterance atai_377 is 0.1232 over 350 frames.
atai_378 хасха да 
LOG (nnet3-latgen-faster[5.4.217~1-8ae5]:DecodeUtteranceLatticeFaster():decoder-wrappers.cc:286) Log-like per frame for utterance atai_378 is 0.150695 over 519 frames.
atai_379 бардыгы ху абдыракман хи <unk> бухта <unk> 
LOG (nnet3-latgen-faster[5.4.217~1-8ae5]:DecodeUtteranceLatticeFaster():decoder-wrappers.cc:286) Log-like per frame for utterance atai_379 is 0.132771 over 1173 frames.
atai_38 кенже хх 
LOG (nnet3-latgen-faster[5.4.217~1-8ae5]:DecodeUtteranceLatticeFaster():decoder-wrappers.cc:286) Log-like per frame for utterance atai_38 is 0.046483 over 200 frames.
atai_380 бах болбосо <unk> тактарына мынчалык жанып балага башы хэ хуанхэ сахналаш жашында <unk> да 
LOG (nnet3-latgen-faster[5.4.217~1-8ae5]:DecodeUtteranceLatticeFaster():decoder-wrappers.cc:286) Log-like per frame for utterance atai_380 is 0.151988 over 1594 frames.
atai_381 ахун 
LOG (nnet3-latgen-faster[5.4.217~1-8ae5]:DecodeUtteranceLatticeFaster():decoder-wrappers.cc:286) Log-like per frame for utterance atai_381 is 0.163363 over 505 frames.
atai_382 <unk> халухи 
LOG (nnet3-latgen-faster[5.4.217~1-8ae5]:DecodeUtteranceLatticeFaster():decoder-wrappers.cc:286) Log-like per frame for utterance atai_382 is 0.149669 over 585 frames.
atai_383 ахун ано семетейге 
LOG (nnet3-latgen-faster[5.4.217~1-8ae5]:DecodeUtteranceLatticeFaster():decoder-wrappers.cc:286) Log-like per frame for utterance atai_383 is 0.137159 over 563 frames.
atai_384 акыркы заманда кыргыз сахнада келгенден улантат 
LOG (nnet3-latgen-faster[5.4.217~1-8ae5]:DecodeUtteranceLatticeFaster():decoder-wrappers.cc:286) Log-like per frame for utterance atai_384 is 0.0786779 over 437 frames.
atai_385 эхо соң элди башка хнх хи ата сахих 
LOG (nnet3-latgen-faster[5.4.217~1-8ae5]:DecodeUtteranceLatticeFaster():decoder-wrappers.cc:286) Log-like per frame for utterance atai_385 is 0.147946 over 1569 frames.
atai_386 ахеменилер ата хэ <unk> тымызын башка сөз <unk> 
LOG (nnet3-latgen-faster[5.4.217~1-8ae5]:DecodeUtteranceLatticeFaster():decoder-wrappers.cc:286) Log-like per frame for utterance atai_386 is 0.12799 over 1228 frames.
atai_387 тууганбай эрдени руху 
LOG (nnet3-latgen-faster[5.4.217~1-8ae5]:DecodeUtteranceLatticeFaster():decoder-wrappers.cc:286) Log-like per frame for utterance atai_387 is 0.133381 over 281 frames.
atai_389 балхты бетегеси хен 
LOG (nnet3-latgen-faster[5.4.217~1-8ae5]:DecodeUtteranceLatticeFaster():decoder-wrappers.cc:286) Log-like per frame for utterance atai_389 is 0.127937 over 402 frames.
atai_39 уйкусу чалган масх түздөп хан токою жаш техас ал ошон хундар <unk> элдер эхин болуп өзалдынча келип хаты бүлөсүнө хх бахру 
LOG (nnet3-latgen-faster[5.4.217~1-8ae5]:DecodeUtteranceLatticeFaster():decoder-wrappers.cc:286) Log-like per frame for utterance atai_39 is 0.144904 over 3012 frames.
atai_390 сезимин үстүндө халха 
LOG (nnet3-latgen-faster[5.4.217~1-8ae5]:DecodeUtteranceLatticeFaster():decoder-wrappers.cc:286) Log-like per frame for utterance atai_390 is 0.105575 over 440 frames.
atai_391 бөлүнгөн борбордо куурай рухтардан бетеге кохаб <unk> мандах <unk> халха <unk> <unk> халха ашат аталып хасха анхелъ жалда жана махтын монах <unk> алдында башка хан болсо зат 
LOG (nnet3-latgen-faster[5.4.217~1-8ae5]:DecodeUtteranceLatticeFaster():decoder-wrappers.cc:286) Log-like per frame for utterance atai_391 is 0.131405 over 3446 frames.
atai_393 <unk> хандарына хан бир хх ошол хоох 
LOG (nnet3-latgen-faster[5.4.217~1-8ae5]:DecodeUtteranceLatticeFaster():decoder-wrappers.cc:286) Log-like per frame for utterance atai_393 is 0.12732 over 1297 frames.
atai_394 алат хх баланы хан талха хорда сахих ахват 
LOG (nnet3-latgen-faster[5.4.217~1-8ae5]:DecodeUtteranceLatticeFaster():decoder-wrappers.cc:286) Log-like per frame for utterance atai_394 is 0.141496 over 1880 frames.
atai_395 хх бирок ошол бийик хай тех анын башка атахан жана анхум х х эхо анын хандарды кете хх <unk> ал хх эхин таштан турду анын хасан хх 
LOG (nnet3-latgen-faster[5.4.217~1-8ae5]:DecodeUtteranceLatticeFaster():decoder-wrappers.cc:286) Log-like per frame for utterance atai_395 is 0.154063 over 3572 frames.
atai_396 бала аналхак 
LOG (nnet3-latgen-faster[5.4.217~1-8ae5]:DecodeUtteranceLatticeFaster():decoder-wrappers.cc:286) Log-like per frame for utterance atai_396 is 0.118083 over 351 frames.
atai_397 ого ал хх бирок <unk> эхин 
LOG (nnet3-latgen-faster[5.4.217~1-8ae5]:DecodeUtteranceLatticeFaster():decoder-wrappers.cc:286) Log-like per frame for utterance atai_397 is 0.153703 over 728 frames.
atai_398 сахих архив х танах бул хнх <unk> исках хентрих керек хасан бала жерге болушат 
LOG (nnet3-latgen-faster[5.4.217~1-8ae5]:DecodeUtteranceLatticeFaster():decoder-wrappers.cc:286) Log-like per frame for utterance atai_398 is 0.155934 over 3019 frames.
atai_399 хантай хуанхэ генде хай харти учканда хан <unk> 
LOG (nnet3-latgen-faster[5.4.217~1-8ae5]:DecodeUtteranceLatticeFaster():decoder-wrappers.cc:286) Log-like per frame for utterance atai_399 is 0.14361 over 2026 frames.
atai_40 эхин 
LOG (nnet3-latgen-faster[5.4.217~1-8ae5]:DecodeUtteranceLatticeFaster():decoder-wrappers.cc:286) Log-like per frame for utterance atai_40 is 0.166256 over 269 frames.
atai_400 саат хой атаке жер жасады 
LOG (nnet3-latgen-faster[5.4.217~1-8ae5]:DecodeUtteranceLatticeFaster():decoder-wrappers.cc:286) Log-like per frame for utterance atai_400 is 0.117203 over 450 frames.
atai_401 мала аны хх 
LOG (nnet3-latgen-faster[5.4.217~1-8ae5]:DecodeUtteranceLatticeFaster():decoder-wrappers.cc:286) Log-like per frame for utterance atai_401 is 0.098823 over 292 frames.
atai_402 бах бихар бети кайтарып 
LOG (nnet3-latgen-faster[5.4.217~1-8ae5]:DecodeUtteranceLatticeFaster():decoder-wrappers.cc:286) Log-like per frame for utterance atai_402 is 0.16113 over 548 frames.
atai_403 саха болуп колхоз кеткенин хи <unk> харахач хаты 
LOG (nnet3-latgen-faster[5.4.217~1-8ae5]:DecodeUtteranceLatticeFaster():decoder-wrappers.cc:286) Log-like per frame for utterance atai_403 is 0.170732 over 1436 frames.
atai_404 бахадыр 
LOG (nnet3-latgen-faster[5.4.217~1-8ae5]:DecodeUtteranceLatticeFaster():decoder-wrappers.cc:286) Log-like per frame for utterance atai_404 is 0.158168 over 353 frames.
atai_405 алдыда качан хх 
LOG (nnet3-latgen-faster[5.4.217~1-8ae5]:DecodeUtteranceLatticeFaster():decoder-wrappers.cc:286) Log-like per frame for utterance atai_405 is 0.166495 over 435 frames.
atai_406 <unk> хоох хен хан <unk> чахар чабышкан 
LOG (nnet3-latgen-faster[5.4.217~1-8ae5]:DecodeUtteranceLatticeFaster():decoder-wrappers.cc:286) Log-like per frame for utterance atai_406 is 0.154311 over 1250 frames.
atai_407 күч архив хаттабды хан бардыгында хх ахун бей алдына чөп <unk> алып хх эки хэ эр алган ашхар 
LOG (nnet3-latgen-faster[5.4.217~1-8ae5]:DecodeUtteranceLatticeFaster():decoder-wrappers.cc:286) Log-like per frame for utterance atai_407 is 0.159127 over 2691 frames.
atai_408 издегендиги халат сахих биздеги ата менен халат <unk> окуу <unk> 
LOG (nnet3-latgen-faster[5.4.217~1-8ae5]:DecodeUtteranceLatticeFaster():decoder-wrappers.cc:286) Log-like per frame for utterance atai_408 is 0.130698 over 969 frames.
atai_409 хх 
LOG (nnet3-latgen-faster[5.4.217~1-8ae5]:DecodeUtteranceLatticeFaster():decoder-wrappers.cc:286) Log-like per frame for utterance atai_409 is 0.166916 over 244 frames.
atai_41 ал хан өкүлү халы инсанда түн <unk> хх 
LOG (nnet3-latgen-faster[5.4.217~1-8ae5]:DecodeUtteranceLatticeFaster():decoder-wrappers.cc:286) Log-like per frame for utterance atai_41 is 0.125029 over 1237 frames.
atai_410 силер сахар 
LOG (nnet3-latgen-faster[5.4.217~1-8ae5]:DecodeUtteranceLatticeFaster():decoder-wrappers.cc:286) Log-like per frame for utterance atai_410 is 0.138067 over 308 frames.
atai_411 атахан 
LOG (nnet3-latgen-faster[5.4.217~1-8ae5]:DecodeUtteranceLatticeFaster():decoder-wrappers.cc:286) Log-like per frame for utterance atai_411 is 0.167524 over 494 frames.
atai_412 ахвах келген 
LOG (nnet3-latgen-faster[5.4.217~1-8ae5]:DecodeUtteranceLatticeFaster():decoder-wrappers.cc:286) Log-like per frame for utterance atai_412 is 0.146179 over 245 frames.
atai_413 ош таралган ахл 
LOG (nnet3-latgen-faster[5.4.217~1-8ae5]:DecodeUtteranceLatticeFaster():decoder-wrappers.cc:286) Log-like per frame for utterance atai_413 is 0.147638 over 334 frames.
atai_414 арх каршы биздин жер хаган 
LOG (nnet3-latgen-faster[5.4.217~1-8ae5]:DecodeUtteranceLatticeFaster():decoder-wrappers.cc:286) Log-like per frame for utterance atai_414 is 0.143311 over 608 frames.
atai_415 бухара кошулганда айтылган ху 
LOG (nnet3-latgen-faster[5.4.217~1-8ae5]:DecodeUtteranceLatticeFaster():decoder-wrappers.cc:286) Log-like per frame for utterance atai_415 is 0.155736 over 907 frames.
atai_416 алар шахты х ахун чечип халха 
LOG (nnet3-latgen-faster[5.4.217~1-8ae5]:DecodeUtteranceLatticeFaster():decoder-wrappers.cc:286) Log-like per frame for utterance atai_416 is 0.149223 over 1009 frames.
atai_417 караганда хх <unk> жылдардын духка башында <unk> сап 
LOG (nnet3-latgen-faster[5.4.217~1-8ae5]:DecodeUtteranceLatticeFaster():decoder-wrappers.cc:286) Log-like per frame for utterance atai_417 is 0.14072 over 850 frames.
atai_418 хх бала жакындаганда <unk> хх 
LOG (nnet3-latgen-faster[5.4.217~1-8ae5]:DecodeUtteranceLatticeFaster():decoder-wrappers.cc:286) Log-like per frame for utterance atai_418 is 0.159791 over 1176 frames.
atai_419 эхин эр бихар <unk> х альманахка 
LOG (nnet3-latgen-faster[5.4.217~1-8ae5]:DecodeUtteranceLatticeFaster():decoder-wrappers.cc:286) Log-like per frame for utterance atai_419 is 0.142746 over 842 frames.
atai_420 хх билген саха 
LOG (nnet3-latgen-faster[5.4.217~1-8ae5]:DecodeUtteranceLatticeFaster():decoder-wrappers.cc:286) Log-like per frame for utterance atai_420 is 0.131565 over 517 frames.
atai_421 <unk> сахна элек 
LOG (nnet3-latgen-faster[5.4.217~1-8ae5]:DecodeUtteranceLatticeFaster():decoder-wrappers.cc:286) Log-like per frame for utterance atai_421 is 0.140177 over 452 frames.
atai_422 хен а сокол хх түрү менен орхон 
LOG (nnet3-latgen-faster[5.4.217~1-8ae5]:DecodeUtteranceLatticeFaster():decoder-wrappers.cc:286) Log-like per frame for utterance atai_422 is 0.129632 over 1019 frames.
atai_423 тыныбеков шахрух ахыска жер хх ху бирок түндөй хун ху анда ар өзүнө башын бухара өзүнө саха хетт <unk> бахус хан сөз анда ахват <unk> хандары хупер балх 
LOG (nnet3-latgen-faster[5.4.217~1-8ae5]:DecodeUtteranceLatticeFaster():decoder-wrappers.cc:286) Log-like per frame for utterance atai_423 is 0.141272 over 4898 frames.
atai_425 хх бахр <unk> ханы хан <unk> хентрих 
LOG (nnet3-latgen-faster[5.4.217~1-8ae5]:DecodeUtteranceLatticeFaster():decoder-wrappers.cc:286) Log-like per frame for utterance atai_425 is 0.148235 over 1075 frames.
atai_426 бхарата жок эхин балдарды шарап хытай <unk> 
LOG (nnet3-latgen-faster[5.4.217~1-8ae5]:DecodeUtteranceLatticeFaster():decoder-wrappers.cc:286) Log-like per frame for utterance atai_426 is 0.142135 over 981 frames.
atai_429 ал ху <unk> х 
LOG (nnet3-latgen-faster[5.4.217~1-8ae5]:DecodeUtteranceLatticeFaster():decoder-wrappers.cc:286) Log-like per frame for utterance atai_429 is 0.17929 over 597 frames.
atai_43 хоох 
LOG (nnet3-latgen-faster[5.4.217~1-8ae5]:DecodeUtteranceLatticeFaster():decoder-wrappers.cc:286) Log-like per frame for utterance atai_43 is 0.163572 over 349 frames.
atai_430 бихар бир хх 
LOG (nnet3-latgen-faster[5.4.217~1-8ae5]:DecodeUtteranceLatticeFaster():decoder-wrappers.cc:286) Log-like per frame for utterance atai_430 is 0.151639 over 336 frames.
atai_431 хоуп сухарь <unk> сураганда тууганбай өзүн хор <unk> 
LOG (nnet3-latgen-faster[5.4.217~1-8ae5]:DecodeUtteranceLatticeFaster():decoder-wrappers.cc:286) Log-like per frame for utterance atai_431 is 0.148291 over 763 frames.
atai_432 <unk> жылы өзүн түшүп балдарды көтөрүп алдыда архив 
LOG (nnet3-latgen-faster[5.4.217~1-8ae5]:DecodeUtteranceLatticeFaster():decoder-wrappers.cc:286) Log-like per frame for utterance atai_432 is 0.132987 over 588 frames.
atai_433 анын хх 
LOG (nnet3-latgen-faster[5.4.217~1-8ae5]:DecodeUtteranceLatticeFaster():decoder-wrappers.cc:286) Log-like per frame for utterance atai_433 is 0.159437 over 321 frames.
atai_434 хх баштады 
LOG (nnet3-latgen-faster[5.4.217~1-8ae5]:DecodeUtteranceLatticeFaster():decoder-wrappers.cc:286) Log-like per frame for utterance atai_434 is 0.155733 over 275 frames.
atai_435 хан 
LOG (nnet3-latgen-faster[5.4.217~1-8ae5]:DecodeUtteranceLatticeFaster():decoder-wrappers.cc:286) Log-like per frame for utterance atai_435 is 0.133933 over 197 frames.
atai_436 х хасха 
LOG (nnet3-latgen-faster[5.4.217~1-8ae5]:DecodeUtteranceLatticeFaster():decoder-wrappers.cc:286) Log-like per frame for utterance atai_436 is 0.137084 over 528 frames.
atai_437 хх 
LOG (nnet3-latgen-faster[5.4.217~1-8ae5]:DecodeUtteranceLatticeFaster():decoder-wrappers.cc:286) Log-like per frame for utterance atai_437 is 0.126521 over 236 frames.
atai_439 хайтахун кархи 
LOG (nnet3-latgen-faster[5.4.217~1-8ae5]:DecodeUtteranceLatticeFaster():decoder-wrappers.cc:286) Log-like per frame for utterance atai_439 is 0.148651 over 766 frames.
atai_44 х 
LOG (nnet3-latgen-faster[5.4.217~1-8ae5]:DecodeUtteranceLatticeFaster():decoder-wrappers.cc:286) Log-like per frame for utterance atai_44 is 0.162151 over 298 frames.
atai_440 ахвах <unk> хан таңышып хх 
LOG (nnet3-latgen-faster[5.4.217~1-8ae5]:DecodeUtteranceLatticeFaster():decoder-wrappers.cc:286) Log-like per frame for utterance atai_440 is 0.154122 over 1012 frames.
atai_441 беш ичиндегилерден болгон этих элди шах хан болушту 
LOG (nnet3-latgen-faster[5.4.217~1-8ae5]:DecodeUtteranceLatticeFaster():decoder-wrappers.cc:286) Log-like per frame for utterance atai_441 is 0.172539 over 1111 frames.
atai_443 бахадыр 
LOG (nnet3-latgen-faster[5.4.217~1-8ae5]:DecodeUtteranceLatticeFaster():decoder-wrappers.cc:286) Log-like per frame for utterance atai_443 is 0.091662 over 150 frames.
atai_444 эхин балхашка хоуп <unk> архей саха 
LOG (nnet3-latgen-faster[5.4.217~1-8ae5]:DecodeUtteranceLatticeFaster():decoder-wrappers.cc:286) Log-like per frame for utterance atai_444 is 0.169066 over 1475 frames.
atai_445 балхаш хоох жерди анхелъ ахи хан ахилл ех калха оң бах алып хан алар хх ханды хоуп хан ашкан <unk> бирок ханды кайыңдыдан жана х бах кайрадан жандана кезинде бир жана малахит блахер жалгызбой менен этекке берет 
LOG (nnet3-latgen-faster[5.4.217~1-8ae5]:DecodeUtteranceLatticeFaster():decoder-wrappers.cc:286) Log-like per frame for utterance atai_445 is 0.146221 over 6040 frames.
atai_446 хуанхэ хнх экендиги өзү хнх ошол кебете тандалып турушкан бахр айдалган хок 
LOG (nnet3-latgen-faster[5.4.217~1-8ae5]:DecodeUtteranceLatticeFaster():decoder-wrappers.cc:286) Log-like per frame for utterance atai_446 is 0.131469 over 1480 frames.
atai_447 ех тарых <unk> хан дал башка хен булар хэ 
LOG (nnet3-latgen-faster[5.4.217~1-8ae5]:DecodeUtteranceLatticeFaster():decoder-wrappers.cc:286) Log-like per frame for utterance atai_447 is 0.150454 over 1457 frames.
atai_448 халат хх хоох хорда хошут хахпына этих жавахир ат хан <unk> алар башкалар хамза аны күн ахват 
LOG (nnet3-latgen-faster[5.4.217~1-8ae5]:DecodeUtteranceLatticeFaster():decoder-wrappers.cc:286) Log-like per frame for utterance atai_448 is 0.146399 over 3898 frames.
atai_449 ахайя <unk> хүү ху хэ хэ менен көркү эл менен заттарды 
LOG (nnet3-latgen-faster[5.4.217~1-8ae5]:DecodeUtteranceLatticeFaster():decoder-wrappers.cc:286) Log-like per frame for utterance atai_449 is 0.14646 over 1461 frames.
atai_45 бирөөсүнө схоластарды 
LOG (nnet3-latgen-faster[5.4.217~1-8ae5]:DecodeUtteranceLatticeFaster():decoder-wrappers.cc:286) Log-like per frame for utterance atai_45 is 0.141859 over 565 frames.
atai_450 ахват <unk> хасха блахер халат блахер <unk> хакас талхан 
LOG (nnet3-latgen-faster[5.4.217~1-8ae5]:DecodeUtteranceLatticeFaster():decoder-wrappers.cc:286) Log-like per frame for utterance atai_450 is 0.141261 over 1865 frames.
atai_451 ху 
LOG (nnet3-latgen-faster[5.4.217~1-8ae5]:DecodeUtteranceLatticeFaster():decoder-wrappers.cc:286) Log-like per frame for utterance atai_451 is 0.120133 over 368 frames.
atai_452 али <unk> кырка хи хайдан көбүнчө хонгха сабах хуанхэ эхо тыныбек байланышы катышта кетиши анын караевге хэ х канаты хоуп бох <unk> хоуп хх жана халат башка жаманчылык түшүндө ээрчиген хен бох алышына хосейн хетт журт алганда тарых <unk> ху анын эхо ошол жанжүк алганда хан анда хх 
LOG (nnet3-latgen-faster[5.4.217~1-8ae5]:DecodeUtteranceLatticeFaster():decoder-wrappers.cc:286) Log-like per frame for utterance atai_452 is 0.141204 over 5764 frames.
atai_453 хаты 
LOG (nnet3-latgen-faster[5.4.217~1-8ae5]:DecodeUtteranceLatticeFaster():decoder-wrappers.cc:286) Log-like per frame for utterance atai_453 is 0.164749 over 340 frames.
atai_454 боюнда келген бүлө менен өзү айлана хан карата хета башкалар айкашкан алдынча хан ашка монарх эмес хан 
LOG (nnet3-latgen-faster[5.4.217~1-8ae5]:DecodeUtteranceLatticeFaster():decoder-wrappers.cc:286) Log-like per frame for utterance atai_454 is 0.132182 over 2094 frames.
atai_455 бухта себеп эсин ажыраган албай данху 
LOG (nnet3-latgen-faster[5.4.217~1-8ae5]:DecodeUtteranceLatticeFaster():decoder-wrappers.cc:286) Log-like per frame for utterance atai_455 is 0.126562 over 619 frames.
atai_456 алмашууга хнх 
LOG (nnet3-latgen-faster[5.4.217~1-8ae5]:DecodeUtteranceLatticeFaster():decoder-wrappers.cc:286) Log-like per frame for utterance atai_456 is 0.104089 over 405 frames.
atai_458 хан жана келишим хан хакас баласы хуанхэ ишти 
LOG (nnet3-latgen-faster[5.4.217~1-8ae5]:DecodeUtteranceLatticeFaster():decoder-wrappers.cc:286) Log-like per frame for utterance atai_458 is 0.145554 over 1667 frames.
atai_46 <unk> х семих ал кезде жаткан халухи турганда бах кара хванхэ көрө көзү нахи 
LOG (nnet3-latgen-faster[5.4.217~1-8ae5]:DecodeUtteranceLatticeFaster():decoder-wrappers.cc:286) Log-like per frame for utterance atai_46 is 0.152472 over 2069 frames.
atai_460 сабах 
LOG (nnet3-latgen-faster[5.4.217~1-8ae5]:DecodeUtteranceLatticeFaster():decoder-wrappers.cc:286) Log-like per frame for utterance atai_460 is 0.141554 over 559 frames.
atai_461 билесиң да анын халха хх 
LOG (nnet3-latgen-faster[5.4.217~1-8ae5]:DecodeUtteranceLatticeFaster():decoder-wrappers.cc:286) Log-like per frame for utterance atai_461 is 0.150509 over 648 frames.
atai_462 ахси хаты 
LOG (nnet3-latgen-faster[5.4.217~1-8ae5]:DecodeUtteranceLatticeFaster():decoder-wrappers.cc:286) Log-like per frame for utterance atai_462 is 0.146864 over 355 frames.
atai_464 комуз колуна эне тарых хх 
LOG (nnet3-latgen-faster[5.4.217~1-8ae5]:DecodeUtteranceLatticeFaster():decoder-wrappers.cc:286) Log-like per frame for utterance atai_464 is 0.124714 over 430 frames.
atai_465 хаты 
LOG (nnet3-latgen-faster[5.4.217~1-8ae5]:DecodeUtteranceLatticeFaster():decoder-wrappers.cc:286) Log-like per frame for utterance atai_465 is 0.122157 over 224 frames.
atai_466 ахун <unk> 
LOG (nnet3-latgen-faster[5.4.217~1-8ae5]:DecodeUtteranceLatticeFaster():decoder-wrappers.cc:286) Log-like per frame for utterance atai_466 is 0.0939042 over 174 frames.
atai_467 саха хан хи институту 
LOG (nnet3-latgen-faster[5.4.217~1-8ae5]:DecodeUtteranceLatticeFaster():decoder-wrappers.cc:286) Log-like per frame for utterance atai_467 is 0.121941 over 620 frames.
atai_468 ахун алды 
LOG (nnet3-latgen-faster[5.4.217~1-8ae5]:DecodeUtteranceLatticeFaster():decoder-wrappers.cc:286) Log-like per frame for utterance atai_468 is 0.0900583 over 174 frames.
atai_469 хнх эхин эле калган ашып 
LOG (nnet3-latgen-faster[5.4.217~1-8ae5]:DecodeUtteranceLatticeFaster():decoder-wrappers.cc:286) Log-like per frame for utterance atai_469 is 0.130989 over 465 frames.
atai_471 бирок ачех кафеси 
LOG (nnet3-latgen-faster[5.4.217~1-8ae5]:DecodeUtteranceLatticeFaster():decoder-wrappers.cc:286) Log-like per frame for utterance atai_471 is 0.109596 over 335 frames.
atai_472 бала келди 
LOG (nnet3-latgen-faster[5.4.217~1-8ae5]:DecodeUtteranceLatticeFaster():decoder-wrappers.cc:286) Log-like per frame for utterance atai_472 is 0.133862 over 175 frames.
atai_473 комуз хуанхэ <unk> хх 
LOG (nnet3-latgen-faster[5.4.217~1-8ae5]:DecodeUtteranceLatticeFaster():decoder-wrappers.cc:286) Log-like per frame for utterance atai_473 is 0.121082 over 380 frames.
atai_474 сахар 
LOG (nnet3-latgen-faster[5.4.217~1-8ae5]:DecodeUtteranceLatticeFaster():decoder-wrappers.cc:286) Log-like per frame for utterance atai_474 is 0.124385 over 205 frames.
atai_475 <unk> хан ата халха 
LOG (nnet3-latgen-faster[5.4.217~1-8ae5]:DecodeUtteranceLatticeFaster():decoder-wrappers.cc:286) Log-like per frame for utterance atai_475 is 0.17482 over 513 frames.
atai_476 <unk> хабаш сахнаны тарых эки актан унутуп хи 
LOG (nnet3-latgen-faster[5.4.217~1-8ae5]:DecodeUtteranceLatticeFaster():decoder-wrappers.cc:286) Log-like per frame for utterance atai_476 is 0.1327 over 975 frames.
atai_477 ашка хнх <unk> холстун да тамаша ысык жаткан каховка хан бронханын тарых хх айтып <unk> ахси 
LOG (nnet3-latgen-faster[5.4.217~1-8ae5]:DecodeUtteranceLatticeFaster():decoder-wrappers.cc:286) Log-like per frame for utterance atai_477 is 0.137885 over 1891 frames.
atai_478 хх бабадан салуу <unk> халха комуз хаты ахи хи и 
LOG (nnet3-latgen-faster[5.4.217~1-8ae5]:DecodeUtteranceLatticeFaster():decoder-wrappers.cc:286) Log-like per frame for utterance atai_478 is 0.118969 over 1463 frames.
atai_48 бурулчаны тануу чыгып нахи аны хинди <unk> болуу рх <unk> хх эхин эле 
LOG (nnet3-latgen-faster[5.4.217~1-8ae5]:DecodeUtteranceLatticeFaster():decoder-wrappers.cc:286) Log-like per frame for utterance atai_48 is 0.135672 over 1815 frames.
atai_480 халха ал хоуп комуз хванхэ 
LOG (nnet3-latgen-faster[5.4.217~1-8ae5]:DecodeUtteranceLatticeFaster():decoder-wrappers.cc:286) Log-like per frame for utterance atai_480 is 0.137796 over 968 frames.
atai_481 отуруп эми түрдүү бахр анын харти 
LOG (nnet3-latgen-faster[5.4.217~1-8ae5]:DecodeUtteranceLatticeFaster():decoder-wrappers.cc:286) Log-like per frame for utterance atai_481 is 0.131955 over 728 frames.
atai_482 хх хнх 
LOG (nnet3-latgen-faster[5.4.217~1-8ae5]:DecodeUtteranceLatticeFaster():decoder-wrappers.cc:286) Log-like per frame for utterance atai_482 is 0.140045 over 759 frames.
atai_484 ахвах хх ахл 
LOG (nnet3-latgen-faster[5.4.217~1-8ae5]:DecodeUtteranceLatticeFaster():decoder-wrappers.cc:286) Log-like per frame for utterance atai_484 is 0.133742 over 1022 frames.
atai_485 хх 
LOG (nnet3-latgen-faster[5.4.217~1-8ae5]:DecodeUtteranceLatticeFaster():decoder-wrappers.cc:286) Log-like per frame for utterance atai_485 is 0.106699 over 182 frames.
atai_486 абасын хх бухтасы 
LOG (nnet3-latgen-faster[5.4.217~1-8ae5]:DecodeUtteranceLatticeFaster():decoder-wrappers.cc:286) Log-like per frame for utterance atai_486 is 0.119246 over 388 frames.
atai_487 балх ээси чехтер хоох атахан 
LOG (nnet3-latgen-faster[5.4.217~1-8ae5]:DecodeUtteranceLatticeFaster():decoder-wrappers.cc:286) Log-like per frame for utterance atai_487 is 0.151831 over 1145 frames.
atai_489 хванхэ <unk> болуп <unk> 
LOG (nnet3-latgen-faster[5.4.217~1-8ae5]:DecodeUtteranceLatticeFaster():decoder-wrappers.cc:286) Log-like per frame for utterance atai_489 is 0.165181 over 507 frames.
atai_49 <unk> келгенде 
LOG (nnet3-latgen-faster[5.4.217~1-8ae5]:DecodeUtteranceLatticeFaster():decoder-wrappers.cc:286) Log-like per frame for utterance atai_49 is 0.135029 over 206 frames.
atai_490 анын айрым болгон соң баланы рух 
LOG (nnet3-latgen-faster[5.4.217~1-8ae5]:DecodeUtteranceLatticeFaster():decoder-wrappers.cc:286) Log-like per frame for utterance atai_490 is 0.125481 over 606 frames.
atai_491 хх 
LOG (nnet3-latgen-faster[5.4.217~1-8ae5]:DecodeUtteranceLatticeFaster():decoder-wrappers.cc:286) Log-like per frame for utterance atai_491 is 0.151408 over 520 frames.
atai_492 бул хи 
LOG (nnet3-latgen-faster[5.4.217~1-8ae5]:DecodeUtteranceLatticeFaster():decoder-wrappers.cc:286) Log-like per frame for utterance atai_492 is 0.128004 over 265 frames.
atai_493 хнх касиети хасха атахан тагай балким балх 
LOG (nnet3-latgen-faster[5.4.217~1-8ae5]:DecodeUtteranceLatticeFaster():decoder-wrappers.cc:286) Log-like per frame for utterance atai_493 is 0.158999 over 1294 frames.
atai_494 <unk> хатта лах өтө менен башка хулу хошут жахан архивдеринде эми ошол хайтахун <unk> хит 
LOG (nnet3-latgen-faster[5.4.217~1-8ae5]:DecodeUtteranceLatticeFaster():decoder-wrappers.cc:286) Log-like per frame for utterance atai_494 is 0.146467 over 2158 frames.
atai_495 ахвах жахан 
LOG (nnet3-latgen-faster[5.4.217~1-8ae5]:DecodeUtteranceLatticeFaster():decoder-wrappers.cc:286) Log-like per frame for utterance atai_495 is 0.122364 over 757 frames.
atai_497 ата хакас менен же кеткен ансельм чыгыш рх бирок баланын көрүндү анхра хор кереметтүү хандын 
LOG (nnet3-latgen-faster[5.4.217~1-8ae5]:DecodeUtteranceLatticeFaster():decoder-wrappers.cc:286) Log-like per frame for utterance atai_497 is 0.14517 over 1446 frames.
atai_498 талас хэ холь аны халухи бахр 
LOG (nnet3-latgen-faster[5.4.217~1-8ae5]:DecodeUtteranceLatticeFaster():decoder-wrappers.cc:286) Log-like per frame for utterance atai_498 is 0.133055 over 755 frames.
atai_499 хнх 
LOG (nnet3-latgen-faster[5.4.217~1-8ae5]:DecodeUtteranceLatticeFaster():decoder-wrappers.cc:286) Log-like per frame for utterance atai_499 is 0.157305 over 475 frames.
atai_50 хан ти ал ой крепостной 
LOG (nnet3-latgen-faster[5.4.217~1-8ae5]:DecodeUtteranceLatticeFaster():decoder-wrappers.cc:286) Log-like per frame for utterance atai_50 is 0.124158 over 513 frames.
atai_500 ахл бош ханы хандыгы хедер колу хэ 
LOG (nnet3-latgen-faster[5.4.217~1-8ae5]:DecodeUtteranceLatticeFaster():decoder-wrappers.cc:286) Log-like per frame for utterance atai_500 is 0.118995 over 848 frames.
LOG (apply-cmvn[5.4.217~1-8ae5]:main():apply-cmvn.cc:81) Copied 128 utterances.
atai_501 хнх мына ал хэ <unk> <unk> хх бедели бири ата ээ хх 
LOG (nnet3-latgen-faster[5.4.217~1-8ae5]:DecodeUtteranceLatticeFaster():decoder-wrappers.cc:286) Log-like per frame for utterance atai_501 is 0.155161 over 1352 frames.
atai_502 атахан бир ганхүү анын тарыхында алып азыр биз <unk> 
LOG (nnet3-latgen-faster[5.4.217~1-8ae5]:DecodeUtteranceLatticeFaster():decoder-wrappers.cc:286) Log-like per frame for utterance atai_502 is 0.148402 over 889 frames.
atai_503 арахис ал хх айбандардын куштардын сезгениши сахих аны күч албайт эле 
LOG (nnet3-latgen-faster[5.4.217~1-8ae5]:DecodeUtteranceLatticeFaster():decoder-wrappers.cc:286) Log-like per frame for utterance atai_503 is 0.140268 over 1294 frames.
atai_504 хан туу а эми ахун эле ошол хай 
LOG (nnet3-latgen-faster[5.4.217~1-8ae5]:DecodeUtteranceLatticeFaster():decoder-wrappers.cc:286) Log-like per frame for utterance atai_504 is 0.133198 over 1286 frames.
atai_505 окуусу айкын кетментөбөдө кармаган хай 
LOG (nnet3-latgen-faster[5.4.217~1-8ae5]:DecodeUtteranceLatticeFaster():decoder-wrappers.cc:286) Log-like per frame for utterance atai_505 is 0.138171 over 572 frames.
atai_506 бирок ал каз хх 
LOG (nnet3-latgen-faster[5.4.217~1-8ae5]:DecodeUtteranceLatticeFaster():decoder-wrappers.cc:286) Log-like per frame for utterance atai_506 is 0.117072 over 322 frames.
LOG (nnet3-latgen-faster[5.4.217~1-8ae5]:main():nnet3-latgen-faster.cc:255) Time taken 902.888s: real-time factor assuming 100 frames/sec is 0.707831
LOG (nnet3-latgen-faster[5.4.217~1-8ae5]:main():nnet3-latgen-faster.cc:258) Done 128 utterances, failed for 0
LOG (nnet3-latgen-faster[5.4.217~1-8ae5]:main():nnet3-latgen-faster.cc:260) Overall log-likelihood per frame is 0.142783 over 127557 frames.
LOG (nnet3-latgen-faster[5.4.217~1-8ae5]:~CachingOptimizingCompiler():nnet-optimize.cc:710) 5.47 seconds taken in nnet3 compilation total (breakdown: 4.04 compilation, 1.03 optimization, 0 shortcut expansion, 0.234 checking, 0.00014 computing indexes, 0.172 misc.) + 0 I/O.
# Accounting: time=904 threads=1
# Ended (code 0) at Fri Jul 27 03:40:38 UTC 2018, elapsed time 904 seconds
