# nnet3-latgen-faster --frames-per-chunk=50 --extra-left-context=0 --extra-right-context=0 --extra-left-context-initial=-1 --extra-right-context-final=-1 --minimize=false --max-active=250 --min-active=100 --beam=15.0 --lattice-beam=8.0 --acoustic-scale=0.1 --allow-partial=true --word-symbol-table=exp_atai-100A-org/triphones/graph/words.txt MTL/exp/nnet3/multitask/atai-100A-org/final_adj.mdl exp_atai-100A-org/triphones/graph/HCLG.fst "ark,s,cs:apply-cmvn --norm-means=false --norm-vars=false --utt2spk=ark:data_atai-100A-org/test/split4/4/utt2spk scp:data_atai-100A-org/test/split4/4/cmvn.scp scp:data_atai-100A-org/test/split4/4/feats.scp ark:- |" "ark:|gzip -c >MTL/exp/nnet3/multitask/decode/lat.4.gz" 
# Started at Fri Jul 27 03:25:34 UTC 2018
#
nnet3-latgen-faster --frames-per-chunk=50 --extra-left-context=0 --extra-right-context=0 --extra-left-context-initial=-1 --extra-right-context-final=-1 --minimize=false --max-active=250 --min-active=100 --beam=15.0 --lattice-beam=8.0 --acoustic-scale=0.1 --allow-partial=true --word-symbol-table=exp_atai-100A-org/triphones/graph/words.txt MTL/exp/nnet3/multitask/atai-100A-org/final_adj.mdl exp_atai-100A-org/triphones/graph/HCLG.fst 'ark,s,cs:apply-cmvn --norm-means=false --norm-vars=false --utt2spk=ark:data_atai-100A-org/test/split4/4/utt2spk scp:data_atai-100A-org/test/split4/4/cmvn.scp scp:data_atai-100A-org/test/split4/4/feats.scp ark:- |' 'ark:|gzip -c >MTL/exp/nnet3/multitask/decode/lat.4.gz' 
LOG (nnet3-latgen-faster[5.4.217~1-8ae5]:RemoveOrphanNodes():nnet-nnet.cc:948) Removed 0 orphan nodes.
LOG (nnet3-latgen-faster[5.4.217~1-8ae5]:RemoveOrphanComponents():nnet-nnet.cc:847) Removing 0 orphan components.
apply-cmvn --norm-means=false --norm-vars=false --utt2spk=ark:data_atai-100A-org/test/split4/4/utt2spk scp:data_atai-100A-org/test/split4/4/cmvn.scp scp:data_atai-100A-org/test/split4/4/feats.scp ark:- 
atai_507 эч месхет 
LOG (nnet3-latgen-faster[5.4.217~1-8ae5]:DecodeUtteranceLatticeFaster():decoder-wrappers.cc:286) Log-like per frame for utterance atai_507 is 0.185974 over 305 frames.
atai_508 алар хен де адатынча аттан <unk> <unk> баатырдын ахл бул анын анда хорда алахун мүнөзүндө хх ахвах х 
LOG (nnet3-latgen-faster[5.4.217~1-8ae5]:DecodeUtteranceLatticeFaster():decoder-wrappers.cc:286) Log-like per frame for utterance atai_508 is 0.133721 over 2110 frames.
atai_509 жана хунду жердикти гандах хыргыс ху 
LOG (nnet3-latgen-faster[5.4.217~1-8ae5]:DecodeUtteranceLatticeFaster():decoder-wrappers.cc:286) Log-like per frame for utterance atai_509 is 0.139936 over 1133 frames.
atai_51 археологу аны хор отурганда байкап тапкан хан 
LOG (nnet3-latgen-faster[5.4.217~1-8ae5]:DecodeUtteranceLatticeFaster():decoder-wrappers.cc:286) Log-like per frame for utterance atai_51 is 0.15314 over 1198 frames.
atai_511 хнх бох жакындаганда катталган кеткенде ахвах атасы аты таптап туу 
LOG (nnet3-latgen-faster[5.4.217~1-8ae5]:DecodeUtteranceLatticeFaster():decoder-wrappers.cc:286) Log-like per frame for utterance atai_511 is 0.162779 over 1533 frames.
atai_512 хошоут 
LOG (nnet3-latgen-faster[5.4.217~1-8ae5]:DecodeUtteranceLatticeFaster():decoder-wrappers.cc:286) Log-like per frame for utterance atai_512 is 0.135506 over 241 frames.
atai_514 ахун болуп калды мына өрөөн этих 
LOG (nnet3-latgen-faster[5.4.217~1-8ae5]:DecodeUtteranceLatticeFaster():decoder-wrappers.cc:286) Log-like per frame for utterance atai_514 is 0.126473 over 711 frames.
atai_516 халха 
LOG (nnet3-latgen-faster[5.4.217~1-8ae5]:DecodeUtteranceLatticeFaster():decoder-wrappers.cc:286) Log-like per frame for utterance atai_516 is 0.170239 over 540 frames.
atai_517 бул хан 
LOG (nnet3-latgen-faster[5.4.217~1-8ae5]:DecodeUtteranceLatticeFaster():decoder-wrappers.cc:286) Log-like per frame for utterance atai_517 is 0.110367 over 276 frames.
atai_518 хетт <unk> абасы хнх жердин аймагында 
LOG (nnet3-latgen-faster[5.4.217~1-8ae5]:DecodeUtteranceLatticeFaster():decoder-wrappers.cc:286) Log-like per frame for utterance atai_518 is 0.127034 over 761 frames.
atai_519 бул хара турган оденсе 
LOG (nnet3-latgen-faster[5.4.217~1-8ae5]:DecodeUtteranceLatticeFaster():decoder-wrappers.cc:286) Log-like per frame for utterance atai_519 is 0.105294 over 363 frames.
atai_52 тамак өртүндө хх 
LOG (nnet3-latgen-faster[5.4.217~1-8ae5]:DecodeUtteranceLatticeFaster():decoder-wrappers.cc:286) Log-like per frame for utterance atai_52 is 0.12636 over 362 frames.
atai_520 семетейдин тулпарынын жай 
LOG (nnet3-latgen-faster[5.4.217~1-8ae5]:DecodeUtteranceLatticeFaster():decoder-wrappers.cc:286) Log-like per frame for utterance atai_520 is 0.096057 over 248 frames.
atai_521 хх хентрих ат арх х кылат хх болгон хэ экөө хан экен хан болуп аталып калган 
LOG (nnet3-latgen-faster[5.4.217~1-8ae5]:DecodeUtteranceLatticeFaster():decoder-wrappers.cc:286) Log-like per frame for utterance atai_521 is 0.134155 over 1895 frames.
atai_522 саха алхимик хенри химиктери борбордук ага барып жалпы болуп хан 
LOG (nnet3-latgen-faster[5.4.217~1-8ae5]:DecodeUtteranceLatticeFaster():decoder-wrappers.cc:286) Log-like per frame for utterance atai_522 is 0.133701 over 1426 frames.
atai_523 хан 
LOG (nnet3-latgen-faster[5.4.217~1-8ae5]:DecodeUtteranceLatticeFaster():decoder-wrappers.cc:286) Log-like per frame for utterance atai_523 is 0.131108 over 297 frames.
atai_524 анхум башка суу 
LOG (nnet3-latgen-faster[5.4.217~1-8ae5]:DecodeUtteranceLatticeFaster():decoder-wrappers.cc:286) Log-like per frame for utterance atai_524 is 0.125481 over 285 frames.
atai_525 х 
LOG (nnet3-latgen-faster[5.4.217~1-8ae5]:DecodeUtteranceLatticeFaster():decoder-wrappers.cc:286) Log-like per frame for utterance atai_525 is 0.117449 over 339 frames.
atai_526 <unk> хентрих 
LOG (nnet3-latgen-faster[5.4.217~1-8ae5]:DecodeUtteranceLatticeFaster():decoder-wrappers.cc:286) Log-like per frame for utterance atai_526 is 0.139607 over 279 frames.
atai_528 х 
LOG (nnet3-latgen-faster[5.4.217~1-8ae5]:DecodeUtteranceLatticeFaster():decoder-wrappers.cc:286) Log-like per frame for utterance atai_528 is 0.0895707 over 104 frames.
atai_53 жакшыртуу хэ 
LOG (nnet3-latgen-faster[5.4.217~1-8ae5]:DecodeUtteranceLatticeFaster():decoder-wrappers.cc:286) Log-like per frame for utterance atai_53 is 0.150811 over 423 frames.
atai_530 <unk> хан бар хванхэ 
LOG (nnet3-latgen-faster[5.4.217~1-8ae5]:DecodeUtteranceLatticeFaster():decoder-wrappers.cc:286) Log-like per frame for utterance atai_530 is 0.17391 over 580 frames.
atai_531 анхелъ ахун 
LOG (nnet3-latgen-faster[5.4.217~1-8ae5]:DecodeUtteranceLatticeFaster():decoder-wrappers.cc:286) Log-like per frame for utterance atai_531 is 0.125459 over 520 frames.
atai_532 х ахвах менен айлана ахл <unk> 
LOG (nnet3-latgen-faster[5.4.217~1-8ae5]:DecodeUtteranceLatticeFaster():decoder-wrappers.cc:286) Log-like per frame for utterance atai_532 is 0.144347 over 1000 frames.
atai_533 алар хуту келип ал жак тарыхы ахвах хх <unk> жантакбай ху 
LOG (nnet3-latgen-faster[5.4.217~1-8ae5]:DecodeUtteranceLatticeFaster():decoder-wrappers.cc:286) Log-like per frame for utterance atai_533 is 0.141351 over 1797 frames.
atai_534 хентрих хазар тынды чыгат балх алардан алган көрдү көрүп ал хан 
LOG (nnet3-latgen-faster[5.4.217~1-8ae5]:DecodeUtteranceLatticeFaster():decoder-wrappers.cc:286) Log-like per frame for utterance atai_534 is 0.134882 over 1189 frames.
atai_535 ата хванхэ 
LOG (nnet3-latgen-faster[5.4.217~1-8ae5]:DecodeUtteranceLatticeFaster():decoder-wrappers.cc:286) Log-like per frame for utterance atai_535 is 0.17283 over 393 frames.
atai_536 хх бах бирөөндө жалпы хан <unk> чехонь андан ошол сахар 
LOG (nnet3-latgen-faster[5.4.217~1-8ae5]:DecodeUtteranceLatticeFaster():decoder-wrappers.cc:286) Log-like per frame for utterance atai_536 is 0.13896 over 1478 frames.
atai_537 ху 
LOG (nnet3-latgen-faster[5.4.217~1-8ae5]:DecodeUtteranceLatticeFaster():decoder-wrappers.cc:286) Log-like per frame for utterance atai_537 is 0.0997207 over 420 frames.
atai_538 хнх хх 
LOG (nnet3-latgen-faster[5.4.217~1-8ae5]:DecodeUtteranceLatticeFaster():decoder-wrappers.cc:286) Log-like per frame for utterance atai_538 is 0.146152 over 1001 frames.
atai_539 бирок жантакбай дегендерге анхелъ дегенде келтирүү 
LOG (nnet3-latgen-faster[5.4.217~1-8ae5]:DecodeUtteranceLatticeFaster():decoder-wrappers.cc:286) Log-like per frame for utterance atai_539 is 0.123245 over 561 frames.
atai_54 эки ханды халха карап тын тушка <unk> 
LOG (nnet3-latgen-faster[5.4.217~1-8ae5]:DecodeUtteranceLatticeFaster():decoder-wrappers.cc:286) Log-like per frame for utterance atai_54 is 0.14256 over 939 frames.
atai_540 ал халха 
LOG (nnet3-latgen-faster[5.4.217~1-8ae5]:DecodeUtteranceLatticeFaster():decoder-wrappers.cc:286) Log-like per frame for utterance atai_540 is 0.158996 over 452 frames.
atai_541 ахмет 
LOG (nnet3-latgen-faster[5.4.217~1-8ae5]:DecodeUtteranceLatticeFaster():decoder-wrappers.cc:286) Log-like per frame for utterance atai_541 is 0.141358 over 389 frames.
atai_544 ал хи бихар деп анын ханыша 
LOG (nnet3-latgen-faster[5.4.217~1-8ae5]:DecodeUtteranceLatticeFaster():decoder-wrappers.cc:286) Log-like per frame for utterance atai_544 is 0.133276 over 752 frames.
atai_545 халухи аяк экенин тагай эчки чыгып хх 
LOG (nnet3-latgen-faster[5.4.217~1-8ae5]:DecodeUtteranceLatticeFaster():decoder-wrappers.cc:286) Log-like per frame for utterance atai_545 is 0.121026 over 1144 frames.
atai_546 атынан <unk> орхон экинчи танах хырхыр 
LOG (nnet3-latgen-faster[5.4.217~1-8ae5]:DecodeUtteranceLatticeFaster():decoder-wrappers.cc:286) Log-like per frame for utterance atai_546 is 0.118796 over 577 frames.
atai_547 бирок этих тахт 
LOG (nnet3-latgen-faster[5.4.217~1-8ae5]:DecodeUtteranceLatticeFaster():decoder-wrappers.cc:286) Log-like per frame for utterance atai_547 is 0.125587 over 488 frames.
atai_548 хх 
LOG (nnet3-latgen-faster[5.4.217~1-8ae5]:DecodeUtteranceLatticeFaster():decoder-wrappers.cc:286) Log-like per frame for utterance atai_548 is 0.119212 over 194 frames.
atai_549 бах 
LOG (nnet3-latgen-faster[5.4.217~1-8ae5]:DecodeUtteranceLatticeFaster():decoder-wrappers.cc:286) Log-like per frame for utterance atai_549 is 0.0531502 over 90 frames.
atai_55 х хан 
LOG (nnet3-latgen-faster[5.4.217~1-8ae5]:DecodeUtteranceLatticeFaster():decoder-wrappers.cc:286) Log-like per frame for utterance atai_55 is 0.15593 over 511 frames.
atai_551 хан харти 
LOG (nnet3-latgen-faster[5.4.217~1-8ae5]:DecodeUtteranceLatticeFaster():decoder-wrappers.cc:286) Log-like per frame for utterance atai_551 is 0.106018 over 486 frames.
atai_552 хх айланасында хнх хай ичинде хай алдаганы келип хан эркин менен хх 
LOG (nnet3-latgen-faster[5.4.217~1-8ae5]:DecodeUtteranceLatticeFaster():decoder-wrappers.cc:286) Log-like per frame for utterance atai_552 is 0.134507 over 1758 frames.
atai_554 жана халха 
LOG (nnet3-latgen-faster[5.4.217~1-8ae5]:DecodeUtteranceLatticeFaster():decoder-wrappers.cc:286) Log-like per frame for utterance atai_554 is 0.151156 over 484 frames.
atai_555 этих эмес жантакпай хасха баланын <unk> хан 
LOG (nnet3-latgen-faster[5.4.217~1-8ae5]:DecodeUtteranceLatticeFaster():decoder-wrappers.cc:286) Log-like per frame for utterance atai_555 is 0.125452 over 703 frames.
atai_556 ахвах 
LOG (nnet3-latgen-faster[5.4.217~1-8ae5]:DecodeUtteranceLatticeFaster():decoder-wrappers.cc:286) Log-like per frame for utterance atai_556 is 0.175673 over 327 frames.
atai_560 хойдун <unk> <unk> ка 
LOG (nnet3-latgen-faster[5.4.217~1-8ae5]:DecodeUtteranceLatticeFaster():decoder-wrappers.cc:286) Log-like per frame for utterance atai_560 is 0.07989 over 254 frames.
atai_561 энесинин балыкка хх ат тажихан катх <unk> хх хх жихэ чыгыш алып эле жаткандарды таанып <unk> алып <unk> хасха 
LOG (nnet3-latgen-faster[5.4.217~1-8ae5]:DecodeUtteranceLatticeFaster():decoder-wrappers.cc:286) Log-like per frame for utterance atai_561 is 0.134727 over 1753 frames.
atai_563 бахчалар хи 
LOG (nnet3-latgen-faster[5.4.217~1-8ae5]:DecodeUtteranceLatticeFaster():decoder-wrappers.cc:286) Log-like per frame for utterance atai_563 is 0.148609 over 716 frames.
atai_564 анын хайда хельсинки <unk> алдын колхоз чалып бэкхем элдин дөн эле хан халха ху хнх хх билим жалгыз отуруу каховка атахан күчүнө <unk> эмес 
LOG (nnet3-latgen-faster[5.4.217~1-8ae5]:RebuildRepository():determinize-lattice-pruned.cc:283) Rebuilding repository.
LOG (nnet3-latgen-faster[5.4.217~1-8ae5]:DecodeUtteranceLatticeFaster():decoder-wrappers.cc:286) Log-like per frame for utterance atai_564 is 0.141334 over 3532 frames.
atai_565 алар хи хан аналхакты хан 
LOG (nnet3-latgen-faster[5.4.217~1-8ae5]:DecodeUtteranceLatticeFaster():decoder-wrappers.cc:286) Log-like per frame for utterance atai_565 is 0.188346 over 1078 frames.
atai_566 хх эки көзү билим анда 
LOG (nnet3-latgen-faster[5.4.217~1-8ae5]:DecodeUtteranceLatticeFaster():decoder-wrappers.cc:286) Log-like per frame for utterance atai_566 is 0.160608 over 804 frames.
atai_567 ахвах 
LOG (nnet3-latgen-faster[5.4.217~1-8ae5]:DecodeUtteranceLatticeFaster():decoder-wrappers.cc:286) Log-like per frame for utterance atai_567 is 0.174326 over 480 frames.
atai_568 хоох хх х 
LOG (nnet3-latgen-faster[5.4.217~1-8ae5]:DecodeUtteranceLatticeFaster():decoder-wrappers.cc:286) Log-like per frame for utterance atai_568 is 0.150362 over 842 frames.
atai_569 ахи өзалдынча х <unk> калды 
LOG (nnet3-latgen-faster[5.4.217~1-8ae5]:DecodeUtteranceLatticeFaster():decoder-wrappers.cc:286) Log-like per frame for utterance atai_569 is 0.133623 over 557 frames.
atai_57 түрүндө серхио түшүп ех 
LOG (nnet3-latgen-faster[5.4.217~1-8ae5]:DecodeUtteranceLatticeFaster():decoder-wrappers.cc:286) Log-like per frame for utterance atai_57 is 0.125331 over 542 frames.
atai_570 этин хандын хамзах бухайдын эми анын харта халха келгенде 
LOG (nnet3-latgen-faster[5.4.217~1-8ae5]:DecodeUtteranceLatticeFaster():decoder-wrappers.cc:286) Log-like per frame for utterance atai_570 is 0.144108 over 1318 frames.
atai_571 жетимиш канчалык хх хатта хи менчикке м хоох хх <unk> атасынын <unk> хх <unk> хх хэ 
LOG (nnet3-latgen-faster[5.4.217~1-8ae5]:DecodeUtteranceLatticeFaster():decoder-wrappers.cc:286) Log-like per frame for utterance atai_571 is 0.144875 over 2383 frames.
atai_574 хуанхэ хуанхэ хх атахан хх башка хх хх 
LOG (nnet3-latgen-faster[5.4.217~1-8ae5]:RebuildRepository():determinize-lattice-pruned.cc:283) Rebuilding repository.
LOG (nnet3-latgen-faster[5.4.217~1-8ae5]:RebuildRepository():determinize-lattice-pruned.cc:283) Rebuilding repository.
LOG (nnet3-latgen-faster[5.4.217~1-8ae5]:RebuildRepository():determinize-lattice-pruned.cc:283) Rebuilding repository.
WARNING (nnet3-latgen-faster[5.4.217~1-8ae5]:CheckMemoryUsage():determinize-lattice-pruned.cc:316) Did not reach requested beam in determinize-lattice: size exceeds maximum 50000000 bytes; (repo,arcs,elems) = (33373568,82496,16564224), after rebuilding, repo size was 26403008, effective beam was 5.72187 vs. requested beam 8
WARNING (nnet3-latgen-faster[5.4.217~1-8ae5]:DecodeUtteranceLatticeFaster():decoder-wrappers.cc:274) Determinization finished earlier than the beam for utterance atai_574
LOG (nnet3-latgen-faster[5.4.217~1-8ae5]:DecodeUtteranceLatticeFaster():decoder-wrappers.cc:286) Log-like per frame for utterance atai_574 is 0.142476 over 2170 frames.
atai_575 хх 
LOG (nnet3-latgen-faster[5.4.217~1-8ae5]:DecodeUtteranceLatticeFaster():decoder-wrappers.cc:286) Log-like per frame for utterance atai_575 is 0.148885 over 485 frames.
atai_576 махал өз халухи ар учурда эчки менен ошол ортосуна <unk> хх 
LOG (nnet3-latgen-faster[5.4.217~1-8ae5]:DecodeUtteranceLatticeFaster():decoder-wrappers.cc:286) Log-like per frame for utterance atai_576 is 0.108765 over 779 frames.
atai_577 атахан ханка рух анын хан 
LOG (nnet3-latgen-faster[5.4.217~1-8ae5]:DecodeUtteranceLatticeFaster():decoder-wrappers.cc:286) Log-like per frame for utterance atai_577 is 0.140767 over 961 frames.
atai_578 ахмед эхин атахан 
LOG (nnet3-latgen-faster[5.4.217~1-8ae5]:DecodeUtteranceLatticeFaster():decoder-wrappers.cc:286) Log-like per frame for utterance atai_578 is 0.11792 over 637 frames.
atai_579 <unk> колго гандах хакас 
LOG (nnet3-latgen-faster[5.4.217~1-8ae5]:DecodeUtteranceLatticeFaster():decoder-wrappers.cc:286) Log-like per frame for utterance atai_579 is 0.127404 over 677 frames.
atai_58 анын көз ашында хоу мохок ахи төмөндө ээсине хуанхэ анхелъ <unk> 
LOG (nnet3-latgen-faster[5.4.217~1-8ae5]:DecodeUtteranceLatticeFaster():decoder-wrappers.cc:286) Log-like per frame for utterance atai_58 is 0.149142 over 1355 frames.
atai_580 хх 
LOG (nnet3-latgen-faster[5.4.217~1-8ae5]:DecodeUtteranceLatticeFaster():decoder-wrappers.cc:286) Log-like per frame for utterance atai_580 is 0.114791 over 178 frames.
atai_581 хх 
LOG (nnet3-latgen-faster[5.4.217~1-8ae5]:DecodeUtteranceLatticeFaster():decoder-wrappers.cc:286) Log-like per frame for utterance atai_581 is 0.122159 over 183 frames.
atai_582 ахи хан 
LOG (nnet3-latgen-faster[5.4.217~1-8ae5]:DecodeUtteranceLatticeFaster():decoder-wrappers.cc:286) Log-like per frame for utterance atai_582 is 0.150602 over 540 frames.
atai_583 этих 
LOG (nnet3-latgen-faster[5.4.217~1-8ae5]:DecodeUtteranceLatticeFaster():decoder-wrappers.cc:286) Log-like per frame for utterance atai_583 is 0.14326 over 393 frames.
atai_585 хэ орун эми жок 
LOG (nnet3-latgen-faster[5.4.217~1-8ae5]:DecodeUtteranceLatticeFaster():decoder-wrappers.cc:286) Log-like per frame for utterance atai_585 is 0.150876 over 514 frames.
atai_586 баланын хх хх 
LOG (nnet3-latgen-faster[5.4.217~1-8ae5]:DecodeUtteranceLatticeFaster():decoder-wrappers.cc:286) Log-like per frame for utterance atai_586 is 0.149109 over 450 frames.
atai_587 хнх болбосо хуанхэ 
LOG (nnet3-latgen-faster[5.4.217~1-8ae5]:DecodeUtteranceLatticeFaster():decoder-wrappers.cc:286) Log-like per frame for utterance atai_587 is 0.158205 over 705 frames.
atai_588 х бала ошондой хх 
LOG (nnet3-latgen-faster[5.4.217~1-8ae5]:DecodeUtteranceLatticeFaster():decoder-wrappers.cc:286) Log-like per frame for utterance atai_588 is 0.0972178 over 308 frames.
atai_590 комуз хх жихад жана хх 
LOG (nnet3-latgen-faster[5.4.217~1-8ae5]:DecodeUtteranceLatticeFaster():decoder-wrappers.cc:286) Log-like per frame for utterance atai_590 is 0.11744 over 700 frames.
atai_591 хамзах хан 
LOG (nnet3-latgen-faster[5.4.217~1-8ae5]:DecodeUtteranceLatticeFaster():decoder-wrappers.cc:286) Log-like per frame for utterance atai_591 is 0.154514 over 778 frames.
atai_592 кокусунан башка хи көөхар хан эс хоуп 
LOG (nnet3-latgen-faster[5.4.217~1-8ae5]:DecodeUtteranceLatticeFaster():decoder-wrappers.cc:286) Log-like per frame for utterance atai_592 is 0.136762 over 915 frames.
atai_593 ханы менен аты чак комуздун ху 
LOG (nnet3-latgen-faster[5.4.217~1-8ae5]:DecodeUtteranceLatticeFaster():decoder-wrappers.cc:286) Log-like per frame for utterance atai_593 is 0.135004 over 624 frames.
atai_594 хоуп хи көнүгөт хамзах элди хх колуна эмне андан кан белгисиз х 
LOG (nnet3-latgen-faster[5.4.217~1-8ae5]:DecodeUtteranceLatticeFaster():decoder-wrappers.cc:286) Log-like per frame for utterance atai_594 is 0.142415 over 1893 frames.
atai_595 <unk> барып уулу кен 
LOG (nnet3-latgen-faster[5.4.217~1-8ae5]:DecodeUtteranceLatticeFaster():decoder-wrappers.cc:286) Log-like per frame for utterance atai_595 is 0.0702025 over 214 frames.
atai_596 хх 
LOG (nnet3-latgen-faster[5.4.217~1-8ae5]:DecodeUtteranceLatticeFaster():decoder-wrappers.cc:286) Log-like per frame for utterance atai_596 is 0.147787 over 212 frames.
atai_597 бирок болуп бар 
LOG (nnet3-latgen-faster[5.4.217~1-8ae5]:DecodeUtteranceLatticeFaster():decoder-wrappers.cc:286) Log-like per frame for utterance atai_597 is 0.130228 over 215 frames.
atai_598 кан бахр эчкилүү эле комуз хан буудайдын ашып эхин канжол хх 
LOG (nnet3-latgen-faster[5.4.217~1-8ae5]:DecodeUtteranceLatticeFaster():decoder-wrappers.cc:286) Log-like per frame for utterance atai_598 is 0.153274 over 1213 frames.
atai_599 <unk> мех 
LOG (nnet3-latgen-faster[5.4.217~1-8ae5]:DecodeUtteranceLatticeFaster():decoder-wrappers.cc:286) Log-like per frame for utterance atai_599 is 0.170685 over 302 frames.
atai_600 х эси ахун 
LOG (nnet3-latgen-faster[5.4.217~1-8ae5]:DecodeUtteranceLatticeFaster():decoder-wrappers.cc:286) Log-like per frame for utterance atai_600 is 0.17957 over 532 frames.
atai_601 кайдан ханы нун комузду субальп анын хоох эхо ахмед эмес хх эч хоуп өз үйдүн кыйналып акырында хнх хан хх <unk> х бах калышат хан сахих бенз хи жихэ халха тарых кандайдыр башка хрен бул хандын 
LOG (nnet3-latgen-faster[5.4.217~1-8ae5]:RebuildRepository():determinize-lattice-pruned.cc:283) Rebuilding repository.
LOG (nnet3-latgen-faster[5.4.217~1-8ae5]:RebuildRepository():determinize-lattice-pruned.cc:283) Rebuilding repository.
LOG (nnet3-latgen-faster[5.4.217~1-8ae5]:DecodeUtteranceLatticeFaster():decoder-wrappers.cc:286) Log-like per frame for utterance atai_601 is 0.144177 over 5487 frames.
atai_602 хан келип ху хим ал анхра капка хан <unk> 
LOG (nnet3-latgen-faster[5.4.217~1-8ae5]:DecodeUtteranceLatticeFaster():decoder-wrappers.cc:286) Log-like per frame for utterance atai_602 is 0.140294 over 2059 frames.
atai_603 х хсс 
LOG (nnet3-latgen-faster[5.4.217~1-8ae5]:DecodeUtteranceLatticeFaster():decoder-wrappers.cc:286) Log-like per frame for utterance atai_603 is 0.118345 over 339 frames.
atai_604 ахвах албай жана хасан ахлак турган бирок аларды да хентрих 
LOG (nnet3-latgen-faster[5.4.217~1-8ae5]:DecodeUtteranceLatticeFaster():decoder-wrappers.cc:286) Log-like per frame for utterance atai_604 is 0.131556 over 1174 frames.
atai_605 болжолу жантак ахун алып эле менен хх карын <unk> калды 
LOG (nnet3-latgen-faster[5.4.217~1-8ae5]:DecodeUtteranceLatticeFaster():decoder-wrappers.cc:286) Log-like per frame for utterance atai_605 is 0.143116 over 1132 frames.
atai_606 хал атахан баланын хан комуз хэсу колхицин да аны хх ошол экенин хан халха ачылган бошокту менен ханы ханды өзүн хх хан болгон башка эч кимиси хнх 
LOG (nnet3-latgen-faster[5.4.217~1-8ae5]:DecodeUtteranceLatticeFaster():decoder-wrappers.cc:286) Log-like per frame for utterance atai_606 is 0.131248 over 3288 frames.
atai_607 сатып чхан ып себилдүүсү эт сөзү кошулбай тарыхы 
LOG (nnet3-latgen-faster[5.4.217~1-8ae5]:DecodeUtteranceLatticeFaster():decoder-wrappers.cc:286) Log-like per frame for utterance atai_607 is 0.107492 over 788 frames.
atai_608 бадахшан <unk> хан х каких <unk> анын ханы хх эхо менен ахун эчкинин коммунизм эмес <unk> хх хх бирок тахт хх ахыска баласын эритип хэ аны кайнатып тахт кабыл аллах <unk> энеси х <unk> хх хандын болуп ех татен <unk> хорда чхан хирхис аниме саха кашка капасын хх ошондой хх <unk> хх энеси <unk> жоболору эми хх 
LOG (nnet3-latgen-faster[5.4.217~1-8ae5]:RebuildRepository():determinize-lattice-pruned.cc:283) Rebuilding repository.
LOG (nnet3-latgen-faster[5.4.217~1-8ae5]:RebuildRepository():determinize-lattice-pruned.cc:283) Rebuilding repository.
LOG (nnet3-latgen-faster[5.4.217~1-8ae5]:RebuildRepository():determinize-lattice-pruned.cc:283) Rebuilding repository.
LOG (nnet3-latgen-faster[5.4.217~1-8ae5]:RebuildRepository():determinize-lattice-pruned.cc:283) Rebuilding repository.
WARNING (nnet3-latgen-faster[5.4.217~1-8ae5]:CheckMemoryUsage():determinize-lattice-pruned.cc:316) Did not reach requested beam in determinize-lattice: size exceeds maximum 50000000 bytes; (repo,arcs,elems) = (33033696,278272,16804128), after rebuilding, repo size was 27061952, effective beam was 6.47372 vs. requested beam 8
WARNING (nnet3-latgen-faster[5.4.217~1-8ae5]:DecodeUtteranceLatticeFaster():decoder-wrappers.cc:274) Determinization finished earlier than the beam for utterance atai_608
LOG (nnet3-latgen-faster[5.4.217~1-8ae5]:DecodeUtteranceLatticeFaster():decoder-wrappers.cc:286) Log-like per frame for utterance atai_608 is 0.13565 over 8442 frames.
atai_610 аны хх хх хи 
LOG (nnet3-latgen-faster[5.4.217~1-8ae5]:DecodeUtteranceLatticeFaster():decoder-wrappers.cc:286) Log-like per frame for utterance atai_610 is 0.150602 over 832 frames.
atai_63 бир хоох элдердин 
LOG (nnet3-latgen-faster[5.4.217~1-8ae5]:DecodeUtteranceLatticeFaster():decoder-wrappers.cc:286) Log-like per frame for utterance atai_63 is 0.13647 over 530 frames.
atai_64 эки деп 
LOG (nnet3-latgen-faster[5.4.217~1-8ae5]:DecodeUtteranceLatticeFaster():decoder-wrappers.cc:286) Log-like per frame for utterance atai_64 is 0.110397 over 176 frames.
atai_65 эхо 
LOG (nnet3-latgen-faster[5.4.217~1-8ae5]:DecodeUtteranceLatticeFaster():decoder-wrappers.cc:286) Log-like per frame for utterance atai_65 is 0.149997 over 215 frames.
atai_66 аллах бихар жылкы жок 
LOG (nnet3-latgen-faster[5.4.217~1-8ae5]:DecodeUtteranceLatticeFaster():decoder-wrappers.cc:286) Log-like per frame for utterance atai_66 is 0.167801 over 470 frames.
atai_70 бою бахр жок 
LOG (nnet3-latgen-faster[5.4.217~1-8ae5]:DecodeUtteranceLatticeFaster():decoder-wrappers.cc:286) Log-like per frame for utterance atai_70 is 0.139259 over 286 frames.
atai_71 техника тарых 
LOG (nnet3-latgen-faster[5.4.217~1-8ae5]:DecodeUtteranceLatticeFaster():decoder-wrappers.cc:286) Log-like per frame for utterance atai_71 is 0.129437 over 485 frames.
atai_72 хакан х 
LOG (nnet3-latgen-faster[5.4.217~1-8ae5]:DecodeUtteranceLatticeFaster():decoder-wrappers.cc:286) Log-like per frame for utterance atai_72 is 0.160062 over 557 frames.
atai_73 бир хан байдын ахвах албай 
LOG (nnet3-latgen-faster[5.4.217~1-8ae5]:DecodeUtteranceLatticeFaster():decoder-wrappers.cc:286) Log-like per frame for utterance atai_73 is 0.165863 over 514 frames.
atai_74 жахан <unk> хи 
LOG (nnet3-latgen-faster[5.4.217~1-8ae5]:DecodeUtteranceLatticeFaster():decoder-wrappers.cc:286) Log-like per frame for utterance atai_74 is 0.138037 over 486 frames.
atai_75 хи 
LOG (nnet3-latgen-faster[5.4.217~1-8ae5]:DecodeUtteranceLatticeFaster():decoder-wrappers.cc:286) Log-like per frame for utterance atai_75 is 0.188412 over 524 frames.
atai_76 жихэ 
LOG (nnet3-latgen-faster[5.4.217~1-8ae5]:DecodeUtteranceLatticeFaster():decoder-wrappers.cc:286) Log-like per frame for utterance atai_76 is 0.133026 over 186 frames.
atai_77 бухтасы 
LOG (nnet3-latgen-faster[5.4.217~1-8ae5]:DecodeUtteranceLatticeFaster():decoder-wrappers.cc:286) Log-like per frame for utterance atai_77 is 0.140681 over 319 frames.
atai_78 кан <unk> 
LOG (nnet3-latgen-faster[5.4.217~1-8ae5]:DecodeUtteranceLatticeFaster():decoder-wrappers.cc:286) Log-like per frame for utterance atai_78 is 0.115643 over 142 frames.
atai_79 бай ордунан турду 
LOG (nnet3-latgen-faster[5.4.217~1-8ae5]:DecodeUtteranceLatticeFaster():decoder-wrappers.cc:286) Log-like per frame for utterance atai_79 is 0.126515 over 210 frames.
atai_80 ал харди 
LOG (nnet3-latgen-faster[5.4.217~1-8ae5]:DecodeUtteranceLatticeFaster():decoder-wrappers.cc:286) Log-like per frame for utterance atai_80 is 0.113662 over 514 frames.
atai_81 башка 
LOG (nnet3-latgen-faster[5.4.217~1-8ae5]:DecodeUtteranceLatticeFaster():decoder-wrappers.cc:286) Log-like per frame for utterance atai_81 is 0.131016 over 173 frames.
atai_82 хх 
LOG (nnet3-latgen-faster[5.4.217~1-8ae5]:DecodeUtteranceLatticeFaster():decoder-wrappers.cc:286) Log-like per frame for utterance atai_82 is 0.169592 over 287 frames.
atai_83 хан келди 
LOG (nnet3-latgen-faster[5.4.217~1-8ae5]:DecodeUtteranceLatticeFaster():decoder-wrappers.cc:286) Log-like per frame for utterance atai_83 is 0.10265 over 207 frames.
atai_84 ахи 
LOG (nnet3-latgen-faster[5.4.217~1-8ae5]:DecodeUtteranceLatticeFaster():decoder-wrappers.cc:286) Log-like per frame for utterance atai_84 is 0.0934421 over 221 frames.
atai_85 ал халха 
LOG (nnet3-latgen-faster[5.4.217~1-8ae5]:DecodeUtteranceLatticeFaster():decoder-wrappers.cc:286) Log-like per frame for utterance atai_85 is 0.12787 over 791 frames.
atai_86 бархандар хуту 
LOG (nnet3-latgen-faster[5.4.217~1-8ae5]:DecodeUtteranceLatticeFaster():decoder-wrappers.cc:286) Log-like per frame for utterance atai_86 is 0.170915 over 677 frames.
atai_87 <unk> ханы ху турду хи чыгып хх атка 
LOG (nnet3-latgen-faster[5.4.217~1-8ae5]:DecodeUtteranceLatticeFaster():decoder-wrappers.cc:286) Log-like per frame for utterance atai_87 is 0.127129 over 1152 frames.
atai_88 бихуаньчжи тарых бах караганда жооп 
LOG (nnet3-latgen-faster[5.4.217~1-8ae5]:DecodeUtteranceLatticeFaster():decoder-wrappers.cc:286) Log-like per frame for utterance atai_88 is 0.131138 over 616 frames.
atai_89 кошо же хх хен ханды анын көзүн эхо 
LOG (nnet3-latgen-faster[5.4.217~1-8ae5]:DecodeUtteranceLatticeFaster():decoder-wrappers.cc:286) Log-like per frame for utterance atai_89 is 0.151936 over 1345 frames.
atai_90 хошоут 
LOG (nnet3-latgen-faster[5.4.217~1-8ae5]:DecodeUtteranceLatticeFaster():decoder-wrappers.cc:286) Log-like per frame for utterance atai_90 is 0.147509 over 359 frames.
atai_91 бихар кылган ошол эч ал калганда <unk> тарыхчылар жөнүндө сөзү шахин келген каймана 
LOG (nnet3-latgen-faster[5.4.217~1-8ae5]:DecodeUtteranceLatticeFaster():decoder-wrappers.cc:286) Log-like per frame for utterance atai_91 is 0.119917 over 1026 frames.
atai_92 бүгүнкү алардын арасында тоосу хаты алар хай баатыр турганын бош менен хх бахирдин чыгып өз адахан хаган 
LOG (nnet3-latgen-faster[5.4.217~1-8ae5]:DecodeUtteranceLatticeFaster():decoder-wrappers.cc:286) Log-like per frame for utterance atai_92 is 0.142436 over 1784 frames.
atai_93 бир менен экендиги хх хоох менен бош алардын хан калган хэ артыкчылык ушата 
LOG (nnet3-latgen-faster[5.4.217~1-8ae5]:DecodeUtteranceLatticeFaster():decoder-wrappers.cc:286) Log-like per frame for utterance atai_93 is 0.140313 over 1264 frames.
LOG (apply-cmvn[5.4.217~1-8ae5]:main():apply-cmvn.cc:81) Copied 127 utterances.
atai_94 хасха <unk> ахлак башка келген х ахвах ху бетинин төө менен тарыхы бэкхем болуп хок 
LOG (nnet3-latgen-faster[5.4.217~1-8ae5]:DecodeUtteranceLatticeFaster():decoder-wrappers.cc:286) Log-like per frame for utterance atai_94 is 0.149666 over 2830 frames.
atai_95 кезде сөзүн архитехтура т ал сөз <unk> гандах 
LOG (nnet3-latgen-faster[5.4.217~1-8ae5]:DecodeUtteranceLatticeFaster():decoder-wrappers.cc:286) Log-like per frame for utterance atai_95 is 0.114043 over 868 frames.
atai_96 халха айтыке чоң сакал 
LOG (nnet3-latgen-faster[5.4.217~1-8ae5]:DecodeUtteranceLatticeFaster():decoder-wrappers.cc:286) Log-like per frame for utterance atai_96 is 0.104433 over 478 frames.
atai_97 хандарды ал сөзү анын эркелеп орхус менен тарых 
LOG (nnet3-latgen-faster[5.4.217~1-8ae5]:DecodeUtteranceLatticeFaster():decoder-wrappers.cc:286) Log-like per frame for utterance atai_97 is 0.122763 over 879 frames.
atai_98 кара хуанхэ субан 
LOG (nnet3-latgen-faster[5.4.217~1-8ae5]:DecodeUtteranceLatticeFaster():decoder-wrappers.cc:286) Log-like per frame for utterance atai_98 is 0.176197 over 853 frames.
atai_99 бах тарых 
LOG (nnet3-latgen-faster[5.4.217~1-8ae5]:DecodeUtteranceLatticeFaster():decoder-wrappers.cc:286) Log-like per frame for utterance atai_99 is 0.198327 over 549 frames.
LOG (nnet3-latgen-faster[5.4.217~1-8ae5]:main():nnet3-latgen-faster.cc:255) Time taken 960.597s: real-time factor assuming 100 frames/sec is 0.867216
LOG (nnet3-latgen-faster[5.4.217~1-8ae5]:main():nnet3-latgen-faster.cc:258) Done 127 utterances, failed for 0
LOG (nnet3-latgen-faster[5.4.217~1-8ae5]:main():nnet3-latgen-faster.cc:260) Overall log-likelihood per frame is 0.139943 over 110768 frames.
LOG (nnet3-latgen-faster[5.4.217~1-8ae5]:~CachingOptimizingCompiler():nnet-optimize.cc:710) 5.39 seconds taken in nnet3 compilation total (breakdown: 3.99 compilation, 1.01 optimization, 0 shortcut expansion, 0.231 checking, 0.000141 computing indexes, 0.161 misc.) + 0 I/O.
# Accounting: time=961 threads=1
# Ended (code 0) at Fri Jul 27 03:41:35 UTC 2018, elapsed time 961 seconds
