# nnet3-latgen-faster --frames-per-chunk=50 --extra-left-context=0 --extra-right-context=0 --extra-left-context-initial=-1 --extra-right-context-final=-1 --minimize=false --max-active=250 --min-active=100 --beam=15.0 --lattice-beam=8.0 --acoustic-scale=0.1 --allow-partial=true --word-symbol-table=exp_atai-100A-org/triphones/graph/words.txt MTL/exp/nnet3/multitask/atai-100A-org/final_adj.mdl exp_atai-100A-org/triphones/graph/HCLG.fst "ark,s,cs:apply-cmvn --norm-means=false --norm-vars=false --utt2spk=ark:data_atai-100A-org/test/split4/2/utt2spk scp:data_atai-100A-org/test/split4/2/cmvn.scp scp:data_atai-100A-org/test/split4/2/feats.scp ark:- |" "ark:|gzip -c >MTL/exp/nnet3/multitask/decode/lat.2.gz" 
# Started at Fri Jul 27 03:25:34 UTC 2018
#
nnet3-latgen-faster --frames-per-chunk=50 --extra-left-context=0 --extra-right-context=0 --extra-left-context-initial=-1 --extra-right-context-final=-1 --minimize=false --max-active=250 --min-active=100 --beam=15.0 --lattice-beam=8.0 --acoustic-scale=0.1 --allow-partial=true --word-symbol-table=exp_atai-100A-org/triphones/graph/words.txt MTL/exp/nnet3/multitask/atai-100A-org/final_adj.mdl exp_atai-100A-org/triphones/graph/HCLG.fst 'ark,s,cs:apply-cmvn --norm-means=false --norm-vars=false --utt2spk=ark:data_atai-100A-org/test/split4/2/utt2spk scp:data_atai-100A-org/test/split4/2/cmvn.scp scp:data_atai-100A-org/test/split4/2/feats.scp ark:- |' 'ark:|gzip -c >MTL/exp/nnet3/multitask/decode/lat.2.gz' 
LOG (nnet3-latgen-faster[5.4.217~1-8ae5]:RemoveOrphanNodes():nnet-nnet.cc:948) Removed 0 orphan nodes.
LOG (nnet3-latgen-faster[5.4.217~1-8ae5]:RemoveOrphanComponents():nnet-nnet.cc:847) Removing 0 orphan components.
apply-cmvn --norm-means=false --norm-vars=false --utt2spk=ark:data_atai-100A-org/test/split4/2/utt2spk scp:data_atai-100A-org/test/split4/2/cmvn.scp scp:data_atai-100A-org/test/split4/2/feats.scp ark:- 
atai_226 хх <unk> х элдер хай 
LOG (nnet3-latgen-faster[5.4.217~1-8ae5]:DecodeUtteranceLatticeFaster():decoder-wrappers.cc:286) Log-like per frame for utterance atai_226 is 0.121015 over 674 frames.
atai_227 алты ширеси хакас хх хорда 
LOG (nnet3-latgen-faster[5.4.217~1-8ae5]:DecodeUtteranceLatticeFaster():decoder-wrappers.cc:286) Log-like per frame for utterance atai_227 is 0.113108 over 672 frames.
atai_229 <unk> пекинде 
LOG (nnet3-latgen-faster[5.4.217~1-8ae5]:DecodeUtteranceLatticeFaster():decoder-wrappers.cc:286) Log-like per frame for utterance atai_229 is 0.112014 over 225 frames.
atai_231 бала тарыхта 
LOG (nnet3-latgen-faster[5.4.217~1-8ae5]:DecodeUtteranceLatticeFaster():decoder-wrappers.cc:286) Log-like per frame for utterance atai_231 is 0.122271 over 390 frames.
atai_232 комуз хх кохаб менен ахвах <unk> 
LOG (nnet3-latgen-faster[5.4.217~1-8ae5]:DecodeUtteranceLatticeFaster():decoder-wrappers.cc:286) Log-like per frame for utterance atai_232 is 0.124594 over 640 frames.
atai_233 комуз хүү ахчалыг ата <unk> х соусу 
LOG (nnet3-latgen-faster[5.4.217~1-8ae5]:DecodeUtteranceLatticeFaster():decoder-wrappers.cc:286) Log-like per frame for utterance atai_233 is 0.135533 over 649 frames.
atai_234 же хнх атылган <unk> х алганда ал хх ошондой чайка 
LOG (nnet3-latgen-faster[5.4.217~1-8ae5]:DecodeUtteranceLatticeFaster():decoder-wrappers.cc:286) Log-like per frame for utterance atai_234 is 0.117046 over 1084 frames.
atai_235 айкөл ханы бар <unk> саха саха <unk> хх 
LOG (nnet3-latgen-faster[5.4.217~1-8ae5]:DecodeUtteranceLatticeFaster():decoder-wrappers.cc:286) Log-like per frame for utterance atai_235 is 0.116235 over 841 frames.
atai_236 схем х 
LOG (nnet3-latgen-faster[5.4.217~1-8ae5]:DecodeUtteranceLatticeFaster():decoder-wrappers.cc:286) Log-like per frame for utterance atai_236 is 0.140274 over 384 frames.
atai_237 семих ой сох 
LOG (nnet3-latgen-faster[5.4.217~1-8ae5]:DecodeUtteranceLatticeFaster():decoder-wrappers.cc:286) Log-like per frame for utterance atai_237 is 0.171998 over 435 frames.
atai_238 арх тех 
LOG (nnet3-latgen-faster[5.4.217~1-8ae5]:DecodeUtteranceLatticeFaster():decoder-wrappers.cc:286) Log-like per frame for utterance atai_238 is 0.152756 over 469 frames.
atai_239 сахих бетегеси хан экен кечеси хентрих калха шатыра тарых 
LOG (nnet3-latgen-faster[5.4.217~1-8ae5]:DecodeUtteranceLatticeFaster():decoder-wrappers.cc:286) Log-like per frame for utterance atai_239 is 0.119628 over 1266 frames.
atai_24 халха ханды анхра 
LOG (nnet3-latgen-faster[5.4.217~1-8ae5]:DecodeUtteranceLatticeFaster():decoder-wrappers.cc:286) Log-like per frame for utterance atai_24 is 0.153248 over 810 frames.
atai_240 болушу бухайдын хасха 
LOG (nnet3-latgen-faster[5.4.217~1-8ae5]:DecodeUtteranceLatticeFaster():decoder-wrappers.cc:286) Log-like per frame for utterance atai_240 is 0.139625 over 690 frames.
atai_241 техсервис 
LOG (nnet3-latgen-faster[5.4.217~1-8ae5]:DecodeUtteranceLatticeFaster():decoder-wrappers.cc:286) Log-like per frame for utterance atai_241 is 0.0994658 over 192 frames.
atai_242 хан 
LOG (nnet3-latgen-faster[5.4.217~1-8ae5]:DecodeUtteranceLatticeFaster():decoder-wrappers.cc:286) Log-like per frame for utterance atai_242 is 0.138207 over 215 frames.
atai_243 бахр 
LOG (nnet3-latgen-faster[5.4.217~1-8ae5]:DecodeUtteranceLatticeFaster():decoder-wrappers.cc:286) Log-like per frame for utterance atai_243 is 0.166155 over 345 frames.
atai_244 болсо хх хетт <unk> жалпы 
LOG (nnet3-latgen-faster[5.4.217~1-8ae5]:DecodeUtteranceLatticeFaster():decoder-wrappers.cc:286) Log-like per frame for utterance atai_244 is 0.0768335 over 386 frames.
atai_245 халха 
LOG (nnet3-latgen-faster[5.4.217~1-8ae5]:DecodeUtteranceLatticeFaster():decoder-wrappers.cc:286) Log-like per frame for utterance atai_245 is 0.116193 over 248 frames.
atai_246 х 
LOG (nnet3-latgen-faster[5.4.217~1-8ae5]:DecodeUtteranceLatticeFaster():decoder-wrappers.cc:286) Log-like per frame for utterance atai_246 is 0.187593 over 294 frames.
atai_247 бахр сабах халухи бирок ху арх ар эле 
LOG (nnet3-latgen-faster[5.4.217~1-8ae5]:DecodeUtteranceLatticeFaster():decoder-wrappers.cc:286) Log-like per frame for utterance atai_247 is 0.150554 over 1671 frames.
atai_248 бирок олонхо жахан элеси <unk> хоуп х бетеге 
LOG (nnet3-latgen-faster[5.4.217~1-8ae5]:DecodeUtteranceLatticeFaster():decoder-wrappers.cc:286) Log-like per frame for utterance atai_248 is 0.144689 over 1118 frames.
atai_249 хоуп анын халха алды хх ахл турат 
LOG (nnet3-latgen-faster[5.4.217~1-8ae5]:DecodeUtteranceLatticeFaster():decoder-wrappers.cc:286) Log-like per frame for utterance atai_249 is 0.145484 over 1179 frames.
atai_25 хан сакталып жалча хх 
LOG (nnet3-latgen-faster[5.4.217~1-8ae5]:DecodeUtteranceLatticeFaster():decoder-wrappers.cc:286) Log-like per frame for utterance atai_25 is 0.132588 over 755 frames.
atai_250 хх 
LOG (nnet3-latgen-faster[5.4.217~1-8ae5]:DecodeUtteranceLatticeFaster():decoder-wrappers.cc:286) Log-like per frame for utterance atai_250 is 0.134782 over 356 frames.
atai_251 <unk> 
LOG (nnet3-latgen-faster[5.4.217~1-8ae5]:DecodeUtteranceLatticeFaster():decoder-wrappers.cc:286) Log-like per frame for utterance atai_251 is 0.163585 over 134 frames.
atai_252 баланын хайда бир хентрих калган эле 
LOG (nnet3-latgen-faster[5.4.217~1-8ae5]:DecodeUtteranceLatticeFaster():decoder-wrappers.cc:286) Log-like per frame for utterance atai_252 is 0.138699 over 888 frames.
atai_253 хайме битэхэ ордуна хан менен салынган халат 
LOG (nnet3-latgen-faster[5.4.217~1-8ae5]:DecodeUtteranceLatticeFaster():decoder-wrappers.cc:286) Log-like per frame for utterance atai_253 is 0.135849 over 1219 frames.
atai_254 хит эле келип тарых кебезден хэ көчмөндөрдүн суу <unk> х <unk> хонгха <unk> 
LOG (nnet3-latgen-faster[5.4.217~1-8ae5]:DecodeUtteranceLatticeFaster():decoder-wrappers.cc:286) Log-like per frame for utterance atai_254 is 0.143804 over 1706 frames.
atai_255 каракөз хасан саха жетпей каймагы алууга канткен альхудо 
LOG (nnet3-latgen-faster[5.4.217~1-8ae5]:DecodeUtteranceLatticeFaster():decoder-wrappers.cc:286) Log-like per frame for utterance atai_255 is 0.108244 over 890 frames.
atai_256 карапайым албетте халха калха такай хи 
LOG (nnet3-latgen-faster[5.4.217~1-8ae5]:DecodeUtteranceLatticeFaster():decoder-wrappers.cc:286) Log-like per frame for utterance atai_256 is 0.114873 over 892 frames.
atai_257 жахан дат хатан дат олтургандардын х эле бар хасха тыштуу боз балдардын оозуна охна 
LOG (nnet3-latgen-faster[5.4.217~1-8ae5]:DecodeUtteranceLatticeFaster():decoder-wrappers.cc:286) Log-like per frame for utterance atai_257 is 0.14551 over 1422 frames.
atai_259 ахдар хнх элдин көз халха <unk> 
LOG (nnet3-latgen-faster[5.4.217~1-8ae5]:DecodeUtteranceLatticeFaster():decoder-wrappers.cc:286) Log-like per frame for utterance atai_259 is 0.120528 over 1345 frames.
atai_26 бахус да бах башкалар <unk> артык маселе 
LOG (nnet3-latgen-faster[5.4.217~1-8ae5]:DecodeUtteranceLatticeFaster():decoder-wrappers.cc:286) Log-like per frame for utterance atai_26 is 0.156175 over 849 frames.
atai_261 ахвах бул хэ хандын <unk> эл турган 
LOG (nnet3-latgen-faster[5.4.217~1-8ae5]:DecodeUtteranceLatticeFaster():decoder-wrappers.cc:286) Log-like per frame for utterance atai_261 is 0.140659 over 1129 frames.
atai_262 ахвах 
LOG (nnet3-latgen-faster[5.4.217~1-8ae5]:DecodeUtteranceLatticeFaster():decoder-wrappers.cc:286) Log-like per frame for utterance atai_262 is 0.173556 over 577 frames.
atai_263 кызылсуу жана х 
LOG (nnet3-latgen-faster[5.4.217~1-8ae5]:DecodeUtteranceLatticeFaster():decoder-wrappers.cc:286) Log-like per frame for utterance atai_263 is 0.125539 over 595 frames.
atai_264 бухарест ахвах х 
LOG (nnet3-latgen-faster[5.4.217~1-8ae5]:DecodeUtteranceLatticeFaster():decoder-wrappers.cc:286) Log-like per frame for utterance atai_264 is 0.136993 over 802 frames.
atai_265 алдын атасынын абалы хх жактан хан халха ахлак 
LOG (nnet3-latgen-faster[5.4.217~1-8ae5]:DecodeUtteranceLatticeFaster():decoder-wrappers.cc:286) Log-like per frame for utterance atai_265 is 0.145411 over 1219 frames.
atai_267 хан болгон хай хоох 
LOG (nnet3-latgen-faster[5.4.217~1-8ae5]:DecodeUtteranceLatticeFaster():decoder-wrappers.cc:286) Log-like per frame for utterance atai_267 is 0.136896 over 709 frames.
atai_268 хнх 
LOG (nnet3-latgen-faster[5.4.217~1-8ae5]:DecodeUtteranceLatticeFaster():decoder-wrappers.cc:286) Log-like per frame for utterance atai_268 is 0.158964 over 363 frames.
atai_271 ошондой болсо да хуанхэ хан хх кайната хх хан 
LOG (nnet3-latgen-faster[5.4.217~1-8ae5]:DecodeUtteranceLatticeFaster():decoder-wrappers.cc:286) Log-like per frame for utterance atai_271 is 0.130821 over 1168 frames.
atai_272 эле хуанхэ булар <unk> техас сүйлөгөн хейди эмне <unk> менен халухи башкасы ханды эхо эле аныктайт хх 
LOG (nnet3-latgen-faster[5.4.217~1-8ae5]:DecodeUtteranceLatticeFaster():decoder-wrappers.cc:286) Log-like per frame for utterance atai_272 is 0.128763 over 1817 frames.
atai_275 халха 
LOG (nnet3-latgen-faster[5.4.217~1-8ae5]:DecodeUtteranceLatticeFaster():decoder-wrappers.cc:286) Log-like per frame for utterance atai_275 is 0.14057 over 457 frames.
atai_278 хатан ташытып башталды суу менен хан альхудо 
LOG (nnet3-latgen-faster[5.4.217~1-8ae5]:DecodeUtteranceLatticeFaster():decoder-wrappers.cc:286) Log-like per frame for utterance atai_278 is 0.141692 over 829 frames.
atai_279 ахун менен бүтүн аймактарында <unk> бахр 
LOG (nnet3-latgen-faster[5.4.217~1-8ae5]:DecodeUtteranceLatticeFaster():decoder-wrappers.cc:286) Log-like per frame for utterance atai_279 is 0.116602 over 591 frames.
atai_28 анхра хакан тиштин 
LOG (nnet3-latgen-faster[5.4.217~1-8ae5]:DecodeUtteranceLatticeFaster():decoder-wrappers.cc:286) Log-like per frame for utterance atai_28 is 0.160565 over 819 frames.
atai_280 бирок х алхимиктерди 
LOG (nnet3-latgen-faster[5.4.217~1-8ae5]:DecodeUtteranceLatticeFaster():decoder-wrappers.cc:286) Log-like per frame for utterance atai_280 is 0.13115 over 766 frames.
atai_281 сухарь болбосо хх кыз аттардын <unk> хэ хоох ал жок санта таштабай атасына хасха ханды хх <unk> болуп 
LOG (nnet3-latgen-faster[5.4.217~1-8ae5]:DecodeUtteranceLatticeFaster():decoder-wrappers.cc:286) Log-like per frame for utterance atai_281 is 0.12199 over 1876 frames.
atai_282 адептүү жаш кетүүгө башкача апаттан көп калганын келди өзү хх анын халат 
LOG (nnet3-latgen-faster[5.4.217~1-8ae5]:DecodeUtteranceLatticeFaster():decoder-wrappers.cc:286) Log-like per frame for utterance atai_282 is 0.146033 over 1070 frames.
atai_284 мына хх бухара эхо хандыкты тахарат ал харман данын 
LOG (nnet3-latgen-faster[5.4.217~1-8ae5]:DecodeUtteranceLatticeFaster():decoder-wrappers.cc:286) Log-like per frame for utterance atai_284 is 0.146205 over 1406 frames.
atai_285 ага сакталган атахан андаман 
LOG (nnet3-latgen-faster[5.4.217~1-8ae5]:DecodeUtteranceLatticeFaster():decoder-wrappers.cc:286) Log-like per frame for utterance atai_285 is 0.143859 over 352 frames.
atai_286 кохаб учурайт андан башкача ху а келип 
LOG (nnet3-latgen-faster[5.4.217~1-8ae5]:DecodeUtteranceLatticeFaster():decoder-wrappers.cc:286) Log-like per frame for utterance atai_286 is 0.140806 over 760 frames.
atai_29 бул хору бир халха алып бала кан жалчыларды мах 
LOG (nnet3-latgen-faster[5.4.217~1-8ae5]:DecodeUtteranceLatticeFaster():decoder-wrappers.cc:286) Log-like per frame for utterance atai_29 is 0.135151 over 969 frames.
atai_290 халха өктөм өлкөнүн менен ханды 
LOG (nnet3-latgen-faster[5.4.217~1-8ae5]:DecodeUtteranceLatticeFaster():decoder-wrappers.cc:286) Log-like per frame for utterance atai_290 is 0.145204 over 759 frames.
atai_291 жана хирхис христи хентрих 
LOG (nnet3-latgen-faster[5.4.217~1-8ae5]:DecodeUtteranceLatticeFaster():decoder-wrappers.cc:286) Log-like per frame for utterance atai_291 is 0.128833 over 869 frames.
atai_292 хуту бул хырхыр менен техас хайтахун 
LOG (nnet3-latgen-faster[5.4.217~1-8ae5]:DecodeUtteranceLatticeFaster():decoder-wrappers.cc:286) Log-like per frame for utterance atai_292 is 0.128383 over 1003 frames.
atai_293 ахси салды <unk> 
LOG (nnet3-latgen-faster[5.4.217~1-8ae5]:DecodeUtteranceLatticeFaster():decoder-wrappers.cc:286) Log-like per frame for utterance atai_293 is 0.136293 over 553 frames.
atai_294 садагасын бар хх хайтахун 
LOG (nnet3-latgen-faster[5.4.217~1-8ae5]:DecodeUtteranceLatticeFaster():decoder-wrappers.cc:286) Log-like per frame for utterance atai_294 is 0.149747 over 549 frames.
atai_295 басымын болсо хоох 
LOG (nnet3-latgen-faster[5.4.217~1-8ae5]:DecodeUtteranceLatticeFaster():decoder-wrappers.cc:286) Log-like per frame for utterance atai_295 is 0.116481 over 332 frames.
atai_296 ат хан эхо 
LOG (nnet3-latgen-faster[5.4.217~1-8ae5]:DecodeUtteranceLatticeFaster():decoder-wrappers.cc:286) Log-like per frame for utterance atai_296 is 0.119101 over 397 frames.
atai_297 халха 
LOG (nnet3-latgen-faster[5.4.217~1-8ae5]:DecodeUtteranceLatticeFaster():decoder-wrappers.cc:286) Log-like per frame for utterance atai_297 is 0.121287 over 330 frames.
atai_298 суу баласын ал хор баланы хен күнөөлүү ханы 
LOG (nnet3-latgen-faster[5.4.217~1-8ae5]:DecodeUtteranceLatticeFaster():decoder-wrappers.cc:286) Log-like per frame for utterance atai_298 is 0.135521 over 872 frames.
atai_299 самын салуу телеберүү калай хх чоң балх 
LOG (nnet3-latgen-faster[5.4.217~1-8ae5]:DecodeUtteranceLatticeFaster():decoder-wrappers.cc:286) Log-like per frame for utterance atai_299 is 0.144668 over 764 frames.
atai_30 халха күйөөсүн анчалык хх хнх 
LOG (nnet3-latgen-faster[5.4.217~1-8ae5]:DecodeUtteranceLatticeFaster():decoder-wrappers.cc:286) Log-like per frame for utterance atai_30 is 0.129043 over 1018 frames.
atai_300 ахвах 
LOG (nnet3-latgen-faster[5.4.217~1-8ae5]:DecodeUtteranceLatticeFaster():decoder-wrappers.cc:286) Log-like per frame for utterance atai_300 is 0.111242 over 302 frames.
atai_302 х 
LOG (nnet3-latgen-faster[5.4.217~1-8ae5]:DecodeUtteranceLatticeFaster():decoder-wrappers.cc:286) Log-like per frame for utterance atai_302 is 0.126079 over 223 frames.
atai_303 анхра тарых атай 
LOG (nnet3-latgen-faster[5.4.217~1-8ae5]:DecodeUtteranceLatticeFaster():decoder-wrappers.cc:286) Log-like per frame for utterance atai_303 is 0.121865 over 366 frames.
atai_304 комус энеси 
LOG (nnet3-latgen-faster[5.4.217~1-8ae5]:DecodeUtteranceLatticeFaster():decoder-wrappers.cc:286) Log-like per frame for utterance atai_304 is 0.138139 over 181 frames.
atai_305 ал хасха <unk> 
LOG (nnet3-latgen-faster[5.4.217~1-8ae5]:DecodeUtteranceLatticeFaster():decoder-wrappers.cc:286) Log-like per frame for utterance atai_305 is 0.0941511 over 247 frames.
atai_306 бирок хи 
LOG (nnet3-latgen-faster[5.4.217~1-8ae5]:DecodeUtteranceLatticeFaster():decoder-wrappers.cc:286) Log-like per frame for utterance atai_306 is 0.119106 over 380 frames.
atai_307 бахр 
LOG (nnet3-latgen-faster[5.4.217~1-8ae5]:DecodeUtteranceLatticeFaster():decoder-wrappers.cc:286) Log-like per frame for utterance atai_307 is 0.196187 over 517 frames.
atai_308 бир хх жана иштеген этих <unk> алардын жана <unk> экинчиси салган халы ошол халухи ех ортосунда хоуп алардын хо эрен сахих 
LOG (nnet3-latgen-faster[5.4.217~1-8ae5]:DecodeUtteranceLatticeFaster():decoder-wrappers.cc:286) Log-like per frame for utterance atai_308 is 0.13441 over 2488 frames.
atai_309 хуанхэ мында келгени чоң хан хоох <unk> хуанхэ 
LOG (nnet3-latgen-faster[5.4.217~1-8ae5]:DecodeUtteranceLatticeFaster():decoder-wrappers.cc:286) Log-like per frame for utterance atai_309 is 0.160334 over 1573 frames.
atai_31 <unk> хен хен ахвах хх тезинен да хан өпкөнү жана <unk> элдин эне 
LOG (nnet3-latgen-faster[5.4.217~1-8ae5]:DecodeUtteranceLatticeFaster():decoder-wrappers.cc:286) Log-like per frame for utterance atai_31 is 0.142293 over 1394 frames.
atai_310 алардын ууга тахт хайда турган халат <unk> халха да электр турган хабер 
LOG (nnet3-latgen-faster[5.4.217~1-8ae5]:DecodeUtteranceLatticeFaster():decoder-wrappers.cc:286) Log-like per frame for utterance atai_310 is 0.129998 over 1365 frames.
atai_312 хандын жана аны хен эч кимисинин эске жок 
LOG (nnet3-latgen-faster[5.4.217~1-8ae5]:DecodeUtteranceLatticeFaster():decoder-wrappers.cc:286) Log-like per frame for utterance atai_312 is 0.137258 over 826 frames.
atai_313 бах эмес болсо да ахлак көп да караганда болгон сот 
LOG (nnet3-latgen-faster[5.4.217~1-8ae5]:DecodeUtteranceLatticeFaster():decoder-wrappers.cc:286) Log-like per frame for utterance atai_313 is 0.146925 over 1119 frames.
atai_314 жахан 
LOG (nnet3-latgen-faster[5.4.217~1-8ae5]:DecodeUtteranceLatticeFaster():decoder-wrappers.cc:286) Log-like per frame for utterance atai_314 is 0.147262 over 564 frames.
atai_315 түрдүү тарыхы менен хан чыгат 
LOG (nnet3-latgen-faster[5.4.217~1-8ae5]:DecodeUtteranceLatticeFaster():decoder-wrappers.cc:286) Log-like per frame for utterance atai_315 is 0.143563 over 797 frames.
atai_316 ханга тайшы текес электроду 
LOG (nnet3-latgen-faster[5.4.217~1-8ae5]:DecodeUtteranceLatticeFaster():decoder-wrappers.cc:286) Log-like per frame for utterance atai_316 is 0.101946 over 434 frames.
atai_317 чейин теги <unk> жер жал каны чоң халат токой тараптан <unk> альхудо тарых алып кышташ этип тарыхы 
LOG (nnet3-latgen-faster[5.4.217~1-8ae5]:DecodeUtteranceLatticeFaster():decoder-wrappers.cc:286) Log-like per frame for utterance atai_317 is 0.11434 over 1636 frames.
atai_32 халат көргөндөрүн илгенден <unk> хинди өзүн жалпы жана каныкеси <unk> х бар хосе да тарых айтарылып эсинде хоуп халухи 
LOG (nnet3-latgen-faster[5.4.217~1-8ae5]:DecodeUtteranceLatticeFaster():decoder-wrappers.cc:286) Log-like per frame for utterance atai_32 is 0.131358 over 2100 frames.
atai_320 анын хх ахмат хен 
LOG (nnet3-latgen-faster[5.4.217~1-8ae5]:DecodeUtteranceLatticeFaster():decoder-wrappers.cc:286) Log-like per frame for utterance atai_320 is 0.149213 over 634 frames.
atai_321 биржа кубаныч биржа хх балх <unk> 
LOG (nnet3-latgen-faster[5.4.217~1-8ae5]:DecodeUtteranceLatticeFaster():decoder-wrappers.cc:286) Log-like per frame for utterance atai_321 is 0.171833 over 830 frames.
atai_322 хинди <unk> хандар бала чех 
LOG (nnet3-latgen-faster[5.4.217~1-8ae5]:DecodeUtteranceLatticeFaster():decoder-wrappers.cc:286) Log-like per frame for utterance atai_322 is 0.155929 over 713 frames.
atai_323 хх 
LOG (nnet3-latgen-faster[5.4.217~1-8ae5]:DecodeUtteranceLatticeFaster():decoder-wrappers.cc:286) Log-like per frame for utterance atai_323 is 0.132446 over 194 frames.
atai_324 эмес аныктап топтоп 
LOG (nnet3-latgen-faster[5.4.217~1-8ae5]:DecodeUtteranceLatticeFaster():decoder-wrappers.cc:286) Log-like per frame for utterance atai_324 is 0.0874107 over 191 frames.
atai_325 сабах 
LOG (nnet3-latgen-faster[5.4.217~1-8ae5]:DecodeUtteranceLatticeFaster():decoder-wrappers.cc:286) Log-like per frame for utterance atai_325 is 0.114377 over 233 frames.
atai_326 андан халухи бала хай <unk> 
LOG (nnet3-latgen-faster[5.4.217~1-8ae5]:DecodeUtteranceLatticeFaster():decoder-wrappers.cc:286) Log-like per frame for utterance atai_326 is 0.165703 over 807 frames.
atai_327 балансы шахта сахаба сахих халат 
LOG (nnet3-latgen-faster[5.4.217~1-8ae5]:DecodeUtteranceLatticeFaster():decoder-wrappers.cc:286) Log-like per frame for utterance atai_327 is 0.141951 over 913 frames.
atai_330 анын хан комуз ахвах 
LOG (nnet3-latgen-faster[5.4.217~1-8ae5]:DecodeUtteranceLatticeFaster():decoder-wrappers.cc:286) Log-like per frame for utterance atai_330 is 0.138038 over 609 frames.
atai_331 хуанхэ хан 
LOG (nnet3-latgen-faster[5.4.217~1-8ae5]:DecodeUtteranceLatticeFaster():decoder-wrappers.cc:286) Log-like per frame for utterance atai_331 is 0.156639 over 904 frames.
atai_332 хх ахчалыг бул жер менен халат 
LOG (nnet3-latgen-faster[5.4.217~1-8ae5]:DecodeUtteranceLatticeFaster():decoder-wrappers.cc:286) Log-like per frame for utterance atai_332 is 0.105606 over 647 frames.
atai_333 халха ал коомчулукту бекерчиликтен жана бакайдын ишинде кесипке турган ал хх 
LOG (nnet3-latgen-faster[5.4.217~1-8ae5]:DecodeUtteranceLatticeFaster():decoder-wrappers.cc:286) Log-like per frame for utterance atai_333 is 0.141289 over 1259 frames.
atai_334 эчки ху 
LOG (nnet3-latgen-faster[5.4.217~1-8ae5]:DecodeUtteranceLatticeFaster():decoder-wrappers.cc:286) Log-like per frame for utterance atai_334 is 0.19601 over 413 frames.
atai_336 ошол ху эхин жана айланып келди пахта эми хүү үйрөтүү хок 
LOG (nnet3-latgen-faster[5.4.217~1-8ae5]:DecodeUtteranceLatticeFaster():decoder-wrappers.cc:286) Log-like per frame for utterance atai_336 is 0.148776 over 1157 frames.
atai_338 ахси 
LOG (nnet3-latgen-faster[5.4.217~1-8ae5]:DecodeUtteranceLatticeFaster():decoder-wrappers.cc:286) Log-like per frame for utterance atai_338 is 0.155695 over 502 frames.
atai_339 бирок жөнгө <unk> кандайдыр <unk> ал эмес хан болуп турган хенри хор тууганбай атайдын хасха 
LOG (nnet3-latgen-faster[5.4.217~1-8ae5]:DecodeUtteranceLatticeFaster():decoder-wrappers.cc:286) Log-like per frame for utterance atai_339 is 0.124662 over 1415 frames.
atai_340 <unk> хоох 
LOG (nnet3-latgen-faster[5.4.217~1-8ae5]:DecodeUtteranceLatticeFaster():decoder-wrappers.cc:286) Log-like per frame for utterance atai_340 is 0.11971 over 475 frames.
atai_341 бирок ал сорту ахвах бихар хуанхэ хх бах <unk> 
LOG (nnet3-latgen-faster[5.4.217~1-8ae5]:DecodeUtteranceLatticeFaster():decoder-wrappers.cc:286) Log-like per frame for utterance atai_341 is 0.150377 over 1723 frames.
atai_342 хасха <unk> хуанхэ хх хуайхэ халаф кыргыздары бахр 
LOG (nnet3-latgen-faster[5.4.217~1-8ae5]:DecodeUtteranceLatticeFaster():decoder-wrappers.cc:286) Log-like per frame for utterance atai_342 is 0.13377 over 1939 frames.
atai_343 ата хасха карата халат ху анын хан болбой рухунда хантайка халха бирөөсү анын таш кайкыган анча пахта <unk> 
LOG (nnet3-latgen-faster[5.4.217~1-8ae5]:DecodeUtteranceLatticeFaster():decoder-wrappers.cc:286) Log-like per frame for utterance atai_343 is 0.141877 over 2679 frames.
atai_344 хасха хасан жахан 
LOG (nnet3-latgen-faster[5.4.217~1-8ae5]:DecodeUtteranceLatticeFaster():decoder-wrappers.cc:286) Log-like per frame for utterance atai_344 is 0.154015 over 1303 frames.
atai_345 хен турган байдын аялы <unk> 
LOG (nnet3-latgen-faster[5.4.217~1-8ae5]:DecodeUtteranceLatticeFaster():decoder-wrappers.cc:286) Log-like per frame for utterance atai_345 is 0.132023 over 781 frames.
atai_346 аллах 
LOG (nnet3-latgen-faster[5.4.217~1-8ae5]:DecodeUtteranceLatticeFaster():decoder-wrappers.cc:286) Log-like per frame for utterance atai_346 is 0.132725 over 338 frames.
atai_347 <unk> кылат хнх хан көңүл жайды технол сары чыгып хх 
LOG (nnet3-latgen-faster[5.4.217~1-8ae5]:DecodeUtteranceLatticeFaster():decoder-wrappers.cc:286) Log-like per frame for utterance atai_347 is 0.154185 over 1247 frames.
atai_349 менен ахси жаман хан бирок сахналаш катх жок соко хуанхэ <unk> кылат мах бала жакасы жалашып эхо хх хх 
LOG (nnet3-latgen-faster[5.4.217~1-8ae5]:DecodeUtteranceLatticeFaster():decoder-wrappers.cc:286) Log-like per frame for utterance atai_349 is 0.125913 over 2565 frames.
atai_35 же техас и кийин токтотуп дене боюнча х хай <unk> 
LOG (nnet3-latgen-faster[5.4.217~1-8ae5]:DecodeUtteranceLatticeFaster():decoder-wrappers.cc:286) Log-like per frame for utterance atai_35 is 0.135037 over 921 frames.
atai_351 сахна келип андхра туруп 
LOG (nnet3-latgen-faster[5.4.217~1-8ae5]:DecodeUtteranceLatticeFaster():decoder-wrappers.cc:286) Log-like per frame for utterance atai_351 is 0.15056 over 547 frames.
atai_353 ахи 
LOG (nnet3-latgen-faster[5.4.217~1-8ae5]:DecodeUtteranceLatticeFaster():decoder-wrappers.cc:286) Log-like per frame for utterance atai_353 is 0.132611 over 338 frames.
atai_354 соко ху 
LOG (nnet3-latgen-faster[5.4.217~1-8ae5]:DecodeUtteranceLatticeFaster():decoder-wrappers.cc:286) Log-like per frame for utterance atai_354 is 0.153121 over 240 frames.
atai_355 хатта хх этип алек ахи 
LOG (nnet3-latgen-faster[5.4.217~1-8ae5]:DecodeUtteranceLatticeFaster():decoder-wrappers.cc:286) Log-like per frame for utterance atai_355 is 0.120452 over 929 frames.
atai_357 жарым дүйнөсүнүн түндүк жакшы <unk> хайтахун келип хан саха 
LOG (nnet3-latgen-faster[5.4.217~1-8ae5]:DecodeUtteranceLatticeFaster():decoder-wrappers.cc:286) Log-like per frame for utterance atai_357 is 0.134794 over 1066 frames.
atai_359 хаты бир өгүз токтотуп ал анын хуанхэ болду 
LOG (nnet3-latgen-faster[5.4.217~1-8ae5]:DecodeUtteranceLatticeFaster():decoder-wrappers.cc:286) Log-like per frame for utterance atai_359 is 0.120559 over 831 frames.
atai_36 халк айдахо келди хан анхум ушул кышында катарында жок 
LOG (nnet3-latgen-faster[5.4.217~1-8ae5]:DecodeUtteranceLatticeFaster():decoder-wrappers.cc:286) Log-like per frame for utterance atai_36 is 0.153838 over 1389 frames.
atai_360 баласы сахел экен бетер айдахо өзбектердин карабах эми катарына кошуп калды хан болду <unk> кылынышынан тарых ал техника махабхарата 
LOG (nnet3-latgen-faster[5.4.217~1-8ae5]:DecodeUtteranceLatticeFaster():decoder-wrappers.cc:286) Log-like per frame for utterance atai_360 is 0.137302 over 2183 frames.
atai_361 схем жихэ тилегени <unk> барып хребет <unk> <unk> анын харта сынактары коюп эмес ха кендери эрмен озун <unk> тууганбай хан 
LOG (nnet3-latgen-faster[5.4.217~1-8ae5]:DecodeUtteranceLatticeFaster():decoder-wrappers.cc:286) Log-like per frame for utterance atai_361 is 0.116226 over 2183 frames.
atai_363 соко хнх хасха ашырып <unk> ахвалда 
LOG (nnet3-latgen-faster[5.4.217~1-8ae5]:DecodeUtteranceLatticeFaster():decoder-wrappers.cc:286) Log-like per frame for utterance atai_363 is 0.112322 over 642 frames.
LOG (apply-cmvn[5.4.217~1-8ae5]:main():apply-cmvn.cc:81) Copied 128 utterances.
atai_364 хх 
LOG (nnet3-latgen-faster[5.4.217~1-8ae5]:DecodeUtteranceLatticeFaster():decoder-wrappers.cc:286) Log-like per frame for utterance atai_364 is 0.121777 over 165 frames.
atai_365 х 
LOG (nnet3-latgen-faster[5.4.217~1-8ae5]:DecodeUtteranceLatticeFaster():decoder-wrappers.cc:286) Log-like per frame for utterance atai_365 is 0.143947 over 176 frames.
atai_366 хх кайсы <unk> элдин 
LOG (nnet3-latgen-faster[5.4.217~1-8ae5]:DecodeUtteranceLatticeFaster():decoder-wrappers.cc:286) Log-like per frame for utterance atai_366 is 0.116082 over 410 frames.
atai_367 сахих <unk> 
LOG (nnet3-latgen-faster[5.4.217~1-8ae5]:DecodeUtteranceLatticeFaster():decoder-wrappers.cc:286) Log-like per frame for utterance atai_367 is 0.11247 over 342 frames.
atai_368 ахеменилик сиңе хедер 
LOG (nnet3-latgen-faster[5.4.217~1-8ae5]:DecodeUtteranceLatticeFaster():decoder-wrappers.cc:286) Log-like per frame for utterance atai_368 is 0.135851 over 450 frames.
atai_369 тууганбай хайдан башка х 
LOG (nnet3-latgen-faster[5.4.217~1-8ae5]:DecodeUtteranceLatticeFaster():decoder-wrappers.cc:286) Log-like per frame for utterance atai_369 is 0.155236 over 425 frames.
atai_37 этих <unk> <unk> кени техника пахта бурулчаны <unk> х ахсан көзүндө кокос алган карап тарых х 
LOG (nnet3-latgen-faster[5.4.217~1-8ae5]:DecodeUtteranceLatticeFaster():decoder-wrappers.cc:286) Log-like per frame for utterance atai_37 is 0.149031 over 1805 frames.
atai_371 хх хентрих берди <unk> хэ 
LOG (nnet3-latgen-faster[5.4.217~1-8ae5]:DecodeUtteranceLatticeFaster():decoder-wrappers.cc:286) Log-like per frame for utterance atai_371 is 0.138182 over 775 frames.
atai_373 атахан жана <unk> кандай көз хх анда санда болушуна 
LOG (nnet3-latgen-faster[5.4.217~1-8ae5]:DecodeUtteranceLatticeFaster():decoder-wrappers.cc:286) Log-like per frame for utterance atai_373 is 0.135757 over 530 frames.
LOG (nnet3-latgen-faster[5.4.217~1-8ae5]:main():nnet3-latgen-faster.cc:255) Time taken 771.73s: real-time factor assuming 100 frames/sec is 0.71204
LOG (nnet3-latgen-faster[5.4.217~1-8ae5]:main():nnet3-latgen-faster.cc:258) Done 128 utterances, failed for 0
LOG (nnet3-latgen-faster[5.4.217~1-8ae5]:main():nnet3-latgen-faster.cc:260) Overall log-likelihood per frame is 0.136909 over 108383 frames.
LOG (nnet3-latgen-faster[5.4.217~1-8ae5]:~CachingOptimizingCompiler():nnet-optimize.cc:710) 5.35 seconds taken in nnet3 compilation total (breakdown: 3.95 compilation, 1 optimization, 0 shortcut expansion, 0.229 checking, 0.00013 computing indexes, 0.161 misc.) + 0 I/O.
# Accounting: time=772 threads=1
# Ended (code 0) at Fri Jul 27 03:38:26 UTC 2018, elapsed time 772 seconds
