# nnet3-latgen-faster --frames-per-chunk=50 --extra-left-context=0 --extra-right-context=0 --extra-left-context-initial=-1 --extra-right-context-final=-1 --minimize=false --max-active=600 --min-active=200 --beam=15.0 --lattice-beam=8.0 --acoustic-scale=0.1 --allow-partial=true --word-symbol-table=exp_atai-100A-org/triphones/graph/words.txt MTL/exp/nnet3/multitask/atai-100A-org/final_adj.mdl exp_atai-100A-org/triphones/graph/HCLG.fst "ark,s,cs:apply-cmvn --norm-means=false --norm-vars=false --utt2spk=ark:data_atai-100A-org/test/split4/1/utt2spk scp:data_atai-100A-org/test/split4/1/cmvn.scp scp:data_atai-100A-org/test/split4/1/feats.scp ark:- |" "ark:|gzip -c >MTL/exp/nnet3/multitask/decode/lat.1.gz" 
# Started at Tue Jul 24 11:19:48 UTC 2018
#
nnet3-latgen-faster --frames-per-chunk=50 --extra-left-context=0 --extra-right-context=0 --extra-left-context-initial=-1 --extra-right-context-final=-1 --minimize=false --max-active=600 --min-active=200 --beam=15.0 --lattice-beam=8.0 --acoustic-scale=0.1 --allow-partial=true --word-symbol-table=exp_atai-100A-org/triphones/graph/words.txt MTL/exp/nnet3/multitask/atai-100A-org/final_adj.mdl exp_atai-100A-org/triphones/graph/HCLG.fst 'ark,s,cs:apply-cmvn --norm-means=false --norm-vars=false --utt2spk=ark:data_atai-100A-org/test/split4/1/utt2spk scp:data_atai-100A-org/test/split4/1/cmvn.scp scp:data_atai-100A-org/test/split4/1/feats.scp ark:- |' 'ark:|gzip -c >MTL/exp/nnet3/multitask/decode/lat.1.gz' 
LOG (nnet3-latgen-faster[5.4.217~1-8ae5]:RemoveOrphanNodes():nnet-nnet.cc:948) Removed 0 orphan nodes.
LOG (nnet3-latgen-faster[5.4.217~1-8ae5]:RemoveOrphanComponents():nnet-nnet.cc:847) Removing 0 orphan components.
apply-cmvn --norm-means=false --norm-vars=false --utt2spk=ark:data_atai-100A-org/test/split4/1/utt2spk scp:data_atai-100A-org/test/split4/1/cmvn.scp scp:data_atai-100A-org/test/split4/1/feats.scp ark:- 
atai_01 саясаты бир турган <unk> <unk> 
LOG (nnet3-latgen-faster[5.4.217~1-8ae5]:DecodeUtteranceLatticeFaster():decoder-wrappers.cc:286) Log-like per frame for utterance atai_01 is 0.132695 over 502 frames.
atai_03 менен оорулардын ажамети бадыкөлдүн алып ичинде салыштырмалуу академиясында аткомунда байбатыров башкармасынын тарбиялоо байжигитти айтканда 
LOG (nnet3-latgen-faster[5.4.217~1-8ae5]:RebuildRepository():determinize-lattice-pruned.cc:283) Rebuilding repository.
LOG (nnet3-latgen-faster[5.4.217~1-8ae5]:RebuildRepository():determinize-lattice-pruned.cc:283) Rebuilding repository.
LOG (nnet3-latgen-faster[5.4.217~1-8ae5]:RebuildRepository():determinize-lattice-pruned.cc:283) Rebuilding repository.
WARNING (nnet3-latgen-faster[5.4.217~1-8ae5]:CheckMemoryUsage():determinize-lattice-pruned.cc:316) Did not reach requested beam in determinize-lattice: size exceeds maximum 50000000 bytes; (repo,arcs,elems) = (34254464,433152,15329040), after rebuilding, repo size was 25352256, effective beam was 7.68506 vs. requested beam 8
LOG (nnet3-latgen-faster[5.4.217~1-8ae5]:RebuildRepository():determinize-lattice-pruned.cc:283) Rebuilding repository.
WARNING (nnet3-latgen-faster[5.4.217~1-8ae5]:DecodeUtteranceLatticeFaster():decoder-wrappers.cc:274) Determinization finished earlier than the beam for utterance atai_03
LOG (nnet3-latgen-faster[5.4.217~1-8ae5]:DecodeUtteranceLatticeFaster():decoder-wrappers.cc:286) Log-like per frame for utterance atai_03 is 0.110294 over 2302 frames.
atai_05 билгизет адамдарына турмуштун калган бир чыгармачыл <unk> сорпосуна 
LOG (nnet3-latgen-faster[5.4.217~1-8ae5]:RebuildRepository():determinize-lattice-pruned.cc:283) Rebuilding repository.
LOG (nnet3-latgen-faster[5.4.217~1-8ae5]:DecodeUtteranceLatticeFaster():decoder-wrappers.cc:286) Log-like per frame for utterance atai_05 is 0.111471 over 980 frames.
atai_06 жэээни максатында биринчи куш <unk> жаза тээп <unk> конкурент <unk> чет 
LOG (nnet3-latgen-faster[5.4.217~1-8ae5]:RebuildRepository():determinize-lattice-pruned.cc:283) Rebuilding repository.
LOG (nnet3-latgen-faster[5.4.217~1-8ae5]:RebuildRepository():determinize-lattice-pruned.cc:283) Rebuilding repository.
LOG (nnet3-latgen-faster[5.4.217~1-8ae5]:RebuildRepository():determinize-lattice-pruned.cc:283) Rebuilding repository.
LOG (nnet3-latgen-faster[5.4.217~1-8ae5]:RebuildRepository():determinize-lattice-pruned.cc:283) Rebuilding repository.
LOG (nnet3-latgen-faster[5.4.217~1-8ae5]:DecodeUtteranceLatticeFaster():decoder-wrappers.cc:286) Log-like per frame for utterance atai_06 is 0.112449 over 1164 frames.
atai_07 колунан автомобиль жана начарлап бирден кароодон кабыл 
LOG (nnet3-latgen-faster[5.4.217~1-8ae5]:DecodeUtteranceLatticeFaster():decoder-wrappers.cc:286) Log-like per frame for utterance atai_07 is 0.0976169 over 846 frames.
atai_09 буту кызмат суу 
LOG (nnet3-latgen-faster[5.4.217~1-8ae5]:DecodeUtteranceLatticeFaster():decoder-wrappers.cc:286) Log-like per frame for utterance atai_09 is 0.127095 over 415 frames.
atai_101 анткени 
LOG (nnet3-latgen-faster[5.4.217~1-8ae5]:DecodeUtteranceLatticeFaster():decoder-wrappers.cc:286) Log-like per frame for utterance atai_101 is 0.109485 over 221 frames.
atai_102 алынат жана бөлүгүнөн <unk> миң камсыздоо кийин бардык өнөр анын <unk> 
LOG (nnet3-latgen-faster[5.4.217~1-8ae5]:RebuildRepository():determinize-lattice-pruned.cc:283) Rebuilding repository.
LOG (nnet3-latgen-faster[5.4.217~1-8ae5]:DecodeUtteranceLatticeFaster():decoder-wrappers.cc:286) Log-like per frame for utterance atai_102 is 0.10548 over 1044 frames.
atai_103 алардын кайра өнөр <unk> <unk> 
LOG (nnet3-latgen-faster[5.4.217~1-8ae5]:RebuildRepository():determinize-lattice-pruned.cc:283) Rebuilding repository.
LOG (nnet3-latgen-faster[5.4.217~1-8ae5]:DecodeUtteranceLatticeFaster():decoder-wrappers.cc:286) Log-like per frame for utterance atai_103 is 0.115836 over 481 frames.
atai_105 ачууланган боюнча деп <unk> чыккан кыргыз <unk> эле <unk> бөлүнүп басмасында тарабынан <unk> мактанба көрсөтүү 
LOG (nnet3-latgen-faster[5.4.217~1-8ae5]:RebuildRepository():determinize-lattice-pruned.cc:283) Rebuilding repository.
LOG (nnet3-latgen-faster[5.4.217~1-8ae5]:RebuildRepository():determinize-lattice-pruned.cc:283) Rebuilding repository.
LOG (nnet3-latgen-faster[5.4.217~1-8ae5]:RebuildRepository():determinize-lattice-pruned.cc:283) Rebuilding repository.
WARNING (nnet3-latgen-faster[5.4.217~1-8ae5]:CheckMemoryUsage():determinize-lattice-pruned.cc:316) Did not reach requested beam in determinize-lattice: size exceeds maximum 50000000 bytes; (repo,arcs,elems) = (33770144,419808,15891048), after rebuilding, repo size was 24511040, effective beam was 7.44096 vs. requested beam 8
LOG (nnet3-latgen-faster[5.4.217~1-8ae5]:RebuildRepository():determinize-lattice-pruned.cc:283) Rebuilding repository.
LOG (nnet3-latgen-faster[5.4.217~1-8ae5]:RebuildRepository():determinize-lattice-pruned.cc:283) Rebuilding repository.
LOG (nnet3-latgen-faster[5.4.217~1-8ae5]:RebuildRepository():determinize-lattice-pruned.cc:283) Rebuilding repository.
WARNING (nnet3-latgen-faster[5.4.217~1-8ae5]:DecodeUtteranceLatticeFaster():decoder-wrappers.cc:274) Determinization finished earlier than the beam for utterance atai_105
LOG (nnet3-latgen-faster[5.4.217~1-8ae5]:DecodeUtteranceLatticeFaster():decoder-wrappers.cc:286) Log-like per frame for utterance atai_105 is 0.0954809 over 1428 frames.
atai_107 <unk> райондук анын кудаяр 
LOG (nnet3-latgen-faster[5.4.217~1-8ae5]:DecodeUtteranceLatticeFaster():decoder-wrappers.cc:286) Log-like per frame for utterance atai_107 is 0.0903204 over 410 frames.
atai_108 берүү пайда соода жаңылыштыктарыбыздын сооданын <unk> пайда 
LOG (nnet3-latgen-faster[5.4.217~1-8ae5]:DecodeUtteranceLatticeFaster():decoder-wrappers.cc:286) Log-like per frame for utterance atai_108 is 0.0970126 over 709 frames.
atai_109 болгон иштерди ээликтерине башка <unk> алуу <unk> бузуулар компания түндүк 
LOG (nnet3-latgen-faster[5.4.217~1-8ae5]:RebuildRepository():determinize-lattice-pruned.cc:283) Rebuilding repository.
LOG (nnet3-latgen-faster[5.4.217~1-8ae5]:RebuildRepository():determinize-lattice-pruned.cc:283) Rebuilding repository.
LOG (nnet3-latgen-faster[5.4.217~1-8ae5]:RebuildRepository():determinize-lattice-pruned.cc:283) Rebuilding repository.
WARNING (nnet3-latgen-faster[5.4.217~1-8ae5]:CheckMemoryUsage():determinize-lattice-pruned.cc:316) Did not reach requested beam in determinize-lattice: size exceeds maximum 50000000 bytes; (repo,arcs,elems) = (33918048,297664,15790152), after rebuilding, repo size was 26085888, effective beam was 6.58522 vs. requested beam 8
WARNING (nnet3-latgen-faster[5.4.217~1-8ae5]:DecodeUtteranceLatticeFaster():decoder-wrappers.cc:274) Determinization finished earlier than the beam for utterance atai_109
LOG (nnet3-latgen-faster[5.4.217~1-8ae5]:DecodeUtteranceLatticeFaster():decoder-wrappers.cc:286) Log-like per frame for utterance atai_109 is 0.103491 over 1116 frames.
atai_11 <unk> болуштуктардан параграфтардын корутундусу аты чийки сунуш майдалагычтын баяндалганда тамактандырып <unk> натыйжасында 
LOG (nnet3-latgen-faster[5.4.217~1-8ae5]:DecodeUtteranceLatticeFaster():decoder-wrappers.cc:286) Log-like per frame for utterance atai_11 is 0.105508 over 1772 frames.
atai_110 бузулган кийүүгө манжур жайылтуу бузуучунун 
LOG (nnet3-latgen-faster[5.4.217~1-8ae5]:DecodeUtteranceLatticeFaster():decoder-wrappers.cc:286) Log-like per frame for utterance atai_110 is 0.112234 over 941 frames.
atai_111 армения аны жумшалат согуштук 
LOG (nnet3-latgen-faster[5.4.217~1-8ae5]:DecodeUtteranceLatticeFaster():decoder-wrappers.cc:286) Log-like per frame for utterance atai_111 is 0.132173 over 576 frames.
atai_112 бюджеттен аныкталбай 
LOG (nnet3-latgen-faster[5.4.217~1-8ae5]:DecodeUtteranceLatticeFaster():decoder-wrappers.cc:286) Log-like per frame for utterance atai_112 is 0.125816 over 478 frames.
atai_113 бирок менен кызмат жана эки кушбеги 
LOG (nnet3-latgen-faster[5.4.217~1-8ae5]:DecodeUtteranceLatticeFaster():decoder-wrappers.cc:286) Log-like per frame for utterance atai_113 is 0.122102 over 797 frames.
atai_115 түрүнүн атасынын органдарынын түштүк инсандын эстеликтери башка 
