# gmm-align-compiled --transition-scale=1.0 --acoustic-scale=0.1 --self-loop-scale=0.1 --beam=6 --retry-beam=24 --careful=false "gmm-boost-silence --boost=1.0 1 exp_atai-100F-org/monophones/5.mdl - |" "ark:gunzip -c exp_atai-100F-org/monophones/fsts.3.gz|" "ark,s,cs:apply-cmvn --norm-vars=true  --utt2spk=ark:data_atai-100F-org/train/split4/3/utt2spk scp:data_atai-100F-org/train/split4/3/cmvn.scp scp:data_atai-100F-org/train/split4/3/feats.scp ark:- | add-deltas ark:- ark:- |" "ark,t:|gzip -c >exp_atai-100F-org/monophones/ali.3.gz" 
# Started at Tue Jul 24 17:09:08 UTC 2018
#
gmm-align-compiled --transition-scale=1.0 --acoustic-scale=0.1 --self-loop-scale=0.1 --beam=6 --retry-beam=24 --careful=false 'gmm-boost-silence --boost=1.0 1 exp_atai-100F-org/monophones/5.mdl - |' 'ark:gunzip -c exp_atai-100F-org/monophones/fsts.3.gz|' 'ark,s,cs:apply-cmvn --norm-vars=true  --utt2spk=ark:data_atai-100F-org/train/split4/3/utt2spk scp:data_atai-100F-org/train/split4/3/cmvn.scp scp:data_atai-100F-org/train/split4/3/feats.scp ark:- | add-deltas ark:- ark:- |' 'ark,t:|gzip -c >exp_atai-100F-org/monophones/ali.3.gz' 
gmm-boost-silence --boost=1.0 1 exp_atai-100F-org/monophones/5.mdl - 
LOG (gmm-boost-silence[5.4.217~1-8ae5]:main():gmm-boost-silence.cc:93) Boosted weights for 5 pdfs, by factor of 1
LOG (gmm-boost-silence[5.4.217~1-8ae5]:main():gmm-boost-silence.cc:103) Wrote model to -
add-deltas ark:- ark:- 
apply-cmvn --norm-vars=true --utt2spk=ark:data_atai-100F-org/train/split4/3/utt2spk scp:data_atai-100F-org/train/split4/3/cmvn.scp scp:data_atai-100F-org/train/split4/3/feats.scp ark:- 
LOG (gmm-align-compiled[5.4.217~1-8ae5]:main():gmm-align-compiled.cc:127) atai-100F-org_atai_400
LOG (gmm-align-compiled[5.4.217~1-8ae5]:main():gmm-align-compiled.cc:127) atai-100F-org_atai_401
LOG (gmm-align-compiled[5.4.217~1-8ae5]:main():gmm-align-compiled.cc:127) atai-100F-org_atai_409
LOG (gmm-align-compiled[5.4.217~1-8ae5]:main():gmm-align-compiled.cc:127) atai-100F-org_atai_41
LOG (gmm-align-compiled[5.4.217~1-8ae5]:main():gmm-align-compiled.cc:127) atai-100F-org_atai_412
LOG (gmm-align-compiled[5.4.217~1-8ae5]:main():gmm-align-compiled.cc:127) atai-100F-org_atai_414
LOG (gmm-align-compiled[5.4.217~1-8ae5]:main():gmm-align-compiled.cc:127) atai-100F-org_atai_419
LOG (gmm-align-compiled[5.4.217~1-8ae5]:main():gmm-align-compiled.cc:127) atai-100F-org_atai_421
LOG (gmm-align-compiled[5.4.217~1-8ae5]:main():gmm-align-compiled.cc:127) atai-100F-org_atai_433
LOG (gmm-align-compiled[5.4.217~1-8ae5]:main():gmm-align-compiled.cc:127) atai-100F-org_atai_441
LOG (gmm-align-compiled[5.4.217~1-8ae5]:main():gmm-align-compiled.cc:127) atai-100F-org_atai_446
LOG (gmm-align-compiled[5.4.217~1-8ae5]:main():gmm-align-compiled.cc:127) atai-100F-org_atai_448
LOG (gmm-align-compiled[5.4.217~1-8ae5]:main():gmm-align-compiled.cc:127) atai-100F-org_atai_456
LOG (gmm-align-compiled[5.4.217~1-8ae5]:main():gmm-align-compiled.cc:127) atai-100F-org_atai_480
LOG (gmm-align-compiled[5.4.217~1-8ae5]:main():gmm-align-compiled.cc:127) atai-100F-org_atai_482
LOG (gmm-align-compiled[5.4.217~1-8ae5]:main():gmm-align-compiled.cc:127) atai-100F-org_atai_487
WARNING (gmm-align-compiled[5.4.217~1-8ae5]:AlignUtteranceWrapper():decoder-wrappers.cc:466) Retrying utterance atai-100F-org_atai_487 with beam 24
LOG (gmm-align-compiled[5.4.217~1-8ae5]:main():gmm-align-compiled.cc:127) atai-100F-org_atai_49
LOG (gmm-align-compiled[5.4.217~1-8ae5]:main():gmm-align-compiled.cc:127) atai-100F-org_atai_497
LOG (gmm-align-compiled[5.4.217~1-8ae5]:main():gmm-align-compiled.cc:127) atai-100F-org_atai_498
WARNING (gmm-align-compiled[5.4.217~1-8ae5]:AlignUtteranceWrapper():decoder-wrappers.cc:466) Retrying utterance atai-100F-org_atai_498 with beam 24
LOG (gmm-align-compiled[5.4.217~1-8ae5]:main():gmm-align-compiled.cc:127) atai-100F-org_atai_500
LOG (gmm-align-compiled[5.4.217~1-8ae5]:main():gmm-align-compiled.cc:127) atai-100F-org_atai_51
LOG (gmm-align-compiled[5.4.217~1-8ae5]:main():gmm-align-compiled.cc:127) atai-100F-org_atai_517
LOG (apply-cmvn[5.4.217~1-8ae5]:main():apply-cmvn.cc:159) Applied cepstral mean and variance normalization to 25 utterances, errors on 0
LOG (gmm-align-compiled[5.4.217~1-8ae5]:main():gmm-align-compiled.cc:127) atai-100F-org_atai_518
LOG (gmm-align-compiled[5.4.217~1-8ae5]:main():gmm-align-compiled.cc:127) atai-100F-org_atai_519
LOG (gmm-align-compiled[5.4.217~1-8ae5]:main():gmm-align-compiled.cc:127) atai-100F-org_atai_521
LOG (gmm-align-compiled[5.4.217~1-8ae5]:main():gmm-align-compiled.cc:135) Overall log-likelihood per frame is -3.34309 over 22205 frames.
LOG (gmm-align-compiled[5.4.217~1-8ae5]:main():gmm-align-compiled.cc:137) Retried 2 out of 25 utterances.
LOG (gmm-align-compiled[5.4.217~1-8ae5]:main():gmm-align-compiled.cc:139) Done 25, errors on 0
# Accounting: time=1 threads=1
# Ended (code 0) at Tue Jul 24 17:09:09 UTC 2018, elapsed time 1 seconds
