# compile-train-graphs exp_atai-100A-mod/triphones_aligned/tree exp_atai-100A-mod/triphones_aligned/final.mdl data_atai-100A-mod/lang/L.fst "ark:utils/sym2int.pl --map-oov 2 -f 2- data_atai-100A-mod/lang/words.txt data_atai-100A-mod/train/split32/17/text|" ark:- | gmm-align-compiled --transition-scale=1.0 --acoustic-scale=0.1 --self-loop-scale=0.1 --beam=10 --retry-beam=40 --careful=false "gmm-boost-silence --boost=1.25 1 exp_atai-100A-mod/triphones_aligned/final.mdl - |" ark:- "ark,s,cs:apply-cmvn  --utt2spk=ark:data_atai-100A-mod/train/split32/17/utt2spk scp:data_atai-100A-mod/train/split32/17/cmvn.scp scp:data_atai-100A-mod/train/split32/17/feats.scp ark:- | add-deltas  ark:- ark:- |" "ark,t:|gzip -c >exp_atai-100A-mod/triphones_aligned/ali.17.gz" 
# Started at Thu Aug  2 13:27:48 UTC 2018
#
gmm-align-compiled --transition-scale=1.0 --acoustic-scale=0.1 --self-loop-scale=0.1 --beam=10 --retry-beam=40 --careful=false 'gmm-boost-silence --boost=1.25 1 exp_atai-100A-mod/triphones_aligned/final.mdl - |' ark:- 'ark,s,cs:apply-cmvn  --utt2spk=ark:data_atai-100A-mod/train/split32/17/utt2spk scp:data_atai-100A-mod/train/split32/17/cmvn.scp scp:data_atai-100A-mod/train/split32/17/feats.scp ark:- | add-deltas  ark:- ark:- |' 'ark,t:|gzip -c >exp_atai-100A-mod/triphones_aligned/ali.17.gz' 
compile-train-graphs exp_atai-100A-mod/triphones_aligned/tree exp_atai-100A-mod/triphones_aligned/final.mdl data_atai-100A-mod/lang/L.fst 'ark:utils/sym2int.pl --map-oov 2 -f 2- data_atai-100A-mod/lang/words.txt data_atai-100A-mod/train/split32/17/text|' ark:- 
gmm-boost-silence --boost=1.25 1 exp_atai-100A-mod/triphones_aligned/final.mdl - 
LOG (gmm-boost-silence[5.4.224~1-d4d9]:main():gmm-boost-silence.cc:93) Boosted weights for 5 pdfs, by factor of 1.25
LOG (gmm-boost-silence[5.4.224~1-d4d9]:main():gmm-boost-silence.cc:103) Wrote model to -
sym2int.pl: replacing аккыз with 2
sym2int.pl: replacing жашыган with 2
sym2int.pl: replacing өңдөнөт with 2
sym2int.pl: replacing уклай with 2
sym2int.pl: replacing шашылбай with 2
sym2int.pl: replacing толгоду with 2
sym2int.pl: replacing ойлонбосо with 2
sym2int.pl: replacing отурушту with 2
sym2int.pl: replacing абдыракманды with 2
sym2int.pl: replacing ичтеринен with 2
sym2int.pl: replacing кайгырышты with 2
sym2int.pl: replacing султаналынын with 2
sym2int.pl: replacing таштады with 2
sym2int.pl: replacing кээр with 2
sym2int.pl: replacing ашыктыктын with 2
sym2int.pl: replacing күйүпжанып with 2
sym2int.pl: replacing балаага with 2
sym2int.pl: replacing малынбайт with 2
sym2int.pl: replacing эмнесине with 2
sym2int.pl: replacing жайрады with 2
sym2int.pl: not warning for OOVs any more times
** Replaced 47 instances of OOVs with 2
apply-cmvn --utt2spk=ark:data_atai-100A-mod/train/split32/17/utt2spk scp:data_atai-100A-mod/train/split32/17/cmvn.scp scp:data_atai-100A-mod/train/split32/17/feats.scp ark:- 
add-deltas ark:- ark:- 
LOG (gmm-align-compiled[5.4.224~1-d4d9]:main():gmm-align-compiled.cc:127) atai-100A-mod_atai_374
LOG (gmm-align-compiled[5.4.224~1-d4d9]:main():gmm-align-compiled.cc:127) atai-100A-mod_atai_376
LOG (gmm-align-compiled[5.4.224~1-d4d9]:main():gmm-align-compiled.cc:127) atai-100A-mod_atai_377
LOG (gmm-align-compiled[5.4.224~1-d4d9]:main():gmm-align-compiled.cc:127) atai-100A-mod_atai_378
LOG (gmm-align-compiled[5.4.224~1-d4d9]:main():gmm-align-compiled.cc:127) atai-100A-mod_atai_379
LOG (gmm-align-compiled[5.4.224~1-d4d9]:main():gmm-align-compiled.cc:127) atai-100A-mod_atai_38
LOG (gmm-align-compiled[5.4.224~1-d4d9]:main():gmm-align-compiled.cc:127) atai-100A-mod_atai_380
LOG (gmm-align-compiled[5.4.224~1-d4d9]:main():gmm-align-compiled.cc:127) atai-100A-mod_atai_381
LOG (gmm-align-compiled[5.4.224~1-d4d9]:main():gmm-align-compiled.cc:127) atai-100A-mod_atai_382
LOG (gmm-align-compiled[5.4.224~1-d4d9]:main():gmm-align-compiled.cc:127) atai-100A-mod_atai_383
LOG (gmm-align-compiled[5.4.224~1-d4d9]:main():gmm-align-compiled.cc:127) atai-100A-mod_atai_384
LOG (gmm-align-compiled[5.4.224~1-d4d9]:main():gmm-align-compiled.cc:127) atai-100A-mod_atai_385
LOG (gmm-align-compiled[5.4.224~1-d4d9]:main():gmm-align-compiled.cc:127) atai-100A-mod_atai_386
LOG (apply-cmvn[5.4.224~1-d4d9]:main():apply-cmvn.cc:162) Applied cepstral mean normalization to 16 utterances, errors on 0
LOG (gmm-align-compiled[5.4.224~1-d4d9]:main():gmm-align-compiled.cc:127) atai-100A-mod_atai_387
LOG (gmm-align-compiled[5.4.224~1-d4d9]:main():gmm-align-compiled.cc:127) atai-100A-mod_atai_389
LOG (compile-train-graphs[5.4.224~1-d4d9]:main():compile-train-graphs.cc:147) compile-train-graphs: succeeded for 16 graphs, failed for 0
LOG (gmm-align-compiled[5.4.224~1-d4d9]:main():gmm-align-compiled.cc:127) atai-100A-mod_atai_39
LOG (gmm-align-compiled[5.4.224~1-d4d9]:main():gmm-align-compiled.cc:135) Overall log-likelihood per frame is 16.893 over 13157 frames.
LOG (gmm-align-compiled[5.4.224~1-d4d9]:main():gmm-align-compiled.cc:137) Retried 0 out of 16 utterances.
LOG (gmm-align-compiled[5.4.224~1-d4d9]:main():gmm-align-compiled.cc:139) Done 16, errors on 0
# Accounting: time=5 threads=1
# Ended (code 0) at Thu Aug  2 13:27:53 UTC 2018, elapsed time 5 seconds
