# compile-train-graphs exp_atai-100A-mod/triphones_aligned/tree exp_atai-100A-mod/triphones_aligned/final.mdl data_atai-100A-mod/lang/L.fst "ark:utils/sym2int.pl --map-oov 2 -f 2- data_atai-100A-mod/lang/words.txt data_atai-100A-mod/train/split32/9/text|" ark:- | gmm-align-compiled --transition-scale=1.0 --acoustic-scale=0.1 --self-loop-scale=0.1 --beam=10 --retry-beam=40 --careful=false "gmm-boost-silence --boost=1.25 1 exp_atai-100A-mod/triphones_aligned/final.mdl - |" ark:- "ark,s,cs:apply-cmvn  --utt2spk=ark:data_atai-100A-mod/train/split32/9/utt2spk scp:data_atai-100A-mod/train/split32/9/cmvn.scp scp:data_atai-100A-mod/train/split32/9/feats.scp ark:- | add-deltas  ark:- ark:- |" "ark,t:|gzip -c >exp_atai-100A-mod/triphones_aligned/ali.9.gz" 
# Started at Thu Aug  2 13:27:48 UTC 2018
#
compile-train-graphs exp_atai-100A-mod/triphones_aligned/tree exp_atai-100A-mod/triphones_aligned/final.mdl data_atai-100A-mod/lang/L.fst 'ark:utils/sym2int.pl --map-oov 2 -f 2- data_atai-100A-mod/lang/words.txt data_atai-100A-mod/train/split32/9/text|' ark:- 
gmm-align-compiled --transition-scale=1.0 --acoustic-scale=0.1 --self-loop-scale=0.1 --beam=10 --retry-beam=40 --careful=false 'gmm-boost-silence --boost=1.25 1 exp_atai-100A-mod/triphones_aligned/final.mdl - |' ark:- 'ark,s,cs:apply-cmvn  --utt2spk=ark:data_atai-100A-mod/train/split32/9/utt2spk scp:data_atai-100A-mod/train/split32/9/cmvn.scp scp:data_atai-100A-mod/train/split32/9/feats.scp ark:- | add-deltas  ark:- ark:- |' 'ark,t:|gzip -c >exp_atai-100A-mod/triphones_aligned/ali.9.gz' 
gmm-boost-silence --boost=1.25 1 exp_atai-100A-mod/triphones_aligned/final.mdl - 
LOG (gmm-boost-silence[5.4.224~1-d4d9]:main():gmm-boost-silence.cc:93) Boosted weights for 5 pdfs, by factor of 1.25
LOG (gmm-boost-silence[5.4.224~1-d4d9]:main():gmm-boost-silence.cc:103) Wrote model to -
sym2int.pl: replacing көнбөдү with 2
sym2int.pl: replacing титирейт with 2
sym2int.pl: replacing эпке with 2
sym2int.pl: replacing жасалгансып with 2
sym2int.pl: replacing шалкылдайт with 2
sym2int.pl: replacing төшөгүнүн with 2
sym2int.pl: replacing отурду with 2
sym2int.pl: replacing төшөгүнө with 2
sym2int.pl: replacing жыгылды with 2
sym2int.pl: replacing чертпейсиңби with 2
sym2int.pl: replacing дыңгыратып with 2
sym2int.pl: replacing толгой with 2
sym2int.pl: replacing шилтенгенин with 2
sym2int.pl: replacing керкейген with 2
sym2int.pl: replacing серке with 2
sym2int.pl: replacing сеңселтип with 2
sym2int.pl: replacing тикирейтип with 2
sym2int.pl: replacing атырылган with 2
sym2int.pl: replacing шыкала with 2
sym2int.pl: replacing серке with 2
sym2int.pl: not warning for OOVs any more times
** Replaced 43 instances of OOVs with 2
add-deltas ark:- ark:- 
apply-cmvn --utt2spk=ark:data_atai-100A-mod/train/split32/9/utt2spk scp:data_atai-100A-mod/train/split32/9/cmvn.scp scp:data_atai-100A-mod/train/split32/9/feats.scp ark:- 
LOG (gmm-align-compiled[5.4.224~1-d4d9]:main():gmm-align-compiled.cc:127) atai-100A-mod_atai_226
LOG (gmm-align-compiled[5.4.224~1-d4d9]:main():gmm-align-compiled.cc:127) atai-100A-mod_atai_227
LOG (gmm-align-compiled[5.4.224~1-d4d9]:main():gmm-align-compiled.cc:127) atai-100A-mod_atai_229
LOG (gmm-align-compiled[5.4.224~1-d4d9]:main():gmm-align-compiled.cc:127) atai-100A-mod_atai_231
LOG (gmm-align-compiled[5.4.224~1-d4d9]:main():gmm-align-compiled.cc:127) atai-100A-mod_atai_232
LOG (gmm-align-compiled[5.4.224~1-d4d9]:main():gmm-align-compiled.cc:127) atai-100A-mod_atai_233
LOG (gmm-align-compiled[5.4.224~1-d4d9]:main():gmm-align-compiled.cc:127) atai-100A-mod_atai_234
LOG (gmm-align-compiled[5.4.224~1-d4d9]:main():gmm-align-compiled.cc:127) atai-100A-mod_atai_235
LOG (gmm-align-compiled[5.4.224~1-d4d9]:main():gmm-align-compiled.cc:127) atai-100A-mod_atai_236
LOG (gmm-align-compiled[5.4.224~1-d4d9]:main():gmm-align-compiled.cc:127) atai-100A-mod_atai_237
LOG (gmm-align-compiled[5.4.224~1-d4d9]:main():gmm-align-compiled.cc:127) atai-100A-mod_atai_238
LOG (compile-train-graphs[5.4.224~1-d4d9]:main():compile-train-graphs.cc:147) compile-train-graphs: succeeded for 16 graphs, failed for 0
LOG (apply-cmvn[5.4.224~1-d4d9]:main():apply-cmvn.cc:162) Applied cepstral mean normalization to 16 utterances, errors on 0
LOG (gmm-align-compiled[5.4.224~1-d4d9]:main():gmm-align-compiled.cc:127) atai-100A-mod_atai_239
LOG (gmm-align-compiled[5.4.224~1-d4d9]:main():gmm-align-compiled.cc:127) atai-100A-mod_atai_24
LOG (gmm-align-compiled[5.4.224~1-d4d9]:main():gmm-align-compiled.cc:127) atai-100A-mod_atai_240
LOG (gmm-align-compiled[5.4.224~1-d4d9]:main():gmm-align-compiled.cc:127) atai-100A-mod_atai_241
LOG (gmm-align-compiled[5.4.224~1-d4d9]:main():gmm-align-compiled.cc:127) atai-100A-mod_atai_242
LOG (gmm-align-compiled[5.4.224~1-d4d9]:main():gmm-align-compiled.cc:135) Overall log-likelihood per frame is 16.5753 over 9636 frames.
LOG (gmm-align-compiled[5.4.224~1-d4d9]:main():gmm-align-compiled.cc:137) Retried 0 out of 16 utterances.
LOG (gmm-align-compiled[5.4.224~1-d4d9]:main():gmm-align-compiled.cc:139) Done 16, errors on 0
# Accounting: time=4 threads=1
# Ended (code 0) at Thu Aug  2 13:27:52 UTC 2018, elapsed time 4 seconds
