# compile-train-graphs exp_atai-100A-mod/triphones_aligned/tree exp_atai-100A-mod/triphones_aligned/final.mdl data_atai-100A-mod/lang/L.fst "ark:utils/sym2int.pl --map-oov 2 -f 2- data_atai-100A-mod/lang/words.txt data_atai-100A-mod/train/split32/18/text|" ark:- | gmm-align-compiled --transition-scale=1.0 --acoustic-scale=0.1 --self-loop-scale=0.1 --beam=10 --retry-beam=40 --careful=false "gmm-boost-silence --boost=1.25 1 exp_atai-100A-mod/triphones_aligned/final.mdl - |" ark:- "ark,s,cs:apply-cmvn  --utt2spk=ark:data_atai-100A-mod/train/split32/18/utt2spk scp:data_atai-100A-mod/train/split32/18/cmvn.scp scp:data_atai-100A-mod/train/split32/18/feats.scp ark:- | add-deltas  ark:- ark:- |" "ark,t:|gzip -c >exp_atai-100A-mod/triphones_aligned/ali.18.gz" 
# Started at Thu Aug  2 13:27:48 UTC 2018
#
gmm-align-compiled --transition-scale=1.0 --acoustic-scale=0.1 --self-loop-scale=0.1 --beam=10 --retry-beam=40 --careful=false 'gmm-boost-silence --boost=1.25 1 exp_atai-100A-mod/triphones_aligned/final.mdl - |' ark:- 'ark,s,cs:apply-cmvn  --utt2spk=ark:data_atai-100A-mod/train/split32/18/utt2spk scp:data_atai-100A-mod/train/split32/18/cmvn.scp scp:data_atai-100A-mod/train/split32/18/feats.scp ark:- | add-deltas  ark:- ark:- |' 'ark,t:|gzip -c >exp_atai-100A-mod/triphones_aligned/ali.18.gz' 
compile-train-graphs exp_atai-100A-mod/triphones_aligned/tree exp_atai-100A-mod/triphones_aligned/final.mdl data_atai-100A-mod/lang/L.fst 'ark:utils/sym2int.pl --map-oov 2 -f 2- data_atai-100A-mod/lang/words.txt data_atai-100A-mod/train/split32/18/text|' ark:- 
gmm-boost-silence --boost=1.25 1 exp_atai-100A-mod/triphones_aligned/final.mdl - 
LOG (gmm-boost-silence[5.4.224~1-d4d9]:main():gmm-boost-silence.cc:93) Boosted weights for 5 pdfs, by factor of 1.25
LOG (gmm-boost-silence[5.4.224~1-d4d9]:main():gmm-boost-silence.cc:103) Wrote model to -
sym2int.pl: replacing секиниң with 2
sym2int.pl: replacing саргайган with 2
sym2int.pl: replacing аңыздын with 2
sym2int.pl: replacing бакалдары with 2
sym2int.pl: replacing аралаганда with 2
sym2int.pl: replacing шуудурап with 2
sym2int.pl: replacing бакалдан with 2
sym2int.pl: replacing тебеленип with 2
sym2int.pl: replacing такырайган with 2
sym2int.pl: replacing жабалактатып with 2
sym2int.pl: replacing созо with 2
sym2int.pl: replacing шыраалжындар with 2
sym2int.pl: replacing шыбактар with 2
sym2int.pl: replacing желге with 2
sym2int.pl: replacing ыргалышып with 2
sym2int.pl: replacing жыпардай with 2
sym2int.pl: replacing буруксутушат with 2
sym2int.pl: replacing салпактаган with 2
sym2int.pl: replacing кулалылар with 2
sym2int.pl: replacing болушкансып with 2
sym2int.pl: not warning for OOVs any more times
** Replaced 82 instances of OOVs with 2
add-deltas ark:- ark:- 
apply-cmvn --utt2spk=ark:data_atai-100A-mod/train/split32/18/utt2spk scp:data_atai-100A-mod/train/split32/18/cmvn.scp scp:data_atai-100A-mod/train/split32/18/feats.scp ark:- 
LOG (gmm-align-compiled[5.4.224~1-d4d9]:main():gmm-align-compiled.cc:127) atai-100A-mod_atai_390
LOG (gmm-align-compiled[5.4.224~1-d4d9]:main():gmm-align-compiled.cc:127) atai-100A-mod_atai_391
LOG (gmm-align-compiled[5.4.224~1-d4d9]:main():gmm-align-compiled.cc:127) atai-100A-mod_atai_393
LOG (gmm-align-compiled[5.4.224~1-d4d9]:main():gmm-align-compiled.cc:127) atai-100A-mod_atai_394
LOG (gmm-align-compiled[5.4.224~1-d4d9]:main():gmm-align-compiled.cc:127) atai-100A-mod_atai_395
LOG (gmm-align-compiled[5.4.224~1-d4d9]:main():gmm-align-compiled.cc:127) atai-100A-mod_atai_396
WARNING (gmm-align-compiled[5.4.224~1-d4d9]:AlignUtteranceWrapper():decoder-wrappers.cc:466) Retrying utterance atai-100A-mod_atai_396 with beam 40
LOG (gmm-align-compiled[5.4.224~1-d4d9]:main():gmm-align-compiled.cc:127) atai-100A-mod_atai_397
LOG (gmm-align-compiled[5.4.224~1-d4d9]:main():gmm-align-compiled.cc:127) atai-100A-mod_atai_398
LOG (gmm-align-compiled[5.4.224~1-d4d9]:main():gmm-align-compiled.cc:127) atai-100A-mod_atai_399
LOG (gmm-align-compiled[5.4.224~1-d4d9]:main():gmm-align-compiled.cc:127) atai-100A-mod_atai_40
LOG (gmm-align-compiled[5.4.224~1-d4d9]:main():gmm-align-compiled.cc:127) atai-100A-mod_atai_400
LOG (gmm-align-compiled[5.4.224~1-d4d9]:main():gmm-align-compiled.cc:127) atai-100A-mod_atai_401
LOG (gmm-align-compiled[5.4.224~1-d4d9]:main():gmm-align-compiled.cc:127) atai-100A-mod_atai_402
LOG (apply-cmvn[5.4.224~1-d4d9]:main():apply-cmvn.cc:162) Applied cepstral mean normalization to 16 utterances, errors on 0
LOG (gmm-align-compiled[5.4.224~1-d4d9]:main():gmm-align-compiled.cc:127) atai-100A-mod_atai_403
LOG (compile-train-graphs[5.4.224~1-d4d9]:main():compile-train-graphs.cc:147) compile-train-graphs: succeeded for 16 graphs, failed for 0
LOG (gmm-align-compiled[5.4.224~1-d4d9]:main():gmm-align-compiled.cc:127) atai-100A-mod_atai_404
LOG (gmm-align-compiled[5.4.224~1-d4d9]:main():gmm-align-compiled.cc:127) atai-100A-mod_atai_405
LOG (gmm-align-compiled[5.4.224~1-d4d9]:main():gmm-align-compiled.cc:135) Overall log-likelihood per frame is 14.5713 over 20542 frames.
LOG (gmm-align-compiled[5.4.224~1-d4d9]:main():gmm-align-compiled.cc:137) Retried 1 out of 16 utterances.
LOG (gmm-align-compiled[5.4.224~1-d4d9]:main():gmm-align-compiled.cc:139) Done 16, errors on 0
# Accounting: time=5 threads=1
# Ended (code 0) at Thu Aug  2 13:27:53 UTC 2018, elapsed time 5 seconds
