# compile-train-graphs exp_atai-100A-mod/triphones_aligned/tree exp_atai-100A-mod/triphones_aligned/final.mdl data_atai-100A-mod/lang/L.fst "ark:utils/sym2int.pl --map-oov 2 -f 2- data_atai-100A-mod/lang/words.txt data_atai-100A-mod/train/split32/15/text|" ark:- | gmm-align-compiled --transition-scale=1.0 --acoustic-scale=0.1 --self-loop-scale=0.1 --beam=10 --retry-beam=40 --careful=false "gmm-boost-silence --boost=1.25 1 exp_atai-100A-mod/triphones_aligned/final.mdl - |" ark:- "ark,s,cs:apply-cmvn  --utt2spk=ark:data_atai-100A-mod/train/split32/15/utt2spk scp:data_atai-100A-mod/train/split32/15/cmvn.scp scp:data_atai-100A-mod/train/split32/15/feats.scp ark:- | add-deltas  ark:- ark:- |" "ark,t:|gzip -c >exp_atai-100A-mod/triphones_aligned/ali.15.gz" 
# Started at Thu Aug  2 13:27:48 UTC 2018
#
gmm-align-compiled --transition-scale=1.0 --acoustic-scale=0.1 --self-loop-scale=0.1 --beam=10 --retry-beam=40 --careful=false 'gmm-boost-silence --boost=1.25 1 exp_atai-100A-mod/triphones_aligned/final.mdl - |' ark:- 'ark,s,cs:apply-cmvn  --utt2spk=ark:data_atai-100A-mod/train/split32/15/utt2spk scp:data_atai-100A-mod/train/split32/15/cmvn.scp scp:data_atai-100A-mod/train/split32/15/feats.scp ark:- | add-deltas  ark:- ark:- |' 'ark,t:|gzip -c >exp_atai-100A-mod/triphones_aligned/ali.15.gz' 
compile-train-graphs exp_atai-100A-mod/triphones_aligned/tree exp_atai-100A-mod/triphones_aligned/final.mdl data_atai-100A-mod/lang/L.fst 'ark:utils/sym2int.pl --map-oov 2 -f 2- data_atai-100A-mod/lang/words.txt data_atai-100A-mod/train/split32/15/text|' ark:- 
gmm-boost-silence --boost=1.25 1 exp_atai-100A-mod/triphones_aligned/final.mdl - 
LOG (gmm-boost-silence[5.4.224~1-d4d9]:main():gmm-boost-silence.cc:93) Boosted weights for 5 pdfs, by factor of 1.25
LOG (gmm-boost-silence[5.4.224~1-d4d9]:main():gmm-boost-silence.cc:103) Wrote model to -
sym2int.pl: replacing коштошту with 2
sym2int.pl: replacing чертпейт with 2
sym2int.pl: replacing атайга with 2
sym2int.pl: replacing үйрөтөр with 2
sym2int.pl: replacing үчүндүр with 2
sym2int.pl: replacing кежигесинен with 2
sym2int.pl: replacing баскансыган with 2
sym2int.pl: replacing уңулдап with 2
sym2int.pl: replacing аккыз with 2
sym2int.pl: replacing барча with 2
sym2int.pl: replacing жабыла with 2
sym2int.pl: replacing аккыз with 2
sym2int.pl: replacing жалыныпжалбарып with 2
sym2int.pl: replacing соорото with 2
sym2int.pl: replacing сооронбоду with 2
sym2int.pl: replacing шыңгыраганы with 2
sym2int.pl: replacing кыйчылдаганы with 2
sym2int.pl: replacing угулду with 2
sym2int.pl: replacing тарбалаңдап with 2
sym2int.pl: replacing кыйкырды with 2
sym2int.pl: not warning for OOVs any more times
** Replaced 78 instances of OOVs with 2
add-deltas ark:- ark:- 
apply-cmvn --utt2spk=ark:data_atai-100A-mod/train/split32/15/utt2spk scp:data_atai-100A-mod/train/split32/15/cmvn.scp scp:data_atai-100A-mod/train/split32/15/feats.scp ark:- 
LOG (gmm-align-compiled[5.4.224~1-d4d9]:main():gmm-align-compiled.cc:127) atai-100A-mod_atai_336
LOG (gmm-align-compiled[5.4.224~1-d4d9]:main():gmm-align-compiled.cc:127) atai-100A-mod_atai_338
LOG (gmm-align-compiled[5.4.224~1-d4d9]:main():gmm-align-compiled.cc:127) atai-100A-mod_atai_339
LOG (gmm-align-compiled[5.4.224~1-d4d9]:main():gmm-align-compiled.cc:127) atai-100A-mod_atai_340
LOG (gmm-align-compiled[5.4.224~1-d4d9]:main():gmm-align-compiled.cc:127) atai-100A-mod_atai_341
LOG (gmm-align-compiled[5.4.224~1-d4d9]:main():gmm-align-compiled.cc:127) atai-100A-mod_atai_342
LOG (gmm-align-compiled[5.4.224~1-d4d9]:main():gmm-align-compiled.cc:127) atai-100A-mod_atai_343
LOG (gmm-align-compiled[5.4.224~1-d4d9]:main():gmm-align-compiled.cc:127) atai-100A-mod_atai_344
LOG (gmm-align-compiled[5.4.224~1-d4d9]:main():gmm-align-compiled.cc:127) atai-100A-mod_atai_345
LOG (gmm-align-compiled[5.4.224~1-d4d9]:main():gmm-align-compiled.cc:127) atai-100A-mod_atai_346
LOG (gmm-align-compiled[5.4.224~1-d4d9]:main():gmm-align-compiled.cc:127) atai-100A-mod_atai_347
LOG (apply-cmvn[5.4.224~1-d4d9]:main():apply-cmvn.cc:162) Applied cepstral mean normalization to 16 utterances, errors on 0
LOG (gmm-align-compiled[5.4.224~1-d4d9]:main():gmm-align-compiled.cc:127) atai-100A-mod_atai_349
LOG (gmm-align-compiled[5.4.224~1-d4d9]:main():gmm-align-compiled.cc:127) atai-100A-mod_atai_35
LOG (compile-train-graphs[5.4.224~1-d4d9]:main():compile-train-graphs.cc:147) compile-train-graphs: succeeded for 16 graphs, failed for 0
LOG (gmm-align-compiled[5.4.224~1-d4d9]:main():gmm-align-compiled.cc:127) atai-100A-mod_atai_351
LOG (gmm-align-compiled[5.4.224~1-d4d9]:main():gmm-align-compiled.cc:127) atai-100A-mod_atai_353
LOG (gmm-align-compiled[5.4.224~1-d4d9]:main():gmm-align-compiled.cc:127) atai-100A-mod_atai_354
LOG (gmm-align-compiled[5.4.224~1-d4d9]:main():gmm-align-compiled.cc:135) Overall log-likelihood per frame is 16.007 over 18170 frames.
LOG (gmm-align-compiled[5.4.224~1-d4d9]:main():gmm-align-compiled.cc:137) Retried 0 out of 16 utterances.
LOG (gmm-align-compiled[5.4.224~1-d4d9]:main():gmm-align-compiled.cc:139) Done 16, errors on 0
# Accounting: time=5 threads=1
# Ended (code 0) at Thu Aug  2 13:27:53 UTC 2018, elapsed time 5 seconds
