# compile-train-graphs exp_atai-100E-org/triphones_aligned/tree exp_atai-100E-org/triphones_aligned/final.mdl data_atai-100E-org/lang/L.fst "ark:utils/sym2int.pl --map-oov 2 -f 2- data_atai-100E-org/lang/words.txt data_atai-100E-org/train/split4/3/text|" ark:- | gmm-align-compiled --transition-scale=1.0 --acoustic-scale=0.1 --self-loop-scale=0.1 --beam=10 --retry-beam=40 --careful=false "gmm-boost-silence --boost=1.25 1 exp_atai-100E-org/triphones_aligned/final.mdl - |" ark:- "ark,s,cs:apply-cmvn  --utt2spk=ark:data_atai-100E-org/train/split4/3/utt2spk scp:data_atai-100E-org/train/split4/3/cmvn.scp scp:data_atai-100E-org/train/split4/3/feats.scp ark:- | add-deltas  ark:- ark:- |" "ark,t:|gzip -c >exp_atai-100E-org/triphones_aligned/ali.3.gz" 
# Started at Tue Jul 24 17:04:38 UTC 2018
#
gmm-align-compiled --transition-scale=1.0 --acoustic-scale=0.1 --self-loop-scale=0.1 --beam=10 --retry-beam=40 --careful=false 'gmm-boost-silence --boost=1.25 1 exp_atai-100E-org/triphones_aligned/final.mdl - |' ark:- 'ark,s,cs:apply-cmvn  --utt2spk=ark:data_atai-100E-org/train/split4/3/utt2spk scp:data_atai-100E-org/train/split4/3/cmvn.scp scp:data_atai-100E-org/train/split4/3/feats.scp ark:- | add-deltas  ark:- ark:- |' 'ark,t:|gzip -c >exp_atai-100E-org/triphones_aligned/ali.3.gz' 
compile-train-graphs exp_atai-100E-org/triphones_aligned/tree exp_atai-100E-org/triphones_aligned/final.mdl data_atai-100E-org/lang/L.fst 'ark:utils/sym2int.pl --map-oov 2 -f 2- data_atai-100E-org/lang/words.txt data_atai-100E-org/train/split4/3/text|' ark:- 
gmm-boost-silence --boost=1.25 1 exp_atai-100E-org/triphones_aligned/final.mdl - 
LOG (gmm-boost-silence[5.4.217~1-8ae5]:main():gmm-boost-silence.cc:93) Boosted weights for 5 pdfs, by factor of 1.25
LOG (gmm-boost-silence[5.4.217~1-8ae5]:main():gmm-boost-silence.cc:103) Wrote model to -
sym2int.pl: replacing кыңгырата with 2
sym2int.pl: replacing үчүндүр with 2
sym2int.pl: replacing акесинен with 2
sym2int.pl: replacing көрөмбү with 2
sym2int.pl: replacing тарапыранын with 2
sym2int.pl: replacing күргөн with 2
sym2int.pl: replacing султаналы with 2
sym2int.pl: replacing айылдагылар with 2
sym2int.pl: replacing кылыша with 2
sym2int.pl: replacing султаналы with 2
sym2int.pl: replacing тырышчаак with 2
sym2int.pl: replacing төшөктүн with 2
sym2int.pl: replacing маасычан with 2
sym2int.pl: replacing мандаш with 2
sym2int.pl: replacing султаналы with 2
sym2int.pl: replacing делбээлерге with 2
sym2int.pl: replacing буурусун with 2
sym2int.pl: replacing кебелбеген with 2
sym2int.pl: replacing чурулдаган with 2
sym2int.pl: replacing кошчулардын with 2
sym2int.pl: not warning for OOVs any more times
** Replaced 88 instances of OOVs with 2
add-deltas ark:- ark:- 
apply-cmvn --utt2spk=ark:data_atai-100E-org/train/split4/3/utt2spk scp:data_atai-100E-org/train/split4/3/cmvn.scp scp:data_atai-100E-org/train/split4/3/feats.scp ark:- 
LOG (gmm-align-compiled[5.4.217~1-8ae5]:main():gmm-align-compiled.cc:127) atai-100E-org_atai_334
LOG (gmm-align-compiled[5.4.217~1-8ae5]:main():gmm-align-compiled.cc:127) atai-100E-org_atai_338
LOG (gmm-align-compiled[5.4.217~1-8ae5]:main():gmm-align-compiled.cc:127) atai-100E-org_atai_346
LOG (gmm-align-compiled[5.4.217~1-8ae5]:main():gmm-align-compiled.cc:127) atai-100E-org_atai_360
LOG (gmm-align-compiled[5.4.217~1-8ae5]:main():gmm-align-compiled.cc:127) atai-100E-org_atai_382
LOG (gmm-align-compiled[5.4.217~1-8ae5]:main():gmm-align-compiled.cc:127) atai-100E-org_atai_396
LOG (gmm-align-compiled[5.4.217~1-8ae5]:main():gmm-align-compiled.cc:127) atai-100E-org_atai_406
LOG (gmm-align-compiled[5.4.217~1-8ae5]:main():gmm-align-compiled.cc:127) atai-100E-org_atai_426
LOG (gmm-align-compiled[5.4.217~1-8ae5]:main():gmm-align-compiled.cc:127) atai-100E-org_atai_429
LOG (gmm-align-compiled[5.4.217~1-8ae5]:main():gmm-align-compiled.cc:127) atai-100E-org_atai_430
LOG (gmm-align-compiled[5.4.217~1-8ae5]:main():gmm-align-compiled.cc:127) atai-100E-org_atai_434
LOG (gmm-align-compiled[5.4.217~1-8ae5]:main():gmm-align-compiled.cc:127) atai-100E-org_atai_437
LOG (gmm-align-compiled[5.4.217~1-8ae5]:main():gmm-align-compiled.cc:127) atai-100E-org_atai_44
LOG (gmm-align-compiled[5.4.217~1-8ae5]:main():gmm-align-compiled.cc:127) atai-100E-org_atai_445
LOG (gmm-align-compiled[5.4.217~1-8ae5]:main():gmm-align-compiled.cc:127) atai-100E-org_atai_447
LOG (gmm-align-compiled[5.4.217~1-8ae5]:main():gmm-align-compiled.cc:127) atai-100E-org_atai_451
LOG (gmm-align-compiled[5.4.217~1-8ae5]:main():gmm-align-compiled.cc:127) atai-100E-org_atai_455
LOG (gmm-align-compiled[5.4.217~1-8ae5]:main():gmm-align-compiled.cc:127) atai-100E-org_atai_46
LOG (gmm-align-compiled[5.4.217~1-8ae5]:main():gmm-align-compiled.cc:127) atai-100E-org_atai_460
LOG (gmm-align-compiled[5.4.217~1-8ae5]:main():gmm-align-compiled.cc:127) atai-100E-org_atai_461
LOG (gmm-align-compiled[5.4.217~1-8ae5]:main():gmm-align-compiled.cc:127) atai-100E-org_atai_462
LOG (apply-cmvn[5.4.217~1-8ae5]:main():apply-cmvn.cc:162) Applied cepstral mean normalization to 25 utterances, errors on 0
LOG (gmm-align-compiled[5.4.217~1-8ae5]:main():gmm-align-compiled.cc:127) atai-100E-org_atai_474
LOG (gmm-align-compiled[5.4.217~1-8ae5]:main():gmm-align-compiled.cc:127) atai-100E-org_atai_485
LOG (compile-train-graphs[5.4.217~1-8ae5]:main():compile-train-graphs.cc:147) compile-train-graphs: succeeded for 25 graphs, failed for 0
LOG (gmm-align-compiled[5.4.217~1-8ae5]:main():gmm-align-compiled.cc:127) atai-100E-org_atai_494
LOG (gmm-align-compiled[5.4.217~1-8ae5]:main():gmm-align-compiled.cc:127) atai-100E-org_atai_495
LOG (gmm-align-compiled[5.4.217~1-8ae5]:main():gmm-align-compiled.cc:135) Overall log-likelihood per frame is 16.504 over 23762 frames.
LOG (gmm-align-compiled[5.4.217~1-8ae5]:main():gmm-align-compiled.cc:137) Retried 0 out of 25 utterances.
LOG (gmm-align-compiled[5.4.217~1-8ae5]:main():gmm-align-compiled.cc:139) Done 25, errors on 0
# Accounting: time=6 threads=1
# Ended (code 0) at Tue Jul 24 17:04:44 UTC 2018, elapsed time 6 seconds
