# compile-train-graphs exp_atai-100B-org/triphones_aligned/tree exp_atai-100B-org/triphones_aligned/final.mdl data_atai-100B-org/lang/L.fst "ark:utils/sym2int.pl --map-oov 2 -f 2- data_atai-100B-org/lang/words.txt data_atai-100B-org/train/split4/1/text|" ark:- | gmm-align-compiled --transition-scale=1.0 --acoustic-scale=0.1 --self-loop-scale=0.1 --beam=10 --retry-beam=40 --careful=false "gmm-boost-silence --boost=1.25 1 exp_atai-100B-org/triphones_aligned/final.mdl - |" ark:- "ark,s,cs:apply-cmvn  --utt2spk=ark:data_atai-100B-org/train/split4/1/utt2spk scp:data_atai-100B-org/train/split4/1/cmvn.scp scp:data_atai-100B-org/train/split4/1/feats.scp ark:- | add-deltas  ark:- ark:- |" "ark,t:|gzip -c >exp_atai-100B-org/triphones_aligned/ali.1.gz" 
# Started at Tue Jul 24 16:48:47 UTC 2018
#
gmm-align-compiled --transition-scale=1.0 --acoustic-scale=0.1 --self-loop-scale=0.1 --beam=10 --retry-beam=40 --careful=false 'gmm-boost-silence --boost=1.25 1 exp_atai-100B-org/triphones_aligned/final.mdl - |' ark:- 'ark,s,cs:apply-cmvn  --utt2spk=ark:data_atai-100B-org/train/split4/1/utt2spk scp:data_atai-100B-org/train/split4/1/cmvn.scp scp:data_atai-100B-org/train/split4/1/feats.scp ark:- | add-deltas  ark:- ark:- |' 'ark,t:|gzip -c >exp_atai-100B-org/triphones_aligned/ali.1.gz' 
compile-train-graphs exp_atai-100B-org/triphones_aligned/tree exp_atai-100B-org/triphones_aligned/final.mdl data_atai-100B-org/lang/L.fst 'ark:utils/sym2int.pl --map-oov 2 -f 2- data_atai-100B-org/lang/words.txt data_atai-100B-org/train/split4/1/text|' ark:- 
gmm-boost-silence --boost=1.25 1 exp_atai-100B-org/triphones_aligned/final.mdl - 
LOG (gmm-boost-silence[5.4.217~1-8ae5]:main():gmm-boost-silence.cc:93) Boosted weights for 5 pdfs, by factor of 1.25
LOG (gmm-boost-silence[5.4.217~1-8ae5]:main():gmm-boost-silence.cc:103) Wrote model to -
sym2int.pl: replacing билишпес with 2
sym2int.pl: replacing жаздымында with 2
sym2int.pl: replacing маңдайлаш with 2
sym2int.pl: replacing кеңколдун with 2
sym2int.pl: replacing дарбазадай with 2
sym2int.pl: replacing күбөсүнө with 2
sym2int.pl: replacing алабармандап with 2
sym2int.pl: replacing агышына with 2
sym2int.pl: replacing салгылачы with 2
sym2int.pl: replacing чокчо with 2
sym2int.pl: replacing аптадай with 2
sym2int.pl: replacing башаягында with 2
sym2int.pl: replacing изделбеген with 2
sym2int.pl: replacing калбады with 2
sym2int.pl: replacing чыкпады with 2
sym2int.pl: replacing эстешти with 2
sym2int.pl: replacing сурайсурай with 2
sym2int.pl: replacing абдыракмандын with 2
sym2int.pl: replacing угушту with 2
sym2int.pl: replacing жумадан with 2
sym2int.pl: not warning for OOVs any more times
** Replaced 66 instances of OOVs with 2
add-deltas ark:- ark:- 
apply-cmvn --utt2spk=ark:data_atai-100B-org/train/split4/1/utt2spk scp:data_atai-100B-org/train/split4/1/cmvn.scp scp:data_atai-100B-org/train/split4/1/feats.scp ark:- 
LOG (gmm-align-compiled[5.4.217~1-8ae5]:main():gmm-align-compiled.cc:127) atai-100B-org_atai_03
LOG (gmm-align-compiled[5.4.217~1-8ae5]:main():gmm-align-compiled.cc:127) atai-100B-org_atai_07
LOG (gmm-align-compiled[5.4.217~1-8ae5]:main():gmm-align-compiled.cc:127) atai-100B-org_atai_112
LOG (gmm-align-compiled[5.4.217~1-8ae5]:main():gmm-align-compiled.cc:127) atai-100B-org_atai_124
LOG (gmm-align-compiled[5.4.217~1-8ae5]:main():gmm-align-compiled.cc:127) atai-100B-org_atai_126
LOG (gmm-align-compiled[5.4.217~1-8ae5]:main():gmm-align-compiled.cc:127) atai-100B-org_atai_128
LOG (gmm-align-compiled[5.4.217~1-8ae5]:main():gmm-align-compiled.cc:127) atai-100B-org_atai_130
LOG (gmm-align-compiled[5.4.217~1-8ae5]:main():gmm-align-compiled.cc:127) atai-100B-org_atai_14
LOG (gmm-align-compiled[5.4.217~1-8ae5]:main():gmm-align-compiled.cc:127) atai-100B-org_atai_144
LOG (gmm-align-compiled[5.4.217~1-8ae5]:main():gmm-align-compiled.cc:127) atai-100B-org_atai_150
LOG (gmm-align-compiled[5.4.217~1-8ae5]:main():gmm-align-compiled.cc:127) atai-100B-org_atai_151
LOG (gmm-align-compiled[5.4.217~1-8ae5]:main():gmm-align-compiled.cc:127) atai-100B-org_atai_178
LOG (gmm-align-compiled[5.4.217~1-8ae5]:main():gmm-align-compiled.cc:127) atai-100B-org_atai_180
LOG (gmm-align-compiled[5.4.217~1-8ae5]:main():gmm-align-compiled.cc:127) atai-100B-org_atai_188
LOG (gmm-align-compiled[5.4.217~1-8ae5]:main():gmm-align-compiled.cc:127) atai-100B-org_atai_19
LOG (gmm-align-compiled[5.4.217~1-8ae5]:main():gmm-align-compiled.cc:127) atai-100B-org_atai_193
LOG (gmm-align-compiled[5.4.217~1-8ae5]:main():gmm-align-compiled.cc:127) atai-100B-org_atai_195
LOG (gmm-align-compiled[5.4.217~1-8ae5]:main():gmm-align-compiled.cc:127) atai-100B-org_atai_199
LOG (gmm-align-compiled[5.4.217~1-8ae5]:main():gmm-align-compiled.cc:127) atai-100B-org_atai_20
LOG (gmm-align-compiled[5.4.217~1-8ae5]:main():gmm-align-compiled.cc:127) atai-100B-org_atai_213
LOG (apply-cmvn[5.4.217~1-8ae5]:main():apply-cmvn.cc:162) Applied cepstral mean normalization to 25 utterances, errors on 0
LOG (gmm-align-compiled[5.4.217~1-8ae5]:main():gmm-align-compiled.cc:127) atai-100B-org_atai_214
LOG (gmm-align-compiled[5.4.217~1-8ae5]:main():gmm-align-compiled.cc:127) atai-100B-org_atai_217
LOG (compile-train-graphs[5.4.217~1-8ae5]:main():compile-train-graphs.cc:147) compile-train-graphs: succeeded for 25 graphs, failed for 0
LOG (gmm-align-compiled[5.4.217~1-8ae5]:main():gmm-align-compiled.cc:127) atai-100B-org_atai_218
LOG (gmm-align-compiled[5.4.217~1-8ae5]:main():gmm-align-compiled.cc:127) atai-100B-org_atai_222
LOG (gmm-align-compiled[5.4.217~1-8ae5]:main():gmm-align-compiled.cc:127) atai-100B-org_atai_242
LOG (gmm-align-compiled[5.4.217~1-8ae5]:main():gmm-align-compiled.cc:135) Overall log-likelihood per frame is 17.9089 over 19331 frames.
LOG (gmm-align-compiled[5.4.217~1-8ae5]:main():gmm-align-compiled.cc:137) Retried 0 out of 25 utterances.
LOG (gmm-align-compiled[5.4.217~1-8ae5]:main():gmm-align-compiled.cc:139) Done 25, errors on 0
# Accounting: time=5 threads=1
# Ended (code 0) at Tue Jul 24 16:48:52 UTC 2018, elapsed time 5 seconds
