# nnet3-copy-egs ark:MTL/exp/atai-100A-mod/nnet3/egs/egs.1.ark ark:- | nnet3-subset-egs --srand=1 --n=20000 ark:- ark:- | nnet3-merge-egs --minibatch-size=256 ark:- ark:- | nnet3-compute-from-egs --use-gpu=yes --apply-exp=true "nnet3-am-copy --raw=true MTL/exp/nnet3/multitask/atai-100A-mod/final.mdl - |" ark:- ark:- | matrix-sum-rows ark:- ark:- | vector-sum ark:- MTL/exp/nnet3/multitask/atai-100A-mod/post.final.1.vec 
# Started at Fri Jul 27 03:25:21 UTC 2018
#
vector-sum ark:- MTL/exp/nnet3/multitask/atai-100A-mod/post.final.1.vec 
matrix-sum-rows ark:- ark:- 
nnet3-copy-egs ark:MTL/exp/atai-100A-mod/nnet3/egs/egs.1.ark ark:- 
nnet3-merge-egs --minibatch-size=256 ark:- ark:- 
nnet3-subset-egs --srand=1 --n=20000 ark:- ark:- 
nnet3-compute-from-egs --use-gpu=yes --apply-exp=true 'nnet3-am-copy --raw=true MTL/exp/nnet3/multitask/atai-100A-mod/final.mdl - |' ark:- ark:- 
WARNING (nnet3-compute-from-egs[5.4.217~1-8ae5]:SelectGpuId():cu-device.cc:196) Not in compute-exclusive mode.  Suggestion: use 'nvidia-smi -c 3' to set compute exclusive mode
LOG (nnet3-compute-from-egs[5.4.217~1-8ae5]:SelectGpuIdAuto():cu-device.cc:315) Selecting from 1 GPUs
LOG (nnet3-compute-from-egs[5.4.217~1-8ae5]:SelectGpuIdAuto():cu-device.cc:330) cudaSetDevice(0): Tesla K80	free:11367M, used:72M, total:11439M, free/total:0.993684
LOG (nnet3-compute-from-egs[5.4.217~1-8ae5]:SelectGpuIdAuto():cu-device.cc:379) Trying to select device: 0 (automatically), mem_ratio: 0.993684
LOG (nnet3-compute-from-egs[5.4.217~1-8ae5]:SelectGpuIdAuto():cu-device.cc:398) Success selecting device 0 free mem ratio: 0.993684
LOG (nnet3-copy-egs[5.4.217~1-8ae5]:main():nnet3-copy-egs.cc:431) Read 10059 neural-network training examples, wrote 10059, 0 examples had errors.
LOG (nnet3-compute-from-egs[5.4.217~1-8ae5]:FinalizeActiveGpu():cu-device.cc:247) The active GPU is [0]: Tesla K80	free:11321M, used:118M, total:11439M, free/total:0.989663 version 3.7
nnet3-am-copy --raw=true MTL/exp/nnet3/multitask/atai-100A-mod/final.mdl - 
LOG (nnet3-am-copy[5.4.217~1-8ae5]:main():nnet3-am-copy.cc:151) Copied neural net from MTL/exp/nnet3/multitask/atai-100A-mod/final.mdl to raw format as -
LOG (nnet3-subset-egs[5.4.217~1-8ae5]:main():nnet3-subset-egs.cc:91) Selected a subset of 10059 out of 10059 neural-network training examples 
LOG (nnet3-merge-egs[5.4.217~1-8ae5]:PrintSpecificStats():nnet-example-utils.cc:1143) Merged specific eg types as follows [format: <eg-size1>={<mb-size1>-><num-minibatches1>,<mbsize2>-><num-minibatches2>.../d=<num-discarded>},<egs-size2>={...},... (note,egs-size == number of input frames including context).
LOG (nnet3-merge-egs[5.4.217~1-8ae5]:PrintSpecificStats():nnet-example-utils.cc:1173) 69={256->39,d=75}
LOG (nnet3-merge-egs[5.4.217~1-8ae5]:PrintAggregateStats():nnet-example-utils.cc:1139) Processed 10059 egs of avg. size 69 into 39 minibatches, discarding 0.7456% of egs.  Avg minibatch size was 256, #distinct types of egs/minibatches was 1/1
LOG (nnet3-compute-from-egs[5.4.217~1-8ae5]:main():nnet3-compute-from-egs.cc:133) Processed 39 examples.
LOG (nnet3-compute-from-egs[5.4.217~1-8ae5]:~CachingOptimizingCompiler():nnet-optimize.cc:710) 0.106 seconds taken in nnet3 compilation total (breakdown: 0.0696 compilation, 0.0144 optimization, 0.00509 shortcut expansion, 0.0033 checking, 0.000566 computing indexes, 0.0127 misc.) + 0 I/O.
LOG (matrix-sum-rows[5.4.217~1-8ae5]:main():matrix-sum-rows.cc:67) Summed rows 39 matrices, 79872 rows in total.
LOG (vector-sum[5.4.217~1-8ae5]:TypeTwoUsage():vector-sum.cc:143) Summed 39 vectors, 0 with errors; wrote sum to MTL/exp/nnet3/multitask/atai-100A-mod/post.final.1.vec
# Accounting: time=9 threads=1
# Ended (code 0) at Fri Jul 27 03:25:30 UTC 2018, elapsed time 9 seconds
