# gmm-align-compiled --transition-scale=1.0 --acoustic-scale=0.1 --self-loop-scale=0.1 --beam=6 --retry-beam=24 --careful=false "gmm-boost-silence --boost=1.0 1 exp_atai-100A-mod/monophones/1.mdl - |" "ark:gunzip -c exp_atai-100A-mod/monophones/fsts.28.gz|" "ark,s,cs:apply-cmvn --norm-vars=true  --utt2spk=ark:data_atai-100A-mod/train/split32/28/utt2spk scp:data_atai-100A-mod/train/split32/28/cmvn.scp scp:data_atai-100A-mod/train/split32/28/feats.scp ark:- | add-deltas ark:- ark:- |" "ark,t:|gzip -c >exp_atai-100A-mod/monophones/ali.28.gz" 
# Started at Thu Aug  2 13:25:48 UTC 2018
#
gmm-align-compiled --transition-scale=1.0 --acoustic-scale=0.1 --self-loop-scale=0.1 --beam=6 --retry-beam=24 --careful=false 'gmm-boost-silence --boost=1.0 1 exp_atai-100A-mod/monophones/1.mdl - |' 'ark:gunzip -c exp_atai-100A-mod/monophones/fsts.28.gz|' 'ark,s,cs:apply-cmvn --norm-vars=true  --utt2spk=ark:data_atai-100A-mod/train/split32/28/utt2spk scp:data_atai-100A-mod/train/split32/28/cmvn.scp scp:data_atai-100A-mod/train/split32/28/feats.scp ark:- | add-deltas ark:- ark:- |' 'ark,t:|gzip -c >exp_atai-100A-mod/monophones/ali.28.gz' 
gmm-boost-silence --boost=1.0 1 exp_atai-100A-mod/monophones/1.mdl - 
LOG (gmm-boost-silence[5.4.224~1-d4d9]:main():gmm-boost-silence.cc:93) Boosted weights for 5 pdfs, by factor of 1
LOG (gmm-boost-silence[5.4.224~1-d4d9]:main():gmm-boost-silence.cc:103) Wrote model to -
apply-cmvn --norm-vars=true --utt2spk=ark:data_atai-100A-mod/train/split32/28/utt2spk scp:data_atai-100A-mod/train/split32/28/cmvn.scp scp:data_atai-100A-mod/train/split32/28/feats.scp ark:- 
add-deltas ark:- ark:- 
LOG (gmm-align-compiled[5.4.224~1-d4d9]:main():gmm-align-compiled.cc:127) atai-100A-mod_atai_563
WARNING (gmm-align-compiled[5.4.224~1-d4d9]:AlignUtteranceWrapper():decoder-wrappers.cc:466) Retrying utterance atai-100A-mod_atai_563 with beam 24
LOG (gmm-align-compiled[5.4.224~1-d4d9]:main():gmm-align-compiled.cc:127) atai-100A-mod_atai_564
WARNING (gmm-align-compiled[5.4.224~1-d4d9]:AlignUtteranceWrapper():decoder-wrappers.cc:466) Retrying utterance atai-100A-mod_atai_564 with beam 24
WARNING (gmm-align-compiled[5.4.224~1-d4d9]:AlignUtteranceWrapper():decoder-wrappers.cc:475) Did not successfully decode file atai-100A-mod_atai_564, len = 3532
LOG (gmm-align-compiled[5.4.224~1-d4d9]:main():gmm-align-compiled.cc:127) atai-100A-mod_atai_565
WARNING (gmm-align-compiled[5.4.224~1-d4d9]:AlignUtteranceWrapper():decoder-wrappers.cc:466) Retrying utterance atai-100A-mod_atai_565 with beam 24
LOG (gmm-align-compiled[5.4.224~1-d4d9]:main():gmm-align-compiled.cc:127) atai-100A-mod_atai_566
WARNING (gmm-align-compiled[5.4.224~1-d4d9]:AlignUtteranceWrapper():decoder-wrappers.cc:466) Retrying utterance atai-100A-mod_atai_566 with beam 24
LOG (gmm-align-compiled[5.4.224~1-d4d9]:main():gmm-align-compiled.cc:127) atai-100A-mod_atai_567
WARNING (gmm-align-compiled[5.4.224~1-d4d9]:AlignUtteranceWrapper():decoder-wrappers.cc:466) Retrying utterance atai-100A-mod_atai_567 with beam 24
LOG (gmm-align-compiled[5.4.224~1-d4d9]:main():gmm-align-compiled.cc:127) atai-100A-mod_atai_568
WARNING (gmm-align-compiled[5.4.224~1-d4d9]:AlignUtteranceWrapper():decoder-wrappers.cc:466) Retrying utterance atai-100A-mod_atai_568 with beam 24
LOG (gmm-align-compiled[5.4.224~1-d4d9]:main():gmm-align-compiled.cc:127) atai-100A-mod_atai_569
WARNING (gmm-align-compiled[5.4.224~1-d4d9]:AlignUtteranceWrapper():decoder-wrappers.cc:466) Retrying utterance atai-100A-mod_atai_569 with beam 24
LOG (gmm-align-compiled[5.4.224~1-d4d9]:main():gmm-align-compiled.cc:127) atai-100A-mod_atai_57
LOG (gmm-align-compiled[5.4.224~1-d4d9]:main():gmm-align-compiled.cc:127) atai-100A-mod_atai_570
WARNING (gmm-align-compiled[5.4.224~1-d4d9]:AlignUtteranceWrapper():decoder-wrappers.cc:466) Retrying utterance atai-100A-mod_atai_570 with beam 24
LOG (gmm-align-compiled[5.4.224~1-d4d9]:main():gmm-align-compiled.cc:127) atai-100A-mod_atai_571
WARNING (gmm-align-compiled[5.4.224~1-d4d9]:AlignUtteranceWrapper():decoder-wrappers.cc:466) Retrying utterance atai-100A-mod_atai_571 with beam 24
LOG (gmm-align-compiled[5.4.224~1-d4d9]:main():gmm-align-compiled.cc:127) atai-100A-mod_atai_574
WARNING (gmm-align-compiled[5.4.224~1-d4d9]:AlignUtteranceWrapper():decoder-wrappers.cc:466) Retrying utterance atai-100A-mod_atai_574 with beam 24
LOG (gmm-align-compiled[5.4.224~1-d4d9]:main():gmm-align-compiled.cc:127) atai-100A-mod_atai_575
LOG (gmm-align-compiled[5.4.224~1-d4d9]:main():gmm-align-compiled.cc:127) atai-100A-mod_atai_576
LOG (apply-cmvn[5.4.224~1-d4d9]:main():apply-cmvn.cc:159) Applied cepstral mean and variance normalization to 16 utterances, errors on 0
LOG (gmm-align-compiled[5.4.224~1-d4d9]:main():gmm-align-compiled.cc:127) atai-100A-mod_atai_577
WARNING (gmm-align-compiled[5.4.224~1-d4d9]:AlignUtteranceWrapper():decoder-wrappers.cc:466) Retrying utterance atai-100A-mod_atai_577 with beam 24
LOG (gmm-align-compiled[5.4.224~1-d4d9]:main():gmm-align-compiled.cc:127) atai-100A-mod_atai_578
WARNING (gmm-align-compiled[5.4.224~1-d4d9]:AlignUtteranceWrapper():decoder-wrappers.cc:466) Retrying utterance atai-100A-mod_atai_578 with beam 24
LOG (gmm-align-compiled[5.4.224~1-d4d9]:main():gmm-align-compiled.cc:127) atai-100A-mod_atai_579
LOG (gmm-align-compiled[5.4.224~1-d4d9]:main():gmm-align-compiled.cc:135) Overall log-likelihood per frame is -8.36398 over 14429 frames.
LOG (gmm-align-compiled[5.4.224~1-d4d9]:main():gmm-align-compiled.cc:137) Retried 12 out of 16 utterances.
LOG (gmm-align-compiled[5.4.224~1-d4d9]:main():gmm-align-compiled.cc:139) Done 15, errors on 1
# Accounting: time=16 threads=1
# Ended (code 0) at Thu Aug  2 13:26:04 UTC 2018, elapsed time 16 seconds
