# gmm-align-compiled --transition-scale=1.0 --acoustic-scale=0.1 --self-loop-scale=0.1 --beam=6 --retry-beam=24 --careful=false "gmm-boost-silence --boost=1.0 1 exp_atai-100A-mod/monophones/6.mdl - |" "ark:gunzip -c exp_atai-100A-mod/monophones/fsts.8.gz|" "ark,s,cs:apply-cmvn --norm-vars=true  --utt2spk=ark:data_atai-100A-mod/train/split32/8/utt2spk scp:data_atai-100A-mod/train/split32/8/cmvn.scp scp:data_atai-100A-mod/train/split32/8/feats.scp ark:- | add-deltas ark:- ark:- |" "ark,t:|gzip -c >exp_atai-100A-mod/monophones/ali.8.gz" 
# Started at Thu Aug  2 13:26:39 UTC 2018
#
gmm-align-compiled --transition-scale=1.0 --acoustic-scale=0.1 --self-loop-scale=0.1 --beam=6 --retry-beam=24 --careful=false 'gmm-boost-silence --boost=1.0 1 exp_atai-100A-mod/monophones/6.mdl - |' 'ark:gunzip -c exp_atai-100A-mod/monophones/fsts.8.gz|' 'ark,s,cs:apply-cmvn --norm-vars=true  --utt2spk=ark:data_atai-100A-mod/train/split32/8/utt2spk scp:data_atai-100A-mod/train/split32/8/cmvn.scp scp:data_atai-100A-mod/train/split32/8/feats.scp ark:- | add-deltas ark:- ark:- |' 'ark,t:|gzip -c >exp_atai-100A-mod/monophones/ali.8.gz' 
gmm-boost-silence --boost=1.0 1 exp_atai-100A-mod/monophones/6.mdl - 
LOG (gmm-boost-silence[5.4.224~1-d4d9]:main():gmm-boost-silence.cc:93) Boosted weights for 5 pdfs, by factor of 1
LOG (gmm-boost-silence[5.4.224~1-d4d9]:main():gmm-boost-silence.cc:103) Wrote model to -
apply-cmvn --norm-vars=true --utt2spk=ark:data_atai-100A-mod/train/split32/8/utt2spk scp:data_atai-100A-mod/train/split32/8/cmvn.scp scp:data_atai-100A-mod/train/split32/8/feats.scp ark:- 
add-deltas ark:- ark:- 
LOG (gmm-align-compiled[5.4.224~1-d4d9]:main():gmm-align-compiled.cc:127) atai-100A-mod_atai_21
LOG (gmm-align-compiled[5.4.224~1-d4d9]:main():gmm-align-compiled.cc:127) atai-100A-mod_atai_210
LOG (gmm-align-compiled[5.4.224~1-d4d9]:main():gmm-align-compiled.cc:127) atai-100A-mod_atai_212
LOG (gmm-align-compiled[5.4.224~1-d4d9]:main():gmm-align-compiled.cc:127) atai-100A-mod_atai_213
LOG (gmm-align-compiled[5.4.224~1-d4d9]:main():gmm-align-compiled.cc:127) atai-100A-mod_atai_214
LOG (gmm-align-compiled[5.4.224~1-d4d9]:main():gmm-align-compiled.cc:127) atai-100A-mod_atai_215
LOG (gmm-align-compiled[5.4.224~1-d4d9]:main():gmm-align-compiled.cc:127) atai-100A-mod_atai_216
LOG (gmm-align-compiled[5.4.224~1-d4d9]:main():gmm-align-compiled.cc:127) atai-100A-mod_atai_217
LOG (gmm-align-compiled[5.4.224~1-d4d9]:main():gmm-align-compiled.cc:127) atai-100A-mod_atai_218
LOG (gmm-align-compiled[5.4.224~1-d4d9]:main():gmm-align-compiled.cc:127) atai-100A-mod_atai_22
LOG (gmm-align-compiled[5.4.224~1-d4d9]:main():gmm-align-compiled.cc:127) atai-100A-mod_atai_220
LOG (gmm-align-compiled[5.4.224~1-d4d9]:main():gmm-align-compiled.cc:127) atai-100A-mod_atai_221
WARNING (gmm-align-compiled[5.4.224~1-d4d9]:AlignUtteranceWrapper():decoder-wrappers.cc:466) Retrying utterance atai-100A-mod_atai_221 with beam 24
LOG (apply-cmvn[5.4.224~1-d4d9]:main():apply-cmvn.cc:159) Applied cepstral mean and variance normalization to 16 utterances, errors on 0
LOG (gmm-align-compiled[5.4.224~1-d4d9]:main():gmm-align-compiled.cc:127) atai-100A-mod_atai_222
WARNING (gmm-align-compiled[5.4.224~1-d4d9]:AlignUtteranceWrapper():decoder-wrappers.cc:466) Retrying utterance atai-100A-mod_atai_222 with beam 24
LOG (gmm-align-compiled[5.4.224~1-d4d9]:main():gmm-align-compiled.cc:127) atai-100A-mod_atai_223
LOG (gmm-align-compiled[5.4.224~1-d4d9]:main():gmm-align-compiled.cc:127) atai-100A-mod_atai_224
LOG (gmm-align-compiled[5.4.224~1-d4d9]:main():gmm-align-compiled.cc:127) atai-100A-mod_atai_225
LOG (gmm-align-compiled[5.4.224~1-d4d9]:main():gmm-align-compiled.cc:135) Overall log-likelihood per frame is -2.83365 over 9293 frames.
LOG (gmm-align-compiled[5.4.224~1-d4d9]:main():gmm-align-compiled.cc:137) Retried 2 out of 16 utterances.
LOG (gmm-align-compiled[5.4.224~1-d4d9]:main():gmm-align-compiled.cc:139) Done 16, errors on 0
# Accounting: time=1 threads=1
# Ended (code 0) at Thu Aug  2 13:26:40 UTC 2018, elapsed time 1 seconds
