# compile-train-graphs exp_atai-100A-mod/monophones/tree exp_atai-100A-mod/monophones/0.mdl data_atai-100A-mod/lang/L.fst "ark:sym2int.pl --map-oov 2 -f 2- data_atai-100A-mod/lang/words.txt < data_atai-100A-mod/train/split32/7/text|" "ark:|gzip -c >exp_atai-100A-mod/monophones/fsts.7.gz" 
# Started at Thu Aug  2 13:25:45 UTC 2018
#
compile-train-graphs exp_atai-100A-mod/monophones/tree exp_atai-100A-mod/monophones/0.mdl data_atai-100A-mod/lang/L.fst 'ark:sym2int.pl --map-oov 2 -f 2- data_atai-100A-mod/lang/words.txt < data_atai-100A-mod/train/split32/7/text|' 'ark:|gzip -c >exp_atai-100A-mod/monophones/fsts.7.gz' 
sym2int.pl: replacing катыгүн with 2
sym2int.pl: replacing кырам with 2
sym2int.pl: replacing жалдын with 2
sym2int.pl: replacing жоготом with 2
sym2int.pl: replacing оозуңа with 2
sym2int.pl: replacing тарп with 2
sym2int.pl: replacing аңдыган with 2
sym2int.pl: replacing моюндарын with 2
sym2int.pl: replacing созушуп with 2
sym2int.pl: replacing жетеледи with 2
sym2int.pl: replacing бүжүрөп with 2
sym2int.pl: replacing аткарганча with 2
sym2int.pl: replacing биликти with 2
sym2int.pl: replacing үлпүлдөтүшүп with 2
sym2int.pl: replacing атканча with 2
sym2int.pl: replacing отурушту with 2
sym2int.pl: replacing көшүлдү with 2
sym2int.pl: replacing сурайлы with 2
sym2int.pl: replacing сербейтип with 2
sym2int.pl: replacing оорулу with 2
sym2int.pl: not warning for OOVs any more times
** Replaced 29 instances of OOVs with 2
LOG (compile-train-graphs[5.4.224~1-d4d9]:main():compile-train-graphs.cc:147) compile-train-graphs: succeeded for 16 graphs, failed for 0
# Accounting: time=2 threads=1
# Ended (code 0) at Thu Aug  2 13:25:47 UTC 2018, elapsed time 2 seconds
