# compile-train-graphs exp_atai-100A-mod/monophones/tree exp_atai-100A-mod/monophones/0.mdl data_atai-100A-mod/lang/L.fst "ark:sym2int.pl --map-oov 2 -f 2- data_atai-100A-mod/lang/words.txt < data_atai-100A-mod/train/split32/4/text|" "ark:|gzip -c >exp_atai-100A-mod/monophones/fsts.4.gz" 
# Started at Thu Aug  2 13:25:45 UTC 2018
#
compile-train-graphs exp_atai-100A-mod/monophones/tree exp_atai-100A-mod/monophones/0.mdl data_atai-100A-mod/lang/L.fst 'ark:sym2int.pl --map-oov 2 -f 2- data_atai-100A-mod/lang/words.txt < data_atai-100A-mod/train/split32/4/text|' 'ark:|gzip -c >exp_atai-100A-mod/monophones/fsts.4.gz' 
sym2int.pl: replacing көздөрүнө with 2
sym2int.pl: replacing илбегендерге with 2
sym2int.pl: replacing кармалады with 2
sym2int.pl: replacing анысын with 2
sym2int.pl: replacing жактырбагансып with 2
sym2int.pl: replacing үрпөйтүп with 2
sym2int.pl: replacing отурду with 2
sym2int.pl: replacing мандаш with 2
sym2int.pl: replacing оомийин with 2
sym2int.pl: replacing отурушкан with 2
sym2int.pl: replacing көрүштү with 2
sym2int.pl: replacing шашылып with 2
sym2int.pl: replacing жибердиби with 2
sym2int.pl: replacing жалдырады with 2
sym2int.pl: replacing турасыңбы with 2
sym2int.pl: replacing ташыбек with 2
sym2int.pl: replacing байым with 2
sym2int.pl: replacing кашаттагы with 2
sym2int.pl: replacing байдыкы with 2
sym2int.pl: replacing ассалоомалейким with 2
sym2int.pl: not warning for OOVs any more times
** Replaced 30 instances of OOVs with 2
LOG (compile-train-graphs[5.4.224~1-d4d9]:main():compile-train-graphs.cc:147) compile-train-graphs: succeeded for 16 graphs, failed for 0
# Accounting: time=2 threads=1
# Ended (code 0) at Thu Aug  2 13:25:47 UTC 2018, elapsed time 2 seconds
