# compile-train-graphs exp_atai-100A-mod/monophones/tree exp_atai-100A-mod/monophones/0.mdl data_atai-100A-mod/lang/L.fst "ark:sym2int.pl --map-oov 2 -f 2- data_atai-100A-mod/lang/words.txt < data_atai-100A-mod/train/split32/32/text|" "ark:|gzip -c >exp_atai-100A-mod/monophones/fsts.32.gz" 
# Started at Thu Aug  2 13:25:45 UTC 2018
#
compile-train-graphs exp_atai-100A-mod/monophones/tree exp_atai-100A-mod/monophones/0.mdl data_atai-100A-mod/lang/L.fst 'ark:sym2int.pl --map-oov 2 -f 2- data_atai-100A-mod/lang/words.txt < data_atai-100A-mod/train/split32/32/text|' 'ark:|gzip -c >exp_atai-100A-mod/monophones/fsts.32.gz' 
sym2int.pl: replacing жаалына with 2
sym2int.pl: replacing алысы with 2
sym2int.pl: replacing малайы with 2
sym2int.pl: replacing жазаланды with 2
sym2int.pl: replacing айсалкынга with 2
sym2int.pl: replacing тыштагыларга with 2
sym2int.pl: replacing тарсылдаганы with 2
sym2int.pl: replacing чыңырыгы with 2
sym2int.pl: replacing дамбалчан with 2
sym2int.pl: replacing дөңдө with 2
sym2int.pl: replacing тыныбекти with 2
sym2int.pl: replacing тоборсуй with 2
sym2int.pl: replacing биерге with 2
sym2int.pl: replacing атабекти with 2
sym2int.pl: replacing ээрчите with 2
sym2int.pl: replacing жулма with 2
sym2int.pl: replacing бүкүрөйтүп with 2
sym2int.pl: replacing чокчоюп with 2
sym2int.pl: replacing чекири with 2
sym2int.pl: replacing көрүнчү with 2
sym2int.pl: not warning for OOVs any more times
** Replaced 45 instances of OOVs with 2
LOG (compile-train-graphs[5.4.224~1-d4d9]:main():compile-train-graphs.cc:147) compile-train-graphs: succeeded for 15 graphs, failed for 0
# Accounting: time=3 threads=1
# Ended (code 0) at Thu Aug  2 13:25:48 UTC 2018, elapsed time 3 seconds
