# compile-train-graphs exp_atai-100A-mod/monophones/tree exp_atai-100A-mod/monophones/0.mdl data_atai-100A-mod/lang/L.fst "ark:sym2int.pl --map-oov 2 -f 2- data_atai-100A-mod/lang/words.txt < data_atai-100A-mod/train/split32/18/text|" "ark:|gzip -c >exp_atai-100A-mod/monophones/fsts.18.gz" 
# Started at Thu Aug  2 13:25:45 UTC 2018
#
compile-train-graphs exp_atai-100A-mod/monophones/tree exp_atai-100A-mod/monophones/0.mdl data_atai-100A-mod/lang/L.fst 'ark:sym2int.pl --map-oov 2 -f 2- data_atai-100A-mod/lang/words.txt < data_atai-100A-mod/train/split32/18/text|' 'ark:|gzip -c >exp_atai-100A-mod/monophones/fsts.18.gz' 
sym2int.pl: replacing секиниң with 2
sym2int.pl: replacing саргайган with 2
sym2int.pl: replacing аңыздын with 2
sym2int.pl: replacing бакалдары with 2
sym2int.pl: replacing аралаганда with 2
sym2int.pl: replacing шуудурап with 2
sym2int.pl: replacing бакалдан with 2
sym2int.pl: replacing тебеленип with 2
sym2int.pl: replacing такырайган with 2
sym2int.pl: replacing жабалактатып with 2
sym2int.pl: replacing созо with 2
sym2int.pl: replacing шыраалжындар with 2
sym2int.pl: replacing шыбактар with 2
sym2int.pl: replacing желге with 2
sym2int.pl: replacing ыргалышып with 2
sym2int.pl: replacing жыпардай with 2
sym2int.pl: replacing буруксутушат with 2
sym2int.pl: replacing салпактаган with 2
sym2int.pl: replacing кулалылар with 2
sym2int.pl: replacing болушкансып with 2
sym2int.pl: not warning for OOVs any more times
** Replaced 82 instances of OOVs with 2
LOG (compile-train-graphs[5.4.224~1-d4d9]:main():compile-train-graphs.cc:147) compile-train-graphs: succeeded for 16 graphs, failed for 0
# Accounting: time=3 threads=1
# Ended (code 0) at Thu Aug  2 13:25:48 UTC 2018, elapsed time 3 seconds
