# compile-train-graphs exp_atai-100A-mod/monophones/tree exp_atai-100A-mod/monophones/0.mdl data_atai-100A-mod/lang/L.fst "ark:sym2int.pl --map-oov 2 -f 2- data_atai-100A-mod/lang/words.txt < data_atai-100A-mod/train/split4/3/text|" "ark:|gzip -c >exp_atai-100A-mod/monophones/fsts.3.gz" 
# Started at Tue Jul 24 16:09:13 UTC 2018
#
compile-train-graphs exp_atai-100A-mod/monophones/tree exp_atai-100A-mod/monophones/0.mdl data_atai-100A-mod/lang/L.fst 'ark:sym2int.pl --map-oov 2 -f 2- data_atai-100A-mod/lang/words.txt < data_atai-100A-mod/train/split4/3/text|' 'ark:|gzip -c >exp_atai-100A-mod/monophones/fsts.3.gz' 
sym2int.pl: replacing султаналынын with 2
sym2int.pl: replacing үйбүлөсү with 2
sym2int.pl: replacing кубанычта with 2
sym2int.pl: replacing айдашмак with 2
sym2int.pl: replacing каларбыз with 2
sym2int.pl: replacing биринсерин with 2
sym2int.pl: replacing султаналы with 2
sym2int.pl: replacing аккызга with 2
sym2int.pl: replacing үйлөнгөндөн with 2
sym2int.pl: replacing оңолууда with 2
sym2int.pl: replacing дыйканчылыкты with 2
sym2int.pl: replacing топуга with 2
sym2int.pl: replacing сепкен with 2
sym2int.pl: replacing таруудан with 2
sym2int.pl: replacing аштыгын with 2
sym2int.pl: replacing санагандарга with 2
sym2int.pl: replacing чөйчөктөп with 2
sym2int.pl: replacing музоолуу with 2
sym2int.pl: replacing байлардан with 2
sym2int.pl: replacing кубанычтан with 2
sym2int.pl: not warning for OOVs any more times
** Replaced 109 instances of OOVs with 2
LOG (compile-train-graphs[5.4.217~1-8ae5]:main():compile-train-graphs.cc:147) compile-train-graphs: succeeded for 25 graphs, failed for 0
# Accounting: time=3 threads=1
# Ended (code 0) at Tue Jul 24 16:09:16 UTC 2018, elapsed time 3 seconds
