# compile-train-graphs exp_atai-100A-mod/monophones/tree exp_atai-100A-mod/monophones/0.mdl data_atai-100A-mod/lang/L.fst "ark:sym2int.pl --map-oov 2 -f 2- data_atai-100A-mod/lang/words.txt < data_atai-100A-mod/train/split32/16/text|" "ark:|gzip -c >exp_atai-100A-mod/monophones/fsts.16.gz" 
# Started at Thu Aug  2 13:25:45 UTC 2018
#
compile-train-graphs exp_atai-100A-mod/monophones/tree exp_atai-100A-mod/monophones/0.mdl data_atai-100A-mod/lang/L.fst 'ark:sym2int.pl --map-oov 2 -f 2- data_atai-100A-mod/lang/words.txt < data_atai-100A-mod/train/split32/16/text|' 'ark:|gzip -c >exp_atai-100A-mod/monophones/fsts.16.gz' 
sym2int.pl: replacing какшып with 2
sym2int.pl: replacing этияттоо with 2
sym2int.pl: replacing аккыз with 2
sym2int.pl: replacing күйөөсүнөн with 2
sym2int.pl: replacing жардынын with 2
sym2int.pl: replacing тыңы with 2
sym2int.pl: replacing аккыз with 2
sym2int.pl: replacing казанаяк with 2
sym2int.pl: replacing тиккич with 2
sym2int.pl: replacing аяктанбыяктан with 2
sym2int.pl: replacing өгүздүү with 2
sym2int.pl: replacing бурулчанын with 2
sym2int.pl: replacing туталанганы with 2
sym2int.pl: replacing токолдун with 2
sym2int.pl: replacing өргөөсүнө with 2
sym2int.pl: replacing буркулдап with 2
sym2int.pl: replacing жосунга with 2
sym2int.pl: replacing сыябы with 2
sym2int.pl: replacing капарында with 2
sym2int.pl: replacing көрөмбү with 2
sym2int.pl: not warning for OOVs any more times
** Replaced 76 instances of OOVs with 2
LOG (compile-train-graphs[5.4.224~1-d4d9]:main():compile-train-graphs.cc:147) compile-train-graphs: succeeded for 16 graphs, failed for 0
# Accounting: time=2 threads=1
# Ended (code 0) at Thu Aug  2 13:25:47 UTC 2018, elapsed time 2 seconds
