# compile-train-graphs exp_atai-100A-mod/monophones/tree exp_atai-100A-mod/monophones/0.mdl data_atai-100A-mod/lang/L.fst "ark:sym2int.pl --map-oov 2 -f 2- data_atai-100A-mod/lang/words.txt < data_atai-100A-mod/train/split32/10/text|" "ark:|gzip -c >exp_atai-100A-mod/monophones/fsts.10.gz" 
# Started at Thu Aug  2 13:25:45 UTC 2018
#
compile-train-graphs exp_atai-100A-mod/monophones/tree exp_atai-100A-mod/monophones/0.mdl data_atai-100A-mod/lang/L.fst 'ark:sym2int.pl --map-oov 2 -f 2- data_atai-100A-mod/lang/words.txt < data_atai-100A-mod/train/split32/10/text|' 'ark:|gzip -c >exp_atai-100A-mod/monophones/fsts.10.gz' 
sym2int.pl: replacing бактыңын with 2
sym2int.pl: replacing токтолгуң with 2
sym2int.pl: replacing аттоо with 2
sym2int.pl: replacing аттадың with 2
sym2int.pl: replacing өйүздө with 2
sym2int.pl: replacing дабышы with 2
sym2int.pl: replacing алышпады with 2
sym2int.pl: replacing бакыргылары with 2
sym2int.pl: replacing жалынгылары with 2
sym2int.pl: replacing чочушту with 2
sym2int.pl: replacing күүдөн with 2
sym2int.pl: replacing токтолгондо with 2
sym2int.pl: replacing абдыракманга with 2
sym2int.pl: replacing обдулду with 2
sym2int.pl: replacing садагаң with 2
sym2int.pl: replacing болоюнум with 2
sym2int.pl: replacing берекем with 2
sym2int.pl: replacing айнытып with 2
sym2int.pl: replacing момуюп with 2
sym2int.pl: replacing балааңдан with 2
sym2int.pl: not warning for OOVs any more times
** Replaced 51 instances of OOVs with 2
LOG (compile-train-graphs[5.4.224~1-d4d9]:main():compile-train-graphs.cc:147) compile-train-graphs: succeeded for 16 graphs, failed for 0
# Accounting: time=2 threads=1
# Ended (code 0) at Thu Aug  2 13:25:47 UTC 2018, elapsed time 2 seconds
