# compile-train-graphs exp_atai-100A-mod/monophones/tree exp_atai-100A-mod/monophones/0.mdl data_atai-100A-mod/lang/L.fst "ark:sym2int.pl --map-oov 2 -f 2- data_atai-100A-mod/lang/words.txt < data_atai-100A-mod/train/split32/14/text|" "ark:|gzip -c >exp_atai-100A-mod/monophones/fsts.14.gz" 
# Started at Thu Aug  2 13:25:45 UTC 2018
#
compile-train-graphs exp_atai-100A-mod/monophones/tree exp_atai-100A-mod/monophones/0.mdl data_atai-100A-mod/lang/L.fst 'ark:sym2int.pl --map-oov 2 -f 2- data_atai-100A-mod/lang/words.txt < data_atai-100A-mod/train/split32/14/text|' 'ark:|gzip -c >exp_atai-100A-mod/monophones/fsts.14.gz' 
sym2int.pl: replacing кучактай with 2
sym2int.pl: replacing терекке with 2
sym2int.pl: replacing сүйөнүп with 2
sym2int.pl: replacing булап with 2
sym2int.pl: replacing кобураган with 2
sym2int.pl: replacing салпылдап with 2
sym2int.pl: replacing үпүп with 2
sym2int.pl: replacing тарбагай with 2
sym2int.pl: replacing бутактын with 2
sym2int.pl: replacing коно with 2
sym2int.pl: replacing кышкыш with 2
sym2int.pl: replacing тажысын with 2
sym2int.pl: replacing үрпөйтүп with 2
sym2int.pl: replacing тумшугун with 2
sym2int.pl: replacing ийкеңдетип with 2
sym2int.pl: replacing сайрай with 2
sym2int.pl: replacing териштире with 2
sym2int.pl: replacing айтарлык with 2
sym2int.pl: replacing өнөрлүү with 2
sym2int.pl: replacing келинкыздарды with 2
sym2int.pl: not warning for OOVs any more times
** Replaced 55 instances of OOVs with 2
LOG (compile-train-graphs[5.4.224~1-d4d9]:main():compile-train-graphs.cc:147) compile-train-graphs: succeeded for 16 graphs, failed for 0
# Accounting: time=2 threads=1
# Ended (code 0) at Thu Aug  2 13:25:47 UTC 2018, elapsed time 2 seconds
