# compile-train-graphs exp_atai-100A-mod/monophones/tree exp_atai-100A-mod/monophones/0.mdl data_atai-100A-mod/lang/L.fst "ark:sym2int.pl --map-oov 2 -f 2- data_atai-100A-mod/lang/words.txt < data_atai-100A-mod/train/split32/31/text|" "ark:|gzip -c >exp_atai-100A-mod/monophones/fsts.31.gz" 
# Started at Thu Aug  2 13:25:45 UTC 2018
#
compile-train-graphs exp_atai-100A-mod/monophones/tree exp_atai-100A-mod/monophones/0.mdl data_atai-100A-mod/lang/L.fst 'ark:sym2int.pl --map-oov 2 -f 2- data_atai-100A-mod/lang/words.txt < data_atai-100A-mod/train/split32/31/text|' 'ark:|gzip -c >exp_atai-100A-mod/monophones/fsts.31.gz' 
sym2int.pl: replacing бышактаганын with 2
sym2int.pl: replacing жалдын with 2
sym2int.pl: replacing үйүрү with 2
sym2int.pl: replacing тангандай with 2
sym2int.pl: replacing элеңдей with 2
sym2int.pl: replacing кантээрин with 2
sym2int.pl: replacing айкырыгы with 2
sym2int.pl: replacing жалаңдаган with 2
sym2int.pl: replacing бакырыкты with 2
sym2int.pl: replacing шып with 2
sym2int.pl: replacing албагандай with 2
sym2int.pl: replacing сурана with 2
sym2int.pl: replacing аманбы with 2
sym2int.pl: replacing карбаластады with 2
sym2int.pl: replacing ордуңан with 2
sym2int.pl: replacing камчыны with 2
sym2int.pl: replacing көрөркөзгө with 2
** Replaced 17 instances of OOVs with 2
LOG (compile-train-graphs[5.4.224~1-d4d9]:main():compile-train-graphs.cc:147) compile-train-graphs: succeeded for 16 graphs, failed for 0
# Accounting: time=2 threads=1
# Ended (code 0) at Thu Aug  2 13:25:47 UTC 2018, elapsed time 2 seconds
