# compile-train-graphs exp_atai-100A-mod/monophones/tree exp_atai-100A-mod/monophones/0.mdl data_atai-100A-mod/lang/L.fst "ark:sym2int.pl --map-oov 2 -f 2- data_atai-100A-mod/lang/words.txt < data_atai-100A-mod/train/split32/24/text|" "ark:|gzip -c >exp_atai-100A-mod/monophones/fsts.24.gz" 
# Started at Thu Aug  2 13:25:45 UTC 2018
#
compile-train-graphs exp_atai-100A-mod/monophones/tree exp_atai-100A-mod/monophones/0.mdl data_atai-100A-mod/lang/L.fst 'ark:sym2int.pl --map-oov 2 -f 2- data_atai-100A-mod/lang/words.txt < data_atai-100A-mod/train/split32/24/text|' 'ark:|gzip -c >exp_atai-100A-mod/monophones/fsts.24.gz' 
sym2int.pl: replacing аккыз with 2
sym2int.pl: replacing таятасыныкына with 2
sym2int.pl: replacing бармай with 2
sym2int.pl: replacing атайды with 2
sym2int.pl: replacing кылдырмак with 2
sym2int.pl: replacing учкаштырган with 2
sym2int.pl: replacing аккыз with 2
sym2int.pl: replacing өтөр with 2
sym2int.pl: replacing сөзим with 2
sym2int.pl: replacing түйщүктүү with 2
sym2int.pl: replacing ылайлатып with 2
sym2int.pl: replacing аккыздын with 2
sym2int.pl: replacing аккыз with 2
sym2int.pl: replacing жантакбайдыкына with 2
sym2int.pl: replacing катташар with 2
sym2int.pl: replacing алардыкына with 2
sym2int.pl: replacing таятасыныкына with 2
sym2int.pl: replacing учурашуудан with 2
sym2int.pl: replacing сөзилчү with 2
sym2int.pl: replacing йсалкын with 2
sym2int.pl: not warning for OOVs any more times
** Replaced 35 instances of OOVs with 2
LOG (compile-train-graphs[5.4.224~1-d4d9]:main():compile-train-graphs.cc:147) compile-train-graphs: succeeded for 16 graphs, failed for 0
# Accounting: time=2 threads=1
# Ended (code 0) at Thu Aug  2 13:25:47 UTC 2018, elapsed time 2 seconds
