# compile-train-graphs exp_atai-100A-mod/monophones/tree exp_atai-100A-mod/monophones/0.mdl data_atai-100A-mod/lang/L.fst "ark:sym2int.pl --map-oov 2 -f 2- data_atai-100A-mod/lang/words.txt < data_atai-100A-mod/train/split32/23/text|" "ark:|gzip -c >exp_atai-100A-mod/monophones/fsts.23.gz" 
# Started at Thu Aug  2 13:25:45 UTC 2018
#
compile-train-graphs exp_atai-100A-mod/monophones/tree exp_atai-100A-mod/monophones/0.mdl data_atai-100A-mod/lang/L.fst 'ark:sym2int.pl --map-oov 2 -f 2- data_atai-100A-mod/lang/words.txt < data_atai-100A-mod/train/split32/23/text|' 'ark:|gzip -c >exp_atai-100A-mod/monophones/fsts.23.gz' 
sym2int.pl: replacing сынса with 2
sym2int.pl: replacing султаналынын with 2
sym2int.pl: replacing бүркөлө with 2
sym2int.pl: replacing субандын with 2
sym2int.pl: replacing баштаарын with 2
sym2int.pl: replacing туурдуктун with 2
sym2int.pl: replacing шыкалар with 2
sym2int.pl: replacing этияттанууну with 2
sym2int.pl: replacing кыткылыктап with 2
sym2int.pl: replacing күрмөсүнүн with 2
sym2int.pl: replacing жеңдерин with 2
sym2int.pl: replacing карысына with 2
sym2int.pl: replacing түрүнүп with 2
sym2int.pl: replacing кайимки with 2
sym2int.pl: replacing комузчуга with 2
sym2int.pl: replacing тарбалаңдаган with 2
sym2int.pl: replacing черткенге with 2
sym2int.pl: replacing чандырмундур with 2
sym2int.pl: replacing барбайган with 2
sym2int.pl: replacing матек with 2
sym2int.pl: not warning for OOVs any more times
** Replaced 52 instances of OOVs with 2
LOG (compile-train-graphs[5.4.224~1-d4d9]:main():compile-train-graphs.cc:147) compile-train-graphs: succeeded for 16 graphs, failed for 0
# Accounting: time=2 threads=1
# Ended (code 0) at Thu Aug  2 13:25:47 UTC 2018, elapsed time 2 seconds
