# compile-train-graphs exp_atai-100A-mod/monophones/tree exp_atai-100A-mod/monophones/0.mdl data_atai-100A-mod/lang/L.fst "ark:sym2int.pl --map-oov 2 -f 2- data_atai-100A-mod/lang/words.txt < data_atai-100A-mod/train/split32/9/text|" "ark:|gzip -c >exp_atai-100A-mod/monophones/fsts.9.gz" 
# Started at Thu Aug  2 13:25:45 UTC 2018
#
compile-train-graphs exp_atai-100A-mod/monophones/tree exp_atai-100A-mod/monophones/0.mdl data_atai-100A-mod/lang/L.fst 'ark:sym2int.pl --map-oov 2 -f 2- data_atai-100A-mod/lang/words.txt < data_atai-100A-mod/train/split32/9/text|' 'ark:|gzip -c >exp_atai-100A-mod/monophones/fsts.9.gz' 
sym2int.pl: replacing көнбөдү with 2
sym2int.pl: replacing титирейт with 2
sym2int.pl: replacing эпке with 2
sym2int.pl: replacing жасалгансып with 2
sym2int.pl: replacing шалкылдайт with 2
sym2int.pl: replacing төшөгүнүн with 2
sym2int.pl: replacing отурду with 2
sym2int.pl: replacing төшөгүнө with 2
sym2int.pl: replacing жыгылды with 2
sym2int.pl: replacing чертпейсиңби with 2
sym2int.pl: replacing дыңгыратып with 2
sym2int.pl: replacing толгой with 2
sym2int.pl: replacing шилтенгенин with 2
sym2int.pl: replacing керкейген with 2
sym2int.pl: replacing серке with 2
sym2int.pl: replacing сеңселтип with 2
sym2int.pl: replacing тикирейтип with 2
sym2int.pl: replacing атырылган with 2
sym2int.pl: replacing шыкала with 2
sym2int.pl: replacing серке with 2
sym2int.pl: not warning for OOVs any more times
** Replaced 43 instances of OOVs with 2
LOG (compile-train-graphs[5.4.224~1-d4d9]:main():compile-train-graphs.cc:147) compile-train-graphs: succeeded for 16 graphs, failed for 0
# Accounting: time=2 threads=1
# Ended (code 0) at Thu Aug  2 13:25:47 UTC 2018, elapsed time 2 seconds
