# compile-train-graphs exp_atai-100A-mod/monophones/tree exp_atai-100A-mod/monophones/0.mdl data_atai-100A-mod/lang/L.fst "ark:sym2int.pl --map-oov 2 -f 2- data_atai-100A-mod/lang/words.txt < data_atai-100A-mod/train/split32/13/text|" "ark:|gzip -c >exp_atai-100A-mod/monophones/fsts.13.gz" 
# Started at Thu Aug  2 13:25:45 UTC 2018
#
compile-train-graphs exp_atai-100A-mod/monophones/tree exp_atai-100A-mod/monophones/0.mdl data_atai-100A-mod/lang/L.fst 'ark:sym2int.pl --map-oov 2 -f 2- data_atai-100A-mod/lang/words.txt < data_atai-100A-mod/train/split32/13/text|' 'ark:|gzip -c >exp_atai-100A-mod/monophones/fsts.13.gz' 
sym2int.pl: replacing кудая with 2
sym2int.pl: replacing шүгүр with 2
sym2int.pl: replacing балпайып with 2
sym2int.pl: replacing талашпайт with 2
sym2int.pl: replacing даремети with 2
sym2int.pl: replacing кыйшайды with 2
sym2int.pl: replacing сунала with 2
sym2int.pl: replacing көккашаттын with 2
sym2int.pl: replacing арыктын with 2
sym2int.pl: replacing соройгон with 2
sym2int.pl: replacing сагызгандын with 2
sym2int.pl: replacing канатындай with 2
sym2int.pl: replacing алабула with 2
sym2int.pl: replacing бастырмалуу with 2
sym2int.pl: replacing ынтымактуулугун with 2
sym2int.pl: replacing энчилештигин with 2
sym2int.pl: replacing абеилденин with 2
sym2int.pl: replacing султаналы with 2
sym2int.pl: replacing огонбай with 2
sym2int.pl: replacing огонбай with 2
sym2int.pl: not warning for OOVs any more times
** Replaced 44 instances of OOVs with 2
LOG (compile-train-graphs[5.4.224~1-d4d9]:main():compile-train-graphs.cc:147) compile-train-graphs: succeeded for 16 graphs, failed for 0
# Accounting: time=2 threads=1
# Ended (code 0) at Thu Aug  2 13:25:47 UTC 2018, elapsed time 2 seconds
