# gmm-est --write-occs=exp_atai-100A-mod/monophones/8.occs --mix-up=269 --power=0.25 exp_atai-100A-mod/monophones/7.mdl "gmm-sum-accs - exp_atai-100A-mod/monophones/7.*.acc|" exp_atai-100A-mod/monophones/8.mdl 
# Started at Thu Aug  2 13:26:46 UTC 2018
#
gmm-est --write-occs=exp_atai-100A-mod/monophones/8.occs --mix-up=269 --power=0.25 exp_atai-100A-mod/monophones/7.mdl 'gmm-sum-accs - exp_atai-100A-mod/monophones/7.*.acc|' exp_atai-100A-mod/monophones/8.mdl 
gmm-sum-accs - exp_atai-100A-mod/monophones/7.1.acc exp_atai-100A-mod/monophones/7.10.acc exp_atai-100A-mod/monophones/7.11.acc exp_atai-100A-mod/monophones/7.12.acc exp_atai-100A-mod/monophones/7.13.acc exp_atai-100A-mod/monophones/7.14.acc exp_atai-100A-mod/monophones/7.15.acc exp_atai-100A-mod/monophones/7.16.acc exp_atai-100A-mod/monophones/7.17.acc exp_atai-100A-mod/monophones/7.18.acc exp_atai-100A-mod/monophones/7.19.acc exp_atai-100A-mod/monophones/7.2.acc exp_atai-100A-mod/monophones/7.20.acc exp_atai-100A-mod/monophones/7.21.acc exp_atai-100A-mod/monophones/7.22.acc exp_atai-100A-mod/monophones/7.23.acc exp_atai-100A-mod/monophones/7.24.acc exp_atai-100A-mod/monophones/7.25.acc exp_atai-100A-mod/monophones/7.26.acc exp_atai-100A-mod/monophones/7.27.acc exp_atai-100A-mod/monophones/7.28.acc exp_atai-100A-mod/monophones/7.29.acc exp_atai-100A-mod/monophones/7.3.acc exp_atai-100A-mod/monophones/7.30.acc exp_atai-100A-mod/monophones/7.31.acc exp_atai-100A-mod/monophones/7.32.acc exp_atai-100A-mod/monophones/7.4.acc exp_atai-100A-mod/monophones/7.5.acc exp_atai-100A-mod/monophones/7.6.acc exp_atai-100A-mod/monophones/7.7.acc exp_atai-100A-mod/monophones/7.8.acc exp_atai-100A-mod/monophones/7.9.acc 
LOG (gmm-sum-accs[5.4.224~1-d4d9]:main():gmm-sum-accs.cc:63) Summed 32 stats, total count 444705, avg like/frame -1.97299
LOG (gmm-sum-accs[5.4.224~1-d4d9]:main():gmm-sum-accs.cc:66) Total count of stats is 444705
LOG (gmm-sum-accs[5.4.224~1-d4d9]:main():gmm-sum-accs.cc:67) Written stats to -
LOG (gmm-est[5.4.224~1-d4d9]:MleUpdate():transition-model.cc:517) TransitionModel::Update, objf change is 0.00099825 per frame over 444705 frames. 
LOG (gmm-est[5.4.224~1-d4d9]:MleUpdate():transition-model.cc:520) 7 probabilities floored, 3 out of 89 transition-states skipped due to insuffient data (it is normal to have some skipped.)
LOG (gmm-est[5.4.224~1-d4d9]:main():gmm-est.cc:102) Transition model update: Overall 0.00099825 log-like improvement per frame over 444705 frames.
WARNING (gmm-est[5.4.224~1-d4d9]:MleDiagGmmUpdate():mle-diag-gmm.cc:365) Gaussian has too little data but not removing it because it is the last Gaussian: i = 0, occ = 1, weight = 1
WARNING (gmm-est[5.4.224~1-d4d9]:MleDiagGmmUpdate():mle-diag-gmm.cc:365) Gaussian has too little data but not removing it because it is the last Gaussian: i = 0, occ = 1, weight = 1
WARNING (gmm-est[5.4.224~1-d4d9]:MleDiagGmmUpdate():mle-diag-gmm.cc:365) Gaussian has too little data but not removing it because it is the last Gaussian: i = 0, occ = 1, weight = 1
WARNING (gmm-est[5.4.224~1-d4d9]:MleDiagGmmUpdate():mle-diag-gmm.cc:365) Gaussian has too little data but not removing it because it is the last Gaussian: i = 0, occ = 7, weight = 1
WARNING (gmm-est[5.4.224~1-d4d9]:MleDiagGmmUpdate():mle-diag-gmm.cc:365) Gaussian has too little data but not removing it because it is the last Gaussian: i = 0, occ = 7, weight = 1
WARNING (gmm-est[5.4.224~1-d4d9]:MleDiagGmmUpdate():mle-diag-gmm.cc:365) Gaussian has too little data but not removing it because it is the last Gaussian: i = 0, occ = 7, weight = 1
LOG (gmm-est[5.4.224~1-d4d9]:MleAmDiagGmmUpdate():mle-am-diag-gmm.cc:225) 103 variance elements floored in 63 Gaussians, out of 239
LOG (gmm-est[5.4.224~1-d4d9]:MleAmDiagGmmUpdate():mle-am-diag-gmm.cc:229) Removed 0 Gaussians due to counts < --min-gaussian-occupancy=10 and --remove-low-count-gaussians=true
LOG (gmm-est[5.4.224~1-d4d9]:main():gmm-est.cc:113) GMM update: Overall 0.215198 objective function improvement per frame over 444705 frames
LOG (gmm-est[5.4.224~1-d4d9]:main():gmm-est.cc:116) GMM update: Overall avg like per frame = -1.97299 over 444705 frames.
LOG (gmm-est[5.4.224~1-d4d9]:SplitByCount():am-diag-gmm.cc:116) Split 89 states with target = 269, power = 0.25, perturb_factor = 0.01 and min_count = 20, split #Gauss from 239 to 269
LOG (gmm-est[5.4.224~1-d4d9]:main():gmm-est.cc:146) Written model to exp_atai-100A-mod/monophones/8.mdl
# Accounting: time=0 threads=1
# Ended (code 0) at Thu Aug  2 13:26:46 UTC 2018, elapsed time 0 seconds
