# gmm-est --write-occs=exp_atai-100A-mod/monophones/16.occs --mix-up=509 --power=0.25 exp_atai-100A-mod/monophones/15.mdl "gmm-sum-accs - exp_atai-100A-mod/monophones/15.*.acc|" exp_atai-100A-mod/monophones/16.mdl 
# Started at Thu Aug  2 13:27:02 UTC 2018
#
gmm-est --write-occs=exp_atai-100A-mod/monophones/16.occs --mix-up=509 --power=0.25 exp_atai-100A-mod/monophones/15.mdl 'gmm-sum-accs - exp_atai-100A-mod/monophones/15.*.acc|' exp_atai-100A-mod/monophones/16.mdl 
gmm-sum-accs - exp_atai-100A-mod/monophones/15.1.acc exp_atai-100A-mod/monophones/15.10.acc exp_atai-100A-mod/monophones/15.11.acc exp_atai-100A-mod/monophones/15.12.acc exp_atai-100A-mod/monophones/15.13.acc exp_atai-100A-mod/monophones/15.14.acc exp_atai-100A-mod/monophones/15.15.acc exp_atai-100A-mod/monophones/15.16.acc exp_atai-100A-mod/monophones/15.17.acc exp_atai-100A-mod/monophones/15.18.acc exp_atai-100A-mod/monophones/15.19.acc exp_atai-100A-mod/monophones/15.2.acc exp_atai-100A-mod/monophones/15.20.acc exp_atai-100A-mod/monophones/15.21.acc exp_atai-100A-mod/monophones/15.22.acc exp_atai-100A-mod/monophones/15.23.acc exp_atai-100A-mod/monophones/15.24.acc exp_atai-100A-mod/monophones/15.25.acc exp_atai-100A-mod/monophones/15.26.acc exp_atai-100A-mod/monophones/15.27.acc exp_atai-100A-mod/monophones/15.28.acc exp_atai-100A-mod/monophones/15.29.acc exp_atai-100A-mod/monophones/15.3.acc exp_atai-100A-mod/monophones/15.30.acc exp_atai-100A-mod/monophones/15.31.acc exp_atai-100A-mod/monophones/15.32.acc exp_atai-100A-mod/monophones/15.4.acc exp_atai-100A-mod/monophones/15.5.acc exp_atai-100A-mod/monophones/15.6.acc exp_atai-100A-mod/monophones/15.7.acc exp_atai-100A-mod/monophones/15.8.acc exp_atai-100A-mod/monophones/15.9.acc 
LOG (gmm-sum-accs[5.4.224~1-d4d9]:main():gmm-sum-accs.cc:63) Summed 32 stats, total count 444505, avg like/frame 0.259791
LOG (gmm-sum-accs[5.4.224~1-d4d9]:main():gmm-sum-accs.cc:66) Total count of stats is 444505
LOG (gmm-sum-accs[5.4.224~1-d4d9]:main():gmm-sum-accs.cc:67) Written stats to -
LOG (gmm-est[5.4.224~1-d4d9]:MleUpdate():transition-model.cc:517) TransitionModel::Update, objf change is 0 per frame over 444505 frames. 
LOG (gmm-est[5.4.224~1-d4d9]:MleUpdate():transition-model.cc:520) 7 probabilities floored, 3 out of 89 transition-states skipped due to insuffient data (it is normal to have some skipped.)
LOG (gmm-est[5.4.224~1-d4d9]:main():gmm-est.cc:102) Transition model update: Overall 0 log-like improvement per frame over 444505 frames.
WARNING (gmm-est[5.4.224~1-d4d9]:MleDiagGmmUpdate():mle-diag-gmm.cc:365) Gaussian has too little data but not removing it because it is the last Gaussian: i = 0, occ = 2, weight = 1
WARNING (gmm-est[5.4.224~1-d4d9]:MleDiagGmmUpdate():mle-diag-gmm.cc:365) Gaussian has too little data but not removing it because it is the last Gaussian: i = 0, occ = 2, weight = 1
WARNING (gmm-est[5.4.224~1-d4d9]:MleDiagGmmUpdate():mle-diag-gmm.cc:365) Gaussian has too little data but not removing it because it is the last Gaussian: i = 0, occ = 2, weight = 1
WARNING (gmm-est[5.4.224~1-d4d9]:MleDiagGmmUpdate():mle-diag-gmm.cc:365) Gaussian has too little data but not removing it because it is the last Gaussian: i = 0, occ = 7, weight = 1
WARNING (gmm-est[5.4.224~1-d4d9]:MleDiagGmmUpdate():mle-diag-gmm.cc:365) Gaussian has too little data but not removing it because it is the last Gaussian: i = 0, occ = 7, weight = 1
WARNING (gmm-est[5.4.224~1-d4d9]:MleDiagGmmUpdate():mle-diag-gmm.cc:365) Gaussian has too little data but not removing it because it is the last Gaussian: i = 0, occ = 7, weight = 1
LOG (gmm-est[5.4.224~1-d4d9]:MleAmDiagGmmUpdate():mle-am-diag-gmm.cc:225) 329 variance elements floored in 197 Gaussians, out of 479
LOG (gmm-est[5.4.224~1-d4d9]:MleAmDiagGmmUpdate():mle-am-diag-gmm.cc:229) Removed 0 Gaussians due to counts < --min-gaussian-occupancy=10 and --remove-low-count-gaussians=true
LOG (gmm-est[5.4.224~1-d4d9]:main():gmm-est.cc:113) GMM update: Overall 0.0644769 objective function improvement per frame over 444505 frames
LOG (gmm-est[5.4.224~1-d4d9]:main():gmm-est.cc:116) GMM update: Overall avg like per frame = 0.259791 over 444505 frames.
LOG (gmm-est[5.4.224~1-d4d9]:SplitByCount():am-diag-gmm.cc:116) Split 89 states with target = 509, power = 0.25, perturb_factor = 0.01 and min_count = 20, split #Gauss from 479 to 509
LOG (gmm-est[5.4.224~1-d4d9]:main():gmm-est.cc:146) Written model to exp_atai-100A-mod/monophones/16.mdl
# Accounting: time=0 threads=1
# Ended (code 0) at Thu Aug  2 13:27:02 UTC 2018, elapsed time 0 seconds
