# gmm-est --write-occs=exp_atai-100A-mod/monophones/18.occs --mix-up=569 --power=0.25 exp_atai-100A-mod/monophones/17.mdl "gmm-sum-accs - exp_atai-100A-mod/monophones/17.*.acc|" exp_atai-100A-mod/monophones/18.mdl 
# Started at Thu Aug  2 13:27:05 UTC 2018
#
gmm-est --write-occs=exp_atai-100A-mod/monophones/18.occs --mix-up=569 --power=0.25 exp_atai-100A-mod/monophones/17.mdl 'gmm-sum-accs - exp_atai-100A-mod/monophones/17.*.acc|' exp_atai-100A-mod/monophones/18.mdl 
gmm-sum-accs - exp_atai-100A-mod/monophones/17.1.acc exp_atai-100A-mod/monophones/17.10.acc exp_atai-100A-mod/monophones/17.11.acc exp_atai-100A-mod/monophones/17.12.acc exp_atai-100A-mod/monophones/17.13.acc exp_atai-100A-mod/monophones/17.14.acc exp_atai-100A-mod/monophones/17.15.acc exp_atai-100A-mod/monophones/17.16.acc exp_atai-100A-mod/monophones/17.17.acc exp_atai-100A-mod/monophones/17.18.acc exp_atai-100A-mod/monophones/17.19.acc exp_atai-100A-mod/monophones/17.2.acc exp_atai-100A-mod/monophones/17.20.acc exp_atai-100A-mod/monophones/17.21.acc exp_atai-100A-mod/monophones/17.22.acc exp_atai-100A-mod/monophones/17.23.acc exp_atai-100A-mod/monophones/17.24.acc exp_atai-100A-mod/monophones/17.25.acc exp_atai-100A-mod/monophones/17.26.acc exp_atai-100A-mod/monophones/17.27.acc exp_atai-100A-mod/monophones/17.28.acc exp_atai-100A-mod/monophones/17.29.acc exp_atai-100A-mod/monophones/17.3.acc exp_atai-100A-mod/monophones/17.30.acc exp_atai-100A-mod/monophones/17.31.acc exp_atai-100A-mod/monophones/17.32.acc exp_atai-100A-mod/monophones/17.4.acc exp_atai-100A-mod/monophones/17.5.acc exp_atai-100A-mod/monophones/17.6.acc exp_atai-100A-mod/monophones/17.7.acc exp_atai-100A-mod/monophones/17.8.acc exp_atai-100A-mod/monophones/17.9.acc 
LOG (gmm-sum-accs[5.4.224~1-d4d9]:main():gmm-sum-accs.cc:63) Summed 32 stats, total count 445799, avg like/frame 0.638011
LOG (gmm-sum-accs[5.4.224~1-d4d9]:main():gmm-sum-accs.cc:66) Total count of stats is 445799
LOG (gmm-sum-accs[5.4.224~1-d4d9]:main():gmm-sum-accs.cc:67) Written stats to -
LOG (gmm-est[5.4.224~1-d4d9]:MleUpdate():transition-model.cc:517) TransitionModel::Update, objf change is -5.65563e-11 per frame over 445799 frames. 
LOG (gmm-est[5.4.224~1-d4d9]:MleUpdate():transition-model.cc:520) 7 probabilities floored, 3 out of 89 transition-states skipped due to insuffient data (it is normal to have some skipped.)
LOG (gmm-est[5.4.224~1-d4d9]:main():gmm-est.cc:102) Transition model update: Overall -5.65563e-11 log-like improvement per frame over 445799 frames.
WARNING (gmm-est[5.4.224~1-d4d9]:MleDiagGmmUpdate():mle-diag-gmm.cc:365) Gaussian has too little data but not removing it because it is the last Gaussian: i = 0, occ = 2, weight = 1
WARNING (gmm-est[5.4.224~1-d4d9]:MleDiagGmmUpdate():mle-diag-gmm.cc:365) Gaussian has too little data but not removing it because it is the last Gaussian: i = 0, occ = 2, weight = 1
WARNING (gmm-est[5.4.224~1-d4d9]:MleDiagGmmUpdate():mle-diag-gmm.cc:365) Gaussian has too little data but not removing it because it is the last Gaussian: i = 0, occ = 2, weight = 1
WARNING (gmm-est[5.4.224~1-d4d9]:MleDiagGmmUpdate():mle-diag-gmm.cc:365) Gaussian has too little data but not removing it because it is the last Gaussian: i = 0, occ = 7, weight = 1
WARNING (gmm-est[5.4.224~1-d4d9]:MleDiagGmmUpdate():mle-diag-gmm.cc:365) Gaussian has too little data but not removing it because it is the last Gaussian: i = 0, occ = 7, weight = 1
WARNING (gmm-est[5.4.224~1-d4d9]:MleDiagGmmUpdate():mle-diag-gmm.cc:365) Gaussian has too little data but not removing it because it is the last Gaussian: i = 0, occ = 7, weight = 1
LOG (gmm-est[5.4.224~1-d4d9]:MleAmDiagGmmUpdate():mle-am-diag-gmm.cc:225) 395 variance elements floored in 234 Gaussians, out of 539
LOG (gmm-est[5.4.224~1-d4d9]:MleAmDiagGmmUpdate():mle-am-diag-gmm.cc:229) Removed 0 Gaussians due to counts < --min-gaussian-occupancy=10 and --remove-low-count-gaussians=true
LOG (gmm-est[5.4.224~1-d4d9]:main():gmm-est.cc:113) GMM update: Overall 0.060511 objective function improvement per frame over 445799 frames
LOG (gmm-est[5.4.224~1-d4d9]:main():gmm-est.cc:116) GMM update: Overall avg like per frame = 0.638011 over 445799 frames.
LOG (gmm-est[5.4.224~1-d4d9]:SplitByCount():am-diag-gmm.cc:116) Split 89 states with target = 569, power = 0.25, perturb_factor = 0.01 and min_count = 20, split #Gauss from 539 to 569
LOG (gmm-est[5.4.224~1-d4d9]:main():gmm-est.cc:146) Written model to exp_atai-100A-mod/monophones/18.mdl
# Accounting: time=1 threads=1
# Ended (code 0) at Thu Aug  2 13:27:06 UTC 2018, elapsed time 1 seconds
