# gmm-est --write-occs=exp_atai-100A-mod/monophones/13.occs --mix-up=419 --power=0.25 exp_atai-100A-mod/monophones/12.mdl "gmm-sum-accs - exp_atai-100A-mod/monophones/12.*.acc|" exp_atai-100A-mod/monophones/13.mdl 
# Started at Thu Aug  2 13:26:58 UTC 2018
#
gmm-est --write-occs=exp_atai-100A-mod/monophones/13.occs --mix-up=419 --power=0.25 exp_atai-100A-mod/monophones/12.mdl 'gmm-sum-accs - exp_atai-100A-mod/monophones/12.*.acc|' exp_atai-100A-mod/monophones/13.mdl 
gmm-sum-accs - exp_atai-100A-mod/monophones/12.1.acc exp_atai-100A-mod/monophones/12.10.acc exp_atai-100A-mod/monophones/12.11.acc exp_atai-100A-mod/monophones/12.12.acc exp_atai-100A-mod/monophones/12.13.acc exp_atai-100A-mod/monophones/12.14.acc exp_atai-100A-mod/monophones/12.15.acc exp_atai-100A-mod/monophones/12.16.acc exp_atai-100A-mod/monophones/12.17.acc exp_atai-100A-mod/monophones/12.18.acc exp_atai-100A-mod/monophones/12.19.acc exp_atai-100A-mod/monophones/12.2.acc exp_atai-100A-mod/monophones/12.20.acc exp_atai-100A-mod/monophones/12.21.acc exp_atai-100A-mod/monophones/12.22.acc exp_atai-100A-mod/monophones/12.23.acc exp_atai-100A-mod/monophones/12.24.acc exp_atai-100A-mod/monophones/12.25.acc exp_atai-100A-mod/monophones/12.26.acc exp_atai-100A-mod/monophones/12.27.acc exp_atai-100A-mod/monophones/12.28.acc exp_atai-100A-mod/monophones/12.29.acc exp_atai-100A-mod/monophones/12.3.acc exp_atai-100A-mod/monophones/12.30.acc exp_atai-100A-mod/monophones/12.31.acc exp_atai-100A-mod/monophones/12.32.acc exp_atai-100A-mod/monophones/12.4.acc exp_atai-100A-mod/monophones/12.5.acc exp_atai-100A-mod/monophones/12.6.acc exp_atai-100A-mod/monophones/12.7.acc exp_atai-100A-mod/monophones/12.8.acc exp_atai-100A-mod/monophones/12.9.acc 
LOG (gmm-sum-accs[5.4.224~1-d4d9]:main():gmm-sum-accs.cc:63) Summed 32 stats, total count 446150, avg like/frame -0.367148
LOG (gmm-sum-accs[5.4.224~1-d4d9]:main():gmm-sum-accs.cc:66) Total count of stats is 446150
LOG (gmm-sum-accs[5.4.224~1-d4d9]:main():gmm-sum-accs.cc:67) Written stats to -
LOG (gmm-est[5.4.224~1-d4d9]:MleUpdate():transition-model.cc:517) TransitionModel::Update, objf change is 0.000707283 per frame over 446150 frames. 
LOG (gmm-est[5.4.224~1-d4d9]:MleUpdate():transition-model.cc:520) 7 probabilities floored, 3 out of 89 transition-states skipped due to insuffient data (it is normal to have some skipped.)
LOG (gmm-est[5.4.224~1-d4d9]:main():gmm-est.cc:102) Transition model update: Overall 0.000707283 log-like improvement per frame over 446150 frames.
WARNING (gmm-est[5.4.224~1-d4d9]:MleDiagGmmUpdate():mle-diag-gmm.cc:365) Gaussian has too little data but not removing it because it is the last Gaussian: i = 0, occ = 2, weight = 1
WARNING (gmm-est[5.4.224~1-d4d9]:MleDiagGmmUpdate():mle-diag-gmm.cc:365) Gaussian has too little data but not removing it because it is the last Gaussian: i = 0, occ = 2, weight = 1
WARNING (gmm-est[5.4.224~1-d4d9]:MleDiagGmmUpdate():mle-diag-gmm.cc:365) Gaussian has too little data but not removing it because it is the last Gaussian: i = 0, occ = 2, weight = 1
WARNING (gmm-est[5.4.224~1-d4d9]:MleDiagGmmUpdate():mle-diag-gmm.cc:365) Gaussian has too little data but not removing it because it is the last Gaussian: i = 0, occ = 7, weight = 1
WARNING (gmm-est[5.4.224~1-d4d9]:MleDiagGmmUpdate():mle-diag-gmm.cc:365) Gaussian has too little data but not removing it because it is the last Gaussian: i = 0, occ = 7, weight = 1
WARNING (gmm-est[5.4.224~1-d4d9]:MleDiagGmmUpdate():mle-diag-gmm.cc:365) Gaussian has too little data but not removing it because it is the last Gaussian: i = 0, occ = 7, weight = 1
LOG (gmm-est[5.4.224~1-d4d9]:MleAmDiagGmmUpdate():mle-am-diag-gmm.cc:225) 240 variance elements floored in 145 Gaussians, out of 389
LOG (gmm-est[5.4.224~1-d4d9]:MleAmDiagGmmUpdate():mle-am-diag-gmm.cc:229) Removed 0 Gaussians due to counts < --min-gaussian-occupancy=10 and --remove-low-count-gaussians=true
LOG (gmm-est[5.4.224~1-d4d9]:main():gmm-est.cc:113) GMM update: Overall 0.138465 objective function improvement per frame over 446150 frames
LOG (gmm-est[5.4.224~1-d4d9]:main():gmm-est.cc:116) GMM update: Overall avg like per frame = -0.367148 over 446150 frames.
LOG (gmm-est[5.4.224~1-d4d9]:SplitByCount():am-diag-gmm.cc:116) Split 89 states with target = 419, power = 0.25, perturb_factor = 0.01 and min_count = 20, split #Gauss from 389 to 419
LOG (gmm-est[5.4.224~1-d4d9]:main():gmm-est.cc:146) Written model to exp_atai-100A-mod/monophones/13.mdl
# Accounting: time=1 threads=1
# Ended (code 0) at Thu Aug  2 13:26:59 UTC 2018, elapsed time 1 seconds
