# gmm-est --write-occs=exp_atai-100A-mod/monophones/15.occs --mix-up=479 --power=0.25 exp_atai-100A-mod/monophones/14.mdl "gmm-sum-accs - exp_atai-100A-mod/monophones/14.*.acc|" exp_atai-100A-mod/monophones/15.mdl 
# Started at Thu Aug  2 13:27:02 UTC 2018
#
gmm-est --write-occs=exp_atai-100A-mod/monophones/15.occs --mix-up=479 --power=0.25 exp_atai-100A-mod/monophones/14.mdl 'gmm-sum-accs - exp_atai-100A-mod/monophones/14.*.acc|' exp_atai-100A-mod/monophones/15.mdl 
gmm-sum-accs - exp_atai-100A-mod/monophones/14.1.acc exp_atai-100A-mod/monophones/14.10.acc exp_atai-100A-mod/monophones/14.11.acc exp_atai-100A-mod/monophones/14.12.acc exp_atai-100A-mod/monophones/14.13.acc exp_atai-100A-mod/monophones/14.14.acc exp_atai-100A-mod/monophones/14.15.acc exp_atai-100A-mod/monophones/14.16.acc exp_atai-100A-mod/monophones/14.17.acc exp_atai-100A-mod/monophones/14.18.acc exp_atai-100A-mod/monophones/14.19.acc exp_atai-100A-mod/monophones/14.2.acc exp_atai-100A-mod/monophones/14.20.acc exp_atai-100A-mod/monophones/14.21.acc exp_atai-100A-mod/monophones/14.22.acc exp_atai-100A-mod/monophones/14.23.acc exp_atai-100A-mod/monophones/14.24.acc exp_atai-100A-mod/monophones/14.25.acc exp_atai-100A-mod/monophones/14.26.acc exp_atai-100A-mod/monophones/14.27.acc exp_atai-100A-mod/monophones/14.28.acc exp_atai-100A-mod/monophones/14.29.acc exp_atai-100A-mod/monophones/14.3.acc exp_atai-100A-mod/monophones/14.30.acc exp_atai-100A-mod/monophones/14.31.acc exp_atai-100A-mod/monophones/14.32.acc exp_atai-100A-mod/monophones/14.4.acc exp_atai-100A-mod/monophones/14.5.acc exp_atai-100A-mod/monophones/14.6.acc exp_atai-100A-mod/monophones/14.7.acc exp_atai-100A-mod/monophones/14.8.acc exp_atai-100A-mod/monophones/14.9.acc 
LOG (gmm-sum-accs[5.4.224~1-d4d9]:main():gmm-sum-accs.cc:63) Summed 32 stats, total count 444505, avg like/frame 0.0839693
LOG (gmm-sum-accs[5.4.224~1-d4d9]:main():gmm-sum-accs.cc:66) Total count of stats is 444505
LOG (gmm-sum-accs[5.4.224~1-d4d9]:main():gmm-sum-accs.cc:67) Written stats to -
LOG (gmm-est[5.4.224~1-d4d9]:MleUpdate():transition-model.cc:517) TransitionModel::Update, objf change is 0.000419205 per frame over 444505 frames. 
LOG (gmm-est[5.4.224~1-d4d9]:MleUpdate():transition-model.cc:520) 7 probabilities floored, 3 out of 89 transition-states skipped due to insuffient data (it is normal to have some skipped.)
LOG (gmm-est[5.4.224~1-d4d9]:main():gmm-est.cc:102) Transition model update: Overall 0.000419205 log-like improvement per frame over 444505 frames.
WARNING (gmm-est[5.4.224~1-d4d9]:MleDiagGmmUpdate():mle-diag-gmm.cc:365) Gaussian has too little data but not removing it because it is the last Gaussian: i = 0, occ = 2, weight = 1
WARNING (gmm-est[5.4.224~1-d4d9]:MleDiagGmmUpdate():mle-diag-gmm.cc:365) Gaussian has too little data but not removing it because it is the last Gaussian: i = 0, occ = 2, weight = 1
WARNING (gmm-est[5.4.224~1-d4d9]:MleDiagGmmUpdate():mle-diag-gmm.cc:365) Gaussian has too little data but not removing it because it is the last Gaussian: i = 0, occ = 2, weight = 1
WARNING (gmm-est[5.4.224~1-d4d9]:MleDiagGmmUpdate():mle-diag-gmm.cc:365) Gaussian has too little data but not removing it because it is the last Gaussian: i = 0, occ = 7, weight = 1
WARNING (gmm-est[5.4.224~1-d4d9]:MleDiagGmmUpdate():mle-diag-gmm.cc:365) Gaussian has too little data but not removing it because it is the last Gaussian: i = 0, occ = 7, weight = 1
WARNING (gmm-est[5.4.224~1-d4d9]:MleDiagGmmUpdate():mle-diag-gmm.cc:365) Gaussian has too little data but not removing it because it is the last Gaussian: i = 0, occ = 7, weight = 1
LOG (gmm-est[5.4.224~1-d4d9]:MleAmDiagGmmUpdate():mle-am-diag-gmm.cc:225) 307 variance elements floored in 187 Gaussians, out of 449
LOG (gmm-est[5.4.224~1-d4d9]:MleAmDiagGmmUpdate():mle-am-diag-gmm.cc:229) Removed 0 Gaussians due to counts < --min-gaussian-occupancy=10 and --remove-low-count-gaussians=true
LOG (gmm-est[5.4.224~1-d4d9]:main():gmm-est.cc:113) GMM update: Overall 0.112013 objective function improvement per frame over 444505 frames
LOG (gmm-est[5.4.224~1-d4d9]:main():gmm-est.cc:116) GMM update: Overall avg like per frame = 0.0839693 over 444505 frames.
LOG (gmm-est[5.4.224~1-d4d9]:SplitByCount():am-diag-gmm.cc:116) Split 89 states with target = 479, power = 0.25, perturb_factor = 0.01 and min_count = 20, split #Gauss from 449 to 479
LOG (gmm-est[5.4.224~1-d4d9]:main():gmm-est.cc:146) Written model to exp_atai-100A-mod/monophones/15.mdl
# Accounting: time=0 threads=1
# Ended (code 0) at Thu Aug  2 13:27:02 UTC 2018, elapsed time 0 seconds
