# gmm-est --write-occs=exp_atai-100A-mod/monophones/3.occs --mix-up=119 --power=0.25 exp_atai-100A-mod/monophones/2.mdl "gmm-sum-accs - exp_atai-100A-mod/monophones/2.*.acc|" exp_atai-100A-mod/monophones/3.mdl 
# Started at Thu Aug  2 13:26:28 UTC 2018
#
gmm-est --write-occs=exp_atai-100A-mod/monophones/3.occs --mix-up=119 --power=0.25 exp_atai-100A-mod/monophones/2.mdl 'gmm-sum-accs - exp_atai-100A-mod/monophones/2.*.acc|' exp_atai-100A-mod/monophones/3.mdl 
gmm-sum-accs - exp_atai-100A-mod/monophones/2.1.acc exp_atai-100A-mod/monophones/2.10.acc exp_atai-100A-mod/monophones/2.11.acc exp_atai-100A-mod/monophones/2.12.acc exp_atai-100A-mod/monophones/2.13.acc exp_atai-100A-mod/monophones/2.14.acc exp_atai-100A-mod/monophones/2.15.acc exp_atai-100A-mod/monophones/2.16.acc exp_atai-100A-mod/monophones/2.17.acc exp_atai-100A-mod/monophones/2.18.acc exp_atai-100A-mod/monophones/2.19.acc exp_atai-100A-mod/monophones/2.2.acc exp_atai-100A-mod/monophones/2.20.acc exp_atai-100A-mod/monophones/2.21.acc exp_atai-100A-mod/monophones/2.22.acc exp_atai-100A-mod/monophones/2.23.acc exp_atai-100A-mod/monophones/2.24.acc exp_atai-100A-mod/monophones/2.25.acc exp_atai-100A-mod/monophones/2.26.acc exp_atai-100A-mod/monophones/2.27.acc exp_atai-100A-mod/monophones/2.28.acc exp_atai-100A-mod/monophones/2.29.acc exp_atai-100A-mod/monophones/2.3.acc exp_atai-100A-mod/monophones/2.30.acc exp_atai-100A-mod/monophones/2.31.acc exp_atai-100A-mod/monophones/2.32.acc exp_atai-100A-mod/monophones/2.4.acc exp_atai-100A-mod/monophones/2.5.acc exp_atai-100A-mod/monophones/2.6.acc exp_atai-100A-mod/monophones/2.7.acc exp_atai-100A-mod/monophones/2.8.acc exp_atai-100A-mod/monophones/2.9.acc 
LOG (gmm-sum-accs[5.4.224~1-d4d9]:main():gmm-sum-accs.cc:63) Summed 32 stats, total count 446150, avg like/frame -4.53452
LOG (gmm-sum-accs[5.4.224~1-d4d9]:main():gmm-sum-accs.cc:66) Total count of stats is 446150
LOG (gmm-sum-accs[5.4.224~1-d4d9]:main():gmm-sum-accs.cc:67) Written stats to -
LOG (gmm-est[5.4.224~1-d4d9]:MleUpdate():transition-model.cc:517) TransitionModel::Update, objf change is 0.0226977 per frame over 446150 frames. 
LOG (gmm-est[5.4.224~1-d4d9]:MleUpdate():transition-model.cc:520) 8 probabilities floored, 2 out of 89 transition-states skipped due to insuffient data (it is normal to have some skipped.)
LOG (gmm-est[5.4.224~1-d4d9]:main():gmm-est.cc:102) Transition model update: Overall 0.0226977 log-like improvement per frame over 446150 frames.
WARNING (gmm-est[5.4.224~1-d4d9]:MleDiagGmmUpdate():mle-diag-gmm.cc:365) Gaussian has too little data but not removing it because it is the last Gaussian: i = 0, occ = 3, weight = 1
WARNING (gmm-est[5.4.224~1-d4d9]:MleDiagGmmUpdate():mle-diag-gmm.cc:365) Gaussian has too little data but not removing it because it is the last Gaussian: i = 0, occ = 3, weight = 1
WARNING (gmm-est[5.4.224~1-d4d9]:MleDiagGmmUpdate():mle-diag-gmm.cc:365) Gaussian has too little data but not removing it because it is the last Gaussian: i = 0, occ = 7, weight = 1
WARNING (gmm-est[5.4.224~1-d4d9]:MleDiagGmmUpdate():mle-diag-gmm.cc:365) Gaussian has too little data but not removing it because it is the last Gaussian: i = 0, occ = 7, weight = 1
WARNING (gmm-est[5.4.224~1-d4d9]:MleDiagGmmUpdate():mle-diag-gmm.cc:365) Gaussian has too little data but not removing it because it is the last Gaussian: i = 0, occ = 7, weight = 1
LOG (gmm-est[5.4.224~1-d4d9]:MleAmDiagGmmUpdate():mle-am-diag-gmm.cc:225) 10 variance elements floored in 8 Gaussians, out of 89
LOG (gmm-est[5.4.224~1-d4d9]:MleAmDiagGmmUpdate():mle-am-diag-gmm.cc:229) Removed 0 Gaussians due to counts < --min-gaussian-occupancy=10 and --remove-low-count-gaussians=true
LOG (gmm-est[5.4.224~1-d4d9]:main():gmm-est.cc:113) GMM update: Overall 0.565935 objective function improvement per frame over 446150 frames
LOG (gmm-est[5.4.224~1-d4d9]:main():gmm-est.cc:116) GMM update: Overall avg like per frame = -4.53452 over 446150 frames.
LOG (gmm-est[5.4.224~1-d4d9]:SplitByCount():am-diag-gmm.cc:116) Split 89 states with target = 119, power = 0.25, perturb_factor = 0.01 and min_count = 20, split #Gauss from 89 to 119
LOG (gmm-est[5.4.224~1-d4d9]:main():gmm-est.cc:146) Written model to exp_atai-100A-mod/monophones/3.mdl
# Accounting: time=0 threads=1
# Ended (code 0) at Thu Aug  2 13:26:28 UTC 2018, elapsed time 0 seconds
