# gmm-est --write-occs=exp_atai-100A-mod/monophones/5.occs --mix-up=179 --power=0.25 exp_atai-100A-mod/monophones/4.mdl "gmm-sum-accs - exp_atai-100A-mod/monophones/4.*.acc|" exp_atai-100A-mod/monophones/5.mdl 
# Started at Tue Jul 24 16:09:47 UTC 2018
#
gmm-est --write-occs=exp_atai-100A-mod/monophones/5.occs --mix-up=179 --power=0.25 exp_atai-100A-mod/monophones/4.mdl 'gmm-sum-accs - exp_atai-100A-mod/monophones/4.*.acc|' exp_atai-100A-mod/monophones/5.mdl 
gmm-sum-accs - exp_atai-100A-mod/monophones/4.1.acc exp_atai-100A-mod/monophones/4.2.acc exp_atai-100A-mod/monophones/4.3.acc exp_atai-100A-mod/monophones/4.4.acc 
LOG (gmm-sum-accs[5.4.217~1-8ae5]:main():gmm-sum-accs.cc:63) Summed 4 stats, total count 88820, avg like/frame -3.10523
LOG (gmm-sum-accs[5.4.217~1-8ae5]:main():gmm-sum-accs.cc:66) Total count of stats is 88820
LOG (gmm-sum-accs[5.4.217~1-8ae5]:main():gmm-sum-accs.cc:67) Written stats to -
LOG (gmm-est[5.4.217~1-8ae5]:MleUpdate():transition-model.cc:517) TransitionModel::Update, objf change is 0.00285036 per frame over 88820 frames. 
LOG (gmm-est[5.4.217~1-8ae5]:MleUpdate():transition-model.cc:520) 8 probabilities floored, 6 out of 89 transition-states skipped due to insuffient data (it is normal to have some skipped.)
LOG (gmm-est[5.4.217~1-8ae5]:main():gmm-est.cc:102) Transition model update: Overall 0.00285036 log-like improvement per frame over 88820 frames.
WARNING (gmm-est[5.4.217~1-8ae5]:MleDiagGmmUpdate():mle-diag-gmm.cc:365) Gaussian has too little data but not removing it because it is the last Gaussian: i = 0, occ = 0, weight = 1
WARNING (gmm-est[5.4.217~1-8ae5]:MleDiagGmmUpdate():mle-diag-gmm.cc:365) Gaussian has too little data but not removing it because it is the last Gaussian: i = 0, occ = 0, weight = 1
WARNING (gmm-est[5.4.217~1-8ae5]:MleDiagGmmUpdate():mle-diag-gmm.cc:365) Gaussian has too little data but not removing it because it is the last Gaussian: i = 0, occ = 0, weight = 1
WARNING (gmm-est[5.4.217~1-8ae5]:MleDiagGmmUpdate():mle-diag-gmm.cc:365) Gaussian has too little data but not removing it because it is the last Gaussian: i = 0, occ = 1, weight = 1
WARNING (gmm-est[5.4.217~1-8ae5]:MleDiagGmmUpdate():mle-diag-gmm.cc:365) Gaussian has too little data but not removing it because it is the last Gaussian: i = 0, occ = 1, weight = 1
WARNING (gmm-est[5.4.217~1-8ae5]:MleDiagGmmUpdate():mle-diag-gmm.cc:365) Gaussian has too little data but not removing it because it is the last Gaussian: i = 0, occ = 2, weight = 1
LOG (gmm-est[5.4.217~1-8ae5]:MleAmDiagGmmUpdate():mle-am-diag-gmm.cc:225) 34 variance elements floored in 29 Gaussians, out of 149
LOG (gmm-est[5.4.217~1-8ae5]:MleAmDiagGmmUpdate():mle-am-diag-gmm.cc:229) Removed 0 Gaussians due to counts < --min-gaussian-occupancy=10 and --remove-low-count-gaussians=true
LOG (gmm-est[5.4.217~1-8ae5]:main():gmm-est.cc:113) GMM update: Overall 0.159491 objective function improvement per frame over 88820 frames
LOG (gmm-est[5.4.217~1-8ae5]:main():gmm-est.cc:116) GMM update: Overall avg like per frame = -3.10523 over 88820 frames.
LOG (gmm-est[5.4.217~1-8ae5]:SplitByCount():am-diag-gmm.cc:116) Split 89 states with target = 179, power = 0.25, perturb_factor = 0.01 and min_count = 20, split #Gauss from 149 to 179
LOG (gmm-est[5.4.217~1-8ae5]:main():gmm-est.cc:146) Written model to exp_atai-100A-mod/monophones/5.mdl
# Accounting: time=0 threads=1
# Ended (code 0) at Tue Jul 24 16:09:47 UTC 2018, elapsed time 0 seconds
