# gmm-est --write-occs=exp_atai-100A-mod/monophones/4.occs --mix-up=149 --power=0.25 exp_atai-100A-mod/monophones/3.mdl "gmm-sum-accs - exp_atai-100A-mod/monophones/3.*.acc|" exp_atai-100A-mod/monophones/4.mdl 
# Started at Thu Aug  2 13:26:32 UTC 2018
#
gmm-est --write-occs=exp_atai-100A-mod/monophones/4.occs --mix-up=149 --power=0.25 exp_atai-100A-mod/monophones/3.mdl 'gmm-sum-accs - exp_atai-100A-mod/monophones/3.*.acc|' exp_atai-100A-mod/monophones/4.mdl 
gmm-sum-accs - exp_atai-100A-mod/monophones/3.1.acc exp_atai-100A-mod/monophones/3.10.acc exp_atai-100A-mod/monophones/3.11.acc exp_atai-100A-mod/monophones/3.12.acc exp_atai-100A-mod/monophones/3.13.acc exp_atai-100A-mod/monophones/3.14.acc exp_atai-100A-mod/monophones/3.15.acc exp_atai-100A-mod/monophones/3.16.acc exp_atai-100A-mod/monophones/3.17.acc exp_atai-100A-mod/monophones/3.18.acc exp_atai-100A-mod/monophones/3.19.acc exp_atai-100A-mod/monophones/3.2.acc exp_atai-100A-mod/monophones/3.20.acc exp_atai-100A-mod/monophones/3.21.acc exp_atai-100A-mod/monophones/3.22.acc exp_atai-100A-mod/monophones/3.23.acc exp_atai-100A-mod/monophones/3.24.acc exp_atai-100A-mod/monophones/3.25.acc exp_atai-100A-mod/monophones/3.26.acc exp_atai-100A-mod/monophones/3.27.acc exp_atai-100A-mod/monophones/3.28.acc exp_atai-100A-mod/monophones/3.29.acc exp_atai-100A-mod/monophones/3.3.acc exp_atai-100A-mod/monophones/3.30.acc exp_atai-100A-mod/monophones/3.31.acc exp_atai-100A-mod/monophones/3.32.acc exp_atai-100A-mod/monophones/3.4.acc exp_atai-100A-mod/monophones/3.5.acc exp_atai-100A-mod/monophones/3.6.acc exp_atai-100A-mod/monophones/3.7.acc exp_atai-100A-mod/monophones/3.8.acc exp_atai-100A-mod/monophones/3.9.acc 
LOG (gmm-sum-accs[5.4.224~1-d4d9]:main():gmm-sum-accs.cc:63) Summed 32 stats, total count 444705, avg like/frame -3.68225
LOG (gmm-sum-accs[5.4.224~1-d4d9]:main():gmm-sum-accs.cc:66) Total count of stats is 444705
LOG (gmm-sum-accs[5.4.224~1-d4d9]:main():gmm-sum-accs.cc:67) Written stats to -
LOG (gmm-est[5.4.224~1-d4d9]:MleUpdate():transition-model.cc:517) TransitionModel::Update, objf change is 0.0044322 per frame over 444705 frames. 
LOG (gmm-est[5.4.224~1-d4d9]:MleUpdate():transition-model.cc:520) 8 probabilities floored, 3 out of 89 transition-states skipped due to insuffient data (it is normal to have some skipped.)
LOG (gmm-est[5.4.224~1-d4d9]:main():gmm-est.cc:102) Transition model update: Overall 0.0044322 log-like improvement per frame over 444705 frames.
WARNING (gmm-est[5.4.224~1-d4d9]:MleDiagGmmUpdate():mle-diag-gmm.cc:365) Gaussian has too little data but not removing it because it is the last Gaussian: i = 0, occ = 1, weight = 1
WARNING (gmm-est[5.4.224~1-d4d9]:MleDiagGmmUpdate():mle-diag-gmm.cc:365) Gaussian has too little data but not removing it because it is the last Gaussian: i = 0, occ = 1, weight = 1
WARNING (gmm-est[5.4.224~1-d4d9]:MleDiagGmmUpdate():mle-diag-gmm.cc:365) Gaussian has too little data but not removing it because it is the last Gaussian: i = 0, occ = 1, weight = 1
WARNING (gmm-est[5.4.224~1-d4d9]:MleDiagGmmUpdate():mle-diag-gmm.cc:365) Gaussian has too little data but not removing it because it is the last Gaussian: i = 0, occ = 7, weight = 1
WARNING (gmm-est[5.4.224~1-d4d9]:MleDiagGmmUpdate():mle-diag-gmm.cc:365) Gaussian has too little data but not removing it because it is the last Gaussian: i = 0, occ = 7, weight = 1
WARNING (gmm-est[5.4.224~1-d4d9]:MleDiagGmmUpdate():mle-diag-gmm.cc:365) Gaussian has too little data but not removing it because it is the last Gaussian: i = 0, occ = 7, weight = 1
LOG (gmm-est[5.4.224~1-d4d9]:MleAmDiagGmmUpdate():mle-am-diag-gmm.cc:225) 23 variance elements floored in 18 Gaussians, out of 119
LOG (gmm-est[5.4.224~1-d4d9]:MleAmDiagGmmUpdate():mle-am-diag-gmm.cc:229) Removed 0 Gaussians due to counts < --min-gaussian-occupancy=10 and --remove-low-count-gaussians=true
LOG (gmm-est[5.4.224~1-d4d9]:main():gmm-est.cc:113) GMM update: Overall 0.246711 objective function improvement per frame over 444705 frames
LOG (gmm-est[5.4.224~1-d4d9]:main():gmm-est.cc:116) GMM update: Overall avg like per frame = -3.68225 over 444705 frames.
LOG (gmm-est[5.4.224~1-d4d9]:SplitByCount():am-diag-gmm.cc:116) Split 89 states with target = 149, power = 0.25, perturb_factor = 0.01 and min_count = 20, split #Gauss from 119 to 149
LOG (gmm-est[5.4.224~1-d4d9]:main():gmm-est.cc:146) Written model to exp_atai-100A-mod/monophones/4.mdl
# Accounting: time=0 threads=1
# Ended (code 0) at Thu Aug  2 13:26:32 UTC 2018, elapsed time 0 seconds
