# gmm-est --write-occs=exp_atai-100A-mod/monophones/2.occs --mix-up=89 --power=0.25 exp_atai-100A-mod/monophones/1.mdl "gmm-sum-accs - exp_atai-100A-mod/monophones/1.*.acc|" exp_atai-100A-mod/monophones/2.mdl 
# Started at Thu Aug  2 13:26:24 UTC 2018
#
gmm-est --write-occs=exp_atai-100A-mod/monophones/2.occs --mix-up=89 --power=0.25 exp_atai-100A-mod/monophones/1.mdl 'gmm-sum-accs - exp_atai-100A-mod/monophones/1.*.acc|' exp_atai-100A-mod/monophones/2.mdl 
gmm-sum-accs - exp_atai-100A-mod/monophones/1.1.acc exp_atai-100A-mod/monophones/1.10.acc exp_atai-100A-mod/monophones/1.11.acc exp_atai-100A-mod/monophones/1.12.acc exp_atai-100A-mod/monophones/1.13.acc exp_atai-100A-mod/monophones/1.14.acc exp_atai-100A-mod/monophones/1.15.acc exp_atai-100A-mod/monophones/1.16.acc exp_atai-100A-mod/monophones/1.17.acc exp_atai-100A-mod/monophones/1.18.acc exp_atai-100A-mod/monophones/1.19.acc exp_atai-100A-mod/monophones/1.2.acc exp_atai-100A-mod/monophones/1.20.acc exp_atai-100A-mod/monophones/1.21.acc exp_atai-100A-mod/monophones/1.22.acc exp_atai-100A-mod/monophones/1.23.acc exp_atai-100A-mod/monophones/1.24.acc exp_atai-100A-mod/monophones/1.25.acc exp_atai-100A-mod/monophones/1.26.acc exp_atai-100A-mod/monophones/1.27.acc exp_atai-100A-mod/monophones/1.28.acc exp_atai-100A-mod/monophones/1.29.acc exp_atai-100A-mod/monophones/1.3.acc exp_atai-100A-mod/monophones/1.30.acc exp_atai-100A-mod/monophones/1.31.acc exp_atai-100A-mod/monophones/1.32.acc exp_atai-100A-mod/monophones/1.4.acc exp_atai-100A-mod/monophones/1.5.acc exp_atai-100A-mod/monophones/1.6.acc exp_atai-100A-mod/monophones/1.7.acc exp_atai-100A-mod/monophones/1.8.acc exp_atai-100A-mod/monophones/1.9.acc 
LOG (gmm-sum-accs[5.4.224~1-d4d9]:main():gmm-sum-accs.cc:63) Summed 32 stats, total count 384606, avg like/frame -8.00953
LOG (gmm-sum-accs[5.4.224~1-d4d9]:main():gmm-sum-accs.cc:66) Total count of stats is 384606
LOG (gmm-sum-accs[5.4.224~1-d4d9]:main():gmm-sum-accs.cc:67) Written stats to -
LOG (gmm-est[5.4.224~1-d4d9]:MleUpdate():transition-model.cc:517) TransitionModel::Update, objf change is 0.0753585 per frame over 384606 frames. 
LOG (gmm-est[5.4.224~1-d4d9]:MleUpdate():transition-model.cc:520) 8 probabilities floored, 0 out of 89 transition-states skipped due to insuffient data (it is normal to have some skipped.)
LOG (gmm-est[5.4.224~1-d4d9]:main():gmm-est.cc:102) Transition model update: Overall 0.0753585 log-like improvement per frame over 384606 frames.
WARNING (gmm-est[5.4.224~1-d4d9]:MleDiagGmmUpdate():mle-diag-gmm.cc:365) Gaussian has too little data but not removing it because it is the last Gaussian: i = 0, occ = 6, weight = 1
WARNING (gmm-est[5.4.224~1-d4d9]:MleDiagGmmUpdate():mle-diag-gmm.cc:365) Gaussian has too little data but not removing it because it is the last Gaussian: i = 0, occ = 6, weight = 1
WARNING (gmm-est[5.4.224~1-d4d9]:MleDiagGmmUpdate():mle-diag-gmm.cc:365) Gaussian has too little data but not removing it because it is the last Gaussian: i = 0, occ = 5, weight = 1
WARNING (gmm-est[5.4.224~1-d4d9]:MleDiagGmmUpdate():mle-diag-gmm.cc:365) Gaussian has too little data but not removing it because it is the last Gaussian: i = 0, occ = 5, weight = 1
WARNING (gmm-est[5.4.224~1-d4d9]:MleDiagGmmUpdate():mle-diag-gmm.cc:365) Gaussian has too little data but not removing it because it is the last Gaussian: i = 0, occ = 7, weight = 1
WARNING (gmm-est[5.4.224~1-d4d9]:MleDiagGmmUpdate():mle-diag-gmm.cc:365) Gaussian has too little data but not removing it because it is the last Gaussian: i = 0, occ = 7, weight = 1
WARNING (gmm-est[5.4.224~1-d4d9]:MleDiagGmmUpdate():mle-diag-gmm.cc:365) Gaussian has too little data but not removing it because it is the last Gaussian: i = 0, occ = 8, weight = 1
LOG (gmm-est[5.4.224~1-d4d9]:MleAmDiagGmmUpdate():mle-am-diag-gmm.cc:225) 3 variance elements floored in 3 Gaussians, out of 89
LOG (gmm-est[5.4.224~1-d4d9]:MleAmDiagGmmUpdate():mle-am-diag-gmm.cc:229) Removed 0 Gaussians due to counts < --min-gaussian-occupancy=10 and --remove-low-count-gaussians=true
LOG (gmm-est[5.4.224~1-d4d9]:main():gmm-est.cc:113) GMM update: Overall 2.52464 objective function improvement per frame over 384606 frames
LOG (gmm-est[5.4.224~1-d4d9]:main():gmm-est.cc:116) GMM update: Overall avg like per frame = -8.00953 over 384606 frames.
LOG (gmm-est[5.4.224~1-d4d9]:SplitByCount():am-diag-gmm.cc:116) Split 89 states with target = 89, power = 0.25, perturb_factor = 0.01 and min_count = 20, split #Gauss from 89 to 89
LOG (gmm-est[5.4.224~1-d4d9]:main():gmm-est.cc:146) Written model to exp_atai-100A-mod/monophones/2.mdl
# Accounting: time=0 threads=1
# Ended (code 0) at Thu Aug  2 13:26:24 UTC 2018, elapsed time 0 seconds
