# gmm-est --write-occs=exp_atai-100A-mod/monophones/25.occs --mix-up=779 --power=0.25 exp_atai-100A-mod/monophones/24.mdl "gmm-sum-accs - exp_atai-100A-mod/monophones/24.*.acc|" exp_atai-100A-mod/monophones/25.mdl 
# Started at Thu Aug  2 13:27:15 UTC 2018
#
gmm-est --write-occs=exp_atai-100A-mod/monophones/25.occs --mix-up=779 --power=0.25 exp_atai-100A-mod/monophones/24.mdl 'gmm-sum-accs - exp_atai-100A-mod/monophones/24.*.acc|' exp_atai-100A-mod/monophones/25.mdl 
gmm-sum-accs - exp_atai-100A-mod/monophones/24.1.acc exp_atai-100A-mod/monophones/24.10.acc exp_atai-100A-mod/monophones/24.11.acc exp_atai-100A-mod/monophones/24.12.acc exp_atai-100A-mod/monophones/24.13.acc exp_atai-100A-mod/monophones/24.14.acc exp_atai-100A-mod/monophones/24.15.acc exp_atai-100A-mod/monophones/24.16.acc exp_atai-100A-mod/monophones/24.17.acc exp_atai-100A-mod/monophones/24.18.acc exp_atai-100A-mod/monophones/24.19.acc exp_atai-100A-mod/monophones/24.2.acc exp_atai-100A-mod/monophones/24.20.acc exp_atai-100A-mod/monophones/24.21.acc exp_atai-100A-mod/monophones/24.22.acc exp_atai-100A-mod/monophones/24.23.acc exp_atai-100A-mod/monophones/24.24.acc exp_atai-100A-mod/monophones/24.25.acc exp_atai-100A-mod/monophones/24.26.acc exp_atai-100A-mod/monophones/24.27.acc exp_atai-100A-mod/monophones/24.28.acc exp_atai-100A-mod/monophones/24.29.acc exp_atai-100A-mod/monophones/24.3.acc exp_atai-100A-mod/monophones/24.30.acc exp_atai-100A-mod/monophones/24.31.acc exp_atai-100A-mod/monophones/24.32.acc exp_atai-100A-mod/monophones/24.4.acc exp_atai-100A-mod/monophones/24.5.acc exp_atai-100A-mod/monophones/24.6.acc exp_atai-100A-mod/monophones/24.7.acc exp_atai-100A-mod/monophones/24.8.acc exp_atai-100A-mod/monophones/24.9.acc 
LOG (gmm-sum-accs[5.4.224~1-d4d9]:main():gmm-sum-accs.cc:63) Summed 32 stats, total count 444705, avg like/frame 1.54968
LOG (gmm-sum-accs[5.4.224~1-d4d9]:main():gmm-sum-accs.cc:66) Total count of stats is 444705
LOG (gmm-sum-accs[5.4.224~1-d4d9]:main():gmm-sum-accs.cc:67) Written stats to -
LOG (gmm-est[5.4.224~1-d4d9]:MleUpdate():transition-model.cc:517) TransitionModel::Update, objf change is 0 per frame over 444705 frames. 
LOG (gmm-est[5.4.224~1-d4d9]:MleUpdate():transition-model.cc:520) 7 probabilities floored, 3 out of 89 transition-states skipped due to insuffient data (it is normal to have some skipped.)
LOG (gmm-est[5.4.224~1-d4d9]:main():gmm-est.cc:102) Transition model update: Overall 0 log-like improvement per frame over 444705 frames.
WARNING (gmm-est[5.4.224~1-d4d9]:MleDiagGmmUpdate():mle-diag-gmm.cc:365) Gaussian has too little data but not removing it because it is the last Gaussian: i = 0, occ = 1, weight = 1
WARNING (gmm-est[5.4.224~1-d4d9]:MleDiagGmmUpdate():mle-diag-gmm.cc:365) Gaussian has too little data but not removing it because it is the last Gaussian: i = 0, occ = 1, weight = 1
WARNING (gmm-est[5.4.224~1-d4d9]:MleDiagGmmUpdate():mle-diag-gmm.cc:365) Gaussian has too little data but not removing it because it is the last Gaussian: i = 0, occ = 1, weight = 1
WARNING (gmm-est[5.4.224~1-d4d9]:MleDiagGmmUpdate():mle-diag-gmm.cc:365) Gaussian has too little data but not removing it because it is the last Gaussian: i = 0, occ = 7, weight = 1
WARNING (gmm-est[5.4.224~1-d4d9]:MleDiagGmmUpdate():mle-diag-gmm.cc:365) Gaussian has too little data but not removing it because it is the last Gaussian: i = 0, occ = 7, weight = 1
WARNING (gmm-est[5.4.224~1-d4d9]:MleDiagGmmUpdate():mle-diag-gmm.cc:365) Gaussian has too little data but not removing it because it is the last Gaussian: i = 0, occ = 7, weight = 1
LOG (gmm-est[5.4.224~1-d4d9]:MleAmDiagGmmUpdate():mle-am-diag-gmm.cc:225) 626 variance elements floored in 368 Gaussians, out of 749
LOG (gmm-est[5.4.224~1-d4d9]:MleAmDiagGmmUpdate():mle-am-diag-gmm.cc:229) Removed 0 Gaussians due to counts < --min-gaussian-occupancy=10 and --remove-low-count-gaussians=true
LOG (gmm-est[5.4.224~1-d4d9]:main():gmm-est.cc:113) GMM update: Overall 0.03482 objective function improvement per frame over 444705 frames
LOG (gmm-est[5.4.224~1-d4d9]:main():gmm-est.cc:116) GMM update: Overall avg like per frame = 1.54968 over 444705 frames.
LOG (gmm-est[5.4.224~1-d4d9]:SplitByCount():am-diag-gmm.cc:116) Split 89 states with target = 779, power = 0.25, perturb_factor = 0.01 and min_count = 20, split #Gauss from 749 to 779
LOG (gmm-est[5.4.224~1-d4d9]:main():gmm-est.cc:146) Written model to exp_atai-100A-mod/monophones/25.mdl
# Accounting: time=0 threads=1
# Ended (code 0) at Thu Aug  2 13:27:15 UTC 2018, elapsed time 0 seconds
