# gmm-align-compiled --transition-scale=1.0 --acoustic-scale=0.1 --self-loop-scale=0.1 --beam=6 --retry-beam=24 --careful=false "gmm-boost-silence --boost=1.0 1 exp_atai-100C-mod/monophones/9.mdl - |" "ark:gunzip -c exp_atai-100C-mod/monophones/fsts.1.gz|" "ark,s,cs:apply-cmvn --norm-vars=true  --utt2spk=ark:data_atai-100C-mod/train/split4/1/utt2spk scp:data_atai-100C-mod/train/split4/1/cmvn.scp scp:data_atai-100C-mod/train/split4/1/feats.scp ark:- | add-deltas ark:- ark:- |" "ark,t:|gzip -c >exp_atai-100C-mod/monophones/ali.1.gz" 
# Started at Tue Jul 24 16:20:42 UTC 2018
#
gmm-align-compiled --transition-scale=1.0 --acoustic-scale=0.1 --self-loop-scale=0.1 --beam=6 --retry-beam=24 --careful=false 'gmm-boost-silence --boost=1.0 1 exp_atai-100C-mod/monophones/9.mdl - |' 'ark:gunzip -c exp_atai-100C-mod/monophones/fsts.1.gz|' 'ark,s,cs:apply-cmvn --norm-vars=true  --utt2spk=ark:data_atai-100C-mod/train/split4/1/utt2spk scp:data_atai-100C-mod/train/split4/1/cmvn.scp scp:data_atai-100C-mod/train/split4/1/feats.scp ark:- | add-deltas ark:- ark:- |' 'ark,t:|gzip -c >exp_atai-100C-mod/monophones/ali.1.gz' 
gmm-boost-silence --boost=1.0 1 exp_atai-100C-mod/monophones/9.mdl - 
LOG (gmm-boost-silence[5.4.217~1-8ae5]:main():gmm-boost-silence.cc:93) Boosted weights for 5 pdfs, by factor of 1
LOG (gmm-boost-silence[5.4.217~1-8ae5]:main():gmm-boost-silence.cc:103) Wrote model to -
add-deltas ark:- ark:- 
apply-cmvn --norm-vars=true --utt2spk=ark:data_atai-100C-mod/train/split4/1/utt2spk scp:data_atai-100C-mod/train/split4/1/cmvn.scp scp:data_atai-100C-mod/train/split4/1/feats.scp ark:- 
LOG (gmm-align-compiled[5.4.217~1-8ae5]:main():gmm-align-compiled.cc:127) atai-100C-mod_atai_103
LOG (gmm-align-compiled[5.4.217~1-8ae5]:main():gmm-align-compiled.cc:127) atai-100C-mod_atai_119
LOG (gmm-align-compiled[5.4.217~1-8ae5]:main():gmm-align-compiled.cc:127) atai-100C-mod_atai_135
LOG (gmm-align-compiled[5.4.217~1-8ae5]:main():gmm-align-compiled.cc:127) atai-100C-mod_atai_147
WARNING (gmm-align-compiled[5.4.217~1-8ae5]:AlignUtteranceWrapper():decoder-wrappers.cc:466) Retrying utterance atai-100C-mod_atai_147 with beam 24
LOG (gmm-align-compiled[5.4.217~1-8ae5]:main():gmm-align-compiled.cc:127) atai-100C-mod_atai_161
LOG (gmm-align-compiled[5.4.217~1-8ae5]:main():gmm-align-compiled.cc:127) atai-100C-mod_atai_164
LOG (gmm-align-compiled[5.4.217~1-8ae5]:main():gmm-align-compiled.cc:127) atai-100C-mod_atai_165
LOG (gmm-align-compiled[5.4.217~1-8ae5]:main():gmm-align-compiled.cc:127) atai-100C-mod_atai_167
LOG (gmm-align-compiled[5.4.217~1-8ae5]:main():gmm-align-compiled.cc:127) atai-100C-mod_atai_170
LOG (gmm-align-compiled[5.4.217~1-8ae5]:main():gmm-align-compiled.cc:127) atai-100C-mod_atai_172
LOG (gmm-align-compiled[5.4.217~1-8ae5]:main():gmm-align-compiled.cc:127) atai-100C-mod_atai_176
LOG (gmm-align-compiled[5.4.217~1-8ae5]:main():gmm-align-compiled.cc:127) atai-100C-mod_atai_182
LOG (gmm-align-compiled[5.4.217~1-8ae5]:main():gmm-align-compiled.cc:127) atai-100C-mod_atai_198
LOG (gmm-align-compiled[5.4.217~1-8ae5]:main():gmm-align-compiled.cc:127) atai-100C-mod_atai_208
WARNING (gmm-align-compiled[5.4.217~1-8ae5]:AlignUtteranceWrapper():decoder-wrappers.cc:466) Retrying utterance atai-100C-mod_atai_208 with beam 24
LOG (gmm-align-compiled[5.4.217~1-8ae5]:main():gmm-align-compiled.cc:127) atai-100C-mod_atai_210
LOG (gmm-align-compiled[5.4.217~1-8ae5]:main():gmm-align-compiled.cc:127) atai-100C-mod_atai_212
LOG (gmm-align-compiled[5.4.217~1-8ae5]:main():gmm-align-compiled.cc:127) atai-100C-mod_atai_226
LOG (gmm-align-compiled[5.4.217~1-8ae5]:main():gmm-align-compiled.cc:127) atai-100C-mod_atai_227
LOG (gmm-align-compiled[5.4.217~1-8ae5]:main():gmm-align-compiled.cc:127) atai-100C-mod_atai_231
LOG (gmm-align-compiled[5.4.217~1-8ae5]:main():gmm-align-compiled.cc:127) atai-100C-mod_atai_232
LOG (apply-cmvn[5.4.217~1-8ae5]:main():apply-cmvn.cc:159) Applied cepstral mean and variance normalization to 25 utterances, errors on 0
LOG (gmm-align-compiled[5.4.217~1-8ae5]:main():gmm-align-compiled.cc:127) atai-100C-mod_atai_235
LOG (gmm-align-compiled[5.4.217~1-8ae5]:main():gmm-align-compiled.cc:127) atai-100C-mod_atai_236
LOG (gmm-align-compiled[5.4.217~1-8ae5]:main():gmm-align-compiled.cc:127) atai-100C-mod_atai_237
LOG (gmm-align-compiled[5.4.217~1-8ae5]:main():gmm-align-compiled.cc:127) atai-100C-mod_atai_240
LOG (gmm-align-compiled[5.4.217~1-8ae5]:main():gmm-align-compiled.cc:127) atai-100C-mod_atai_246
LOG (gmm-align-compiled[5.4.217~1-8ae5]:main():gmm-align-compiled.cc:135) Overall log-likelihood per frame is -1.73651 over 15163 frames.
LOG (gmm-align-compiled[5.4.217~1-8ae5]:main():gmm-align-compiled.cc:137) Retried 2 out of 25 utterances.
LOG (gmm-align-compiled[5.4.217~1-8ae5]:main():gmm-align-compiled.cc:139) Done 25, errors on 0
# Accounting: time=2 threads=1
# Ended (code 0) at Tue Jul 24 16:20:44 UTC 2018, elapsed time 2 seconds
