# compile-train-graphs exp_atai-100C-mod/monophones/tree exp_atai-100C-mod/monophones/0.mdl data_atai-100C-mod/lang/L.fst "ark:sym2int.pl --map-oov 2 -f 2- data_atai-100C-mod/lang/words.txt < data_atai-100C-mod/train/split4/2/text|" "ark:|gzip -c >exp_atai-100C-mod/monophones/fsts.2.gz" 
# Started at Tue Jul 24 16:19:53 UTC 2018
#
compile-train-graphs exp_atai-100C-mod/monophones/tree exp_atai-100C-mod/monophones/0.mdl data_atai-100C-mod/lang/L.fst 'ark:sym2int.pl --map-oov 2 -f 2- data_atai-100C-mod/lang/words.txt < data_atai-100C-mod/train/split4/2/text|' 'ark:|gzip -c >exp_atai-100C-mod/monophones/fsts.2.gz' 
sym2int.pl: replacing токтолгондо with 2
sym2int.pl: replacing абдыракманга with 2
sym2int.pl: replacing обдулду with 2
sym2int.pl: replacing садагаң with 2
sym2int.pl: replacing болоюнум with 2
sym2int.pl: replacing берекем with 2
sym2int.pl: replacing минсең with 2
sym2int.pl: replacing кайындашып with 2
sym2int.pl: replacing кантейин with 2
sym2int.pl: replacing калыңыңа with 2
sym2int.pl: replacing каймал with 2
sym2int.pl: replacing калбаны with 2
sym2int.pl: replacing көчөсүң with 2
sym2int.pl: replacing жайнатып with 2
sym2int.pl: replacing кандырат with 2
sym2int.pl: replacing жарпын with 2
sym2int.pl: replacing шаттандырат with 2
sym2int.pl: replacing зыйнатты with 2
sym2int.pl: replacing ышкылуу with 2
sym2int.pl: replacing ыйлаткысы with 2
sym2int.pl: not warning for OOVs any more times
** Replaced 113 instances of OOVs with 2
LOG (compile-train-graphs[5.4.217~1-8ae5]:main():compile-train-graphs.cc:147) compile-train-graphs: succeeded for 25 graphs, failed for 0
# Accounting: time=3 threads=1
# Ended (code 0) at Tue Jul 24 16:19:56 UTC 2018, elapsed time 3 seconds
