# compile-train-graphs exp_atai-100A-org/triphones_aligned/tree exp_atai-100A-org/triphones_aligned/final.mdl data_atai-100A-org/lang/L.fst "ark:utils/sym2int.pl --map-oov 2 -f 2- data_atai-100A-org/lang/words.txt data_atai-100A-org/train/split4/3/text|" ark:- | gmm-align-compiled --transition-scale=1.0 --acoustic-scale=0.1 --self-loop-scale=0.1 --beam=10 --retry-beam=40 --careful=false "gmm-boost-silence --boost=1.25 1 exp_atai-100A-org/triphones_aligned/final.mdl - |" ark:- "ark,s,cs:apply-cmvn  --utt2spk=ark:data_atai-100A-org/train/split4/3/utt2spk scp:data_atai-100A-org/train/split4/3/cmvn.scp scp:data_atai-100A-org/train/split4/3/feats.scp ark:- | add-deltas  ark:- ark:- |" "ark,t:|gzip -c >exp_atai-100A-org/triphones_aligned/ali.3.gz" 
# Started at Tue Jul 24 16:43:14 UTC 2018
#
compile-train-graphs exp_atai-100A-org/triphones_aligned/tree exp_atai-100A-org/triphones_aligned/final.mdl data_atai-100A-org/lang/L.fst 'ark:utils/sym2int.pl --map-oov 2 -f 2- data_atai-100A-org/lang/words.txt data_atai-100A-org/train/split4/3/text|' ark:- 
gmm-align-compiled --transition-scale=1.0 --acoustic-scale=0.1 --self-loop-scale=0.1 --beam=10 --retry-beam=40 --careful=false 'gmm-boost-silence --boost=1.25 1 exp_atai-100A-org/triphones_aligned/final.mdl - |' ark:- 'ark,s,cs:apply-cmvn  --utt2spk=ark:data_atai-100A-org/train/split4/3/utt2spk scp:data_atai-100A-org/train/split4/3/cmvn.scp scp:data_atai-100A-org/train/split4/3/feats.scp ark:- | add-deltas  ark:- ark:- |' 'ark,t:|gzip -c >exp_atai-100A-org/triphones_aligned/ali.3.gz' 
gmm-boost-silence --boost=1.25 1 exp_atai-100A-org/triphones_aligned/final.mdl - 
LOG (gmm-boost-silence[5.4.217~1-8ae5]:main():gmm-boost-silence.cc:93) Boosted weights for 5 pdfs, by factor of 1.25
LOG (gmm-boost-silence[5.4.217~1-8ae5]:main():gmm-boost-silence.cc:103) Wrote model to -
sym2int.pl: replacing султаналынын with 2
sym2int.pl: replacing үйбүлөсү with 2
sym2int.pl: replacing кубанычта with 2
sym2int.pl: replacing айдашмак with 2
sym2int.pl: replacing каларбыз with 2
sym2int.pl: replacing биринсерин with 2
sym2int.pl: replacing султаналы with 2
sym2int.pl: replacing аккызга with 2
sym2int.pl: replacing үйлөнгөндөн with 2
sym2int.pl: replacing оңолууда with 2
sym2int.pl: replacing дыйканчылыкты with 2
sym2int.pl: replacing топуга with 2
sym2int.pl: replacing сепкен with 2
sym2int.pl: replacing таруудан with 2
sym2int.pl: replacing аштыгын with 2
sym2int.pl: replacing санагандарга with 2
sym2int.pl: replacing чөйчөктөп with 2
sym2int.pl: replacing музоолуу with 2
sym2int.pl: replacing байлардан with 2
sym2int.pl: replacing кубанычтан with 2
sym2int.pl: not warning for OOVs any more times
** Replaced 109 instances of OOVs with 2
add-deltas ark:- ark:- 
apply-cmvn --utt2spk=ark:data_atai-100A-org/train/split4/3/utt2spk scp:data_atai-100A-org/train/split4/3/cmvn.scp scp:data_atai-100A-org/train/split4/3/feats.scp ark:- 
LOG (gmm-align-compiled[5.4.217~1-8ae5]:main():gmm-align-compiled.cc:127) atai-100A-org_atai_356
LOG (gmm-align-compiled[5.4.217~1-8ae5]:main():gmm-align-compiled.cc:127) atai-100A-org_atai_358
LOG (gmm-align-compiled[5.4.217~1-8ae5]:main():gmm-align-compiled.cc:127) atai-100A-org_atai_362
LOG (gmm-align-compiled[5.4.217~1-8ae5]:main():gmm-align-compiled.cc:127) atai-100A-org_atai_370
LOG (gmm-align-compiled[5.4.217~1-8ae5]:main():gmm-align-compiled.cc:127) atai-100A-org_atai_372
LOG (gmm-align-compiled[5.4.217~1-8ae5]:main():gmm-align-compiled.cc:127) atai-100A-org_atai_375
LOG (gmm-align-compiled[5.4.217~1-8ae5]:main():gmm-align-compiled.cc:127) atai-100A-org_atai_388
LOG (gmm-align-compiled[5.4.217~1-8ae5]:main():gmm-align-compiled.cc:127) atai-100A-org_atai_392
LOG (gmm-align-compiled[5.4.217~1-8ae5]:main():gmm-align-compiled.cc:127) atai-100A-org_atai_42
LOG (gmm-align-compiled[5.4.217~1-8ae5]:main():gmm-align-compiled.cc:127) atai-100A-org_atai_424
LOG (gmm-align-compiled[5.4.217~1-8ae5]:main():gmm-align-compiled.cc:127) atai-100A-org_atai_427
LOG (gmm-align-compiled[5.4.217~1-8ae5]:main():gmm-align-compiled.cc:127) atai-100A-org_atai_428
LOG (gmm-align-compiled[5.4.217~1-8ae5]:main():gmm-align-compiled.cc:127) atai-100A-org_atai_438
LOG (gmm-align-compiled[5.4.217~1-8ae5]:main():gmm-align-compiled.cc:127) atai-100A-org_atai_442
LOG (gmm-align-compiled[5.4.217~1-8ae5]:main():gmm-align-compiled.cc:127) atai-100A-org_atai_457
LOG (gmm-align-compiled[5.4.217~1-8ae5]:main():gmm-align-compiled.cc:127) atai-100A-org_atai_459
LOG (gmm-align-compiled[5.4.217~1-8ae5]:main():gmm-align-compiled.cc:127) atai-100A-org_atai_463
LOG (gmm-align-compiled[5.4.217~1-8ae5]:main():gmm-align-compiled.cc:127) atai-100A-org_atai_47
LOG (gmm-align-compiled[5.4.217~1-8ae5]:main():gmm-align-compiled.cc:127) atai-100A-org_atai_470
LOG (gmm-align-compiled[5.4.217~1-8ae5]:main():gmm-align-compiled.cc:127) atai-100A-org_atai_479
LOG (gmm-align-compiled[5.4.217~1-8ae5]:main():gmm-align-compiled.cc:127) atai-100A-org_atai_483
LOG (apply-cmvn[5.4.217~1-8ae5]:main():apply-cmvn.cc:162) Applied cepstral mean normalization to 25 utterances, errors on 0
LOG (gmm-align-compiled[5.4.217~1-8ae5]:main():gmm-align-compiled.cc:127) atai-100A-org_atai_488
LOG (compile-train-graphs[5.4.217~1-8ae5]:main():compile-train-graphs.cc:147) compile-train-graphs: succeeded for 25 graphs, failed for 0
LOG (gmm-align-compiled[5.4.217~1-8ae5]:main():gmm-align-compiled.cc:127) atai-100A-org_atai_496
LOG (gmm-align-compiled[5.4.217~1-8ae5]:main():gmm-align-compiled.cc:127) atai-100A-org_atai_510
LOG (gmm-align-compiled[5.4.217~1-8ae5]:main():gmm-align-compiled.cc:127) atai-100A-org_atai_513
LOG (gmm-align-compiled[5.4.217~1-8ae5]:main():gmm-align-compiled.cc:135) Overall log-likelihood per frame is 16.38 over 27538 frames.
LOG (gmm-align-compiled[5.4.217~1-8ae5]:main():gmm-align-compiled.cc:137) Retried 0 out of 25 utterances.
LOG (gmm-align-compiled[5.4.217~1-8ae5]:main():gmm-align-compiled.cc:139) Done 25, errors on 0
# Accounting: time=6 threads=1
# Ended (code 0) at Tue Jul 24 16:43:20 UTC 2018, elapsed time 6 seconds
