# build-tree --verbose=1 --max-leaves=1000 --cluster-thresh=-1 exp_atai-100D-org/triphones/treeacc data_atai-100D-org/lang/phones/roots.int exp_atai-100D-org/triphones/questions.qst data_atai-100D-org/lang/topo exp_atai-100D-org/triphones/tree 
# Started at Tue Jul 24 16:59:07 UTC 2018
#
build-tree --verbose=1 --max-leaves=1000 --cluster-thresh=-1 exp_atai-100D-org/triphones/treeacc data_atai-100D-org/lang/phones/roots.int exp_atai-100D-org/triphones/questions.qst data_atai-100D-org/lang/topo exp_atai-100D-org/triphones/tree 
LOG (build-tree[5.4.217~1-8ae5]:main():build-tree.cc:104) Number of separate statistics is 7142
LOG (build-tree[5.4.217~1-8ae5]:BuildTree():build-tree.cc:161) BuildTree: before building trees, map has 29 leaves.
LOG (build-tree[5.4.217~1-8ae5]:SplitDecisionTree():build-tree-utils.cc:577) DoDecisionTreeSplit: split 179 times, #leaves now 208
LOG (build-tree[5.4.217~1-8ae5]:BuildTree():build-tree.cc:187) Setting clustering threshold to smallest split 300.463
VLOG[1] (build-tree[5.4.217~1-8ae5]:BuildTree():build-tree.cc:196) After decision tree split, num-leaves = 208, like-impr = 2.95567 per frame over 91404 frames.
VLOG[1] (build-tree[5.4.217~1-8ae5]:BuildTree():build-tree.cc:200) Including just phones that were split, improvement is 2.95567 per frame over 91404 frames.
LOG (build-tree[5.4.217~1-8ae5]:BuildTree():build-tree.cc:215) BuildTree: removed 21 leaves.
VLOG[1] (build-tree[5.4.217~1-8ae5]:ClusterEventMapToNClustersRestrictedByMap():build-tree-utils.cc:916) Number of non-empty clusters in map = 27
VLOG[1] (build-tree[5.4.217~1-8ae5]:ClusterEventMapToNClustersRestrictedByMap():build-tree-utils.cc:917) Number of non-empty clusters = 185
LOG (build-tree[5.4.217~1-8ae5]:BuildTree():build-tree.cc:231) BuildTree: Rounded num leaves to multiple of 8 by removing 3 leaves.
VLOG[1] (build-tree[5.4.217~1-8ae5]:BuildTree():build-tree.cc:256) Objf change due to clustering -0.0610148 per frame.
VLOG[1] (build-tree[5.4.217~1-8ae5]:BuildTree():build-tree.cc:259) Normalizing over only split phones, this is: -0.0610148 per frame.
VLOG[1] (build-tree[5.4.217~1-8ae5]:BuildTree():build-tree.cc:262) Num-leaves is now 184
VLOG[1] (build-tree[5.4.217~1-8ae5]:main():build-tree.cc:143) For pdf-id 6, low count 51
VLOG[1] (build-tree[5.4.217~1-8ae5]:main():build-tree.cc:143) For pdf-id 8, low count 0
VLOG[1] (build-tree[5.4.217~1-8ae5]:main():build-tree.cc:143) For pdf-id 14, low count 46
VLOG[1] (build-tree[5.4.217~1-8ae5]:main():build-tree.cc:143) For pdf-id 22, low count 81
VLOG[1] (build-tree[5.4.217~1-8ae5]:main():build-tree.cc:143) For pdf-id 25, low count 0
VLOG[1] (build-tree[5.4.217~1-8ae5]:main():build-tree.cc:143) For pdf-id 48, low count 94
VLOG[1] (build-tree[5.4.217~1-8ae5]:main():build-tree.cc:143) For pdf-id 60, low count 28
VLOG[1] (build-tree[5.4.217~1-8ae5]:main():build-tree.cc:143) For pdf-id 61, low count 42
VLOG[1] (build-tree[5.4.217~1-8ae5]:main():build-tree.cc:143) For pdf-id 62, low count 83
VLOG[1] (build-tree[5.4.217~1-8ae5]:main():build-tree.cc:143) For pdf-id 63, low count 81
VLOG[1] (build-tree[5.4.217~1-8ae5]:main():build-tree.cc:143) For pdf-id 71, low count 69
VLOG[1] (build-tree[5.4.217~1-8ae5]:main():build-tree.cc:143) For pdf-id 76, low count 57
VLOG[1] (build-tree[5.4.217~1-8ae5]:main():build-tree.cc:143) For pdf-id 87, low count 66
VLOG[1] (build-tree[5.4.217~1-8ae5]:main():build-tree.cc:143) For pdf-id 103, low count 70
VLOG[1] (build-tree[5.4.217~1-8ae5]:main():build-tree.cc:143) For pdf-id 112, low count 51
VLOG[1] (build-tree[5.4.217~1-8ae5]:main():build-tree.cc:143) For pdf-id 135, low count 33
VLOG[1] (build-tree[5.4.217~1-8ae5]:main():build-tree.cc:143) For pdf-id 143, low count 88
WARNING (build-tree[5.4.217~1-8ae5]:main():build-tree.cc:185) Saw no stats for following phones: 9 26 
LOG (build-tree[5.4.217~1-8ae5]:main():build-tree.cc:189) Wrote tree
# Accounting: time=1 threads=1
# Ended (code 0) at Tue Jul 24 16:59:08 UTC 2018, elapsed time 1 seconds
