# compile-train-graphs exp_atai-100A-mod/monophones_aligned/tree exp_atai-100A-mod/monophones_aligned/final.mdl data_atai-100A-mod/lang/L.fst "ark:utils/sym2int.pl --map-oov 2 -f 2- data_atai-100A-mod/lang/words.txt data_atai-100A-mod/train/split32/24/text|" ark:- | gmm-align-compiled --transition-scale=1.0 --acoustic-scale=0.1 --self-loop-scale=0.1 --beam=10 --retry-beam=40 --careful=false "gmm-boost-silence --boost=1.25 1 exp_atai-100A-mod/monophones_aligned/final.mdl - |" ark:- "ark,s,cs:apply-cmvn --norm-vars=true --utt2spk=ark:data_atai-100A-mod/train/split32/24/utt2spk scp:data_atai-100A-mod/train/split32/24/cmvn.scp scp:data_atai-100A-mod/train/split32/24/feats.scp ark:- | add-deltas  ark:- ark:- |" "ark,t:|gzip -c >exp_atai-100A-mod/monophones_aligned/ali.24.gz" 
# Started at Thu Aug  2 13:27:16 UTC 2018
#
compile-train-graphs exp_atai-100A-mod/monophones_aligned/tree exp_atai-100A-mod/monophones_aligned/final.mdl data_atai-100A-mod/lang/L.fst 'ark:utils/sym2int.pl --map-oov 2 -f 2- data_atai-100A-mod/lang/words.txt data_atai-100A-mod/train/split32/24/text|' ark:- 
gmm-align-compiled --transition-scale=1.0 --acoustic-scale=0.1 --self-loop-scale=0.1 --beam=10 --retry-beam=40 --careful=false 'gmm-boost-silence --boost=1.25 1 exp_atai-100A-mod/monophones_aligned/final.mdl - |' ark:- 'ark,s,cs:apply-cmvn --norm-vars=true --utt2spk=ark:data_atai-100A-mod/train/split32/24/utt2spk scp:data_atai-100A-mod/train/split32/24/cmvn.scp scp:data_atai-100A-mod/train/split32/24/feats.scp ark:- | add-deltas  ark:- ark:- |' 'ark,t:|gzip -c >exp_atai-100A-mod/monophones_aligned/ali.24.gz' 
gmm-boost-silence --boost=1.25 1 exp_atai-100A-mod/monophones_aligned/final.mdl - 
LOG (gmm-boost-silence[5.4.224~1-d4d9]:main():gmm-boost-silence.cc:93) Boosted weights for 5 pdfs, by factor of 1.25
LOG (gmm-boost-silence[5.4.224~1-d4d9]:main():gmm-boost-silence.cc:103) Wrote model to -
sym2int.pl: replacing аккыз with 2
sym2int.pl: replacing таятасыныкына with 2
sym2int.pl: replacing бармай with 2
sym2int.pl: replacing атайды with 2
sym2int.pl: replacing кылдырмак with 2
sym2int.pl: replacing учкаштырган with 2
sym2int.pl: replacing аккыз with 2
sym2int.pl: replacing өтөр with 2
sym2int.pl: replacing сөзим with 2
sym2int.pl: replacing түйщүктүү with 2
sym2int.pl: replacing ылайлатып with 2
sym2int.pl: replacing аккыздын with 2
sym2int.pl: replacing аккыз with 2
sym2int.pl: replacing жантакбайдыкына with 2
sym2int.pl: replacing катташар with 2
sym2int.pl: replacing алардыкына with 2
sym2int.pl: replacing таятасыныкына with 2
sym2int.pl: replacing учурашуудан with 2
sym2int.pl: replacing сөзилчү with 2
sym2int.pl: replacing йсалкын with 2
sym2int.pl: not warning for OOVs any more times
** Replaced 35 instances of OOVs with 2
add-deltas ark:- ark:- 
apply-cmvn --norm-vars=true --utt2spk=ark:data_atai-100A-mod/train/split32/24/utt2spk scp:data_atai-100A-mod/train/split32/24/cmvn.scp scp:data_atai-100A-mod/train/split32/24/feats.scp ark:- 
LOG (gmm-align-compiled[5.4.224~1-d4d9]:main():gmm-align-compiled.cc:127) atai-100A-mod_atai_491
LOG (gmm-align-compiled[5.4.224~1-d4d9]:main():gmm-align-compiled.cc:127) atai-100A-mod_atai_492
LOG (gmm-align-compiled[5.4.224~1-d4d9]:main():gmm-align-compiled.cc:127) atai-100A-mod_atai_493
LOG (gmm-align-compiled[5.4.224~1-d4d9]:main():gmm-align-compiled.cc:127) atai-100A-mod_atai_494
LOG (gmm-align-compiled[5.4.224~1-d4d9]:main():gmm-align-compiled.cc:127) atai-100A-mod_atai_495
LOG (gmm-align-compiled[5.4.224~1-d4d9]:main():gmm-align-compiled.cc:127) atai-100A-mod_atai_497
LOG (gmm-align-compiled[5.4.224~1-d4d9]:main():gmm-align-compiled.cc:127) atai-100A-mod_atai_498
LOG (gmm-align-compiled[5.4.224~1-d4d9]:main():gmm-align-compiled.cc:127) atai-100A-mod_atai_499
LOG (gmm-align-compiled[5.4.224~1-d4d9]:main():gmm-align-compiled.cc:127) atai-100A-mod_atai_50
LOG (gmm-align-compiled[5.4.224~1-d4d9]:main():gmm-align-compiled.cc:127) atai-100A-mod_atai_500
LOG (gmm-align-compiled[5.4.224~1-d4d9]:main():gmm-align-compiled.cc:127) atai-100A-mod_atai_501
LOG (gmm-align-compiled[5.4.224~1-d4d9]:main():gmm-align-compiled.cc:127) atai-100A-mod_atai_502
LOG (apply-cmvn[5.4.224~1-d4d9]:main():apply-cmvn.cc:159) Applied cepstral mean and variance normalization to 16 utterances, errors on 0
LOG (compile-train-graphs[5.4.224~1-d4d9]:main():compile-train-graphs.cc:147) compile-train-graphs: succeeded for 16 graphs, failed for 0
LOG (gmm-align-compiled[5.4.224~1-d4d9]:main():gmm-align-compiled.cc:127) atai-100A-mod_atai_503
LOG (gmm-align-compiled[5.4.224~1-d4d9]:main():gmm-align-compiled.cc:127) atai-100A-mod_atai_504
LOG (gmm-align-compiled[5.4.224~1-d4d9]:main():gmm-align-compiled.cc:127) atai-100A-mod_atai_505
LOG (gmm-align-compiled[5.4.224~1-d4d9]:main():gmm-align-compiled.cc:127) atai-100A-mod_atai_506
LOG (gmm-align-compiled[5.4.224~1-d4d9]:main():gmm-align-compiled.cc:135) Overall log-likelihood per frame is 1.24256 over 14746 frames.
LOG (gmm-align-compiled[5.4.224~1-d4d9]:main():gmm-align-compiled.cc:137) Retried 0 out of 16 utterances.
LOG (gmm-align-compiled[5.4.224~1-d4d9]:main():gmm-align-compiled.cc:139) Done 16, errors on 0
# Accounting: time=4 threads=1
# Ended (code 0) at Thu Aug  2 13:27:20 UTC 2018, elapsed time 4 seconds
