# compile-train-graphs exp_atai-100A-mod/monophones_aligned/tree exp_atai-100A-mod/monophones_aligned/final.mdl data_atai-100A-mod/lang/L.fst "ark:utils/sym2int.pl --map-oov 2 -f 2- data_atai-100A-mod/lang/words.txt data_atai-100A-mod/train/split32/20/text|" ark:- | gmm-align-compiled --transition-scale=1.0 --acoustic-scale=0.1 --self-loop-scale=0.1 --beam=10 --retry-beam=40 --careful=false "gmm-boost-silence --boost=1.25 1 exp_atai-100A-mod/monophones_aligned/final.mdl - |" ark:- "ark,s,cs:apply-cmvn --norm-vars=true --utt2spk=ark:data_atai-100A-mod/train/split32/20/utt2spk scp:data_atai-100A-mod/train/split32/20/cmvn.scp scp:data_atai-100A-mod/train/split32/20/feats.scp ark:- | add-deltas  ark:- ark:- |" "ark,t:|gzip -c >exp_atai-100A-mod/monophones_aligned/ali.20.gz" 
# Started at Thu Aug  2 13:27:16 UTC 2018
#
compile-train-graphs exp_atai-100A-mod/monophones_aligned/tree exp_atai-100A-mod/monophones_aligned/final.mdl data_atai-100A-mod/lang/L.fst 'ark:utils/sym2int.pl --map-oov 2 -f 2- data_atai-100A-mod/lang/words.txt data_atai-100A-mod/train/split32/20/text|' ark:- 
gmm-align-compiled --transition-scale=1.0 --acoustic-scale=0.1 --self-loop-scale=0.1 --beam=10 --retry-beam=40 --careful=false 'gmm-boost-silence --boost=1.25 1 exp_atai-100A-mod/monophones_aligned/final.mdl - |' ark:- 'ark,s,cs:apply-cmvn --norm-vars=true --utt2spk=ark:data_atai-100A-mod/train/split32/20/utt2spk scp:data_atai-100A-mod/train/split32/20/cmvn.scp scp:data_atai-100A-mod/train/split32/20/feats.scp ark:- | add-deltas  ark:- ark:- |' 'ark,t:|gzip -c >exp_atai-100A-mod/monophones_aligned/ali.20.gz' 
gmm-boost-silence --boost=1.25 1 exp_atai-100A-mod/monophones_aligned/final.mdl - 
LOG (gmm-boost-silence[5.4.224~1-d4d9]:main():gmm-boost-silence.cc:93) Boosted weights for 5 pdfs, by factor of 1.25
LOG (gmm-boost-silence[5.4.224~1-d4d9]:main():gmm-boost-silence.cc:103) Wrote model to -
sym2int.pl: replacing буурсундар with 2
sym2int.pl: replacing жалпылдатып with 2
sym2int.pl: replacing айдаса with 2
sym2int.pl: replacing төз with 2
sym2int.pl: replacing үйүндөгүлөргө with 2
sym2int.pl: replacing өгүзүңдүн with 2
sym2int.pl: replacing султаналы with 2
sym2int.pl: replacing ныктай with 2
sym2int.pl: replacing жалпжалп with 2
sym2int.pl: replacing каңтарылып with 2
sym2int.pl: replacing буруксуйт with 2
sym2int.pl: replacing соймоңдогон with 2
sym2int.pl: replacing сөөлжандар with 2
sym2int.pl: replacing коштон with 2
sym2int.pl: replacing кынуу with 2
sym2int.pl: replacing айдоолордун with 2
sym2int.pl: replacing учупконушуп with 2
sym2int.pl: replacing жемдерин with 2
sym2int.pl: replacing жешип with 2
sym2int.pl: replacing каккак with 2
sym2int.pl: not warning for OOVs any more times
** Replaced 44 instances of OOVs with 2
apply-cmvn --norm-vars=true --utt2spk=ark:data_atai-100A-mod/train/split32/20/utt2spk scp:data_atai-100A-mod/train/split32/20/cmvn.scp scp:data_atai-100A-mod/train/split32/20/feats.scp ark:- 
add-deltas ark:- ark:- 
LOG (gmm-align-compiled[5.4.224~1-d4d9]:main():gmm-align-compiled.cc:127) atai-100A-mod_atai_421
LOG (gmm-align-compiled[5.4.224~1-d4d9]:main():gmm-align-compiled.cc:127) atai-100A-mod_atai_422
LOG (gmm-align-compiled[5.4.224~1-d4d9]:main():gmm-align-compiled.cc:127) atai-100A-mod_atai_423
LOG (gmm-align-compiled[5.4.224~1-d4d9]:main():gmm-align-compiled.cc:127) atai-100A-mod_atai_425
LOG (gmm-align-compiled[5.4.224~1-d4d9]:main():gmm-align-compiled.cc:127) atai-100A-mod_atai_426
LOG (gmm-align-compiled[5.4.224~1-d4d9]:main():gmm-align-compiled.cc:127) atai-100A-mod_atai_429
LOG (gmm-align-compiled[5.4.224~1-d4d9]:main():gmm-align-compiled.cc:127) atai-100A-mod_atai_43
LOG (gmm-align-compiled[5.4.224~1-d4d9]:main():gmm-align-compiled.cc:127) atai-100A-mod_atai_430
LOG (gmm-align-compiled[5.4.224~1-d4d9]:main():gmm-align-compiled.cc:127) atai-100A-mod_atai_431
LOG (gmm-align-compiled[5.4.224~1-d4d9]:main():gmm-align-compiled.cc:127) atai-100A-mod_atai_432
LOG (gmm-align-compiled[5.4.224~1-d4d9]:main():gmm-align-compiled.cc:127) atai-100A-mod_atai_433
LOG (apply-cmvn[5.4.224~1-d4d9]:main():apply-cmvn.cc:159) Applied cepstral mean and variance normalization to 16 utterances, errors on 0
LOG (gmm-align-compiled[5.4.224~1-d4d9]:main():gmm-align-compiled.cc:127) atai-100A-mod_atai_434
LOG (compile-train-graphs[5.4.224~1-d4d9]:main():compile-train-graphs.cc:147) compile-train-graphs: succeeded for 16 graphs, failed for 0
LOG (gmm-align-compiled[5.4.224~1-d4d9]:main():gmm-align-compiled.cc:127) atai-100A-mod_atai_435
LOG (gmm-align-compiled[5.4.224~1-d4d9]:main():gmm-align-compiled.cc:127) atai-100A-mod_atai_436
LOG (gmm-align-compiled[5.4.224~1-d4d9]:main():gmm-align-compiled.cc:127) atai-100A-mod_atai_437
LOG (gmm-align-compiled[5.4.224~1-d4d9]:main():gmm-align-compiled.cc:127) atai-100A-mod_atai_439
LOG (gmm-align-compiled[5.4.224~1-d4d9]:main():gmm-align-compiled.cc:135) Overall log-likelihood per frame is 0.595408 over 13381 frames.
LOG (gmm-align-compiled[5.4.224~1-d4d9]:main():gmm-align-compiled.cc:137) Retried 0 out of 16 utterances.
LOG (gmm-align-compiled[5.4.224~1-d4d9]:main():gmm-align-compiled.cc:139) Done 16, errors on 0
# Accounting: time=3 threads=1
# Ended (code 0) at Thu Aug  2 13:27:19 UTC 2018, elapsed time 3 seconds
