# compile-train-graphs exp_atai-100A-mod/monophones_aligned/tree exp_atai-100A-mod/monophones_aligned/final.mdl data_atai-100A-mod/lang/L.fst "ark:utils/sym2int.pl --map-oov 2 -f 2- data_atai-100A-mod/lang/words.txt data_atai-100A-mod/train/split32/12/text|" ark:- | gmm-align-compiled --transition-scale=1.0 --acoustic-scale=0.1 --self-loop-scale=0.1 --beam=10 --retry-beam=40 --careful=false "gmm-boost-silence --boost=1.25 1 exp_atai-100A-mod/monophones_aligned/final.mdl - |" ark:- "ark,s,cs:apply-cmvn --norm-vars=true --utt2spk=ark:data_atai-100A-mod/train/split32/12/utt2spk scp:data_atai-100A-mod/train/split32/12/cmvn.scp scp:data_atai-100A-mod/train/split32/12/feats.scp ark:- | add-deltas  ark:- ark:- |" "ark,t:|gzip -c >exp_atai-100A-mod/monophones_aligned/ali.12.gz" 
# Started at Thu Aug  2 13:27:15 UTC 2018
#
gmm-align-compiled --transition-scale=1.0 --acoustic-scale=0.1 --self-loop-scale=0.1 --beam=10 --retry-beam=40 --careful=false 'gmm-boost-silence --boost=1.25 1 exp_atai-100A-mod/monophones_aligned/final.mdl - |' ark:- 'ark,s,cs:apply-cmvn --norm-vars=true --utt2spk=ark:data_atai-100A-mod/train/split32/12/utt2spk scp:data_atai-100A-mod/train/split32/12/cmvn.scp scp:data_atai-100A-mod/train/split32/12/feats.scp ark:- | add-deltas  ark:- ark:- |' 'ark,t:|gzip -c >exp_atai-100A-mod/monophones_aligned/ali.12.gz' 
compile-train-graphs exp_atai-100A-mod/monophones_aligned/tree exp_atai-100A-mod/monophones_aligned/final.mdl data_atai-100A-mod/lang/L.fst 'ark:utils/sym2int.pl --map-oov 2 -f 2- data_atai-100A-mod/lang/words.txt data_atai-100A-mod/train/split32/12/text|' ark:- 
gmm-boost-silence --boost=1.25 1 exp_atai-100A-mod/monophones_aligned/final.mdl - 
LOG (gmm-boost-silence[5.4.224~1-d4d9]:main():gmm-boost-silence.cc:93) Boosted weights for 5 pdfs, by factor of 1.25
LOG (gmm-boost-silence[5.4.224~1-d4d9]:main():gmm-boost-silence.cc:103) Wrote model to -
sym2int.pl: replacing субандан with 2
sym2int.pl: replacing бүркөлүп with 2
sym2int.pl: replacing жайыттын with 2
sym2int.pl: replacing албеттүү with 2
sym2int.pl: replacing бирөөң with 2
sym2int.pl: replacing келтектерге with 2
sym2int.pl: replacing жанчылат with 2
sym2int.pl: replacing зарымды with 2
sym2int.pl: replacing уктуңар with 2
sym2int.pl: replacing уккансыңар with 2
sym2int.pl: replacing болсоңор with 2
sym2int.pl: replacing арманда with 2
sym2int.pl: replacing тагдырыма with 2
sym2int.pl: replacing таалайы with 2
sym2int.pl: replacing тагдырыма with 2
sym2int.pl: replacing армандамын with 2
sym2int.pl: replacing армандамын with 2
sym2int.pl: replacing колунанкелбесе with 2
sym2int.pl: replacing аттиң with 2
sym2int.pl: replacing ачуулу with 2
sym2int.pl: not warning for OOVs any more times
** Replaced 37 instances of OOVs with 2
apply-cmvn --norm-vars=true --utt2spk=ark:data_atai-100A-mod/train/split32/12/utt2spk scp:data_atai-100A-mod/train/split32/12/cmvn.scp scp:data_atai-100A-mod/train/split32/12/feats.scp ark:- 
add-deltas ark:- ark:- 
LOG (gmm-align-compiled[5.4.224~1-d4d9]:main():gmm-align-compiled.cc:127) atai-100A-mod_atai_281
LOG (gmm-align-compiled[5.4.224~1-d4d9]:main():gmm-align-compiled.cc:127) atai-100A-mod_atai_282
LOG (gmm-align-compiled[5.4.224~1-d4d9]:main():gmm-align-compiled.cc:127) atai-100A-mod_atai_284
LOG (gmm-align-compiled[5.4.224~1-d4d9]:main():gmm-align-compiled.cc:127) atai-100A-mod_atai_285
LOG (gmm-align-compiled[5.4.224~1-d4d9]:main():gmm-align-compiled.cc:127) atai-100A-mod_atai_286
LOG (gmm-align-compiled[5.4.224~1-d4d9]:main():gmm-align-compiled.cc:127) atai-100A-mod_atai_29
LOG (gmm-align-compiled[5.4.224~1-d4d9]:main():gmm-align-compiled.cc:127) atai-100A-mod_atai_290
LOG (gmm-align-compiled[5.4.224~1-d4d9]:main():gmm-align-compiled.cc:127) atai-100A-mod_atai_291
LOG (gmm-align-compiled[5.4.224~1-d4d9]:main():gmm-align-compiled.cc:127) atai-100A-mod_atai_292
LOG (gmm-align-compiled[5.4.224~1-d4d9]:main():gmm-align-compiled.cc:127) atai-100A-mod_atai_293
LOG (gmm-align-compiled[5.4.224~1-d4d9]:main():gmm-align-compiled.cc:127) atai-100A-mod_atai_294
LOG (gmm-align-compiled[5.4.224~1-d4d9]:main():gmm-align-compiled.cc:127) atai-100A-mod_atai_295
LOG (compile-train-graphs[5.4.224~1-d4d9]:main():compile-train-graphs.cc:147) compile-train-graphs: succeeded for 16 graphs, failed for 0
LOG (gmm-align-compiled[5.4.224~1-d4d9]:main():gmm-align-compiled.cc:127) atai-100A-mod_atai_296
LOG (apply-cmvn[5.4.224~1-d4d9]:main():apply-cmvn.cc:159) Applied cepstral mean and variance normalization to 16 utterances, errors on 0
LOG (gmm-align-compiled[5.4.224~1-d4d9]:main():gmm-align-compiled.cc:127) atai-100A-mod_atai_297
LOG (gmm-align-compiled[5.4.224~1-d4d9]:main():gmm-align-compiled.cc:127) atai-100A-mod_atai_298
LOG (gmm-align-compiled[5.4.224~1-d4d9]:main():gmm-align-compiled.cc:127) atai-100A-mod_atai_299
LOG (gmm-align-compiled[5.4.224~1-d4d9]:main():gmm-align-compiled.cc:135) Overall log-likelihood per frame is 1.76483 over 12861 frames.
LOG (gmm-align-compiled[5.4.224~1-d4d9]:main():gmm-align-compiled.cc:137) Retried 0 out of 16 utterances.
LOG (gmm-align-compiled[5.4.224~1-d4d9]:main():gmm-align-compiled.cc:139) Done 16, errors on 0
# Accounting: time=3 threads=1
# Ended (code 0) at Thu Aug  2 13:27:19 UTC 2018, elapsed time 3 seconds
