# compile-train-graphs exp_atai-100A-mod/monophones_aligned/tree exp_atai-100A-mod/monophones_aligned/final.mdl data_atai-100A-mod/lang/L.fst "ark:utils/sym2int.pl --map-oov 2 -f 2- data_atai-100A-mod/lang/words.txt data_atai-100A-mod/train/split32/16/text|" ark:- | gmm-align-compiled --transition-scale=1.0 --acoustic-scale=0.1 --self-loop-scale=0.1 --beam=10 --retry-beam=40 --careful=false "gmm-boost-silence --boost=1.25 1 exp_atai-100A-mod/monophones_aligned/final.mdl - |" ark:- "ark,s,cs:apply-cmvn --norm-vars=true --utt2spk=ark:data_atai-100A-mod/train/split32/16/utt2spk scp:data_atai-100A-mod/train/split32/16/cmvn.scp scp:data_atai-100A-mod/train/split32/16/feats.scp ark:- | add-deltas  ark:- ark:- |" "ark,t:|gzip -c >exp_atai-100A-mod/monophones_aligned/ali.16.gz" 
# Started at Thu Aug  2 13:27:16 UTC 2018
#
compile-train-graphs exp_atai-100A-mod/monophones_aligned/tree exp_atai-100A-mod/monophones_aligned/final.mdl data_atai-100A-mod/lang/L.fst 'ark:utils/sym2int.pl --map-oov 2 -f 2- data_atai-100A-mod/lang/words.txt data_atai-100A-mod/train/split32/16/text|' ark:- 
gmm-align-compiled --transition-scale=1.0 --acoustic-scale=0.1 --self-loop-scale=0.1 --beam=10 --retry-beam=40 --careful=false 'gmm-boost-silence --boost=1.25 1 exp_atai-100A-mod/monophones_aligned/final.mdl - |' ark:- 'ark,s,cs:apply-cmvn --norm-vars=true --utt2spk=ark:data_atai-100A-mod/train/split32/16/utt2spk scp:data_atai-100A-mod/train/split32/16/cmvn.scp scp:data_atai-100A-mod/train/split32/16/feats.scp ark:- | add-deltas  ark:- ark:- |' 'ark,t:|gzip -c >exp_atai-100A-mod/monophones_aligned/ali.16.gz' 
gmm-boost-silence --boost=1.25 1 exp_atai-100A-mod/monophones_aligned/final.mdl - 
LOG (gmm-boost-silence[5.4.224~1-d4d9]:main():gmm-boost-silence.cc:93) Boosted weights for 5 pdfs, by factor of 1.25
LOG (gmm-boost-silence[5.4.224~1-d4d9]:main():gmm-boost-silence.cc:103) Wrote model to -
sym2int.pl: replacing какшып with 2
sym2int.pl: replacing этияттоо with 2
sym2int.pl: replacing аккыз with 2
sym2int.pl: replacing күйөөсүнөн with 2
sym2int.pl: replacing жардынын with 2
sym2int.pl: replacing тыңы with 2
sym2int.pl: replacing аккыз with 2
sym2int.pl: replacing казанаяк with 2
sym2int.pl: replacing тиккич with 2
sym2int.pl: replacing аяктанбыяктан with 2
sym2int.pl: replacing өгүздүү with 2
sym2int.pl: replacing бурулчанын with 2
sym2int.pl: replacing туталанганы with 2
sym2int.pl: replacing токолдун with 2
sym2int.pl: replacing өргөөсүнө with 2
sym2int.pl: replacing буркулдап with 2
sym2int.pl: replacing жосунга with 2
sym2int.pl: replacing сыябы with 2
sym2int.pl: replacing капарында with 2
sym2int.pl: replacing көрөмбү with 2
sym2int.pl: not warning for OOVs any more times
** Replaced 76 instances of OOVs with 2
add-deltas ark:- ark:- 
apply-cmvn --norm-vars=true --utt2spk=ark:data_atai-100A-mod/train/split32/16/utt2spk scp:data_atai-100A-mod/train/split32/16/cmvn.scp scp:data_atai-100A-mod/train/split32/16/feats.scp ark:- 
LOG (gmm-align-compiled[5.4.224~1-d4d9]:main():gmm-align-compiled.cc:127) atai-100A-mod_atai_355
LOG (gmm-align-compiled[5.4.224~1-d4d9]:main():gmm-align-compiled.cc:127) atai-100A-mod_atai_357
LOG (gmm-align-compiled[5.4.224~1-d4d9]:main():gmm-align-compiled.cc:127) atai-100A-mod_atai_359
LOG (gmm-align-compiled[5.4.224~1-d4d9]:main():gmm-align-compiled.cc:127) atai-100A-mod_atai_36
LOG (gmm-align-compiled[5.4.224~1-d4d9]:main():gmm-align-compiled.cc:127) atai-100A-mod_atai_360
LOG (gmm-align-compiled[5.4.224~1-d4d9]:main():gmm-align-compiled.cc:127) atai-100A-mod_atai_361
LOG (gmm-align-compiled[5.4.224~1-d4d9]:main():gmm-align-compiled.cc:127) atai-100A-mod_atai_363
LOG (gmm-align-compiled[5.4.224~1-d4d9]:main():gmm-align-compiled.cc:127) atai-100A-mod_atai_364
LOG (gmm-align-compiled[5.4.224~1-d4d9]:main():gmm-align-compiled.cc:127) atai-100A-mod_atai_365
LOG (gmm-align-compiled[5.4.224~1-d4d9]:main():gmm-align-compiled.cc:127) atai-100A-mod_atai_366
LOG (gmm-align-compiled[5.4.224~1-d4d9]:main():gmm-align-compiled.cc:127) atai-100A-mod_atai_367
LOG (gmm-align-compiled[5.4.224~1-d4d9]:main():gmm-align-compiled.cc:127) atai-100A-mod_atai_368
LOG (apply-cmvn[5.4.224~1-d4d9]:main():apply-cmvn.cc:159) Applied cepstral mean and variance normalization to 16 utterances, errors on 0
LOG (gmm-align-compiled[5.4.224~1-d4d9]:main():gmm-align-compiled.cc:127) atai-100A-mod_atai_369
LOG (compile-train-graphs[5.4.224~1-d4d9]:main():compile-train-graphs.cc:147) compile-train-graphs: succeeded for 16 graphs, failed for 0
LOG (gmm-align-compiled[5.4.224~1-d4d9]:main():gmm-align-compiled.cc:127) atai-100A-mod_atai_37
LOG (gmm-align-compiled[5.4.224~1-d4d9]:main():gmm-align-compiled.cc:127) atai-100A-mod_atai_371
LOG (gmm-align-compiled[5.4.224~1-d4d9]:main():gmm-align-compiled.cc:127) atai-100A-mod_atai_373
LOG (gmm-align-compiled[5.4.224~1-d4d9]:main():gmm-align-compiled.cc:135) Overall log-likelihood per frame is 0.698793 over 14301 frames.
LOG (gmm-align-compiled[5.4.224~1-d4d9]:main():gmm-align-compiled.cc:137) Retried 0 out of 16 utterances.
LOG (gmm-align-compiled[5.4.224~1-d4d9]:main():gmm-align-compiled.cc:139) Done 16, errors on 0
# Accounting: time=3 threads=1
# Ended (code 0) at Thu Aug  2 13:27:19 UTC 2018, elapsed time 3 seconds
