# compile-train-graphs exp_atai-100A-mod/monophones_aligned/tree exp_atai-100A-mod/monophones_aligned/final.mdl data_atai-100A-mod/lang/L.fst "ark:utils/sym2int.pl --map-oov 2 -f 2- data_atai-100A-mod/lang/words.txt data_atai-100A-mod/train/split32/28/text|" ark:- | gmm-align-compiled --transition-scale=1.0 --acoustic-scale=0.1 --self-loop-scale=0.1 --beam=10 --retry-beam=40 --careful=false "gmm-boost-silence --boost=1.25 1 exp_atai-100A-mod/monophones_aligned/final.mdl - |" ark:- "ark,s,cs:apply-cmvn --norm-vars=true --utt2spk=ark:data_atai-100A-mod/train/split32/28/utt2spk scp:data_atai-100A-mod/train/split32/28/cmvn.scp scp:data_atai-100A-mod/train/split32/28/feats.scp ark:- | add-deltas  ark:- ark:- |" "ark,t:|gzip -c >exp_atai-100A-mod/monophones_aligned/ali.28.gz" 
# Started at Thu Aug  2 13:27:16 UTC 2018
#
compile-train-graphs exp_atai-100A-mod/monophones_aligned/tree exp_atai-100A-mod/monophones_aligned/final.mdl data_atai-100A-mod/lang/L.fst 'ark:utils/sym2int.pl --map-oov 2 -f 2- data_atai-100A-mod/lang/words.txt data_atai-100A-mod/train/split32/28/text|' ark:- 
gmm-align-compiled --transition-scale=1.0 --acoustic-scale=0.1 --self-loop-scale=0.1 --beam=10 --retry-beam=40 --careful=false 'gmm-boost-silence --boost=1.25 1 exp_atai-100A-mod/monophones_aligned/final.mdl - |' ark:- 'ark,s,cs:apply-cmvn --norm-vars=true --utt2spk=ark:data_atai-100A-mod/train/split32/28/utt2spk scp:data_atai-100A-mod/train/split32/28/cmvn.scp scp:data_atai-100A-mod/train/split32/28/feats.scp ark:- | add-deltas  ark:- ark:- |' 'ark,t:|gzip -c >exp_atai-100A-mod/monophones_aligned/ali.28.gz' 
gmm-boost-silence --boost=1.25 1 exp_atai-100A-mod/monophones_aligned/final.mdl - 
LOG (gmm-boost-silence[5.4.224~1-d4d9]:main():gmm-boost-silence.cc:93) Boosted weights for 5 pdfs, by factor of 1.25
LOG (gmm-boost-silence[5.4.224~1-d4d9]:main():gmm-boost-silence.cc:103) Wrote model to -
sym2int.pl: replacing маасычан with 2
sym2int.pl: replacing топулуу with 2
sym2int.pl: replacing көйнөгүнүн with 2
sym2int.pl: replacing түрүнгөн with 2
sym2int.pl: replacing шымаланганына with 2
sym2int.pl: replacing ыкласы with 2
sym2int.pl: replacing черткени with 2
sym2int.pl: replacing сөзилет with 2
sym2int.pl: replacing кубанганы with 2
sym2int.pl: replacing бырыштырышка with 2
sym2int.pl: replacing отурушкан with 2
sym2int.pl: replacing кубанышчу with 2
sym2int.pl: replacing аралашкандай with 2
sym2int.pl: replacing сөзишчү with 2
sym2int.pl: replacing жантакпайды with 2
sym2int.pl: replacing тосушуп with 2
sym2int.pl: replacing киргизишти with 2
sym2int.pl: replacing султаналынын with 2
sym2int.pl: replacing алжайын with 2
sym2int.pl: replacing түгөлүн with 2
sym2int.pl: not warning for OOVs any more times
** Replaced 61 instances of OOVs with 2
apply-cmvn --norm-vars=true --utt2spk=ark:data_atai-100A-mod/train/split32/28/utt2spk scp:data_atai-100A-mod/train/split32/28/cmvn.scp scp:data_atai-100A-mod/train/split32/28/feats.scp ark:- 
add-deltas ark:- ark:- 
LOG (gmm-align-compiled[5.4.224~1-d4d9]:main():gmm-align-compiled.cc:127) atai-100A-mod_atai_563
LOG (gmm-align-compiled[5.4.224~1-d4d9]:main():gmm-align-compiled.cc:127) atai-100A-mod_atai_564
LOG (gmm-align-compiled[5.4.224~1-d4d9]:main():gmm-align-compiled.cc:127) atai-100A-mod_atai_565
LOG (gmm-align-compiled[5.4.224~1-d4d9]:main():gmm-align-compiled.cc:127) atai-100A-mod_atai_566
LOG (gmm-align-compiled[5.4.224~1-d4d9]:main():gmm-align-compiled.cc:127) atai-100A-mod_atai_567
LOG (gmm-align-compiled[5.4.224~1-d4d9]:main():gmm-align-compiled.cc:127) atai-100A-mod_atai_568
LOG (gmm-align-compiled[5.4.224~1-d4d9]:main():gmm-align-compiled.cc:127) atai-100A-mod_atai_569
LOG (gmm-align-compiled[5.4.224~1-d4d9]:main():gmm-align-compiled.cc:127) atai-100A-mod_atai_57
LOG (gmm-align-compiled[5.4.224~1-d4d9]:main():gmm-align-compiled.cc:127) atai-100A-mod_atai_570
LOG (gmm-align-compiled[5.4.224~1-d4d9]:main():gmm-align-compiled.cc:127) atai-100A-mod_atai_571
LOG (gmm-align-compiled[5.4.224~1-d4d9]:main():gmm-align-compiled.cc:127) atai-100A-mod_atai_574
LOG (gmm-align-compiled[5.4.224~1-d4d9]:main():gmm-align-compiled.cc:127) atai-100A-mod_atai_575
LOG (gmm-align-compiled[5.4.224~1-d4d9]:main():gmm-align-compiled.cc:127) atai-100A-mod_atai_576
LOG (apply-cmvn[5.4.224~1-d4d9]:main():apply-cmvn.cc:159) Applied cepstral mean and variance normalization to 16 utterances, errors on 0
LOG (gmm-align-compiled[5.4.224~1-d4d9]:main():gmm-align-compiled.cc:127) atai-100A-mod_atai_577
LOG (compile-train-graphs[5.4.224~1-d4d9]:main():compile-train-graphs.cc:147) compile-train-graphs: succeeded for 16 graphs, failed for 0
LOG (gmm-align-compiled[5.4.224~1-d4d9]:main():gmm-align-compiled.cc:127) atai-100A-mod_atai_578
LOG (gmm-align-compiled[5.4.224~1-d4d9]:main():gmm-align-compiled.cc:127) atai-100A-mod_atai_579
LOG (gmm-align-compiled[5.4.224~1-d4d9]:main():gmm-align-compiled.cc:135) Overall log-likelihood per frame is 0.969994 over 17961 frames.
LOG (gmm-align-compiled[5.4.224~1-d4d9]:main():gmm-align-compiled.cc:137) Retried 0 out of 16 utterances.
LOG (gmm-align-compiled[5.4.224~1-d4d9]:main():gmm-align-compiled.cc:139) Done 16, errors on 0
# Accounting: time=4 threads=1
# Ended (code 0) at Thu Aug  2 13:27:20 UTC 2018, elapsed time 4 seconds
