# compile-train-graphs exp_atai-100E-mod/triphones/tree exp_atai-100E-mod/triphones/1.mdl data_atai-100E-mod/lang/L.fst "ark:utils/sym2int.pl --map-oov 2 -f 2- data_atai-100E-mod/lang/words.txt < data_atai-100E-mod/train/split4/3/text |" "ark:|gzip -c >exp_atai-100E-mod/triphones/fsts.3.gz" 
# Started at Tue Jul 24 16:32:12 UTC 2018
#
compile-train-graphs exp_atai-100E-mod/triphones/tree exp_atai-100E-mod/triphones/1.mdl data_atai-100E-mod/lang/L.fst 'ark:utils/sym2int.pl --map-oov 2 -f 2- data_atai-100E-mod/lang/words.txt < data_atai-100E-mod/train/split4/3/text |' 'ark:|gzip -c >exp_atai-100E-mod/triphones/fsts.3.gz' 
sym2int.pl: replacing кыңгырата with 2
sym2int.pl: replacing үчүндүр with 2
sym2int.pl: replacing акесинен with 2
sym2int.pl: replacing көрөмбү with 2
sym2int.pl: replacing тарапыранын with 2
sym2int.pl: replacing күргөн with 2
sym2int.pl: replacing султаналы with 2
sym2int.pl: replacing айылдагылар with 2
sym2int.pl: replacing кылыша with 2
sym2int.pl: replacing султаналы with 2
sym2int.pl: replacing тырышчаак with 2
sym2int.pl: replacing төшөктүн with 2
sym2int.pl: replacing маасычан with 2
sym2int.pl: replacing мандаш with 2
sym2int.pl: replacing султаналы with 2
sym2int.pl: replacing делбээлерге with 2
sym2int.pl: replacing буурусун with 2
sym2int.pl: replacing кебелбеген with 2
sym2int.pl: replacing чурулдаган with 2
sym2int.pl: replacing кошчулардын with 2
sym2int.pl: not warning for OOVs any more times
** Replaced 88 instances of OOVs with 2
LOG (compile-train-graphs[5.4.217~1-8ae5]:main():compile-train-graphs.cc:147) compile-train-graphs: succeeded for 25 graphs, failed for 0
# Accounting: time=3 threads=1
# Ended (code 0) at Tue Jul 24 16:32:15 UTC 2018, elapsed time 3 seconds
