# compile-train-graphs exp_atai-100E-mod/triphones/tree exp_atai-100E-mod/triphones/1.mdl data_atai-100E-mod/lang/L.fst "ark:utils/sym2int.pl --map-oov 2 -f 2- data_atai-100E-mod/lang/words.txt < data_atai-100E-mod/train/split4/2/text |" "ark:|gzip -c >exp_atai-100E-mod/triphones/fsts.2.gz" 
# Started at Tue Jul 24 16:32:12 UTC 2018
#
compile-train-graphs exp_atai-100E-mod/triphones/tree exp_atai-100E-mod/triphones/1.mdl data_atai-100E-mod/lang/L.fst 'ark:utils/sym2int.pl --map-oov 2 -f 2- data_atai-100E-mod/lang/words.txt < data_atai-100E-mod/train/split4/2/text |' 'ark:|gzip -c >exp_atai-100E-mod/triphones/fsts.2.gz' 
sym2int.pl: replacing этпеди with 2
sym2int.pl: replacing жанагыдан with 2
sym2int.pl: replacing чаңырды with 2
sym2int.pl: replacing көзүңү with 2
sym2int.pl: replacing токмогу with 2
sym2int.pl: replacing немеге with 2
sym2int.pl: replacing бетмаңдайында with 2
sym2int.pl: replacing тиктешип with 2
sym2int.pl: replacing ылдыйланган with 2
sym2int.pl: replacing аттуулардын with 2
sym2int.pl: replacing малдарын with 2
sym2int.pl: replacing түгөлдөшүп with 2
sym2int.pl: replacing томаяк with 2
sym2int.pl: replacing кески with 2
sym2int.pl: replacing сурайлы with 2
sym2int.pl: replacing төшөгүндө with 2
sym2int.pl: replacing нарыбери with 2
sym2int.pl: replacing тиктешип with 2
sym2int.pl: replacing эместей with 2
sym2int.pl: replacing көрөркөзү with 2
sym2int.pl: not warning for OOVs any more times
** Replaced 57 instances of OOVs with 2
LOG (compile-train-graphs[5.4.217~1-8ae5]:main():compile-train-graphs.cc:147) compile-train-graphs: succeeded for 25 graphs, failed for 0
# Accounting: time=3 threads=1
# Ended (code 0) at Tue Jul 24 16:32:15 UTC 2018, elapsed time 3 seconds
