# gmm-init-model --write-occs=exp_atai-100E-mod/triphones/1.occs exp_atai-100E-mod/triphones/tree exp_atai-100E-mod/triphones/treeacc data_atai-100E-mod/lang/topo exp_atai-100E-mod/triphones/1.mdl 
# Started at Tue Jul 24 16:32:11 UTC 2018
#
gmm-init-model --write-occs=exp_atai-100E-mod/triphones/1.occs exp_atai-100E-mod/triphones/tree exp_atai-100E-mod/triphones/treeacc data_atai-100E-mod/lang/topo exp_atai-100E-mod/triphones/1.mdl 
LOG (gmm-init-model[5.4.217~1-8ae5]:main():gmm-init-model.cc:271) Number of separate statistics is 7169
WARNING (gmm-init-model[5.4.217~1-8ae5]:InitAmGmm():gmm-init-model.cc:55) Tree has pdf-id 8 with no stats; corresponding phone list: 9 
WARNING (gmm-init-model[5.4.217~1-8ae5]:InitAmGmm():gmm-init-model.cc:83) Very small count for state 3: 47; corresponding phone list: 4 
WARNING (gmm-init-model[5.4.217~1-8ae5]:InitAmGmm():gmm-init-model.cc:83) Very small count for state 4: 55; corresponding phone list: 5 
WARNING (gmm-init-model[5.4.217~1-8ae5]:InitAmGmm():gmm-init-model.cc:83) Very small count for state 16: 92; corresponding phone list: 17 
WARNING (gmm-init-model[5.4.217~1-8ae5]:InitAmGmm():gmm-init-model.cc:83) Very small count for state 25: 7; corresponding phone list: 26 
WARNING (gmm-init-model[5.4.217~1-8ae5]:InitAmGmm():gmm-init-model.cc:83) Very small count for state 37: 72; corresponding phone list: 24 
WARNING (gmm-init-model[5.4.217~1-8ae5]:InitAmGmm():gmm-init-model.cc:83) Very small count for state 42: 61; corresponding phone list: 29 
WARNING (gmm-init-model[5.4.217~1-8ae5]:InitAmGmm():gmm-init-model.cc:83) Very small count for state 43: 51; corresponding phone list: 24 
WARNING (gmm-init-model[5.4.217~1-8ae5]:InitAmGmm():gmm-init-model.cc:83) Very small count for state 63: 55; corresponding phone list: 8 
WARNING (gmm-init-model[5.4.217~1-8ae5]:InitAmGmm():gmm-init-model.cc:83) Very small count for state 67: 66; corresponding phone list: 7 
WARNING (gmm-init-model[5.4.217~1-8ae5]:InitAmGmm():gmm-init-model.cc:83) Very small count for state 70: 57; corresponding phone list: 6 
WARNING (gmm-init-model[5.4.217~1-8ae5]:InitAmGmm():gmm-init-model.cc:83) Very small count for state 81: 93; corresponding phone list: 12 
WARNING (gmm-init-model[5.4.217~1-8ae5]:InitAmGmm():gmm-init-model.cc:83) Very small count for state 97: 78; corresponding phone list: 21 
LOG (gmm-init-model[5.4.217~1-8ae5]:main():gmm-init-model.cc:306) Wrote model.
# Accounting: time=0 threads=1
# Ended (code 0) at Tue Jul 24 16:32:11 UTC 2018, elapsed time 0 seconds
