# gmm-est --mix-up=1120 --power=0.25 --write-occs=exp_atai-100E-mod/triphones/5.occs exp_atai-100E-mod/triphones/4.mdl "gmm-sum-accs - exp_atai-100E-mod/triphones/4.*.acc |" exp_atai-100E-mod/triphones/5.mdl 
# Started at Tue Jul 24 16:32:17 UTC 2018
#
gmm-est --mix-up=1120 --power=0.25 --write-occs=exp_atai-100E-mod/triphones/5.occs exp_atai-100E-mod/triphones/4.mdl 'gmm-sum-accs - exp_atai-100E-mod/triphones/4.*.acc |' exp_atai-100E-mod/triphones/5.mdl 
gmm-sum-accs - exp_atai-100E-mod/triphones/4.1.acc exp_atai-100E-mod/triphones/4.2.acc exp_atai-100E-mod/triphones/4.3.acc exp_atai-100E-mod/triphones/4.4.acc 
LOG (gmm-sum-accs[5.4.217~1-8ae5]:main():gmm-sum-accs.cc:63) Summed 4 stats, total count 84762, avg like/frame 13.3988
LOG (gmm-sum-accs[5.4.217~1-8ae5]:main():gmm-sum-accs.cc:66) Total count of stats is 84762
LOG (gmm-sum-accs[5.4.217~1-8ae5]:main():gmm-sum-accs.cc:67) Written stats to -
LOG (gmm-est[5.4.217~1-8ae5]:MleUpdate():transition-model.cc:517) TransitionModel::Update, objf change is 0 per frame over 84762 frames. 
LOG (gmm-est[5.4.217~1-8ae5]:MleUpdate():transition-model.cc:520) 7 probabilities floored, 6 out of 186 transition-states skipped due to insuffient data (it is normal to have some skipped.)
LOG (gmm-est[5.4.217~1-8ae5]:main():gmm-est.cc:102) Transition model update: Overall 0 log-like improvement per frame over 84762 frames.
WARNING (gmm-est[5.4.217~1-8ae5]:MleDiagGmmUpdate():mle-diag-gmm.cc:365) Gaussian has too little data but not removing it because it is the last Gaussian: i = 0, occ = 0, weight = 1
WARNING (gmm-est[5.4.217~1-8ae5]:MleDiagGmmUpdate():mle-diag-gmm.cc:359) Too little data - removing Gaussian (weight 0.059342, occupation count 8.189138, vector size 39)
WARNING (gmm-est[5.4.217~1-8ae5]:MleDiagGmmUpdate():mle-diag-gmm.cc:359) Too little data - removing Gaussian (weight 0.033826, occupation count 8.659370, vector size 39)
WARNING (gmm-est[5.4.217~1-8ae5]:MleDiagGmmUpdate():mle-diag-gmm.cc:365) Gaussian has too little data but not removing it because it is the last Gaussian: i = 0, occ = 7, weight = 1
WARNING (gmm-est[5.4.217~1-8ae5]:MleDiagGmmUpdate():mle-diag-gmm.cc:359) Too little data - removing Gaussian (weight 0.055812, occupation count 9.488058, vector size 39)
WARNING (gmm-est[5.4.217~1-8ae5]:MleDiagGmmUpdate():mle-diag-gmm.cc:359) Too little data - removing Gaussian (weight 0.068029, occupation count 9.320023, vector size 39)
WARNING (gmm-est[5.4.217~1-8ae5]:MleDiagGmmUpdate():mle-diag-gmm.cc:359) Too little data - removing Gaussian (weight 0.048478, occupation count 8.629077, vector size 39)
LOG (gmm-est[5.4.217~1-8ae5]:MleAmDiagGmmUpdate():mle-am-diag-gmm.cc:225) 452 variance elements floored in 208 Gaussians, out of 1075
LOG (gmm-est[5.4.217~1-8ae5]:MleAmDiagGmmUpdate():mle-am-diag-gmm.cc:229) Removed 5 Gaussians due to counts < --min-gaussian-occupancy=10 and --remove-low-count-gaussians=true
LOG (gmm-est[5.4.217~1-8ae5]:main():gmm-est.cc:113) GMM update: Overall 0.812854 objective function improvement per frame over 84762 frames
LOG (gmm-est[5.4.217~1-8ae5]:main():gmm-est.cc:116) GMM update: Overall avg like per frame = 13.3988 over 84762 frames.
LOG (gmm-est[5.4.217~1-8ae5]:SplitByCount():am-diag-gmm.cc:116) Split 168 states with target = 1120, power = 0.25, perturb_factor = 0.01 and min_count = 20, split #Gauss from 1075 to 1120
LOG (gmm-est[5.4.217~1-8ae5]:main():gmm-est.cc:146) Written model to exp_atai-100E-mod/triphones/5.mdl
# Accounting: time=0 threads=1
# Ended (code 0) at Tue Jul 24 16:32:17 UTC 2018, elapsed time 0 seconds
