# gmm-est --mix-up=1080 --power=0.25 --write-occs=exp_atai-100E-mod/triphones/4.occs exp_atai-100E-mod/triphones/3.mdl "gmm-sum-accs - exp_atai-100E-mod/triphones/3.*.acc |" exp_atai-100E-mod/triphones/4.mdl 
# Started at Tue Jul 24 16:32:16 UTC 2018
#
gmm-est --mix-up=1080 --power=0.25 --write-occs=exp_atai-100E-mod/triphones/4.occs exp_atai-100E-mod/triphones/3.mdl 'gmm-sum-accs - exp_atai-100E-mod/triphones/3.*.acc |' exp_atai-100E-mod/triphones/4.mdl 
gmm-sum-accs - exp_atai-100E-mod/triphones/3.1.acc exp_atai-100E-mod/triphones/3.2.acc exp_atai-100E-mod/triphones/3.3.acc exp_atai-100E-mod/triphones/3.4.acc 
LOG (gmm-sum-accs[5.4.217~1-8ae5]:main():gmm-sum-accs.cc:63) Summed 4 stats, total count 84762, avg like/frame 11.4582
LOG (gmm-sum-accs[5.4.217~1-8ae5]:main():gmm-sum-accs.cc:66) Total count of stats is 84762
LOG (gmm-sum-accs[5.4.217~1-8ae5]:main():gmm-sum-accs.cc:67) Written stats to -
LOG (gmm-est[5.4.217~1-8ae5]:MleUpdate():transition-model.cc:517) TransitionModel::Update, objf change is 0 per frame over 84762 frames. 
LOG (gmm-est[5.4.217~1-8ae5]:MleUpdate():transition-model.cc:520) 7 probabilities floored, 6 out of 186 transition-states skipped due to insuffient data (it is normal to have some skipped.)
LOG (gmm-est[5.4.217~1-8ae5]:main():gmm-est.cc:102) Transition model update: Overall 0 log-like improvement per frame over 84762 frames.
WARNING (gmm-est[5.4.217~1-8ae5]:MleDiagGmmUpdate():mle-diag-gmm.cc:365) Gaussian has too little data but not removing it because it is the last Gaussian: i = 0, occ = 0, weight = 1
WARNING (gmm-est[5.4.217~1-8ae5]:MleDiagGmmUpdate():mle-diag-gmm.cc:359) Too little data - removing Gaussian (weight 0.078175, occupation count 8.833728, vector size 39)
WARNING (gmm-est[5.4.217~1-8ae5]:MleDiagGmmUpdate():mle-diag-gmm.cc:365) Gaussian has too little data but not removing it because it is the last Gaussian: i = 0, occ = 7, weight = 1
WARNING (gmm-est[5.4.217~1-8ae5]:MleDiagGmmUpdate():mle-diag-gmm.cc:359) Too little data - removing Gaussian (weight 0.053566, occupation count 7.017168, vector size 39)
WARNING (gmm-est[5.4.217~1-8ae5]:MleDiagGmmUpdate():mle-diag-gmm.cc:359) Too little data - removing Gaussian (weight 0.055880, occupation count 6.202647, vector size 39)
WARNING (gmm-est[5.4.217~1-8ae5]:MleDiagGmmUpdate():mle-diag-gmm.cc:359) Too little data - removing Gaussian (weight 0.064650, occupation count 7.176112, vector size 39)
WARNING (gmm-est[5.4.217~1-8ae5]:MleDiagGmmUpdate():mle-diag-gmm.cc:359) Too little data - removing Gaussian (weight 0.083369, occupation count 9.920868, vector size 39)
WARNING (gmm-est[5.4.217~1-8ae5]:MleDiagGmmUpdate():mle-diag-gmm.cc:359) Too little data - removing Gaussian (weight 0.078817, occupation count 9.379282, vector size 39)
WARNING (gmm-est[5.4.217~1-8ae5]:MleDiagGmmUpdate():mle-diag-gmm.cc:359) Too little data - removing Gaussian (weight 0.060083, occupation count 7.570473, vector size 39)
WARNING (gmm-est[5.4.217~1-8ae5]:MleDiagGmmUpdate():mle-diag-gmm.cc:359) Too little data - removing Gaussian (weight 0.043688, occupation count 8.300690, vector size 39)
WARNING (gmm-est[5.4.217~1-8ae5]:MleDiagGmmUpdate():mle-diag-gmm.cc:359) Too little data - removing Gaussian (weight 0.044780, occupation count 8.508125, vector size 39)
WARNING (gmm-est[5.4.217~1-8ae5]:MleDiagGmmUpdate():mle-diag-gmm.cc:359) Too little data - removing Gaussian (weight 0.054955, occupation count 9.891939, vector size 39)
WARNING (gmm-est[5.4.217~1-8ae5]:MleDiagGmmUpdate():mle-diag-gmm.cc:359) Too little data - removing Gaussian (weight 0.059927, occupation count 8.150024, vector size 39)
WARNING (gmm-est[5.4.217~1-8ae5]:MleDiagGmmUpdate():mle-diag-gmm.cc:359) Too little data - removing Gaussian (weight 0.043009, occupation count 5.548212, vector size 39)
WARNING (gmm-est[5.4.217~1-8ae5]:MleDiagGmmUpdate():mle-diag-gmm.cc:359) Too little data - removing Gaussian (weight 0.032924, occupation count 4.049680, vector size 39)
LOG (gmm-est[5.4.217~1-8ae5]:MleAmDiagGmmUpdate():mle-am-diag-gmm.cc:225) 267 variance elements floored in 145 Gaussians, out of 1027
LOG (gmm-est[5.4.217~1-8ae5]:MleAmDiagGmmUpdate():mle-am-diag-gmm.cc:229) Removed 13 Gaussians due to counts < --min-gaussian-occupancy=10 and --remove-low-count-gaussians=true
LOG (gmm-est[5.4.217~1-8ae5]:main():gmm-est.cc:113) GMM update: Overall 1.10349 objective function improvement per frame over 84762 frames
LOG (gmm-est[5.4.217~1-8ae5]:main():gmm-est.cc:116) GMM update: Overall avg like per frame = 11.4582 over 84762 frames.
LOG (gmm-est[5.4.217~1-8ae5]:SplitByCount():am-diag-gmm.cc:116) Split 168 states with target = 1080, power = 0.25, perturb_factor = 0.01 and min_count = 20, split #Gauss from 1027 to 1080
LOG (gmm-est[5.4.217~1-8ae5]:main():gmm-est.cc:146) Written model to exp_atai-100E-mod/triphones/4.mdl
# Accounting: time=0 threads=1
# Ended (code 0) at Tue Jul 24 16:32:16 UTC 2018, elapsed time 0 seconds
