# gmm-est --mix-up=1880 --power=0.25 --write-occs=exp_atai-100E-mod/triphones/24.occs exp_atai-100E-mod/triphones/23.mdl "gmm-sum-accs - exp_atai-100E-mod/triphones/23.*.acc |" exp_atai-100E-mod/triphones/24.mdl 
# Started at Tue Jul 24 16:32:29 UTC 2018
#
gmm-est --mix-up=1880 --power=0.25 --write-occs=exp_atai-100E-mod/triphones/24.occs exp_atai-100E-mod/triphones/23.mdl 'gmm-sum-accs - exp_atai-100E-mod/triphones/23.*.acc |' exp_atai-100E-mod/triphones/24.mdl 
gmm-sum-accs - exp_atai-100E-mod/triphones/23.1.acc exp_atai-100E-mod/triphones/23.2.acc exp_atai-100E-mod/triphones/23.3.acc exp_atai-100E-mod/triphones/23.4.acc 
LOG (gmm-sum-accs[5.4.217~1-8ae5]:main():gmm-sum-accs.cc:63) Summed 4 stats, total count 84762, avg like/frame 17.5206
LOG (gmm-sum-accs[5.4.217~1-8ae5]:main():gmm-sum-accs.cc:66) Total count of stats is 84762
LOG (gmm-sum-accs[5.4.217~1-8ae5]:main():gmm-sum-accs.cc:67) Written stats to -
LOG (gmm-est[5.4.217~1-8ae5]:MleUpdate():transition-model.cc:517) TransitionModel::Update, objf change is 0 per frame over 84762 frames. 
LOG (gmm-est[5.4.217~1-8ae5]:MleUpdate():transition-model.cc:520) 15 probabilities floored, 5 out of 186 transition-states skipped due to insuffient data (it is normal to have some skipped.)
LOG (gmm-est[5.4.217~1-8ae5]:main():gmm-est.cc:102) Transition model update: Overall 0 log-like improvement per frame over 84762 frames.
WARNING (gmm-est[5.4.217~1-8ae5]:MleDiagGmmUpdate():mle-diag-gmm.cc:365) Gaussian has too little data but not removing it because it is the last Gaussian: i = 0, occ = 0, weight = 1
WARNING (gmm-est[5.4.217~1-8ae5]:MleDiagGmmUpdate():mle-diag-gmm.cc:365) Gaussian has too little data but not removing it because it is the last Gaussian: i = 0, occ = 7, weight = 1
WARNING (gmm-est[5.4.217~1-8ae5]:MleDiagGmmUpdate():mle-diag-gmm.cc:359) Too little data - removing Gaussian (weight 0.058814, occupation count 9.998369, vector size 39)
LOG (gmm-est[5.4.217~1-8ae5]:MleAmDiagGmmUpdate():mle-am-diag-gmm.cc:225) 2087 variance elements floored in 702 Gaussians, out of 1841
LOG (gmm-est[5.4.217~1-8ae5]:MleAmDiagGmmUpdate():mle-am-diag-gmm.cc:229) Removed 1 Gaussians due to counts < --min-gaussian-occupancy=10 and --remove-low-count-gaussians=true
LOG (gmm-est[5.4.217~1-8ae5]:main():gmm-est.cc:113) GMM update: Overall 0.0415396 objective function improvement per frame over 84762 frames
LOG (gmm-est[5.4.217~1-8ae5]:main():gmm-est.cc:116) GMM update: Overall avg like per frame = 17.5206 over 84762 frames.
LOG (gmm-est[5.4.217~1-8ae5]:SplitByCount():am-diag-gmm.cc:116) Split 168 states with target = 1880, power = 0.25, perturb_factor = 0.01 and min_count = 20, split #Gauss from 1841 to 1882
LOG (gmm-est[5.4.217~1-8ae5]:main():gmm-est.cc:146) Written model to exp_atai-100E-mod/triphones/24.mdl
# Accounting: time=0 threads=1
# Ended (code 0) at Tue Jul 24 16:32:29 UTC 2018, elapsed time 0 seconds
