# compile-train-graphs exp_atai-100C-org/triphones_aligned/tree exp_atai-100C-org/triphones_aligned/final.mdl data_atai-100C-org/lang/L.fst "ark:utils/sym2int.pl --map-oov 2 -f 2- data_atai-100C-org/lang/words.txt data_atai-100C-org/train/split4/3/text|" ark:- | gmm-align-compiled --transition-scale=1.0 --acoustic-scale=0.1 --self-loop-scale=0.1 --beam=10 --retry-beam=40 --careful=false "gmm-boost-silence --boost=1.25 1 exp_atai-100C-org/triphones_aligned/final.mdl - |" ark:- "ark,s,cs:apply-cmvn  --utt2spk=ark:data_atai-100C-org/train/split4/3/utt2spk scp:data_atai-100C-org/train/split4/3/cmvn.scp scp:data_atai-100C-org/train/split4/3/feats.scp ark:- | add-deltas  ark:- ark:- |" "ark,t:|gzip -c >exp_atai-100C-org/triphones_aligned/ali.3.gz" 
# Started at Tue Jul 24 16:53:58 UTC 2018
#
compile-train-graphs exp_atai-100C-org/triphones_aligned/tree exp_atai-100C-org/triphones_aligned/final.mdl data_atai-100C-org/lang/L.fst 'ark:utils/sym2int.pl --map-oov 2 -f 2- data_atai-100C-org/lang/words.txt data_atai-100C-org/train/split4/3/text|' ark:- 
gmm-align-compiled --transition-scale=1.0 --acoustic-scale=0.1 --self-loop-scale=0.1 --beam=10 --retry-beam=40 --careful=false 'gmm-boost-silence --boost=1.25 1 exp_atai-100C-org/triphones_aligned/final.mdl - |' ark:- 'ark,s,cs:apply-cmvn  --utt2spk=ark:data_atai-100C-org/train/split4/3/utt2spk scp:data_atai-100C-org/train/split4/3/cmvn.scp scp:data_atai-100C-org/train/split4/3/feats.scp ark:- | add-deltas  ark:- ark:- |' 'ark,t:|gzip -c >exp_atai-100C-org/triphones_aligned/ali.3.gz' 
gmm-boost-silence --boost=1.25 1 exp_atai-100C-org/triphones_aligned/final.mdl - 
LOG (gmm-boost-silence[5.4.217~1-8ae5]:main():gmm-boost-silence.cc:93) Boosted weights for 5 pdfs, by factor of 1.25
LOG (gmm-boost-silence[5.4.217~1-8ae5]:main():gmm-boost-silence.cc:103) Wrote model to -
sym2int.pl: replacing салпактаган with 2
sym2int.pl: replacing кулалылар with 2
sym2int.pl: replacing болушкансып with 2
sym2int.pl: replacing кыймылдаганын with 2
sym2int.pl: replacing алыстабай with 2
sym2int.pl: replacing ойкупкайкып with 2
sym2int.pl: replacing көзде with 2
sym2int.pl: replacing аңдыганы with 2
sym2int.pl: replacing аңдыган with 2
sym2int.pl: replacing мейкининен with 2
sym2int.pl: replacing күкүктүн with 2
sym2int.pl: replacing дабышы with 2
sym2int.pl: replacing угулбайт with 2
sym2int.pl: replacing каеринде with 2
sym2int.pl: replacing көзигет with 2
sym2int.pl: replacing куурайдын with 2
sym2int.pl: replacing чыйтчыйт with 2
sym2int.pl: replacing чирилийлешип with 2
sym2int.pl: replacing итирейген with 2
sym2int.pl: replacing өлүгүңдү with 2
sym2int.pl: not warning for OOVs any more times
** Replaced 79 instances of OOVs with 2
apply-cmvn --utt2spk=ark:data_atai-100C-org/train/split4/3/utt2spk scp:data_atai-100C-org/train/split4/3/cmvn.scp scp:data_atai-100C-org/train/split4/3/feats.scp ark:- 
add-deltas ark:- ark:- 
LOG (gmm-align-compiled[5.4.217~1-8ae5]:main():gmm-align-compiled.cc:127) atai-100C-org_atai_393
LOG (gmm-align-compiled[5.4.217~1-8ae5]:main():gmm-align-compiled.cc:127) atai-100C-org_atai_394
LOG (gmm-align-compiled[5.4.217~1-8ae5]:main():gmm-align-compiled.cc:127) atai-100C-org_atai_40
LOG (gmm-align-compiled[5.4.217~1-8ae5]:main():gmm-align-compiled.cc:127) atai-100C-org_atai_402
LOG (gmm-align-compiled[5.4.217~1-8ae5]:main():gmm-align-compiled.cc:127) atai-100C-org_atai_404
LOG (gmm-align-compiled[5.4.217~1-8ae5]:main():gmm-align-compiled.cc:127) atai-100C-org_atai_405
LOG (gmm-align-compiled[5.4.217~1-8ae5]:main():gmm-align-compiled.cc:127) atai-100C-org_atai_410
LOG (gmm-align-compiled[5.4.217~1-8ae5]:main():gmm-align-compiled.cc:127) atai-100C-org_atai_413
LOG (gmm-align-compiled[5.4.217~1-8ae5]:main():gmm-align-compiled.cc:127) atai-100C-org_atai_417
LOG (gmm-align-compiled[5.4.217~1-8ae5]:main():gmm-align-compiled.cc:127) atai-100C-org_atai_422
LOG (gmm-align-compiled[5.4.217~1-8ae5]:main():gmm-align-compiled.cc:127) atai-100C-org_atai_432
LOG (gmm-align-compiled[5.4.217~1-8ae5]:main():gmm-align-compiled.cc:127) atai-100C-org_atai_440
LOG (gmm-align-compiled[5.4.217~1-8ae5]:main():gmm-align-compiled.cc:127) atai-100C-org_atai_444
LOG (gmm-align-compiled[5.4.217~1-8ae5]:main():gmm-align-compiled.cc:127) atai-100C-org_atai_453
LOG (gmm-align-compiled[5.4.217~1-8ae5]:main():gmm-align-compiled.cc:127) atai-100C-org_atai_454
LOG (gmm-align-compiled[5.4.217~1-8ae5]:main():gmm-align-compiled.cc:127) atai-100C-org_atai_466
LOG (gmm-align-compiled[5.4.217~1-8ae5]:main():gmm-align-compiled.cc:127) atai-100C-org_atai_467
LOG (gmm-align-compiled[5.4.217~1-8ae5]:main():gmm-align-compiled.cc:127) atai-100C-org_atai_477
LOG (gmm-align-compiled[5.4.217~1-8ae5]:main():gmm-align-compiled.cc:127) atai-100C-org_atai_481
LOG (gmm-align-compiled[5.4.217~1-8ae5]:main():gmm-align-compiled.cc:127) atai-100C-org_atai_484
LOG (gmm-align-compiled[5.4.217~1-8ae5]:main():gmm-align-compiled.cc:127) atai-100C-org_atai_489
LOG (gmm-align-compiled[5.4.217~1-8ae5]:main():gmm-align-compiled.cc:127) atai-100C-org_atai_493
LOG (gmm-align-compiled[5.4.217~1-8ae5]:main():gmm-align-compiled.cc:127) atai-100C-org_atai_499
LOG (apply-cmvn[5.4.217~1-8ae5]:main():apply-cmvn.cc:162) Applied cepstral mean normalization to 25 utterances, errors on 0
LOG (gmm-align-compiled[5.4.217~1-8ae5]:main():gmm-align-compiled.cc:127) atai-100C-org_atai_509
LOG (compile-train-graphs[5.4.217~1-8ae5]:main():compile-train-graphs.cc:147) compile-train-graphs: succeeded for 25 graphs, failed for 0
LOG (gmm-align-compiled[5.4.217~1-8ae5]:main():gmm-align-compiled.cc:127) atai-100C-org_atai_511
LOG (gmm-align-compiled[5.4.217~1-8ae5]:main():gmm-align-compiled.cc:135) Overall log-likelihood per frame is 16.4516 over 22179 frames.
LOG (gmm-align-compiled[5.4.217~1-8ae5]:main():gmm-align-compiled.cc:137) Retried 0 out of 25 utterances.
LOG (gmm-align-compiled[5.4.217~1-8ae5]:main():gmm-align-compiled.cc:139) Done 25, errors on 0
# Accounting: time=5 threads=1
# Ended (code 0) at Tue Jul 24 16:54:03 UTC 2018, elapsed time 5 seconds
