# compile-train-graphs exp_atai-100C-org/triphones_aligned/tree exp_atai-100C-org/triphones_aligned/final.mdl data_atai-100C-org/lang/L.fst "ark:utils/sym2int.pl --map-oov 2 -f 2- data_atai-100C-org/lang/words.txt data_atai-100C-org/train/split4/2/text|" ark:- | gmm-align-compiled --transition-scale=1.0 --acoustic-scale=0.1 --self-loop-scale=0.1 --beam=10 --retry-beam=40 --careful=false "gmm-boost-silence --boost=1.25 1 exp_atai-100C-org/triphones_aligned/final.mdl - |" ark:- "ark,s,cs:apply-cmvn  --utt2spk=ark:data_atai-100C-org/train/split4/2/utt2spk scp:data_atai-100C-org/train/split4/2/cmvn.scp scp:data_atai-100C-org/train/split4/2/feats.scp ark:- | add-deltas  ark:- ark:- |" "ark,t:|gzip -c >exp_atai-100C-org/triphones_aligned/ali.2.gz" 
# Started at Tue Jul 24 16:53:58 UTC 2018
#
gmm-align-compiled --transition-scale=1.0 --acoustic-scale=0.1 --self-loop-scale=0.1 --beam=10 --retry-beam=40 --careful=false 'gmm-boost-silence --boost=1.25 1 exp_atai-100C-org/triphones_aligned/final.mdl - |' ark:- 'ark,s,cs:apply-cmvn  --utt2spk=ark:data_atai-100C-org/train/split4/2/utt2spk scp:data_atai-100C-org/train/split4/2/cmvn.scp scp:data_atai-100C-org/train/split4/2/feats.scp ark:- | add-deltas  ark:- ark:- |' 'ark,t:|gzip -c >exp_atai-100C-org/triphones_aligned/ali.2.gz' 
compile-train-graphs exp_atai-100C-org/triphones_aligned/tree exp_atai-100C-org/triphones_aligned/final.mdl data_atai-100C-org/lang/L.fst 'ark:utils/sym2int.pl --map-oov 2 -f 2- data_atai-100C-org/lang/words.txt data_atai-100C-org/train/split4/2/text|' ark:- 
gmm-boost-silence --boost=1.25 1 exp_atai-100C-org/triphones_aligned/final.mdl - 
LOG (gmm-boost-silence[5.4.217~1-8ae5]:main():gmm-boost-silence.cc:93) Boosted weights for 5 pdfs, by factor of 1.25
LOG (gmm-boost-silence[5.4.217~1-8ae5]:main():gmm-boost-silence.cc:103) Wrote model to -
sym2int.pl: replacing токтолгондо with 2
sym2int.pl: replacing абдыракманга with 2
sym2int.pl: replacing обдулду with 2
sym2int.pl: replacing садагаң with 2
sym2int.pl: replacing болоюнум with 2
sym2int.pl: replacing берекем with 2
sym2int.pl: replacing минсең with 2
sym2int.pl: replacing кайындашып with 2
sym2int.pl: replacing кантейин with 2
sym2int.pl: replacing калыңыңа with 2
sym2int.pl: replacing каймал with 2
sym2int.pl: replacing калбаны with 2
sym2int.pl: replacing көчөсүң with 2
sym2int.pl: replacing жайнатып with 2
sym2int.pl: replacing кандырат with 2
sym2int.pl: replacing жарпын with 2
sym2int.pl: replacing шаттандырат with 2
sym2int.pl: replacing зыйнатты with 2
sym2int.pl: replacing ышкылуу with 2
sym2int.pl: replacing ыйлаткысы with 2
sym2int.pl: not warning for OOVs any more times
** Replaced 113 instances of OOVs with 2
apply-cmvn --utt2spk=ark:data_atai-100C-org/train/split4/2/utt2spk scp:data_atai-100C-org/train/split4/2/cmvn.scp scp:data_atai-100C-org/train/split4/2/feats.scp ark:- 
add-deltas ark:- ark:- 
LOG (gmm-align-compiled[5.4.217~1-8ae5]:main():gmm-align-compiled.cc:127) atai-100C-org_atai_248
LOG (gmm-align-compiled[5.4.217~1-8ae5]:main():gmm-align-compiled.cc:127) atai-100C-org_atai_255
LOG (gmm-align-compiled[5.4.217~1-8ae5]:main():gmm-align-compiled.cc:127) atai-100C-org_atai_256
LOG (gmm-align-compiled[5.4.217~1-8ae5]:main():gmm-align-compiled.cc:127) atai-100C-org_atai_257
LOG (gmm-align-compiled[5.4.217~1-8ae5]:main():gmm-align-compiled.cc:127) atai-100C-org_atai_265
LOG (gmm-align-compiled[5.4.217~1-8ae5]:main():gmm-align-compiled.cc:127) atai-100C-org_atai_281
LOG (gmm-align-compiled[5.4.217~1-8ae5]:main():gmm-align-compiled.cc:127) atai-100C-org_atai_284
LOG (gmm-align-compiled[5.4.217~1-8ae5]:main():gmm-align-compiled.cc:127) atai-100C-org_atai_293
LOG (gmm-align-compiled[5.4.217~1-8ae5]:main():gmm-align-compiled.cc:127) atai-100C-org_atai_296
LOG (gmm-align-compiled[5.4.217~1-8ae5]:main():gmm-align-compiled.cc:127) atai-100C-org_atai_30
LOG (gmm-align-compiled[5.4.217~1-8ae5]:main():gmm-align-compiled.cc:127) atai-100C-org_atai_306
LOG (gmm-align-compiled[5.4.217~1-8ae5]:main():gmm-align-compiled.cc:127) atai-100C-org_atai_307
LOG (gmm-align-compiled[5.4.217~1-8ae5]:main():gmm-align-compiled.cc:127) atai-100C-org_atai_309
LOG (gmm-align-compiled[5.4.217~1-8ae5]:main():gmm-align-compiled.cc:127) atai-100C-org_atai_32
LOG (gmm-align-compiled[5.4.217~1-8ae5]:main():gmm-align-compiled.cc:127) atai-100C-org_atai_332
LOG (gmm-align-compiled[5.4.217~1-8ae5]:main():gmm-align-compiled.cc:127) atai-100C-org_atai_336
LOG (gmm-align-compiled[5.4.217~1-8ae5]:main():gmm-align-compiled.cc:127) atai-100C-org_atai_343
LOG (gmm-align-compiled[5.4.217~1-8ae5]:main():gmm-align-compiled.cc:127) atai-100C-org_atai_359
LOG (gmm-align-compiled[5.4.217~1-8ae5]:main():gmm-align-compiled.cc:127) atai-100C-org_atai_361
LOG (gmm-align-compiled[5.4.217~1-8ae5]:main():gmm-align-compiled.cc:127) atai-100C-org_atai_364
LOG (gmm-align-compiled[5.4.217~1-8ae5]:main():gmm-align-compiled.cc:127) atai-100C-org_atai_368
LOG (gmm-align-compiled[5.4.217~1-8ae5]:main():gmm-align-compiled.cc:127) atai-100C-org_atai_371
LOG (gmm-align-compiled[5.4.217~1-8ae5]:main():gmm-align-compiled.cc:127) atai-100C-org_atai_376
LOG (gmm-align-compiled[5.4.217~1-8ae5]:main():gmm-align-compiled.cc:127) atai-100C-org_atai_378
LOG (apply-cmvn[5.4.217~1-8ae5]:main():apply-cmvn.cc:162) Applied cepstral mean normalization to 25 utterances, errors on 0
LOG (compile-train-graphs[5.4.217~1-8ae5]:main():compile-train-graphs.cc:147) compile-train-graphs: succeeded for 25 graphs, failed for 0
LOG (gmm-align-compiled[5.4.217~1-8ae5]:main():gmm-align-compiled.cc:127) atai-100C-org_atai_391
LOG (gmm-align-compiled[5.4.217~1-8ae5]:main():gmm-align-compiled.cc:135) Overall log-likelihood per frame is 18.5708 over 28493 frames.
LOG (gmm-align-compiled[5.4.217~1-8ae5]:main():gmm-align-compiled.cc:137) Retried 0 out of 25 utterances.
LOG (gmm-align-compiled[5.4.217~1-8ae5]:main():gmm-align-compiled.cc:139) Done 25, errors on 0
# Accounting: time=6 threads=1
# Ended (code 0) at Tue Jul 24 16:54:04 UTC 2018, elapsed time 6 seconds
