# compile-train-graphs exp_atai-100C-org/triphones_aligned/tree exp_atai-100C-org/triphones_aligned/final.mdl data_atai-100C-org/lang/L.fst "ark:utils/sym2int.pl --map-oov 2 -f 2- data_atai-100C-org/lang/words.txt data_atai-100C-org/train/split4/1/text|" ark:- | gmm-align-compiled --transition-scale=1.0 --acoustic-scale=0.1 --self-loop-scale=0.1 --beam=10 --retry-beam=40 --careful=false "gmm-boost-silence --boost=1.25 1 exp_atai-100C-org/triphones_aligned/final.mdl - |" ark:- "ark,s,cs:apply-cmvn  --utt2spk=ark:data_atai-100C-org/train/split4/1/utt2spk scp:data_atai-100C-org/train/split4/1/cmvn.scp scp:data_atai-100C-org/train/split4/1/feats.scp ark:- | add-deltas  ark:- ark:- |" "ark,t:|gzip -c >exp_atai-100C-org/triphones_aligned/ali.1.gz" 
# Started at Tue Jul 24 16:53:58 UTC 2018
#
gmm-align-compiled --transition-scale=1.0 --acoustic-scale=0.1 --self-loop-scale=0.1 --beam=10 --retry-beam=40 --careful=false 'gmm-boost-silence --boost=1.25 1 exp_atai-100C-org/triphones_aligned/final.mdl - |' ark:- 'ark,s,cs:apply-cmvn  --utt2spk=ark:data_atai-100C-org/train/split4/1/utt2spk scp:data_atai-100C-org/train/split4/1/cmvn.scp scp:data_atai-100C-org/train/split4/1/feats.scp ark:- | add-deltas  ark:- ark:- |' 'ark,t:|gzip -c >exp_atai-100C-org/triphones_aligned/ali.1.gz' 
compile-train-graphs exp_atai-100C-org/triphones_aligned/tree exp_atai-100C-org/triphones_aligned/final.mdl data_atai-100C-org/lang/L.fst 'ark:utils/sym2int.pl --map-oov 2 -f 2- data_atai-100C-org/lang/words.txt data_atai-100C-org/train/split4/1/text|' ark:- 
gmm-boost-silence --boost=1.25 1 exp_atai-100C-org/triphones_aligned/final.mdl - 
LOG (gmm-boost-silence[5.4.217~1-8ae5]:main():gmm-boost-silence.cc:93) Boosted weights for 5 pdfs, by factor of 1.25
LOG (gmm-boost-silence[5.4.217~1-8ae5]:main():gmm-boost-silence.cc:103) Wrote model to -
sym2int.pl: replacing жубарымбек with 2
sym2int.pl: replacing көрсөтчү with 2
sym2int.pl: replacing абдыракманды with 2
sym2int.pl: replacing субандын with 2
sym2int.pl: replacing жалгызын with 2
sym2int.pl: replacing коюпшады with 2
sym2int.pl: replacing табыптарды with 2
sym2int.pl: replacing чакырды with 2
sym2int.pl: replacing жибердиби with 2
sym2int.pl: replacing жалдырады with 2
sym2int.pl: replacing тымпыйышат with 2
sym2int.pl: replacing кулагың with 2
sym2int.pl: replacing жуурканды with 2
sym2int.pl: replacing камчысынын with 2
sym2int.pl: replacing кайрыды with 2
sym2int.pl: replacing такалды with 2
sym2int.pl: replacing кылгансыбай with 2
sym2int.pl: replacing ачканга with 2
sym2int.pl: replacing жетине with 2
sym2int.pl: replacing акжолтойлорум with 2
sym2int.pl: not warning for OOVs any more times
** Replaced 57 instances of OOVs with 2
add-deltas ark:- ark:- 
apply-cmvn --utt2spk=ark:data_atai-100C-org/train/split4/1/utt2spk scp:data_atai-100C-org/train/split4/1/cmvn.scp scp:data_atai-100C-org/train/split4/1/feats.scp ark:- 
LOG (gmm-align-compiled[5.4.217~1-8ae5]:main():gmm-align-compiled.cc:127) atai-100C-org_atai_103
LOG (gmm-align-compiled[5.4.217~1-8ae5]:main():gmm-align-compiled.cc:127) atai-100C-org_atai_119
LOG (gmm-align-compiled[5.4.217~1-8ae5]:main():gmm-align-compiled.cc:127) atai-100C-org_atai_135
LOG (gmm-align-compiled[5.4.217~1-8ae5]:main():gmm-align-compiled.cc:127) atai-100C-org_atai_147
LOG (gmm-align-compiled[5.4.217~1-8ae5]:main():gmm-align-compiled.cc:127) atai-100C-org_atai_161
LOG (gmm-align-compiled[5.4.217~1-8ae5]:main():gmm-align-compiled.cc:127) atai-100C-org_atai_164
LOG (gmm-align-compiled[5.4.217~1-8ae5]:main():gmm-align-compiled.cc:127) atai-100C-org_atai_165
LOG (gmm-align-compiled[5.4.217~1-8ae5]:main():gmm-align-compiled.cc:127) atai-100C-org_atai_167
LOG (gmm-align-compiled[5.4.217~1-8ae5]:main():gmm-align-compiled.cc:127) atai-100C-org_atai_170
LOG (gmm-align-compiled[5.4.217~1-8ae5]:main():gmm-align-compiled.cc:127) atai-100C-org_atai_172
LOG (gmm-align-compiled[5.4.217~1-8ae5]:main():gmm-align-compiled.cc:127) atai-100C-org_atai_176
LOG (gmm-align-compiled[5.4.217~1-8ae5]:main():gmm-align-compiled.cc:127) atai-100C-org_atai_182
LOG (gmm-align-compiled[5.4.217~1-8ae5]:main():gmm-align-compiled.cc:127) atai-100C-org_atai_198
LOG (gmm-align-compiled[5.4.217~1-8ae5]:main():gmm-align-compiled.cc:127) atai-100C-org_atai_208
LOG (gmm-align-compiled[5.4.217~1-8ae5]:main():gmm-align-compiled.cc:127) atai-100C-org_atai_210
LOG (gmm-align-compiled[5.4.217~1-8ae5]:main():gmm-align-compiled.cc:127) atai-100C-org_atai_212
LOG (gmm-align-compiled[5.4.217~1-8ae5]:main():gmm-align-compiled.cc:127) atai-100C-org_atai_226
LOG (gmm-align-compiled[5.4.217~1-8ae5]:main():gmm-align-compiled.cc:127) atai-100C-org_atai_227
LOG (gmm-align-compiled[5.4.217~1-8ae5]:main():gmm-align-compiled.cc:127) atai-100C-org_atai_231
LOG (gmm-align-compiled[5.4.217~1-8ae5]:main():gmm-align-compiled.cc:127) atai-100C-org_atai_232
LOG (compile-train-graphs[5.4.217~1-8ae5]:main():compile-train-graphs.cc:147) compile-train-graphs: succeeded for 25 graphs, failed for 0
LOG (apply-cmvn[5.4.217~1-8ae5]:main():apply-cmvn.cc:162) Applied cepstral mean normalization to 25 utterances, errors on 0
LOG (gmm-align-compiled[5.4.217~1-8ae5]:main():gmm-align-compiled.cc:127) atai-100C-org_atai_235
LOG (gmm-align-compiled[5.4.217~1-8ae5]:main():gmm-align-compiled.cc:127) atai-100C-org_atai_236
LOG (gmm-align-compiled[5.4.217~1-8ae5]:main():gmm-align-compiled.cc:127) atai-100C-org_atai_237
LOG (gmm-align-compiled[5.4.217~1-8ae5]:main():gmm-align-compiled.cc:127) atai-100C-org_atai_240
LOG (gmm-align-compiled[5.4.217~1-8ae5]:main():gmm-align-compiled.cc:127) atai-100C-org_atai_246
LOG (gmm-align-compiled[5.4.217~1-8ae5]:main():gmm-align-compiled.cc:135) Overall log-likelihood per frame is 18.3608 over 15163 frames.
LOG (gmm-align-compiled[5.4.217~1-8ae5]:main():gmm-align-compiled.cc:137) Retried 0 out of 25 utterances.
LOG (gmm-align-compiled[5.4.217~1-8ae5]:main():gmm-align-compiled.cc:139) Done 25, errors on 0
# Accounting: time=5 threads=1
# Ended (code 0) at Tue Jul 24 16:54:03 UTC 2018, elapsed time 5 seconds
