# build-tree --verbose=1 --max-leaves=1000 --cluster-thresh=-1 exp_atai-100B-org/triphones/treeacc data_atai-100B-org/lang/phones/roots.int exp_atai-100B-org/triphones/questions.qst data_atai-100B-org/lang/topo exp_atai-100B-org/triphones/tree 
# Started at Tue Jul 24 16:48:28 UTC 2018
#
build-tree --verbose=1 --max-leaves=1000 --cluster-thresh=-1 exp_atai-100B-org/triphones/treeacc data_atai-100B-org/lang/phones/roots.int exp_atai-100B-org/triphones/questions.qst data_atai-100B-org/lang/topo exp_atai-100B-org/triphones/tree 
LOG (build-tree[5.4.217~1-8ae5]:main():build-tree.cc:104) Number of separate statistics is 7118
LOG (build-tree[5.4.217~1-8ae5]:BuildTree():build-tree.cc:161) BuildTree: before building trees, map has 29 leaves.
LOG (build-tree[5.4.217~1-8ae5]:SplitDecisionTree():build-tree-utils.cc:577) DoDecisionTreeSplit: split 201 times, #leaves now 230
LOG (build-tree[5.4.217~1-8ae5]:BuildTree():build-tree.cc:187) Setting clustering threshold to smallest split 302.258
VLOG[1] (build-tree[5.4.217~1-8ae5]:BuildTree():build-tree.cc:196) After decision tree split, num-leaves = 230, like-impr = 3.42652 per frame over 85688 frames.
VLOG[1] (build-tree[5.4.217~1-8ae5]:BuildTree():build-tree.cc:200) Including just phones that were split, improvement is 3.42652 per frame over 85688 frames.
LOG (build-tree[5.4.217~1-8ae5]:BuildTree():build-tree.cc:215) BuildTree: removed 27 leaves.
VLOG[1] (build-tree[5.4.217~1-8ae5]:ClusterEventMapToNClustersRestrictedByMap():build-tree-utils.cc:916) Number of non-empty clusters in map = 28
VLOG[1] (build-tree[5.4.217~1-8ae5]:ClusterEventMapToNClustersRestrictedByMap():build-tree-utils.cc:917) Number of non-empty clusters = 202
LOG (build-tree[5.4.217~1-8ae5]:BuildTree():build-tree.cc:231) BuildTree: Rounded num leaves to multiple of 8 by removing 3 leaves.
VLOG[1] (build-tree[5.4.217~1-8ae5]:BuildTree():build-tree.cc:256) Objf change due to clustering -0.0826107 per frame.
VLOG[1] (build-tree[5.4.217~1-8ae5]:BuildTree():build-tree.cc:259) Normalizing over only split phones, this is: -0.0826107 per frame.
VLOG[1] (build-tree[5.4.217~1-8ae5]:BuildTree():build-tree.cc:262) Num-leaves is now 200
VLOG[1] (build-tree[5.4.217~1-8ae5]:main():build-tree.cc:143) For pdf-id 8, low count 6
VLOG[1] (build-tree[5.4.217~1-8ae5]:main():build-tree.cc:143) For pdf-id 24, low count 50
VLOG[1] (build-tree[5.4.217~1-8ae5]:main():build-tree.cc:143) For pdf-id 25, low count 0
VLOG[1] (build-tree[5.4.217~1-8ae5]:main():build-tree.cc:143) For pdf-id 26, low count 74
VLOG[1] (build-tree[5.4.217~1-8ae5]:main():build-tree.cc:143) For pdf-id 39, low count 73
VLOG[1] (build-tree[5.4.217~1-8ae5]:main():build-tree.cc:143) For pdf-id 40, low count 78
VLOG[1] (build-tree[5.4.217~1-8ae5]:main():build-tree.cc:143) For pdf-id 43, low count 69
VLOG[1] (build-tree[5.4.217~1-8ae5]:main():build-tree.cc:143) For pdf-id 55, low count 88
VLOG[1] (build-tree[5.4.217~1-8ae5]:main():build-tree.cc:143) For pdf-id 57, low count 64
VLOG[1] (build-tree[5.4.217~1-8ae5]:main():build-tree.cc:143) For pdf-id 65, low count 50
VLOG[1] (build-tree[5.4.217~1-8ae5]:main():build-tree.cc:143) For pdf-id 88, low count 87
VLOG[1] (build-tree[5.4.217~1-8ae5]:main():build-tree.cc:143) For pdf-id 89, low count 87
VLOG[1] (build-tree[5.4.217~1-8ae5]:main():build-tree.cc:143) For pdf-id 100, low count 91
VLOG[1] (build-tree[5.4.217~1-8ae5]:main():build-tree.cc:143) For pdf-id 102, low count 59
VLOG[1] (build-tree[5.4.217~1-8ae5]:main():build-tree.cc:143) For pdf-id 111, low count 96
VLOG[1] (build-tree[5.4.217~1-8ae5]:main():build-tree.cc:143) For pdf-id 140, low count 37
VLOG[1] (build-tree[5.4.217~1-8ae5]:main():build-tree.cc:143) For pdf-id 156, low count 64
VLOG[1] (build-tree[5.4.217~1-8ae5]:main():build-tree.cc:143) For pdf-id 172, low count 37
VLOG[1] (build-tree[5.4.217~1-8ae5]:main():build-tree.cc:143) For pdf-id 173, low count 95
VLOG[1] (build-tree[5.4.217~1-8ae5]:main():build-tree.cc:143) For pdf-id 189, low count 61
WARNING (build-tree[5.4.217~1-8ae5]:main():build-tree.cc:185) Saw no stats for following phones: 26 
LOG (build-tree[5.4.217~1-8ae5]:main():build-tree.cc:189) Wrote tree
# Accounting: time=1 threads=1
# Ended (code 0) at Tue Jul 24 16:48:29 UTC 2018, elapsed time 1 seconds
