# compile-train-graphs exp_atai-100B-org/triphones/tree exp_atai-100B-org/triphones/1.mdl data_atai-100B-org/lang/L.fst "ark:utils/sym2int.pl --map-oov 2 -f 2- data_atai-100B-org/lang/words.txt < data_atai-100B-org/train/split4/3/text |" "ark:|gzip -c >exp_atai-100B-org/triphones/fsts.3.gz" 
# Started at Tue Jul 24 16:48:29 UTC 2018
#
compile-train-graphs exp_atai-100B-org/triphones/tree exp_atai-100B-org/triphones/1.mdl data_atai-100B-org/lang/L.fst 'ark:utils/sym2int.pl --map-oov 2 -f 2- data_atai-100B-org/lang/words.txt < data_atai-100B-org/train/split4/3/text |' 'ark:|gzip -c >exp_atai-100B-org/triphones/fsts.3.gz' 
sym2int.pl: replacing шашылбай with 2
sym2int.pl: replacing толгоду with 2
sym2int.pl: replacing отурушту with 2
sym2int.pl: replacing абдыракманды with 2
sym2int.pl: replacing ичтеринен with 2
sym2int.pl: replacing кайгырышты with 2
sym2int.pl: replacing султаналынын with 2
sym2int.pl: replacing таштады with 2
sym2int.pl: replacing султаналы with 2
sym2int.pl: replacing тиктеди with 2
sym2int.pl: replacing султаналынын with 2
sym2int.pl: replacing секиниң with 2
sym2int.pl: replacing булдуруктаганына with 2
sym2int.pl: replacing насаа with 2
sym2int.pl: replacing билишсин with 2
sym2int.pl: replacing коркушпайт with 2
sym2int.pl: replacing кошчулардын with 2
sym2int.pl: replacing ахаалап with 2
sym2int.pl: replacing шапалакты with 2
sym2int.pl: replacing жаңсап with 2
sym2int.pl: not warning for OOVs any more times
** Replaced 74 instances of OOVs with 2
LOG (compile-train-graphs[5.4.217~1-8ae5]:main():compile-train-graphs.cc:147) compile-train-graphs: succeeded for 25 graphs, failed for 0
# Accounting: time=4 threads=1
# Ended (code 0) at Tue Jul 24 16:48:33 UTC 2018, elapsed time 4 seconds
