# build-tree --verbose=1 --max-leaves=100 --cluster-thresh=-1 exp_atai-100A-org/triphones/treeacc data_atai-100A-org/lang/phones/roots.int exp_atai-100A-org/triphones/questions.qst data_atai-100A-org/lang/topo exp_atai-100A-org/triphones/tree 
# Started at Tue Jul 24 09:43:21 UTC 2018
#
build-tree --verbose=1 --max-leaves=100 --cluster-thresh=-1 exp_atai-100A-org/triphones/treeacc data_atai-100A-org/lang/phones/roots.int exp_atai-100A-org/triphones/questions.qst data_atai-100A-org/lang/topo exp_atai-100A-org/triphones/tree 
LOG (build-tree[5.4.217~1-8ae5]:main():build-tree.cc:104) Number of separate statistics is 7448
LOG (build-tree[5.4.217~1-8ae5]:BuildTree():build-tree.cc:161) BuildTree: before building trees, map has 29 leaves.
LOG (build-tree[5.4.217~1-8ae5]:SplitDecisionTree():build-tree-utils.cc:577) DoDecisionTreeSplit: split 71 times, #leaves now 100
LOG (build-tree[5.4.217~1-8ae5]:BuildTree():build-tree.cc:187) Setting clustering threshold to smallest split 404.766
VLOG[1] (build-tree[5.4.217~1-8ae5]:BuildTree():build-tree.cc:196) After decision tree split, num-leaves = 100, like-impr = 1.65121 per frame over 88820 frames.
VLOG[1] (build-tree[5.4.217~1-8ae5]:BuildTree():build-tree.cc:200) Including just phones that were split, improvement is 1.65121 per frame over 88820 frames.
LOG (build-tree[5.4.217~1-8ae5]:BuildTree():build-tree.cc:215) BuildTree: removed 2 leaves.
VLOG[1] (build-tree[5.4.217~1-8ae5]:ClusterEventMapToNClustersRestrictedByMap():build-tree-utils.cc:916) Number of non-empty clusters in map = 28
VLOG[1] (build-tree[5.4.217~1-8ae5]:ClusterEventMapToNClustersRestrictedByMap():build-tree-utils.cc:917) Number of non-empty clusters = 97
LOG (build-tree[5.4.217~1-8ae5]:BuildTree():build-tree.cc:231) BuildTree: Rounded num leaves to multiple of 8 by removing 2 leaves.
VLOG[1] (build-tree[5.4.217~1-8ae5]:BuildTree():build-tree.cc:256) Objf change due to clustering -0.0152767 per frame.
VLOG[1] (build-tree[5.4.217~1-8ae5]:BuildTree():build-tree.cc:259) Normalizing over only split phones, this is: -0.0152767 per frame.
VLOG[1] (build-tree[5.4.217~1-8ae5]:BuildTree():build-tree.cc:262) Num-leaves is now 96
VLOG[1] (build-tree[5.4.217~1-8ae5]:main():build-tree.cc:143) For pdf-id 8, low count 0
VLOG[1] (build-tree[5.4.217~1-8ae5]:main():build-tree.cc:143) For pdf-id 25, low count 4
VLOG[1] (build-tree[5.4.217~1-8ae5]:main():build-tree.cc:143) For pdf-id 58, low count 22
WARNING (build-tree[5.4.217~1-8ae5]:main():build-tree.cc:185) Saw no stats for following phones: 9 
LOG (build-tree[5.4.217~1-8ae5]:main():build-tree.cc:189) Wrote tree
# Accounting: time=0 threads=1
# Ended (code 0) at Tue Jul 24 09:43:21 UTC 2018, elapsed time 0 seconds
