# compile-train-graphs exp_atai-100A-org/monophones_aligned/tree exp_atai-100A-org/monophones_aligned/final.mdl data_atai-100A-org/lang/L.fst "ark:utils/sym2int.pl --map-oov 2 -f 2- data_atai-100A-org/lang/words.txt data_atai-100A-org/train/split4/2/text|" ark:- | gmm-align-compiled --transition-scale=1.0 --acoustic-scale=0.1 --self-loop-scale=0.1 --beam=10 --retry-beam=40 --careful=false "gmm-boost-silence --boost=1.25 1 exp_atai-100A-org/monophones_aligned/final.mdl - |" ark:- "ark,s,cs:apply-cmvn --norm-vars=true --utt2spk=ark:data_atai-100A-org/train/split4/2/utt2spk scp:data_atai-100A-org/train/split4/2/cmvn.scp scp:data_atai-100A-org/train/split4/2/feats.scp ark:- | add-deltas  ark:- ark:- |" "ark,t:|gzip -c >exp_atai-100A-org/monophones_aligned/ali.2.gz" 
# Started at Tue Jul 24 09:43:13 UTC 2018
#
compile-train-graphs exp_atai-100A-org/monophones_aligned/tree exp_atai-100A-org/monophones_aligned/final.mdl data_atai-100A-org/lang/L.fst 'ark:utils/sym2int.pl --map-oov 2 -f 2- data_atai-100A-org/lang/words.txt data_atai-100A-org/train/split4/2/text|' ark:- 
gmm-align-compiled --transition-scale=1.0 --acoustic-scale=0.1 --self-loop-scale=0.1 --beam=10 --retry-beam=40 --careful=false 'gmm-boost-silence --boost=1.25 1 exp_atai-100A-org/monophones_aligned/final.mdl - |' ark:- 'ark,s,cs:apply-cmvn --norm-vars=true --utt2spk=ark:data_atai-100A-org/train/split4/2/utt2spk scp:data_atai-100A-org/train/split4/2/cmvn.scp scp:data_atai-100A-org/train/split4/2/feats.scp ark:- | add-deltas  ark:- ark:- |' 'ark,t:|gzip -c >exp_atai-100A-org/monophones_aligned/ali.2.gz' 
gmm-boost-silence --boost=1.25 1 exp_atai-100A-org/monophones_aligned/final.mdl - 
LOG (gmm-boost-silence[5.4.217~1-8ae5]:main():gmm-boost-silence.cc:93) Boosted weights for 5 pdfs, by factor of 1.25
LOG (gmm-boost-silence[5.4.217~1-8ae5]:main():gmm-boost-silence.cc:103) Wrote model to -
sym2int.pl: replacing тилегине with 2
sym2int.pl: replacing мойнума with 2
sym2int.pl: replacing баталашуу with 2
sym2int.pl: replacing кудалашуунун with 2
sym2int.pl: replacing кожокенин with 2
sym2int.pl: replacing малайы with 2
sym2int.pl: replacing отурса with 2
sym2int.pl: replacing кудалар with 2
sym2int.pl: replacing субандын with 2
sym2int.pl: replacing башаягын with 2
sym2int.pl: replacing чогултканда with 2
sym2int.pl: replacing жекжааты with 2
sym2int.pl: replacing зуураны with 2
sym2int.pl: replacing жесирге with 2
sym2int.pl: replacing кызматың with 2
sym2int.pl: replacing субанга with 2
sym2int.pl: replacing никелеп with 2
sym2int.pl: replacing өтүшмөк with 2
sym2int.pl: replacing күйөөсүнөн with 2
sym2int.pl: replacing тилегине with 2
sym2int.pl: not warning for OOVs any more times
** Replaced 62 instances of OOVs with 2
add-deltas ark:- ark:- 
apply-cmvn --norm-vars=true --utt2spk=ark:data_atai-100A-org/train/split4/2/utt2spk scp:data_atai-100A-org/train/split4/2/cmvn.scp scp:data_atai-100A-org/train/split4/2/feats.scp ark:- 
LOG (gmm-align-compiled[5.4.217~1-8ae5]:main():gmm-align-compiled.cc:127) atai-100A-org_atai_266
LOG (gmm-align-compiled[5.4.217~1-8ae5]:main():gmm-align-compiled.cc:127) atai-100A-org_atai_269
LOG (gmm-align-compiled[5.4.217~1-8ae5]:main():gmm-align-compiled.cc:127) atai-100A-org_atai_27
LOG (gmm-align-compiled[5.4.217~1-8ae5]:main():gmm-align-compiled.cc:127) atai-100A-org_atai_270
LOG (gmm-align-compiled[5.4.217~1-8ae5]:main():gmm-align-compiled.cc:127) atai-100A-org_atai_273
LOG (gmm-align-compiled[5.4.217~1-8ae5]:main():gmm-align-compiled.cc:127) atai-100A-org_atai_274
LOG (gmm-align-compiled[5.4.217~1-8ae5]:main():gmm-align-compiled.cc:127) atai-100A-org_atai_276
LOG (gmm-align-compiled[5.4.217~1-8ae5]:main():gmm-align-compiled.cc:127) atai-100A-org_atai_277
LOG (gmm-align-compiled[5.4.217~1-8ae5]:main():gmm-align-compiled.cc:127) atai-100A-org_atai_283
LOG (gmm-align-compiled[5.4.217~1-8ae5]:main():gmm-align-compiled.cc:127) atai-100A-org_atai_287
LOG (gmm-align-compiled[5.4.217~1-8ae5]:main():gmm-align-compiled.cc:127) atai-100A-org_atai_288
LOG (gmm-align-compiled[5.4.217~1-8ae5]:main():gmm-align-compiled.cc:127) atai-100A-org_atai_289
LOG (gmm-align-compiled[5.4.217~1-8ae5]:main():gmm-align-compiled.cc:127) atai-100A-org_atai_301
LOG (gmm-align-compiled[5.4.217~1-8ae5]:main():gmm-align-compiled.cc:127) atai-100A-org_atai_311
LOG (gmm-align-compiled[5.4.217~1-8ae5]:main():gmm-align-compiled.cc:127) atai-100A-org_atai_318
WARNING (gmm-align-compiled[5.4.217~1-8ae5]:AlignUtteranceWrapper():decoder-wrappers.cc:466) Retrying utterance atai-100A-org_atai_318 with beam 40
LOG (gmm-align-compiled[5.4.217~1-8ae5]:main():gmm-align-compiled.cc:127) atai-100A-org_atai_319
LOG (gmm-align-compiled[5.4.217~1-8ae5]:main():gmm-align-compiled.cc:127) atai-100A-org_atai_328
LOG (gmm-align-compiled[5.4.217~1-8ae5]:main():gmm-align-compiled.cc:127) atai-100A-org_atai_329
LOG (gmm-align-compiled[5.4.217~1-8ae5]:main():gmm-align-compiled.cc:127) atai-100A-org_atai_33
LOG (gmm-align-compiled[5.4.217~1-8ae5]:main():gmm-align-compiled.cc:127) atai-100A-org_atai_335
LOG (gmm-align-compiled[5.4.217~1-8ae5]:main():gmm-align-compiled.cc:127) atai-100A-org_atai_337
LOG (apply-cmvn[5.4.217~1-8ae5]:main():apply-cmvn.cc:159) Applied cepstral mean and variance normalization to 25 utterances, errors on 0
LOG (gmm-align-compiled[5.4.217~1-8ae5]:main():gmm-align-compiled.cc:127) atai-100A-org_atai_34
LOG (compile-train-graphs[5.4.217~1-8ae5]:main():compile-train-graphs.cc:147) compile-train-graphs: succeeded for 25 graphs, failed for 0
LOG (gmm-align-compiled[5.4.217~1-8ae5]:main():gmm-align-compiled.cc:127) atai-100A-org_atai_348
WARNING (gmm-align-compiled[5.4.217~1-8ae5]:AlignUtteranceWrapper():decoder-wrappers.cc:466) Retrying utterance atai-100A-org_atai_348 with beam 40
LOG (gmm-align-compiled[5.4.217~1-8ae5]:main():gmm-align-compiled.cc:127) atai-100A-org_atai_350
LOG (gmm-align-compiled[5.4.217~1-8ae5]:main():gmm-align-compiled.cc:127) atai-100A-org_atai_352
LOG (gmm-align-compiled[5.4.217~1-8ae5]:main():gmm-align-compiled.cc:135) Overall log-likelihood per frame is -5.11329 over 20751 frames.
LOG (gmm-align-compiled[5.4.217~1-8ae5]:main():gmm-align-compiled.cc:137) Retried 2 out of 25 utterances.
LOG (gmm-align-compiled[5.4.217~1-8ae5]:main():gmm-align-compiled.cc:139) Done 25, errors on 0
# Accounting: time=6 threads=1
# Ended (code 0) at Tue Jul 24 09:43:19 UTC 2018, elapsed time 6 seconds
