# compile-train-graphs exp_atai-100A-org/monophones_aligned/tree exp_atai-100A-org/monophones_aligned/final.mdl data_atai-100A-org/lang/L.fst "ark:utils/sym2int.pl --map-oov 2 -f 2- data_atai-100A-org/lang/words.txt data_atai-100A-org/train/split4/1/text|" ark:- | gmm-align-compiled --transition-scale=1.0 --acoustic-scale=0.1 --self-loop-scale=0.1 --beam=10 --retry-beam=40 --careful=false "gmm-boost-silence --boost=1.25 1 exp_atai-100A-org/monophones_aligned/final.mdl - |" ark:- "ark,s,cs:apply-cmvn --norm-vars=true --utt2spk=ark:data_atai-100A-org/train/split4/1/utt2spk scp:data_atai-100A-org/train/split4/1/cmvn.scp scp:data_atai-100A-org/train/split4/1/feats.scp ark:- | add-deltas  ark:- ark:- |" "ark,t:|gzip -c >exp_atai-100A-org/monophones_aligned/ali.1.gz" 
# Started at Tue Jul 24 09:43:13 UTC 2018
#
compile-train-graphs exp_atai-100A-org/monophones_aligned/tree exp_atai-100A-org/monophones_aligned/final.mdl data_atai-100A-org/lang/L.fst 'ark:utils/sym2int.pl --map-oov 2 -f 2- data_atai-100A-org/lang/words.txt data_atai-100A-org/train/split4/1/text|' ark:- 
gmm-align-compiled --transition-scale=1.0 --acoustic-scale=0.1 --self-loop-scale=0.1 --beam=10 --retry-beam=40 --careful=false 'gmm-boost-silence --boost=1.25 1 exp_atai-100A-org/monophones_aligned/final.mdl - |' ark:- 'ark,s,cs:apply-cmvn --norm-vars=true --utt2spk=ark:data_atai-100A-org/train/split4/1/utt2spk scp:data_atai-100A-org/train/split4/1/cmvn.scp scp:data_atai-100A-org/train/split4/1/feats.scp ark:- | add-deltas  ark:- ark:- |' 'ark,t:|gzip -c >exp_atai-100A-org/monophones_aligned/ali.1.gz' 
gmm-boost-silence --boost=1.25 1 exp_atai-100A-org/monophones_aligned/final.mdl - 
LOG (gmm-boost-silence[5.4.217~1-8ae5]:main():gmm-boost-silence.cc:93) Boosted weights for 5 pdfs, by factor of 1.25
LOG (gmm-boost-silence[5.4.217~1-8ae5]:main():gmm-boost-silence.cc:103) Wrote model to -
sym2int.pl: replacing мобу with 2
sym2int.pl: replacing тактайдай with 2
sym2int.pl: replacing тептегиз with 2
sym2int.pl: replacing жепирекей with 2
sym2int.pl: replacing дөңсөөнүн with 2
sym2int.pl: replacing көккашат with 2
sym2int.pl: replacing күкүктөп with 2
sym2int.pl: replacing жалына with 2
sym2int.pl: replacing дүпүйүп with 2
sym2int.pl: replacing кыялды with 2
sym2int.pl: replacing окторулган with 2
sym2int.pl: replacing арыктын with 2
sym2int.pl: replacing күрмөсүнүн with 2
sym2int.pl: replacing түрүнүп with 2
sym2int.pl: replacing жылаңаяк with 2
sym2int.pl: replacing түндөгү with 2
sym2int.pl: replacing тоюнуп with 2
sym2int.pl: replacing шашпагыла with 2
sym2int.pl: replacing көзүңөрдү with 2
sym2int.pl: replacing ачармын with 2
sym2int.pl: not warning for OOVs any more times
** Replaced 73 instances of OOVs with 2
add-deltas ark:- ark:- 
apply-cmvn --norm-vars=true --utt2spk=ark:data_atai-100A-org/train/split4/1/utt2spk scp:data_atai-100A-org/train/split4/1/cmvn.scp scp:data_atai-100A-org/train/split4/1/feats.scp ark:- 
LOG (gmm-align-compiled[5.4.217~1-8ae5]:main():gmm-align-compiled.cc:127) atai-100A-org_atai_02
LOG (gmm-align-compiled[5.4.217~1-8ae5]:main():gmm-align-compiled.cc:127) atai-100A-org_atai_04
LOG (gmm-align-compiled[5.4.217~1-8ae5]:main():gmm-align-compiled.cc:127) atai-100A-org_atai_08
LOG (gmm-align-compiled[5.4.217~1-8ae5]:main():gmm-align-compiled.cc:127) atai-100A-org_atai_10
LOG (gmm-align-compiled[5.4.217~1-8ae5]:main():gmm-align-compiled.cc:127) atai-100A-org_atai_100
LOG (gmm-align-compiled[5.4.217~1-8ae5]:main():gmm-align-compiled.cc:127) atai-100A-org_atai_104
LOG (gmm-align-compiled[5.4.217~1-8ae5]:main():gmm-align-compiled.cc:127) atai-100A-org_atai_106
LOG (gmm-align-compiled[5.4.217~1-8ae5]:main():gmm-align-compiled.cc:127) atai-100A-org_atai_114
LOG (gmm-align-compiled[5.4.217~1-8ae5]:main():gmm-align-compiled.cc:127) atai-100A-org_atai_123
LOG (gmm-align-compiled[5.4.217~1-8ae5]:main():gmm-align-compiled.cc:127) atai-100A-org_atai_13
LOG (gmm-align-compiled[5.4.217~1-8ae5]:main():gmm-align-compiled.cc:127) atai-100A-org_atai_157
LOG (gmm-align-compiled[5.4.217~1-8ae5]:main():gmm-align-compiled.cc:127) atai-100A-org_atai_175
LOG (gmm-align-compiled[5.4.217~1-8ae5]:main():gmm-align-compiled.cc:127) atai-100A-org_atai_183
LOG (gmm-align-compiled[5.4.217~1-8ae5]:main():gmm-align-compiled.cc:127) atai-100A-org_atai_184
LOG (gmm-align-compiled[5.4.217~1-8ae5]:main():gmm-align-compiled.cc:127) atai-100A-org_atai_186
LOG (gmm-align-compiled[5.4.217~1-8ae5]:main():gmm-align-compiled.cc:127) atai-100A-org_atai_190
LOG (gmm-align-compiled[5.4.217~1-8ae5]:main():gmm-align-compiled.cc:127) atai-100A-org_atai_200
LOG (gmm-align-compiled[5.4.217~1-8ae5]:main():gmm-align-compiled.cc:127) atai-100A-org_atai_203
LOG (gmm-align-compiled[5.4.217~1-8ae5]:main():gmm-align-compiled.cc:127) atai-100A-org_atai_211
LOG (gmm-align-compiled[5.4.217~1-8ae5]:main():gmm-align-compiled.cc:127) atai-100A-org_atai_219
LOG (gmm-align-compiled[5.4.217~1-8ae5]:main():gmm-align-compiled.cc:127) atai-100A-org_atai_228
LOG (apply-cmvn[5.4.217~1-8ae5]:main():apply-cmvn.cc:159) Applied cepstral mean and variance normalization to 25 utterances, errors on 0
LOG (gmm-align-compiled[5.4.217~1-8ae5]:main():gmm-align-compiled.cc:127) atai-100A-org_atai_23
LOG (gmm-align-compiled[5.4.217~1-8ae5]:main():gmm-align-compiled.cc:127) atai-100A-org_atai_230
LOG (compile-train-graphs[5.4.217~1-8ae5]:main():compile-train-graphs.cc:147) compile-train-graphs: succeeded for 25 graphs, failed for 0
LOG (gmm-align-compiled[5.4.217~1-8ae5]:main():gmm-align-compiled.cc:127) atai-100A-org_atai_258
LOG (gmm-align-compiled[5.4.217~1-8ae5]:main():gmm-align-compiled.cc:127) atai-100A-org_atai_260
WARNING (gmm-align-compiled[5.4.217~1-8ae5]:AlignUtteranceWrapper():decoder-wrappers.cc:466) Retrying utterance atai-100A-org_atai_260 with beam 40
LOG (gmm-align-compiled[5.4.217~1-8ae5]:main():gmm-align-compiled.cc:135) Overall log-likelihood per frame is -5.85055 over 19617 frames.
LOG (gmm-align-compiled[5.4.217~1-8ae5]:main():gmm-align-compiled.cc:137) Retried 1 out of 25 utterances.
LOG (gmm-align-compiled[5.4.217~1-8ae5]:main():gmm-align-compiled.cc:139) Done 25, errors on 0
# Accounting: time=6 threads=1
# Ended (code 0) at Tue Jul 24 09:43:19 UTC 2018, elapsed time 6 seconds
