# build-tree --verbose=1 --max-leaves=1000 --cluster-thresh=-1 exp_atai-100D-mod/triphones/treeacc data_atai-100D-mod/lang/phones/roots.int exp_atai-100D-mod/triphones/questions.qst data_atai-100D-mod/lang/topo exp_atai-100D-mod/triphones/tree 
# Started at Tue Jul 24 16:26:52 UTC 2018
#
build-tree --verbose=1 --max-leaves=1000 --cluster-thresh=-1 exp_atai-100D-mod/triphones/treeacc data_atai-100D-mod/lang/phones/roots.int exp_atai-100D-mod/triphones/questions.qst data_atai-100D-mod/lang/topo exp_atai-100D-mod/triphones/tree 
LOG (build-tree[5.4.217~1-8ae5]:main():build-tree.cc:104) Number of separate statistics is 7340
LOG (build-tree[5.4.217~1-8ae5]:BuildTree():build-tree.cc:161) BuildTree: before building trees, map has 29 leaves.
LOG (build-tree[5.4.217~1-8ae5]:SplitDecisionTree():build-tree-utils.cc:577) DoDecisionTreeSplit: split 197 times, #leaves now 226
LOG (build-tree[5.4.217~1-8ae5]:BuildTree():build-tree.cc:187) Setting clustering threshold to smallest split 300.508
VLOG[1] (build-tree[5.4.217~1-8ae5]:BuildTree():build-tree.cc:196) After decision tree split, num-leaves = 226, like-impr = 3.18311 per frame over 91404 frames.
VLOG[1] (build-tree[5.4.217~1-8ae5]:BuildTree():build-tree.cc:200) Including just phones that were split, improvement is 3.18311 per frame over 91404 frames.
LOG (build-tree[5.4.217~1-8ae5]:BuildTree():build-tree.cc:215) BuildTree: removed 35 leaves.
VLOG[1] (build-tree[5.4.217~1-8ae5]:ClusterEventMapToNClustersRestrictedByMap():build-tree-utils.cc:916) Number of non-empty clusters in map = 27
VLOG[1] (build-tree[5.4.217~1-8ae5]:ClusterEventMapToNClustersRestrictedByMap():build-tree-utils.cc:917) Number of non-empty clusters = 189
LOG (build-tree[5.4.217~1-8ae5]:BuildTree():build-tree.cc:231) BuildTree: Rounded num leaves to multiple of 8 by removing 7 leaves.
VLOG[1] (build-tree[5.4.217~1-8ae5]:BuildTree():build-tree.cc:256) Objf change due to clustering -0.105373 per frame.
VLOG[1] (build-tree[5.4.217~1-8ae5]:BuildTree():build-tree.cc:259) Normalizing over only split phones, this is: -0.105373 per frame.
VLOG[1] (build-tree[5.4.217~1-8ae5]:BuildTree():build-tree.cc:262) Num-leaves is now 184
VLOG[1] (build-tree[5.4.217~1-8ae5]:main():build-tree.cc:143) For pdf-id 8, low count 0
VLOG[1] (build-tree[5.4.217~1-8ae5]:main():build-tree.cc:143) For pdf-id 17, low count 76
VLOG[1] (build-tree[5.4.217~1-8ae5]:main():build-tree.cc:143) For pdf-id 25, low count 0
VLOG[1] (build-tree[5.4.217~1-8ae5]:main():build-tree.cc:143) For pdf-id 28, low count 69
VLOG[1] (build-tree[5.4.217~1-8ae5]:main():build-tree.cc:143) For pdf-id 38, low count 87
VLOG[1] (build-tree[5.4.217~1-8ae5]:main():build-tree.cc:143) For pdf-id 42, low count 63
VLOG[1] (build-tree[5.4.217~1-8ae5]:main():build-tree.cc:143) For pdf-id 46, low count 63
VLOG[1] (build-tree[5.4.217~1-8ae5]:main():build-tree.cc:143) For pdf-id 49, low count 66
VLOG[1] (build-tree[5.4.217~1-8ae5]:main():build-tree.cc:143) For pdf-id 54, low count 93
VLOG[1] (build-tree[5.4.217~1-8ae5]:main():build-tree.cc:143) For pdf-id 62, low count 80
VLOG[1] (build-tree[5.4.217~1-8ae5]:main():build-tree.cc:143) For pdf-id 67, low count 86
VLOG[1] (build-tree[5.4.217~1-8ae5]:main():build-tree.cc:143) For pdf-id 68, low count 68
VLOG[1] (build-tree[5.4.217~1-8ae5]:main():build-tree.cc:143) For pdf-id 75, low count 82
VLOG[1] (build-tree[5.4.217~1-8ae5]:main():build-tree.cc:143) For pdf-id 97, low count 75
VLOG[1] (build-tree[5.4.217~1-8ae5]:main():build-tree.cc:143) For pdf-id 101, low count 44
VLOG[1] (build-tree[5.4.217~1-8ae5]:main():build-tree.cc:143) For pdf-id 116, low count 76
VLOG[1] (build-tree[5.4.217~1-8ae5]:main():build-tree.cc:143) For pdf-id 117, low count 57
VLOG[1] (build-tree[5.4.217~1-8ae5]:main():build-tree.cc:143) For pdf-id 119, low count 93
VLOG[1] (build-tree[5.4.217~1-8ae5]:main():build-tree.cc:143) For pdf-id 129, low count 96
VLOG[1] (build-tree[5.4.217~1-8ae5]:main():build-tree.cc:143) For pdf-id 134, low count 27
VLOG[1] (build-tree[5.4.217~1-8ae5]:main():build-tree.cc:143) For pdf-id 150, low count 96
VLOG[1] (build-tree[5.4.217~1-8ae5]:main():build-tree.cc:143) For pdf-id 168, low count 59
WARNING (build-tree[5.4.217~1-8ae5]:main():build-tree.cc:185) Saw no stats for following phones: 9 26 
LOG (build-tree[5.4.217~1-8ae5]:main():build-tree.cc:189) Wrote tree
# Accounting: time=1 threads=1
# Ended (code 0) at Tue Jul 24 16:26:53 UTC 2018, elapsed time 1 seconds
