# gmm-est --mix-up=1480 --power=0.25 --write-occs=exp_atai-100D-mod/triphones/14.occs exp_atai-100D-mod/triphones/13.mdl "gmm-sum-accs - exp_atai-100D-mod/triphones/13.*.acc |" exp_atai-100D-mod/triphones/14.mdl 
# Started at Tue Jul 24 16:27:04 UTC 2018
#
gmm-est --mix-up=1480 --power=0.25 --write-occs=exp_atai-100D-mod/triphones/14.occs exp_atai-100D-mod/triphones/13.mdl 'gmm-sum-accs - exp_atai-100D-mod/triphones/13.*.acc |' exp_atai-100D-mod/triphones/14.mdl 
gmm-sum-accs - exp_atai-100D-mod/triphones/13.1.acc exp_atai-100D-mod/triphones/13.2.acc exp_atai-100D-mod/triphones/13.3.acc exp_atai-100D-mod/triphones/13.4.acc 
LOG (gmm-sum-accs[5.4.217~1-8ae5]:main():gmm-sum-accs.cc:63) Summed 4 stats, total count 91404, avg like/frame 16.7909
LOG (gmm-sum-accs[5.4.217~1-8ae5]:main():gmm-sum-accs.cc:66) Total count of stats is 91404
LOG (gmm-sum-accs[5.4.217~1-8ae5]:main():gmm-sum-accs.cc:67) Written stats to -
LOG (gmm-est[5.4.217~1-8ae5]:MleUpdate():transition-model.cc:517) TransitionModel::Update, objf change is 0 per frame over 91404 frames. 
LOG (gmm-est[5.4.217~1-8ae5]:MleUpdate():transition-model.cc:520) 21 probabilities floored, 6 out of 209 transition-states skipped due to insuffient data (it is normal to have some skipped.)
LOG (gmm-est[5.4.217~1-8ae5]:main():gmm-est.cc:102) Transition model update: Overall 0 log-like improvement per frame over 91404 frames.
WARNING (gmm-est[5.4.217~1-8ae5]:MleDiagGmmUpdate():mle-diag-gmm.cc:365) Gaussian has too little data but not removing it because it is the last Gaussian: i = 0, occ = 0, weight = 1
WARNING (gmm-est[5.4.217~1-8ae5]:MleDiagGmmUpdate():mle-diag-gmm.cc:365) Gaussian has too little data but not removing it because it is the last Gaussian: i = 0, occ = 0, weight = 1
LOG (gmm-est[5.4.217~1-8ae5]:MleAmDiagGmmUpdate():mle-am-diag-gmm.cc:225) 1241 variance elements floored in 466 Gaussians, out of 1443
LOG (gmm-est[5.4.217~1-8ae5]:MleAmDiagGmmUpdate():mle-am-diag-gmm.cc:229) Removed 0 Gaussians due to counts < --min-gaussian-occupancy=10 and --remove-low-count-gaussians=true
LOG (gmm-est[5.4.217~1-8ae5]:main():gmm-est.cc:113) GMM update: Overall 0.0507693 objective function improvement per frame over 91404 frames
LOG (gmm-est[5.4.217~1-8ae5]:main():gmm-est.cc:116) GMM update: Overall avg like per frame = 16.7909 over 91404 frames.
LOG (gmm-est[5.4.217~1-8ae5]:SplitByCount():am-diag-gmm.cc:116) Split 184 states with target = 1480, power = 0.25, perturb_factor = 0.01 and min_count = 20, split #Gauss from 1443 to 1483
LOG (gmm-est[5.4.217~1-8ae5]:main():gmm-est.cc:146) Written model to exp_atai-100D-mod/triphones/14.mdl
# Accounting: time=1 threads=1
# Ended (code 0) at Tue Jul 24 16:27:05 UTC 2018, elapsed time 1 seconds
