# lattice-scale --inv-acoustic-scale=11 "ark:gunzip -c MTL/exp/nnet3/multitask/decode/lat.*.gz|" ark:- | lattice-add-penalty --word-ins-penalty=0.0 ark:- ark:- | lattice-best-path --word-symbol-table=exp_atai-100A-org/triphones/graph/words.txt ark:- ark,t:MTL/exp/nnet3/multitask/decode/scoring/11.tra 
# Started at Fri Jul 27 03:41:35 UTC 2018
#
lattice-scale --inv-acoustic-scale=11 'ark:gunzip -c MTL/exp/nnet3/multitask/decode/lat.*.gz|' ark:- 
lattice-best-path --word-symbol-table=exp_atai-100A-org/triphones/graph/words.txt ark:- ark,t:MTL/exp/nnet3/multitask/decode/scoring/11.tra 
lattice-add-penalty --word-ins-penalty=0.0 ark:- ark:- 
LOG (lattice-best-path[5.4.217~1-8ae5]:main():lattice-best-path.cc:99) For utterance atai_01, best cost 69.0334 + -129.905 = -60.8716 over 502 frames.
atai_01 кармаш атайын бар <unk> турган <unk> 
LOG (lattice-best-path[5.4.217~1-8ae5]:main():lattice-best-path.cc:99) For utterance atai_03, best cost 263.821 + -535.731 = -271.911 over 2302 frames.
atai_03 бухайдын башка хадис махал хнх болуу <unk> хх ата ханды хх тарых окшоп бул тарыхында <unk> 
LOG (lattice-best-path[5.4.217~1-8ae5]:main():lattice-best-path.cc:99) For utterance atai_05, best cost 156.491 + -254.197 = -97.7063 over 980 frames.
atai_05 хх <unk> тарыхтардын хан биздин чыгыш алат хх <unk> сарай <unk> учат 
LOG (lattice-best-path[5.4.217~1-8ae5]:main():lattice-best-path.cc:99) For utterance atai_06, best cost 177.831 + -304.826 = -126.995 over 1164 frames.
atai_06 бул же эзелден эң таласта бихар хакас хэ кашаттан хен хи 
LOG (lattice-best-path[5.4.217~1-8ae5]:main():lattice-best-path.cc:99) For utterance atai_07, best cost 76.6874 + -183.8 = -107.113 over 846 frames.
atai_07 ханды <unk> тарап халачи 
LOG (lattice-best-path[5.4.217~1-8ae5]:main():lattice-best-path.cc:99) For utterance atai_09, best cost 37.3445 + -83.0779 = -45.7334 over 415 frames.
atai_09 бул хан 
LOG (lattice-best-path[5.4.217~1-8ae5]:main():lattice-best-path.cc:99) For utterance atai_101, best cost 23.603 + -49.2998 = -25.6968 over 221 frames.
atai_101 хх 
LOG (lattice-best-path[5.4.217~1-8ae5]:main():lattice-best-path.cc:99) For utterance atai_102, best cost 120.846 + -254.348 = -133.502 over 1044 frames.
atai_102 ал ханы хи ханды байдын христи 
LOG (lattice-best-path[5.4.217~1-8ae5]:main():lattice-best-path.cc:99) For utterance atai_103, best cost 44.5693 + -123.254 = -78.6851 over 481 frames.
atai_103 ахи хх 
LOG (lattice-best-path[5.4.217~1-8ae5]:main():lattice-best-path.cc:99) For utterance atai_105, best cost 233.742 + -375.086 = -141.344 over 1428 frames.
atai_105 ачех эхо тыныбек хх абасын картасында халал анын эми ханга башын колтукту карап коюп 
LOG (lattice-best-path[5.4.217~1-8ae5]:main():lattice-best-path.cc:99) For utterance atai_107, best cost 27.8276 + -91.9809 = -64.1533 over 410 frames.
atai_107 тарых 
LOG (lattice-best-path[5.4.217~1-8ae5]:main():lattice-best-path.cc:99) For utterance atai_108, best cost 76.9508 + -162.132 = -85.1814 over 709 frames.
atai_108 же хайма жана чыгуу тарыхы 
LOG (lattice-best-path[5.4.217~1-8ae5]:main():lattice-best-path.cc:99) For utterance atai_109, best cost 115.677 + -248.026 = -132.349 over 1116 frames.
atai_109 халха аттаналы <unk> хх бүткүл хх 
LOG (lattice-best-path[5.4.217~1-8ae5]:main():lattice-best-path.cc:99) For utterance atai_11, best cost 142.892 + -353.571 = -210.68 over 1772 frames.
atai_11 хайтахун ахун <unk> ханды караганда техника хандын 
LOG (lattice-best-path[5.4.217~1-8ae5]:main():lattice-best-path.cc:99) For utterance atai_110, best cost 75.6066 + -209.105 = -133.499 over 941 frames.
atai_110 хай туруп хентрих 
LOG (lattice-best-path[5.4.217~1-8ae5]:main():lattice-best-path.cc:99) For utterance atai_111, best cost 66.6725 + -129.327 = -62.6541 over 576 frames.
atai_111 ахмат анын ху 
LOG (lattice-best-path[5.4.217~1-8ae5]:main():lattice-best-path.cc:99) For utterance atai_112, best cost 54.7686 + -117.327 = -62.558 over 478 frames.
atai_112 хан экен альхудо 
LOG (lattice-best-path[5.4.217~1-8ae5]:main():lattice-best-path.cc:99) For utterance atai_113, best cost 94.7488 + -218.166 = -123.417 over 797 frames.
atai_113 жихэ тыныбек мах ошол хи 
LOG (lattice-best-path[5.4.217~1-8ae5]:main():lattice-best-path.cc:99) For utterance atai_115, best cost 49.1525 + -195.116 = -145.963 over 1047 frames.
atai_115 хх 
LOG (lattice-best-path[5.4.217~1-8ae5]:main():lattice-best-path.cc:99) For utterance atai_116, best cost 87.8028 + -189.286 = -101.483 over 866 frames.
atai_116 ахмет бекташ сөздүн хорда 
LOG (lattice-best-path[5.4.217~1-8ae5]:main():lattice-best-path.cc:99) For utterance atai_117, best cost 127.306 + -291.808 = -164.501 over 1261 frames.
atai_117 бир жок ахвалда турмушка х салып <unk> техас 
LOG (lattice-best-path[5.4.217~1-8ae5]:main():lattice-best-path.cc:99) For utterance atai_118, best cost 74.9075 + -204.18 = -129.272 over 875 frames.
atai_118 балх ошону халха 
LOG (lattice-best-path[5.4.217~1-8ae5]:main():lattice-best-path.cc:99) For utterance atai_119, best cost 64.4519 + -127.569 = -63.117 over 664 frames.
atai_119 ошол хандын <unk> хх 
LOG (lattice-best-path[5.4.217~1-8ae5]:main():lattice-best-path.cc:99) For utterance atai_12, best cost 352.582 + -699.182 = -346.6 over 2961 frames.
atai_12 жатышкан ошол канаты хентрих берген эхо тектерден күнү менен агып калгандай таштарды калдыратып этих хан бихар хасха бул аталган хан 
LOG (lattice-best-path[5.4.217~1-8ae5]:main():lattice-best-path.cc:99) For utterance atai_120, best cost 137.557 + -257.739 = -120.182 over 1175 frames.
atai_120 бирок хен байда хүү хибара кишинин х 
LOG (lattice-best-path[5.4.217~1-8ae5]:main():lattice-best-path.cc:99) For utterance atai_121, best cost 62.5796 + -120.405 = -57.8251 over 497 frames.
atai_121 бирок алда болушу <unk> тарыхы 
LOG (lattice-best-path[5.4.217~1-8ae5]:main():lattice-best-path.cc:99) For utterance atai_122, best cost 63.0693 + -153.743 = -90.6733 over 642 frames.
atai_122 эхин сөз ханды 
LOG (lattice-best-path[5.4.217~1-8ae5]:main():lattice-best-path.cc:99) For utterance atai_124, best cost 211.711 + -468.094 = -256.383 over 2134 frames.
atai_124 <unk> ахвах ахмадды болгон тарых <unk> анхелъ ошондой хан анхра <unk> <unk> хоох 
LOG (lattice-best-path[5.4.217~1-8ae5]:main():lattice-best-path.cc:99) For utterance atai_125, best cost 159.154 + -270.492 = -111.338 over 1023 frames.
atai_125 жактуу лоух кайтарат халг анын ахун балхашка ханы калганда 
LOG (lattice-best-path[5.4.217~1-8ae5]:main():lattice-best-path.cc:99) For utterance atai_126, best cost 177.886 + -339.453 = -161.567 over 1445 frames.
atai_126 эхтернахтагы тышкы жаткан органы ху ахмед ахси да анын бихар 
LOG (lattice-best-path[5.4.217~1-8ae5]:main():lattice-best-path.cc:99) For utterance atai_127, best cost 129.542 + -267.091 = -137.549 over 1215 frames.
atai_127 эхо бэкхем гандах жакшы хх элеси 
LOG (lattice-best-path[5.4.217~1-8ae5]:main():lattice-best-path.cc:99) For utterance atai_128, best cost 153.023 + -293.169 = -140.147 over 1263 frames.
atai_128 халха түшүнүк хх ханды баланын абалга надежда хх 
LOG (lattice-best-path[5.4.217~1-8ae5]:main():lattice-best-path.cc:99) For utterance atai_129, best cost 91.005 + -197.037 = -106.032 over 977 frames.
atai_129 келген хуанхэ архив сухарь 
LOG (lattice-best-path[5.4.217~1-8ae5]:main():lattice-best-path.cc:99) For utterance atai_130, best cost 102.938 + -206.914 = -103.976 over 840 frames.
atai_130 хүү жаш менен жол айтылат кылуу хан 
LOG (lattice-best-path[5.4.217~1-8ae5]:main():lattice-best-path.cc:99) For utterance atai_131, best cost 136.736 + -296.784 = -160.049 over 1269 frames.
atai_131 эрте мехтен бахр кен боло сахих бихар 
LOG (lattice-best-path[5.4.217~1-8ae5]:main():lattice-best-path.cc:99) For utterance atai_132, best cost 28.8669 + -64.1407 = -35.2738 over 280 frames.
atai_132 хи 
LOG (lattice-best-path[5.4.217~1-8ae5]:main():lattice-best-path.cc:99) For utterance atai_133, best cost 415.722 + -934.871 = -519.149 over 3967 frames.
atai_133 жибек ханы ачуусу тарых эхо менен охиде хэ алжир хэ бехзад жахан ашка хан жок ех хх алгач бала сыноосунан хирхис хоох 
LOG (lattice-best-path[5.4.217~1-8ae5]:main():lattice-best-path.cc:99) For utterance atai_134, best cost 243.945 + -522.345 = -278.4 over 2212 frames.
atai_134 бирок болжол колхозду орхон ахмат аталбаган хоох анда хнх анын хинди каховка 
LOG (lattice-best-path[5.4.217~1-8ae5]:main():lattice-best-path.cc:99) For utterance atai_135, best cost 34.1427 + -83.2485 = -49.1059 over 389 frames.
atai_135 ахвах 
LOG (lattice-best-path[5.4.217~1-8ae5]:main():lattice-best-path.cc:99) For utterance atai_136, best cost 95.8518 + -194.912 = -99.06 over 894 frames.
atai_136 алардын ахвах болуп аракеттерине шахи 
LOG (lattice-best-path[5.4.217~1-8ae5]:main():lattice-best-path.cc:99) For utterance atai_137, best cost 62.2262 + -124.078 = -61.8521 over 490 frames.
atai_137 өмүрүндө эс <unk> халха 
LOG (lattice-best-path[5.4.217~1-8ae5]:main():lattice-best-path.cc:99) For utterance atai_138, best cost 273.838 + -508.259 = -234.421 over 2236 frames.
atai_138 баланын ханды сакталган жашылча оруп халха тарыхы эхо сында балаган деталына халха ахси сох 
LOG (lattice-best-path[5.4.217~1-8ae5]:main():lattice-best-path.cc:99) For utterance atai_139, best cost 205.115 + -443.833 = -238.718 over 2029 frames.
atai_139 сабахты отурбай бухаранын жок бхутто да ахвах хахпына жалгыз хх 
LOG (lattice-best-path[5.4.217~1-8ae5]:main():lattice-best-path.cc:99) For utterance atai_14, best cost 40.2157 + -119.142 = -78.9258 over 492 frames.
atai_14 бир хи 
LOG (lattice-best-path[5.4.217~1-8ae5]:main():lattice-best-path.cc:99) For utterance atai_140, best cost 90.8954 + -148.546 = -57.6505 over 572 frames.
atai_140 бирин болуунун х жок улуу х 
LOG (lattice-best-path[5.4.217~1-8ae5]:main():lattice-best-path.cc:99) For utterance atai_141, best cost 34.4317 + -100.722 = -66.2906 over 465 frames.
atai_141 анхра 
LOG (lattice-best-path[5.4.217~1-8ae5]:main():lattice-best-path.cc:99) For utterance atai_142, best cost 36.0438 + -89.4213 = -53.3775 over 415 frames.
atai_142 ахвалда 
LOG (lattice-best-path[5.4.217~1-8ae5]:main():lattice-best-path.cc:99) For utterance atai_143, best cost 104.096 + -305.899 = -201.803 over 1633 frames.
atai_143 шах хи хх хлор 
LOG (lattice-best-path[5.4.217~1-8ae5]:main():lattice-best-path.cc:99) For utterance atai_144, best cost 153.35 + -284.439 = -131.088 over 1444 frames.
atai_144 хнх архивдеринде тыныбектин хосеп канча хан бихар 
LOG (lattice-best-path[5.4.217~1-8ae5]:main():lattice-best-path.cc:99) For utterance atai_145, best cost 83.9522 + -145.732 = -61.7802 over 467 frames.
atai_145 байда анын ээрге чанда хору 
LOG (lattice-best-path[5.4.217~1-8ae5]:main():lattice-best-path.cc:99) For utterance atai_146, best cost 105.01 + -221.255 = -116.245 over 1047 frames.
atai_146 субан менен хоох ахи хору 
LOG (lattice-best-path[5.4.217~1-8ae5]:main():lattice-best-path.cc:99) For utterance atai_147, best cost 62.6493 + -145.783 = -83.1342 over 695 frames.
atai_147 х хх хал 
LOG (lattice-best-path[5.4.217~1-8ae5]:main():lattice-best-path.cc:99) For utterance atai_148, best cost 42.9832 + -80.7105 = -37.7273 over 352 frames.
atai_148 хал хх 
LOG (lattice-best-path[5.4.217~1-8ae5]:main():lattice-best-path.cc:99) For utterance atai_149, best cost 78.8708 + -153.152 = -74.2811 over 637 frames.
atai_149 хх хм хх хи 
LOG (lattice-best-path[5.4.217~1-8ae5]:main():lattice-best-path.cc:99) For utterance atai_15, best cost 86.9229 + -145.975 = -59.0518 over 596 frames.
atai_15 ошол хаята <unk> шанхайда ти хан 
LOG (lattice-best-path[5.4.217~1-8ae5]:main():lattice-best-path.cc:99) For utterance atai_150, best cost 49.1485 + -99.9585 = -50.81 over 423 frames.
atai_150 сабах асхаб 
LOG (lattice-best-path[5.4.217~1-8ae5]:main():lattice-best-path.cc:99) For utterance atai_151, best cost 77.1593 + -175.475 = -98.3155 over 808 frames.
atai_151 бах себеп турган хасан 
LOG (lattice-best-path[5.4.217~1-8ae5]:main():lattice-best-path.cc:99) For utterance atai_152, best cost 25.7501 + -42.754 = -17.0039 over 176 frames.
atai_152 хаска 
LOG (lattice-best-path[5.4.217~1-8ae5]:main():lattice-best-path.cc:99) For utterance atai_153, best cost 63.5682 + -112.261 = -48.6932 over 445 frames.
atai_153 кандай орун жакшы хх 
LOG (lattice-best-path[5.4.217~1-8ae5]:main():lattice-best-path.cc:99) For utterance atai_154, best cost 49.6055 + -111.861 = -62.2558 over 582 frames.
atai_154 хи хх 
LOG (lattice-best-path[5.4.217~1-8ae5]:main():lattice-best-path.cc:99) For utterance atai_155, best cost 23.2459 + -44.1513 = -20.9054 over 211 frames.
atai_155 хх 
LOG (lattice-best-path[5.4.217~1-8ae5]:main():lattice-best-path.cc:99) For utterance atai_156, best cost 40.4447 + -62.9633 = -22.5186 over 241 frames.
atai_156 ашка <unk> хх 
LOG (lattice-best-path[5.4.217~1-8ae5]:main():lattice-best-path.cc:99) For utterance atai_158, best cost 44.9574 + -101.513 = -56.5555 over 512 frames.
atai_158 бахр х 
LOG (lattice-best-path[5.4.217~1-8ae5]:main():lattice-best-path.cc:99) For utterance atai_159, best cost 25.4088 + -35.844 = -10.4352 over 184 frames.
atai_159 хетт 
LOG (lattice-best-path[5.4.217~1-8ae5]:main():lattice-best-path.cc:99) For utterance atai_16, best cost 25.9092 + -71.7456 = -45.8365 over 364 frames.
atai_16 хан 
LOG (lattice-best-path[5.4.217~1-8ae5]:main():lattice-best-path.cc:99) For utterance atai_160, best cost 36.2236 + -119.173 = -82.949 over 546 frames.
atai_160 сахих 
LOG (lattice-best-path[5.4.217~1-8ae5]:main():lattice-best-path.cc:99) For utterance atai_161, best cost 27.3205 + -51.0653 = -23.7449 over 232 frames.
atai_161 хаты 
LOG (lattice-best-path[5.4.217~1-8ae5]:main():lattice-best-path.cc:99) For utterance atai_162, best cost 110.648 + -188.663 = -78.0153 over 789 frames.
atai_162 хэнтэй менен тыныбек техзаттын охиде кайталап 
LOG (lattice-best-path[5.4.217~1-8ae5]:main():lattice-best-path.cc:99) For utterance atai_163, best cost 58.7401 + -108.231 = -49.4904 over 414 frames.
atai_163 ошондуктан ал жаралган тарых 
LOG (lattice-best-path[5.4.217~1-8ae5]:main():lattice-best-path.cc:99) For utterance atai_164, best cost 23.1966 + -46.6979 = -23.5012 over 176 frames.
atai_164 хх 
LOG (lattice-best-path[5.4.217~1-8ae5]:main():lattice-best-path.cc:99) For utterance atai_165, best cost 99.8971 + -208.266 = -108.369 over 850 frames.
atai_165 хоох хнх хан элементи калды 
LOG (lattice-best-path[5.4.217~1-8ae5]:main():lattice-best-path.cc:99) For utterance atai_166, best cost 25.6769 + -48.634 = -22.9571 over 211 frames.
atai_166 бүтүн <unk> 
LOG (lattice-best-path[5.4.217~1-8ae5]:main():lattice-best-path.cc:99) For utterance atai_167, best cost 31.0765 + -89.6754 = -58.5988 over 385 frames.
atai_167 хоох 
LOG (lattice-best-path[5.4.217~1-8ae5]:main():lattice-best-path.cc:99) For utterance atai_168, best cost 97.1792 + -253.643 = -156.464 over 1230 frames.
atai_168 хлориди көзү <unk> <unk> бирок хуанхэ 
LOG (lattice-best-path[5.4.217~1-8ae5]:main():lattice-best-path.cc:99) For utterance atai_169, best cost 37.5386 + -98.6267 = -61.0881 over 505 frames.
atai_169 <unk> хуанхэ 
LOG (lattice-best-path[5.4.217~1-8ae5]:main():lattice-best-path.cc:99) For utterance atai_17, best cost 297.241 + -695.271 = -398.03 over 3304 frames.
atai_17 эмен хаты хх хой жахан албай <unk> хирхиз болуп <unk> хулу берүү хх хэ ошон хх 
LOG (lattice-best-path[5.4.217~1-8ae5]:main():lattice-best-path.cc:99) For utterance atai_170, best cost 83.2567 + -173.515 = -90.2584 over 781 frames.
atai_170 бала көзүн халха ахвах 
LOG (lattice-best-path[5.4.217~1-8ae5]:main():lattice-best-path.cc:99) For utterance atai_171, best cost 104.368 + -228.68 = -124.312 over 1004 frames.
atai_171 бахр аскада хоуп эле кохаб 
LOG (lattice-best-path[5.4.217~1-8ae5]:main():lattice-best-path.cc:99) For utterance atai_172, best cost 142.17 + -312.139 = -169.969 over 1383 frames.
atai_172 ахсан жанында х бархан хирхис анын хнх 
LOG (lattice-best-path[5.4.217~1-8ae5]:main():lattice-best-path.cc:99) For utterance atai_173, best cost 24.8093 + -37.4122 = -12.6029 over 149 frames.
atai_173 хайда 
LOG (lattice-best-path[5.4.217~1-8ae5]:main():lattice-best-path.cc:99) For utterance atai_174, best cost 42.1451 + -66.0188 = -23.8738 over 288 frames.
atai_174 хх <unk> хх 
LOG (lattice-best-path[5.4.217~1-8ae5]:main():lattice-best-path.cc:99) For utterance atai_176, best cost 21.6189 + -54.5583 = -32.9393 over 223 frames.
atai_176 хан 
LOG (lattice-best-path[5.4.217~1-8ae5]:main():lattice-best-path.cc:99) For utterance atai_177, best cost 26.1831 + -56.3993 = -30.2162 over 230 frames.
atai_177 жихэ 
LOG (lattice-best-path[5.4.217~1-8ae5]:main():lattice-best-path.cc:99) For utterance atai_178, best cost 142.082 + -282.525 = -140.443 over 1246 frames.
atai_178 <unk> хнх тыныбек же жахан да орхус суу х 
LOG (lattice-best-path[5.4.217~1-8ae5]:main():lattice-best-path.cc:99) For utterance atai_179, best cost 77.4643 + -192.126 = -114.661 over 858 frames.
atai_179 байдын ахдар <unk> хоох 
LOG (lattice-best-path[5.4.217~1-8ae5]:main():lattice-best-path.cc:99) For utterance atai_18, best cost 54.3609 + -144.634 = -90.2727 over 628 frames.
atai_18 балх <unk> коюп 
LOG (lattice-best-path[5.4.217~1-8ae5]:main():lattice-best-path.cc:99) For utterance atai_180, best cost 28.8516 + -60.0835 = -31.2319 over 260 frames.
atai_180 балх 
LOG (lattice-best-path[5.4.217~1-8ae5]:main():lattice-best-path.cc:99) For utterance atai_181, best cost 40.6325 + -77.0333 = -36.4009 over 266 frames.
atai_181 х хх 
LOG (lattice-best-path[5.4.217~1-8ae5]:main():lattice-best-path.cc:99) For utterance atai_182, best cost 26.4208 + -46.9631 = -20.5423 over 214 frames.
atai_182 карахан 
LOG (lattice-best-path[5.4.217~1-8ae5]:main():lattice-best-path.cc:99) For utterance atai_185, best cost 24.9373 + -45.422 = -20.4847 over 177 frames.
atai_185 сабах 
LOG (lattice-best-path[5.4.217~1-8ae5]:main():lattice-best-path.cc:99) For utterance atai_187, best cost 32.5868 + -50.4364 = -17.8496 over 164 frames.
atai_187 эмес абай 
LOG (lattice-best-path[5.4.217~1-8ae5]:main():lattice-best-path.cc:99) For utterance atai_188, best cost 28.9635 + -62.8652 = -33.9017 over 288 frames.
atai_188 хоох 
LOG (lattice-best-path[5.4.217~1-8ae5]:main():lattice-best-path.cc:99) For utterance atai_189, best cost 56.0731 + -137.598 = -81.525 over 613 frames.
atai_189 баха <unk> хасха 
LOG (lattice-best-path[5.4.217~1-8ae5]:main():lattice-best-path.cc:99) For utterance atai_19, best cost 51.2123 + -89.2169 = -38.0046 over 380 frames.
atai_19 жылкычылар хаты 
LOG (lattice-best-path[5.4.217~1-8ae5]:main():lattice-best-path.cc:99) For utterance atai_191, best cost 25.225 + -46.3672 = -21.1422 over 183 frames.
atai_191 тахт 
LOG (lattice-best-path[5.4.217~1-8ae5]:main():lattice-best-path.cc:99) For utterance atai_192, best cost 45.6147 + -78.2875 = -32.6728 over 373 frames.
atai_192 халха халат 
LOG (lattice-best-path[5.4.217~1-8ae5]:main():lattice-best-path.cc:99) For utterance atai_193, best cost 43.2202 + -99.4918 = -56.2717 over 339 frames.
atai_193 ахл хх 
LOG (lattice-best-path[5.4.217~1-8ae5]:main():lattice-best-path.cc:99) For utterance atai_194, best cost 54.1327 + -103.523 = -49.3899 over 418 frames.
atai_194 түндүк хх бихар 
LOG (lattice-best-path[5.4.217~1-8ae5]:main():lattice-best-path.cc:99) For utterance atai_195, best cost 23.105 + -79.0267 = -55.9217 over 331 frames.
atai_195 х 
LOG (lattice-best-path[5.4.217~1-8ae5]:main():lattice-best-path.cc:99) For utterance atai_196, best cost 41.6253 + -84.6149 = -42.9896 over 321 frames.
atai_196 ахатов калат 
LOG (lattice-best-path[5.4.217~1-8ae5]:main():lattice-best-path.cc:99) For utterance atai_197, best cost 25.0438 + -41.6899 = -16.6461 over 151 frames.
atai_197 тахт 
LOG (lattice-best-path[5.4.217~1-8ae5]:main():lattice-best-path.cc:99) For utterance atai_198, best cost 47.1981 + -77.3744 = -30.1763 over 265 frames.
atai_198 ой сөзсүз салат 
LOG (lattice-best-path[5.4.217~1-8ae5]:main():lattice-best-path.cc:99) For utterance atai_199, best cost 45.1533 + -78.2529 = -33.0996 over 318 frames.
atai_199 созулбай ахл 
LOG (lattice-best-path[5.4.217~1-8ae5]:main():lattice-best-path.cc:99) For utterance atai_20, best cost 76.8231 + -170.206 = -93.3834 over 671 frames.
atai_20 айдын орто чегинде хоуп 
LOG (lattice-best-path[5.4.217~1-8ae5]:main():lattice-best-path.cc:99) For utterance atai_201, best cost 35.6368 + -83.6108 = -47.974 over 387 frames.
atai_201 шахи 
LOG (lattice-best-path[5.4.217~1-8ae5]:main():lattice-best-path.cc:99) For utterance atai_202, best cost 51.1047 + -100.568 = -49.4635 over 512 frames.
atai_202 сох сабах <unk> 
LOG (lattice-best-path[5.4.217~1-8ae5]:main():lattice-best-path.cc:99) For utterance atai_204, best cost 56.4297 + -125.91 = -69.4802 over 592 frames.
atai_204 хор жана тушту 
LOG (lattice-best-path[5.4.217~1-8ae5]:main():lattice-best-path.cc:99) For utterance atai_205, best cost 36.6357 + -115.766 = -79.13 over 613 frames.
atai_205 ахун 
LOG (lattice-best-path[5.4.217~1-8ae5]:main():lattice-best-path.cc:99) For utterance atai_206, best cost 34.5317 + -96.987 = -62.4553 over 486 frames.
atai_206 хх 
LOG (lattice-best-path[5.4.217~1-8ae5]:main():lattice-best-path.cc:99) For utterance atai_207, best cost 162.873 + -282.759 = -119.886 over 1085 frames.
atai_207 абдыракман дагы калганда кыз жактан чха <unk> хен болуу анын хан 
LOG (lattice-best-path[5.4.217~1-8ae5]:main():lattice-best-path.cc:99) For utterance atai_208, best cost 365.277 + -653.436 = -288.16 over 2688 frames.
atai_208 хуанхэ хэ эмгектенүү улуу бала ханга хотан алганда ху хан кемени эмен издөө болуу ханы келген жатышта элдин ахи хх еш <unk> 
LOG (lattice-best-path[5.4.217~1-8ae5]:main():lattice-best-path.cc:99) For utterance atai_209, best cost 91.7383 + -205.264 = -113.525 over 1028 frames.
atai_209 хэ х харди бихар 
LOG (lattice-best-path[5.4.217~1-8ae5]:main():lattice-best-path.cc:99) For utterance atai_21, best cost 84.5931 + -133.781 = -49.188 over 559 frames.
atai_21 хх согушууда бетер менен эски 
LOG (lattice-best-path[5.4.217~1-8ae5]:main():lattice-best-path.cc:99) For utterance atai_210, best cost 39.9723 + -71.7748 = -31.8025 over 478 frames.
atai_210 хорда 
LOG (lattice-best-path[5.4.217~1-8ae5]:main():lattice-best-path.cc:99) For utterance atai_212, best cost 41.0129 + -66.1546 = -25.1417 over 239 frames.
atai_212 анын көз хх 
LOG (lattice-best-path[5.4.217~1-8ae5]:main():lattice-best-path.cc:99) For utterance atai_213, best cost 26.6944 + -54.0411 = -27.3467 over 271 frames.
atai_213 ахун 
LOG (lattice-best-path[5.4.217~1-8ae5]:main():lattice-best-path.cc:99) For utterance atai_214, best cost 40.8227 + -86.5953 = -45.7726 over 299 frames.
atai_214 элинде ху 
LOG (lattice-best-path[5.4.217~1-8ae5]:main():lattice-best-path.cc:99) For utterance atai_215, best cost 122.08 + -182.94 = -60.8592 over 669 frames.
atai_215 бала <unk> х кен ишенбай болуп кошулган ата харди 
LOG (lattice-best-path[5.4.217~1-8ae5]:main():lattice-best-path.cc:99) For utterance atai_216, best cost 30.3466 + -46.8117 = -16.4651 over 271 frames.
atai_216 ахват 
LOG (lattice-best-path[5.4.217~1-8ae5]:main():lattice-best-path.cc:99) For utterance atai_217, best cost 28.1351 + -61.7457 = -33.6106 over 270 frames.
atai_217 ех 
LOG (lattice-best-path[5.4.217~1-8ae5]:main():lattice-best-path.cc:99) For utterance atai_218, best cost 102.198 + -216.165 = -113.968 over 881 frames.
atai_218 бала харди халха келди <unk> духе 
LOG (lattice-best-path[5.4.217~1-8ae5]:main():lattice-best-path.cc:99) For utterance atai_22, best cost 53.5905 + -134.831 = -81.2407 over 674 frames.
atai_22 бир тарых элек 
LOG (lattice-best-path[5.4.217~1-8ae5]:main():lattice-best-path.cc:99) For utterance atai_220, best cost 48.1878 + -90.2177 = -42.0299 over 353 frames.
atai_220 балхар хой 
LOG (lattice-best-path[5.4.217~1-8ae5]:main():lattice-best-path.cc:99) For utterance atai_221, best cost 89.1122 + -184.072 = -94.9601 over 792 frames.
atai_221 <unk> худуд анын алуу тарых хх 
LOG (lattice-best-path[5.4.217~1-8ae5]:main():lattice-best-path.cc:99) For utterance atai_222, best cost 115.997 + -262.303 = -146.306 over 1087 frames.
atai_222 хан ахун да кезинен комуз жана <unk> хан 
LOG (lattice-best-path[5.4.217~1-8ae5]:main():lattice-best-path.cc:99) For utterance atai_223, best cost 60.1354 + -91.8821 = -31.7467 over 326 frames.
atai_223 баланын көсө комуздун <unk> 
LOG (lattice-best-path[5.4.217~1-8ae5]:main():lattice-best-path.cc:99) For utterance atai_224, best cost 242.739 + -414.878 = -172.139 over 1646 frames.
atai_224 хан келе тарапка ээк тагып өзү <unk> койду бала орхон ахун башын көтөрүп ахун комуздун алды 
LOG (lattice-best-path[5.4.217~1-8ae5]:main():lattice-best-path.cc:99) For utterance atai_225, best cost 44.5291 + -100.183 = -55.6534 over 478 frames.
atai_225 бронх болду 
LOG (lattice-best-path[5.4.217~1-8ae5]:main():lattice-best-path.cc:99) For utterance atai_226, best cost 69.0952 + -136.692 = -67.5971 over 674 frames.
atai_226 хх <unk> хедер хх 
LOG (lattice-best-path[5.4.217~1-8ae5]:main():lattice-best-path.cc:99) For utterance atai_227, best cost 92.3558 + -152.951 = -60.5949 over 672 frames.
atai_227 алты ширеси хакас хан хорда 
LOG (lattice-best-path[5.4.217~1-8ae5]:main():lattice-best-path.cc:99) For utterance atai_229, best cost 29.3825 + -49.6233 = -20.2408 over 225 frames.
atai_229 <unk> пекинде 
LOG (lattice-best-path[5.4.217~1-8ae5]:main():lattice-best-path.cc:99) For utterance atai_231, best cost 42.4938 + -81.9813 = -39.4875 over 390 frames.
atai_231 бала тарыхта 
LOG (lattice-best-path[5.4.217~1-8ae5]:main():lattice-best-path.cc:99) For utterance atai_232, best cost 84.6898 + -148.78 = -64.0903 over 640 frames.
atai_232 хх кохаб менен ахвах <unk> 
LOG (lattice-best-path[5.4.217~1-8ae5]:main():lattice-best-path.cc:99) For utterance atai_233, best cost 90.6297 + -161.524 = -70.8941 over 649 frames.
atai_233 хүү ахчалыг ата <unk> х суусу 
LOG (lattice-best-path[5.4.217~1-8ae5]:main():lattice-best-path.cc:99) For utterance atai_234, best cost 148.508 + -250.351 = -101.844 over 1084 frames.
atai_234 же хнх атылган <unk> х алганда ал хх ошондой чайка 
LOG (lattice-best-path[5.4.217~1-8ae5]:main():lattice-best-path.cc:99) For utterance atai_235, best cost 107.269 + -186.045 = -78.7762 over 841 frames.
atai_235 айкөл ханы бар саха саха хх 
LOG (lattice-best-path[5.4.217~1-8ae5]:main():lattice-best-path.cc:99) For utterance atai_236, best cost 41.6317 + -86.8036 = -45.1719 over 384 frames.
atai_236 сахих х 
LOG (lattice-best-path[5.4.217~1-8ae5]:main():lattice-best-path.cc:99) For utterance atai_237, best cost 58.4767 + -121.178 = -62.701 over 435 frames.
atai_237 семих ой сох 
LOG (lattice-best-path[5.4.217~1-8ae5]:main():lattice-best-path.cc:99) For utterance atai_238, best cost 47.9172 + -108.69 = -60.7733 over 469 frames.
atai_238 арх тех 
LOG (lattice-best-path[5.4.217~1-8ae5]:main():lattice-best-path.cc:99) For utterance atai_239, best cost 170.054 + -292.275 = -122.22 over 1266 frames.
atai_239 сахих бетегеси хан экен кечеси хентрих калха шатыра тарых 
LOG (lattice-best-path[5.4.217~1-8ae5]:main():lattice-best-path.cc:99) For utterance atai_24, best cost 74.728 + -180.78 = -106.052 over 810 frames.
atai_24 халха ханды анхра 
LOG (lattice-best-path[5.4.217~1-8ae5]:main():lattice-best-path.cc:99) For utterance atai_240, best cost 69.9148 + -151.142 = -81.2268 over 690 frames.
atai_240 болушу бухайдын хасха 
LOG (lattice-best-path[5.4.217~1-8ae5]:main():lattice-best-path.cc:99) For utterance atai_241, best cost 27.8264 + -42.658 = -14.8316 over 192 frames.
atai_241 техсервис 
LOG (lattice-best-path[5.4.217~1-8ae5]:main():lattice-best-path.cc:99) For utterance atai_242, best cost 21.1216 + -46.2147 = -25.0931 over 215 frames.
atai_242 хан 
LOG (lattice-best-path[5.4.217~1-8ae5]:main():lattice-best-path.cc:99) For utterance atai_243, best cost 28.9616 + -78.4411 = -49.4795 over 345 frames.
atai_243 бахр 
LOG (lattice-best-path[5.4.217~1-8ae5]:main():lattice-best-path.cc:99) For utterance atai_244, best cost 66.7445 + -87.6383 = -20.8938 over 386 frames.
atai_244 болсо хх хетт <unk> жалпы 
LOG (lattice-best-path[5.4.217~1-8ae5]:main():lattice-best-path.cc:99) For utterance atai_245, best cost 27.8336 + -51.4996 = -23.666 over 248 frames.
atai_245 халха 
LOG (lattice-best-path[5.4.217~1-8ae5]:main():lattice-best-path.cc:99) For utterance atai_246, best cost 22.4029 + -70.5049 = -48.102 over 294 frames.
atai_246 х 
LOG (lattice-best-path[5.4.217~1-8ae5]:main():lattice-best-path.cc:99) For utterance atai_247, best cost 158.333 + -372.645 = -214.312 over 1671 frames.
atai_247 бахр сабах халухи бирок ху арх ар эле 
LOG (lattice-best-path[5.4.217~1-8ae5]:main():lattice-best-path.cc:99) For utterance atai_248, best cost 121.995 + -256.859 = -134.865 over 1118 frames.
atai_248 бирок олонхо жахан элеси <unk> хан бетеге 
LOG (lattice-best-path[5.4.217~1-8ae5]:main():lattice-best-path.cc:99) For utterance atai_249, best cost 130.65 + -274.667 = -144.017 over 1179 frames.
atai_249 хлордуу анын халха алды хх ахл турат 
LOG (lattice-best-path[5.4.217~1-8ae5]:main():lattice-best-path.cc:99) For utterance atai_25, best cost 67.5859 + -152.186 = -84.6004 over 755 frames.
atai_25 х жалча хх 
LOG (lattice-best-path[5.4.217~1-8ae5]:main():lattice-best-path.cc:99) For utterance atai_250, best cost 28.4989 + -69.5284 = -41.0295 over 356 frames.
atai_250 хх 
LOG (lattice-best-path[5.4.217~1-8ae5]:main():lattice-best-path.cc:99) For utterance atai_251, best cost 12.1435 + -30.9671 = -18.8236 over 134 frames.
atai_251 <unk> 
LOG (lattice-best-path[5.4.217~1-8ae5]:main():lattice-best-path.cc:99) For utterance atai_252, best cost 99.0992 + -202.058 = -102.959 over 888 frames.
atai_252 баланын хайда бир хентрих калган эле 
LOG (lattice-best-path[5.4.217~1-8ae5]:main():lattice-best-path.cc:99) For utterance atai_253, best cost 128.944 + -267.768 = -138.824 over 1219 frames.
atai_253 хайме битэхэ ордуна хан менен салынган халат 
LOG (lattice-best-path[5.4.217~1-8ae5]:main():lattice-best-path.cc:99) For utterance atai_254, best cost 188.583 + -394.465 = -205.882 over 1706 frames.
atai_254 хит эле келип тарых кебезден хэ көчмөндөрдүн суу <unk> х <unk> хонгха <unk> 
LOG (lattice-best-path[5.4.217~1-8ae5]:main():lattice-best-path.cc:99) For utterance atai_255, best cost 109.632 + -186.767 = -77.1346 over 890 frames.
atai_255 кагаз хасан сахих хен альхудо 
LOG (lattice-best-path[5.4.217~1-8ae5]:main():lattice-best-path.cc:99) For utterance atai_256, best cost 78.1743 + -161.302 = -83.1273 over 892 frames.
atai_256 карача халха карахан 
LOG (lattice-best-path[5.4.217~1-8ae5]:main():lattice-best-path.cc:99) For utterance atai_257, best cost 235.465 + -402.163 = -166.698 over 1422 frames.
atai_257 жахан дат хатан дат олтургандардын х эле бар хасха тыштуу боз балдардын оозуна охна 
LOG (lattice-best-path[5.4.217~1-8ae5]:main():lattice-best-path.cc:99) For utterance atai_259, best cost 82.1401 + -221.793 = -139.653 over 1345 frames.
atai_259 ахдар халха <unk> 
LOG (lattice-best-path[5.4.217~1-8ae5]:main():lattice-best-path.cc:99) For utterance atai_26, best cost 106.102 + -216.995 = -110.893 over 849 frames.
atai_26 бахус да бах башкалар <unk> артык маселе 
LOG (lattice-best-path[5.4.217~1-8ae5]:main():lattice-best-path.cc:99) For utterance atai_261, best cost 86.7837 + -222.739 = -135.955 over 1129 frames.
atai_261 ахват хандын <unk> эл турган 
LOG (lattice-best-path[5.4.217~1-8ae5]:main():lattice-best-path.cc:99) For utterance atai_262, best cost 37.4057 + -125.043 = -87.6377 over 577 frames.
atai_262 ахвах 
LOG (lattice-best-path[5.4.217~1-8ae5]:main():lattice-best-path.cc:99) For utterance atai_263, best cost 53.1709 + -116.242 = -63.0711 over 595 frames.
atai_263 кызылсуу жана х 
LOG (lattice-best-path[5.4.217~1-8ae5]:main():lattice-best-path.cc:99) For utterance atai_264, best cost 75.8639 + -168.847 = -92.9835 over 802 frames.
atai_264 бухарест ахвах х 
LOG (lattice-best-path[5.4.217~1-8ae5]:main():lattice-best-path.cc:99) For utterance atai_265, best cost 142.523 + -290.71 = -148.186 over 1219 frames.
atai_265 алдын атасынын абалы хх жактан хан халха ахлак 
LOG (lattice-best-path[5.4.217~1-8ae5]:main():lattice-best-path.cc:99) For utterance atai_267, best cost 75.8317 + -157.174 = -81.342 over 709 frames.
atai_267 хан болгон хай хоох 
LOG (lattice-best-path[5.4.217~1-8ae5]:main():lattice-best-path.cc:99) For utterance atai_268, best cost 29.9734 + -79.7067 = -49.7333 over 363 frames.
atai_268 хнх 
LOG (lattice-best-path[5.4.217~1-8ae5]:main():lattice-best-path.cc:99) For utterance atai_271, best cost 148.419 + -273.835 = -125.416 over 1168 frames.
atai_271 ошондой болсо да хуанхэ хан хх кайната хх хан 
LOG (lattice-best-path[5.4.217~1-8ae5]:main():lattice-best-path.cc:99) For utterance atai_272, best cost 254.017 + -443.418 = -189.4 over 1817 frames.
atai_272 эле хуанхэ булар <unk> техас сүйлөгөн хейди эле <unk> менен халухи башкасы ханды эхо эле аныктайт хх 
LOG (lattice-best-path[5.4.217~1-8ae5]:main():lattice-best-path.cc:99) For utterance atai_275, best cost 35.7335 + -90.8856 = -55.1521 over 457 frames.
atai_275 халха 
LOG (lattice-best-path[5.4.217~1-8ae5]:main():lattice-best-path.cc:99) For utterance atai_278, best cost 118.287 + -214.319 = -96.0315 over 829 frames.
atai_278 хатан ташытып башталды суу менен хан альхудо 
LOG (lattice-best-path[5.4.217~1-8ae5]:main():lattice-best-path.cc:99) For utterance atai_279, best cost 66.8746 + -121.868 = -54.993 over 591 frames.
atai_279 ахун аймактарында <unk> хх 
LOG (lattice-best-path[5.4.217~1-8ae5]:main():lattice-best-path.cc:99) For utterance atai_28, best cost 75.3988 + -188.092 = -112.694 over 819 frames.
atai_28 анхра хакан тиштин 
LOG (lattice-best-path[5.4.217~1-8ae5]:main():lattice-best-path.cc:99) For utterance atai_280, best cost 67.1639 + -152.386 = -85.222 over 766 frames.
atai_280 бирок х алхимиктерди 
LOG (lattice-best-path[5.4.217~1-8ae5]:main():lattice-best-path.cc:99) For utterance atai_281, best cost 224.239 + -410.78 = -186.541 over 1876 frames.
atai_281 сухарь болбосо хх хэ хоох ал жок санта таштабай атасына ханды хх 
LOG (lattice-best-path[5.4.217~1-8ae5]:main():lattice-best-path.cc:99) For utterance atai_282, best cost 186.724 + -311.799 = -125.075 over 1070 frames.
atai_282 адептүү жаш кетүүгө башкача апаттан көп калганын келди өзү хх анын халат 
LOG (lattice-best-path[5.4.217~1-8ae5]:main():lattice-best-path.cc:99) For utterance atai_284, best cost 170.264 + -341.662 = -171.398 over 1406 frames.
atai_284 мына хх бухара эхо хандыкты тахарат ал харман данын 
LOG (lattice-best-path[5.4.217~1-8ae5]:main():lattice-best-path.cc:99) For utterance atai_285, best cost 67.936 + -107.761 = -39.825 over 352 frames.
atai_285 ага сакталган атам хандан 
LOG (lattice-best-path[5.4.217~1-8ae5]:main():lattice-best-path.cc:99) For utterance atai_286, best cost 112.62 + -199.666 = -87.0464 over 760 frames.
atai_286 кохаб учурайт андан башкача ху а келип 
LOG (lattice-best-path[5.4.217~1-8ae5]:main():lattice-best-path.cc:99) For utterance atai_29, best cost 120.762 + -227.875 = -107.113 over 969 frames.
atai_29 бул хору бир халха кан жалчыларды мах 
LOG (lattice-best-path[5.4.217~1-8ae5]:main():lattice-best-path.cc:99) For utterance atai_290, best cost 56.6732 + -150.074 = -93.4003 over 759 frames.
atai_290 халха ханды 
LOG (lattice-best-path[5.4.217~1-8ae5]:main():lattice-best-path.cc:99) For utterance atai_291, best cost 85.4647 + -179.473 = -94.0086 over 869 frames.
atai_291 жана хирхис христи хентрих 
LOG (lattice-best-path[5.4.217~1-8ae5]:main():lattice-best-path.cc:99) For utterance atai_292, best cost 111.167 + -218.124 = -106.956 over 1003 frames.
atai_292 хуту бул хырхыр менен техас хайтахун 
LOG (lattice-best-path[5.4.217~1-8ae5]:main():lattice-best-path.cc:99) For utterance atai_293, best cost 40.56 + -105.205 = -64.6452 over 553 frames.
atai_293 ахвалда <unk> 
LOG (lattice-best-path[5.4.217~1-8ae5]:main():lattice-best-path.cc:99) For utterance atai_294, best cost 65.8126 + -134.086 = -68.2731 over 549 frames.
atai_294 саясат бархан хайтахун 
LOG (lattice-best-path[5.4.217~1-8ae5]:main():lattice-best-path.cc:99) For utterance atai_295, best cost 52.9392 + -83.2826 = -30.3434 over 332 frames.
atai_295 басымын болсо хоох 
LOG (lattice-best-path[5.4.217~1-8ae5]:main():lattice-best-path.cc:99) For utterance atai_296, best cost 50.1298 + -88.5569 = -38.4271 over 397 frames.
atai_296 ат хан эхо 
LOG (lattice-best-path[5.4.217~1-8ae5]:main():lattice-best-path.cc:99) For utterance atai_297, best cost 25.1671 + -59.1572 = -33.9901 over 330 frames.
atai_297 х 
LOG (lattice-best-path[5.4.217~1-8ae5]:main():lattice-best-path.cc:99) For utterance atai_298, best cost 122.74 + -218.892 = -96.1519 over 872 frames.
atai_298 суу баласын ал хор баланы х күнөөлүү ханы 
LOG (lattice-best-path[5.4.217~1-8ae5]:main():lattice-best-path.cc:99) For utterance atai_299, best cost 117.043 + -206.881 = -89.8386 over 764 frames.
atai_299 самын салуу телеберүү калай хх чоң балх 
LOG (lattice-best-path[5.4.217~1-8ae5]:main():lattice-best-path.cc:99) For utterance atai_30, best cost 98.1242 + -207.653 = -109.529 over 1018 frames.
atai_30 халха күйөөсүн хх хнх 
LOG (lattice-best-path[5.4.217~1-8ae5]:main():lattice-best-path.cc:99) For utterance atai_300, best cost 30.0051 + -57.8185 = -27.8133 over 302 frames.
atai_300 ахвах 
LOG (lattice-best-path[5.4.217~1-8ae5]:main():lattice-best-path.cc:99) For utterance atai_302, best cost 21.8234 + -45.3991 = -23.5757 over 223 frames.
atai_302 х 
LOG (lattice-best-path[5.4.217~1-8ae5]:main():lattice-best-path.cc:99) For utterance atai_303, best cost 44.3986 + -80.4426 = -36.044 over 366 frames.
atai_303 анхра атай 
LOG (lattice-best-path[5.4.217~1-8ae5]:main():lattice-best-path.cc:99) For utterance atai_304, best cost 37.6015 + -56.9133 = -19.3118 over 181 frames.
atai_304 комус энеси 
LOG (lattice-best-path[5.4.217~1-8ae5]:main():lattice-best-path.cc:99) For utterance atai_305, best cost 40.2103 + -57.696 = -17.4857 over 247 frames.
atai_305 ал хасха <unk> 
LOG (lattice-best-path[5.4.217~1-8ae5]:main():lattice-best-path.cc:99) For utterance atai_306, best cost 39.3147 + -76.8862 = -37.5715 over 380 frames.
atai_306 бирок хи 
LOG (lattice-best-path[5.4.217~1-8ae5]:main():lattice-best-path.cc:99) For utterance atai_307, best cost 31.3724 + -120.729 = -89.3561 over 517 frames.
atai_307 бахр 
LOG (lattice-best-path[5.4.217~1-8ae5]:main():lattice-best-path.cc:99) For utterance atai_308, best cost 271.03 + -549.562 = -278.532 over 2488 frames.
atai_308 бир хх жана иштеген этих <unk> алардын хаган халы ошол халухи ех ортосунда хо эрен сахих 
LOG (lattice-best-path[5.4.217~1-8ae5]:main():lattice-best-path.cc:99) For utterance atai_309, best cost 148.4 + -364.188 = -215.788 over 1573 frames.
atai_309 хуанхэ мында келгени чоң хан хоох <unk> хуанхэ 
LOG (lattice-best-path[5.4.217~1-8ae5]:main():lattice-best-path.cc:99) For utterance atai_31, best cost 184.61 + -347.786 = -163.176 over 1394 frames.
atai_31 <unk> хен хан ахвах хх тезинен да хан өпкөнү жана <unk> элдин эне 
LOG (lattice-best-path[5.4.217~1-8ae5]:main():lattice-best-path.cc:99) For utterance atai_310, best cost 188.47 + -332.537 = -144.067 over 1365 frames.
atai_310 алардын сууга тахт хайда турган халат <unk> халха да электр турган хабер 
LOG (lattice-best-path[5.4.217~1-8ae5]:main():lattice-best-path.cc:99) For utterance atai_312, best cost 109.196 + -201.784 = -92.5884 over 826 frames.
atai_312 хандын жана хен эч кимисинин эске жок 
LOG (lattice-best-path[5.4.217~1-8ae5]:main():lattice-best-path.cc:99) For utterance atai_313, best cost 118.661 + -255.708 = -137.047 over 1119 frames.
atai_313 бах эмес болсо да ахлак көп тахт 
LOG (lattice-best-path[5.4.217~1-8ae5]:main():lattice-best-path.cc:99) For utterance atai_314, best cost 38.3426 + -110.362 = -72.0198 over 564 frames.
atai_314 жахан 
LOG (lattice-best-path[5.4.217~1-8ae5]:main():lattice-best-path.cc:99) For utterance atai_315, best cost 73.4731 + -170.564 = -97.0906 over 797 frames.
atai_315 түрдүү тарыхы менен халат 
LOG (lattice-best-path[5.4.217~1-8ae5]:main():lattice-best-path.cc:99) For utterance atai_316, best cost 60.5098 + -94.5472 = -34.0373 over 434 frames.
atai_316 ханга техсервис турду 
LOG (lattice-best-path[5.4.217~1-8ae5]:main():lattice-best-path.cc:99) For utterance atai_317, best cost 164.3 + -318.626 = -154.326 over 1636 frames.
atai_317 халат токой тараптан <unk> альхудо тарых кышташ этип тарыхы 
LOG (lattice-best-path[5.4.217~1-8ae5]:main():lattice-best-path.cc:99) For utterance atai_32, best cost 274.403 + -498.71 = -224.307 over 2100 frames.
atai_32 халат көргөндөрүн илгенден <unk> хинди өзүн жалпы жана каныкеси <unk> х хосе да тарых айтарылып эсинде халухи 
LOG (lattice-best-path[5.4.217~1-8ae5]:main():lattice-best-path.cc:99) For utterance atai_320, best cost 71.0854 + -150.269 = -79.1832 over 634 frames.
atai_320 анын хх ахлак эне 
LOG (lattice-best-path[5.4.217~1-8ae5]:main():lattice-best-path.cc:99) For utterance atai_321, best cost 91.3807 + -211.528 = -120.147 over 830 frames.
atai_321 биржа кубань хх балх <unk> 
LOG (lattice-best-path[5.4.217~1-8ae5]:main():lattice-best-path.cc:99) For utterance atai_322, best cost 86.0893 + -179.333 = -93.2441 over 713 frames.
atai_322 хинди <unk> хандар бала чех 
LOG (lattice-best-path[5.4.217~1-8ae5]:main():lattice-best-path.cc:99) For utterance atai_323, best cost 23.7183 + -44.9209 = -21.2025 over 194 frames.
atai_323 хх 
LOG (lattice-best-path[5.4.217~1-8ae5]:main():lattice-best-path.cc:99) For utterance atai_324, best cost 28.1111 + -40.4563 = -12.3453 over 191 frames.
atai_324 хоуп 
LOG (lattice-best-path[5.4.217~1-8ae5]:main():lattice-best-path.cc:99) For utterance atai_325, best cost 28.0798 + -49.7542 = -21.6743 over 233 frames.
atai_325 сабах 
LOG (lattice-best-path[5.4.217~1-8ae5]:main():lattice-best-path.cc:99) For utterance atai_326, best cost 85.9425 + -199.695 = -113.752 over 807 frames.
atai_326 андан халухи бала хай <unk> 
LOG (lattice-best-path[5.4.217~1-8ae5]:main():lattice-best-path.cc:99) For utterance atai_327, best cost 94.2099 + -202.096 = -107.886 over 913 frames.
atai_327 балансы шахта хасха халат 
LOG (lattice-best-path[5.4.217~1-8ae5]:main():lattice-best-path.cc:99) For utterance atai_330, best cost 73.8447 + -143.554 = -69.7094 over 609 frames.
atai_330 анын хан комуз ахвах 
LOG (lattice-best-path[5.4.217~1-8ae5]:main():lattice-best-path.cc:99) For utterance atai_331, best cost 60.7156 + -183.924 = -123.209 over 904 frames.
atai_331 хуанхэ хан 
LOG (lattice-best-path[5.4.217~1-8ae5]:main():lattice-best-path.cc:99) For utterance atai_332, best cost 94.3033 + -147.829 = -53.5256 over 647 frames.
atai_332 хх халы бул жер менен халат 
LOG (lattice-best-path[5.4.217~1-8ae5]:main():lattice-best-path.cc:99) For utterance atai_333, best cost 173.358 + -319.308 = -145.951 over 1259 frames.
atai_333 халха ал коомчулукту бекерчиликтен жана бакайдын ишинде кесипке турган ал хх 
LOG (lattice-best-path[5.4.217~1-8ae5]:main():lattice-best-path.cc:99) For utterance atai_334, best cost 46.048 + -115.455 = -69.4068 over 413 frames.
atai_334 эчки ху 
LOG (lattice-best-path[5.4.217~1-8ae5]:main():lattice-best-path.cc:99) For utterance atai_336, best cost 169.818 + -310.867 = -141.048 over 1157 frames.
atai_336 ошол ху эхин жана айланып келди пахта эми хүү үйрөтүү хок 
LOG (lattice-best-path[5.4.217~1-8ae5]:main():lattice-best-path.cc:99) For utterance atai_338, best cost 36.7669 + -104.478 = -67.7111 over 502 frames.
atai_338 ахси 
LOG (lattice-best-path[5.4.217~1-8ae5]:main():lattice-best-path.cc:99) For utterance atai_339, best cost 160.246 + -304.983 = -144.736 over 1415 frames.
atai_339 бирок жөнгө <unk> кандайдыр <unk> ал эмес хан болуп турган хенри хасха 
LOG (lattice-best-path[5.4.217~1-8ae5]:main():lattice-best-path.cc:99) For utterance atai_340, best cost 39.3457 + -87.4616 = -48.1159 over 475 frames.
atai_340 <unk> хоох 
LOG (lattice-best-path[5.4.217~1-8ae5]:main():lattice-best-path.cc:99) For utterance atai_341, best cost 173.775 + -393.522 = -219.747 over 1723 frames.
atai_341 бирок ал сорту ахвах бихар хуанхэ хх бах <unk> 
LOG (lattice-best-path[5.4.217~1-8ae5]:main():lattice-best-path.cc:99) For utterance atai_342, best cost 175.738 + -395.561 = -219.823 over 1939 frames.
atai_342 хасха <unk> хуанхэ хх хуайхэ халаф кыргыздары бахр 
LOG (lattice-best-path[5.4.217~1-8ae5]:main():lattice-best-path.cc:99) For utterance atai_343, best cost 297.67 + -615.288 = -317.618 over 2679 frames.
atai_343 ата хасха карата халат ху анын хан болбой рухунда хантайка халха бирөөсү анын таш кайкыган хх 
LOG (lattice-best-path[5.4.217~1-8ae5]:main():lattice-best-path.cc:99) For utterance atai_344, best cost 90.6776 + -264.872 = -174.195 over 1303 frames.
atai_344 хасха хасан жахан 
LOG (lattice-best-path[5.4.217~1-8ae5]:main():lattice-best-path.cc:99) For utterance atai_345, best cost 82.7638 + -168.976 = -86.2125 over 781 frames.
atai_345 хен турган байдын аялы <unk> 
LOG (lattice-best-path[5.4.217~1-8ae5]:main():lattice-best-path.cc:99) For utterance atai_346, best cost 32.2314 + -70.084 = -37.8527 over 338 frames.
atai_346 аллах 
LOG (lattice-best-path[5.4.217~1-8ae5]:main():lattice-best-path.cc:99) For utterance atai_347, best cost 158.346 + -318.739 = -160.393 over 1247 frames.
atai_347 <unk> кылат хнх хан көңүл жайды технол сары чыгып хх 
LOG (lattice-best-path[5.4.217~1-8ae5]:main():lattice-best-path.cc:99) For utterance atai_349, best cost 308.923 + -573.815 = -264.892 over 2565 frames.
atai_349 менен ахси жаман хан бирок сахналаш катх жок соко хуанхэ <unk> кылат мах бала жакасы жалашып эхо хх 
LOG (lattice-best-path[5.4.217~1-8ae5]:main():lattice-best-path.cc:99) For utterance atai_35, best cost 138.027 + -238.543 = -100.516 over 921 frames.
atai_35 же техас и кийин токтотуп дене боюнча х хай <unk> 
LOG (lattice-best-path[5.4.217~1-8ae5]:main():lattice-best-path.cc:99) For utterance atai_351, best cost 76.4544 + -144.373 = -67.919 over 547 frames.
atai_351 сахна келип андхра туруп 
LOG (lattice-best-path[5.4.217~1-8ae5]:main():lattice-best-path.cc:99) For utterance atai_353, best cost 32.174 + -69.9968 = -37.8228 over 338 frames.
atai_353 ахи 
LOG (lattice-best-path[5.4.217~1-8ae5]:main():lattice-best-path.cc:99) For utterance atai_354, best cost 42.5119 + -72.0553 = -29.5433 over 240 frames.
atai_354 соко ху 
LOG (lattice-best-path[5.4.217~1-8ae5]:main():lattice-best-path.cc:99) For utterance atai_355, best cost 104.346 + -196.551 = -92.2044 over 929 frames.
atai_355 хатта хх эки палех ахи 
LOG (lattice-best-path[5.4.217~1-8ae5]:main():lattice-best-path.cc:99) For utterance atai_357, best cost 139.921 + -257.829 = -117.909 over 1066 frames.
atai_357 жарым дүйнөсүнүн түндүк жакшы <unk> хайтахун келип хан саха 
LOG (lattice-best-path[5.4.217~1-8ae5]:main():lattice-best-path.cc:99) For utterance atai_359, best cost 120.268 + -200.412 = -80.1441 over 831 frames.
atai_359 хаты бир өгүз токтотуп ал анын хуанхэ болду 
LOG (lattice-best-path[5.4.217~1-8ae5]:main():lattice-best-path.cc:99) For utterance atai_36, best cost 148.41 + -328.157 = -179.746 over 1389 frames.
atai_36 халк айдахо келди хан анхум ушул хан жок 
LOG (lattice-best-path[5.4.217~1-8ae5]:main():lattice-best-path.cc:99) For utterance atai_360, best cost 293.769 + -538.45 = -244.682 over 2183 frames.
atai_360 баласы сахел экен бир айдахо өзбектердин карагай химикаттарына кошуп калды хан болду <unk> кылынышынан тарых ал техника махабхарата 
LOG (lattice-best-path[5.4.217~1-8ae5]:main():lattice-best-path.cc:99) For utterance atai_361, best cost 275.099 + -478.085 = -202.986 over 2183 frames.
atai_361 схем жихэ тилегени <unk> барып хх <unk> <unk> анын хоуп эмес ха кендери эрмен озун <unk> турган хан 
LOG (lattice-best-path[5.4.217~1-8ae5]:main():lattice-best-path.cc:99) For utterance atai_363, best cost 103.866 + -159.978 = -56.1127 over 642 frames.
atai_363 соко хнх хасха ашырып <unk> ахвалда 
LOG (lattice-best-path[5.4.217~1-8ae5]:main():lattice-best-path.cc:99) For utterance atai_364, best cost 22.2528 + -38.4963 = -16.2435 over 165 frames.
atai_364 хх 
LOG (lattice-best-path[5.4.217~1-8ae5]:main():lattice-best-path.cc:99) For utterance atai_365, best cost 20.3121 + -41.4971 = -21.185 over 176 frames.
atai_365 х 
LOG (lattice-best-path[5.4.217~1-8ae5]:main():lattice-best-path.cc:99) For utterance atai_366, best cost 55.7255 + -93.9265 = -38.201 over 410 frames.
atai_366 хх кайсы <unk> элдин 
LOG (lattice-best-path[5.4.217~1-8ae5]:main():lattice-best-path.cc:99) For utterance atai_367, best cost 34.8043 + -66.6084 = -31.804 over 342 frames.
atai_367 сахих <unk> 
LOG (lattice-best-path[5.4.217~1-8ae5]:main():lattice-best-path.cc:99) For utterance atai_368, best cost 65.0607 + -114.721 = -49.6605 over 450 frames.
atai_368 ахеменилик сиңе хедер 
LOG (lattice-best-path[5.4.217~1-8ae5]:main():lattice-best-path.cc:99) For utterance atai_369, best cost 68.2355 + -122.01 = -53.7741 over 425 frames.
atai_369 тууганбай хайдан башка х 
LOG (lattice-best-path[5.4.217~1-8ae5]:main():lattice-best-path.cc:99) For utterance atai_37, best cost 237.647 + -460.589 = -222.942 over 1805 frames.
atai_37 этих <unk> <unk> кени техника пахта бурулчаны <unk> х ахсан көзүндө кокос алган карап тарых х 
LOG (lattice-best-path[5.4.217~1-8ae5]:main():lattice-best-path.cc:99) For utterance atai_371, best cost 68.8035 + -158.579 = -89.7756 over 775 frames.
atai_371 хх харди хэ 
LOG (lattice-best-path[5.4.217~1-8ae5]:main():lattice-best-path.cc:99) For utterance atai_373, best cost 95.2683 + -151.184 = -55.9153 over 530 frames.
atai_373 ата хандын көз хх андан да болушуна 
LOG (lattice-best-path[5.4.217~1-8ae5]:main():lattice-best-path.cc:99) For utterance atai_374, best cost 51.035 + -98.611 = -47.576 over 459 frames.
atai_374 схем менен хан 
LOG (lattice-best-path[5.4.217~1-8ae5]:main():lattice-best-path.cc:99) For utterance atai_376, best cost 29.8123 + -61.5057 = -31.6933 over 280 frames.
atai_376 хуту 
LOG (lattice-best-path[5.4.217~1-8ae5]:main():lattice-best-path.cc:99) For utterance atai_377, best cost 33.3473 + -69.1443 = -35.797 over 350 frames.
atai_377 атахан 
LOG (lattice-best-path[5.4.217~1-8ae5]:main():lattice-best-path.cc:99) For utterance atai_378, best cost 45.2274 + -112.217 = -66.9893 over 519 frames.
atai_378 хасха да 
LOG (lattice-best-path[5.4.217~1-8ae5]:main():lattice-best-path.cc:99) For utterance atai_379, best cost 116.521 + -247.396 = -130.875 over 1173 frames.
atai_379 бардыгы ху абдыракман хи <unk> бухта 
LOG (lattice-best-path[5.4.217~1-8ae5]:main():lattice-best-path.cc:99) For utterance atai_38, best cost 32.9479 + -38.2868 = -5.33891 over 200 frames.
atai_38 кенже хан 
LOG (lattice-best-path[5.4.217~1-8ae5]:main():lattice-best-path.cc:99) For utterance atai_380, best cost 186.03 + -386.852 = -200.823 over 1594 frames.
atai_380 бах болбосо <unk> ханы балага башы хэ хуанхэ сахналаш жашында <unk> да 
LOG (lattice-best-path[5.4.217~1-8ae5]:main():lattice-best-path.cc:99) For utterance atai_381, best cost 36.0757 + -107.795 = -71.719 over 505 frames.
atai_381 ахун 
LOG (lattice-best-path[5.4.217~1-8ae5]:main():lattice-best-path.cc:99) For utterance atai_382, best cost 44.4934 + -120.045 = -75.5517 over 585 frames.
atai_382 <unk> халухи 
LOG (lattice-best-path[5.4.217~1-8ae5]:main():lattice-best-path.cc:99) For utterance atai_383, best cost 72.2839 + -135.913 = -63.6291 over 563 frames.
atai_383 ахун ано семетейге 
LOG (lattice-best-path[5.4.217~1-8ae5]:main():lattice-best-path.cc:99) For utterance atai_384, best cost 86.2777 + -109.365 = -23.0869 over 437 frames.
atai_384 <unk> тарыхында кыргыз сахнада келгенден улантат 
LOG (lattice-best-path[5.4.217~1-8ae5]:main():lattice-best-path.cc:99) For utterance atai_385, best cost 151.744 + -348.974 = -197.23 over 1569 frames.
atai_385 эхо соң элди башка хнх хи ата сахих 
LOG (lattice-best-path[5.4.217~1-8ae5]:main():lattice-best-path.cc:99) For utterance atai_386, best cost 123.772 + -255.403 = -131.631 over 1228 frames.
atai_386 ахеменилер ата хэ <unk> тымызын башка сөз <unk> 
LOG (lattice-best-path[5.4.217~1-8ae5]:main():lattice-best-path.cc:99) For utterance atai_387, best cost 60.5034 + -89.0757 = -28.5723 over 281 frames.
atai_387 тууганбай эрдени руху 
LOG (lattice-best-path[5.4.217~1-8ae5]:main():lattice-best-path.cc:99) For utterance atai_389, best cost 63.2861 + -104.288 = -41.0017 over 402 frames.
atai_389 балхты бетегеси хен 
LOG (lattice-best-path[5.4.217~1-8ae5]:main():lattice-best-path.cc:99) For utterance atai_39, best cost 359.381 + -723.488 = -364.107 over 3012 frames.
atai_39 уйкусу чалган масх түздөп хан токою жаш техас ал ошон хундар <unk> элдер эхин болуп өзалдынча келип хаты бүлөсүнө хх бахру 
LOG (lattice-best-path[5.4.217~1-8ae5]:main():lattice-best-path.cc:99) For utterance atai_390, best cost 63.4904 + -99.9484 = -36.458 over 440 frames.
atai_390 сезимин үстүндө халха 
LOG (lattice-best-path[5.4.217~1-8ae5]:main():lattice-best-path.cc:99) For utterance atai_391, best cost 418.08 + -791.643 = -373.563 over 3446 frames.
atai_391 бөлүнгөн борбордо куурай рухтардан бетеге кохаб <unk> мандах <unk> халха <unk> <unk> халха ашат аталып хасха анхелъ жалаа жана махтын монах <unk> алдында башка хан болсо зат 
LOG (lattice-best-path[5.4.217~1-8ae5]:main():lattice-best-path.cc:99) For utterance atai_393, best cost 121.045 + -260.163 = -139.118 over 1297 frames.
atai_393 <unk> хандарына хан бир хх ошол хоох 
LOG (lattice-best-path[5.4.217~1-8ae5]:main():lattice-best-path.cc:99) For utterance atai_394, best cost 175.813 + -401.658 = -225.845 over 1880 frames.
atai_394 алат хх баланы хан талха хорда сахих ахват 
LOG (lattice-best-path[5.4.217~1-8ae5]:main():lattice-best-path.cc:99) For utterance atai_395, best cost 390.558 + -853.253 = -462.694 over 3572 frames.
atai_395 хх бирок ошол бихар анын башка атахан жана анхум аны х эхо анын хандарды кете хх ал хх эхин таштан турду анын хасан хх 
LOG (lattice-best-path[5.4.217~1-8ae5]:main():lattice-best-path.cc:99) For utterance atai_396, best cost 41.9772 + -75.8403 = -33.8631 over 351 frames.
atai_396 бала аналхак 
LOG (lattice-best-path[5.4.217~1-8ae5]:main():lattice-best-path.cc:99) For utterance atai_397, best cost 88.7569 + -182.411 = -93.6546 over 728 frames.
atai_397 ого ал хх бирок <unk> эхин 
LOG (lattice-best-path[5.4.217~1-8ae5]:main():lattice-best-path.cc:99) For utterance atai_398, best cost 263.516 + -667.364 = -403.848 over 3019 frames.
atai_398 саха архив х танах бул хан <unk> исках хентрих керек хасан бала жерге болушат 
LOG (lattice-best-path[5.4.217~1-8ae5]:main():lattice-best-path.cc:99) For utterance atai_399, best cost 151.263 + -401.054 = -249.791 over 2026 frames.
atai_399 хх хинди хай харти учканда хан 
LOG (lattice-best-path[5.4.217~1-8ae5]:main():lattice-best-path.cc:99) For utterance atai_40, best cost 28.7135 + -66.7605 = -38.0469 over 269 frames.
atai_40 эхин 
LOG (lattice-best-path[5.4.217~1-8ae5]:main():lattice-best-path.cc:99) For utterance atai_400, best cost 72.0405 + -113.26 = -41.2197 over 450 frames.
atai_400 саат хой атаке хх 
LOG (lattice-best-path[5.4.217~1-8ae5]:main():lattice-best-path.cc:99) For utterance atai_401, best cost 26.0933 + -48.3718 = -22.2785 over 292 frames.
atai_401 хх 
LOG (lattice-best-path[5.4.217~1-8ae5]:main():lattice-best-path.cc:99) For utterance atai_402, best cost 75.4601 + -148.872 = -73.412 over 548 frames.
atai_402 бах бихар бети кайтарып 
LOG (lattice-best-path[5.4.217~1-8ae5]:main():lattice-best-path.cc:99) For utterance atai_403, best cost 141.332 + -351.159 = -209.827 over 1436 frames.
atai_403 саха колхоз кеткенин хи <unk> харахач хаты 
LOG (lattice-best-path[5.4.217~1-8ae5]:main():lattice-best-path.cc:99) For utterance atai_404, best cost 31.9922 + -79.8415 = -47.8493 over 353 frames.
atai_404 бахадыр 
LOG (lattice-best-path[5.4.217~1-8ae5]:main():lattice-best-path.cc:99) For utterance atai_405, best cost 56.4887 + -117.194 = -60.7057 over 435 frames.
atai_405 алдыда качан хх 
LOG (lattice-best-path[5.4.217~1-8ae5]:main():lattice-best-path.cc:99) For utterance atai_406, best cost 103.818 + -269.571 = -165.753 over 1250 frames.
atai_406 арх хен хан <unk> чахар 
LOG (lattice-best-path[5.4.217~1-8ae5]:main():lattice-best-path.cc:99) For utterance atai_407, best cost 249.865 + -613.024 = -363.159 over 2691 frames.
atai_407 күч архив хх хан бардыгында хх ахун бэйхэй <unk> алып хх эки хан ашхар 
LOG (lattice-best-path[5.4.217~1-8ae5]:main():lattice-best-path.cc:99) For utterance atai_408, best cost 142.437 + -244.622 = -102.185 over 969 frames.
atai_408 издегендиги халат сахих биздеги ата менен халат <unk> окуу <unk> 
LOG (lattice-best-path[5.4.217~1-8ae5]:main():lattice-best-path.cc:99) For utterance atai_409, best cost 25.3634 + -60.0826 = -34.7193 over 244 frames.
atai_409 хх 
LOG (lattice-best-path[5.4.217~1-8ae5]:main():lattice-best-path.cc:99) For utterance atai_41, best cost 124.533 + -253.476 = -128.943 over 1237 frames.
atai_41 ал хан өкүлү халы инсанда түндүк хх 
LOG (lattice-best-path[5.4.217~1-8ae5]:main():lattice-best-path.cc:99) For utterance atai_410, best cost 43.1361 + -77.8733 = -34.7372 over 308 frames.
atai_410 силер сахар 
LOG (lattice-best-path[5.4.217~1-8ae5]:main():lattice-best-path.cc:99) For utterance atai_411, best cost 35.0452 + -107.093 = -72.0477 over 494 frames.
atai_411 атахан 
LOG (lattice-best-path[5.4.217~1-8ae5]:main():lattice-best-path.cc:99) For utterance atai_412, best cost 37.4979 + -66.6471 = -29.1492 over 245 frames.
atai_412 ахвах келген 
LOG (lattice-best-path[5.4.217~1-8ae5]:main():lattice-best-path.cc:99) For utterance atai_413, best cost 55.3992 + -95.1911 = -39.7919 over 334 frames.
atai_413 ош таралган ахл 
LOG (lattice-best-path[5.4.217~1-8ae5]:main():lattice-best-path.cc:99) For utterance atai_414, best cost 82.0275 + -153.782 = -71.7549 over 608 frames.
atai_414 арх каршы биздин жер хаган 
LOG (lattice-best-path[5.4.217~1-8ae5]:main():lattice-best-path.cc:99) For utterance atai_415, best cost 85.1667 + -205.836 = -120.669 over 907 frames.
atai_415 бухара кошулганда айтылган ху 
LOG (lattice-best-path[5.4.217~1-8ae5]:main():lattice-best-path.cc:99) For utterance atai_416, best cost 105.984 + -232.495 = -126.512 over 1009 frames.
atai_416 алар шахты х карахан халха 
LOG (lattice-best-path[5.4.217~1-8ae5]:main():lattice-best-path.cc:99) For utterance atai_417, best cost 111 + -209.412 = -98.4115 over 850 frames.
atai_417 караганда хх <unk> жылдардын духка башында <unk> суу 
LOG (lattice-best-path[5.4.217~1-8ae5]:main():lattice-best-path.cc:99) For utterance atai_418, best cost 90.5657 + -252.986 = -162.42 over 1176 frames.
atai_418 хх бала жакындаганда хх 
LOG (lattice-best-path[5.4.217~1-8ae5]:main():lattice-best-path.cc:99) For utterance atai_419, best cost 103.298 + -203.173 = -99.8754 over 842 frames.
atai_419 эхин эр бихар <unk> х альманахка 
LOG (lattice-best-path[5.4.217~1-8ae5]:main():lattice-best-path.cc:99) For utterance atai_420, best cost 61.6983 + -117.925 = -56.2265 over 517 frames.
atai_420 хх билген саха 
LOG (lattice-best-path[5.4.217~1-8ae5]:main():lattice-best-path.cc:99) For utterance atai_421, best cost 46.2835 + -99.6758 = -53.3923 over 452 frames.
atai_421 <unk> сахна элек 
LOG (lattice-best-path[5.4.217~1-8ae5]:main():lattice-best-path.cc:99) For utterance atai_422, best cost 116.02 + -225.559 = -109.539 over 1019 frames.
atai_422 хен а сокол хх түрү менен орхон 
LOG (lattice-best-path[5.4.217~1-8ae5]:main():lattice-best-path.cc:99) For utterance atai_423, best cost 455.596 + -1041.64 = -586.042 over 4898 frames.
atai_423 хоох ахыска жер хх ху бирок түндөй хун ху анда ахун бухара өзүнө саха хетт <unk> бахус ханды ахват <unk> хандары хупер балх 
LOG (lattice-best-path[5.4.217~1-8ae5]:main():lattice-best-path.cc:99) For utterance atai_425, best cost 113.853 + -248.37 = -134.517 over 1075 frames.
atai_425 хх бахр <unk> ханы хан <unk> хентрих 
LOG (lattice-best-path[5.4.217~1-8ae5]:main():lattice-best-path.cc:99) For utterance atai_426, best cost 108.917 + -225.479 = -116.562 over 981 frames.
atai_426 хок эхин балдарды шарап хытай <unk> 
LOG (lattice-best-path[5.4.217~1-8ae5]:main():lattice-best-path.cc:99) For utterance atai_429, best cost 58.676 + -150.647 = -91.9714 over 597 frames.
atai_429 ал ху <unk> х 
LOG (lattice-best-path[5.4.217~1-8ae5]:main():lattice-best-path.cc:99) For utterance atai_43, best cost 30.3868 + -79.5215 = -49.1347 over 349 frames.
atai_43 хоох 
LOG (lattice-best-path[5.4.217~1-8ae5]:main():lattice-best-path.cc:99) For utterance atai_430, best cost 49.509 + -91.3268 = -41.8178 over 336 frames.
atai_430 бихар бир хх 
LOG (lattice-best-path[5.4.217~1-8ae5]:main():lattice-best-path.cc:99) For utterance atai_431, best cost 106.143 + -198.308 = -92.1655 over 763 frames.
atai_431 хоуп сахна тууганбай өзүн хор <unk> 
LOG (lattice-best-path[5.4.217~1-8ae5]:main():lattice-best-path.cc:99) For utterance atai_432, best cost 91.0957 + -153.241 = -62.1451 over 588 frames.
atai_432 хырхыз балдарды көтөрүп алдыда архив 
LOG (lattice-best-path[5.4.217~1-8ae5]:main():lattice-best-path.cc:99) For utterance atai_433, best cost 37.9594 + -81.0353 = -43.0758 over 321 frames.
atai_433 анын хх 
LOG (lattice-best-path[5.4.217~1-8ae5]:main():lattice-best-path.cc:99) For utterance atai_434, best cost 39.5088 + -74.8504 = -35.3416 over 275 frames.
atai_434 хх баштады 
LOG (lattice-best-path[5.4.217~1-8ae5]:main():lattice-best-path.cc:99) For utterance atai_435, best cost 20.9086 + -42.994 = -22.0855 over 197 frames.
atai_435 хан 
LOG (lattice-best-path[5.4.217~1-8ae5]:main():lattice-best-path.cc:99) For utterance atai_436, best cost 48.0854 + -109.515 = -61.4291 over 528 frames.
atai_436 х хасха 
LOG (lattice-best-path[5.4.217~1-8ae5]:main():lattice-best-path.cc:99) For utterance atai_437, best cost 26.0553 + -50.8312 = -24.7759 over 236 frames.
atai_437 хх 
LOG (lattice-best-path[5.4.217~1-8ae5]:main():lattice-best-path.cc:99) For utterance atai_439, best cost 43.5388 + -142.317 = -98.7785 over 766 frames.
atai_439 хайтахун 
LOG (lattice-best-path[5.4.217~1-8ae5]:main():lattice-best-path.cc:99) For utterance atai_44, best cost 23.6945 + -65.4686 = -41.7742 over 298 frames.
atai_44 х 
LOG (lattice-best-path[5.4.217~1-8ae5]:main():lattice-best-path.cc:99) For utterance atai_440, best cost 84.3938 + -217.781 = -133.388 over 1012 frames.
atai_440 ахвах <unk> халха хх 
LOG (lattice-best-path[5.4.217~1-8ae5]:main():lattice-best-path.cc:99) For utterance atai_441, best cost 131.377 + -293.457 = -162.08 over 1111 frames.
atai_441 бешинчи хан болгон этих элди х хан болушту 
LOG (lattice-best-path[5.4.217~1-8ae5]:main():lattice-best-path.cc:99) For utterance atai_443, best cost 27.7853 + -37.7588 = -9.97345 over 150 frames.
atai_443 бахадыр 
LOG (lattice-best-path[5.4.217~1-8ae5]:main():lattice-best-path.cc:99) For utterance atai_444, best cost 133.007 + -347.618 = -214.611 over 1475 frames.
atai_444 эхин балхашка хоуп <unk> архей саха 
LOG (lattice-best-path[5.4.217~1-8ae5]:main():lattice-best-path.cc:99) For utterance atai_445, best cost 613.619 + -1359.64 = -746.019 over 6040 frames.
atai_445 балхаш хоох жерди анхелъ ахи хан ахилл ех калха хан алып хан алар хх ханды хоуп хан ашкан <unk> бирок хандын кайыңдыдан жана х бах кайрадан жандана кезде бихар блахер жалгызбой менен эсепке берет 
LOG (lattice-best-path[5.4.217~1-8ae5]:main():lattice-best-path.cc:99) For utterance atai_446, best cost 212.977 + -370.379 = -157.402 over 1480 frames.
atai_446 хх хнх экендиги өзү хнх ошол кебете тандалып турушкан бахр айдалган хок 
LOG (lattice-best-path[5.4.217~1-8ae5]:main():lattice-best-path.cc:99) For utterance atai_447, best cost 123.961 + -310.804 = -186.843 over 1457 frames.
atai_447 ех <unk> хан хен булар хэ 
LOG (lattice-best-path[5.4.217~1-8ae5]:main():lattice-best-path.cc:99) For utterance atai_448, best cost 332.257 + -820.832 = -488.575 over 3898 frames.
atai_448 халат хх хоох хорда хошут хахпына этих жавахир ат хан <unk> алар башкалар хамза аны күн ахват 
LOG (lattice-best-path[5.4.217~1-8ae5]:main():lattice-best-path.cc:99) For utterance atai_449, best cost 167.434 + -346.682 = -179.249 over 1461 frames.
atai_449 ахайя <unk> хүү хэ хэ менен көркү эл менен заттарды 
LOG (lattice-best-path[5.4.217~1-8ae5]:main():lattice-best-path.cc:99) For utterance atai_45, best cost 36.3381 + -104.271 = -67.9329 over 565 frames.
atai_45 харди 
LOG (lattice-best-path[5.4.217~1-8ae5]:main():lattice-best-path.cc:99) For utterance atai_450, best cost 177.714 + -401.06 = -223.346 over 1865 frames.
atai_450 ахват <unk> хасха блахер халат блахер <unk> хакас талхан 
LOG (lattice-best-path[5.4.217~1-8ae5]:main():lattice-best-path.cc:99) For utterance atai_451, best cost 30.5049 + -67.9217 = -37.4168 over 368 frames.
atai_451 ху 
LOG (lattice-best-path[5.4.217~1-8ae5]:main():lattice-best-path.cc:99) For utterance atai_452, best cost 732.973 + -1404.95 = -671.974 over 5764 frames.
atai_452 али <unk> кырка хи хайдан көбүнчө хонгха сабах хуанхэ эхо тыныбек байланышы катышта кетиши анын караевге хэ хаты хоуп бох <unk> хоуп халат башка жаманчылык түшүндө ээрчиген хен бох хх журт алганда тарых <unk> ху анын эхо ошол жанжүк алганда хан анда хх 
LOG (lattice-best-path[5.4.217~1-8ae5]:main():lattice-best-path.cc:99) For utterance atai_453, best cost 30.6165 + -78.7557 = -48.1393 over 340 frames.
atai_453 хаты 
LOG (lattice-best-path[5.4.217~1-8ae5]:main():lattice-best-path.cc:99) For utterance atai_454, best cost 253.376 + -481.487 = -228.111 over 2094 frames.
atai_454 хх бүлө менен өзү айлана хан карата хета башкалар айкашкан алдынча хан ашка монарх эмес хан 
LOG (lattice-best-path[5.4.217~1-8ae5]:main():lattice-best-path.cc:99) For utterance atai_455, best cost 106.814 + -168.324 = -61.5099 over 619 frames.
atai_455 бухта себеп эсин ажыраган албай данху 
LOG (lattice-best-path[5.4.217~1-8ae5]:main():lattice-best-path.cc:99) For utterance atai_456, best cost 46.6954 + -80.6229 = -33.9275 over 405 frames.
atai_456 хан хнх 
LOG (lattice-best-path[5.4.217~1-8ae5]:main():lattice-best-path.cc:99) For utterance atai_458, best cost 144.658 + -352.089 = -207.431 over 1667 frames.
atai_458 хан жана келишим хан хакас баласы хуанхэ ишти 
LOG (lattice-best-path[5.4.217~1-8ae5]:main():lattice-best-path.cc:99) For utterance atai_46, best cost 223.568 + -489.481 = -265.913 over 2069 frames.
atai_46 <unk> х семих ал кезде жаткан халухи турганда бах кара хванхэ көлөкөсүн ахмад 
LOG (lattice-best-path[5.4.217~1-8ae5]:main():lattice-best-path.cc:99) For utterance atai_460, best cost 35.3379 + -104.061 = -68.7228 over 559 frames.
atai_460 сабах 
LOG (lattice-best-path[5.4.217~1-8ae5]:main():lattice-best-path.cc:99) For utterance atai_461, best cost 83.3553 + -164.441 = -81.0862 over 648 frames.
atai_461 билесиң да анын халха хх 
LOG (lattice-best-path[5.4.217~1-8ae5]:main():lattice-best-path.cc:99) For utterance atai_462, best cost 46.072 + -89.2807 = -43.2087 over 355 frames.
atai_462 ахси хаты 
LOG (lattice-best-path[5.4.217~1-8ae5]:main():lattice-best-path.cc:99) For utterance atai_464, best cost 75.8664 + -117.721 = -41.8547 over 430 frames.
atai_464 комуз колуна эне тарых хх 
LOG (lattice-best-path[5.4.217~1-8ae5]:main():lattice-best-path.cc:99) For utterance atai_465, best cost 26.7839 + -49.2247 = -22.4408 over 224 frames.
atai_465 хаты 
LOG (lattice-best-path[5.4.217~1-8ae5]:main():lattice-best-path.cc:99) For utterance atai_466, best cost 23.7131 + -36.2264 = -12.5134 over 174 frames.
atai_466 хан <unk> 
LOG (lattice-best-path[5.4.217~1-8ae5]:main():lattice-best-path.cc:99) For utterance atai_467, best cost 70.6468 + -132.711 = -62.0645 over 620 frames.
atai_467 саха хан х институту 
LOG (lattice-best-path[5.4.217~1-8ae5]:main():lattice-best-path.cc:99) For utterance atai_468, best cost 26.302 + -37.9989 = -11.6969 over 174 frames.
atai_468 ахмадды 
LOG (lattice-best-path[5.4.217~1-8ae5]:main():lattice-best-path.cc:99) For utterance atai_469, best cost 76.4144 + -124.84 = -48.4257 over 465 frames.
atai_469 хнх эхин эле калган ашып 
LOG (lattice-best-path[5.4.217~1-8ae5]:main():lattice-best-path.cc:99) For utterance atai_471, best cost 56.4891 + -84.5975 = -28.1084 over 335 frames.
atai_471 бирок ачех кадимки 
LOG (lattice-best-path[5.4.217~1-8ae5]:main():lattice-best-path.cc:99) For utterance atai_472, best cost 31.9803 + -50.3693 = -18.389 over 175 frames.
atai_472 бала келди 
LOG (lattice-best-path[5.4.217~1-8ae5]:main():lattice-best-path.cc:99) For utterance atai_473, best cost 56.4858 + -93.0793 = -36.5935 over 380 frames.
atai_473 комуз хх <unk> хх 
LOG (lattice-best-path[5.4.217~1-8ae5]:main():lattice-best-path.cc:99) For utterance atai_474, best cost 26.7297 + -47.4806 = -20.7508 over 205 frames.
atai_474 сахар 
LOG (lattice-best-path[5.4.217~1-8ae5]:main():lattice-best-path.cc:99) For utterance atai_475, best cost 52.9203 + -129.068 = -76.1476 over 513 frames.
atai_475 <unk> хан атахан 
LOG (lattice-best-path[5.4.217~1-8ae5]:main():lattice-best-path.cc:99) For utterance atai_476, best cost 130.653 + -236.31 = -105.657 over 975 frames.
atai_476 <unk> хабаш сахнаны тарых эки актан унутуп хх 
LOG (lattice-best-path[5.4.217~1-8ae5]:main():lattice-best-path.cc:99) For utterance atai_477, best cost 251.366 + -465.528 = -214.162 over 1891 frames.
atai_477 ашка хх <unk> холстун да тамаша ысык жаткан каховка хан бронханын тарых хх айтып <unk> ахси 
LOG (lattice-best-path[5.4.217~1-8ae5]:main():lattice-best-path.cc:99) For utterance atai_478, best cost 166.459 + -309.343 = -142.884 over 1463 frames.
atai_478 хх бабадан салуу <unk> халха комуз хаты ахи хи 
LOG (lattice-best-path[5.4.217~1-8ae5]:main():lattice-best-path.cc:99) For utterance atai_48, best cost 202.761 + -407.952 = -205.191 over 1815 frames.
atai_48 бурулчаны тануу чыгып нахи аны хинди <unk> болуу рх хх эхин эле 
LOG (lattice-best-path[5.4.217~1-8ae5]:main():lattice-best-path.cc:99) For utterance atai_480, best cost 104.332 + -216.108 = -111.776 over 968 frames.
atai_480 халха ал хоуп комуз хванхэ 
LOG (lattice-best-path[5.4.217~1-8ae5]:main():lattice-best-path.cc:99) For utterance atai_481, best cost 98.5669 + -176.937 = -78.3698 over 728 frames.
atai_481 отуруп эми түрдүү бахр анын харти 
LOG (lattice-best-path[5.4.217~1-8ae5]:main():lattice-best-path.cc:99) For utterance atai_482, best cost 57.3245 + -148.744 = -91.4196 over 759 frames.
atai_482 хх хнх 
LOG (lattice-best-path[5.4.217~1-8ae5]:main():lattice-best-path.cc:99) For utterance atai_484, best cost 80.6439 + -197.572 = -116.928 over 1022 frames.
atai_484 ахвах хх ахл 
LOG (lattice-best-path[5.4.217~1-8ae5]:main():lattice-best-path.cc:99) For utterance atai_485, best cost 23.4413 + -38.9642 = -15.5229 over 182 frames.
atai_485 хх 
LOG (lattice-best-path[5.4.217~1-8ae5]:main():lattice-best-path.cc:99) For utterance atai_486, best cost 47.8852 + -85.4557 = -37.5704 over 388 frames.
atai_486 ахун бухтасы 
LOG (lattice-best-path[5.4.217~1-8ae5]:main():lattice-best-path.cc:99) For utterance atai_487, best cost 113.882 + -261.571 = -147.69 over 1145 frames.
atai_487 балх ээси чехтер хоох атахан 
LOG (lattice-best-path[5.4.217~1-8ae5]:main():lattice-best-path.cc:99) For utterance atai_489, best cost 52.62 + -123.97 = -71.3499 over 507 frames.
atai_489 хванхэ <unk> болуп <unk> 
LOG (lattice-best-path[5.4.217~1-8ae5]:main():lattice-best-path.cc:99) For utterance atai_49, best cost 28.747 + -51.4209 = -22.6738 over 206 frames.
atai_49 <unk> келгенде 
LOG (lattice-best-path[5.4.217~1-8ae5]:main():lattice-best-path.cc:99) For utterance atai_490, best cost 78.0446 + -139.64 = -61.5957 over 606 frames.
atai_490 анын айрым болгон соң балхты 
LOG (lattice-best-path[5.4.217~1-8ae5]:main():lattice-best-path.cc:99) For utterance atai_491, best cost 36.2897 + -104.566 = -68.2759 over 520 frames.
atai_491 хх 
LOG (lattice-best-path[5.4.217~1-8ae5]:main():lattice-best-path.cc:99) For utterance atai_492, best cost 36.2078 + -63.7536 = -27.5458 over 265 frames.
atai_492 бул хи 
LOG (lattice-best-path[5.4.217~1-8ae5]:main():lattice-best-path.cc:99) For utterance atai_493, best cost 145.119 + -318.967 = -173.848 over 1294 frames.
atai_493 хнх касиети хасха атахан тагай балким балх 
LOG (lattice-best-path[5.4.217~1-8ae5]:main():lattice-best-path.cc:99) For utterance atai_494, best cost 220.125 + -486.449 = -266.324 over 2158 frames.
atai_494 <unk> хоох өтө менен башка хулу хошут жахан эле эми ошол хайтахун <unk> хит 
LOG (lattice-best-path[5.4.217~1-8ae5]:main():lattice-best-path.cc:99) For utterance atai_495, best cost 57.9879 + -136.925 = -78.9369 over 757 frames.
atai_495 ахвах жахан 
LOG (lattice-best-path[5.4.217~1-8ae5]:main():lattice-best-path.cc:99) For utterance atai_497, best cost 223.987 + -394.456 = -170.47 over 1446 frames.
atai_497 ата хакас менен же кеткен ансельм чыгыш рх бирок баланын көрүндү анхра хор кереметтүү хандын 
LOG (lattice-best-path[5.4.217~1-8ae5]:main():lattice-best-path.cc:99) For utterance atai_498, best cost 106.419 + -188.069 = -81.6504 over 755 frames.
atai_498 талас хэ хол аны халухи бахр 
LOG (lattice-best-path[5.4.217~1-8ae5]:main():lattice-best-path.cc:99) For utterance atai_499, best cost 34.3617 + -99.165 = -64.8033 over 475 frames.
atai_499 хнх 
LOG (lattice-best-path[5.4.217~1-8ae5]:main():lattice-best-path.cc:99) For utterance atai_50, best cost 76.9372 + -127.845 = -50.9083 over 513 frames.
atai_50 хан ти ал ой крепостной 
LOG (lattice-best-path[5.4.217~1-8ae5]:main():lattice-best-path.cc:99) For utterance atai_500, best cost 111.543 + -192.675 = -81.1323 over 848 frames.
atai_500 ахл бош ханы хандыгы хедер колхоз 
LOG (lattice-best-path[5.4.217~1-8ae5]:main():lattice-best-path.cc:99) For utterance atai_501, best cost 165.191 + -340.782 = -175.591 over 1352 frames.
atai_501 хнх мына ал хэ <unk> хх бедели бири ата ээ хх 
LOG (lattice-best-path[5.4.217~1-8ae5]:main():lattice-best-path.cc:99) For utterance atai_502, best cost 127.249 + -235.617 = -108.368 over 889 frames.
atai_502 атахан бир ганхүү анын тарыхында алып азыр биз <unk> 
LOG (lattice-best-path[5.4.217~1-8ae5]:main():lattice-best-path.cc:99) For utterance atai_503, best cost 185.399 + -333.551 = -148.152 over 1294 frames.
atai_503 арахис ал хх айбандардын куштардын сезгениши сахих аны күч албайт эле 
LOG (lattice-best-path[5.4.217~1-8ae5]:main():lattice-best-path.cc:99) For utterance atai_504, best cost 98.8291 + -244.409 = -145.58 over 1286 frames.
atai_504 хан туу а эми хай 
LOG (lattice-best-path[5.4.217~1-8ae5]:main():lattice-best-path.cc:99) For utterance atai_505, best cost 78.2986 + -142.755 = -64.4565 over 572 frames.
atai_505 окуусу айкын кетментөбөдө хан 
LOG (lattice-best-path[5.4.217~1-8ae5]:main():lattice-best-path.cc:99) For utterance atai_506, best cost 54.8676 + -84.0913 = -29.2238 over 322 frames.
atai_506 бирок ал кыз хх 
LOG (lattice-best-path[5.4.217~1-8ae5]:main():lattice-best-path.cc:99) For utterance atai_507, best cost 39.2768 + -87.272 = -47.9952 over 305 frames.
atai_507 эч месхет 
LOG (lattice-best-path[5.4.217~1-8ae5]:main():lattice-best-path.cc:99) For utterance atai_508, best cost 257.763 + -489.534 = -231.772 over 2110 frames.
atai_508 алар хен де адатынча аттан <unk> <unk> баатырдын ахл бул анын анда хх мүнөзүндө хх ахвах 
LOG (lattice-best-path[5.4.217~1-8ae5]:main():lattice-best-path.cc:99) For utterance atai_509, best cost 120.783 + -253.938 = -133.155 over 1133 frames.
atai_509 жана хунду жердикти гандах хыргыс ху 
LOG (lattice-best-path[5.4.217~1-8ae5]:main():lattice-best-path.cc:99) For utterance atai_51, best cost 133.12 + -287.802 = -154.682 over 1198 frames.
atai_51 археологу аны хор отурганда байкап тапкан хан 
LOG (lattice-best-path[5.4.217~1-8ae5]:main():lattice-best-path.cc:99) For utterance atai_511, best cost 164.544 + -374.133 = -209.589 over 1533 frames.
atai_511 хнх бронх жакындаганда аталган кеткенде ахвах атасы ахун 
LOG (lattice-best-path[5.4.217~1-8ae5]:main():lattice-best-path.cc:99) For utterance atai_512, best cost 28.5601 + -55.6519 = -27.0917 over 241 frames.
atai_512 хошоут 
LOG (lattice-best-path[5.4.217~1-8ae5]:main():lattice-best-path.cc:99) For utterance atai_514, best cost 81.7969 + -155.246 = -73.4488 over 711 frames.
atai_514 ахвалда мына өрөөн этих 
LOG (lattice-best-path[5.4.217~1-8ae5]:main():lattice-best-path.cc:99) For utterance atai_516, best cost 36.0656 + -116.359 = -80.2934 over 540 frames.
atai_516 халха 
LOG (lattice-best-path[5.4.217~1-8ae5]:main():lattice-best-path.cc:99) For utterance atai_517, best cost 33.6146 + -58.2508 = -24.6362 over 276 frames.
atai_517 бул хан 
LOG (lattice-best-path[5.4.217~1-8ae5]:main():lattice-best-path.cc:99) For utterance atai_518, best cost 104.605 + -182.98 = -78.3751 over 761 frames.
atai_518 хетт <unk> абасы хнх жердин аймагында 
LOG (lattice-best-path[5.4.217~1-8ae5]:main():lattice-best-path.cc:99) For utterance atai_519, best cost 64.6008 + -93.4237 = -28.8229 over 363 frames.
atai_519 бул бухара турган оденсе 
LOG (lattice-best-path[5.4.217~1-8ae5]:main():lattice-best-path.cc:99) For utterance atai_52, best cost 57.0311 + -93.4301 = -36.399 over 362 frames.
atai_52 тамак өртүндө хх 
LOG (lattice-best-path[5.4.217~1-8ae5]:main():lattice-best-path.cc:99) For utterance atai_520, best cost 49.9897 + -67.1017 = -17.112 over 248 frames.
atai_520 семетейдин тулпарынын жай 
LOG (lattice-best-path[5.4.217~1-8ae5]:main():lattice-best-path.cc:99) For utterance atai_521, best cost 244.124 + -452.815 = -208.69 over 1895 frames.
atai_521 хх хентрих ат арх <unk> кылат хх болгон хэ экөө хан экен хан болуп аталып калган 
LOG (lattice-best-path[5.4.217~1-8ae5]:main():lattice-best-path.cc:99) For utterance atai_522, best cost 163.536 + -321.969 = -158.432 over 1426 frames.
atai_522 саха алхимик хенри химиктери ортосундагы барып жалпы болуп хан 
LOG (lattice-best-path[5.4.217~1-8ae5]:main():lattice-best-path.cc:99) For utterance atai_523, best cost 24.8091 + -57.953 = -33.144 over 297 frames.
atai_523 хан 
LOG (lattice-best-path[5.4.217~1-8ae5]:main():lattice-best-path.cc:99) For utterance atai_524, best cost 45.8738 + -74.2146 = -28.3408 over 285 frames.
atai_524 анхум башка суу 
LOG (lattice-best-path[5.4.217~1-8ae5]:main():lattice-best-path.cc:99) For utterance atai_525, best cost 25.6277 + -59.4935 = -33.8658 over 339 frames.
atai_525 х 
LOG (lattice-best-path[5.4.217~1-8ae5]:main():lattice-best-path.cc:99) For utterance atai_526, best cost 34.5131 + -66.7849 = -32.2718 over 279 frames.
atai_526 <unk> хентрих 
LOG (lattice-best-path[5.4.217~1-8ae5]:main():lattice-best-path.cc:99) For utterance atai_528, best cost 20.776 + -27.3558 = -6.57978 over 104 frames.
atai_528 х 
LOG (lattice-best-path[5.4.217~1-8ae5]:main():lattice-best-path.cc:99) For utterance atai_53, best cost 42.9608 + -97.049 = -54.0882 over 423 frames.
atai_53 жакшыртуу хэ 
LOG (lattice-best-path[5.4.217~1-8ae5]:main():lattice-best-path.cc:99) For utterance atai_530, best cost 65.7221 + -151.446 = -85.7235 over 580 frames.
atai_530 <unk> хан бар хванхэ 
LOG (lattice-best-path[5.4.217~1-8ae5]:main():lattice-best-path.cc:99) For utterance atai_531, best cost 51.5025 + -106.128 = -54.6254 over 520 frames.
atai_531 анхелъ ахун 
LOG (lattice-best-path[5.4.217~1-8ae5]:main():lattice-best-path.cc:99) For utterance atai_532, best cost 95.3657 + -217.272 = -121.906 over 1000 frames.
atai_532 х хен айлана ахл <unk> 
LOG (lattice-best-path[5.4.217~1-8ae5]:main():lattice-best-path.cc:99) For utterance atai_533, best cost 176.789 + -391.394 = -214.605 over 1797 frames.
atai_533 алар хуту келип ал жак тарыхы хан хх жантакбай ху 
LOG (lattice-best-path[5.4.217~1-8ae5]:main():lattice-best-path.cc:99) For utterance atai_534, best cost 164.216 + -294.251 = -130.035 over 1189 frames.
atai_534 хентрих хазар тынды чыгат балхадагы алган көндүрүп ал хан 
LOG (lattice-best-path[5.4.217~1-8ae5]:main():lattice-best-path.cc:99) For utterance atai_535, best cost 32.7661 + -91.4804 = -58.7143 over 393 frames.
atai_535 атахан 
LOG (lattice-best-path[5.4.217~1-8ae5]:main():lattice-best-path.cc:99) For utterance atai_536, best cost 169.736 + -341.018 = -171.282 over 1478 frames.
atai_536 хх бах бирөөндө жалпы хан <unk> чехонь андан ошол сахар 
LOG (lattice-best-path[5.4.217~1-8ae5]:main():lattice-best-path.cc:99) For utterance atai_537, best cost 33.3892 + -68.4291 = -35.0399 over 420 frames.
atai_537 ху 
LOG (lattice-best-path[5.4.217~1-8ae5]:main():lattice-best-path.cc:99) For utterance atai_538, best cost 64.2637 + -191.42 = -127.156 over 1001 frames.
atai_538 хнх хх 
LOG (lattice-best-path[5.4.217~1-8ae5]:main():lattice-best-path.cc:99) For utterance atai_539, best cost 106.438 + -159.617 = -53.179 over 561 frames.
atai_539 бирок жантакбай дегендерге анхелъ дегенде келтирүү 
LOG (lattice-best-path[5.4.217~1-8ae5]:main():lattice-best-path.cc:99) For utterance atai_54, best cost 111.717 + -223.255 = -111.538 over 939 frames.
atai_54 эки ханды халха карап тын тушка <unk> 
LOG (lattice-best-path[5.4.217~1-8ae5]:main():lattice-best-path.cc:99) For utterance atai_540, best cost 40.548 + -102.195 = -61.6465 over 452 frames.
atai_540 ал халха 
LOG (lattice-best-path[5.4.217~1-8ae5]:main():lattice-best-path.cc:99) For utterance atai_541, best cost 32.2011 + -79.2633 = -47.0622 over 389 frames.
atai_541 ахмет 
LOG (lattice-best-path[5.4.217~1-8ae5]:main():lattice-best-path.cc:99) For utterance atai_544, best cost 92.3314 + -174.878 = -82.5464 over 752 frames.
atai_544 ал хи бухара деп анын ханыша 
LOG (lattice-best-path[5.4.217~1-8ae5]:main():lattice-best-path.cc:99) For utterance atai_545, best cost 122.063 + -236.582 = -114.519 over 1144 frames.
atai_545 халухи ак экенин тагай эки чыгып хх 
LOG (lattice-best-path[5.4.217~1-8ae5]:main():lattice-best-path.cc:99) For utterance atai_546, best cost 97.9107 + -151.324 = -53.4132 over 577 frames.
atai_546 атынан <unk> орхон экинчи танах хырхыр 
LOG (lattice-best-path[5.4.217~1-8ae5]:main():lattice-best-path.cc:99) For utterance atai_547, best cost 62.6784 + -112.695 = -50.0168 over 488 frames.
atai_547 бирок этих тахт 
LOG (lattice-best-path[5.4.217~1-8ae5]:main():lattice-best-path.cc:99) For utterance atai_548, best cost 23.8853 + -42.7387 = -18.8534 over 194 frames.
atai_548 хх 
LOG (lattice-best-path[5.4.217~1-8ae5]:main():lattice-best-path.cc:99) For utterance atai_549, best cost 21.9109 + -24.2677 = -2.35676 over 90 frames.
atai_549 бах 
LOG (lattice-best-path[5.4.217~1-8ae5]:main():lattice-best-path.cc:99) For utterance atai_55, best cost 44.7693 + -113.136 = -68.3665 over 511 frames.
atai_55 х хан 
LOG (lattice-best-path[5.4.217~1-8ae5]:main():lattice-best-path.cc:99) For utterance atai_551, best cost 41.656 + -84.3306 = -42.6747 over 486 frames.
atai_551 хан турат 
LOG (lattice-best-path[5.4.217~1-8ae5]:main():lattice-best-path.cc:99) For utterance atai_552, best cost 174.231 + -372.686 = -198.455 over 1758 frames.
atai_552 хх айланасында хнх хай халха хан эркин менен хх 
LOG (lattice-best-path[5.4.217~1-8ae5]:main():lattice-best-path.cc:99) For utterance atai_554, best cost 42.6105 + -105.246 = -62.6353 over 484 frames.
atai_554 жана халха 
LOG (lattice-best-path[5.4.217~1-8ae5]:main():lattice-best-path.cc:99) For utterance atai_555, best cost 103.408 + -173.942 = -70.5338 over 703 frames.
atai_555 х эмес жантакпай хасха баланын <unk> хан 
LOG (lattice-best-path[5.4.217~1-8ae5]:main():lattice-best-path.cc:99) For utterance atai_556, best cost 32.1587 + -81.4581 = -49.2994 over 327 frames.
atai_556 ахвах 
LOG (lattice-best-path[5.4.217~1-8ae5]:main():lattice-best-path.cc:99) For utterance atai_560, best cost 48.0969 + -62.1718 = -14.0749 over 254 frames.
atai_560 хойдун <unk> <unk> ка 
LOG (lattice-best-path[5.4.217~1-8ae5]:main():lattice-best-path.cc:99) For utterance atai_561, best cost 240.929 + -432.874 = -191.945 over 1753 frames.
atai_561 эмес хх ат тажихан катх <unk> хх хх жихад алып эле жаткандарды таанып <unk> алып <unk> хасха 
LOG (lattice-best-path[5.4.217~1-8ae5]:main():lattice-best-path.cc:99) For utterance atai_563, best cost 43.2455 + -135.315 = -92.0691 over 716 frames.
atai_563 халха 
LOG (lattice-best-path[5.4.217~1-8ae5]:main():lattice-best-path.cc:99) For utterance atai_564, best cost 360.849 + -781.423 = -420.574 over 3532 frames.
atai_564 анын хайда хельсинки <unk> алдын колхоз чалып бэкхем элденбиз эле хан халха ху хнх халха каховка атахан күчүнө <unk> эмес 
LOG (lattice-best-path[5.4.217~1-8ae5]:main():lattice-best-path.cc:99) For utterance atai_565, best cost 100.644 + -276.074 = -175.43 over 1078 frames.
atai_565 алар хи хан аналхакты хан 
LOG (lattice-best-path[5.4.217~1-8ae5]:main():lattice-best-path.cc:99) For utterance atai_566, best cost 81.1187 + -191.134 = -110.016 over 804 frames.
atai_566 хх эки көзү билим анда 
LOG (lattice-best-path[5.4.217~1-8ae5]:main():lattice-best-path.cc:99) For utterance atai_567, best cost 37.4584 + -110.123 = -72.6643 over 480 frames.
atai_567 ахвах 
LOG (lattice-best-path[5.4.217~1-8ae5]:main():lattice-best-path.cc:99) For utterance atai_568, best cost 73.7754 + -182.163 = -108.388 over 842 frames.
atai_568 хоох хх х 
LOG (lattice-best-path[5.4.217~1-8ae5]:main():lattice-best-path.cc:99) For utterance atai_569, best cost 61.9804 + -123.146 = -61.1652 over 557 frames.
atai_569 ахи өзалдынча х 
LOG (lattice-best-path[5.4.217~1-8ae5]:main():lattice-best-path.cc:99) For utterance atai_57, best cost 62.3662 + -118.389 = -56.0233 over 542 frames.
atai_57 түрүндө серхио ех 
LOG (lattice-best-path[5.4.217~1-8ae5]:main():lattice-best-path.cc:99) For utterance atai_570, best cost 161.463 + -319.452 = -157.988 over 1318 frames.
atai_570 этин хандын хамзах бухайдын эми анын харта халха келгенде 
LOG (lattice-best-path[5.4.217~1-8ae5]:main():lattice-best-path.cc:99) For utterance atai_571, best cost 241.493 + -532.89 = -291.397 over 2383 frames.
atai_571 жетимиш анхелъ хатта хи менчикке м хан хх <unk> атасынын <unk> хх <unk> хх хэ 
LOG (lattice-best-path[5.4.217~1-8ae5]:main():lattice-best-path.cc:99) For utterance atai_574, best cost 166.029 + -431.633 = -265.604 over 2170 frames.
atai_574 хуанхэ хуанхэ ху хх башка хх хх 
LOG (lattice-best-path[5.4.217~1-8ae5]:main():lattice-best-path.cc:99) For utterance atai_575, best cost 34.2658 + -96.7958 = -62.5301 over 485 frames.
atai_575 хх 
LOG (lattice-best-path[5.4.217~1-8ae5]:main():lattice-best-path.cc:99) For utterance atai_576, best cost 145.812 + -209.582 = -63.7697 over 779 frames.
atai_576 махал өз халухи ар учурда эчки менен ошол ортосуна <unk> хх 
LOG (lattice-best-path[5.4.217~1-8ae5]:main():lattice-best-path.cc:99) For utterance atai_577, best cost 98.3623 + -212.399 = -114.037 over 961 frames.
atai_577 атахан ханка рух анын хан 
LOG (lattice-best-path[5.4.217~1-8ae5]:main():lattice-best-path.cc:99) For utterance atai_578, best cost 69.4402 + -131.414 = -61.9736 over 637 frames.
atai_578 ахмед эхин атахан 
LOG (lattice-best-path[5.4.217~1-8ae5]:main():lattice-best-path.cc:99) For utterance atai_579, best cost 69.3845 + -141.487 = -72.103 over 677 frames.
atai_579 <unk> колго гандах хакас 
LOG (lattice-best-path[5.4.217~1-8ae5]:main():lattice-best-path.cc:99) For utterance atai_58, best cost 157.461 + -325.514 = -168.053 over 1355 frames.
atai_58 анын көз ашында хлор мохок ахи хуанхэ анхелъ <unk> 
LOG (lattice-best-path[5.4.217~1-8ae5]:main():lattice-best-path.cc:99) For utterance atai_580, best cost 22.5044 + -39.0338 = -16.5294 over 178 frames.
atai_580 хх 
LOG (lattice-best-path[5.4.217~1-8ae5]:main():lattice-best-path.cc:99) For utterance atai_581, best cost 25.2695 + -43.2951 = -18.0256 over 183 frames.
atai_581 хх 
LOG (lattice-best-path[5.4.217~1-8ae5]:main():lattice-best-path.cc:99) For utterance atai_582, best cost 47.6417 + -117.242 = -69.6007 over 540 frames.
atai_582 ахи хан 
LOG (lattice-best-path[5.4.217~1-8ae5]:main():lattice-best-path.cc:99) For utterance atai_583, best cost 31.9704 + -80.2468 = -48.2764 over 393 frames.
atai_583 этих 
LOG (lattice-best-path[5.4.217~1-8ae5]:main():lattice-best-path.cc:99) For utterance atai_585, best cost 62.5835 + -127.394 = -64.8108 over 514 frames.
atai_585 хэ орун эми жок 
LOG (lattice-best-path[5.4.217~1-8ae5]:main():lattice-best-path.cc:99) For utterance atai_586, best cost 58.6697 + -114.335 = -55.6652 over 450 frames.
atai_586 баланын хх хх 
LOG (lattice-best-path[5.4.217~1-8ae5]:main():lattice-best-path.cc:99) For utterance atai_587, best cost 67.2464 + -162.528 = -95.2816 over 705 frames.
atai_587 хнх болбосо хуанхэ 
LOG (lattice-best-path[5.4.217~1-8ae5]:main():lattice-best-path.cc:99) For utterance atai_588, best cost 57.9041 + -79.861 = -21.9569 over 308 frames.
atai_588 х бала ошондой хх 
LOG (lattice-best-path[5.4.217~1-8ae5]:main():lattice-best-path.cc:99) For utterance atai_590, best cost 84.7918 + -151.818 = -67.0264 over 700 frames.
atai_590 комуз хх жихад жана хх 
LOG (lattice-best-path[5.4.217~1-8ae5]:main():lattice-best-path.cc:99) For utterance atai_591, best cost 57.4388 + -161.501 = -104.062 over 778 frames.
atai_591 хамзах хан 
LOG (lattice-best-path[5.4.217~1-8ae5]:main():lattice-best-path.cc:99) For utterance atai_592, best cost 123.352 + -225.9 = -102.548 over 915 frames.
atai_592 кокусунан башка хи көөхар хан эс хоуп 
LOG (lattice-best-path[5.4.217~1-8ae5]:main():lattice-best-path.cc:99) For utterance atai_593, best cost 97.1706 + -164.921 = -67.7509 over 624 frames.
atai_593 ханы менен аты чак комуздун ху 
LOG (lattice-best-path[5.4.217~1-8ae5]:main():lattice-best-path.cc:99) For utterance atai_594, best cost 212.811 + -438.548 = -225.737 over 1893 frames.
atai_594 хоуп хи көнүгөт хамзах элди хх колуна эмне андан кан белгисиз х 
LOG (lattice-best-path[5.4.217~1-8ae5]:main():lattice-best-path.cc:99) For utterance atai_595, best cost 28.349 + -38.8208 = -10.4718 over 214 frames.
atai_595 хен 
LOG (lattice-best-path[5.4.217~1-8ae5]:main():lattice-best-path.cc:99) For utterance atai_596, best cost 23.9558 + -50.2606 = -26.3049 over 212 frames.
atai_596 хх 
LOG (lattice-best-path[5.4.217~1-8ae5]:main():lattice-best-path.cc:99) For utterance atai_597, best cost 30.3398 + -52.7275 = -22.3877 over 215 frames.
atai_597 бирок болуп 
LOG (lattice-best-path[5.4.217~1-8ae5]:main():lattice-best-path.cc:99) For utterance atai_598, best cost 182.115 + -334.578 = -152.463 over 1213 frames.
atai_598 кан бахр эчкилүү эле комуз хан буудайдын ашып эхин канжол хх 
LOG (lattice-best-path[5.4.217~1-8ae5]:main():lattice-best-path.cc:99) For utterance atai_599, best cost 31.3575 + -75.3676 = -44.0101 over 302 frames.
atai_599 <unk> мех 
LOG (lattice-best-path[5.4.217~1-8ae5]:main():lattice-best-path.cc:99) For utterance atai_600, best cost 49.1872 + -130.937 = -81.7495 over 532 frames.
atai_600 хи ахун 
LOG (lattice-best-path[5.4.217~1-8ae5]:main():lattice-best-path.cc:99) For utterance atai_601, best cost 526.042 + -1192.31 = -666.266 over 5487 frames.
atai_601 кайдан ахун комузду субальп анын хоох эхо ахмед эмес хоуп өзү халеп ахун хх <unk> х бах калышат хан хх без хх халха кандайдыр башка хрен бул хандын 
LOG (lattice-best-path[5.4.217~1-8ae5]:main():lattice-best-path.cc:99) For utterance atai_602, best cost 156.269 + -403.492 = -247.223 over 2059 frames.
atai_602 хан келип хим ал анхра капка хан <unk> 
LOG (lattice-best-path[5.4.217~1-8ae5]:main():lattice-best-path.cc:99) For utterance atai_603, best cost 42.9855 + -75.5497 = -32.5643 over 339 frames.
atai_603 х хсс 
LOG (lattice-best-path[5.4.217~1-8ae5]:main():lattice-best-path.cc:99) For utterance atai_604, best cost 157.451 + -283.544 = -126.093 over 1174 frames.
atai_604 ахвах албай жана хасан ахлак турган бирок аларды да хентрих 
LOG (lattice-best-path[5.4.217~1-8ae5]:main():lattice-best-path.cc:99) For utterance atai_605, best cost 125.072 + -259.346 = -134.274 over 1132 frames.
atai_605 болжол хан алып эле менен хх карын <unk> калды 
LOG (lattice-best-path[5.4.217~1-8ae5]:main():lattice-best-path.cc:99) For utterance atai_606, best cost 414.013 + -767.459 = -353.446 over 3288 frames.
atai_606 хал атахан баланын хан комуз хэсу христиан аны хх ошол экенин хан халха ачылган бошокту менен ханы ханды өзүн хх хан болгон башка эчким схем 
LOG (lattice-best-path[5.4.217~1-8ae5]:main():lattice-best-path.cc:99) For utterance atai_607, best cost 137.067 + -201.605 = -64.5379 over 788 frames.
atai_607 <unk> да чхан ып себилдүүсү эт сөзү кошулбай тарыхы 
LOG (lattice-best-path[5.4.217~1-8ae5]:main():lattice-best-path.cc:99) For utterance atai_608, best cost 899.274 + -1857.58 = -958.309 over 8442 frames.
atai_608 бадахшан <unk> хан х каких <unk> анын ханы хх эхо менен ахун эчкинин коммунизм эмес <unk> хх хх хх хх ахыска баласын эритип хэ аны кайнатып тахт кабыл аллах <unk> энеси х <unk> хх хандын болуп ех татен <unk> хорда чхан хирхис аниме саха кашка казахстан ошондой хх <unk> хх энеси <unk> жоболору эми хх 
LOG (lattice-best-path[5.4.217~1-8ae5]:main():lattice-best-path.cc:99) For utterance atai_610, best cost 75.8973 + -182.901 = -107.004 over 832 frames.
atai_610 аны хх хх хх 
LOG (lattice-best-path[5.4.217~1-8ae5]:main():lattice-best-path.cc:99) For utterance atai_63, best cost 53.8877 + -114.743 = -60.855 over 530 frames.
atai_63 бир хоох элдердин 
LOG (lattice-best-path[5.4.217~1-8ae5]:main():lattice-best-path.cc:99) For utterance atai_64, best cost 25.7813 + -41.1011 = -15.3197 over 176 frames.
atai_64 эки деп 
LOG (lattice-best-path[5.4.217~1-8ae5]:main():lattice-best-path.cc:99) For utterance atai_65, best cost 25.8197 + -52.7901 = -26.9704 over 215 frames.
atai_65 эхо 
LOG (lattice-best-path[5.4.217~1-8ae5]:main():lattice-best-path.cc:99) For utterance atai_66, best cost 60.3759 + -126.211 = -65.8351 over 470 frames.
atai_66 аллах бир хх жок 
LOG (lattice-best-path[5.4.217~1-8ae5]:main():lattice-best-path.cc:99) For utterance atai_70, best cost 47.07 + -78.9983 = -31.9282 over 286 frames.
atai_70 бою бахр жок 
LOG (lattice-best-path[5.4.217~1-8ae5]:main():lattice-best-path.cc:99) For utterance atai_71, best cost 44.1777 + -97.2313 = -53.0537 over 485 frames.
atai_71 техника тарых 
LOG (lattice-best-path[5.4.217~1-8ae5]:main():lattice-best-path.cc:99) For utterance atai_72, best cost 46.6718 + -123.478 = -76.8065 over 557 frames.
atai_72 хакан х 
LOG (lattice-best-path[5.4.217~1-8ae5]:main():lattice-best-path.cc:99) For utterance atai_73, best cost 76.1687 + -146.748 = -70.5789 over 514 frames.
atai_73 бир хан байдын ахвах албай 
LOG (lattice-best-path[5.4.217~1-8ae5]:main():lattice-best-path.cc:99) For utterance atai_74, best cost 50.3097 + -106.723 = -56.4134 over 486 frames.
atai_74 жахан <unk> хи 
LOG (lattice-best-path[5.4.217~1-8ae5]:main():lattice-best-path.cc:99) For utterance atai_75, best cost 34.2465 + -120.886 = -86.6393 over 524 frames.
atai_75 хи 
LOG (lattice-best-path[5.4.217~1-8ae5]:main():lattice-best-path.cc:99) For utterance atai_76, best cost 25.3404 + -45.5301 = -20.1897 over 186 frames.
atai_76 жихэ 
LOG (lattice-best-path[5.4.217~1-8ae5]:main():lattice-best-path.cc:99) For utterance atai_77, best cost 28.9795 + -67.1424 = -38.1629 over 319 frames.
atai_77 бухтасы 
LOG (lattice-best-path[5.4.217~1-8ae5]:main():lattice-best-path.cc:99) For utterance atai_78, best cost 21.747 + -34.6985 = -12.9515 over 142 frames.
atai_78 кан <unk> 
LOG (lattice-best-path[5.4.217~1-8ae5]:main():lattice-best-path.cc:99) For utterance atai_79, best cost 51.2781 + -70.7694 = -19.4913 over 210 frames.
atai_79 бай ордунан турду 
LOG (lattice-best-path[5.4.217~1-8ae5]:main():lattice-best-path.cc:99) For utterance atai_80, best cost 42.5585 + -91.8006 = -49.2421 over 514 frames.
atai_80 ал харди 
LOG (lattice-best-path[5.4.217~1-8ae5]:main():lattice-best-path.cc:99) For utterance atai_81, best cost 16.9897 + -36.0504 = -19.0608 over 173 frames.
atai_81 башка 
LOG (lattice-best-path[5.4.217~1-8ae5]:main():lattice-best-path.cc:99) For utterance atai_82, best cost 26.0867 + -67.9631 = -41.8765 over 287 frames.
atai_82 хх 
LOG (lattice-best-path[5.4.217~1-8ae5]:main():lattice-best-path.cc:99) For utterance atai_83, best cost 33.1652 + -49.4671 = -16.3019 over 207 frames.
atai_83 хан келди 
LOG (lattice-best-path[5.4.217~1-8ae5]:main():lattice-best-path.cc:99) For utterance atai_84, best cost 26.8563 + -43.1882 = -16.3319 over 221 frames.
atai_84 ахи 
LOG (lattice-best-path[5.4.217~1-8ae5]:main():lattice-best-path.cc:99) For utterance atai_85, best cost 52.2532 + -139.452 = -87.1993 over 791 frames.
atai_85 ал халха 
LOG (lattice-best-path[5.4.217~1-8ae5]:main():lattice-best-path.cc:99) For utterance atai_86, best cost 57.8197 + -157.754 = -99.9339 over 677 frames.
atai_86 бархандар хуту 
LOG (lattice-best-path[5.4.217~1-8ae5]:main():lattice-best-path.cc:99) For utterance atai_87, best cost 84.6372 + -206.636 = -121.999 over 1152 frames.
atai_87 <unk> ханы хуту хи 
LOG (lattice-best-path[5.4.217~1-8ae5]:main():lattice-best-path.cc:99) For utterance atai_88, best cost 89.8798 + -154.962 = -65.0825 over 616 frames.
atai_88 бахр тарых бах караганда жооп 
LOG (lattice-best-path[5.4.217~1-8ae5]:main():lattice-best-path.cc:99) For utterance atai_89, best cost 141.225 + -314.163 = -172.938 over 1345 frames.
atai_89 кошо же хх хен ханды анын көзүн эхо 
LOG (lattice-best-path[5.4.217~1-8ae5]:main():lattice-best-path.cc:99) For utterance atai_90, best cost 32.8238 + -77.9813 = -45.1575 over 359 frames.
atai_90 хошоут 
LOG (lattice-best-path[5.4.217~1-8ae5]:main():lattice-best-path.cc:99) For utterance atai_91, best cost 179.663 + -275.18 = -95.5168 over 1026 frames.
atai_91 бихар кылган ошол эч ал калганда <unk> тарыхчылар жөнүндө сөзү шахин келген каймана 
LOG (lattice-best-path[5.4.217~1-8ae5]:main():lattice-best-path.cc:99) For utterance atai_92, best cost 218.432 + -426.986 = -208.554 over 1784 frames.
atai_92 бүгүнкү алардын арасында тоосу хаты алар хай баатыр турганын бош менен хх хан хан 
LOG (lattice-best-path[5.4.217~1-8ae5]:main():lattice-best-path.cc:99) For utterance atai_93, best cost 193.876 + -337.484 = -143.608 over 1264 frames.
atai_93 бир менен экендиги хх хоох менен бош алардын хан калган хэ артыкчылык ушата 
LOG (lattice-best-path[5.4.217~1-8ae5]:main():lattice-best-path.cc:99) For utterance atai_94, best cost 253.45 + -614.944 = -361.494 over 2830 frames.
atai_94 хасха <unk> ахлак ашхар ахун ху бетинин төө менен тарыхы бэкхем болуп хок 
LOG (lattice-best-path[5.4.217~1-8ae5]:main():lattice-best-path.cc:99) For utterance atai_95, best cost 119.173 + -198.329 = -79.156 over 868 frames.
atai_95 кезде сөзүн архитехтура т ал сөз <unk> гандах 
LOG (lattice-best-path[5.4.217~1-8ae5]:main():lattice-best-path.cc:99) For utterance atai_96, best cost 39.7916 + -81.0685 = -41.2768 over 478 frames.
atai_96 хайтахун 
LOG (lattice-best-path[5.4.217~1-8ae5]:main():lattice-best-path.cc:99) For utterance atai_97, best cost 120.231 + -207.401 = -87.1695 over 879 frames.
atai_97 хандарды ал сөзү анын эркелеп орхус менен тарых 
LOG (lattice-scale[5.4.217~1-8ae5]:main():lattice-scale.cc:107) Done 511 lattices.
LOG (lattice-best-path[5.4.217~1-8ae5]:main():lattice-best-path.cc:99) For utterance atai_98, best cost 71.9562 + -202.047 = -130.091 over 853 frames.
atai_98 кара хуанхэ субан 
LOG (lattice-add-penalty[5.4.217~1-8ae5]:main():lattice-add-penalty.cc:62) Done adding word insertion penalty to 511 lattices.
LOG (lattice-best-path[5.4.217~1-8ae5]:main():lattice-best-path.cc:99) For utterance atai_99, best cost 43.3997 + -138.437 = -95.0375 over 549 frames.
atai_99 бах тарых 
LOG (lattice-best-path[5.4.217~1-8ae5]:main():lattice-best-path.cc:124) Overall cost per frame is -0.117229 = 0.111803 [graph] + -0.229032 [acoustic] over 446150 frames.
LOG (lattice-best-path[5.4.217~1-8ae5]:main():lattice-best-path.cc:128) Done 511 lattices, failed for 0
# Accounting: time=15 threads=1
# Ended (code 0) at Fri Jul 27 03:41:50 UTC 2018, elapsed time 15 seconds
