# compile-train-graphs exp_atai-100F-mod/triphones_aligned/tree exp_atai-100F-mod/triphones_aligned/final.mdl data_atai-100F-mod/lang/L.fst "ark:utils/sym2int.pl --map-oov 2 -f 2- data_atai-100F-mod/lang/words.txt data_atai-100F-mod/train/split4/3/text|" ark:- | gmm-align-compiled --transition-scale=1.0 --acoustic-scale=0.1 --self-loop-scale=0.1 --beam=10 --retry-beam=40 --careful=false "gmm-boost-silence --boost=1.25 1 exp_atai-100F-mod/triphones_aligned/final.mdl - |" ark:- "ark,s,cs:apply-cmvn  --utt2spk=ark:data_atai-100F-mod/train/split4/3/utt2spk scp:data_atai-100F-mod/train/split4/3/cmvn.scp scp:data_atai-100F-mod/train/split4/3/feats.scp ark:- | add-deltas  ark:- ark:- |" "ark,t:|gzip -c >exp_atai-100F-mod/triphones_aligned/ali.3.gz" 
# Started at Tue Jul 24 16:37:56 UTC 2018
#
compile-train-graphs exp_atai-100F-mod/triphones_aligned/tree exp_atai-100F-mod/triphones_aligned/final.mdl data_atai-100F-mod/lang/L.fst 'ark:utils/sym2int.pl --map-oov 2 -f 2- data_atai-100F-mod/lang/words.txt data_atai-100F-mod/train/split4/3/text|' ark:- 
gmm-align-compiled --transition-scale=1.0 --acoustic-scale=0.1 --self-loop-scale=0.1 --beam=10 --retry-beam=40 --careful=false 'gmm-boost-silence --boost=1.25 1 exp_atai-100F-mod/triphones_aligned/final.mdl - |' ark:- 'ark,s,cs:apply-cmvn  --utt2spk=ark:data_atai-100F-mod/train/split4/3/utt2spk scp:data_atai-100F-mod/train/split4/3/cmvn.scp scp:data_atai-100F-mod/train/split4/3/feats.scp ark:- | add-deltas  ark:- ark:- |' 'ark,t:|gzip -c >exp_atai-100F-mod/triphones_aligned/ali.3.gz' 
gmm-boost-silence --boost=1.25 1 exp_atai-100F-mod/triphones_aligned/final.mdl - 
LOG (gmm-boost-silence[5.4.217~1-8ae5]:main():gmm-boost-silence.cc:93) Boosted weights for 5 pdfs, by factor of 1.25
LOG (gmm-boost-silence[5.4.217~1-8ae5]:main():gmm-boost-silence.cc:103) Wrote model to -
sym2int.pl: replacing жаздады with 2
sym2int.pl: replacing тыңшаган with 2
sym2int.pl: replacing үүй with 2
sym2int.pl: replacing ызалыктын with 2
sym2int.pl: replacing өкүнүчтүн with 2
sym2int.pl: replacing чогуна with 2
sym2int.pl: replacing бышыпкүйүп with 2
sym2int.pl: replacing айсалкынга with 2
sym2int.pl: replacing карысынын with 2
sym2int.pl: replacing аткып with 2
sym2int.pl: replacing өңгөчүнөн with 2
sym2int.pl: replacing карачы with 2
sym2int.pl: replacing келдиңер with 2
sym2int.pl: replacing сурады with 2
sym2int.pl: replacing султаналы with 2
sym2int.pl: replacing сокону with 2
sym2int.pl: replacing немени with 2
sym2int.pl: replacing кармалай with 2
sym2int.pl: replacing шумдугуң with 2
sym2int.pl: replacing султаналы with 2
sym2int.pl: not warning for OOVs any more times
** Replaced 66 instances of OOVs with 2
add-deltas ark:- ark:- 
apply-cmvn --utt2spk=ark:data_atai-100F-mod/train/split4/3/utt2spk scp:data_atai-100F-mod/train/split4/3/cmvn.scp scp:data_atai-100F-mod/train/split4/3/feats.scp ark:- 
LOG (gmm-align-compiled[5.4.217~1-8ae5]:main():gmm-align-compiled.cc:127) atai-100F-mod_atai_400
LOG (gmm-align-compiled[5.4.217~1-8ae5]:main():gmm-align-compiled.cc:127) atai-100F-mod_atai_401
LOG (gmm-align-compiled[5.4.217~1-8ae5]:main():gmm-align-compiled.cc:127) atai-100F-mod_atai_409
LOG (gmm-align-compiled[5.4.217~1-8ae5]:main():gmm-align-compiled.cc:127) atai-100F-mod_atai_41
LOG (gmm-align-compiled[5.4.217~1-8ae5]:main():gmm-align-compiled.cc:127) atai-100F-mod_atai_412
LOG (gmm-align-compiled[5.4.217~1-8ae5]:main():gmm-align-compiled.cc:127) atai-100F-mod_atai_414
LOG (gmm-align-compiled[5.4.217~1-8ae5]:main():gmm-align-compiled.cc:127) atai-100F-mod_atai_419
LOG (gmm-align-compiled[5.4.217~1-8ae5]:main():gmm-align-compiled.cc:127) atai-100F-mod_atai_421
LOG (gmm-align-compiled[5.4.217~1-8ae5]:main():gmm-align-compiled.cc:127) atai-100F-mod_atai_433
LOG (gmm-align-compiled[5.4.217~1-8ae5]:main():gmm-align-compiled.cc:127) atai-100F-mod_atai_441
LOG (gmm-align-compiled[5.4.217~1-8ae5]:main():gmm-align-compiled.cc:127) atai-100F-mod_atai_446
LOG (gmm-align-compiled[5.4.217~1-8ae5]:main():gmm-align-compiled.cc:127) atai-100F-mod_atai_448
LOG (gmm-align-compiled[5.4.217~1-8ae5]:main():gmm-align-compiled.cc:127) atai-100F-mod_atai_456
LOG (gmm-align-compiled[5.4.217~1-8ae5]:main():gmm-align-compiled.cc:127) atai-100F-mod_atai_480
LOG (gmm-align-compiled[5.4.217~1-8ae5]:main():gmm-align-compiled.cc:127) atai-100F-mod_atai_482
LOG (gmm-align-compiled[5.4.217~1-8ae5]:main():gmm-align-compiled.cc:127) atai-100F-mod_atai_487
LOG (gmm-align-compiled[5.4.217~1-8ae5]:main():gmm-align-compiled.cc:127) atai-100F-mod_atai_49
LOG (gmm-align-compiled[5.4.217~1-8ae5]:main():gmm-align-compiled.cc:127) atai-100F-mod_atai_497
LOG (gmm-align-compiled[5.4.217~1-8ae5]:main():gmm-align-compiled.cc:127) atai-100F-mod_atai_498
LOG (gmm-align-compiled[5.4.217~1-8ae5]:main():gmm-align-compiled.cc:127) atai-100F-mod_atai_500
LOG (gmm-align-compiled[5.4.217~1-8ae5]:main():gmm-align-compiled.cc:127) atai-100F-mod_atai_51
LOG (gmm-align-compiled[5.4.217~1-8ae5]:main():gmm-align-compiled.cc:127) atai-100F-mod_atai_517
LOG (apply-cmvn[5.4.217~1-8ae5]:main():apply-cmvn.cc:162) Applied cepstral mean normalization to 25 utterances, errors on 0
LOG (gmm-align-compiled[5.4.217~1-8ae5]:main():gmm-align-compiled.cc:127) atai-100F-mod_atai_518
LOG (compile-train-graphs[5.4.217~1-8ae5]:main():compile-train-graphs.cc:147) compile-train-graphs: succeeded for 25 graphs, failed for 0
LOG (gmm-align-compiled[5.4.217~1-8ae5]:main():gmm-align-compiled.cc:127) atai-100F-mod_atai_519
LOG (gmm-align-compiled[5.4.217~1-8ae5]:main():gmm-align-compiled.cc:127) atai-100F-mod_atai_521
LOG (gmm-align-compiled[5.4.217~1-8ae5]:main():gmm-align-compiled.cc:135) Overall log-likelihood per frame is 16.8934 over 22205 frames.
LOG (gmm-align-compiled[5.4.217~1-8ae5]:main():gmm-align-compiled.cc:137) Retried 0 out of 25 utterances.
LOG (gmm-align-compiled[5.4.217~1-8ae5]:main():gmm-align-compiled.cc:139) Done 25, errors on 0
# Accounting: time=5 threads=1
# Ended (code 0) at Tue Jul 24 16:38:01 UTC 2018, elapsed time 5 seconds
